[1] "trait"
[1] "SBP"
[1] "trait_file_header_info"
[1] "/gpfs/projects/bsc83/Projects/Breast/ANALYSIS/Hypertension/analysis/06_colocalization/SBP_Evangelou_parsed.txt"
[1] "Tested_Allele"
[1] "Other_Allele"
[1] "SNP"
[1] "CHR"
[1] "POS"
[1] "P"
[1] "N"
[1] "Freq_Tested_Allele"
[1] "traitType:"
[1] "quant"
[1] 1
[1] "Locus Info:"
[1] 1
[1] 11841945
[1] 11854476
[1] "rs1801131"
[1] "QTL type:"
[1] "eqtl"
[1] TRUE
[1] "trait input file successfully loaded"
   CHR      POS        SNP Tested_Allele Other_Allele Freq_Tested_Allele
1:   1 11841945  rs9727993             T            C             0.3181
2:   1 11850365  rs4846049             T            G             0.3249
3:   1 11852516 rs17375901             T            C             0.0583
4:   1 11854476  rs1801131             T            G             0.6860
      BETA     SE         P      N Ref_Allele Alt_Allele
1:  0.4829 0.0327 3.090e-49 714378          T          C
2:  0.5208 0.0321 4.183e-59 730427          T          G
3: -1.1549 0.0650 1.559e-70 732288          C          T
4: -0.5387 0.0324 3.596e-62 734725          T          G
[1] "rs9727993"  "rs4846049"  "rs17375901"
[1] "/gpfs/projects/bsc83/Projects/Breast/ANALYSIS/Hypertension/data/Coloq/chr_1_snp151_hash_table.json"
$rs171
[1] "chr1_175292543"

$rs242
[1] "chr1_20542968"

$rs538
[1] "chr1_6100898"

[1] "hash table loaded"
[1] "/gpfs/projects/bsc83/Projects/Breast/ANALYSIS/Hypertension/analysis/06_colocalization/ColocQuiaL-main/GTEx_v8_Tissue_Summary_with_filenames_all.csv"
                          Tissue NumberRNASeqandGTSamples NumberRNASeqSamples
1              Muscle - Skeletal                      706                 803
2                    Whole Blood                      670                 755
3 Skin - Sun Exposed (Lower leg)                      605                 701
4                Artery - Tibial                      584                 663
5         Adipose - Subcutaneous                      581                 663
6                        Thyroid                      574                 653
  Number_of_eGenes                      allPairsTabixFilename
1            13532            Muscle_Skeletal.allpairs.tab.gz
2            12360                Whole_Blood.allpairs.tab.gz
3            16967 Skin_Sun_Exposed_Lower_leg.allpairs.tab.gz
4            15008              Artery_Tibial.allpairs.tab.gz
5            15607       Adipose_Subcutaneous.allpairs.tab.gz
6            17684                    Thyroid.allpairs.tab.gz
                                              sigPairsTabixFilename
1            Muscle_Skeletal.v8.v8.signif_variant_gene_pairs.tab.gz
2                Whole_Blood.v8.v8.signif_variant_gene_pairs.tab.gz
3 Skin_Sun_Exposed_Lower_leg.v8.v8.signif_variant_gene_pairs.tab.gz
4              Artery_Tibial.v8.v8.signif_variant_gene_pairs.tab.gz
5       Adipose_Subcutaneous.v8.v8.signif_variant_gene_pairs.tab.gz
6                    Thyroid.v8.v8.signif_variant_gene_pairs.tab.gz
[1] "chr1_11794419"
[1] "ENSG00000177000.10"
[1] "MTHFR"
[1] "Muscle_Skeletal"
[1] "running liftOver"
[1] "Grabbing the all pairs data"
[1] "reading the all pairs data into R"
[1] 1922   14
[1] "Filtering on the geneID"
[1] "adding rs numbers to the QTL data"
[1] "merging the trait and eqtl data on unique ID"
[1] "Running coloc"
PP.H0.abf PP.H1.abf PP.H2.abf PP.H3.abf PP.H4.abf 
 1.15e-65  8.07e-03  1.38e-63  9.68e-01  2.40e-02 
[1] "PP abf for shared variant: 2.4%"

Variables in credible sets:

 variable variable_prob cs
        1     0.9986184  1

Credible sets summary:

 cs cs_log10bf cs_avg_r2 cs_min_r2 variable
  1   58.29023         1         1        1

Variables in credible sets:

 variable variable_prob cs
        1     0.9997034  1

Credible sets summary:

 cs cs_log10bf cs_avg_r2 cs_min_r2 variable
  1   6.539289         1         1        1
PP.H0.abf PP.H1.abf PP.H2.abf PP.H3.abf PP.H4.abf 
 7.42e-61  2.89e-06  5.13e-58  3.36e-06  1.00e+00 
[1] "PP abf for shared variant: 100%"
   nsnps      hit1      hit2    PP.H0.abf    PP.H1.abf    PP.H2.abf
1:     2 rs1801131 rs1801131 7.416198e-61 2.893589e-06 5.134531e-58
      PP.H3.abf PP.H4.abf idx1 idx2
1: 3.360324e-06 0.9999937    1    1
[1] "ENSEMBL ID could not be converted to HGNC Symbol"
[1] "geneSymbol will be set to the ENSEMBL ID ENSG00000242349"
[1] "ENSG00000242349.5"
[1] "ENSG00000242349"
[1] "Muscle_Skeletal"
[1] "running liftOver"
[1] "Grabbing the all pairs data"
[1] "reading the all pairs data into R"
[1] 1922   14
[1] "Filtering on the geneID"
[1] "adding rs numbers to the QTL data"
[1] "merging the trait and eqtl data on unique ID"
[1] "Running coloc"
PP.H0.abf PP.H1.abf PP.H2.abf PP.H3.abf PP.H4.abf 
 5.70e-67  4.00e-04  1.42e-63  1.00e+00  2.92e-05 
[1] "PP abf for shared variant: 0.00292%"

Variables in credible sets:

 variable variable_prob cs
        1     0.9986184  1

Credible sets summary:

 cs cs_log10bf cs_avg_r2 cs_min_r2 variable
  1   58.29023         1         1        1

Variables in credible sets:

 variable variable_prob cs
        2     0.9999173  1

Credible sets summary:

 cs cs_log10bf cs_avg_r2 cs_min_r2 variable
  1   8.076766         1         1        2
PP.H0.abf PP.H1.abf PP.H2.abf PP.H3.abf PP.H4.abf 
 6.21e-60  2.42e-05  1.48e-55  5.77e-01  4.23e-01 
[1] "PP abf for shared variant: 42.3%"
   nsnps      hit1      hit2    PP.H0.abf    PP.H1.abf    PP.H2.abf PP.H3.abf
1:     2 rs1801131 rs4846049 6.205163e-60 2.421078e-05 1.480982e-55 0.5769909
   PP.H4.abf idx1 idx2
1: 0.4229849    1    1
[1] "ENSG00000011021.21"
[1] "CLCN6"
[1] "Whole_Blood"
[1] "running liftOver"
[1] "Grabbing the all pairs data"
[1] "reading the all pairs data into R"
[1] 1922   14
[1] "Filtering on the geneID"
[1] "adding rs numbers to the QTL data"
[1] "merging the trait and eqtl data on unique ID"
[1] "Running coloc"
PP.H0.abf PP.H1.abf PP.H2.abf PP.H3.abf PP.H4.abf 
 8.02e-68  5.49e-05  1.46e-66  8.15e-08  1.00e+00 
[1] "PP abf for shared variant: 100%"

Variables in credible sets:

 variable variable_prob cs
        1     0.9986184  1

Credible sets summary:

 cs cs_log10bf cs_avg_r2 cs_min_r2 variable
  1   58.29023         1         1        1

Variables in credible sets:

 variable variable_prob cs
        1     0.8908286  1
        2     0.1091714  1

Credible sets summary:

 cs cs_log10bf cs_avg_r2 cs_min_r2 variable
  1  0.8944299 0.9130662 0.9130662      1,2
PP.H0.abf PP.H1.abf PP.H2.abf PP.H3.abf PP.H4.abf 
 1.51e-55  5.89e-01  2.37e-58  1.02e-04  4.11e-01 
[1] "PP abf for shared variant: 41.1%"
   nsnps      hit1      hit2   PP.H0.abf PP.H1.abf    PP.H2.abf   PP.H3.abf
1:     2 rs1801131 rs1801131 1.50948e-55 0.5889563 2.367486e-58 0.000101842
   PP.H4.abf idx1 idx2
1: 0.4109418    1    1
[1] "ENSG00000177000.10"
[1] "MTHFR"
[1] "Whole_Blood"
[1] "running liftOver"
[1] "Grabbing the all pairs data"
[1] "reading the all pairs data into R"
[1] 1922   14
[1] "Filtering on the geneID"
[1] "adding rs numbers to the QTL data"
[1] "merging the trait and eqtl data on unique ID"
[1] "Running coloc"
PP.H0.abf PP.H1.abf PP.H2.abf PP.H3.abf PP.H4.abf 
 2.03e-68  1.39e-05  6.36e-65  4.26e-02  9.57e-01 
[1] "PP abf for shared variant: 95.7%"

Variables in credible sets:

 variable variable_prob cs
        1     0.9986184  1

Credible sets summary:

 cs cs_log10bf cs_avg_r2 cs_min_r2 variable
  1   58.29023         1         1        1

Variables in credible sets:

 variable variable_prob cs
        1     0.9999042  1

Credible sets summary:

 cs cs_log10bf cs_avg_r2 cs_min_r2 variable
  1   8.548172         1         1        1
PP.H0.abf PP.H1.abf PP.H2.abf PP.H3.abf PP.H4.abf 
 7.26e-63  2.83e-08  5.13e-58  2.96e-06  1.00e+00 
[1] "PP abf for shared variant: 100%"
   nsnps      hit1      hit2    PP.H0.abf   PP.H1.abf    PP.H2.abf    PP.H3.abf
1:     2 rs1801131 rs1801131 7.264624e-63 2.83445e-08 5.133518e-58 2.958634e-06
   PP.H4.abf idx1 idx2
1:  0.999997    1    1
[1] "ENSG00000011021.21"
[1] "CLCN6"
[1] "Skin_Sun_Exposed_Lower_leg"
[1] "running liftOver"
[1] "Grabbing the all pairs data"
[1] "reading the all pairs data into R"
[1] 2170   14
[1] "Filtering on the geneID"
[1] "adding rs numbers to the QTL data"
[1] "merging the trait and eqtl data on unique ID"
[1] "Running coloc"
PP.H0.abf PP.H1.abf PP.H2.abf PP.H3.abf PP.H4.abf 
 8.20e-68  5.62e-05  1.46e-63  1.00e+00  2.08e-05 
[1] "PP abf for shared variant: 0.00208%"

Variables in credible sets:

 variable variable_prob cs
        1     0.9986184  1

Credible sets summary:

 cs cs_log10bf cs_avg_r2 cs_min_r2 variable
  1   58.29023         1         1        1

Variables in credible sets:

 variable variable_prob cs
        1     0.5448194  1
        2     0.4551806  1

Credible sets summary:

 cs cs_log10bf cs_avg_r2 cs_min_r2 variable
  1   9.437814 0.9130662 0.9130662      1,2
PP.H0.abf PP.H1.abf PP.H2.abf PP.H3.abf PP.H4.abf 
 1.71e-63  6.69e-09  9.39e-58  1.67e-03  9.98e-01 
[1] "PP abf for shared variant: 99.8%"
   nsnps      hit1      hit2    PP.H0.abf    PP.H1.abf    PP.H2.abf   PP.H3.abf
1:     2 rs1801131 rs1801131 1.714159e-63 6.688162e-09 9.394965e-58 0.001668986
   PP.H4.abf idx1 idx2
1:  0.998331    1    1
[1] "ENSG00000177000.10"
[1] "MTHFR"
[1] "Skin_Sun_Exposed_Lower_leg"
[1] "running liftOver"
[1] "Grabbing the all pairs data"
[1] "reading the all pairs data into R"
[1] 2170   14
[1] "Filtering on the geneID"
[1] "adding rs numbers to the QTL data"
[1] "merging the trait and eqtl data on unique ID"
[1] "Running coloc"
PP.H0.abf PP.H1.abf PP.H2.abf PP.H3.abf PP.H4.abf 
 8.98e-76  6.15e-13  1.46e-63  1.00e+00  2.32e-06 
[1] "PP abf for shared variant: 0.000232%"

Variables in credible sets:

 variable variable_prob cs
        1     0.9986184  1

Credible sets summary:

 cs cs_log10bf cs_avg_r2 cs_min_r2 variable
  1   58.29023         1         1        1

Variables in credible sets:

 variable variable_prob cs
        1     0.9999992  1

Credible sets summary:

 cs cs_log10bf cs_avg_r2 cs_min_r2 variable
  1   20.92391         1         1        1
PP.H0.abf PP.H1.abf PP.H2.abf PP.H3.abf PP.H4.abf 
 3.06e-75  1.19e-20  5.13e-58  2.77e-06  1.00e+00 
[1] "PP abf for shared variant: 100%"
   nsnps      hit1      hit2    PP.H0.abf    PP.H1.abf    PP.H2.abf
1:     2 rs1801131 rs1801131 3.057973e-75 1.193134e-20 5.133032e-58
      PP.H3.abf PP.H4.abf idx1 idx2
1: 2.768712e-06 0.9999972    1    1
[1] "ENSG00000011021.21"
[1] "CLCN6"
[1] "Artery_Tibial"
[1] "running liftOver"
[1] "Grabbing the all pairs data"
[1] "reading the all pairs data into R"
[1] 1984   14
[1] "Filtering on the geneID"
[1] "adding rs numbers to the QTL data"
[1] "merging the trait and eqtl data on unique ID"
[1] "Running coloc"
PP.H0.abf PP.H1.abf PP.H2.abf PP.H3.abf PP.H4.abf 
 8.14e-65  5.50e-02  1.33e-63  8.96e-01  4.93e-02 
[1] "PP abf for shared variant: 4.93%"

Variables in credible sets:

 variable variable_prob cs
        1     0.9986184  1

Credible sets summary:

 cs cs_log10bf cs_avg_r2 cs_min_r2 variable
  1   58.29023         1         1        1

Variables in credible sets:

 variable variable_prob cs
        1      0.991056  1

Credible sets summary:

 cs cs_log10bf cs_avg_r2 cs_min_r2 variable
  1   5.740129         1         1        1
PP.H0.abf PP.H1.abf PP.H2.abf PP.H3.abf PP.H4.abf 
 4.71e-60  1.84e-05  5.18e-58  2.08e-05  1.00e+00 
[1] "PP abf for shared variant: 100%"
   nsnps      hit1      hit2    PP.H0.abf    PP.H1.abf    PP.H2.abf
1:     2 rs1801131 rs1801131 4.710805e-60 1.838022e-05 5.179099e-58
      PP.H3.abf PP.H4.abf idx1 idx2
1: 2.081545e-05 0.9999608    1    1
[1] "ENSG00000177000.10"
[1] "MTHFR"
[1] "Artery_Tibial"
[1] "running liftOver"
[1] "Grabbing the all pairs data"
[1] "reading the all pairs data into R"
[1] 1984   14
[1] "Filtering on the geneID"
[1] "adding rs numbers to the QTL data"
[1] "merging the trait and eqtl data on unique ID"
[1] "Running coloc"
PP.H0.abf PP.H1.abf PP.H2.abf PP.H3.abf PP.H4.abf 
 5.74e-68  3.87e-05  1.48e-63  1.00e+00  1.94e-05 
[1] "PP abf for shared variant: 0.00194%"

Variables in credible sets:

 variable variable_prob cs
        1     0.9986184  1

Credible sets summary:

 cs cs_log10bf cs_avg_r2 cs_min_r2 variable
  1   58.29023         1         1        1

Variables in credible sets:

 variable variable_prob cs
        1             1  1
        2             1  2

Credible sets summary:

 cs cs_log10bf cs_avg_r2 cs_min_r2 variable
  1  157.31834         1         1        1
  2   92.61306         1         1        2
PP.H0.abf PP.H1.abf PP.H2.abf PP.H3.abf PP.H4.abf 
1.23e-211 4.81e-157  5.13e-58  2.77e-06  1.00e+00 
[1] "PP abf for shared variant: 100%"
PP.H0.abf PP.H1.abf PP.H2.abf PP.H3.abf PP.H4.abf 
1.85e-144  7.21e-90  1.52e-55  5.91e-01  4.09e-01 
[1] "PP abf for shared variant: 40.9%"
   nsnps      hit1      hit2     PP.H0.abf     PP.H1.abf    PP.H2.abf
1:     2 rs1801131 rs1801131 1.233105e-211 4.811225e-157 5.133028e-58
2:     2 rs1801131 rs4846049 1.848894e-144  7.213858e-90 1.517073e-55
      PP.H3.abf PP.H4.abf idx1 idx2
1: 2.767023e-06 0.9999972    1    1
2: 5.911011e-01 0.4088989    1    2
[1] "ENSG00000011021.21"
[1] "CLCN6"
[1] "Adipose_Subcutaneous"
[1] "running liftOver"
[1] "Grabbing the all pairs data"
[1] "reading the all pairs data into R"
[1] 2232   14
[1] "Filtering on the geneID"
[1] "adding rs numbers to the QTL data"
[1] "merging the trait and eqtl data on unique ID"
[1] "Running coloc"
PP.H0.abf PP.H1.abf PP.H2.abf PP.H3.abf PP.H4.abf 
 6.00e-64  4.04e-01  1.66e-65  1.06e-02  5.85e-01 
[1] "PP abf for shared variant: 58.5%"

Variables in credible sets:

 variable variable_prob cs
        1     0.9986184  1

Credible sets summary:

 cs cs_log10bf cs_avg_r2 cs_min_r2 variable
  1   58.29023         1         1        1

Variables in credible sets:

 variable variable_prob cs
        1     0.9606658  1

Credible sets summary:

 cs cs_log10bf cs_avg_r2 cs_min_r2 variable
  1   2.296346         1         1        1
PP.H0.abf PP.H1.abf PP.H2.abf PP.H3.abf PP.H4.abf 
 1.28e-56  5.00e-02  5.08e-58  8.04e-05  9.50e-01 
[1] "PP abf for shared variant: 95%"
   nsnps      hit1      hit2    PP.H0.abf  PP.H1.abf    PP.H2.abf    PP.H3.abf
1:     2 rs1801131 rs1801131 1.282536e-56 0.05004092 5.075117e-58 8.040876e-05
   PP.H4.abf idx1 idx2
1: 0.9498787    1    1
[1] "ENSG00000177000.10"
[1] "MTHFR"
[1] "Adipose_Subcutaneous"
[1] "running liftOver"
[1] "Grabbing the all pairs data"
[1] "reading the all pairs data into R"
[1] 2232   14
[1] "Filtering on the geneID"
[1] "adding rs numbers to the QTL data"
[1] "merging the trait and eqtl data on unique ID"
[1] "Running coloc"
PP.H0.abf PP.H1.abf PP.H2.abf PP.H3.abf PP.H4.abf 
 9.79e-71  6.59e-08  1.49e-63  1.00e+00  2.39e-06 
[1] "PP abf for shared variant: 0.000239%"

Variables in credible sets:

 variable variable_prob cs
        1     0.9986184  1

Credible sets summary:

 cs cs_log10bf cs_avg_r2 cs_min_r2 variable
  1   58.29023         1         1        1

Variables in credible sets:

 variable variable_prob cs
        1             1  1
        2             1  2

Credible sets summary:

 cs cs_log10bf cs_avg_r2 cs_min_r2 variable
  1  144.08106         1         1        1
  2   72.30598         1         1        2
PP.H0.abf PP.H1.abf PP.H2.abf PP.H3.abf PP.H4.abf 
2.13e-198 8.31e-144  5.13e-58  2.77e-06  1.00e+00 
[1] "PP abf for shared variant: 100%"
PP.H0.abf PP.H1.abf PP.H2.abf PP.H3.abf PP.H4.abf 
3.75e-124  1.46e-69  1.52e-55  5.91e-01  4.09e-01 
[1] "PP abf for shared variant: 40.9%"
   nsnps      hit1      hit2     PP.H0.abf     PP.H1.abf    PP.H2.abf
1:     2 rs1801131 rs1801131 2.129533e-198 8.308833e-144 5.133028e-58
2:     2 rs1801131 rs4846049 3.749650e-124  1.463007e-69 1.517053e-55
      PP.H3.abf PP.H4.abf idx1 idx2
1: 2.767023e-06 0.9999972    1    1
2: 5.910931e-01 0.4089069    1    2
[1] "ENSG00000011021.21"
[1] "CLCN6"
[1] "Thyroid"
[1] "running liftOver"
[1] "Grabbing the all pairs data"
[1] "reading the all pairs data into R"
[1] 2232   14
[1] "Filtering on the geneID"
[1] "adding rs numbers to the QTL data"
[1] "merging the trait and eqtl data on unique ID"
[1] "Running coloc"
PP.H0.abf PP.H1.abf PP.H2.abf PP.H3.abf PP.H4.abf 
 1.03e-63  7.09e-01  4.46e-65  3.05e-02  2.60e-01 
[1] "PP abf for shared variant: 26%"

Variables in credible sets:

 variable variable_prob cs
        1     0.9986184  1

Credible sets summary:

 cs cs_log10bf cs_avg_r2 cs_min_r2 variable
  1   58.29023         1         1        1

Variables in credible sets:

 variable variable_prob cs
        2     0.5447969  1
        1     0.4552031  1

Credible sets summary:

 cs cs_log10bf cs_avg_r2 cs_min_r2 variable
  1     2.5067 0.9130662 0.9130662      1,2
PP.H0.abf PP.H1.abf PP.H2.abf PP.H3.abf PP.H4.abf 
 1.64e-56  6.39e-02  1.05e-57  2.23e-03  9.34e-01 
[1] "PP abf for shared variant: 93.4%"
   nsnps      hit1      hit2    PP.H0.abf  PP.H1.abf    PP.H2.abf   PP.H3.abf
1:     2 rs1801131 rs4846049 1.636896e-56 0.06386702 1.051359e-57 0.002234305
   PP.H4.abf idx1 idx2
1: 0.9338987    1    1
[1] "ENSG00000177000.10"
[1] "MTHFR"
[1] "Thyroid"
[1] "running liftOver"
[1] "Grabbing the all pairs data"
[1] "reading the all pairs data into R"
[1] 2232   14
[1] "Filtering on the geneID"
[1] "adding rs numbers to the QTL data"
[1] "merging the trait and eqtl data on unique ID"
[1] "Running coloc"
PP.H0.abf PP.H1.abf PP.H2.abf PP.H3.abf PP.H4.abf 
 7.40e-65  5.10e-02  1.37e-63  9.45e-01  3.77e-03 
[1] "PP abf for shared variant: 0.377%"

Variables in credible sets:

 variable variable_prob cs
        1     0.9986184  1

Credible sets summary:

 cs cs_log10bf cs_avg_r2 cs_min_r2 variable
  1   58.29023         1         1        1

Variables in credible sets:

 variable variable_prob cs
        1     0.9930162  1

Credible sets summary:

 cs cs_log10bf cs_avg_r2 cs_min_r2 variable
  1   5.794756         1         1        1
PP.H0.abf PP.H1.abf PP.H2.abf PP.H3.abf PP.H4.abf 
 4.15e-60  1.62e-05  5.17e-58  1.68e-05  1.00e+00 
[1] "PP abf for shared variant: 100%"
   nsnps      hit1      hit2    PP.H0.abf    PP.H1.abf    PP.H2.abf
1:     2 rs1801131 rs1801131 4.145857e-60 1.617595e-05 5.168921e-58
      PP.H3.abf PP.H4.abf idx1 idx2
1: 1.683205e-05  0.999967    1    1
[1] "ENSG00000011021.21"
[1] "CLCN6"
[1] "Skin_Not_Sun_Exposed_Suprapubic"
[1] "running liftOver"
[1] "Grabbing the all pairs data"
[1] "reading the all pairs data into R"
[1] 2232   14
[1] "Filtering on the geneID"
[1] "adding rs numbers to the QTL data"
[1] "merging the trait and eqtl data on unique ID"
[1] "Running coloc"
PP.H0.abf PP.H1.abf PP.H2.abf PP.H3.abf PP.H4.abf 
 2.59e-68  1.86e-05  1.39e-63  1.00e+00  3.67e-06 
[1] "PP abf for shared variant: 0.000367%"

Variables in credible sets:

 variable variable_prob cs
        1     0.9986184  1

Credible sets summary:

 cs cs_log10bf cs_avg_r2 cs_min_r2 variable
  1   58.29023         1         1        1

Variables in credible sets:

 variable variable_prob cs
        1     0.9946559  1

Credible sets summary:

 cs cs_log10bf cs_avg_r2 cs_min_r2 variable
  1   10.69809         1         1        1
PP.H0.abf PP.H1.abf PP.H2.abf PP.H3.abf PP.H4.abf 
 5.17e-65  2.02e-10  5.16e-58  1.35e-05  1.00e+00 
[1] "PP abf for shared variant: 100%"
   nsnps      hit1      hit2    PP.H0.abf    PP.H1.abf    PP.H2.abf
1:     2 rs1801131 rs1801131 5.170997e-65 2.017576e-10 5.160513e-58
      PP.H3.abf PP.H4.abf idx1 idx2
1: 1.351234e-05 0.9999865    1    1
[1] "ENSG00000177000.10"
[1] "MTHFR"
[1] "Skin_Not_Sun_Exposed_Suprapubic"
[1] "running liftOver"
[1] "Grabbing the all pairs data"
[1] "reading the all pairs data into R"
[1] 2232   14
[1] "Filtering on the geneID"
[1] "adding rs numbers to the QTL data"
[1] "merging the trait and eqtl data on unique ID"
[1] "Running coloc"
PP.H0.abf PP.H1.abf PP.H2.abf PP.H3.abf PP.H4.abf 
 2.08e-68  1.50e-05  1.39e-63  1.00e+00  1.94e-05 
[1] "PP abf for shared variant: 0.00194%"

Variables in credible sets:

 variable variable_prob cs
        1     0.9986184  1

Credible sets summary:

 cs cs_log10bf cs_avg_r2 cs_min_r2 variable
  1   58.29023         1         1        1

Variables in credible sets:

 variable variable_prob cs
        1     0.9999154  1

Credible sets summary:

 cs cs_log10bf cs_avg_r2 cs_min_r2 variable
  1   10.84902         1         1        1
PP.H0.abf PP.H1.abf PP.H2.abf PP.H3.abf PP.H4.abf 
 3.63e-65  1.42e-10  5.13e-58  2.94e-06  1.00e+00 
[1] "PP abf for shared variant: 100%"
   nsnps      hit1      hit2    PP.H0.abf    PP.H1.abf    PP.H2.abf
1:     2 rs1801131 rs1801131 3.633832e-65 1.417818e-10 5.133461e-58
      PP.H3.abf PP.H4.abf idx1 idx2
1: 2.936235e-06 0.9999971    1    1
[1] "ENSG00000177000.10"
[1] "MTHFR"
[1] "Lung"
[1] "running liftOver"
[1] "Grabbing the all pairs data"
[1] "reading the all pairs data into R"
[1] 2232   14
[1] "Filtering on the geneID"
[1] "adding rs numbers to the QTL data"
[1] "merging the trait and eqtl data on unique ID"
[1] "Running coloc"
PP.H0.abf PP.H1.abf PP.H2.abf PP.H3.abf PP.H4.abf 
 9.77e-66  6.85e-03  1.41e-63  9.91e-01  2.42e-03 
[1] "PP abf for shared variant: 0.242%"

Variables in credible sets:

 variable variable_prob cs
        1     0.9986184  1

Credible sets summary:

 cs cs_log10bf cs_avg_r2 cs_min_r2 variable
  1   58.29023         1         1        1

Variables in credible sets:

 variable variable_prob cs
        1     1.0000000  1
        2     0.9999997  2

Credible sets summary:

 cs cs_log10bf cs_avg_r2 cs_min_r2 variable
  1  109.57163         1         1        1
  2   63.00594         1         1        2
PP.H0.abf PP.H1.abf PP.H2.abf PP.H3.abf PP.H4.abf 
6.88e-164 2.69e-109  5.13e-58  2.77e-06  1.00e+00 
[1] "PP abf for shared variant: 100%"
PP.H0.abf PP.H1.abf PP.H2.abf PP.H3.abf PP.H4.abf 
7.48e-115  2.92e-60  1.52e-55  5.91e-01  4.09e-01 
[1] "PP abf for shared variant: 40.9%"
   nsnps      hit1      hit2     PP.H0.abf     PP.H1.abf    PP.H2.abf
1:     2 rs1801131 rs1801131 6.881967e-164 2.685148e-109 5.133028e-58
2:     2 rs1801131 rs4846049 7.481743e-115  2.919163e-60 1.516938e-55
      PP.H3.abf PP.H4.abf idx1 idx2
1: 2.767023e-06 0.9999972    1    1
2: 5.910482e-01 0.4089518    1    2
[1] "ENSG00000011021.21"
[1] "CLCN6"
[1] "Esophagus_Mucosa"
[1] "running liftOver"
[1] "Grabbing the all pairs data"
[1] "reading the all pairs data into R"
[1] 1984   14
[1] "Filtering on the geneID"
[1] "adding rs numbers to the QTL data"
[1] "merging the trait and eqtl data on unique ID"
[1] "Running coloc"
PP.H0.abf PP.H1.abf PP.H2.abf PP.H3.abf PP.H4.abf 
 1.11e-63  7.60e-01  1.21e-64  8.27e-02  1.57e-01 
[1] "PP abf for shared variant: 15.7%"

Variables in credible sets:

 variable variable_prob cs
        1     0.9986184  1

Credible sets summary:

 cs cs_log10bf cs_avg_r2 cs_min_r2 variable
  1   58.29023         1         1        1

Variables in credible sets:

 variable variable_prob cs
        1     0.8769563  1
        2     0.1230437  1

Credible sets summary:

 cs cs_log10bf cs_avg_r2 cs_min_r2 variable
  1    3.09162 0.9130662 0.9130662      1,2
PP.H0.abf PP.H1.abf PP.H2.abf PP.H3.abf PP.H4.abf 
 2.35e-57  9.16e-03  5.80e-58  2.81e-04  9.91e-01 
[1] "PP abf for shared variant: 99.1%"
   nsnps      hit1      hit2    PP.H0.abf   PP.H1.abf    PP.H2.abf    PP.H3.abf
1:     2 rs1801131 rs1801131 2.347167e-57 0.009157978 5.796876e-58 0.0002806532
   PP.H4.abf idx1 idx2
1: 0.9905614    1    1
[1] "ENSG00000177000.10"
[1] "MTHFR"
[1] "Esophagus_Mucosa"
[1] "running liftOver"
[1] "Grabbing the all pairs data"
[1] "reading the all pairs data into R"
[1] 1984   14
[1] "Filtering on the geneID"
[1] "adding rs numbers to the QTL data"
[1] "merging the trait and eqtl data on unique ID"
[1] "Running coloc"
PP.H0.abf PP.H1.abf PP.H2.abf PP.H3.abf PP.H4.abf 
 7.79e-66  5.33e-03  1.45e-63  9.94e-01  4.91e-04 
[1] "PP abf for shared variant: 0.0491%"

Variables in credible sets:

 variable variable_prob cs
        1     0.9986184  1

Credible sets summary:

 cs cs_log10bf cs_avg_r2 cs_min_r2 variable
  1   58.29023         1         1        1

Variables in credible sets:

 variable variable_prob cs
        1     0.9954815  1

Credible sets summary:

 cs cs_log10bf cs_avg_r2 cs_min_r2 variable
  1   7.330767         1         1        1
PP.H0.abf PP.H1.abf PP.H2.abf PP.H3.abf PP.H4.abf 
 1.20e-61  4.70e-07  5.16e-58  1.18e-05  1.00e+00 
[1] "PP abf for shared variant: 100%"
   nsnps      hit1      hit2    PP.H0.abf    PP.H1.abf    PP.H2.abf
1:     2 rs1801131 rs1801131 1.203751e-61 4.696692e-07 5.156245e-58
      PP.H3.abf PP.H4.abf idx1 idx2
1: 1.184482e-05 0.9999877    1    1
[1] "ENSG00000011021.21"
[1] "CLCN6"
[1] "Adipose_Visceral_Omentum"
[1] "running liftOver"
[1] "Grabbing the all pairs data"
[1] "reading the all pairs data into R"
[1] 2294   14
[1] "Filtering on the geneID"
[1] "adding rs numbers to the QTL data"
[1] "merging the trait and eqtl data on unique ID"
[1] "Running coloc"
PP.H0.abf PP.H1.abf PP.H2.abf PP.H3.abf PP.H4.abf 
 1.32e-63  9.15e-01  4.22e-66  2.84e-03  8.20e-02 
[1] "PP abf for shared variant: 8.2%"

Variables in credible sets:

 variable variable_prob cs
        1     0.9986184  1

Credible sets summary:

 cs cs_log10bf cs_avg_r2 cs_min_r2 variable
  1   58.29023         1         1        1

Variables in credible sets:

 variable variable_prob cs
        1    0.94731074  1
        2    0.05268926  1

Credible sets summary:

 cs cs_log10bf cs_avg_r2 cs_min_r2 variable
  1   1.284288 0.9130662 0.9130662      1,2
PP.H0.abf PP.H1.abf PP.H2.abf PP.H3.abf PP.H4.abf 
 9.09e-56  3.55e-01  3.50e-58  7.36e-05  6.45e-01 
[1] "PP abf for shared variant: 64.5%"
   nsnps      hit1      hit2    PP.H0.abf PP.H1.abf    PP.H2.abf    PP.H3.abf
1:     2 rs1801131 rs1801131 9.085981e-56 0.3545091 3.496951e-58 7.357622e-05
   PP.H4.abf idx1 idx2
1: 0.6454173    1    1
[1] "ENSG00000177000.10"
[1] "MTHFR"
[1] "Adipose_Visceral_Omentum"
[1] "running liftOver"
[1] "Grabbing the all pairs data"
[1] "reading the all pairs data into R"
[1] 2294   14
[1] "Filtering on the geneID"
[1] "adding rs numbers to the QTL data"
[1] "merging the trait and eqtl data on unique ID"
[1] "Running coloc"
PP.H0.abf PP.H1.abf PP.H2.abf PP.H3.abf PP.H4.abf 
 7.00e-64  4.86e-01  4.96e-64  3.44e-01  1.70e-01 
[1] "PP abf for shared variant: 17%"

Variables in credible sets:

 variable variable_prob cs
        1     0.9986184  1

Credible sets summary:

 cs cs_log10bf cs_avg_r2 cs_min_r2 variable
  1   58.29023         1         1        1

Variables in credible sets:

 variable variable_prob cs
        1             1  1
        2             1  2

Credible sets summary:

 cs cs_log10bf cs_avg_r2 cs_min_r2 variable
  1   176.8424         1         1        1
  2   132.3543         1         1        2
PP.H0.abf PP.H1.abf PP.H2.abf PP.H3.abf PP.H4.abf 
3.69e-231 1.44e-176  5.13e-58  2.77e-06  1.00e+00 
[1] "PP abf for shared variant: 100%"
PP.H0.abf PP.H1.abf PP.H2.abf PP.H3.abf PP.H4.abf 
3.35e-184 1.31e-129  1.52e-55  5.91e-01  4.09e-01 
[1] "PP abf for shared variant: 40.9%"
   nsnps      hit1      hit2     PP.H0.abf     PP.H1.abf    PP.H2.abf
1:     2 rs1801131 rs1801131 3.689698e-231 1.439615e-176 5.133028e-58
2:     2 rs1801131 rs4846049 3.354507e-184 1.308833e-129 1.517074e-55
      PP.H3.abf PP.H4.abf idx1 idx2
1: 2.767023e-06 0.9999972    1    1
2: 5.911012e-01 0.4088988    1    2
[1] "ENSG00000011021.21"
[1] "CLCN6"
[1] "Esophagus_Muscularis"
[1] "running liftOver"
[1] "Grabbing the all pairs data"
[1] "reading the all pairs data into R"
[1] 2046   14
[1] "Filtering on the geneID"
[1] "adding rs numbers to the QTL data"
[1] "merging the trait and eqtl data on unique ID"
[1] "Running coloc"
PP.H0.abf PP.H1.abf PP.H2.abf PP.H3.abf PP.H4.abf 
 5.02e-67  3.28e-04  1.53e-63  9.99e-01  5.73e-04 
[1] "PP abf for shared variant: 0.0573%"

Variables in credible sets:

 variable variable_prob cs
        1     0.9986184  1

Credible sets summary:

 cs cs_log10bf cs_avg_r2 cs_min_r2 variable
  1   58.29023         1         1        1

Variables in credible sets:

 variable variable_prob cs
        1     0.9985189  1

Credible sets summary:

 cs cs_log10bf cs_avg_r2 cs_min_r2 variable
  1   9.088056         1         1        1
PP.H0.abf PP.H1.abf PP.H2.abf PP.H3.abf PP.H4.abf 
 2.10e-63  8.19e-09  5.14e-58  5.73e-06  1.00e+00 
[1] "PP abf for shared variant: 100%"
   nsnps      hit1      hit2    PP.H0.abf    PP.H1.abf    PP.H2.abf
1:     2 rs1801131 rs1801131 2.098596e-63 8.188123e-09 5.140616e-58
      PP.H3.abf PP.H4.abf idx1 idx2
1: 5.733587e-06 0.9999943    1    1
[1] "ENSG00000177000.10"
[1] "MTHFR"
[1] "Esophagus_Muscularis"
[1] "running liftOver"
[1] "Grabbing the all pairs data"
[1] "reading the all pairs data into R"
[1] 2046   14
[1] "Filtering on the geneID"
[1] "adding rs numbers to the QTL data"
[1] "merging the trait and eqtl data on unique ID"
[1] "Running coloc"
PP.H0.abf PP.H1.abf PP.H2.abf PP.H3.abf PP.H4.abf 
 1.05e-68  6.88e-06  1.53e-63  1.00e+00  2.28e-04 
[1] "PP abf for shared variant: 0.0228%"

Variables in credible sets:

 variable variable_prob cs
        1     0.9986184  1

Credible sets summary:

 cs cs_log10bf cs_avg_r2 cs_min_r2 variable
  1   58.29023         1         1        1

Variables in credible sets:

 variable variable_prob cs
        1             1  1
        2             1  2

Credible sets summary:

 cs cs_log10bf cs_avg_r2 cs_min_r2 variable
  1  153.89224         1         1        1
  2   85.45191         1         1        2
PP.H0.abf PP.H1.abf PP.H2.abf PP.H3.abf PP.H4.abf 
3.29e-208 1.28e-153  5.13e-58  2.77e-06  1.00e+00 
[1] "PP abf for shared variant: 100%"
PP.H0.abf PP.H1.abf PP.H2.abf PP.H3.abf PP.H4.abf 
2.68e-137  1.05e-82  1.52e-55  5.91e-01  4.09e-01 
[1] "PP abf for shared variant: 40.9%"
   nsnps      hit1      hit2     PP.H0.abf     PP.H1.abf    PP.H2.abf
1:     2 rs1801131 rs1801131 3.289329e-208 1.283403e-153 5.133028e-58
2:     2 rs1801131 rs4846049 2.679572e-137  1.045493e-82 1.517072e-55
      PP.H3.abf PP.H4.abf idx1 idx2
1: 2.767023e-06 0.9999972    1    1
2: 5.911007e-01 0.4088993    1    2
[1] "ENSG00000177000.10"
[1] "MTHFR"
[1] "Breast_Mammary_Tissue"
[1] "running liftOver"
[1] "Grabbing the all pairs data"
[1] "reading the all pairs data into R"
[1] 2294   14
[1] "Filtering on the geneID"
[1] "adding rs numbers to the QTL data"
[1] "merging the trait and eqtl data on unique ID"
[1] "Running coloc"
PP.H0.abf PP.H1.abf PP.H2.abf PP.H3.abf PP.H4.abf 
 9.26e-64  7.46e-01  2.22e-64  1.79e-01  7.51e-02 
[1] "PP abf for shared variant: 7.51%"

Variables in credible sets:

 variable variable_prob cs
        1     0.9986184  1

Credible sets summary:

 cs cs_log10bf cs_avg_r2 cs_min_r2 variable
  1   58.29023         1         1        1

Variables in credible sets:

 variable variable_prob cs
        1     0.9649532  1

Credible sets summary:

 cs cs_log10bf cs_avg_r2 cs_min_r2 variable
  1     3.8052         1         1        1
PP.H0.abf PP.H1.abf PP.H2.abf PP.H3.abf PP.H4.abf 
 4.16e-58  1.62e-03  5.31e-58  7.53e-05  9.98e-01 
[1] "PP abf for shared variant: 99.8%"
   nsnps      hit1      hit2    PP.H0.abf   PP.H1.abf    PP.H2.abf    PP.H3.abf
1:     2 rs1801131 rs1801131 4.157946e-58 0.001622312 5.310176e-58 7.527463e-05
   PP.H4.abf idx1 idx2
1: 0.9983024    1    1
[1] "ENSG00000011021.21"
[1] "CLCN6"
[1] "Artery_Aorta"
[1] "running liftOver"
[1] "Grabbing the all pairs data"
[1] "reading the all pairs data into R"
[1] 1984   14
[1] "Filtering on the geneID"
[1] "adding rs numbers to the QTL data"
[1] "merging the trait and eqtl data on unique ID"
[1] "Running coloc"
PP.H0.abf PP.H1.abf PP.H2.abf PP.H3.abf PP.H4.abf 
 1.36e-63  9.14e-01  9.40e-66  6.24e-03  8.00e-02 
[1] "PP abf for shared variant: 8%"

Variables in credible sets:

 variable variable_prob cs
        1     0.9986184  1

Credible sets summary:

 cs cs_log10bf cs_avg_r2 cs_min_r2 variable
  1   58.29023         1         1        1

Variables in credible sets:

 variable variable_prob cs
        1     0.8951045  1
        2     0.1048955  1

Credible sets summary:

 cs cs_log10bf cs_avg_r2 cs_min_r2 variable
  1   1.749864 0.9130662 0.9130662      1,2
PP.H0.abf PP.H1.abf PP.H2.abf PP.H3.abf PP.H4.abf 
 4.25e-56  1.66e-01  4.78e-58  1.98e-04  8.34e-01 
[1] "PP abf for shared variant: 83.4%"
   nsnps      hit1      hit2    PP.H0.abf PP.H1.abf    PP.H2.abf    PP.H3.abf
1:     2 rs1801131 rs1801131 4.252476e-56 0.1659195 4.781187e-58 0.0001977175
   PP.H4.abf idx1 idx2
1: 0.8338828    1    1
[1] "ENSG00000177000.10"
[1] "MTHFR"
[1] "Artery_Aorta"
[1] "running liftOver"
[1] "Grabbing the all pairs data"
[1] "reading the all pairs data into R"
[1] 1984   14
[1] "Filtering on the geneID"
[1] "adding rs numbers to the QTL data"
[1] "merging the trait and eqtl data on unique ID"
[1] "Running coloc"
PP.H0.abf PP.H1.abf PP.H2.abf PP.H3.abf PP.H4.abf 
 7.52e-65  5.06e-02  1.40e-63  9.43e-01  6.59e-03 
[1] "PP abf for shared variant: 0.659%"

Variables in credible sets:

 variable variable_prob cs
        1     0.9986184  1

Credible sets summary:

 cs cs_log10bf cs_avg_r2 cs_min_r2 variable
  1   58.29023         1         1        1

Variables in credible sets:

 variable variable_prob cs
        1      0.999453  1

Credible sets summary:

 cs cs_log10bf cs_avg_r2 cs_min_r2 variable
  1   6.511989         1         1        1
PP.H0.abf PP.H1.abf PP.H2.abf PP.H3.abf PP.H4.abf 
 7.90e-61  3.08e-06  5.14e-58  3.86e-06  1.00e+00 
[1] "PP abf for shared variant: 100%"
   nsnps      hit1      hit2    PP.H0.abf    PP.H1.abf    PP.H2.abf
1:     2 rs1801131 rs1801131 7.899327e-61 3.082093e-06 5.135812e-58
      PP.H3.abf PP.H4.abf idx1 idx2
1: 3.861522e-06 0.9999931    1    1
[1] "ENSG00000177000.10"
[1] "MTHFR"
[1] "Colon_Transverse"
[1] "running liftOver"
[1] "Grabbing the all pairs data"
[1] "reading the all pairs data into R"
[1] 2170   14
[1] "Filtering on the geneID"
[1] "adding rs numbers to the QTL data"
[1] "merging the trait and eqtl data on unique ID"
[1] "Running coloc"
PP.H0.abf PP.H1.abf PP.H2.abf PP.H3.abf PP.H4.abf 
 9.41e-64  6.56e-01  3.84e-64  2.67e-01  7.74e-02 
[1] "PP abf for shared variant: 7.74%"

Variables in credible sets:

 variable variable_prob cs
        1     0.9986184  1

Credible sets summary:

 cs cs_log10bf cs_avg_r2 cs_min_r2 variable
  1   58.29023         1         1        1

Variables in credible sets:

 variable variable_prob cs
        1     0.9939956  1

Credible sets summary:

 cs cs_log10bf cs_avg_r2 cs_min_r2 variable
  1   4.173829         1         1        1
PP.H0.abf PP.H1.abf PP.H2.abf PP.H3.abf PP.H4.abf 
 1.73e-58  6.75e-04  5.16e-58  1.48e-05  9.99e-01 
[1] "PP abf for shared variant: 99.9%"
   nsnps      hit1      hit2    PP.H0.abf    PP.H1.abf    PP.H2.abf
1:     2 rs1801131 rs1801131 1.729133e-58 0.0006746583 5.160446e-58
      PP.H3.abf PP.H4.abf idx1 idx2
1: 1.483799e-05 0.9993105    1    1
[1] "ENSG00000011021.21"
[1] "CLCN6"
[1] "Esophagus_Gastroesophageal_Junction"
[1] "running liftOver"
[1] "Grabbing the all pairs data"
[1] "reading the all pairs data into R"
[1] 2046   14
[1] "Filtering on the geneID"
[1] "adding rs numbers to the QTL data"
[1] "merging the trait and eqtl data on unique ID"
[1] "Running coloc"
PP.H0.abf PP.H1.abf PP.H2.abf PP.H3.abf PP.H4.abf 
 1.31e-63  8.66e-01  7.39e-66  4.75e-03  1.29e-01 
[1] "PP abf for shared variant: 12.9%"

Variables in credible sets:

 variable variable_prob cs
        1     0.9986184  1

Credible sets summary:

 cs cs_log10bf cs_avg_r2 cs_min_r2 variable
  1   58.29023         1         1        1

Variables in credible sets:

 variable variable_prob cs
        1     0.7312098  1
        2     0.2687902  1

Credible sets summary:

 cs cs_log10bf cs_avg_r2 cs_min_r2 variable
  1   1.641361 0.9130662 0.9130662      1,2
PP.H0.abf PP.H1.abf PP.H2.abf PP.H3.abf PP.H4.abf 
 6.10e-56  2.38e-01  5.34e-58  5.62e-04  7.61e-01 
[1] "PP abf for shared variant: 76.1%"
   nsnps      hit1      hit2    PP.H0.abf PP.H1.abf    PP.H2.abf    PP.H3.abf
1:     2 rs1801131 rs1801131 6.100253e-56 0.2380145 5.342426e-58 0.0005616149
   PP.H4.abf idx1 idx2
1: 0.7614239    1    1
[1] "ENSG00000177000.10"
[1] "MTHFR"
[1] "Esophagus_Gastroesophageal_Junction"
[1] "running liftOver"
[1] "Grabbing the all pairs data"
[1] "reading the all pairs data into R"
[1] 2046   14
[1] "Filtering on the geneID"
[1] "adding rs numbers to the QTL data"
[1] "merging the trait and eqtl data on unique ID"
[1] "Running coloc"
PP.H0.abf PP.H1.abf PP.H2.abf PP.H3.abf PP.H4.abf 
 1.03e-63  6.78e-01  2.02e-64  1.33e-01  1.89e-01 
[1] "PP abf for shared variant: 18.9%"

Variables in credible sets:

 variable variable_prob cs
        1     0.9986184  1

Credible sets summary:

 cs cs_log10bf cs_avg_r2 cs_min_r2 variable
  1   58.29023         1         1        1

Variables in credible sets:

 variable variable_prob cs
        1     0.9959161  1

Credible sets summary:

 cs cs_log10bf cs_avg_r2 cs_min_r2 variable
  1   3.834233         1         1        1
PP.H0.abf PP.H1.abf PP.H2.abf PP.H3.abf PP.H4.abf 
 3.77e-58  1.47e-03  5.15e-58  1.10e-05  9.99e-01 
[1] "PP abf for shared variant: 99.9%"
   nsnps      hit1      hit2    PP.H0.abf   PP.H1.abf    PP.H2.abf    PP.H3.abf
1:     2 rs1801131 rs1801131 3.769146e-58 0.001470613 5.146426e-58 1.095195e-05
   PP.H4.abf idx1 idx2
1: 0.9985184    1    1
[1] "ENSG00000177000.10"
[1] "MTHFR"
[1] "Stomach"
[1] "running liftOver"
[1] "Grabbing the all pairs data"
[1] "reading the all pairs data into R"
[1] 2108   14
[1] "Filtering on the geneID"
[1] "adding rs numbers to the QTL data"
[1] "merging the trait and eqtl data on unique ID"
[1] "Running coloc"
PP.H0.abf PP.H1.abf PP.H2.abf PP.H3.abf PP.H4.abf 
 1.25e-63  7.78e-01  1.88e-66  9.50e-04  2.21e-01 
[1] "PP abf for shared variant: 22.1%"

Variables in credible sets:

 variable variable_prob cs
        1     0.9986184  1

Credible sets summary:

 cs cs_log10bf cs_avg_r2 cs_min_r2 variable
  1   58.29023         1         1        1

Variables in credible sets:

 variable variable_prob cs
        1    0.94930949  1
        2    0.05069051  1

Credible sets summary:

 cs cs_log10bf cs_avg_r2 cs_min_r2 variable
  1  0.8878242 0.9130662 0.9130662      1,2
PP.H0.abf PP.H1.abf PP.H2.abf PP.H3.abf PP.H4.abf 
 1.48e-55  5.77e-01  2.29e-58  4.63e-05  4.23e-01 
[1] "PP abf for shared variant: 42.3%"
   nsnps      hit1      hit2   PP.H0.abf PP.H1.abf   PP.H2.abf    PP.H3.abf
1:     2 rs1801131 rs1801131 1.47949e-55 0.5772548 2.28542e-58 4.630811e-05
   PP.H4.abf idx1 idx2
1: 0.4226989    1    1
[1] "ENSG00000177000.10"
[1] "MTHFR"
[1] "Testis"
[1] "running liftOver"
[1] "Grabbing the all pairs data"
[1] "reading the all pairs data into R"
[1] 0 0
[1] "Did not find gene in all pairs data"
