[1] "trait"
[1] "SBP"
[1] "trait_file_header_info"
[1] "/gpfs/projects/bsc83/Projects/Breast/ANALYSIS/Hypertension/analysis/06_colocalization/SBP_Evangelou_parsed.txt"
[1] "Tested_Allele"
[1] "Other_Allele"
[1] "SNP"
[1] "CHR"
[1] "POS"
[1] "P"
[1] "N"
[1] "Freq_Tested_Allele"
[1] "traitType:"
[1] "quant"
[1] 16
[1] "Locus Info:"
[1] 16
[1] 75312548
[1] 75491327
[1] "rs11643209"
[1] "QTL type:"
[1] "eqtl"
[1] TRUE
[1] "trait input file successfully loaded"
   CHR      POS        SNP Tested_Allele Other_Allele Freq_Tested_Allele   BETA
1:  16 75312548 rs11646044             T            G             0.5917 0.3434
2:  16 75313485  rs4888372             A            G             0.5848 0.3401
3:  16 75314023  rs4594277             C            G             0.5920 0.3419
4:  16 75314629  rs2161648             T            G             0.4041 0.3385
5:  16 75314838 rs10781976             T            G             0.5824 0.3429
6:  16 75317575 rs59686216             A            G             0.4058 0.3442
       SE         P      N Ref_Allele Alt_Allele
1: 0.0305 2.048e-29 739414          G          T
2: 0.0304 5.083e-29 740455          G          A
3: 0.0306 4.690e-29 736565          G          C
4: 0.0306 2.095e-28 736239          T          G
5: 0.0304 1.499e-29 740230          G          T
6: 0.0309 7.116e-29 725649          A          G
[1] "rs11646044" "rs4888372"  "rs4594277" 
[1] "/gpfs/projects/bsc83/Projects/Breast/ANALYSIS/Hypertension/data/Coloq/chr_16_snp151_hash_table.json"
$rs540
[1] "chr16_370907"

$rs870
[1] "chr16_79203690"

$rs1121
[1] "chr16_15037219"

[1] "hash table loaded"
[1] "/gpfs/projects/bsc83/Projects/Breast/ANALYSIS/Hypertension/analysis/06_colocalization/ColocQuiaL-main/GTEx_v8_Tissue_Summary_with_filenames_all.csv"
                          Tissue NumberRNASeqandGTSamples NumberRNASeqSamples
1              Muscle - Skeletal                      706                 803
2                    Whole Blood                      670                 755
3 Skin - Sun Exposed (Lower leg)                      605                 701
4                Artery - Tibial                      584                 663
5         Adipose - Subcutaneous                      581                 663
6                        Thyroid                      574                 653
  Number_of_eGenes                      allPairsTabixFilename
1            13532            Muscle_Skeletal.allpairs.tab.gz
2            12360                Whole_Blood.allpairs.tab.gz
3            16967 Skin_Sun_Exposed_Lower_leg.allpairs.tab.gz
4            15008              Artery_Tibial.allpairs.tab.gz
5            15607       Adipose_Subcutaneous.allpairs.tab.gz
6            17684                    Thyroid.allpairs.tab.gz
                                              sigPairsTabixFilename
1            Muscle_Skeletal.v8.v8.signif_variant_gene_pairs.tab.gz
2                Whole_Blood.v8.v8.signif_variant_gene_pairs.tab.gz
3 Skin_Sun_Exposed_Lower_leg.v8.v8.signif_variant_gene_pairs.tab.gz
4              Artery_Tibial.v8.v8.signif_variant_gene_pairs.tab.gz
5       Adipose_Subcutaneous.v8.v8.signif_variant_gene_pairs.tab.gz
6                    Thyroid.v8.v8.signif_variant_gene_pairs.tab.gz
[1] "chr16_75297146"
[1] "rs11643209 is not a significant eqtl in any tissue in the eqtl dataset."
