[1] "trait"
[1] "DBP"
[1] "trait_file_header_info"
[1] "/gpfs/projects/bsc83/Projects/Breast/ANALYSIS/Hypertension/analysis/06_colocalization/DBP_Evangelou_parsed.txt"
[1] "Tested_Allele"
[1] "Other_Allele"
[1] "SNP"
[1] "CHR"
[1] "POS"
[1] "P"
[1] "N"
[1] "Freq_Tested_Allele"
[1] "traitType:"
[1] "quant"
[1] 12
[1] "Locus Info:"
[1] 12
[1] 20154121
[1] 20210632
[1] "rs7973748"
[1] "QTL type:"
[1] "eqtl"
[1] TRUE
[1] "trait input file successfully loaded"
   CHR      POS        SNP Tested_Allele Other_Allele Freq_Tested_Allele
1:  12 20154121 rs10770589             A            G             0.2283
2:  12 20154266 rs10743348             T            C             0.7295
3:  12 20155052  rs2728624             A            G             0.2246
4:  12 20155394 rs10841427             A            T             0.7718
5:  12 20156871 rs12231460             A            G             0.7584
6:  12 20159414  rs7961111             T            C             0.2715
      BETA     SE         P      N Ref_Allele Alt_Allele
1:  0.2811 0.0209 2.503e-41 735586          A          G
2:  0.3185 0.0196 2.583e-59 744011          C          T
3: -0.2873 0.0209 6.269e-43 742061          G          A
4:  0.2820 0.0208 9.996e-42 737964          T          A
5:  0.2896 0.0206 4.749e-45 728109          G          A
6:  0.3143 0.0197 4.655e-57 730864          T          C
[1] "rs10770589" "rs10743348" "rs2728624" 
[1] "/gpfs/projects/bsc83/Projects/Breast/ANALYSIS/Hypertension/data/Coloq/chr_12_snp151_hash_table.json"
$rs309
[1] "chr12_92237146"

$rs440
[1] "chr12_111790910"

$rs441
[1] "chr12_111791045"

[1] "hash table loaded"
[1] "/gpfs/projects/bsc83/Projects/Breast/ANALYSIS/Hypertension/analysis/06_colocalization/ColocQuiaL-main/GTEx_v8_Tissue_Summary_with_filenames_all.csv"
                          Tissue NumberRNASeqandGTSamples NumberRNASeqSamples
1              Muscle - Skeletal                      706                 803
2                    Whole Blood                      670                 755
3 Skin - Sun Exposed (Lower leg)                      605                 701
4                Artery - Tibial                      584                 663
5         Adipose - Subcutaneous                      581                 663
6                        Thyroid                      574                 653
  Number_of_eGenes                      allPairsTabixFilename
1            13532            Muscle_Skeletal.allpairs.tab.gz
2            12360                Whole_Blood.allpairs.tab.gz
3            16967 Skin_Sun_Exposed_Lower_leg.allpairs.tab.gz
4            15008              Artery_Tibial.allpairs.tab.gz
5            15607       Adipose_Subcutaneous.allpairs.tab.gz
6            17684                    Thyroid.allpairs.tab.gz
                                              sigPairsTabixFilename
1            Muscle_Skeletal.v8.v8.signif_variant_gene_pairs.tab.gz
2                Whole_Blood.v8.v8.signif_variant_gene_pairs.tab.gz
3 Skin_Sun_Exposed_Lower_leg.v8.v8.signif_variant_gene_pairs.tab.gz
4              Artery_Tibial.v8.v8.signif_variant_gene_pairs.tab.gz
5       Adipose_Subcutaneous.v8.v8.signif_variant_gene_pairs.tab.gz
6                    Thyroid.v8.v8.signif_variant_gene_pairs.tab.gz
[1] "chr12_20011771"
[1] "ENSG00000256287.1"
[1] "LINC02398"
[1] "Artery_Tibial"
[1] "running liftOver"
[1] "Grabbing the all pairs data"
[1] "reading the all pairs data into R"
[1] 4180   14
[1] "Filtering on the geneID"
[1] "adding rs numbers to the QTL data"
[1] "merging the trait and eqtl data on unique ID"
[1] "Running coloc"
PP.H0.abf PP.H1.abf PP.H2.abf PP.H3.abf PP.H4.abf 
 1.37e-56  7.09e-03  1.04e-54  5.37e-01  4.56e-01 
[1] "PP abf for shared variant: 45.6%"

Variables in credible sets:

 variable variable_prob cs
        6    0.14136093  1
       42    0.10068105  1
       46    0.08498193  1
       18    0.07927505  1
       44    0.07173844  1
       17    0.06056528  1
       32    0.06056528  1
       31    0.05565152  1
       64    0.05113779  1
       43    0.04951453  1
       35    0.04318239  1
       36    0.03968318  1
       40    0.03646850  1
       34    0.03080176  1
       53    0.01707038  1
       52    0.01442480  1
       16    0.01219054  1
       33    0.01219054  1

Credible sets summary:

 cs cs_log10bf cs_avg_r2 cs_min_r2
  1   56.31952 0.9893197 0.9501727
                                             variable
 6,16,17,18,31,32,33,34,35,36,40,42,43,44,46,52,53,64

Variables in credible sets:

 variable variable_prob cs
       19    0.08401310  1
       41    0.06382272  1
        2    0.05679569  1
        3    0.05679569  1
       12    0.05679569  1
       23    0.05074885  1
        4    0.03505695  1
        9    0.03491027  1
       20    0.03491027  1
       21    0.03491027  1
       49    0.03491027  1
       50    0.03491027  1
       51    0.03491027  1
       56    0.03491027  1
       59    0.03491027  1
       62    0.03491027  1
       67    0.03491027  1
        8    0.02810312  1
       10    0.02810312  1
       13    0.02617788  1
        1    0.02376559  1
       54    0.01610975  1
       66    0.01394710  1
       11    0.01393515  1
       27    0.01131530  1
       26    0.01068299  1
       24    0.01045608  1
       58    0.01044004  1
       65    0.01044004  1

Credible sets summary:

 cs cs_log10bf cs_avg_r2 cs_min_r2
  1   4.697416 0.9847539 0.8633495
                                                                         variable
 1,2,3,4,8,9,10,11,12,13,19,20,21,23,24,26,27,41,49,50,51,54,56,58,59,62,65,66,67
PP.H0.abf PP.H1.abf PP.H2.abf PP.H3.abf PP.H4.abf 
 1.83e-57  2.56e-03  6.11e-55  8.54e-01  1.43e-01 
[1] "PP abf for shared variant: 14.3%"
   nsnps       hit1       hit2    PP.H0.abf   PP.H1.abf    PP.H2.abf PP.H3.abf
1:    67 rs10743353 rs10841427 1.830794e-57 0.002559971 6.111252e-55 0.8542407
   PP.H4.abf idx1 idx2
1: 0.1431994    1    1
[1] "ENSG00000256287.1"
[1] "LINC02398"
[1] "Artery_Aorta"
[1] "running liftOver"
[1] "Grabbing the all pairs data"
[1] "reading the all pairs data into R"
[1] 3762   14
[1] "Filtering on the geneID"
[1] "adding rs numbers to the QTL data"
[1] "merging the trait and eqtl data on unique ID"
[1] "Running coloc"
PP.H0.abf PP.H1.abf PP.H2.abf PP.H3.abf PP.H4.abf 
 3.01e-57  1.58e-03  1.37e-54  7.17e-01  2.81e-01 
[1] "PP abf for shared variant: 28.1%"

Variables in credible sets:

 variable variable_prob cs
        6    0.14136093  1
       42    0.10068105  1
       46    0.08498193  1
       18    0.07927505  1
       44    0.07173844  1
       17    0.06056528  1
       32    0.06056528  1
       31    0.05565152  1
       64    0.05113779  1
       43    0.04951453  1
       35    0.04318239  1
       36    0.03968318  1
       40    0.03646850  1
       34    0.03080176  1
       53    0.01707038  1
       52    0.01442480  1
       16    0.01219054  1
       33    0.01219054  1

Credible sets summary:

 cs cs_log10bf cs_avg_r2 cs_min_r2
  1   56.31952 0.9893197 0.9501727
                                             variable
 6,16,17,18,31,32,33,34,35,36,40,42,43,44,46,52,53,64

Variables in credible sets:

 variable variable_prob cs
       25    0.32301835  1
        3    0.10819576  1
       19    0.07954039  1
       23    0.02725383  1
        4    0.01944576  1
        1    0.01926533  1
        2    0.01926533  1
        8    0.01926533  1
        9    0.01926533  1
       10    0.01926533  1
       11    0.01926533  1
       12    0.01926533  1
       20    0.01926533  1
       21    0.01926533  1
       26    0.01926533  1
       49    0.01926533  1
       50    0.01926533  1
       51    0.01926533  1
       54    0.01926533  1
       56    0.01926533  1
       59    0.01926533  1
       62    0.01926533  1
       66    0.01926533  1
       67    0.01926533  1
       41    0.01585101  1
       58    0.01546224  1

Credible sets summary:

 cs cs_log10bf cs_avg_r2 cs_min_r2
  1   6.480004 0.9846618 0.8907037
                                                                variable
 1,2,3,4,8,9,10,11,12,19,20,21,23,25,26,41,49,50,51,54,56,58,59,62,66,67
PP.H0.abf PP.H1.abf PP.H2.abf PP.H3.abf PP.H4.abf 
 3.46e-59  4.83e-05  6.99e-55  9.78e-01  2.24e-02 
[1] "PP abf for shared variant: 2.24%"
   nsnps       hit1       hit2   PP.H0.abf    PP.H1.abf    PP.H2.abf PP.H3.abf
1:    67 rs10743353 rs12231460 3.45518e-59 4.831325e-05 6.991162e-55 0.9775188
    PP.H4.abf idx1 idx2
1: 0.02243292    1    1
[1] "ENSEMBL ID could not be converted to HGNC Symbol"
[1] "geneSymbol will be set to the ENSEMBL ID ENSG00000256499"
[1] "ENSG00000256499.1"
[1] "ENSG00000256499"
[1] "Artery_Aorta"
[1] "running liftOver"
[1] "Grabbing the all pairs data"
[1] "reading the all pairs data into R"
[1] 3762   14
[1] "Filtering on the geneID"
[1] "adding rs numbers to the QTL data"
[1] "merging the trait and eqtl data on unique ID"
[1] "Running coloc"
PP.H0.abf PP.H1.abf PP.H2.abf PP.H3.abf PP.H4.abf 
 7.81e-55  4.08e-01  4.84e-55  2.53e-01  3.39e-01 
[1] "PP abf for shared variant: 33.9%"

Variables in credible sets:

 variable variable_prob cs
        6    0.14136093  1
       42    0.10068105  1
       46    0.08498193  1
       18    0.07927505  1
       44    0.07173844  1
       17    0.06056528  1
       32    0.06056528  1
       31    0.05565152  1
       64    0.05113779  1
       43    0.04951453  1
       35    0.04318239  1
       36    0.03968318  1
       40    0.03646850  1
       34    0.03080176  1
       53    0.01707038  1
       52    0.01442480  1
       16    0.01219054  1
       33    0.01219054  1

Credible sets summary:

 cs cs_log10bf cs_avg_r2 cs_min_r2
  1   56.31952 0.9893197 0.9501727
                                             variable
 6,16,17,18,31,32,33,34,35,36,40,42,43,44,46,52,53,64

Variables in credible sets:

 variable variable_prob cs
       25    0.41407394  1
        3    0.04349273  1
       19    0.03090203  1
       23    0.02198385  1
        4    0.01966936  1
        1    0.01935163  1
        2    0.01935163  1
        8    0.01935163  1
        9    0.01935163  1
       10    0.01935163  1
       11    0.01935163  1
       12    0.01935163  1
       20    0.01935163  1
       21    0.01935163  1
       26    0.01935163  1
       49    0.01935163  1
       50    0.01935163  1
       51    0.01935163  1
       54    0.01935163  1
       56    0.01935163  1
       59    0.01935163  1
       62    0.01935163  1
       66    0.01935163  1
       67    0.01935163  1
       41    0.01616893  1
       58    0.01215467  1
       65    0.01215467  1
       24    0.01075949  1
       13    0.01060196  1

Credible sets summary:

 cs cs_log10bf cs_avg_r2 cs_min_r2
  1   2.441424 0.9848654 0.8813924
                                                                         variable
 1,2,3,4,8,9,10,11,12,13,19,20,21,23,24,25,26,41,49,50,51,54,56,58,59,62,65,66,67
PP.H0.abf PP.H1.abf PP.H2.abf PP.H3.abf PP.H4.abf 
 2.20e-55  3.07e-01  4.07e-55  5.69e-01  1.24e-01 
[1] "PP abf for shared variant: 12.4%"
   nsnps       hit1       hit2    PP.H0.abf PP.H1.abf   PP.H2.abf PP.H3.abf
1:    67 rs10743353 rs12231460 2.197094e-55 0.3072164 4.06769e-55 0.5685304
   PP.H4.abf idx1 idx2
1: 0.1242533    1    1
[1] "ENSG00000256287.1"
[1] "LINC02398"
[1] "Testis"
[1] "running liftOver"
[1] "Grabbing the all pairs data"
[1] "reading the all pairs data into R"
[1] 0 0
[1] "Did not find gene in all pairs data"
