[1] "trait"
[1] "SBP"
[1] "trait_file_header_info"
[1] "/gpfs/projects/bsc83/Projects/Breast/ANALYSIS/Hypertension/analysis/06_colocalization/SBP_Evangelou_parsed.txt"
[1] "Tested_Allele"
[1] "Other_Allele"
[1] "SNP"
[1] "CHR"
[1] "POS"
[1] "P"
[1] "N"
[1] "Freq_Tested_Allele"
[1] "traitType:"
[1] "quant"
[1] 1
[1] "Locus Info:"
[1] 1
[1] 11827796
[1] 11905974
[1] "rs55892892"
[1] "QTL type:"
[1] "eqtl"
[1] TRUE
[1] "trait input file successfully loaded"
   CHR      POS         SNP Tested_Allele Other_Allele Freq_Tested_Allele
1:   1 11827796 rs145488887             T            C             0.9418
2:   1 11837581 rs148411205             A            G             0.0581
3:   1 11838762  rs72640211             A            G             0.0581
4:   1 11839226  rs41307757             A            G             0.9419
5:   1 11841945   rs9727993             T            C             0.3181
6:   1 11850365   rs4846049             T            G             0.3249
      BETA     SE         P      N Ref_Allele Alt_Allele
1: -1.1895 0.0665 1.776e-71 708355          T          C
2: -1.1646 0.0652 2.199e-71 732247          G          A
3: -1.1638 0.0653 3.828e-71 730413          G          A
4: -1.1638 0.0653 3.735e-71 730487          A          G
5:  0.4829 0.0327 3.090e-49 714378          T          C
6:  0.5208 0.0321 4.183e-59 730427          T          G
[1] "rs145488887" "rs148411205" "rs72640211" 
[1] "/gpfs/projects/bsc83/Projects/Breast/ANALYSIS/Hypertension/data/Coloq/chr_1_snp151_hash_table.json"
$rs171
[1] "chr1_175292543"

$rs242
[1] "chr1_20542968"

$rs538
[1] "chr1_6100898"

[1] "hash table loaded"
[1] "/gpfs/projects/bsc83/Projects/Breast/ANALYSIS/Hypertension/analysis/06_colocalization/ColocQuiaL-main/GTEx_v8_Tissue_Summary_with_filenames_all.csv"
                          Tissue NumberRNASeqandGTSamples NumberRNASeqSamples
1              Muscle - Skeletal                      706                 803
2                    Whole Blood                      670                 755
3 Skin - Sun Exposed (Lower leg)                      605                 701
4                Artery - Tibial                      584                 663
5         Adipose - Subcutaneous                      581                 663
6                        Thyroid                      574                 653
  Number_of_eGenes                      allPairsTabixFilename
1            13532            Muscle_Skeletal.allpairs.tab.gz
2            12360                Whole_Blood.allpairs.tab.gz
3            16967 Skin_Sun_Exposed_Lower_leg.allpairs.tab.gz
4            15008              Artery_Tibial.allpairs.tab.gz
5            15607       Adipose_Subcutaneous.allpairs.tab.gz
6            17684                    Thyroid.allpairs.tab.gz
                                              sigPairsTabixFilename
1            Muscle_Skeletal.v8.v8.signif_variant_gene_pairs.tab.gz
2                Whole_Blood.v8.v8.signif_variant_gene_pairs.tab.gz
3 Skin_Sun_Exposed_Lower_leg.v8.v8.signif_variant_gene_pairs.tab.gz
4              Artery_Tibial.v8.v8.signif_variant_gene_pairs.tab.gz
5       Adipose_Subcutaneous.v8.v8.signif_variant_gene_pairs.tab.gz
6                    Thyroid.v8.v8.signif_variant_gene_pairs.tab.gz
[1] "chr1_11836799"
[1] "ENSG00000177000.10"
[1] "MTHFR"
[1] "Muscle_Skeletal"
[1] "running liftOver"
[1] "Grabbing the all pairs data"
[1] "reading the all pairs data into R"
[1] 15609    14
[1] "Filtering on the geneID"
[1] "adding rs numbers to the QTL data"
[1] "merging the trait and eqtl data on unique ID"
[1] "Running coloc"
PP.H0.abf PP.H1.abf PP.H2.abf PP.H3.abf PP.H4.abf 
1.93e-105  2.04e-03 2.52e-103  2.65e-01  7.33e-01 
[1] "PP abf for shared variant: 73.3%"

Variables in credible sets:

 variable variable_prob cs
        9     0.3837870  1
        6     0.2101638  1
       12     0.1396373  1
        2     0.1357921  1
       11     0.1018324  1

Credible sets summary:

 cs cs_log10bf cs_avg_r2 cs_min_r2    variable
  1   76.87849 0.9653619 0.9371053 2,6,9,11,12

Variables in credible sets:

 variable variable_prob cs
        8    0.10262219  1
        4    0.09747626  1
        5    0.09451015  1
        6    0.09451015  1
       11    0.09451015  1
       14    0.09451015  1
        9    0.08781430  1
        7    0.07994000  1
       13    0.07994000  1
       12    0.06056372  1
        3    0.05829281  1
        2    0.02384817  1

Credible sets summary:

 cs cs_log10bf cs_avg_r2 cs_min_r2                    variable
  1   2.078435 0.9413246 0.8657167 2,3,4,5,6,7,8,9,11,12,13,14
PP.H0.abf PP.H1.abf PP.H2.abf PP.H3.abf PP.H4.abf 
 1.26e-75  1.33e-01  2.12e-76  2.07e-02  8.46e-01 
[1] "PP abf for shared variant: 84.6%"
   nsnps   hit1       hit2    PP.H0.abf PP.H1.abf   PP.H2.abf  PP.H3.abf
1:    14 rs5068 rs45439601 1.261177e-75 0.1334736 2.11514e-76 0.02069341
   PP.H4.abf idx1 idx2
1: 0.8458329    1    1
[1] "ENSG00000011021.21"
[1] "CLCN6"
[1] "Whole_Blood"
[1] "running liftOver"
[1] "Grabbing the all pairs data"
[1] "reading the all pairs data into R"
[1] 15609    14
[1] "Filtering on the geneID"
[1] "adding rs numbers to the QTL data"
[1] "merging the trait and eqtl data on unique ID"
[1] "Running coloc"
PP.H0.abf PP.H1.abf PP.H2.abf PP.H3.abf PP.H4.abf 
3.82e-107  4.08e-05 3.39e-104  3.52e-02  9.65e-01 
[1] "PP abf for shared variant: 96.5%"

Variables in credible sets:

 variable variable_prob cs
        9     0.3837870  1
        6     0.2101638  1
       12     0.1396373  1
        2     0.1357921  1
       11     0.1018324  1

Credible sets summary:

 cs cs_log10bf cs_avg_r2 cs_min_r2    variable
  1   76.87849 0.9653619 0.9371053 2,6,9,11,12

Variables in credible sets:

 variable variable_prob cs
        5    0.23663762  1
        6    0.23663762  1
       11    0.23663762  1
       14    0.23663762  1
        9    0.01120438  1

Credible sets summary:

 cs cs_log10bf cs_avg_r2 cs_min_r2    variable
  1   10.66407 0.9716926 0.9371053 5,6,9,11,14
PP.H0.abf PP.H1.abf PP.H2.abf PP.H3.abf PP.H4.abf 
 3.58e-84  3.79e-10  2.32e-76  2.25e-02  9.77e-01 
[1] "PP abf for shared variant: 97.7%"
   nsnps   hit1       hit2    PP.H0.abf    PP.H1.abf    PP.H2.abf  PP.H3.abf
1:    14 rs5068 rs17376328 3.584494e-84 3.793563e-10 2.315397e-76 0.02254954
   PP.H4.abf idx1 idx2
1: 0.9774505    1    1
[1] "ENSG00000177000.10"
[1] "MTHFR"
[1] "Whole_Blood"
[1] "running liftOver"
[1] "Grabbing the all pairs data"
[1] "reading the all pairs data into R"
[1] 15609    14
[1] "Filtering on the geneID"
[1] "adding rs numbers to the QTL data"
[1] "merging the trait and eqtl data on unique ID"
[1] "Running coloc"
PP.H0.abf PP.H1.abf PP.H2.abf PP.H3.abf PP.H4.abf 
3.22e-108  3.43e-06 3.51e-104  3.65e-02  9.63e-01 
[1] "PP abf for shared variant: 96.3%"

Variables in credible sets:

 variable variable_prob cs
        9     0.3837870  1
        6     0.2101638  1
       12     0.1396373  1
        2     0.1357921  1
       11     0.1018324  1

Credible sets summary:

 cs cs_log10bf cs_avg_r2 cs_min_r2    variable
  1   76.87849 0.9653619 0.9371053 2,6,9,11,12

Variables in credible sets:

 variable variable_prob cs
        7    0.29676676  1
       13    0.29676676  1
        5    0.07724492  1
        6    0.07724492  1
       11    0.07724492  1
       14    0.07724492  1
        3    0.03175516  1
        4    0.03175516  1

Credible sets summary:

 cs cs_log10bf cs_avg_r2 cs_min_r2           variable
  1   10.90134 0.9525234 0.9097898 3,4,5,6,7,11,13,14
PP.H0.abf PP.H1.abf PP.H2.abf PP.H3.abf PP.H4.abf 
 6.36e-84  6.73e-10  7.10e-76  7.32e-02  9.27e-01 
[1] "PP abf for shared variant: 92.7%"
   nsnps   hit1       hit2    PP.H0.abf    PP.H1.abf    PP.H2.abf  PP.H3.abf
1:    14 rs5068 rs41307757 6.361428e-84 6.732464e-10 7.096202e-76 0.07324744
   PP.H4.abf idx1 idx2
1: 0.9267526    1    1
[1] "ENSEMBL ID could not be converted to HGNC Symbol"
[1] "geneSymbol will be set to the ENSEMBL ID ENSG00000242349"
[1] "ENSG00000242349.5"
[1] "ENSG00000242349"
[1] "Whole_Blood"
[1] "running liftOver"
[1] "Grabbing the all pairs data"
[1] "reading the all pairs data into R"
[1] 15609    14
[1] "Filtering on the geneID"
[1] "adding rs numbers to the QTL data"
[1] "merging the trait and eqtl data on unique ID"
[1] "Running coloc"
PP.H0.abf PP.H1.abf PP.H2.abf PP.H3.abf PP.H4.abf 
7.91e-107  8.44e-05 9.37e-103  1.00e+00  1.73e-05 
[1] "PP abf for shared variant: 0.00173%"

Variables in credible sets:

 variable variable_prob cs
        9     0.3837870  1
        6     0.2101638  1
       12     0.1396373  1
        2     0.1357921  1
       11     0.1018324  1

Credible sets summary:

 cs cs_log10bf cs_avg_r2 cs_min_r2    variable
  1   76.87849 0.9653619 0.9371053 2,6,9,11,12

Variables in credible sets:

 variable variable_prob cs
        5      0.238976  1
        6      0.238976  1
       11      0.238976  1
       14      0.238976  1

Credible sets summary:

 cs cs_log10bf cs_avg_r2 cs_min_r2  variable
  1   13.52504 0.9922929 0.9846156 5,6,11,14
PP.H0.abf PP.H1.abf PP.H2.abf PP.H3.abf PP.H4.abf 
 5.09e-87  5.39e-13  2.39e-76  2.33e-02  9.77e-01 
[1] "PP abf for shared variant: 97.7%"
   nsnps   hit1       hit2    PP.H0.abf    PP.H1.abf    PP.H2.abf  PP.H3.abf
1:    14 rs5068 rs17376328 5.094754e-87 5.391911e-13 2.389415e-76 0.02333447
   PP.H4.abf idx1 idx2
1: 0.9766655    1    1
[1] "ENSG00000177000.10"
[1] "MTHFR"
[1] "Skin_Sun_Exposed_Lower_leg"
[1] "running liftOver"
[1] "Grabbing the all pairs data"
[1] "reading the all pairs data into R"
[1] 17665    14
[1] "Filtering on the geneID"
[1] "adding rs numbers to the QTL data"
[1] "merging the trait and eqtl data on unique ID"
[1] "Running coloc"
PP.H0.abf PP.H1.abf PP.H2.abf PP.H3.abf PP.H4.abf 
5.67e-115  6.15e-13 9.21e-103  1.00e+00  5.09e-08 
[1] "PP abf for shared variant: 5.09e-06%"

Variables in credible sets:

 variable variable_prob cs
        9     0.3837870  1
        6     0.2101638  1
       12     0.1396373  1
        2     0.1357921  1
       11     0.1018324  1

Credible sets summary:

 cs cs_log10bf cs_avg_r2 cs_min_r2    variable
  1   76.87849 0.9653619 0.9371053 2,6,9,11,12

Variables in credible sets:

 variable variable_prob cs
        5    0.19309923  1
        6    0.19309923  1
       11    0.19309923  1
       14    0.19309923  1
       12    0.06900866  1
        8    0.03472689  1
        4    0.02900564  1
        9    0.02489895  1
        2    0.02196719  1

Credible sets summary:

 cs cs_log10bf cs_avg_r2 cs_min_r2             variable
  1   5.376554  0.946965 0.8657167 2,4,5,6,8,9,11,12,14
PP.H0.abf PP.H1.abf PP.H2.abf PP.H3.abf PP.H4.abf 
 6.68e-79  7.07e-05  2.23e-76  2.16e-02  9.78e-01 
[1] "PP abf for shared variant: 97.8%"
   nsnps   hit1       hit2   PP.H0.abf    PP.H1.abf    PP.H2.abf  PP.H3.abf
1:    14 rs5068 rs17376328 6.68097e-79 7.070644e-05 2.225984e-76 0.02160151
   PP.H4.abf idx1 idx2
1: 0.9783278    1    1
[1] "ENSG00000177000.10"
[1] "MTHFR"
[1] "Artery_Tibial"
[1] "running liftOver"
[1] "Grabbing the all pairs data"
[1] "reading the all pairs data into R"
[1] 16123    14
[1] "Filtering on the geneID"
[1] "adding rs numbers to the QTL data"
[1] "merging the trait and eqtl data on unique ID"
[1] "Running coloc"
PP.H0.abf PP.H1.abf PP.H2.abf PP.H3.abf PP.H4.abf 
3.60e-107  3.87e-05 9.30e-103  1.00e+00  5.33e-05 
[1] "PP abf for shared variant: 0.00533%"

Variables in credible sets:

 variable variable_prob cs
        9     0.3837870  1
        6     0.2101638  1
       12     0.1396373  1
        2     0.1357921  1
       11     0.1018324  1

Credible sets summary:

 cs cs_log10bf cs_avg_r2 cs_min_r2    variable
  1   76.87849 0.9653619 0.9371053 2,6,9,11,12

Variables in credible sets:

 variable variable_prob cs
        2    0.10373584  1
       10    0.10373584  1
        4    0.09704489  1
        1    0.07887486  1
        8    0.07324351  1
        5    0.07137343  1
        6    0.07137343  1
       11    0.07137343  1
       14    0.07137343  1
        7    0.06193632  1
       13    0.06193632  1
        3    0.04473898  1
        9    0.04462986  1

Credible sets summary:

 cs cs_log10bf cs_avg_r2 cs_min_r2                      variable
  1  0.7530955 0.9285337 0.8057468 1,2,3,4,5,6,7,8,9,10,11,13,14
PP.H0.abf PP.H1.abf PP.H2.abf PP.H3.abf PP.H4.abf 
 7.52e-75  7.96e-01  5.97e-77  5.92e-03  1.98e-01 
[1] "PP abf for shared variant: 19.8%"
   nsnps   hit1        hit2    PP.H0.abf PP.H1.abf    PP.H2.abf   PP.H3.abf
1:    14 rs5068 rs143800963 7.522983e-75 0.7961768 5.965043e-77 0.005917147
   PP.H4.abf idx1 idx2
1: 0.1979061    1    1
[1] "ENSG00000011021.21"
[1] "CLCN6"
[1] "Adipose_Subcutaneous"
[1] "running liftOver"
[1] "Grabbing the all pairs data"
[1] "reading the all pairs data into R"
[1] 18179    14
[1] "Filtering on the geneID"
[1] "adding rs numbers to the QTL data"
[1] "merging the trait and eqtl data on unique ID"
[1] "Running coloc"
PP.H0.abf PP.H1.abf PP.H2.abf PP.H3.abf PP.H4.abf 
2.15e-104  2.27e-02 2.67e-104  2.72e-02  9.50e-01 
[1] "PP abf for shared variant: 95%"

Variables in credible sets:

 variable variable_prob cs
        9     0.3837870  1
        6     0.2101638  1
       12     0.1396373  1
        2     0.1357921  1
       11     0.1018324  1

Credible sets summary:

 cs cs_log10bf cs_avg_r2 cs_min_r2    variable
  1   76.87849 0.9653619 0.9371053 2,6,9,11,12

Variables in credible sets:

 variable variable_prob cs
        7    0.11217762  1
       13    0.11217762  1
        5    0.08512612  1
        6    0.08512612  1
       11    0.08512612  1
       14    0.08512612  1
        3    0.08333012  1
        4    0.07362656  1
        8    0.06420589  1
        9    0.05043867  1
       12    0.05043867  1
        2    0.04541051  1
       10    0.04541051  1

Credible sets summary:

 cs cs_log10bf cs_avg_r2 cs_min_r2                       variable
  1    1.75463 0.9427297 0.8657167 2,3,4,5,6,7,8,9,10,11,12,13,14
PP.H0.abf PP.H1.abf PP.H2.abf PP.H3.abf PP.H4.abf 
 2.72e-75  2.87e-01  2.16e-76  2.15e-02  6.91e-01 
[1] "PP abf for shared variant: 69.1%"
   nsnps   hit1       hit2    PP.H0.abf PP.H1.abf    PP.H2.abf  PP.H3.abf
1:    14 rs5068 rs41307757 2.715883e-75 0.2874289 2.161072e-76 0.02148902
   PP.H4.abf idx1 idx2
1: 0.6910821    1    1
[1] "ENSG00000011021.21"
[1] "CLCN6"
[1] "Thyroid"
[1] "running liftOver"
[1] "Grabbing the all pairs data"
[1] "reading the all pairs data into R"
[1] 18179    14
[1] "Filtering on the geneID"
[1] "adding rs numbers to the QTL data"
[1] "merging the trait and eqtl data on unique ID"
[1] "Running coloc"
PP.H0.abf PP.H1.abf PP.H2.abf PP.H3.abf PP.H4.abf 
4.07e-103  4.18e-01 3.86e-104  3.92e-02  5.43e-01 
[1] "PP abf for shared variant: 54.3%"

Variables in credible sets:

 variable variable_prob cs
        9     0.3837870  1
        6     0.2101638  1
       12     0.1396373  1
        2     0.1357921  1
       11     0.1018324  1

Credible sets summary:

 cs cs_log10bf cs_avg_r2 cs_min_r2    variable
  1   76.87849 0.9653619 0.9371053 2,6,9,11,12

Variables in credible sets:

 variable variable_prob cs
        5    0.15464625  1
        6    0.15464625  1
       14    0.15464625  1
       11    0.10809803  1
       12    0.09220403  1
        9    0.05816616  1
        2    0.05490303  1
       10    0.05490303  1
        1    0.04923322  1
        7    0.03164414  1
       13    0.03164414  1
        3    0.02122451  1

Credible sets summary:

 cs cs_log10bf cs_avg_r2 cs_min_r2                     variable
  1   1.402508 0.9282243 0.8057468 1,2,3,5,6,7,9,10,11,12,13,14
PP.H0.abf PP.H1.abf PP.H2.abf PP.H3.abf PP.H4.abf 
 3.66e-75  3.87e-01  1.29e-76  1.25e-02  6.01e-01 
[1] "PP abf for shared variant: 60.1%"
   nsnps   hit1       hit2    PP.H0.abf PP.H1.abf    PP.H2.abf PP.H3.abf
1:    14 rs5068 rs17376328 3.656618e-75 0.3869894 1.293349e-76 0.0124868
   PP.H4.abf idx1 idx2
1: 0.6005238    1    1
[1] "ENSEMBL ID could not be converted to HGNC Symbol"
[1] "geneSymbol will be set to the ENSEMBL ID ENSG00000242349"
[1] "ENSG00000242349.5"
[1] "ENSG00000242349"
[1] "Thyroid"
[1] "running liftOver"
[1] "Grabbing the all pairs data"
[1] "reading the all pairs data into R"
[1] 18179    14
[1] "Filtering on the geneID"
[1] "adding rs numbers to the QTL data"
[1] "merging the trait and eqtl data on unique ID"
[1] "Running coloc"
PP.H0.abf PP.H1.abf PP.H2.abf PP.H3.abf PP.H4.abf 
4.69e-103  4.82e-01 1.30e-103  1.34e-01  3.85e-01 
[1] "PP abf for shared variant: 38.5%"

Variables in credible sets:

 variable variable_prob cs
        9     0.3837870  1
        6     0.2101638  1
       12     0.1396373  1
        2     0.1357921  1
       11     0.1018324  1

Credible sets summary:

 cs cs_log10bf cs_avg_r2 cs_min_r2    variable
  1   76.87849 0.9653619 0.9371053 2,6,9,11,12

Variables in credible sets:

 variable variable_prob cs
        5    0.20523981  1
        6    0.20523981  1
       14    0.20523981  1
       11    0.20202858  1
        7    0.04385750  1
       13    0.04385750  1
       12    0.01942316  1
        8    0.01642355  1
        4    0.01574589  1

Credible sets summary:

 cs cs_log10bf cs_avg_r2 cs_min_r2              variable
  1   4.167119 0.9447521 0.8799566 4,5,6,7,8,11,12,13,14
PP.H0.abf PP.H1.abf PP.H2.abf PP.H3.abf PP.H4.abf 
 1.22e-77  1.29e-03  2.50e-76  2.45e-02  9.74e-01 
[1] "PP abf for shared variant: 97.4%"
   nsnps   hit1       hit2    PP.H0.abf   PP.H1.abf    PP.H2.abf  PP.H3.abf
1:    14 rs5068 rs17376328 1.216299e-77 0.001287241 2.502001e-76 0.02453097
   PP.H4.abf idx1 idx2
1: 0.9741818    1    1
[1] "ENSG00000177000.10"
[1] "MTHFR"
[1] "Skin_Not_Sun_Exposed_Suprapubic"
[1] "running liftOver"
[1] "Grabbing the all pairs data"
[1] "reading the all pairs data into R"
[1] 18179    14
[1] "Filtering on the geneID"
[1] "adding rs numbers to the QTL data"
[1] "merging the trait and eqtl data on unique ID"
[1] "Running coloc"
PP.H0.abf PP.H1.abf PP.H2.abf PP.H3.abf PP.H4.abf 
1.39e-107  1.48e-05 9.32e-103  9.92e-01  8.10e-03 
[1] "PP abf for shared variant: 0.81%"

Variables in credible sets:

 variable variable_prob cs
        9     0.3837870  1
        6     0.2101638  1
       12     0.1396373  1
        2     0.1357921  1
       11     0.1018324  1

Credible sets summary:

 cs cs_log10bf cs_avg_r2 cs_min_r2    variable
  1   76.87849 0.9653619 0.9371053 2,6,9,11,12

Variables in credible sets:

 variable variable_prob cs
        7    0.10051452  1
       13    0.10051452  1
        5    0.09780840  1
        6    0.09780840  1
       11    0.09780840  1
       14    0.09780840  1
        9    0.06589808  1
       12    0.06160869  1
        2    0.05683214  1
       10    0.05683214  1
        3    0.05389531  1
        8    0.05389531  1
        4    0.04515376  1

Credible sets summary:

 cs cs_log10bf cs_avg_r2 cs_min_r2                       variable
  1    2.07162 0.9427297 0.8657167 2,3,4,5,6,7,8,9,10,11,12,13,14
PP.H0.abf PP.H1.abf PP.H2.abf PP.H3.abf PP.H4.abf 
 1.30e-75  1.38e-01  2.15e-76  2.11e-02  8.41e-01 
[1] "PP abf for shared variant: 84.1%"
   nsnps   hit1       hit2    PP.H0.abf PP.H1.abf    PP.H2.abf PP.H3.abf
1:    14 rs5068 rs41307757 1.304761e-75 0.1380862 2.154166e-76 0.0211165
   PP.H4.abf idx1 idx2
1: 0.8407973    1    1
[1] "ENSEMBL ID could not be converted to HGNC Symbol"
[1] "geneSymbol will be set to the ENSEMBL ID ENSG00000242349"
[1] "ENSG00000242349.5"
[1] "ENSG00000242349"
[1] "Lung"
[1] "running liftOver"
[1] "Grabbing the all pairs data"
[1] "reading the all pairs data into R"
[1] 18179    14
[1] "Filtering on the geneID"
[1] "adding rs numbers to the QTL data"
[1] "merging the trait and eqtl data on unique ID"
[1] "Running coloc"
PP.H0.abf PP.H1.abf PP.H2.abf PP.H3.abf PP.H4.abf 
1.62e-103  1.75e-01 7.43e-103  8.04e-01  2.13e-02 
[1] "PP abf for shared variant: 2.13%"

Variables in credible sets:

 variable variable_prob cs
        9     0.3837870  1
        6     0.2101638  1
       12     0.1396373  1
        2     0.1357921  1
       11     0.1018324  1

Credible sets summary:

 cs cs_log10bf cs_avg_r2 cs_min_r2    variable
  1   76.87849 0.9653619 0.9371053 2,6,9,11,12

Variables in credible sets:

 variable variable_prob cs
        5    0.13252197  1
        6    0.13252197  1
       11    0.13252197  1
       14    0.13252197  1
        3    0.08281624  1
        4    0.08281624  1
        8    0.08281624  1
        7    0.06694538  1
       13    0.06694538  1
       12    0.03901492  1

Credible sets summary:

 cs cs_log10bf cs_avg_r2 cs_min_r2                variable
  1   7.094907 0.9459539 0.8799566 3,4,5,6,7,8,11,12,13,14
PP.H0.abf PP.H1.abf PP.H2.abf PP.H3.abf PP.H4.abf 
 1.77e-80  1.88e-06  3.09e-76  3.07e-02  9.69e-01 
[1] "PP abf for shared variant: 96.9%"
   nsnps   hit1       hit2    PP.H0.abf    PP.H1.abf    PP.H2.abf  PP.H3.abf
1:    14 rs5068 rs17376328 1.772561e-80 1.875947e-06 3.087707e-76 0.03073949
   PP.H4.abf idx1 idx2
1: 0.9692586    1    1
[1] "ENSEMBL ID could not be converted to HGNC Symbol"
[1] "geneSymbol will be set to the ENSEMBL ID ENSG00000242349"
[1] "ENSG00000242349.5"
[1] "ENSG00000242349"
[1] "Adipose_Visceral_Omentum"
[1] "running liftOver"
[1] "Grabbing the all pairs data"
[1] "reading the all pairs data into R"
[1] 18693    14
[1] "Filtering on the geneID"
[1] "adding rs numbers to the QTL data"
[1] "merging the trait and eqtl data on unique ID"
[1] "Running coloc"
PP.H0.abf PP.H1.abf PP.H2.abf PP.H3.abf PP.H4.abf 
4.59e-103  4.76e-01 3.29e-104  3.36e-02  4.90e-01 
[1] "PP abf for shared variant: 49%"

Variables in credible sets:

 variable variable_prob cs
        9     0.3837870  1
        6     0.2101638  1
       12     0.1396373  1
        2     0.1357921  1
       11     0.1018324  1

Credible sets summary:

 cs cs_log10bf cs_avg_r2 cs_min_r2    variable
  1   76.87849 0.9653619 0.9371053 2,6,9,11,12

Variables in credible sets:

 variable variable_prob cs
        5    0.10383757  1
        6    0.10383757  1
       11    0.10383757  1
       14    0.10383757  1
        7    0.09528081  1
       13    0.09528081  1
        3    0.06456998  1
       12    0.05997447  1
        2    0.05548542  1
       10    0.05548542  1
        8    0.04908781  1
        1    0.04407161  1
        4    0.03443357  1

Credible sets summary:

 cs cs_log10bf cs_avg_r2 cs_min_r2                       variable
  1  0.4400525 0.9308171 0.8057468 1,2,3,4,5,6,7,8,10,11,12,13,14
PP.H0.abf PP.H1.abf PP.H2.abf PP.H3.abf PP.H4.abf 
 8.42e-75  8.91e-01  3.25e-77  3.22e-03  1.06e-01 
[1] "PP abf for shared variant: 10.6%"
   nsnps   hit1       hit2    PP.H0.abf PP.H1.abf    PP.H2.abf   PP.H3.abf
1:    14 rs5068 rs17376328 8.415709e-75 0.8906563 3.245423e-77 0.003222472
   PP.H4.abf idx1 idx2
1: 0.1061212    1    1
[1] "ENSG00000011021.21"
[1] "CLCN6"
[1] "Esophagus_Muscularis"
[1] "running liftOver"
[1] "Grabbing the all pairs data"
[1] "reading the all pairs data into R"
[1] 16637    14
[1] "Filtering on the geneID"
[1] "adding rs numbers to the QTL data"
[1] "merging the trait and eqtl data on unique ID"
[1] "Running coloc"
PP.H0.abf PP.H1.abf PP.H2.abf PP.H3.abf PP.H4.abf 
1.77e-106  1.88e-04 5.50e-103  5.83e-01  4.17e-01 
[1] "PP abf for shared variant: 41.7%"

Variables in credible sets:

 variable variable_prob cs
        9     0.3837870  1
        6     0.2101638  1
       12     0.1396373  1
        2     0.1357921  1
       11     0.1018324  1

Credible sets summary:

 cs cs_log10bf cs_avg_r2 cs_min_r2    variable
  1   76.87849 0.9653619 0.9371053 2,6,9,11,12

Variables in credible sets:

 variable variable_prob cs
        2    0.17846829  1
       10    0.17846829  1
       11    0.16359380  1
        5    0.07071702  1
        6    0.07071702  1
        9    0.07071702  1
       12    0.07071702  1
       14    0.07071702  1
        8    0.04660524  1
        4    0.02475975  1
        1    0.02159676  1

Credible sets summary:

 cs cs_log10bf cs_avg_r2 cs_min_r2                  variable
  1   2.523014 0.9309962 0.8057468 1,2,4,5,6,8,9,10,11,12,14
PP.H0.abf PP.H1.abf PP.H2.abf PP.H3.abf PP.H4.abf 
 3.89e-76  4.12e-02  1.82e-76  1.74e-02  9.41e-01 
[1] "PP abf for shared variant: 94.1%"
   nsnps   hit1        hit2    PP.H0.abf PP.H1.abf    PP.H2.abf  PP.H3.abf
1:    14 rs5068 rs143800963 3.893281e-76 0.0412036 1.817433e-76 0.01735147
   PP.H4.abf idx1 idx2
1: 0.9414449    1    1
[1] "ENSG00000177000.10"
[1] "MTHFR"
[1] "Esophagus_Muscularis"
[1] "running liftOver"
[1] "Grabbing the all pairs data"
[1] "reading the all pairs data into R"
[1] 16637    14
[1] "Filtering on the geneID"
[1] "adding rs numbers to the QTL data"
[1] "merging the trait and eqtl data on unique ID"
[1] "Running coloc"
PP.H0.abf PP.H1.abf PP.H2.abf PP.H3.abf PP.H4.abf 
6.49e-108  6.88e-06 9.43e-103  1.00e+00  1.09e-04 
[1] "PP abf for shared variant: 0.0109%"

Variables in credible sets:

 variable variable_prob cs
        9     0.3837870  1
        6     0.2101638  1
       12     0.1396373  1
        2     0.1357921  1
       11     0.1018324  1

Credible sets summary:

 cs cs_log10bf cs_avg_r2 cs_min_r2    variable
  1   76.87849 0.9653619 0.9371053 2,6,9,11,12

Variables in credible sets:

 variable variable_prob cs
        8    0.19835969  1
        4    0.13793523  1
        3    0.11136373  1
        7    0.11136373  1
       13    0.11136373  1
        2    0.05317288  1
       10    0.05317288  1
       11    0.04107813  1
        5    0.03589460  1
        6    0.03589460  1
        9    0.03589460  1
       12    0.03589460  1

Credible sets summary:

 cs cs_log10bf cs_avg_r2 cs_min_r2                    variable
  1   4.350599 0.9402764 0.8657167 2,3,4,5,6,7,8,9,10,11,12,13
PP.H0.abf PP.H1.abf PP.H2.abf PP.H3.abf PP.H4.abf 
 1.46e-77  1.54e-03  4.58e-76  4.66e-02  9.52e-01 
[1] "PP abf for shared variant: 95.2%"
   nsnps   hit1       hit2    PP.H0.abf   PP.H1.abf    PP.H2.abf  PP.H3.abf
1:    14 rs5068 rs45439601 1.459813e-77 0.001544958 4.581672e-76 0.04658528
   PP.H4.abf idx1 idx2
1: 0.9518698    1    1
[1] "ENSG00000175206.10"
[1] "NPPA"
[1] "Heart_Atrial_Appendage"
[1] "running liftOver"
[1] "Grabbing the all pairs data"
[1] "reading the all pairs data into R"
[1] 16123    14
[1] "Filtering on the geneID"
[1] "adding rs numbers to the QTL data"
[1] "merging the trait and eqtl data on unique ID"
[1] "Running coloc"
PP.H0.abf PP.H1.abf PP.H2.abf PP.H3.abf PP.H4.abf 
1.92e-104  2.05e-02 1.36e-104  1.35e-02  9.66e-01 
[1] "PP abf for shared variant: 96.6%"

Variables in credible sets:

 variable variable_prob cs
        9     0.3837870  1
        6     0.2101638  1
       12     0.1396373  1
        2     0.1357921  1
       11     0.1018324  1

Credible sets summary:

 cs cs_log10bf cs_avg_r2 cs_min_r2    variable
  1   76.87849 0.9653619 0.9371053 2,6,9,11,12

Variables in credible sets:

 variable variable_prob cs
        9    0.19479635  1
        4    0.13143430  1
        8    0.13143430  1
        5    0.08921664  1
        6    0.08921664  1
       11    0.08921664  1
       14    0.08921664  1
       12    0.06325664  1
        3    0.04461701  1
        7    0.02781108  1

Credible sets summary:

 cs cs_log10bf cs_avg_r2 cs_min_r2               variable
  1   2.547577 0.9381374 0.8657167 3,4,5,6,7,8,9,11,12,14
PP.H0.abf PP.H1.abf PP.H2.abf PP.H3.abf PP.H4.abf 
 3.22e-76  3.41e-02  1.59e-76  1.49e-02  9.51e-01 
[1] "PP abf for shared variant: 95.1%"
   nsnps   hit1   hit2    PP.H0.abf  PP.H1.abf    PP.H2.abf  PP.H3.abf
1:    14 rs5068 rs5068 3.218346e-76 0.03406059 1.589783e-76 0.01492305
   PP.H4.abf idx1 idx2
1: 0.9510164    1    1
[1] "ENSEMBL ID could not be converted to HGNC Symbol"
[1] "geneSymbol will be set to the ENSEMBL ID ENSG00000242349"
[1] "ENSG00000242349.5"
[1] "ENSG00000242349"
[1] "Colon_Transverse"
[1] "running liftOver"
[1] "Grabbing the all pairs data"
[1] "reading the all pairs data into R"
[1] 17665    14
[1] "Filtering on the geneID"
[1] "adding rs numbers to the QTL data"
[1] "merging the trait and eqtl data on unique ID"
[1] "Running coloc"
PP.H0.abf PP.H1.abf PP.H2.abf PP.H3.abf PP.H4.abf 
8.39e-103  8.97e-01 7.77e-105  8.21e-03  9.52e-02 
[1] "PP abf for shared variant: 9.52%"

Variables in credible sets:

 variable variable_prob cs
        9     0.3837870  1
        6     0.2101638  1
       12     0.1396373  1
        2     0.1357921  1
       11     0.1018324  1

Credible sets summary:

 cs cs_log10bf cs_avg_r2 cs_min_r2    variable
  1   76.87849 0.9653619 0.9371053 2,6,9,11,12

Variables in credible sets:

 variable variable_prob cs
       11    0.11623633  1
        5    0.10878948  1
        6    0.10878948  1
       14    0.10878948  1
        9    0.08657832  1
       12    0.07194001  1
        2    0.06439931  1
       10    0.06439931  1
        1    0.05164546  1
        7    0.04826283  1
       13    0.04826283  1
        3    0.04772374  1
        8    0.04772374  1

Credible sets summary:

 cs cs_log10bf cs_avg_r2 cs_min_r2                       variable
  1   1.378038 0.9271746 0.8057468 1,2,3,5,6,7,8,9,10,11,12,13,14
PP.H0.abf PP.H1.abf PP.H2.abf PP.H3.abf PP.H4.abf 
 3.76e-75  3.98e-01  1.26e-76  1.21e-02  5.90e-01 
[1] "PP abf for shared variant: 59%"
   nsnps   hit1       hit2    PP.H0.abf PP.H1.abf    PP.H2.abf  PP.H3.abf
1:    14 rs5068 rs55892892 3.762908e-75 0.3982383 1.258027e-76 0.01213478
   PP.H4.abf idx1 idx2
1: 0.5896269    1    1
[1] "ENSG00000215910.7"
[1] "C1orf167"
[1] "Testis"
[1] "running liftOver"
[1] "Grabbing the all pairs data"
[1] "reading the all pairs data into R"
[1] 0 0
[1] "Did not find gene in all pairs data"
