[1] "trait"
[1] "DBP"
[1] "trait_file_header_info"
[1] "/gpfs/projects/bsc83/Projects/Breast/ANALYSIS/Hypertension/analysis/06_colocalization/DBP_Evangelou_parsed.txt"
[1] "Tested_Allele"
[1] "Other_Allele"
[1] "SNP"
[1] "CHR"
[1] "POS"
[1] "P"
[1] "N"
[1] "Freq_Tested_Allele"
[1] "traitType:"
[1] "quant"
[1] 6
[1] "Locus Info:"
[1] 6
[1] 150975312
[1] 151008874
[1] "rs62434120"
[1] "QTL type:"
[1] "eqtl"
[1] TRUE
[1] "trait input file successfully loaded"
   CHR       POS        SNP Tested_Allele Other_Allele Freq_Tested_Allele
1:   6 150975312 rs62434109             T            G             0.9297
2:   6 150977939 rs62434110             T            C             0.9297
3:   6 150977958 rs62434111             A            C             0.0702
4:   6 150979813 rs17080057             A            G             0.0702
5:   6 150981316 rs12664595             T            G             0.0701
6:   6 150982978 rs17080062             A            G             0.0703
      BETA     SE         P      N Ref_Allele Alt_Allele
1: -0.4726 0.0345 1.321e-42 724263          T          G
2: -0.4699 0.0344 2.006e-42 729256          T          C
3: -0.4713 0.0345 1.505e-42 728407          C          A
4: -0.4700 0.0344 1.661e-42 731494          G          A
5: -0.4715 0.0344 7.635e-43 733181          G          T
6: -0.4726 0.0343 4.002e-43 733588          G          A
[1] "rs62434109" "rs62434110" "rs62434111"
[1] "/gpfs/projects/bsc83/Projects/Breast/ANALYSIS/Hypertension/data/Coloq/chr_6_snp151_hash_table.json"
$rs233
[1] "chr6_163282976"

$rs553
[1] "chr6_131890900"

$rs577
[1] "chr6_157944003"

[1] "hash table loaded"
[1] "/gpfs/projects/bsc83/Projects/Breast/ANALYSIS/Hypertension/analysis/06_colocalization/ColocQuiaL-main/GTEx_v8_Tissue_Summary_with_filenames_all.csv"
                          Tissue NumberRNASeqandGTSamples NumberRNASeqSamples
1              Muscle - Skeletal                      706                 803
2                    Whole Blood                      670                 755
3 Skin - Sun Exposed (Lower leg)                      605                 701
4                Artery - Tibial                      584                 663
5         Adipose - Subcutaneous                      581                 663
6                        Thyroid                      574                 653
  Number_of_eGenes                      allPairsTabixFilename
1            13532            Muscle_Skeletal.allpairs.tab.gz
2            12360                Whole_Blood.allpairs.tab.gz
3            16967 Skin_Sun_Exposed_Lower_leg.allpairs.tab.gz
4            15008              Artery_Tibial.allpairs.tab.gz
5            15607       Adipose_Subcutaneous.allpairs.tab.gz
6            17684                    Thyroid.allpairs.tab.gz
                                              sigPairsTabixFilename
1            Muscle_Skeletal.v8.v8.signif_variant_gene_pairs.tab.gz
2                Whole_Blood.v8.v8.signif_variant_gene_pairs.tab.gz
3 Skin_Sun_Exposed_Lower_leg.v8.v8.signif_variant_gene_pairs.tab.gz
4              Artery_Tibial.v8.v8.signif_variant_gene_pairs.tab.gz
5       Adipose_Subcutaneous.v8.v8.signif_variant_gene_pairs.tab.gz
6                    Thyroid.v8.v8.signif_variant_gene_pairs.tab.gz
[1] "chr6_150671234"
[1] "ENSEMBL ID could not be converted to HGNC Symbol"
[1] "geneSymbol will be set to the ENSEMBL ID ENSG00000232891"
[1] "ENSG00000232891.1"
[1] "ENSG00000232891"
[1] "Adipose_Subcutaneous"
[1] "running liftOver"
[1] "Grabbing the all pairs data"
[1] "reading the all pairs data into R"
[1] 4015   14
[1] "Filtering on the geneID"
[1] "adding rs numbers to the QTL data"
[1] "merging the trait and eqtl data on unique ID"
[1] "Running coloc"
PP.H0.abf PP.H1.abf PP.H2.abf PP.H3.abf PP.H4.abf 
 1.13e-40  7.22e-01  8.80e-43  5.34e-03  2.72e-01 
[1] "PP abf for shared variant: 27.2%"

Variables in credible sets:

 variable variable_prob cs
       10    0.25389945  1
       20    0.16358134  1
       12    0.15918899  1
       18    0.09991364  1
        8    0.09449086  1
       19    0.09059039  1
       11    0.04911195  1
       21    0.02318525  1
       22    0.02224015  1

Credible sets summary:

 cs cs_log10bf cs_avg_r2 cs_min_r2                  variable
  1    42.8349 0.9196725 0.8401281 8,10,11,12,18,19,20,21,22

Variables in credible sets:

 variable variable_prob cs
       13    0.13034717  1
        9    0.11270236  1
       21    0.06576677  1
        7    0.06427669  1
        2    0.05178377  1
        8    0.04786875  1
       10    0.04786875  1
       12    0.04786875  1
       20    0.04786875  1
       18    0.04727281  1
       19    0.04483265  1
       17    0.04113411  1
       11    0.03513830  1
        3    0.03017304  1
       22    0.02939410  1
        4    0.02630421  1
       14    0.02630421  1
       15    0.02630421  1
        6    0.02398331  1
       16    0.02027105  1

Credible sets summary:

 cs cs_log10bf cs_avg_r2 cs_min_r2
  1  0.6056183 0.8719068 0.7323252
                                             variable
 2,3,4,6,7,8,9,10,11,12,13,14,15,16,17,18,19,20,21,22
PP.H0.abf PP.H1.abf PP.H2.abf PP.H3.abf PP.H4.abf 
 5.44e-41  8.18e-01  4.82e-43  6.91e-03  1.75e-01 
[1] "PP abf for shared variant: 17.5%"
   nsnps       hit1       hit2    PP.H0.abf PP.H1.abf   PP.H2.abf   PP.H3.abf
1:    22 rs17080093 rs59155780 5.436456e-41 0.8177867 4.82344e-43 0.006905113
   PP.H4.abf idx1 idx2
1: 0.1753082    1    1
[1] "ENSEMBL ID could not be converted to HGNC Symbol"
[1] "geneSymbol will be set to the ENSEMBL ID ENSG00000232891"
[1] "ENSG00000232891.1"
[1] "ENSG00000232891"
[1] "Lung"
[1] "running liftOver"
[1] "Grabbing the all pairs data"
[1] "reading the all pairs data into R"
[1] 4283   14
[1] "Filtering on the geneID"
[1] "adding rs numbers to the QTL data"
[1] "merging the trait and eqtl data on unique ID"
[1] "Running coloc"
PP.H0.abf PP.H1.abf PP.H2.abf PP.H3.abf PP.H4.abf 
 4.08e-42  2.57e-02  1.30e-41  8.07e-02  8.94e-01 
[1] "PP abf for shared variant: 89.4%"

Variables in credible sets:

 variable variable_prob cs
       10    0.25389945  1
       20    0.16358134  1
       12    0.15918899  1
       18    0.09991364  1
        8    0.09449086  1
       19    0.09059039  1
       11    0.04911195  1
       21    0.02318525  1
       22    0.02224015  1

Credible sets summary:

 cs cs_log10bf cs_avg_r2 cs_min_r2                  variable
  1    42.8349 0.9196725 0.8401281 8,10,11,12,18,19,20,21,22

Variables in credible sets:

 variable variable_prob cs
        1    0.39669220  1
       16    0.14932811  1
        4    0.09155342  1
       14    0.09155342  1
       15    0.09155342  1
        5    0.06515813  1
        3    0.05511391  1
       22    0.01609545  1

Credible sets summary:

 cs cs_log10bf cs_avg_r2 cs_min_r2            variable
  1   4.907854 0.9461443 0.8437617 1,3,4,5,14,15,16,22
PP.H0.abf PP.H1.abf PP.H2.abf PP.H3.abf PP.H4.abf 
 1.47e-43  2.22e-03  2.62e-41  3.93e-01  6.04e-01 
[1] "PP abf for shared variant: 60.4%"
   nsnps       hit1        hit2    PP.H0.abf   PP.H1.abf   PP.H2.abf PP.H3.abf
1:    22 rs17080093 rs113397083 1.474009e-43 0.002217299 2.62287e-41 0.3933401
   PP.H4.abf idx1 idx2
1: 0.6044426    1    1
[1] "ENSEMBL ID could not be converted to HGNC Symbol"
[1] "geneSymbol will be set to the ENSEMBL ID ENSG00000232891"
[1] "ENSG00000232891.1"
[1] "ENSG00000232891"
[1] "Adipose_Visceral_Omentum"
[1] "running liftOver"
[1] "Grabbing the all pairs data"
[1] "reading the all pairs data into R"
[1] 4149   14
[1] "Filtering on the geneID"
[1] "adding rs numbers to the QTL data"
[1] "merging the trait and eqtl data on unique ID"
[1] "Running coloc"
PP.H0.abf PP.H1.abf PP.H2.abf PP.H3.abf PP.H4.abf 
 2.78e-41  1.78e-01  3.64e-42  2.25e-02  8.00e-01 
[1] "PP abf for shared variant: 80%"

Variables in credible sets:

 variable variable_prob cs
       10    0.25389945  1
       20    0.16358134  1
       12    0.15918899  1
       18    0.09991364  1
        8    0.09449086  1
       19    0.09059039  1
       11    0.04911195  1
       21    0.02318525  1
       22    0.02224015  1

Credible sets summary:

 cs cs_log10bf cs_avg_r2 cs_min_r2                  variable
  1    42.8349 0.9196725 0.8401281 8,10,11,12,18,19,20,21,22

Variables in credible sets:

 variable variable_prob cs
        2    0.26443294  1
       17    0.08509176  1
        7    0.07721686  1
       21    0.07156763  1
       11    0.06650379  1
       22    0.06650379  1
        9    0.06283238  1
        6    0.04899650  1
        3    0.02667740  1
       18    0.02561263  1
        4    0.02498703  1
       14    0.02498703  1
       15    0.02498703  1
       16    0.02015123  1
        8    0.01914417  1
       10    0.01914417  1
       12    0.01914417  1
       20    0.01914417  1

Credible sets summary:

 cs cs_log10bf cs_avg_r2 cs_min_r2
  1   2.571394 0.8734805 0.7323252
                                       variable
 2,3,4,6,7,8,9,10,11,12,14,15,16,17,18,20,21,22
PP.H0.abf PP.H1.abf PP.H2.abf PP.H3.abf PP.H4.abf 
 5.52e-42  8.30e-02  4.52e-42  6.64e-02  8.51e-01 
[1] "PP abf for shared variant: 85.1%"
   nsnps       hit1       hit2    PP.H0.abf  PP.H1.abf    PP.H2.abf  PP.H3.abf
1:    22 rs17080093 rs12663498 5.517415e-42 0.08299651 4.524306e-42 0.06635624
   PP.H4.abf idx1 idx2
1: 0.8506473    1    1
[1] "ENSG00000131015.4"
[1] "ULBP2"
[1] "Colon_Sigmoid"
[1] "running liftOver"
[1] "Grabbing the all pairs data"
[1] "reading the all pairs data into R"
[1] 3747   14
[1] "Filtering on the geneID"
[1] "adding rs numbers to the QTL data"
[1] "merging the trait and eqtl data on unique ID"
[1] "Running coloc"
PP.H0.abf PP.H1.abf PP.H2.abf PP.H3.abf PP.H4.abf 
 8.48e-41  5.68e-01  1.78e-42  1.15e-02  4.20e-01 
[1] "PP abf for shared variant: 42%"

Variables in credible sets:

 variable variable_prob cs
       10    0.25389945  1
       20    0.16358134  1
       12    0.15918899  1
       18    0.09991364  1
        8    0.09449086  1
       19    0.09059039  1
       11    0.04911195  1
       21    0.02318525  1
       22    0.02224015  1

Credible sets summary:

 cs cs_log10bf cs_avg_r2 cs_min_r2                  variable
  1    42.8349 0.9196725 0.8401281 8,10,11,12,18,19,20,21,22

Variables in credible sets:

 variable variable_prob cs
        7    0.23281868  1
       22    0.13108337  1
       17    0.12061999  1
       21    0.12061999  1
       13    0.11129873  1
       11    0.09715116  1
       19    0.01671582  1
        6    0.01399413  1
       16    0.01399413  1
        5    0.01380115  1
        4    0.01361444  1
       14    0.01361444  1
       15    0.01361444  1
        8    0.01115340  1
        9    0.01115340  1
       10    0.01115340  1
       12    0.01115340  1

Credible sets summary:

 cs cs_log10bf cs_avg_r2 cs_min_r2                                     variable
  1   1.768327 0.8861622 0.7518572 4,5,6,7,8,9,10,11,12,13,14,15,16,17,19,21,22
PP.H0.abf PP.H1.abf PP.H2.abf PP.H3.abf PP.H4.abf 
 2.42e-41  3.63e-01  3.12e-42  4.57e-02  5.91e-01 
[1] "PP abf for shared variant: 59.1%"
   nsnps       hit1       hit2    PP.H0.abf PP.H1.abf    PP.H2.abf PP.H3.abf
1:    22 rs17080093 rs17080087 2.415231e-41 0.3633146 3.116796e-42 0.0457029
   PP.H4.abf idx1 idx2
1: 0.5909825    1    1
[1] "ENSG00000120278.15"
[1] "PLEKHG1"
[1] "Spleen"
[1] "running liftOver"
[1] "Grabbing the all pairs data"
[1] "reading the all pairs data into R"
[1] 3613   14
[1] "Filtering on the geneID"
[1] "adding rs numbers to the QTL data"
[1] "merging the trait and eqtl data on unique ID"
[1] "Running coloc"
PP.H0.abf PP.H1.abf PP.H2.abf PP.H3.abf PP.H4.abf 
 1.41e-40  8.44e-01  7.05e-43  4.06e-03  1.52e-01 
[1] "PP abf for shared variant: 15.2%"

Variables in credible sets:

 variable variable_prob cs
       10    0.25389945  1
       20    0.16358134  1
       12    0.15918899  1
       18    0.09991364  1
        8    0.09449086  1
       19    0.09059039  1
       11    0.04911195  1
       21    0.02318525  1
       22    0.02224015  1

Credible sets summary:

 cs cs_log10bf cs_avg_r2 cs_min_r2                  variable
  1    42.8349 0.9196725 0.8401281 8,10,11,12,18,19,20,21,22

Variables in credible sets:

 variable variable_prob cs
       17    0.12217732  1
        6    0.11543383  1
       13    0.10954199  1
        7    0.05101135  1
        4    0.05001915  1
       14    0.05001915  1
       15    0.05001915  1
       16    0.05001915  1
        1    0.04949907  1
        5    0.04670844  1
        3    0.03351394  1
       22    0.03216385  1
        8    0.03067666  1
        9    0.03067666  1
       10    0.03067666  1
       12    0.03067666  1
       18    0.02921913  1
       11    0.02878155  1
       21    0.02151687  1

Credible sets summary:

 cs cs_log10bf cs_avg_r2 cs_min_r2
  1  0.5601775 0.8893295 0.7658368
                                         variable
 1,3,4,5,6,7,8,9,10,11,12,13,14,15,16,17,18,21,22
PP.H0.abf PP.H1.abf PP.H2.abf PP.H3.abf PP.H4.abf 
 5.95e-41  8.95e-01  4.75e-43  6.95e-03  9.81e-02 
[1] "PP abf for shared variant: 9.81%"
   nsnps       hit1       hit2    PP.H0.abf PP.H1.abf    PP.H2.abf   PP.H3.abf
1:    22 rs17080093 rs62434120 5.949063e-41 0.8948965 4.753886e-43 0.006954804
    PP.H4.abf idx1 idx2
1: 0.09814873    1    1
