[1] "trait"
[1] "DBP"
[1] "trait_file_header_info"
[1] "/gpfs/projects/bsc83/Projects/Breast/ANALYSIS/Hypertension/analysis/06_colocalization/DBP_Evangelou_parsed.txt"
[1] "Tested_Allele"
[1] "Other_Allele"
[1] "SNP"
[1] "CHR"
[1] "POS"
[1] "P"
[1] "N"
[1] "Freq_Tested_Allele"
[1] "traitType:"
[1] "quant"
[1] 16
[1] "Locus Info:"
[1] 16
[1] 4922201
[1] 4952598
[1] "rs12921187"
[1] "QTL type:"
[1] "eqtl"
[1] TRUE
[1] "trait input file successfully loaded"
   CHR     POS        SNP Tested_Allele Other_Allele Freq_Tested_Allele    BETA
1:  16 4922201 rs12446456             T            C             0.4273 -0.1810
2:  16 4922450 rs12102426             T            G             0.5736 -0.1804
3:  16 4929269 rs11076854             A            G             0.4320  0.1789
4:  16 4932560     rs7214             T            G             0.5686 -0.1643
5:  16 4932929  rs1049212             A            G             0.4306  0.1788
6:  16 4933939  rs2037912             C            G             0.5610  0.1691
       SE         P      N Ref_Allele Alt_Allele
1: 0.0175 3.985e-25 754363          C          T
2: 0.0175 5.729e-25 753870          T          G
3: 0.0176 2.273e-24 746511          A          G
4: 0.0175 7.475e-21 746978          T          G
5: 0.0175 1.298e-24 753142          A          G
6: 0.0174 2.542e-22 755145          G          C
[1] "rs12446456" "rs12102426" "rs11076854"
[1] "/gpfs/projects/bsc83/Projects/Breast/ANALYSIS/Hypertension/data/Coloq/chr_16_snp151_hash_table.json"
$rs540
[1] "chr16_370907"

$rs870
[1] "chr16_79203690"

$rs1121
[1] "chr16_15037219"

[1] "hash table loaded"
[1] "/gpfs/projects/bsc83/Projects/Breast/ANALYSIS/Hypertension/analysis/06_colocalization/ColocQuiaL-main/GTEx_v8_Tissue_Summary_with_filenames_all.csv"
                          Tissue NumberRNASeqandGTSamples NumberRNASeqSamples
1              Muscle - Skeletal                      706                 803
2                    Whole Blood                      670                 755
3 Skin - Sun Exposed (Lower leg)                      605                 701
4                Artery - Tibial                      584                 663
5         Adipose - Subcutaneous                      581                 663
6                        Thyroid                      574                 653
  Number_of_eGenes                      allPairsTabixFilename
1            13532            Muscle_Skeletal.allpairs.tab.gz
2            12360                Whole_Blood.allpairs.tab.gz
3            16967 Skin_Sun_Exposed_Lower_leg.allpairs.tab.gz
4            15008              Artery_Tibial.allpairs.tab.gz
5            15607       Adipose_Subcutaneous.allpairs.tab.gz
6            17684                    Thyroid.allpairs.tab.gz
                                              sigPairsTabixFilename
1            Muscle_Skeletal.v8.v8.signif_variant_gene_pairs.tab.gz
2                Whole_Blood.v8.v8.signif_variant_gene_pairs.tab.gz
3 Skin_Sun_Exposed_Lower_leg.v8.v8.signif_variant_gene_pairs.tab.gz
4              Artery_Tibial.v8.v8.signif_variant_gene_pairs.tab.gz
5       Adipose_Subcutaneous.v8.v8.signif_variant_gene_pairs.tab.gz
6                    Thyroid.v8.v8.signif_variant_gene_pairs.tab.gz
[1] "chr16_4893018"
[1] "ENSG00000103199.13"
[1] "ZNF500"
[1] "Muscle_Skeletal"
[1] "running liftOver"
[1] "Grabbing the all pairs data"
[1] "reading the all pairs data into R"
[1] 4312   14
[1] "Filtering on the geneID"
[1] "adding rs numbers to the QTL data"
[1] "merging the trait and eqtl data on unique ID"
[1] "Running coloc"
PP.H0.abf PP.H1.abf PP.H2.abf PP.H3.abf PP.H4.abf 
 4.62e-19  7.12e-02  1.21e-19  1.77e-02  9.11e-01 
[1] "PP abf for shared variant: 91.1%"

Variables in credible sets:

 variable variable_prob cs
        4    0.39249376  1
        5    0.23136946  1
       10    0.10472361  1
        8    0.09304058  1
       12    0.04465162  1
        6    0.04465162  1
        9    0.04465162  1

Credible sets summary:

 cs cs_log10bf cs_avg_r2 cs_min_r2        variable
  1   20.64354 0.9376154 0.8720459 4,5,6,8,9,10,12

Variables in credible sets:

 variable variable_prob cs
        7    0.25291745  1
        8    0.19999864  1
       13    0.06991067  1
        9    0.06001914  1
        6    0.05323378  1
        1    0.05096451  1
       16    0.04872853  1
       14    0.04808074  1
       11    0.04550709  1
        2    0.04283283  1
       10    0.04257601  1
        5    0.02543923  1
        3    0.01815227  1

Credible sets summary:

 cs cs_log10bf cs_avg_r2 cs_min_r2                       variable
  1   2.302269 0.9358886 0.8780215 1,2,3,5,6,7,8,9,10,11,13,14,16
PP.H0.abf PP.H1.abf PP.H2.abf PP.H3.abf PP.H4.abf 
 1.56e-19  1.10e-01  5.01e-20  3.36e-02  8.56e-01 
[1] "PP abf for shared variant: 85.6%"
   nsnps      hit1       hit2    PP.H0.abf PP.H1.abf    PP.H2.abf  PP.H3.abf
1:    16 rs1049212 rs12596053 1.562465e-19 0.1100206 5.014174e-20 0.03359441
   PP.H4.abf idx1 idx2
1:  0.856385    1    1
[1] "ENSG00000118900.14"
[1] "UBN1"
[1] "Muscle_Skeletal"
[1] "running liftOver"
[1] "Grabbing the all pairs data"
[1] "reading the all pairs data into R"
[1] 4312   14
[1] "Filtering on the geneID"
[1] "adding rs numbers to the QTL data"
[1] "merging the trait and eqtl data on unique ID"
[1] "Running coloc"
PP.H0.abf PP.H1.abf PP.H2.abf PP.H3.abf PP.H4.abf 
 2.83e-18  4.37e-01  3.03e-20  4.10e-03  5.59e-01 
[1] "PP abf for shared variant: 55.9%"

Variables in credible sets:

 variable variable_prob cs
        4    0.39249376  1
        5    0.23136946  1
       10    0.10472361  1
        8    0.09304058  1
       12    0.04465162  1
        6    0.04465162  1
        9    0.04465162  1

Credible sets summary:

 cs cs_log10bf cs_avg_r2 cs_min_r2        variable
  1   20.64354 0.9376154 0.8720459 4,5,6,8,9,10,12

Variables in credible sets:

 variable variable_prob cs
        4    0.19765994  1
        3    0.10323738  1
        5    0.08316450  1
       11    0.08157412  1
        9    0.07490011  1
        2    0.07056917  1
       10    0.06381223  1
        1    0.05335140  1
        8    0.04548026  1
       14    0.04526306  1
       13    0.04435838  1
       15    0.03229547  1
       12    0.02863634  1
        7    0.02747497  1

Credible sets summary:

 cs cs_log10bf cs_avg_r2 cs_min_r2                          variable
  1  0.8426943  0.925134 0.8066662 1,2,3,4,5,7,8,9,10,11,12,13,14,15
PP.H0.abf PP.H1.abf PP.H2.abf PP.H3.abf PP.H4.abf 
 8.60e-19  6.05e-01  9.58e-21  5.97e-03  3.89e-01 
[1] "PP abf for shared variant: 38.9%"
   nsnps      hit1      hit2  PP.H0.abf PP.H1.abf    PP.H2.abf   PP.H3.abf
1:    16 rs1049212 rs1049212 8.5974e-19 0.6053836 9.575941e-21 0.005965571
   PP.H4.abf idx1 idx2
1: 0.3886508    1    1
[1] "ENSG00000067836.12"
[1] "ROGDI"
[1] "Whole_Blood"
[1] "running liftOver"
[1] "Grabbing the all pairs data"
[1] "reading the all pairs data into R"
[1] 4446   14
[1] "Filtering on the geneID"
[1] "adding rs numbers to the QTL data"
[1] "merging the trait and eqtl data on unique ID"
[1] "Running coloc"
PP.H0.abf PP.H1.abf PP.H2.abf PP.H3.abf PP.H4.abf 
 1.95e-20  3.00e-03  1.07e-19  1.55e-02  9.81e-01 
[1] "PP abf for shared variant: 98.1%"

Variables in credible sets:

 variable variable_prob cs
        4    0.39249376  1
        5    0.23136946  1
       10    0.10472361  1
        8    0.09304058  1
       12    0.04465162  1
        6    0.04465162  1
        9    0.04465162  1

Credible sets summary:

 cs cs_log10bf cs_avg_r2 cs_min_r2        variable
  1   20.64354 0.9376154 0.8720459 4,5,6,8,9,10,12

Variables in credible sets:

 variable variable_prob cs
       15    0.10770925  1
       13    0.10329246  1
       14    0.10329246  1
       16    0.08105248  1
        3    0.08040652  1
        4    0.07158073  1
        7    0.06105529  1
        2    0.06103901  1
        5    0.05977743  1
       12    0.05082438  1
        1    0.04883704  1
        8    0.04377477  1
       11    0.04214977  1
       10    0.04136182  1

Credible sets summary:

 cs cs_log10bf cs_avg_r2 cs_min_r2                           variable
  1   3.822822  0.926235 0.8066662 1,2,3,4,5,7,8,10,11,12,13,14,15,16
PP.H0.abf PP.H1.abf PP.H2.abf PP.H3.abf PP.H4.abf 
 4.48e-21  3.16e-03  4.77e-20  3.17e-02  9.65e-01 
[1] "PP abf for shared variant: 96.5%"
   nsnps      hit1   hit2    PP.H0.abf   PP.H1.abf    PP.H2.abf  PP.H3.abf
1:    16 rs1049212 rs7214 4.482979e-21 0.003156678 4.769895e-20 0.03165671
   PP.H4.abf idx1 idx2
1: 0.9651866    1    1
[1] "ENSG00000102858.12"
[1] "MGRN1"
[1] "Whole_Blood"
[1] "running liftOver"
[1] "Grabbing the all pairs data"
[1] "reading the all pairs data into R"
[1] 4446   14
[1] "Filtering on the geneID"
[1] "adding rs numbers to the QTL data"
[1] "merging the trait and eqtl data on unique ID"
[1] "Running coloc"
PP.H0.abf PP.H1.abf PP.H2.abf PP.H3.abf PP.H4.abf 
 5.05e-18  7.80e-01  3.41e-20  5.05e-03  2.15e-01 
[1] "PP abf for shared variant: 21.5%"

Variables in credible sets:

 variable variable_prob cs
        4    0.39249376  1
        5    0.23136946  1
       10    0.10472361  1
        8    0.09304058  1
       12    0.04465162  1
        6    0.04465162  1
        9    0.04465162  1

Credible sets summary:

 cs cs_log10bf cs_avg_r2 cs_min_r2        variable
  1   20.64354 0.9376154 0.8720459 4,5,6,8,9,10,12

Variables in credible sets:

 variable variable_prob cs
       13    0.13962315  1
       14    0.13962315  1
       16    0.13084496  1
        8    0.08215908  1
       12    0.07655000  1
        7    0.07312329  1
        6    0.05518143  1
        3    0.03891407  1
        9    0.03706665  1
        1    0.03637965  1
       11    0.03634938  1
       10    0.03450198  1
        4    0.03427588  1
        2    0.03105878  1
        5    0.02907114  1

Credible sets summary:

 cs cs_log10bf cs_avg_r2 cs_min_r2                            variable
  1  0.6498655 0.9306848 0.8433337 1,2,3,4,5,6,7,8,9,10,11,12,13,14,16
PP.H0.abf PP.H1.abf PP.H2.abf PP.H3.abf PP.H4.abf 
 1.23e-18  8.64e-01  8.77e-21  5.92e-03  1.30e-01 
[1] "PP abf for shared variant: 13%"
   nsnps      hit1      hit2    PP.H0.abf PP.H1.abf    PP.H2.abf   PP.H3.abf
1:    16 rs1049212 rs2075636 1.227375e-18 0.8642525 8.769252e-21 0.005915181
   PP.H4.abf idx1 idx2
1: 0.1298323    1    1
[1] "ENSG00000140623.13"
[1] "SEPTIN12"
[1] "Whole_Blood"
[1] "running liftOver"
[1] "Grabbing the all pairs data"
[1] "reading the all pairs data into R"
[1] 4446   14
[1] "Filtering on the geneID"
[1] "adding rs numbers to the QTL data"
[1] "merging the trait and eqtl data on unique ID"
[1] "Running coloc"
PP.H0.abf PP.H1.abf PP.H2.abf PP.H3.abf PP.H4.abf 
 9.01e-23  1.39e-05  1.20e-19  1.75e-02  9.83e-01 
[1] "PP abf for shared variant: 98.3%"

Variables in credible sets:

 variable variable_prob cs
        4    0.39249376  1
        5    0.23136946  1
       10    0.10472361  1
        8    0.09304058  1
       12    0.04465162  1
        6    0.04465162  1
        9    0.04465162  1

Credible sets summary:

 cs cs_log10bf cs_avg_r2 cs_min_r2        variable
  1   20.64354 0.9376154 0.8720459 4,5,6,8,9,10,12

Variables in credible sets:

 variable variable_prob cs
       15    0.16935701  1
       13    0.12408173  1
       14    0.12408173  1
       12    0.11350022  1
       10    0.09086186  1
        4    0.06425087  1
        3    0.06014248  1
       11    0.05738854  1
        2    0.04961774  1
       16    0.03791058  1
        5    0.02663407  1
        6    0.01794926  1
        8    0.01648781  1

Credible sets summary:

 cs cs_log10bf cs_avg_r2 cs_min_r2                         variable
  1   6.692535 0.9226682 0.8066662 2,3,4,5,6,8,10,11,12,13,14,15,16
PP.H0.abf PP.H1.abf PP.H2.abf PP.H3.abf PP.H4.abf 
 6.87e-24  4.84e-06  5.42e-20  3.62e-02  9.64e-01 
[1] "PP abf for shared variant: 96.4%"
   nsnps      hit1   hit2    PP.H0.abf   PP.H1.abf    PP.H2.abf  PP.H3.abf
1:    16 rs1049212 rs7214 6.871871e-24 4.83881e-06 5.416641e-20 0.03621357
   PP.H4.abf idx1 idx2
1: 0.9637816    1    1
[1] "ENSEMBL ID could not be converted to HGNC Symbol"
[1] "geneSymbol will be set to the ENSEMBL ID ENSG00000267077"
[1] "ENSG00000267077.1"
[1] "ENSG00000267077"
[1] "Whole_Blood"
[1] "running liftOver"
[1] "Grabbing the all pairs data"
[1] "reading the all pairs data into R"
[1] 4446   14
[1] "Filtering on the geneID"
[1] "adding rs numbers to the QTL data"
[1] "merging the trait and eqtl data on unique ID"
[1] "Running coloc"
PP.H0.abf PP.H1.abf PP.H2.abf PP.H3.abf PP.H4.abf 
 3.95e-30  6.10e-13  1.69e-19  2.50e-02  9.75e-01 
[1] "PP abf for shared variant: 97.5%"

Variables in credible sets:

 variable variable_prob cs
        4    0.39249376  1
        5    0.23136946  1
       10    0.10472361  1
        8    0.09304058  1
       12    0.04465162  1
        6    0.04465162  1
        9    0.04465162  1

Credible sets summary:

 cs cs_log10bf cs_avg_r2 cs_min_r2        variable
  1   20.64354 0.9376154 0.8720459 4,5,6,8,9,10,12

Variables in credible sets:

 variable variable_prob cs
        7    0.24599550  1
        6    0.21604513  1
        8    0.15947184  1
       13    0.08370165  1
       14    0.08370165  1
       16    0.07030580  1
       15    0.03516023  1
       11    0.02476891  1
       12    0.02386990  1
       10    0.02032100  1

Credible sets summary:

 cs cs_log10bf cs_avg_r2 cs_min_r2                   variable
  1   16.73605  0.922844 0.8066662 6,7,8,10,11,12,13,14,15,16
PP.H0.abf PP.H1.abf PP.H2.abf PP.H3.abf PP.H4.abf 
 8.21e-34  5.78e-16  7.15e-20  4.84e-02  9.52e-01 
[1] "PP abf for shared variant: 95.2%"
   nsnps      hit1       hit2    PP.H0.abf    PP.H1.abf    PP.H2.abf  PP.H3.abf
1:    16 rs1049212 rs12596053 8.205816e-34 5.778104e-16 7.149811e-20 0.04844209
   PP.H4.abf idx1 idx2
1: 0.9515579    1    1
[1] "ENSG00000267795.5"
[1] "SMIM22"
[1] "Whole_Blood"
[1] "running liftOver"
[1] "Grabbing the all pairs data"
[1] "reading the all pairs data into R"
[1] 4446   14
[1] "Filtering on the geneID"
[1] "adding rs numbers to the QTL data"
[1] "merging the trait and eqtl data on unique ID"
[1] "Running coloc"
PP.H0.abf PP.H1.abf PP.H2.abf PP.H3.abf PP.H4.abf 
 8.62e-23  1.33e-05  1.43e-19  2.11e-02  9.79e-01 
[1] "PP abf for shared variant: 97.9%"

Variables in credible sets:

 variable variable_prob cs
        4    0.39249376  1
        5    0.23136946  1
       10    0.10472361  1
        8    0.09304058  1
       12    0.04465162  1
        6    0.04465162  1
        9    0.04465162  1

Credible sets summary:

 cs cs_log10bf cs_avg_r2 cs_min_r2        variable
  1   20.64354 0.9376154 0.8720459 4,5,6,8,9,10,12

Variables in credible sets:

 variable variable_prob cs
       16    0.20647065  1
       13    0.18820970  1
       14    0.18820970  1
        1    0.11555239  1
        9    0.08246648  1
        4    0.05816660  1
       10    0.03755482  1
        8    0.02224991  1
        7    0.02023867  1
        2    0.01888294  1
       11    0.01802205  1

Credible sets summary:

 cs cs_log10bf cs_avg_r2 cs_min_r2                   variable
  1   6.840723 0.9408917 0.8914192 1,2,4,7,8,9,10,11,13,14,16
PP.H0.abf PP.H1.abf PP.H2.abf PP.H3.abf PP.H4.abf 
 6.48e-24  4.57e-06  7.19e-20  4.87e-02  9.51e-01 
[1] "PP abf for shared variant: 95.1%"
   nsnps      hit1     hit2    PP.H0.abf    PP.H1.abf    PP.H2.abf  PP.H3.abf
1:    16 rs1049212 rs760118 6.484473e-24 4.566024e-06 7.189809e-20 0.04872431
   PP.H4.abf idx1 idx2
1: 0.9512711    1    1
[1] "ENSG00000102858.12"
[1] "MGRN1"
[1] "Skin_Sun_Exposed_Lower_leg"
[1] "running liftOver"
[1] "Grabbing the all pairs data"
[1] "reading the all pairs data into R"
[1] 4580   14
[1] "Filtering on the geneID"
[1] "adding rs numbers to the QTL data"
[1] "merging the trait and eqtl data on unique ID"
[1] "Running coloc"
PP.H0.abf PP.H1.abf PP.H2.abf PP.H3.abf PP.H4.abf 
 4.13e-19  6.36e-02  1.49e-19  2.21e-02  9.14e-01 
[1] "PP abf for shared variant: 91.4%"

Variables in credible sets:

 variable variable_prob cs
        4    0.39249376  1
        5    0.23136946  1
       10    0.10472361  1
        8    0.09304058  1
       12    0.04465162  1
        6    0.04465162  1
        9    0.04465162  1

Credible sets summary:

 cs cs_log10bf cs_avg_r2 cs_min_r2        variable
  1   20.64354 0.9376154 0.8720459 4,5,6,8,9,10,12

Variables in credible sets:

 variable variable_prob cs
       16    0.15153131  1
       13    0.13528236  1
       14    0.11272638  1
        1    0.08681263  1
       11    0.07614390  1
       15    0.06415343  1
       12    0.05498688  1
        9    0.05351790  1
        2    0.04388802  1
       10    0.04315299  1
        4    0.04168739  1
        8    0.03894264  1
        3    0.03111533  1
        7    0.02416246  1

Credible sets summary:

 cs cs_log10bf cs_avg_r2 cs_min_r2                           variable
  1   2.488918 0.9271687 0.8066662 1,2,3,4,7,8,9,10,11,12,13,14,15,16
PP.H0.abf PP.H1.abf PP.H2.abf PP.H3.abf PP.H4.abf 
 1.33e-19  9.38e-02  6.57e-20  4.45e-02  8.62e-01 
[1] "PP abf for shared variant: 86.2%"
   nsnps      hit1     hit2    PP.H0.abf  PP.H1.abf   PP.H2.abf  PP.H3.abf
1:    16 rs1049212 rs760118 1.331445e-19 0.09375336 6.56691e-20 0.04451726
   PP.H4.abf idx1 idx2
1: 0.8617294    1    1
[1] "ENSG00000103199.13"
[1] "ZNF500"
[1] "Skin_Sun_Exposed_Lower_leg"
[1] "running liftOver"
[1] "Grabbing the all pairs data"
[1] "reading the all pairs data into R"
[1] 4580   14
[1] "Filtering on the geneID"
[1] "adding rs numbers to the QTL data"
[1] "merging the trait and eqtl data on unique ID"
[1] "Running coloc"
PP.H0.abf PP.H1.abf PP.H2.abf PP.H3.abf PP.H4.abf 
 9.76e-21  1.51e-03  1.26e-19  1.84e-02  9.80e-01 
[1] "PP abf for shared variant: 98%"

Variables in credible sets:

 variable variable_prob cs
        4    0.39249376  1
        5    0.23136946  1
       10    0.10472361  1
        8    0.09304058  1
       12    0.04465162  1
        6    0.04465162  1
        9    0.04465162  1

Credible sets summary:

 cs cs_log10bf cs_avg_r2 cs_min_r2        variable
  1   20.64354 0.9376154 0.8720459 4,5,6,8,9,10,12

Variables in credible sets:

 variable variable_prob cs
        9    0.14240655  1
       16    0.10875682  1
        1    0.09134355  1
        7    0.08662365  1
        2    0.07498167  1
       13    0.07284556  1
       10    0.07093549  1
       15    0.06046579  1
        8    0.05928772  1
       11    0.04750884  1
        5    0.04510513  1
       14    0.03954277  1
        4    0.03688854  1
        3    0.02646130  1

Credible sets summary:

 cs cs_log10bf cs_avg_r2 cs_min_r2                          variable
  1    4.27231 0.9326842 0.8504694 1,2,3,4,5,7,8,9,10,11,13,14,15,16
PP.H0.abf PP.H1.abf PP.H2.abf PP.H3.abf PP.H4.abf 
 1.86e-21  1.31e-03  5.56e-20  3.72e-02  9.61e-01 
[1] "PP abf for shared variant: 96.1%"
   nsnps      hit1       hit2    PP.H0.abf   PP.H1.abf   PP.H2.abf  PP.H3.abf
1:    16 rs1049212 rs12921187 1.855134e-21 0.001306288 5.55655e-20 0.03720332
   PP.H4.abf idx1 idx2
1: 0.9614904    1    1
[1] "ENSG00000118900.14"
[1] "UBN1"
[1] "Skin_Sun_Exposed_Lower_leg"
[1] "running liftOver"
[1] "Grabbing the all pairs data"
[1] "reading the all pairs data into R"
[1] 4580   14
[1] "Filtering on the geneID"
[1] "adding rs numbers to the QTL data"
[1] "merging the trait and eqtl data on unique ID"
[1] "Running coloc"
PP.H0.abf PP.H1.abf PP.H2.abf PP.H3.abf PP.H4.abf 
 1.09e-27  1.68e-10  2.86e-20  3.42e-03  9.97e-01 
[1] "PP abf for shared variant: 99.7%"

Variables in credible sets:

 variable variable_prob cs
        4    0.39249376  1
        5    0.23136946  1
       10    0.10472361  1
        8    0.09304058  1
       12    0.04465162  1
        6    0.04465162  1
        9    0.04465162  1

Credible sets summary:

 cs cs_log10bf cs_avg_r2 cs_min_r2        variable
  1   20.64354 0.9376154 0.8720459 4,5,6,8,9,10,12

Variables in credible sets:

 variable variable_prob cs
        4    0.52195431  1
        5    0.16344634  1
       10    0.13030409  1
       11    0.06921017  1
        2    0.05742512  1
        9    0.02051574  1

Credible sets summary:

 cs cs_log10bf cs_avg_r2 cs_min_r2      variable
  1   12.34916 0.9421508 0.8923051 2,4,5,9,10,11
PP.H0.abf PP.H1.abf PP.H2.abf PP.H3.abf PP.H4.abf 
 3.06e-30  2.16e-12  1.09e-20  5.72e-03  9.94e-01 
[1] "PP abf for shared variant: 99.4%"
   nsnps      hit1      hit2    PP.H0.abf    PP.H1.abf    PP.H2.abf   PP.H3.abf
1:    16 rs1049212 rs1049212 3.062625e-30 2.156539e-12 1.094894e-20 0.005721112
   PP.H4.abf idx1 idx2
1: 0.9942789    1    1
[1] "ENSG00000140623.13"
[1] "SEPTIN12"
[1] "Skin_Sun_Exposed_Lower_leg"
[1] "running liftOver"
[1] "Grabbing the all pairs data"
[1] "reading the all pairs data into R"
[1] 4580   14
[1] "Filtering on the geneID"
[1] "adding rs numbers to the QTL data"
[1] "merging the trait and eqtl data on unique ID"
[1] "Running coloc"
PP.H0.abf PP.H1.abf PP.H2.abf PP.H3.abf PP.H4.abf 
 8.92e-26  1.38e-08  3.95e-20  5.10e-03  9.95e-01 
[1] "PP abf for shared variant: 99.5%"

Variables in credible sets:

 variable variable_prob cs
        4    0.39249376  1
        5    0.23136946  1
       10    0.10472361  1
        8    0.09304058  1
       12    0.04465162  1
        6    0.04465162  1
        9    0.04465162  1

Credible sets summary:

 cs cs_log10bf cs_avg_r2 cs_min_r2        variable
  1   20.64354 0.9376154 0.8720459 4,5,6,8,9,10,12

Variables in credible sets:

 variable variable_prob cs
        4    0.24969330  1
        5    0.24406963  1
       10    0.20371355  1
        3    0.08576267  1
        9    0.07820284  1
       16    0.02197109  1
       11    0.02183989  1
        8    0.01975156  1
        2    0.01814148  1
       13    0.01439703  1

Credible sets summary:

 cs cs_log10bf cs_avg_r2 cs_min_r2                variable
  1   9.949554 0.9374219  0.889166 2,3,4,5,8,9,10,11,13,16
PP.H0.abf PP.H1.abf PP.H2.abf PP.H3.abf PP.H4.abf 
 1.08e-27  7.63e-10  1.54e-20  8.89e-03  9.91e-01 
[1] "PP abf for shared variant: 99.1%"
   nsnps      hit1      hit2    PP.H0.abf   PP.H1.abf    PP.H2.abf   PP.H3.abf
1:    16 rs1049212 rs1049212 1.083638e-27 7.63041e-10 1.543682e-20 0.008887571
   PP.H4.abf idx1 idx2
1: 0.9911124    1    1
[1] "ENSG00000102858.12"
[1] "MGRN1"
[1] "Artery_Tibial"
[1] "running liftOver"
[1] "Grabbing the all pairs data"
[1] "reading the all pairs data into R"
[1] 4312   14
[1] "Filtering on the geneID"
[1] "adding rs numbers to the QTL data"
[1] "merging the trait and eqtl data on unique ID"
[1] "Running coloc"
PP.H0.abf PP.H1.abf PP.H2.abf PP.H3.abf PP.H4.abf 
 1.34e-19  2.07e-02  7.10e-20  9.98e-03  9.69e-01 
[1] "PP abf for shared variant: 96.9%"

Variables in credible sets:

 variable variable_prob cs
        4    0.39249376  1
        5    0.23136946  1
       10    0.10472361  1
        8    0.09304058  1
       12    0.04465162  1
        6    0.04465162  1
        9    0.04465162  1

Credible sets summary:

 cs cs_log10bf cs_avg_r2 cs_min_r2        variable
  1   20.64354 0.9376154 0.8720459 4,5,6,8,9,10,12

Variables in credible sets:

 variable variable_prob cs
       10    0.15819017  1
        4    0.11003826  1
        5    0.08202068  1
        9    0.06550891  1
       11    0.06520617  1
       13    0.06339131  1
       16    0.06339131  1
        2    0.05823695  1
        3    0.05677714  1
        8    0.05647006  1
        7    0.05616251  1
       14    0.05556212  1
       15    0.05162139  1
        1    0.03451452  1

Credible sets summary:

 cs cs_log10bf cs_avg_r2 cs_min_r2                          variable
  1   2.687602 0.9326842 0.8504694 1,2,3,4,5,7,8,9,10,11,13,14,15,16
PP.H0.abf PP.H1.abf PP.H2.abf PP.H3.abf PP.H4.abf 
 3.84e-20  2.71e-02  2.99e-20  1.92e-02  9.54e-01 
[1] "PP abf for shared variant: 95.4%"
   nsnps      hit1      hit2    PP.H0.abf  PP.H1.abf    PP.H2.abf  PP.H3.abf
1:    16 rs1049212 rs2015319 3.842214e-20 0.02705485 2.994358e-20 0.01917715
   PP.H4.abf idx1 idx2
1:  0.953768    1    1
[1] "ENSG00000118900.14"
[1] "UBN1"
[1] "Artery_Tibial"
[1] "running liftOver"
[1] "Grabbing the all pairs data"
[1] "reading the all pairs data into R"
[1] 4312   14
[1] "Filtering on the geneID"
[1] "adding rs numbers to the QTL data"
[1] "merging the trait and eqtl data on unique ID"
[1] "Running coloc"
PP.H0.abf PP.H1.abf PP.H2.abf PP.H3.abf PP.H4.abf 
 9.38e-24  1.45e-06  1.81e-18  2.78e-01  7.22e-01 
[1] "PP abf for shared variant: 72.2%"

Variables in credible sets:

 variable variable_prob cs
        4    0.39249376  1
        5    0.23136946  1
       10    0.10472361  1
        8    0.09304058  1
       12    0.04465162  1
        6    0.04465162  1
        9    0.04465162  1

Credible sets summary:

 cs cs_log10bf cs_avg_r2 cs_min_r2        variable
  1   20.64354 0.9376154 0.8720459 4,5,6,8,9,10,12

Variables in credible sets:

 variable variable_prob cs
       15    0.90095331  1
        3    0.05272543  1

Credible sets summary:

 cs cs_log10bf cs_avg_r2 cs_min_r2 variable
  1   9.794399 0.9552384 0.9552384     3,15
PP.H0.abf PP.H1.abf PP.H2.abf PP.H3.abf PP.H4.abf 
 9.76e-26  6.87e-08  9.73e-19  6.84e-01  3.16e-01 
[1] "PP abf for shared variant: 31.6%"
   nsnps      hit1   hit2    PP.H0.abf   PP.H1.abf    PP.H2.abf PP.H3.abf
1:    16 rs1049212 rs7214 9.758825e-26 6.87165e-08 9.725597e-19 0.6841937
   PP.H4.abf idx1 idx2
1: 0.3158062    1    1
[1] "ENSG00000102858.12"
[1] "MGRN1"
[1] "Adipose_Subcutaneous"
[1] "running liftOver"
[1] "Grabbing the all pairs data"
[1] "reading the all pairs data into R"
[1] 4312   14
[1] "Filtering on the geneID"
[1] "adding rs numbers to the QTL data"
[1] "merging the trait and eqtl data on unique ID"
[1] "Running coloc"
PP.H0.abf PP.H1.abf PP.H2.abf PP.H3.abf PP.H4.abf 
 6.70e-22  1.03e-04  2.13e-19  3.19e-02  9.68e-01 
[1] "PP abf for shared variant: 96.8%"

Variables in credible sets:

 variable variable_prob cs
        4    0.39249376  1
        5    0.23136946  1
       10    0.10472361  1
        8    0.09304058  1
       12    0.04465162  1
        6    0.04465162  1
        9    0.04465162  1

Credible sets summary:

 cs cs_log10bf cs_avg_r2 cs_min_r2        variable
  1   20.64354 0.9376154 0.8720459 4,5,6,8,9,10,12

Variables in credible sets:

 variable variable_prob cs
       15    0.18419796  1
       13    0.17411373  1
       14    0.11112276  1
        1    0.09486015  1
       16    0.08901029  1
       10    0.08507836  1
       11    0.07383540  1
        2    0.07127901  1
        9    0.03029356  1
        5    0.02051468  1
        4    0.01628437  1

Credible sets summary:

 cs cs_log10bf cs_avg_r2 cs_min_r2                    variable
  1   6.022784 0.9339933 0.8582892 1,2,4,5,9,10,11,13,14,15,16
PP.H0.abf PP.H1.abf PP.H2.abf PP.H3.abf PP.H4.abf 
 6.41e-23  4.51e-05  1.08e-19  7.42e-02  9.26e-01 
[1] "PP abf for shared variant: 92.6%"
   nsnps      hit1   hit2    PP.H0.abf    PP.H1.abf    PP.H2.abf  PP.H3.abf
1:    16 rs1049212 rs7214 6.409456e-23 4.513201e-05 1.080749e-19 0.07424927
   PP.H4.abf idx1 idx2
1: 0.9257056    1    1
[1] "ENSG00000103199.13"
[1] "ZNF500"
[1] "Adipose_Subcutaneous"
[1] "running liftOver"
[1] "Grabbing the all pairs data"
[1] "reading the all pairs data into R"
[1] 4312   14
[1] "Filtering on the geneID"
[1] "adding rs numbers to the QTL data"
[1] "merging the trait and eqtl data on unique ID"
[1] "Running coloc"
PP.H0.abf PP.H1.abf PP.H2.abf PP.H3.abf PP.H4.abf 
 7.11e-21  1.10e-03  1.42e-19  2.09e-02  9.78e-01 
[1] "PP abf for shared variant: 97.8%"

Variables in credible sets:

 variable variable_prob cs
        4    0.39249376  1
        5    0.23136946  1
       10    0.10472361  1
        8    0.09304058  1
       12    0.04465162  1
        6    0.04465162  1
        9    0.04465162  1

Credible sets summary:

 cs cs_log10bf cs_avg_r2 cs_min_r2        variable
  1   20.64354 0.9376154 0.8720459 4,5,6,8,9,10,12

Variables in credible sets:

 variable variable_prob cs
        7    0.21769709  1
       12    0.19633907  1
        8    0.08128929  1
       13    0.08116169  1
       10    0.07565977  1
        6    0.07464349  1
       14    0.05929675  1
        9    0.04167600  1
        2    0.03857854  1
       16    0.03172339  1
        1    0.02771187  1
       11    0.02490090  1

Credible sets summary:

 cs cs_log10bf cs_avg_r2 cs_min_r2                      variable
  1   4.553909 0.9355529 0.8462841 1,2,6,7,8,9,10,11,12,13,14,16
PP.H0.abf PP.H1.abf PP.H2.abf PP.H3.abf PP.H4.abf 
 1.05e-21  7.38e-04  6.00e-20  4.04e-02  9.59e-01 
[1] "PP abf for shared variant: 95.9%"
   nsnps      hit1       hit2    PP.H0.abf    PP.H1.abf   PP.H2.abf  PP.H3.abf
1:    16 rs1049212 rs12596053 1.048098e-21 0.0007380155 6.00387e-20 0.04035828
   PP.H4.abf idx1 idx2
1: 0.9589037    1    1
[1] "ENSG00000118900.14"
[1] "UBN1"
[1] "Adipose_Subcutaneous"
[1] "running liftOver"
[1] "Grabbing the all pairs data"
[1] "reading the all pairs data into R"
[1] 4312   14
[1] "Filtering on the geneID"
[1] "adding rs numbers to the QTL data"
[1] "merging the trait and eqtl data on unique ID"
[1] "Running coloc"
PP.H0.abf PP.H1.abf PP.H2.abf PP.H3.abf PP.H4.abf 
 4.11e-19  6.33e-02  2.06e-19  3.08e-02  9.06e-01 
[1] "PP abf for shared variant: 90.6%"

Variables in credible sets:

 variable variable_prob cs
        4    0.39249376  1
        5    0.23136946  1
       10    0.10472361  1
        8    0.09304058  1
       12    0.04465162  1
        6    0.04465162  1
        9    0.04465162  1

Credible sets summary:

 cs cs_log10bf cs_avg_r2 cs_min_r2        variable
  1   20.64354 0.9376154 0.8720459 4,5,6,8,9,10,12

Variables in credible sets:

 variable variable_prob cs
       15    0.18239248  1
        1    0.16462569  1
        9    0.10932227  1
       16    0.10882351  1
       13    0.06560885  1
        2    0.06539337  1
       11    0.06161928  1
        3    0.06032740  1
       14    0.03980904  1
       10    0.02940448  1
        8    0.02532542  1
        5    0.02292530  1
        4    0.01945246  1

Credible sets summary:

 cs cs_log10bf cs_avg_r2 cs_min_r2                        variable
  1   2.671844  0.934133 0.8582892 1,2,3,4,5,8,9,10,11,13,14,15,16
PP.H0.abf PP.H1.abf PP.H2.abf PP.H3.abf PP.H4.abf 
 1.23e-19  8.68e-02  9.26e-20  6.35e-02  8.50e-01 
[1] "PP abf for shared variant: 85%"
   nsnps      hit1   hit2    PP.H0.abf  PP.H1.abf    PP.H2.abf  PP.H3.abf
1:    16 rs1049212 rs7214 1.232396e-19 0.08677883 9.262193e-20 0.06352008
   PP.H4.abf idx1 idx2
1: 0.8497011    1    1
[1] "ENSG00000102858.12"
[1] "MGRN1"
[1] "Thyroid"
[1] "running liftOver"
[1] "Grabbing the all pairs data"
[1] "reading the all pairs data into R"
[1] 4714   14
[1] "Filtering on the geneID"
[1] "adding rs numbers to the QTL data"
[1] "merging the trait and eqtl data on unique ID"
[1] "Running coloc"
PP.H0.abf PP.H1.abf PP.H2.abf PP.H3.abf PP.H4.abf 
 2.41e-19  3.72e-02  1.47e-19  2.17e-02  9.41e-01 
[1] "PP abf for shared variant: 94.1%"

Variables in credible sets:

 variable variable_prob cs
        4    0.39249376  1
        5    0.23136946  1
       10    0.10472361  1
        8    0.09304058  1
       12    0.04465162  1
        6    0.04465162  1
        9    0.04465162  1

Credible sets summary:

 cs cs_log10bf cs_avg_r2 cs_min_r2        variable
  1   20.64354 0.9376154 0.8720459 4,5,6,8,9,10,12

Variables in credible sets:

 variable variable_prob cs
       14    0.17668750  1
       13    0.15794922  1
       16    0.14628949  1
        2    0.10428262  1
        5    0.07941472  1
       11    0.06741689  1
       15    0.06612987  1
        3    0.06014393  1
        1    0.04804110  1
        4    0.03365415  1
        9    0.01950185  1

Credible sets summary:

 cs cs_log10bf cs_avg_r2 cs_min_r2                   variable
  1     2.7746 0.9362382 0.8582892 1,2,3,4,5,9,11,13,14,15,16
PP.H0.abf PP.H1.abf PP.H2.abf PP.H3.abf PP.H4.abf 
 7.22e-20  5.08e-02  6.87e-20  4.66e-02  9.03e-01 
[1] "PP abf for shared variant: 90.3%"
   nsnps      hit1      hit2  PP.H0.abf  PP.H1.abf    PP.H2.abf  PP.H3.abf
1:    16 rs1049212 rs2075637 7.2196e-20 0.05083662 6.874366e-20 0.04660054
   PP.H4.abf idx1 idx2
1: 0.9025628    1    1
[1] "ENSG00000103199.13"
[1] "ZNF500"
[1] "Thyroid"
[1] "running liftOver"
[1] "Grabbing the all pairs data"
[1] "reading the all pairs data into R"
[1] 4714   14
[1] "Filtering on the geneID"
[1] "adding rs numbers to the QTL data"
[1] "merging the trait and eqtl data on unique ID"
[1] "Running coloc"
PP.H0.abf PP.H1.abf PP.H2.abf PP.H3.abf PP.H4.abf 
 1.80e-19  2.78e-02  4.79e-19  7.29e-02  8.99e-01 
[1] "PP abf for shared variant: 89.9%"

Variables in credible sets:

 variable variable_prob cs
        4    0.39249376  1
        5    0.23136946  1
       10    0.10472361  1
        8    0.09304058  1
       12    0.04465162  1
        6    0.04465162  1
        9    0.04465162  1

Credible sets summary:

 cs cs_log10bf cs_avg_r2 cs_min_r2        variable
  1   20.64354 0.9376154 0.8720459 4,5,6,8,9,10,12

Variables in credible sets:

 variable variable_prob cs
       16    0.38597585  1
       13    0.27581079  1
       14    0.15620076  1
        2    0.03001352  1
       11    0.02820570  1
        1    0.02525337  1
       15    0.01818164  1
        8    0.01806478  1
        7    0.01483345  1

Credible sets summary:

 cs cs_log10bf cs_avg_r2 cs_min_r2               variable
  1   3.558713 0.9354139 0.8504694 1,2,7,8,11,13,14,15,16
PP.H0.abf PP.H1.abf PP.H2.abf PP.H3.abf PP.H4.abf 
 4.55e-20  3.20e-02  2.63e-19  1.84e-01  7.84e-01 
[1] "PP abf for shared variant: 78.4%"
   nsnps      hit1     hit2    PP.H0.abf  PP.H1.abf    PP.H2.abf PP.H3.abf
1:    16 rs1049212 rs760118 4.546537e-20 0.03201432 2.633381e-19 0.1838606
   PP.H4.abf idx1 idx2
1: 0.7841251    1    1
[1] "ENSG00000102858.12"
[1] "MGRN1"
[1] "Nerve_Tibial"
[1] "running liftOver"
[1] "Grabbing the all pairs data"
[1] "reading the all pairs data into R"
[1] 4446   14
[1] "Filtering on the geneID"
[1] "adding rs numbers to the QTL data"
[1] "merging the trait and eqtl data on unique ID"
[1] "Running coloc"
PP.H0.abf PP.H1.abf PP.H2.abf PP.H3.abf PP.H4.abf 
 3.56e-21  5.48e-04  1.54e-19  2.28e-02  9.77e-01 
[1] "PP abf for shared variant: 97.7%"

Variables in credible sets:

 variable variable_prob cs
        4    0.39249376  1
        5    0.23136946  1
       10    0.10472361  1
        8    0.09304058  1
       12    0.04465162  1
        6    0.04465162  1
        9    0.04465162  1

Credible sets summary:

 cs cs_log10bf cs_avg_r2 cs_min_r2        variable
  1   20.64354 0.9376154 0.8720459 4,5,6,8,9,10,12

Variables in credible sets:

 variable variable_prob cs
       13    0.24565049  1
        2    0.13737653  1
       14    0.13352625  1
       16    0.11962848  1
       11    0.05965143  1
        5    0.05165196  1
        3    0.03973613  1
       10    0.03826683  1
        4    0.03064718  1
        9    0.02696955  1
       15    0.02695783  1
        8    0.02672941  1
        1    0.02666487  1

Credible sets summary:

 cs cs_log10bf cs_avg_r2 cs_min_r2                        variable
  1   5.037999  0.934133 0.8582892 1,2,3,4,5,8,9,10,11,13,14,15,16
PP.H0.abf PP.H1.abf PP.H2.abf PP.H3.abf PP.H4.abf 
 4.48e-22  3.16e-04  7.83e-20  5.32e-02  9.46e-01 
[1] "PP abf for shared variant: 94.6%"
   nsnps      hit1      hit2    PP.H0.abf    PP.H1.abf    PP.H2.abf PP.H3.abf
1:    16 rs1049212 rs2075636 4.483399e-22 0.0003156973 7.829369e-20 0.0532374
   PP.H4.abf idx1 idx2
1: 0.9464469    1    1
[1] "ENSG00000103199.13"
[1] "ZNF500"
[1] "Nerve_Tibial"
[1] "running liftOver"
[1] "Grabbing the all pairs data"
[1] "reading the all pairs data into R"
[1] 4446   14
[1] "Filtering on the geneID"
[1] "adding rs numbers to the QTL data"
[1] "merging the trait and eqtl data on unique ID"
[1] "Running coloc"
PP.H0.abf PP.H1.abf PP.H2.abf PP.H3.abf PP.H4.abf 
 4.96e-19  7.64e-02  1.95e-19  2.91e-02  8.94e-01 
[1] "PP abf for shared variant: 89.4%"

Variables in credible sets:

 variable variable_prob cs
        4    0.39249376  1
        5    0.23136946  1
       10    0.10472361  1
        8    0.09304058  1
       12    0.04465162  1
        6    0.04465162  1
        9    0.04465162  1

Credible sets summary:

 cs cs_log10bf cs_avg_r2 cs_min_r2        variable
  1   20.64354 0.9376154 0.8720459 4,5,6,8,9,10,12

Variables in credible sets:

 variable variable_prob cs
       16    0.23602063  1
       13    0.19808686  1
        7    0.18206658  1
        8    0.12282181  1
       14    0.09926475  1
        6    0.02434707  1
        2    0.02099063  1
        1    0.02081349  1
       11    0.01886246  1
        9    0.01562368  1
       10    0.01539496  1

Credible sets summary:

 cs cs_log10bf cs_avg_r2 cs_min_r2                   variable
  1   2.602014 0.9413169 0.8811333 1,2,6,7,8,9,10,11,13,14,16
PP.H0.abf PP.H1.abf PP.H2.abf PP.H3.abf PP.H4.abf 
 1.40e-19  9.85e-02  8.96e-20  6.14e-02  8.40e-01 
[1] "PP abf for shared variant: 84%"
   nsnps      hit1     hit2    PP.H0.abf  PP.H1.abf    PP.H2.abf  PP.H3.abf
1:    16 rs1049212 rs760118 1.399412e-19 0.09853925 8.955297e-20 0.06137832
   PP.H4.abf idx1 idx2
1: 0.8400824    1    1
[1] "ENSG00000118900.14"
[1] "UBN1"
[1] "Nerve_Tibial"
[1] "running liftOver"
[1] "Grabbing the all pairs data"
[1] "reading the all pairs data into R"
[1] 4446   14
[1] "Filtering on the geneID"
[1] "adding rs numbers to the QTL data"
[1] "merging the trait and eqtl data on unique ID"
[1] "Running coloc"
PP.H0.abf PP.H1.abf PP.H2.abf PP.H3.abf PP.H4.abf 
 1.89e-20  2.91e-03  1.60e-19  2.38e-02  9.73e-01 
[1] "PP abf for shared variant: 97.3%"

Variables in credible sets:

 variable variable_prob cs
        4    0.39249376  1
        5    0.23136946  1
       10    0.10472361  1
        8    0.09304058  1
       12    0.04465162  1
        6    0.04465162  1
        9    0.04465162  1

Credible sets summary:

 cs cs_log10bf cs_avg_r2 cs_min_r2        variable
  1   20.64354 0.9376154 0.8720459 4,5,6,8,9,10,12

Variables in credible sets:

 variable variable_prob cs
        6   0.359274937  1
       12   0.320312536  1
       15   0.070825984  1
        8   0.051618097  1
        7   0.049541808  1
        1   0.035643149  1
       11   0.035037394  1
        9   0.024489825  1
        2   0.009157746  1

Credible sets summary:

 cs cs_log10bf cs_avg_r2 cs_min_r2             variable
  1   4.215968 0.9185361 0.8066662 1,2,6,7,8,9,11,12,15
PP.H0.abf PP.H1.abf PP.H2.abf PP.H3.abf PP.H4.abf 
 2.37e-21  1.67e-03  6.25e-20  4.21e-02  9.56e-01 
[1] "PP abf for shared variant: 95.6%"
   nsnps      hit1       hit2    PP.H0.abf   PP.H1.abf    PP.H2.abf  PP.H3.abf
1:    16 rs1049212 rs11076856 2.373857e-21 0.001671545 6.245148e-20 0.04206251
   PP.H4.abf idx1 idx2
1: 0.9562659    1    1
[1] "ENSG00000102858.12"
[1] "MGRN1"
[1] "Skin_Not_Sun_Exposed_Suprapubic"
[1] "running liftOver"
[1] "Grabbing the all pairs data"
[1] "reading the all pairs data into R"
[1] 4714   14
[1] "Filtering on the geneID"
[1] "adding rs numbers to the QTL data"
[1] "merging the trait and eqtl data on unique ID"
[1] "Running coloc"
PP.H0.abf PP.H1.abf PP.H2.abf PP.H3.abf PP.H4.abf 
 2.18e-19  3.36e-02  6.40e-20  8.90e-03  9.58e-01 
[1] "PP abf for shared variant: 95.8%"

Variables in credible sets:

 variable variable_prob cs
        4    0.39249376  1
        5    0.23136946  1
       10    0.10472361  1
        8    0.09304058  1
       12    0.04465162  1
        6    0.04465162  1
        9    0.04465162  1

Credible sets summary:

 cs cs_log10bf cs_avg_r2 cs_min_r2        variable
  1   20.64354 0.9376154 0.8720459 4,5,6,8,9,10,12

Variables in credible sets:

 variable variable_prob cs
       10    0.14664398  1
        4    0.11969330  1
        5    0.10137535  1
        7    0.07968101  1
        8    0.06820384  1
       11    0.06549028  1
        9    0.05514268  1
        2    0.05465121  1
       13    0.04722259  1
        6    0.04668280  1
       16    0.04657322  1
       15    0.04127999  1
        3    0.03901798  1
       14    0.03090810  1
        1    0.02996636  1

Credible sets summary:

 cs cs_log10bf cs_avg_r2 cs_min_r2                            variable
  1   2.433424 0.9307829 0.8404947 1,2,3,4,5,6,7,8,9,10,11,13,14,15,16
PP.H0.abf PP.H1.abf PP.H2.abf PP.H3.abf PP.H4.abf 
 6.10e-20  4.29e-02  2.65e-20  1.68e-02  9.40e-01 
[1] "PP abf for shared variant: 94%"
   nsnps      hit1      hit2   PP.H0.abf  PP.H1.abf    PP.H2.abf  PP.H3.abf
1:    16 rs1049212 rs2015319 6.09702e-20 0.04293201 2.646439e-20 0.01675421
   PP.H4.abf idx1 idx2
1: 0.9403138    1    1
[1] "ENSG00000103199.13"
[1] "ZNF500"
[1] "Skin_Not_Sun_Exposed_Suprapubic"
[1] "running liftOver"
[1] "Grabbing the all pairs data"
[1] "reading the all pairs data into R"
[1] 4714   14
[1] "Filtering on the geneID"
[1] "adding rs numbers to the QTL data"
[1] "merging the trait and eqtl data on unique ID"
[1] "Running coloc"
PP.H0.abf PP.H1.abf PP.H2.abf PP.H3.abf PP.H4.abf 
 8.22e-19  1.27e-01  2.09e-19  3.14e-02  8.42e-01 
[1] "PP abf for shared variant: 84.2%"

Variables in credible sets:

 variable variable_prob cs
        4    0.39249376  1
        5    0.23136946  1
       10    0.10472361  1
        8    0.09304058  1
       12    0.04465162  1
        6    0.04465162  1
        9    0.04465162  1

Credible sets summary:

 cs cs_log10bf cs_avg_r2 cs_min_r2        variable
  1   20.64354 0.9376154 0.8720459 4,5,6,8,9,10,12

Variables in credible sets:

 variable variable_prob cs
       13    0.21355157  1
       14    0.17463629  1
       16    0.14697326  1
        7    0.08572237  1
        1    0.05094843  1
       12    0.04819144  1
        3    0.04628834  1
        2    0.03913441  1
        6    0.03692608  1
        9    0.03047796  1
       11    0.02751841  1
       15    0.02557630  1
        8    0.02531375  1

Credible sets summary:

 cs cs_log10bf cs_avg_r2 cs_min_r2                        variable
  1   2.377098 0.9254582 0.8066662 1,2,3,6,7,8,9,11,12,13,14,15,16
PP.H0.abf PP.H1.abf PP.H2.abf PP.H3.abf PP.H4.abf 
 2.47e-19  1.74e-01  9.42e-20  6.48e-02  7.61e-01 
[1] "PP abf for shared variant: 76.1%"
   nsnps      hit1      hit2    PP.H0.abf PP.H1.abf   PP.H2.abf  PP.H3.abf
1:    16 rs1049212 rs2075636 2.471957e-19 0.1740622 9.42452e-20 0.06484031
   PP.H4.abf idx1 idx2
1: 0.7610975    1    1
[1] "ENSG00000118900.14"
[1] "UBN1"
[1] "Skin_Not_Sun_Exposed_Suprapubic"
[1] "running liftOver"
[1] "Grabbing the all pairs data"
[1] "reading the all pairs data into R"
[1] 4714   14
[1] "Filtering on the geneID"
[1] "adding rs numbers to the QTL data"
[1] "merging the trait and eqtl data on unique ID"
[1] "Running coloc"
PP.H0.abf PP.H1.abf PP.H2.abf PP.H3.abf PP.H4.abf 
 5.12e-24  7.89e-07  4.64e-20  6.16e-03  9.94e-01 
[1] "PP abf for shared variant: 99.4%"

Variables in credible sets:

 variable variable_prob cs
        4    0.39249376  1
        5    0.23136946  1
       10    0.10472361  1
        8    0.09304058  1
       12    0.04465162  1
        6    0.04465162  1
        9    0.04465162  1

Credible sets summary:

 cs cs_log10bf cs_avg_r2 cs_min_r2        variable
  1   20.64354 0.9376154 0.8720459 4,5,6,8,9,10,12

Variables in credible sets:

 variable variable_prob cs
        4    0.32999485  1
       10    0.17534049  1
       16    0.06680772  1
       14    0.06413196  1
        2    0.05996793  1
        5    0.05649984  1
       11    0.05237440  1
        1    0.05192710  1
        9    0.04181943  1
       13    0.02659357  1
        3    0.02307916  1
       15    0.01888759  1

Credible sets summary:

 cs cs_log10bf cs_avg_r2 cs_min_r2                      variable
  1   8.058851 0.9356298 0.8582892 1,2,3,4,5,9,10,11,13,14,15,16
PP.H0.abf PP.H1.abf PP.H2.abf PP.H3.abf PP.H4.abf 
 9.27e-26  6.53e-08  1.70e-20  9.98e-03  9.90e-01 
[1] "PP abf for shared variant: 99%"
   nsnps      hit1      hit2    PP.H0.abf    PP.H1.abf    PP.H2.abf   PP.H3.abf
1:    16 rs1049212 rs1049212 9.272351e-26 6.529101e-08 1.698873e-20 0.009982535
   PP.H4.abf idx1 idx2
1: 0.9900174    1    1
[1] "ENSG00000140623.13"
[1] "SEPTIN12"
[1] "Skin_Not_Sun_Exposed_Suprapubic"
[1] "running liftOver"
[1] "Grabbing the all pairs data"
[1] "reading the all pairs data into R"
[1] 4714   14
[1] "Filtering on the geneID"
[1] "adding rs numbers to the QTL data"
[1] "merging the trait and eqtl data on unique ID"
[1] "Running coloc"
PP.H0.abf PP.H1.abf PP.H2.abf PP.H3.abf PP.H4.abf 
 1.12e-20  1.73e-03  6.98e-20  9.77e-03  9.88e-01 
[1] "PP abf for shared variant: 98.8%"

Variables in credible sets:

 variable variable_prob cs
        4    0.39249376  1
        5    0.23136946  1
       10    0.10472361  1
        8    0.09304058  1
       12    0.04465162  1
        6    0.04465162  1
        9    0.04465162  1

Credible sets summary:

 cs cs_log10bf cs_avg_r2 cs_min_r2        variable
  1   20.64354 0.9376154 0.8720459 4,5,6,8,9,10,12

Variables in credible sets:

 variable variable_prob cs
        5    0.16637876  1
        8    0.11590726  1
       13    0.08502990  1
        4    0.08257473  1
        9    0.07461734  1
       14    0.07396296  1
       11    0.07042608  1
       10    0.06894222  1
        2    0.06411878  1
       15    0.05155874  1
        6    0.03411373  1
       16    0.03156712  1
       12    0.02501471  1
        1    0.02210651  1

Credible sets summary:

 cs cs_log10bf cs_avg_r2 cs_min_r2                           variable
  1   4.009246 0.9247297 0.8066662 1,2,4,5,6,8,9,10,11,12,13,14,15,16
PP.H0.abf PP.H1.abf PP.H2.abf PP.H3.abf PP.H4.abf 
 1.77e-21  1.25e-03  2.90e-20  1.84e-02  9.80e-01 
[1] "PP abf for shared variant: 98%"
   nsnps      hit1       hit2    PP.H0.abf   PP.H1.abf    PP.H2.abf  PP.H3.abf
1:    16 rs1049212 rs11076854 1.773418e-21 0.001248748 2.898526e-20 0.01844929
   PP.H4.abf idx1 idx2
1:  0.980302    1    1
[1] "ENSG00000067836.12"
[1] "ROGDI"
[1] "Lung"
[1] "running liftOver"
[1] "Grabbing the all pairs data"
[1] "reading the all pairs data into R"
[1] 4580   14
[1] "Filtering on the geneID"
[1] "adding rs numbers to the QTL data"
[1] "merging the trait and eqtl data on unique ID"
[1] "Running coloc"
PP.H0.abf PP.H1.abf PP.H2.abf PP.H3.abf PP.H4.abf 
 5.66e-20  8.72e-03  1.16e-19  1.69e-02  9.74e-01 
[1] "PP abf for shared variant: 97.4%"

Variables in credible sets:

 variable variable_prob cs
        4    0.39249376  1
        5    0.23136946  1
       10    0.10472361  1
        8    0.09304058  1
       12    0.04465162  1
        6    0.04465162  1
        9    0.04465162  1

Credible sets summary:

 cs cs_log10bf cs_avg_r2 cs_min_r2        variable
  1   20.64354 0.9376154 0.8720459 4,5,6,8,9,10,12

Variables in credible sets:

 variable variable_prob cs
       15    0.15541379  1
        1    0.12275227  1
       10    0.08316736  1
       11    0.07695399  1
        3    0.07321770  1
        9    0.06634390  1
       14    0.06435162  1
        4    0.06257002  1
       16    0.05442503  1
        2    0.05367206  1
       13    0.04718147  1
       12    0.04542884  1
        5    0.04255786  1
        8    0.02482787  1

Credible sets summary:

 cs cs_log10bf cs_avg_r2 cs_min_r2                           variable
  1    3.41219 0.9265551 0.8066662 1,2,3,4,5,8,9,10,11,12,13,14,15,16
PP.H0.abf PP.H1.abf PP.H2.abf PP.H3.abf PP.H4.abf 
 1.25e-20  8.82e-03  5.18e-20  3.45e-02  9.57e-01 
[1] "PP abf for shared variant: 95.7%"
   nsnps      hit1   hit2    PP.H0.abf   PP.H1.abf    PP.H2.abf  PP.H3.abf
1:    16 rs1049212 rs7214 1.252504e-20 0.008819473 5.177135e-20 0.03454138
   PP.H4.abf idx1 idx2
1: 0.9566392    1    1
[1] "ENSG00000102858.12"
[1] "MGRN1"
[1] "Lung"
[1] "running liftOver"
[1] "Grabbing the all pairs data"
[1] "reading the all pairs data into R"
[1] 4580   14
[1] "Filtering on the geneID"
[1] "adding rs numbers to the QTL data"
[1] "merging the trait and eqtl data on unique ID"
[1] "Running coloc"
PP.H0.abf PP.H1.abf PP.H2.abf PP.H3.abf PP.H4.abf 
 1.98e-21  3.05e-04  3.32e-19  5.02e-02  9.49e-01 
[1] "PP abf for shared variant: 94.9%"

Variables in credible sets:

 variable variable_prob cs
        4    0.39249376  1
        5    0.23136946  1
       10    0.10472361  1
        8    0.09304058  1
       12    0.04465162  1
        6    0.04465162  1
        9    0.04465162  1

Credible sets summary:

 cs cs_log10bf cs_avg_r2 cs_min_r2        variable
  1   20.64354 0.9376154 0.8720459 4,5,6,8,9,10,12

Variables in credible sets:

 variable variable_prob cs
       16    0.37374285  1
       13    0.13912548  1
        2    0.10144880  1
       14    0.08471534  1
       11    0.07274001  1
        1    0.06945776  1
        3    0.06095384  1
       15    0.03978534  1
       10    0.01972149  1

Credible sets summary:

 cs cs_log10bf cs_avg_r2 cs_min_r2                variable
  1   5.804359 0.9432265 0.8771203 1,2,3,10,11,13,14,15,16
PP.H0.abf PP.H1.abf PP.H2.abf PP.H3.abf PP.H4.abf 
 1.94e-22  1.37e-04  1.98e-19  1.38e-01  8.62e-01 
[1] "PP abf for shared variant: 86.2%"
   nsnps      hit1     hit2    PP.H0.abf    PP.H1.abf    PP.H2.abf PP.H3.abf
1:    16 rs1049212 rs760118 1.941524e-22 0.0001367119 1.979804e-19  0.137683
   PP.H4.abf idx1 idx2
1: 0.8621803    1    1
[1] "ENSG00000103199.13"
[1] "ZNF500"
[1] "Lung"
[1] "running liftOver"
[1] "Grabbing the all pairs data"
[1] "reading the all pairs data into R"
[1] 4580   14
[1] "Filtering on the geneID"
[1] "adding rs numbers to the QTL data"
[1] "merging the trait and eqtl data on unique ID"
[1] "Running coloc"
PP.H0.abf PP.H1.abf PP.H2.abf PP.H3.abf PP.H4.abf 
 1.16e-21  1.79e-04  1.47e-19  2.17e-02  9.78e-01 
[1] "PP abf for shared variant: 97.8%"

Variables in credible sets:

 variable variable_prob cs
        4    0.39249376  1
        5    0.23136946  1
       10    0.10472361  1
        8    0.09304058  1
       12    0.04465162  1
        6    0.04465162  1
        9    0.04465162  1

Credible sets summary:

 cs cs_log10bf cs_avg_r2 cs_min_r2        variable
  1   20.64354 0.9376154 0.8720459 4,5,6,8,9,10,12

Variables in credible sets:

 variable variable_prob cs
        8    0.28962337  1
       16    0.20542643  1
        7    0.10903809  1
       12    0.06971975  1
        6    0.06648802  1
       13    0.05384200  1
       14    0.04200554  1
        1    0.03815628  1
        9    0.03651573  1
       15    0.02534243  1
       11    0.01533291  1

Credible sets summary:

 cs cs_log10bf cs_avg_r2 cs_min_r2                    variable
  1   5.632863 0.9272188 0.8066662 1,6,7,8,9,11,12,13,14,15,16
PP.H0.abf PP.H1.abf PP.H2.abf PP.H3.abf PP.H4.abf 
 9.00e-23  6.34e-05  6.18e-20  4.16e-02  9.58e-01 
[1] "PP abf for shared variant: 95.8%"
   nsnps      hit1       hit2    PP.H0.abf    PP.H1.abf    PP.H2.abf  PP.H3.abf
1:    16 rs1049212 rs12709120 9.000016e-23 6.337337e-05 6.183392e-20 0.04162356
   PP.H4.abf idx1 idx2
1: 0.9583131    1    1
[1] "ENSG00000118900.14"
[1] "UBN1"
[1] "Esophagus_Mucosa"
[1] "running liftOver"
[1] "Grabbing the all pairs data"
[1] "reading the all pairs data into R"
[1] 4714   14
[1] "Filtering on the geneID"
[1] "adding rs numbers to the QTL data"
[1] "merging the trait and eqtl data on unique ID"
[1] "Running coloc"
PP.H0.abf PP.H1.abf PP.H2.abf PP.H3.abf PP.H4.abf 
 2.73e-22  4.22e-05  2.73e-19  4.11e-02  9.59e-01 
[1] "PP abf for shared variant: 95.9%"

Variables in credible sets:

 variable variable_prob cs
        4    0.39249376  1
        5    0.23136946  1
       10    0.10472361  1
        8    0.09304058  1
       12    0.04465162  1
        6    0.04465162  1
        9    0.04465162  1

Credible sets summary:

 cs cs_log10bf cs_avg_r2 cs_min_r2        variable
  1   20.64354 0.9376154 0.8720459 4,5,6,8,9,10,12

Variables in credible sets:

 variable variable_prob cs
        1    0.50621503  1
        3    0.09110170  1
        2    0.08489991  1
        9    0.08077396  1
       11    0.06507091  1
       10    0.05977999  1
       15    0.04976252  1
        5    0.01325212  1

Credible sets summary:

 cs cs_log10bf cs_avg_r2 cs_min_r2           variable
  1   6.880188 0.9314912 0.8582892 1,2,3,5,9,10,11,15
PP.H0.abf PP.H1.abf PP.H2.abf PP.H3.abf PP.H4.abf 
 1.23e-23  8.69e-06  1.50e-19  1.04e-01  8.96e-01 
[1] "PP abf for shared variant: 89.6%"
   nsnps      hit1      hit2    PP.H0.abf    PP.H1.abf    PP.H2.abf PP.H3.abf
1:    16 rs1049212 rs1049205 1.233776e-23 8.687599e-06 1.498111e-19 0.1036965
   PP.H4.abf idx1 idx2
1: 0.8962948    1    1
[1] "ENSG00000140623.13"
[1] "SEPTIN12"
[1] "Esophagus_Mucosa"
[1] "running liftOver"
[1] "Grabbing the all pairs data"
[1] "reading the all pairs data into R"
[1] 4714   14
[1] "Filtering on the geneID"
[1] "adding rs numbers to the QTL data"
[1] "merging the trait and eqtl data on unique ID"
[1] "Running coloc"
PP.H0.abf PP.H1.abf PP.H2.abf PP.H3.abf PP.H4.abf 
 1.33e-19  2.05e-02  6.69e-20  9.34e-03  9.70e-01 
[1] "PP abf for shared variant: 97%"

Variables in credible sets:

 variable variable_prob cs
        4    0.39249376  1
        5    0.23136946  1
       10    0.10472361  1
        8    0.09304058  1
       12    0.04465162  1
        6    0.04465162  1
        9    0.04465162  1

Credible sets summary:

 cs cs_log10bf cs_avg_r2 cs_min_r2        variable
  1   20.64354 0.9376154 0.8720459 4,5,6,8,9,10,12

Variables in credible sets:

 variable variable_prob cs
        8    0.12529562  1
        4    0.11992193  1
        9    0.09269515  1
       10    0.09114995  1
        7    0.08573186  1
        5    0.07748317  1
        6    0.06314091  1
       11    0.05985918  1
        1    0.05262008  1
       16    0.04980501  1
       13    0.03738855  1
       14    0.03738855  1
       12    0.03361733  1
       15    0.02861987  1

Credible sets summary:

 cs cs_log10bf cs_avg_r2 cs_min_r2                           variable
  1   2.715453 0.9262382 0.8066662 1,4,5,6,7,8,9,10,11,12,13,14,15,16
PP.H0.abf PP.H1.abf PP.H2.abf PP.H3.abf PP.H4.abf 
 3.36e-20  2.36e-02  2.79e-20  1.77e-02  9.59e-01 
[1] "PP abf for shared variant: 95.9%"
   nsnps      hit1       hit2    PP.H0.abf  PP.H1.abf    PP.H2.abf PP.H3.abf
1:    16 rs1049212 rs12709120 3.355921e-20 0.02363063 2.788592e-20 0.0177185
   PP.H4.abf idx1 idx2
1: 0.9586509    1    1
[1] "ENSEMBL ID could not be converted to HGNC Symbol"
[1] "geneSymbol will be set to the ENSEMBL ID ENSG00000267077"
[1] "ENSG00000267077.1"
[1] "ENSG00000267077"
[1] "Esophagus_Mucosa"
[1] "running liftOver"
[1] "Grabbing the all pairs data"
[1] "reading the all pairs data into R"
[1] 4714   14
[1] "Filtering on the geneID"
[1] "adding rs numbers to the QTL data"
[1] "merging the trait and eqtl data on unique ID"
[1] "Running coloc"
PP.H0.abf PP.H1.abf PP.H2.abf PP.H3.abf PP.H4.abf 
 9.46e-22  1.46e-04  4.76e-19  7.24e-02  9.27e-01 
[1] "PP abf for shared variant: 92.7%"

Variables in credible sets:

 variable variable_prob cs
        4    0.39249376  1
        5    0.23136946  1
       10    0.10472361  1
        8    0.09304058  1
       12    0.04465162  1
        6    0.04465162  1
        9    0.04465162  1

Credible sets summary:

 cs cs_log10bf cs_avg_r2 cs_min_r2        variable
  1   20.64354 0.9376154 0.8720459 4,5,6,8,9,10,12

Variables in credible sets:

 variable variable_prob cs
       13    0.19460089  1
       14    0.19460089  1
        3    0.16740058  1
       11    0.15406852  1
       15    0.07403974  1
        1    0.07017822  1
        2    0.07008299  1
       16    0.04508671  1

Credible sets summary:

 cs cs_log10bf cs_avg_r2 cs_min_r2             variable
  1   6.470616 0.9488487 0.8946663 1,2,3,11,13,14,15,16
PP.H0.abf PP.H1.abf PP.H2.abf PP.H3.abf PP.H4.abf 
 6.01e-23  4.23e-05  2.84e-19  1.98e-01  8.02e-01 
[1] "PP abf for shared variant: 80.2%"
   nsnps      hit1      hit2    PP.H0.abf    PP.H1.abf    PP.H2.abf PP.H3.abf
1:    16 rs1049212 rs2075636 6.005731e-23 4.228919e-05 2.839889e-19 0.1983669
   PP.H4.abf idx1 idx2
1: 0.8015908    1    1
[1] "ENSG00000102858.12"
[1] "MGRN1"
[1] "Adipose_Visceral_Omentum"
[1] "running liftOver"
[1] "Grabbing the all pairs data"
[1] "reading the all pairs data into R"
[1] 4446   14
[1] "Filtering on the geneID"
[1] "adding rs numbers to the QTL data"
[1] "merging the trait and eqtl data on unique ID"
[1] "Running coloc"
PP.H0.abf PP.H1.abf PP.H2.abf PP.H3.abf PP.H4.abf 
 1.63e-20  2.52e-03  1.07e-19  1.54e-02  9.82e-01 
[1] "PP abf for shared variant: 98.2%"

Variables in credible sets:

 variable variable_prob cs
        4    0.39249376  1
        5    0.23136946  1
       10    0.10472361  1
        8    0.09304058  1
       12    0.04465162  1
        6    0.04465162  1
        9    0.04465162  1

Credible sets summary:

 cs cs_log10bf cs_avg_r2 cs_min_r2        variable
  1   20.64354 0.9376154 0.8720459 4,5,6,8,9,10,12

Variables in credible sets:

 variable variable_prob cs
        1    0.21119946  1
        5    0.14133088  1
       11    0.14085585  1
        2    0.13991793  1
        9    0.05964669  1
        3    0.04287028  1
       10    0.03966598  1
       15    0.03745063  1
        4    0.03172944  1
       16    0.02916880  1
       13    0.02755744  1
        8    0.02516125  1
        7    0.02184733  1
       14    0.02049991  1

Credible sets summary:

 cs cs_log10bf cs_avg_r2 cs_min_r2                          variable
  1   4.120217 0.9326842 0.8504694 1,2,3,4,5,7,8,9,10,11,13,14,15,16
PP.H0.abf PP.H1.abf PP.H2.abf PP.H3.abf PP.H4.abf 
 2.26e-21  1.59e-03  4.77e-20  3.17e-02  9.67e-01 
[1] "PP abf for shared variant: 96.7%"
   nsnps      hit1      hit2    PP.H0.abf   PP.H1.abf    PP.H2.abf  PP.H3.abf
1:    16 rs1049212 rs1049205 2.260993e-21 0.001592072 4.771297e-20 0.03166347
   PP.H4.abf idx1 idx2
1: 0.9667445    1    1
[1] "ENSG00000102858.12"
[1] "MGRN1"
[1] "Esophagus_Muscularis"
[1] "running liftOver"
[1] "Grabbing the all pairs data"
[1] "reading the all pairs data into R"
[1] 4848   14
[1] "Filtering on the geneID"
[1] "adding rs numbers to the QTL data"
[1] "merging the trait and eqtl data on unique ID"
[1] "Running coloc"
PP.H0.abf PP.H1.abf PP.H2.abf PP.H3.abf PP.H4.abf 
 4.63e-20  7.14e-03  1.17e-19  1.71e-02  9.76e-01 
[1] "PP abf for shared variant: 97.6%"

Variables in credible sets:

 variable variable_prob cs
        4    0.39249376  1
        5    0.23136946  1
       10    0.10472361  1
        8    0.09304058  1
       12    0.04465162  1
        6    0.04465162  1
        9    0.04465162  1

Credible sets summary:

 cs cs_log10bf cs_avg_r2 cs_min_r2        variable
  1   20.64354 0.9376154 0.8720459 4,5,6,8,9,10,12

Variables in credible sets:

 variable variable_prob cs
        8    0.22200319  1
        7    0.20588279  1
        6    0.11518613  1
        9    0.10750616  1
       16    0.08176228  1
       12    0.05430296  1
        1    0.05285480  1
       15    0.02849088  1
        5    0.02338267  1
       13    0.02202577  1
       14    0.02202577  1
       10    0.02072499  1

Credible sets summary:

 cs cs_log10bf cs_avg_r2 cs_min_r2                      variable
  1   3.612939 0.9277652 0.8066662 1,5,6,7,8,9,10,12,13,14,15,16
PP.H0.abf PP.H1.abf PP.H2.abf PP.H3.abf PP.H4.abf 
 7.70e-21  5.42e-03  5.05e-20  3.37e-02  9.61e-01 
[1] "PP abf for shared variant: 96.1%"
   nsnps      hit1       hit2    PP.H0.abf   PP.H1.abf    PP.H2.abf  PP.H3.abf
1:    16 rs1049212 rs12709120 7.698411e-21 0.005420816 5.051961e-20 0.03365139
   PP.H4.abf idx1 idx2
1: 0.9609278    1    1
[1] "ENSG00000118900.14"
[1] "UBN1"
[1] "Esophagus_Muscularis"
[1] "running liftOver"
[1] "Grabbing the all pairs data"
[1] "reading the all pairs data into R"
[1] 4848   14
[1] "Filtering on the geneID"
[1] "adding rs numbers to the QTL data"
[1] "merging the trait and eqtl data on unique ID"
[1] "Running coloc"
PP.H0.abf PP.H1.abf PP.H2.abf PP.H3.abf PP.H4.abf 
 2.84e-20  4.38e-03  7.44e-20  1.05e-02  9.85e-01 
[1] "PP abf for shared variant: 98.5%"

Variables in credible sets:

 variable variable_prob cs
        4    0.39249376  1
        5    0.23136946  1
       10    0.10472361  1
        8    0.09304058  1
       12    0.04465162  1
        6    0.04465162  1
        9    0.04465162  1

Credible sets summary:

 cs cs_log10bf cs_avg_r2 cs_min_r2        variable
  1   20.64354 0.9376154 0.8720459 4,5,6,8,9,10,12

Variables in credible sets:

 variable variable_prob cs
       10    0.14734021  1
        4    0.13761386  1
       11    0.12018964  1
        2    0.10567622  1
        3    0.07018609  1
        6    0.05694643  1
       16    0.05264063  1
       12    0.04214739  1
        8    0.03942693  1
        1    0.03883225  1
        5    0.03841331  1
        9    0.03771244  1
        7    0.03225562  1
       13    0.02928525  1
       14    0.02928525  1

Credible sets summary:

 cs cs_log10bf cs_avg_r2 cs_min_r2                            variable
  1   3.605808 0.9306848 0.8433337 1,2,3,4,5,6,7,8,9,10,11,12,13,14,16
PP.H0.abf PP.H1.abf PP.H2.abf PP.H3.abf PP.H4.abf 
 4.76e-21  3.35e-03  3.08e-20  1.97e-02  9.77e-01 
[1] "PP abf for shared variant: 97.7%"
   nsnps      hit1      hit2    PP.H0.abf   PP.H1.abf    PP.H2.abf  PP.H3.abf
1:    16 rs1049212 rs2015319 4.763982e-21 0.003354545 3.075378e-20 0.01970131
   PP.H4.abf idx1 idx2
1: 0.9769441    1    1
[1] "ENSG00000140623.13"
[1] "SEPTIN12"
[1] "Esophagus_Muscularis"
[1] "running liftOver"
[1] "Grabbing the all pairs data"
[1] "reading the all pairs data into R"
[1] 4848   14
[1] "Filtering on the geneID"
[1] "adding rs numbers to the QTL data"
[1] "merging the trait and eqtl data on unique ID"
[1] "Running coloc"
PP.H0.abf PP.H1.abf PP.H2.abf PP.H3.abf PP.H4.abf 
 1.06e-20  1.64e-03  2.40e-19  3.60e-02  9.62e-01 
[1] "PP abf for shared variant: 96.2%"

Variables in credible sets:

 variable variable_prob cs
        4    0.39249376  1
        5    0.23136946  1
       10    0.10472361  1
        8    0.09304058  1
       12    0.04465162  1
        6    0.04465162  1
        9    0.04465162  1

Credible sets summary:

 cs cs_log10bf cs_avg_r2 cs_min_r2        variable
  1   20.64354 0.9376154 0.8720459 4,5,6,8,9,10,12

Variables in credible sets:

 variable variable_prob cs
       15    0.35009203  1
        1    0.19665335  1
       16    0.10837845  1
       11    0.06726870  1
        3    0.05542362  1
        2    0.04885921  1
       13    0.03471699  1
       14    0.03471699  1
        4    0.03154240  1
        9    0.02901402  1

Credible sets summary:

 cs cs_log10bf cs_avg_r2 cs_min_r2                 variable
  1   4.814129 0.9384666 0.8582892 1,2,3,4,9,11,13,14,15,16
PP.H0.abf PP.H1.abf PP.H2.abf PP.H3.abf PP.H4.abf 
 1.32e-21  9.28e-04  1.37e-19  9.50e-02  9.04e-01 
[1] "PP abf for shared variant: 90.4%"
   nsnps      hit1   hit2    PP.H0.abf    PP.H1.abf    PP.H2.abf  PP.H3.abf
1:    16 rs1049212 rs7214 1.317618e-21 0.0009277975 1.374163e-19 0.09495307
   PP.H4.abf idx1 idx2
1: 0.9041191    1    1
[1] "ENSEMBL ID could not be converted to HGNC Symbol"
[1] "geneSymbol will be set to the ENSEMBL ID ENSG00000267077"
[1] "ENSG00000267077.1"
[1] "ENSG00000267077"
[1] "Esophagus_Muscularis"
[1] "running liftOver"
[1] "Grabbing the all pairs data"
[1] "reading the all pairs data into R"
[1] 4848   14
[1] "Filtering on the geneID"
[1] "adding rs numbers to the QTL data"
[1] "merging the trait and eqtl data on unique ID"
[1] "Running coloc"
PP.H0.abf PP.H1.abf PP.H2.abf PP.H3.abf PP.H4.abf 
 3.41e-20  5.27e-03  2.81e-19  4.25e-02  9.52e-01 
[1] "PP abf for shared variant: 95.2%"

Variables in credible sets:

 variable variable_prob cs
        4    0.39249376  1
        5    0.23136946  1
       10    0.10472361  1
        8    0.09304058  1
       12    0.04465162  1
        6    0.04465162  1
        9    0.04465162  1

Credible sets summary:

 cs cs_log10bf cs_avg_r2 cs_min_r2        variable
  1   20.64354 0.9376154 0.8720459 4,5,6,8,9,10,12

Variables in credible sets:

 variable variable_prob cs
       15    0.42184741  1
        3    0.14687415  1
       11    0.06916405  1
       13    0.05654382  1
       14    0.05654382  1
        2    0.05538769  1
        6    0.03455645  1
       12    0.03264645  1
        1    0.03102043  1
        7    0.02329878  1
       16    0.01706556  1
        4    0.01386214  1

Credible sets summary:

 cs cs_log10bf cs_avg_r2 cs_min_r2                      variable
  1   4.265514 0.9235782 0.8066662 1,2,3,4,6,7,11,12,13,14,15,16
PP.H0.abf PP.H1.abf PP.H2.abf PP.H3.abf PP.H4.abf 
 5.39e-21  3.79e-03  1.59e-19  1.10e-01  8.86e-01 
[1] "PP abf for shared variant: 88.6%"
   nsnps      hit1   hit2    PP.H0.abf   PP.H1.abf    PP.H2.abf PP.H3.abf
1:    16 rs1049212 rs7214 5.386208e-21 0.003792684 1.588242e-19 0.1100633
   PP.H4.abf idx1 idx2
1:  0.886144    1    1
[1] "ENSG00000118900.14"
[1] "UBN1"
[1] "Artery_Aorta"
[1] "running liftOver"
[1] "Grabbing the all pairs data"
[1] "reading the all pairs data into R"
[1] 4312   14
[1] "Filtering on the geneID"
[1] "adding rs numbers to the QTL data"
[1] "merging the trait and eqtl data on unique ID"
[1] "Running coloc"
PP.H0.abf PP.H1.abf PP.H2.abf PP.H3.abf PP.H4.abf 
 5.36e-23  8.27e-06  5.76e-20  7.89e-03  9.92e-01 
[1] "PP abf for shared variant: 99.2%"

Variables in credible sets:

 variable variable_prob cs
        4    0.39249376  1
        5    0.23136946  1
       10    0.10472361  1
        8    0.09304058  1
       12    0.04465162  1
        6    0.04465162  1
        9    0.04465162  1

Credible sets summary:

 cs cs_log10bf cs_avg_r2 cs_min_r2        variable
  1   20.64354 0.9376154 0.8720459 4,5,6,8,9,10,12

Variables in credible sets:

 variable variable_prob cs
        9    0.34478845  1
        5    0.14235843  1
        6    0.12844578  1
        8    0.10944044  1
        4    0.08945034  1
       10    0.08592001  1
        7    0.06442496  1

Credible sets summary:

 cs cs_log10bf cs_avg_r2 cs_min_r2       variable
  1   7.413803 0.9486374 0.9005384 4,5,6,7,8,9,10
PP.H0.abf PP.H1.abf PP.H2.abf PP.H3.abf PP.H4.abf 
 6.09e-25  4.29e-07  2.53e-20  1.58e-02  9.84e-01 
[1] "PP abf for shared variant: 98.4%"
   nsnps      hit1       hit2   PP.H0.abf    PP.H1.abf    PP.H2.abf  PP.H3.abf
1:    16 rs1049212 rs12921187 6.08759e-25 4.286561e-07 2.525622e-20 0.01581573
   PP.H4.abf idx1 idx2
1: 0.9841838    1    1
[1] "ENSG00000118900.14"
[1] "UBN1"
[1] "Heart_Left_Ventricle"
[1] "running liftOver"
[1] "Grabbing the all pairs data"
[1] "reading the all pairs data into R"
[1] 4580   14
[1] "Filtering on the geneID"
[1] "adding rs numbers to the QTL data"
[1] "merging the trait and eqtl data on unique ID"
[1] "Running coloc"
PP.H0.abf PP.H1.abf PP.H2.abf PP.H3.abf PP.H4.abf 
 3.08e-18  4.74e-01  4.60e-20  6.57e-03  5.19e-01 
[1] "PP abf for shared variant: 51.9%"

Variables in credible sets:

 variable variable_prob cs
        4    0.39249376  1
        5    0.23136946  1
       10    0.10472361  1
        8    0.09304058  1
       12    0.04465162  1
        6    0.04465162  1
        9    0.04465162  1

Credible sets summary:

 cs cs_log10bf cs_avg_r2 cs_min_r2        variable
  1   20.64354 0.9376154 0.8720459 4,5,6,8,9,10,12

Variables in credible sets:

 variable variable_prob cs
        6    0.16574318  1
        8    0.10020163  1
       12    0.09367653  1
        5    0.08618212  1
        7    0.07626611  1
       10    0.06300683  1
        4    0.05594687  1
       16    0.05354058  1
        9    0.05217774  1
       13    0.04807720  1
       14    0.04807720  1
       11    0.03787252  1
        2    0.03595076  1
        3    0.03397817  1

Credible sets summary:

 cs cs_log10bf cs_avg_r2 cs_min_r2                          variable
  1   1.020207 0.9289294 0.8433337 2,3,4,5,6,7,8,9,10,11,12,13,14,16
PP.H0.abf PP.H1.abf PP.H2.abf PP.H3.abf PP.H4.abf 
 8.66e-19  6.10e-01  1.45e-20  9.46e-03  3.81e-01 
[1] "PP abf for shared variant: 38.1%"
   nsnps      hit1       hit2    PP.H0.abf PP.H1.abf    PP.H2.abf   PP.H3.abf
1:    16 rs1049212 rs11076856 8.658891e-19 0.6097135 1.451406e-20 0.009458381
   PP.H4.abf idx1 idx2
1: 0.3808281    1    1
[1] "ENSEMBL ID could not be converted to HGNC Symbol"
[1] "geneSymbol will be set to the ENSEMBL ID ENSG00000267077"
[1] "ENSG00000267077.1"
[1] "ENSG00000267077"
[1] "Heart_Left_Ventricle"
[1] "running liftOver"
[1] "Grabbing the all pairs data"
[1] "reading the all pairs data into R"
[1] 4580   14
[1] "Filtering on the geneID"
[1] "adding rs numbers to the QTL data"
[1] "merging the trait and eqtl data on unique ID"
[1] "Running coloc"
PP.H0.abf PP.H1.abf PP.H2.abf PP.H3.abf PP.H4.abf 
 1.11e-19  1.71e-02  1.78e-19  2.65e-02  9.56e-01 
[1] "PP abf for shared variant: 95.6%"

Variables in credible sets:

 variable variable_prob cs
        4    0.39249376  1
        5    0.23136946  1
       10    0.10472361  1
        8    0.09304058  1
       12    0.04465162  1
        6    0.04465162  1
        9    0.04465162  1

Credible sets summary:

 cs cs_log10bf cs_avg_r2 cs_min_r2        variable
  1   20.64354 0.9376154 0.8720459 4,5,6,8,9,10,12

Variables in credible sets:

 variable variable_prob cs
       15    0.86144519  1
        4    0.02478735  1
       10    0.02474121  1
        5    0.01517260  1
        9    0.01473530  1
        7    0.01121162  1

Credible sets summary:

 cs cs_log10bf cs_avg_r2 cs_min_r2      variable
  1   3.695215 0.9260715 0.8504694 4,5,7,9,10,15
PP.H0.abf PP.H1.abf PP.H2.abf PP.H3.abf PP.H4.abf 
 1.81e-20  1.28e-02  1.44e-19  9.95e-02  8.88e-01 
[1] "PP abf for shared variant: 88.8%"
   nsnps      hit1   hit2    PP.H0.abf  PP.H1.abf    PP.H2.abf  PP.H3.abf
1:    16 rs1049212 rs7214 1.813844e-20 0.01277214 1.438582e-19 0.09952199
   PP.H4.abf idx1 idx2
1: 0.8877059    1    1
[1] "ENSG00000103199.13"
[1] "ZNF500"
[1] "Heart_Atrial_Appendage"
[1] "running liftOver"
[1] "Grabbing the all pairs data"
[1] "reading the all pairs data into R"
[1] 4714   14
[1] "Filtering on the geneID"
[1] "adding rs numbers to the QTL data"
[1] "merging the trait and eqtl data on unique ID"
[1] "Running coloc"
PP.H0.abf PP.H1.abf PP.H2.abf PP.H3.abf PP.H4.abf 
 1.44e-19  2.22e-02  2.50e-19  3.76e-02  9.40e-01 
[1] "PP abf for shared variant: 94%"

Variables in credible sets:

 variable variable_prob cs
        4    0.39249376  1
        5    0.23136946  1
       10    0.10472361  1
        8    0.09304058  1
       12    0.04465162  1
        6    0.04465162  1
        9    0.04465162  1

Credible sets summary:

 cs cs_log10bf cs_avg_r2 cs_min_r2        variable
  1   20.64354 0.9376154 0.8720459 4,5,6,8,9,10,12

Variables in credible sets:

 variable variable_prob cs
        2    0.24779449  1
       15    0.24702262  1
       11    0.22455993  1
        3    0.12203368  1
        1    0.05636492  1
       10    0.02710254  1
        4    0.01744003  1
        5    0.01359245  1

Credible sets summary:

 cs cs_log10bf cs_avg_r2 cs_min_r2           variable
  1     3.6446  0.942036 0.8771203 1,2,3,4,5,10,11,15
PP.H0.abf PP.H1.abf PP.H2.abf PP.H3.abf PP.H4.abf 
 2.21e-20  1.56e-02  1.56e-19  1.08e-01  8.76e-01 
[1] "PP abf for shared variant: 87.6%"
   nsnps      hit1      hit2    PP.H0.abf  PP.H1.abf    PP.H2.abf PP.H3.abf
1:    16 rs1049212 rs1049207 2.213038e-20 0.01558305 1.562099e-19 0.1082424
   PP.H4.abf idx1 idx2
1: 0.8761745    1    1
[1] "ENSG00000102858.12"
[1] "MGRN1"
[1] "Colon_Transverse"
[1] "running liftOver"
[1] "Grabbing the all pairs data"
[1] "reading the all pairs data into R"
[1] 4714   14
[1] "Filtering on the geneID"
[1] "adding rs numbers to the QTL data"
[1] "merging the trait and eqtl data on unique ID"
[1] "Running coloc"
PP.H0.abf PP.H1.abf PP.H2.abf PP.H3.abf PP.H4.abf 
 3.78e-18  5.84e-01  3.12e-20  4.40e-03  4.12e-01 
[1] "PP abf for shared variant: 41.2%"

Variables in credible sets:

 variable variable_prob cs
        4    0.39249376  1
        5    0.23136946  1
       10    0.10472361  1
        8    0.09304058  1
       12    0.04465162  1
        6    0.04465162  1
        9    0.04465162  1

Credible sets summary:

 cs cs_log10bf cs_avg_r2 cs_min_r2        variable
  1   20.64354 0.9376154 0.8720459 4,5,6,8,9,10,12

Variables in credible sets:

 variable variable_prob cs
       15    0.12964597  1
       10    0.11458261  1
        4    0.10288809  1
        5    0.10288809  1
        2    0.07752332  1
        3    0.07752332  1
       11    0.07752332  1
        9    0.05718857  1
       13    0.03908383  1
       14    0.03908383  1
        1    0.03758642  1
       16    0.03280547  1
        8    0.03202196  1
        6    0.03086926  1

Credible sets summary:

 cs cs_log10bf cs_avg_r2 cs_min_r2                          variable
  1  0.7399777 0.9311302 0.8404947 1,2,3,4,5,6,8,9,10,11,13,14,15,16
PP.H0.abf PP.H1.abf PP.H2.abf PP.H3.abf PP.H4.abf 
 1.03e-18  7.22e-01  9.01e-21  5.80e-03  2.72e-01 
[1] "PP abf for shared variant: 27.2%"
   nsnps      hit1   hit2    PP.H0.abf PP.H1.abf    PP.H2.abf   PP.H3.abf
1:    16 rs1049212 rs7214 1.025001e-18 0.7217516 9.012016e-21 0.005800892
   PP.H4.abf idx1 idx2
1: 0.2724475    1    1
[1] "ENSEMBL ID could not be converted to HGNC Symbol"
[1] "geneSymbol will be set to the ENSEMBL ID ENSG00000267077"
[1] "ENSG00000267077.1"
[1] "ENSG00000267077"
[1] "Colon_Transverse"
[1] "running liftOver"
[1] "Grabbing the all pairs data"
[1] "reading the all pairs data into R"
[1] 4714   14
[1] "Filtering on the geneID"
[1] "adding rs numbers to the QTL data"
[1] "merging the trait and eqtl data on unique ID"
[1] "Running coloc"
PP.H0.abf PP.H1.abf PP.H2.abf PP.H3.abf PP.H4.abf 
 1.95e-19  3.00e-02  6.73e-20  9.42e-03  9.61e-01 
[1] "PP abf for shared variant: 96.1%"

Variables in credible sets:

 variable variable_prob cs
        4    0.39249376  1
        5    0.23136946  1
       10    0.10472361  1
        8    0.09304058  1
       12    0.04465162  1
        6    0.04465162  1
        9    0.04465162  1

Credible sets summary:

 cs cs_log10bf cs_avg_r2 cs_min_r2        variable
  1   20.64354 0.9376154 0.8720459 4,5,6,8,9,10,12

Variables in credible sets:

 variable variable_prob cs
       15    0.19215044  1
        9    0.14424304  1
        4    0.10873425  1
        5    0.10873425  1
       10    0.08700048  1
        7    0.07980288  1
        8    0.07155019  1
        6    0.04111251  1
        1    0.03774505  1
       16    0.02381672  1
        2    0.02244027  1
        3    0.02244027  1
       11    0.02244027  1

Credible sets summary:

 cs cs_log10bf cs_avg_r2 cs_min_r2                      variable
  1   2.687509 0.9289518 0.8404947 1,2,3,4,5,6,7,8,9,10,11,15,16
PP.H0.abf PP.H1.abf PP.H2.abf PP.H3.abf PP.H4.abf 
 3.67e-20  2.58e-02  2.86e-20  1.82e-02  9.56e-01 
[1] "PP abf for shared variant: 95.6%"
   nsnps      hit1   hit2    PP.H0.abf  PP.H1.abf    PP.H2.abf  PP.H3.abf
1:    16 rs1049212 rs7214 3.670572e-20 0.02584623 2.859979e-20 0.01822661
   PP.H4.abf idx1 idx2
1: 0.9559272    1    1
[1] "ENSG00000102858.12"
[1] "MGRN1"
[1] "Esophagus_Gastroesophageal_Junction"
[1] "running liftOver"
[1] "Grabbing the all pairs data"
[1] "reading the all pairs data into R"
[1] 4848   14
[1] "Filtering on the geneID"
[1] "adding rs numbers to the QTL data"
[1] "merging the trait and eqtl data on unique ID"
[1] "Running coloc"
PP.H0.abf PP.H1.abf PP.H2.abf PP.H3.abf PP.H4.abf 
 3.68e-19  5.68e-02  9.98e-20  1.45e-02  9.29e-01 
[1] "PP abf for shared variant: 92.9%"

Variables in credible sets:

 variable variable_prob cs
        4    0.39249376  1
        5    0.23136946  1
       10    0.10472361  1
        8    0.09304058  1
       12    0.04465162  1
        6    0.04465162  1
        9    0.04465162  1

Credible sets summary:

 cs cs_log10bf cs_avg_r2 cs_min_r2        variable
  1   20.64354 0.9376154 0.8720459 4,5,6,8,9,10,12

Variables in credible sets:

 variable variable_prob cs
       15    0.11641026  1
        5    0.10905348  1
        2    0.09850865  1
        3    0.09850865  1
       11    0.07149583  1
       16    0.06483795  1
        6    0.05812735  1
        1    0.05365724  1
        4    0.04765191  1
        9    0.04509576  1
       13    0.04507245  1
       14    0.04507245  1
       12    0.04471644  1
        8    0.03767868  1
        7    0.03258565  1

Credible sets summary:

 cs cs_log10bf cs_avg_r2 cs_min_r2                            variable
  1   2.603621 0.9243792 0.8066662 1,2,3,4,5,6,7,8,9,11,12,13,14,15,16
PP.H0.abf PP.H1.abf PP.H2.abf PP.H3.abf PP.H4.abf 
 6.85e-20  4.82e-02  4.40e-20  2.91e-02  9.23e-01 
[1] "PP abf for shared variant: 92.3%"
   nsnps      hit1   hit2    PP.H0.abf  PP.H1.abf   PP.H2.abf  PP.H3.abf
1:    16 rs1049212 rs7214 6.850746e-20 0.04823935 4.40027e-20 0.02913914
   PP.H4.abf idx1 idx2
1: 0.9226215    1    1
[1] "ENSG00000140623.13"
[1] "SEPTIN12"
[1] "Esophagus_Gastroesophageal_Junction"
[1] "running liftOver"
[1] "Grabbing the all pairs data"
[1] "reading the all pairs data into R"
[1] 4848   14
[1] "Filtering on the geneID"
[1] "adding rs numbers to the QTL data"
[1] "merging the trait and eqtl data on unique ID"
[1] "Running coloc"
PP.H0.abf PP.H1.abf PP.H2.abf PP.H3.abf PP.H4.abf 
 6.73e-22  1.04e-04  1.54e-19  2.27e-02  9.77e-01 
[1] "PP abf for shared variant: 97.7%"

Variables in credible sets:

 variable variable_prob cs
        4    0.39249376  1
        5    0.23136946  1
       10    0.10472361  1
        8    0.09304058  1
       12    0.04465162  1
        6    0.04465162  1
        9    0.04465162  1

Credible sets summary:

 cs cs_log10bf cs_avg_r2 cs_min_r2        variable
  1   20.64354 0.9376154 0.8720459 4,5,6,8,9,10,12

Variables in credible sets:

 variable variable_prob cs
       16    0.26115304  1
        7    0.18954339  1
        6    0.14106750  1
        8    0.12219763  1
       13    0.07089089  1
       14    0.07089089  1
       10    0.02593486  1
        1    0.02245875  1
        2    0.01999703  1
        3    0.01999703  1
        9    0.01556214  1

Credible sets summary:

 cs cs_log10bf cs_avg_r2 cs_min_r2                  variable
  1   6.777732 0.9404296 0.8780215 1,2,3,6,7,8,9,10,13,14,16
PP.H0.abf PP.H1.abf PP.H2.abf PP.H3.abf PP.H4.abf 
 8.13e-24  5.72e-06  7.79e-20  5.30e-02  9.47e-01 
[1] "PP abf for shared variant: 94.7%"
   nsnps      hit1     hit2   PP.H0.abf    PP.H1.abf    PP.H2.abf  PP.H3.abf
1:    16 rs1049212 rs760118 8.12567e-24 5.721669e-06 7.793121e-20 0.05298102
   PP.H4.abf idx1 idx2
1: 0.9470133    1    1
[1] "ENSEMBL ID could not be converted to HGNC Symbol"
[1] "geneSymbol will be set to the ENSEMBL ID ENSG00000267077"
[1] "ENSG00000267077.1"
[1] "ENSG00000267077"
[1] "Esophagus_Gastroesophageal_Junction"
[1] "running liftOver"
[1] "Grabbing the all pairs data"
[1] "reading the all pairs data into R"
[1] 4848   14
[1] "Filtering on the geneID"
[1] "adding rs numbers to the QTL data"
[1] "merging the trait and eqtl data on unique ID"
[1] "Running coloc"
PP.H0.abf PP.H1.abf PP.H2.abf PP.H3.abf PP.H4.abf 
 2.92e-22  4.50e-05  2.29e-19  3.44e-02  9.66e-01 
[1] "PP abf for shared variant: 96.6%"

Variables in credible sets:

 variable variable_prob cs
        4    0.39249376  1
        5    0.23136946  1
       10    0.10472361  1
        8    0.09304058  1
       12    0.04465162  1
        6    0.04465162  1
        9    0.04465162  1

Credible sets summary:

 cs cs_log10bf cs_avg_r2 cs_min_r2        variable
  1   20.64354 0.9376154 0.8720459 4,5,6,8,9,10,12

Variables in credible sets:

 variable variable_prob cs
        2    0.22403309  1
        3    0.22403309  1
       11    0.20106130  1
       13    0.10120153  1
       14    0.10120153  1
       16    0.06890938  1
       15    0.03056303  1

Credible sets summary:

 cs cs_log10bf cs_avg_r2 cs_min_r2           variable
  1   7.638669 0.9482069 0.8946663 2,3,11,13,14,15,16
PP.H0.abf PP.H1.abf PP.H2.abf PP.H3.abf PP.H4.abf 
 2.30e-24  1.62e-06  1.60e-19  1.11e-01  8.89e-01 
[1] "PP abf for shared variant: 88.9%"
   nsnps      hit1      hit2    PP.H0.abf    PP.H1.abf    PP.H2.abf PP.H3.abf
1:    16 rs1049212 rs1049207 2.302809e-24 1.621517e-06 1.603417e-19 0.1111264
   PP.H4.abf idx1 idx2
1: 0.8888719    1    1
[1] "ENSG00000102858.12"
[1] "MGRN1"
[1] "Testis"
[1] "running liftOver"
[1] "Grabbing the all pairs data"
[1] "reading the all pairs data into R"
[1] 0 0
[1] "Did not find gene in all pairs data"
