[1] "trait"
[1] "PP"
[1] "trait_file_header_info"
[1] "/gpfs/projects/bsc83/Projects/Breast/ANALYSIS/Hypertension/analysis/06_colocalization/PP_Evangelou_parsed.txt"
[1] "Tested_Allele"
[1] "Other_Allele"
[1] "SNP"
[1] "CHR"
[1] "POS"
[1] "P"
[1] "N"
[1] "Freq_Tested_Allele"
[1] "traitType:"
[1] "quant"
[1] 8
[1] "Locus Info:"
[1] 8
[1] 141047828
[1] 141065441
[1] "rs4454254"
[1] "QTL type:"
[1] "eqtl"
[1] TRUE
[1] "trait input file successfully loaded"
   CHR       POS        SNP Tested_Allele Other_Allele Freq_Tested_Allele
1:   8 141048736 rs62527033             A            G             0.5952
2:   8 141048964 rs35758124             T            C             0.5952
3:   8 141050171  rs6994517             T            C             0.4022
4:   8 141057641  rs4440615             A            G             0.6320
5:   8 141059650  rs4631439             T            C             0.6313
6:   8 141060027  rs4454254             A            G             0.6312
      BETA     SE         P      N Ref_Allele Alt_Allele
1: -0.2284 0.0209 9.613e-28 729314          G          A
2: -0.2281 0.0209 1.042e-27 730029          C          T
3: -0.2288 0.0209 7.991e-28 730083          T          C
4: -0.2492 0.0212 8.224e-32 733283          G          A
5: -0.2465 0.0212 3.749e-31 732115          C          T
6: -0.2467 0.0212 2.651e-31 733693          G          A
[1] "rs62527033" "rs35758124" "rs6994517" 
[1] "/gpfs/projects/bsc83/Projects/Breast/ANALYSIS/Hypertension/data/Coloq/chr_8_snp151_hash_table.json"
$rs235
[1] "chr8_77639177"

$rs247
[1] "chr8_19953280"

$rs248
[1] "chr8_19953315"

[1] "hash table loaded"
[1] "/gpfs/projects/bsc83/Projects/Breast/ANALYSIS/Hypertension/analysis/06_colocalization/ColocQuiaL-main/GTEx_v8_Tissue_Summary_with_filenames_all.csv"
                          Tissue NumberRNASeqandGTSamples NumberRNASeqSamples
1              Muscle - Skeletal                      706                 803
2                    Whole Blood                      670                 755
3 Skin - Sun Exposed (Lower leg)                      605                 701
4                Artery - Tibial                      584                 663
5         Adipose - Subcutaneous                      581                 663
6                        Thyroid                      574                 653
  Number_of_eGenes                      allPairsTabixFilename
1            13532            Muscle_Skeletal.allpairs.tab.gz
2            12360                Whole_Blood.allpairs.tab.gz
3            16967 Skin_Sun_Exposed_Lower_leg.allpairs.tab.gz
4            15008              Artery_Tibial.allpairs.tab.gz
5            15607       Adipose_Subcutaneous.allpairs.tab.gz
6            17684                    Thyroid.allpairs.tab.gz
                                              sigPairsTabixFilename
1            Muscle_Skeletal.v8.v8.signif_variant_gene_pairs.tab.gz
2                Whole_Blood.v8.v8.signif_variant_gene_pairs.tab.gz
3 Skin_Sun_Exposed_Lower_leg.v8.v8.signif_variant_gene_pairs.tab.gz
4              Artery_Tibial.v8.v8.signif_variant_gene_pairs.tab.gz
5       Adipose_Subcutaneous.v8.v8.signif_variant_gene_pairs.tab.gz
6                    Thyroid.v8.v8.signif_variant_gene_pairs.tab.gz
[1] "chr8_140049929"
[1] "rs4454254 is not a significant eqtl in any tissue in the eqtl dataset."
