[1] "trait"
[1] "DBP"
[1] "trait_file_header_info"
[1] "/gpfs/projects/bsc83/Projects/Breast/ANALYSIS/Hypertension/analysis/06_colocalization/DBP_Evangelou_parsed.txt"
[1] "Tested_Allele"
[1] "Other_Allele"
[1] "SNP"
[1] "CHR"
[1] "POS"
[1] "P"
[1] "N"
[1] "Freq_Tested_Allele"
[1] "traitType:"
[1] "quant"
[1] 4
[1] "Locus Info:"
[1] 4
[1] 156614184
[1] 156677592
[1] "rs13139571"
[1] "QTL type:"
[1] "eqtl"
[1] TRUE
[1] "trait input file successfully loaded"
   CHR       POS        SNP Tested_Allele Other_Allele Freq_Tested_Allele
1:   4 156614184 rs13131930             T            C             0.2616
2:   4 156614187 rs13132319             C            G             0.2615
3:   4 156615404  rs6839022             T            C             0.2611
4:   4 156617994  rs2306557             A            G             0.2619
5:   4 156619204 rs13143871             T            C             0.7374
6:   4 156622727 rs11737895             T            G             0.2613
      BETA     SE         P      N Ref_Allele Alt_Allele
1: -0.2133 0.0199 8.481e-27 734976          C          T
2: -0.2135 0.0199 7.789e-27 735024          G          C
3: -0.2115 0.0199 1.802e-26 739202          C          T
4: -0.2122 0.0198 9.114e-27 742987          G          A
5: -0.2100 0.0198 2.280e-26 743460          T          C
6: -0.2111 0.0198 1.684e-26 743051          G          T
[1] "rs13131930" "rs13132319" "rs6839022" 
[1] "/gpfs/projects/bsc83/Projects/Breast/ANALYSIS/Hypertension/data/Coloq/chr_4_snp151_hash_table.json"
$rs230
[1] "chr4_171975322"

$rs231
[1] "chr4_10204224"

$rs232
[1] "chr4_184363211"

[1] "hash table loaded"
[1] "/gpfs/projects/bsc83/Projects/Breast/ANALYSIS/Hypertension/analysis/06_colocalization/ColocQuiaL-main/GTEx_v8_Tissue_Summary_with_filenames_all.csv"
                          Tissue NumberRNASeqandGTSamples NumberRNASeqSamples
1              Muscle - Skeletal                      706                 803
2                    Whole Blood                      670                 755
3 Skin - Sun Exposed (Lower leg)                      605                 701
4                Artery - Tibial                      584                 663
5         Adipose - Subcutaneous                      581                 663
6                        Thyroid                      574                 653
  Number_of_eGenes                      allPairsTabixFilename
1            13532            Muscle_Skeletal.allpairs.tab.gz
2            12360                Whole_Blood.allpairs.tab.gz
3            16967 Skin_Sun_Exposed_Lower_leg.allpairs.tab.gz
4            15008              Artery_Tibial.allpairs.tab.gz
5            15607       Adipose_Subcutaneous.allpairs.tab.gz
6            17684                    Thyroid.allpairs.tab.gz
                                              sigPairsTabixFilename
1            Muscle_Skeletal.v8.v8.signif_variant_gene_pairs.tab.gz
2                Whole_Blood.v8.v8.signif_variant_gene_pairs.tab.gz
3 Skin_Sun_Exposed_Lower_leg.v8.v8.signif_variant_gene_pairs.tab.gz
4              Artery_Tibial.v8.v8.signif_variant_gene_pairs.tab.gz
5       Adipose_Subcutaneous.v8.v8.signif_variant_gene_pairs.tab.gz
6                    Thyroid.v8.v8.signif_variant_gene_pairs.tab.gz
[1] "chr4_155724361"
[1] "ENSEMBL ID could not be converted to HGNC Symbol"
[1] "geneSymbol will be set to the ENSEMBL ID ENSG00000260244"
[1] "ENSG00000260244.1"
[1] "ENSG00000260244"
[1] "Muscle_Skeletal"
[1] "running liftOver"
[1] "Grabbing the all pairs data"
[1] "reading the all pairs data into R"
[1] 1375   14
[1] "Filtering on the geneID"
[1] "adding rs numbers to the QTL data"
[1] "merging the trait and eqtl data on unique ID"
[1] "Running coloc"
PP.H0.abf PP.H1.abf PP.H2.abf PP.H3.abf PP.H4.abf 
 1.78e-27  9.20e-03  5.05e-27  2.51e-02  9.66e-01 
[1] "PP abf for shared variant: 96.6%"

Variables in credible sets:

 variable variable_prob cs
       10     0.7042210  1
        6     0.2957597  1

Credible sets summary:

 cs cs_log10bf cs_avg_r2 cs_min_r2 variable
  1   28.18503 0.9562982 0.9562982     6,10

Variables in credible sets:

 variable variable_prob cs
       11    0.24514626  1
       13    0.21719245  1
       12    0.14413683  1
        9    0.08325400  1
        4    0.07401104  1
        7    0.06225306  1
       10    0.04097705  1
       16    0.02618502  1
        6    0.01404807  1
       14    0.01381652  1
        3    0.01316839  1
        5    0.01306448  1
        8    0.01153734  1

Credible sets summary:

 cs cs_log10bf cs_avg_r2 cs_min_r2                        variable
  1   3.526843 0.8513366 0.7296901 3,4,5,6,7,8,9,10,11,12,13,14,16
PP.H0.abf PP.H1.abf PP.H2.abf PP.H3.abf PP.H4.abf 
 3.81e-28  9.91e-03  2.18e-27  5.48e-02  9.35e-01 
[1] "PP abf for shared variant: 93.5%"
   nsnps       hit1       hit2    PP.H0.abf   PP.H1.abf    PP.H2.abf  PP.H3.abf
1:    17 rs13139571 rs13143871 3.806463e-28 0.009908437 2.176777e-27 0.05479214
   PP.H4.abf idx1 idx2
1: 0.9352994    1    1
[1] "ENSEMBL ID could not be converted to HGNC Symbol"
[1] "geneSymbol will be set to the ENSEMBL ID ENSG00000260244"
[1] "ENSG00000260244.1"
[1] "ENSG00000260244"
[1] "Skin_Sun_Exposed_Lower_leg"
[1] "running liftOver"
[1] "Grabbing the all pairs data"
[1] "reading the all pairs data into R"
[1] 2200   14
[1] "Filtering on the geneID"
[1] "adding rs numbers to the QTL data"
[1] "merging the trait and eqtl data on unique ID"
[1] "Running coloc"
PP.H0.abf PP.H1.abf PP.H2.abf PP.H3.abf PP.H4.abf 
 1.07e-25  5.56e-01  5.65e-28  2.48e-03  4.42e-01 
[1] "PP abf for shared variant: 44.2%"

Variables in credible sets:

 variable variable_prob cs
       10     0.7042210  1
        6     0.2957597  1

Credible sets summary:

 cs cs_log10bf cs_avg_r2 cs_min_r2 variable
  1   28.18503 0.9562982 0.9562982     6,10

Variables in credible sets:

 variable variable_prob cs
       10    0.19511632  1
       17    0.07658355  1
        1    0.07177711  1
        8    0.07074626  1
        3    0.07046671  1
        5    0.07019600  1
       16    0.06900668  1
       14    0.06728278  1
        2    0.06620870  1
       15    0.06437837  1
        6    0.03649717  1
        7    0.02968559  1
       13    0.02835049  1
       11    0.02494613  1
       12    0.02229700  1

Credible sets summary:

 cs cs_log10bf cs_avg_r2 cs_min_r2                              variable
  1  0.5018472 0.8714986 0.7261238 1,2,3,5,6,7,8,10,11,12,13,14,15,16,17
PP.H0.abf PP.H1.abf PP.H2.abf PP.H3.abf PP.H4.abf 
 2.73e-26  7.12e-01  1.48e-28  3.27e-03  2.85e-01 
[1] "PP abf for shared variant: 28.5%"
   nsnps       hit1       hit2    PP.H0.abf PP.H1.abf    PP.H2.abf   PP.H3.abf
1:    17 rs13139571 rs13139571 2.734944e-26 0.7119213 1.476538e-28 0.003273901
   PP.H4.abf idx1 idx2
1: 0.2848048    1    1
[1] "ENSG00000164116.16"
[1] "GUCY1A1"
[1] "Artery_Tibial"
[1] "running liftOver"
[1] "Grabbing the all pairs data"
[1] "reading the all pairs data into R"
[1] 1925   14
[1] "Filtering on the geneID"
[1] "adding rs numbers to the QTL data"
[1] "merging the trait and eqtl data on unique ID"
[1] "Running coloc"
PP.H0.abf PP.H1.abf PP.H2.abf PP.H3.abf PP.H4.abf 
 2.44e-27  1.26e-02  1.35e-26  6.88e-02  9.19e-01 
[1] "PP abf for shared variant: 91.9%"

Variables in credible sets:

 variable variable_prob cs
       10     0.7042210  1
        6     0.2957597  1

Credible sets summary:

 cs cs_log10bf cs_avg_r2 cs_min_r2 variable
  1   28.18503 0.9562982 0.9562982     6,10

Variables in credible sets:

 variable variable_prob cs
       13    0.21298908  1
       12    0.10923960  1
       16    0.07944744  1
       11    0.07524673  1
       17    0.06792049  1
        1    0.06774264  1
        4    0.06358374  1
       14    0.04876451  1
        3    0.04837473  1
        5    0.04837473  1
       15    0.04837473  1
        7    0.04456274  1
        8    0.02509937  1
        2    0.02482717  1

Credible sets summary:

 cs cs_log10bf cs_avg_r2 cs_min_r2                           variable
  1   3.999308 0.8613373 0.7261238 1,2,3,4,5,7,8,11,12,13,14,15,16,17
PP.H0.abf PP.H1.abf PP.H2.abf PP.H3.abf PP.H4.abf 
 3.92e-28  1.02e-02  6.66e-27  1.72e-01  8.18e-01 
[1] "PP abf for shared variant: 81.8%"
   nsnps       hit1      hit2    PP.H0.abf  PP.H1.abf   PP.H2.abf PP.H3.abf
1:    17 rs13139571 rs6839022 3.921359e-28 0.01020752 6.65569e-27  0.171615
   PP.H4.abf idx1 idx2
1: 0.8181775    1    1
[1] "ENSEMBL ID could not be converted to HGNC Symbol"
[1] "geneSymbol will be set to the ENSEMBL ID ENSG00000260244"
[1] "ENSG00000260244.1"
[1] "ENSG00000260244"
[1] "Artery_Tibial"
[1] "running liftOver"
[1] "Grabbing the all pairs data"
[1] "reading the all pairs data into R"
[1] 1925   14
[1] "Filtering on the geneID"
[1] "adding rs numbers to the QTL data"
[1] "merging the trait and eqtl data on unique ID"
[1] "Running coloc"
PP.H0.abf PP.H1.abf PP.H2.abf PP.H3.abf PP.H4.abf 
 5.92e-28  3.07e-03  1.57e-26  8.03e-02  9.17e-01 
[1] "PP abf for shared variant: 91.7%"

Variables in credible sets:

 variable variable_prob cs
       10     0.7042210  1
        6     0.2957597  1

Credible sets summary:

 cs cs_log10bf cs_avg_r2 cs_min_r2 variable
  1   28.18503 0.9562982 0.9562982     6,10

Variables in credible sets:

 variable variable_prob cs
       13    0.28927038  1
       12    0.28362293  1
        4    0.13407100  1
       11    0.06275400  1
        7    0.05711688  1
       17    0.02349402  1
        1    0.02270506  1
       16    0.01944873  1
       14    0.01906238  1
        3    0.01742087  1
        5    0.01742087  1
       15    0.01742087  1

Credible sets summary:

 cs cs_log10bf cs_avg_r2 cs_min_r2                       variable
  1   4.894959 0.8513904 0.7261238 1,3,4,5,7,11,12,13,14,15,16,17
PP.H0.abf PP.H1.abf PP.H2.abf PP.H3.abf PP.H4.abf 
 6.33e-29  1.65e-03  8.44e-27  2.18e-01  7.80e-01 
[1] "PP abf for shared variant: 78%"
   nsnps       hit1      hit2    PP.H0.abf   PP.H1.abf    PP.H2.abf PP.H3.abf
1:    17 rs13139571 rs6839022 6.325217e-29 0.001646489 8.442747e-27 0.2182092
   PP.H4.abf idx1 idx2
1: 0.7801444    1    1
[1] "ENSG00000164116.16"
[1] "GUCY1A1"
[1] "Adipose_Subcutaneous"
[1] "running liftOver"
[1] "Grabbing the all pairs data"
[1] "reading the all pairs data into R"
[1] 2200   14
[1] "Filtering on the geneID"
[1] "adding rs numbers to the QTL data"
[1] "merging the trait and eqtl data on unique ID"
[1] "Running coloc"
PP.H0.abf PP.H1.abf PP.H2.abf PP.H3.abf PP.H4.abf 
 4.95e-26  2.54e-01  5.67e-27  2.84e-02  7.18e-01 
[1] "PP abf for shared variant: 71.8%"

Variables in credible sets:

 variable variable_prob cs
       10     0.7042210  1
        6     0.2957597  1

Credible sets summary:

 cs cs_log10bf cs_avg_r2 cs_min_r2 variable
  1   28.18503 0.9562982 0.9562982     6,10

Variables in credible sets:

 variable variable_prob cs
       11    0.24414908  1
        7    0.21702666  1
       12    0.15727514  1
        4    0.15702590  1
       13    0.13694831  1
        9    0.04108025  1

Credible sets summary:

 cs cs_log10bf cs_avg_r2 cs_min_r2       variable
  1   2.018846 0.9925714 0.9861344 4,7,9,11,12,13
PP.H0.abf PP.H1.abf PP.H2.abf PP.H3.abf PP.H4.abf 
 1.35e-26  3.52e-01  2.40e-27  6.13e-02  5.86e-01 
[1] "PP abf for shared variant: 58.6%"
   nsnps       hit1       hit2    PP.H0.abf PP.H1.abf    PP.H2.abf  PP.H3.abf
1:    17 rs13139571 rs13143871 1.352881e-26 0.3521624 2.401898e-27 0.06134977
   PP.H4.abf idx1 idx2
1: 0.5864878    1    1
[1] "ENSEMBL ID could not be converted to HGNC Symbol"
[1] "geneSymbol will be set to the ENSEMBL ID ENSG00000260244"
[1] "ENSG00000260244.1"
[1] "ENSG00000260244"
[1] "Adipose_Subcutaneous"
[1] "running liftOver"
[1] "Grabbing the all pairs data"
[1] "reading the all pairs data into R"
[1] 2200   14
[1] "Filtering on the geneID"
[1] "adding rs numbers to the QTL data"
[1] "merging the trait and eqtl data on unique ID"
[1] "Running coloc"
PP.H0.abf PP.H1.abf PP.H2.abf PP.H3.abf PP.H4.abf 
 2.34e-28  1.20e-03  4.85e-26  2.48e-01  7.51e-01 
[1] "PP abf for shared variant: 75.1%"

Variables in credible sets:

 variable variable_prob cs
       10     0.7042210  1
        6     0.2957597  1

Credible sets summary:

 cs cs_log10bf cs_avg_r2 cs_min_r2 variable
  1   28.18503 0.9562982 0.9562982     6,10

Variables in credible sets:

 variable variable_prob cs
        4    0.30664252  1
        7    0.23822732  1
       12    0.21978715  1
       13    0.13731938  1
       11    0.09080538  1

Credible sets summary:

 cs cs_log10bf cs_avg_r2 cs_min_r2     variable
  1   6.101563 0.9916485 0.9861344 4,7,11,12,13
PP.H0.abf PP.H1.abf PP.H2.abf PP.H3.abf PP.H4.abf 
 1.17e-29  3.04e-04  2.51e-26  6.51e-01  3.48e-01 
[1] "PP abf for shared variant: 34.8%"
   nsnps       hit1       hit2    PP.H0.abf    PP.H1.abf    PP.H2.abf PP.H3.abf
1:    17 rs13139571 rs11725969 1.166304e-29 0.0003035955 2.505093e-26  0.651393
   PP.H4.abf idx1 idx2
1: 0.3483034    1    1
[1] "ENSEMBL ID could not be converted to HGNC Symbol"
[1] "geneSymbol will be set to the ENSEMBL ID ENSG00000260244"
[1] "ENSG00000260244.1"
[1] "ENSG00000260244"
[1] "Thyroid"
[1] "running liftOver"
[1] "Grabbing the all pairs data"
[1] "reading the all pairs data into R"
[1] 1925   14
[1] "Filtering on the geneID"
[1] "adding rs numbers to the QTL data"
[1] "merging the trait and eqtl data on unique ID"
[1] "Running coloc"
PP.H0.abf PP.H1.abf PP.H2.abf PP.H3.abf PP.H4.abf 
 1.03e-25  5.35e-01  8.83e-28  4.11e-03  4.61e-01 
[1] "PP abf for shared variant: 46.1%"

Variables in credible sets:

 variable variable_prob cs
       10     0.7042210  1
        6     0.2957597  1

Credible sets summary:

 cs cs_log10bf cs_avg_r2 cs_min_r2 variable
  1   28.18503 0.9562982 0.9562982     6,10

Variables in credible sets:

 variable variable_prob cs
        6    0.17298810  1
       16    0.08011613  1
       10    0.07659788  1
       11    0.06386021  1
       17    0.05797733  1
       12    0.05506751  1
       15    0.05298974  1
        1    0.05214639  1
        3    0.05057052  1
        5    0.05057052  1
       14    0.05057052  1
        8    0.04426276  1
        2    0.04415992  1
        4    0.04308238  1
        7    0.03957037  1
       13    0.03832986  1

Credible sets summary:

 cs cs_log10bf cs_avg_r2 cs_min_r2                                variable
  1  0.7154665 0.8634412 0.7261238 1,2,3,4,5,6,7,8,10,11,12,13,14,15,16,17
PP.H0.abf PP.H1.abf PP.H2.abf PP.H3.abf PP.H4.abf 
 2.61e-26  6.79e-01  2.30e-28  5.37e-03  3.15e-01 
[1] "PP abf for shared variant: 31.5%"
   nsnps       hit1       hit2    PP.H0.abf PP.H1.abf    PP.H2.abf   PP.H3.abf
1:    17 rs13139571 rs11731886 2.609996e-26 0.6793966 2.304386e-28 0.005367975
   PP.H4.abf idx1 idx2
1: 0.3152354    1    1
[1] "ENSEMBL ID could not be converted to HGNC Symbol"
[1] "geneSymbol will be set to the ENSEMBL ID ENSG00000260244"
[1] "ENSG00000260244.1"
[1] "ENSG00000260244"
[1] "Nerve_Tibial"
[1] "running liftOver"
[1] "Grabbing the all pairs data"
[1] "reading the all pairs data into R"
[1] 1925   14
[1] "Filtering on the geneID"
[1] "adding rs numbers to the QTL data"
[1] "merging the trait and eqtl data on unique ID"
[1] "Running coloc"
PP.H0.abf PP.H1.abf PP.H2.abf PP.H3.abf PP.H4.abf 
 3.16e-31  1.63e-06  1.26e-26  6.43e-02  9.36e-01 
[1] "PP abf for shared variant: 93.6%"

Variables in credible sets:

 variable variable_prob cs
       10     0.7042210  1
        6     0.2957597  1

Credible sets summary:

 cs cs_log10bf cs_avg_r2 cs_min_r2 variable
  1   28.18503 0.9562982 0.9562982     6,10

Variables in credible sets:

 variable variable_prob cs
        4    0.40324300  1
       12    0.38737451  1
       13    0.11193644  1
        7    0.04833848  1

Credible sets summary:

 cs cs_log10bf cs_avg_r2 cs_min_r2  variable
  1   9.373377 0.9929966  0.990648 4,7,12,13
PP.H0.abf PP.H1.abf PP.H2.abf PP.H3.abf PP.H4.abf 
 2.28e-33  5.94e-08  9.16e-27  2.37e-01  7.63e-01 
[1] "PP abf for shared variant: 76.3%"
   nsnps       hit1       hit2    PP.H0.abf    PP.H1.abf    PP.H2.abf PP.H3.abf
1:    17 rs13139571 rs11725969 2.281071e-33 5.937755e-08 9.161451e-27 0.2369516
   PP.H4.abf idx1 idx2
1: 0.7630483    1    1
[1] "ENSEMBL ID could not be converted to HGNC Symbol"
[1] "geneSymbol will be set to the ENSEMBL ID ENSG00000260244"
[1] "ENSG00000260244.1"
[1] "ENSG00000260244"
[1] "Skin_Not_Sun_Exposed_Suprapubic"
[1] "running liftOver"
[1] "Grabbing the all pairs data"
[1] "reading the all pairs data into R"
[1] 2200   14
[1] "Filtering on the geneID"
[1] "adding rs numbers to the QTL data"
[1] "merging the trait and eqtl data on unique ID"
[1] "Running coloc"
PP.H0.abf PP.H1.abf PP.H2.abf PP.H3.abf PP.H4.abf 
 7.30e-26  3.79e-01  8.94e-28  4.02e-03  6.17e-01 
[1] "PP abf for shared variant: 61.7%"

Variables in credible sets:

 variable variable_prob cs
       10     0.7042210  1
        6     0.2957597  1

Credible sets summary:

 cs cs_log10bf cs_avg_r2 cs_min_r2 variable
  1   28.18503 0.9562982 0.9562982     6,10

Variables in credible sets:

 variable variable_prob cs
       10    0.19183249  1
       11    0.14330444  1
       12    0.08504383  1
        7    0.06076181  1
        4    0.05776885  1
       13    0.05378094  1
        3    0.04718976  1
       15    0.04624049  1
        8    0.04361087  1
        5    0.04325200  1
       17    0.04290895  1
       16    0.03489506  1
        1    0.03476801  1
       14    0.03476801  1
        6    0.02951976  1
        2    0.02812369  1

Credible sets summary:

 cs cs_log10bf cs_avg_r2 cs_min_r2                                variable
  1  0.8936254 0.8634412 0.7261238 1,2,3,4,5,6,7,8,10,11,12,13,14,15,16,17
PP.H0.abf PP.H1.abf PP.H2.abf PP.H3.abf PP.H4.abf 
 1.95e-26  5.08e-01  2.60e-28  5.79e-03  4.86e-01 
[1] "PP abf for shared variant: 48.6%"
   nsnps       hit1       hit2   PP.H0.abf PP.H1.abf    PP.H2.abf   PP.H3.abf
1:    17 rs13139571 rs13139571 1.95174e-26 0.5080489 2.597146e-28 0.005788191
   PP.H4.abf idx1 idx2
1: 0.4861629    1    1
[1] "ENSEMBL ID could not be converted to HGNC Symbol"
[1] "geneSymbol will be set to the ENSEMBL ID ENSG00000260244"
[1] "ENSG00000260244.1"
[1] "ENSG00000260244"
[1] "Lung"
[1] "running liftOver"
[1] "Grabbing the all pairs data"
[1] "reading the all pairs data into R"
[1] 1650   14
[1] "Filtering on the geneID"
[1] "adding rs numbers to the QTL data"
[1] "merging the trait and eqtl data on unique ID"
[1] "Running coloc"
PP.H0.abf PP.H1.abf PP.H2.abf PP.H3.abf PP.H4.abf 
 2.66e-28  1.36e-03  1.12e-27  4.74e-03  9.94e-01 
[1] "PP abf for shared variant: 99.4%"

Variables in credible sets:

 variable variable_prob cs
       10     0.7042210  1
        6     0.2957597  1

Credible sets summary:

 cs cs_log10bf cs_avg_r2 cs_min_r2 variable
  1   28.18503 0.9562982 0.9562982     6,10

Variables in credible sets:

 variable variable_prob cs
       10    0.27694418  1
        6    0.10406237  1
       16    0.07247407  1
        2    0.06238487  1
        7    0.05989853  1
        4    0.04940993  1
       15    0.04434792  1
        3    0.04314225  1
        5    0.04314225  1
        8    0.04314225  1
       13    0.04300973  1
        1    0.04033959  1
       14    0.04033959  1
       17    0.03192373  1

Credible sets summary:

 cs cs_log10bf cs_avg_r2 cs_min_r2                          variable
  1   3.940394 0.8823442 0.7263829 1,2,3,4,5,6,7,8,10,13,14,15,16,17
PP.H0.abf PP.H1.abf PP.H2.abf PP.H3.abf PP.H4.abf 
 2.28e-29  5.93e-04  3.38e-28  6.81e-03  9.93e-01 
[1] "PP abf for shared variant: 99.3%"
   nsnps       hit1       hit2    PP.H0.abf    PP.H1.abf    PP.H2.abf
1:    17 rs13139571 rs13139571 2.278968e-29 0.0005932283 3.377391e-28
     PP.H3.abf PP.H4.abf idx1 idx2
1: 0.006806337 0.9926004    1    1
[1] "ENSEMBL ID could not be converted to HGNC Symbol"
[1] "geneSymbol will be set to the ENSEMBL ID ENSG00000260244"
[1] "ENSG00000260244.1"
[1] "ENSG00000260244"
[1] "Adipose_Visceral_Omentum"
[1] "running liftOver"
[1] "Grabbing the all pairs data"
[1] "reading the all pairs data into R"
[1] 1925   14
[1] "Filtering on the geneID"
[1] "adding rs numbers to the QTL data"
[1] "merging the trait and eqtl data on unique ID"
[1] "Running coloc"
PP.H0.abf PP.H1.abf PP.H2.abf PP.H3.abf PP.H4.abf 
 5.55e-26  2.97e-01  1.02e-27  4.76e-03  6.98e-01 
[1] "PP abf for shared variant: 69.8%"

Variables in credible sets:

 variable variable_prob cs
       10     0.7042210  1
        6     0.2957597  1

Credible sets summary:

 cs cs_log10bf cs_avg_r2 cs_min_r2 variable
  1   28.18503 0.9562982 0.9562982     6,10

Variables in credible sets:

 variable variable_prob cs
       10    0.17067260  1
        7    0.11610492  1
        4    0.08490905  1
        6    0.08455726  1
       11    0.07731108  1
       13    0.05849734  1
       12    0.05833206  1
        8    0.04680730  1
        2    0.04522135  1
       17    0.03628419  1
       16    0.03523353  1
        1    0.03413914  1
       14    0.03413914  1
        3    0.03306225  1
        5    0.03306225  1
       15    0.02976031  1

Credible sets summary:

 cs cs_log10bf cs_avg_r2 cs_min_r2                                variable
  1   1.110868 0.8634412 0.7261238 1,2,3,4,5,6,7,8,10,11,12,13,14,15,16,17
PP.H0.abf PP.H1.abf PP.H2.abf PP.H3.abf PP.H4.abf 
 1.47e-26  3.83e-01  3.23e-28  7.18e-03  6.10e-01 
[1] "PP abf for shared variant: 61%"
   nsnps       hit1       hit2    PP.H0.abf PP.H1.abf    PP.H2.abf  PP.H3.abf
1:    17 rs13139571 rs13139571 1.470819e-26 0.3828623 3.227573e-28 0.00718164
   PP.H4.abf idx1 idx2
1:  0.609956    1    1
[1] "ENSEMBL ID could not be converted to HGNC Symbol"
[1] "geneSymbol will be set to the ENSEMBL ID ENSG00000260244"
[1] "ENSG00000260244.1"
[1] "ENSG00000260244"
[1] "Esophagus_Muscularis"
[1] "running liftOver"
[1] "Grabbing the all pairs data"
[1] "reading the all pairs data into R"
[1] 1650   14
[1] "Filtering on the geneID"
[1] "adding rs numbers to the QTL data"
[1] "merging the trait and eqtl data on unique ID"
[1] "Running coloc"
PP.H0.abf PP.H1.abf PP.H2.abf PP.H3.abf PP.H4.abf 
 1.46e-28  7.60e-04  6.07e-28  2.17e-03  9.97e-01 
[1] "PP abf for shared variant: 99.7%"

Variables in credible sets:

 variable variable_prob cs
       10     0.7042210  1
        6     0.2957597  1

Credible sets summary:

 cs cs_log10bf cs_avg_r2 cs_min_r2 variable
  1   28.18503 0.9562982 0.9562982     6,10

Variables in credible sets:

 variable variable_prob cs
       10    0.64387459  1
       12    0.06338219  1
       13    0.04354688  1
        4    0.03604404  1
        7    0.02292284  1
        1    0.02137929  1
       11    0.02113704  1
       16    0.02041998  1
       14    0.01805032  1
        3    0.01680336  1
        5    0.01680336  1
       15    0.01680336  1
        9    0.01400442  1

Credible sets summary:

 cs cs_log10bf cs_avg_r2 cs_min_r2                         variable
  1   4.166569 0.8491523 0.7261238 1,3,4,5,7,9,10,11,12,13,14,15,16
PP.H0.abf PP.H1.abf PP.H2.abf PP.H3.abf PP.H4.abf 
 6.73e-30  1.75e-04  1.68e-28  2.37e-03  9.97e-01 
[1] "PP abf for shared variant: 99.7%"
   nsnps       hit1       hit2   PP.H0.abf   PP.H1.abf    PP.H2.abf   PP.H3.abf
1:    17 rs13139571 rs13139571 6.72667e-30 0.000175099 1.678101e-28 0.002373287
   PP.H4.abf idx1 idx2
1: 0.9974516    1    1
[1] "ENSEMBL ID could not be converted to HGNC Symbol"
[1] "geneSymbol will be set to the ENSEMBL ID ENSG00000260244"
[1] "ENSG00000260244.1"
[1] "ENSG00000260244"
[1] "Colon_Sigmoid"
[1] "running liftOver"
[1] "Grabbing the all pairs data"
[1] "reading the all pairs data into R"
[1] 2475   14
[1] "Filtering on the geneID"
[1] "adding rs numbers to the QTL data"
[1] "merging the trait and eqtl data on unique ID"
[1] "Running coloc"
PP.H0.abf PP.H1.abf PP.H2.abf PP.H3.abf PP.H4.abf 
 1.57e-25  8.37e-01  8.80e-28  4.54e-03  1.58e-01 
[1] "PP abf for shared variant: 15.8%"

Variables in credible sets:

 variable variable_prob cs
       10     0.7042210  1
        6     0.2957597  1

Credible sets summary:

 cs cs_log10bf cs_avg_r2 cs_min_r2 variable
  1   28.18503 0.9562982 0.9562982     6,10

Variables in credible sets:

 variable variable_prob cs
       15    0.13351277  1
        3    0.09804674  1
        5    0.09804674  1
       17    0.09804674  1
        1    0.08748301  1
       14    0.08748301  1
       16    0.08645276  1
        8    0.08190054  1
        2    0.07564545  1
        6    0.04030127  1
       10    0.02420615  1
       11    0.01621885  1
        7    0.01570968  1
        9    0.01564782  1

Credible sets summary:

 cs cs_log10bf cs_avg_r2 cs_min_r2                          variable
  1  0.5747684 0.8828616 0.7261238 1,2,3,5,6,7,8,9,10,11,14,15,16,17
PP.H0.abf PP.H1.abf PP.H2.abf PP.H3.abf PP.H4.abf 
 3.50e-26  9.10e-01  2.23e-28  5.64e-03  8.42e-02 
[1] "PP abf for shared variant: 8.42%"
   nsnps       hit1      hit2    PP.H0.abf PP.H1.abf    PP.H2.abf   PP.H3.abf
1:    17 rs13139571 rs7682716 3.496561e-26 0.9101745 2.232844e-28 0.005643856
    PP.H4.abf idx1 idx2
1: 0.08418166    1    1
[1] "ENSEMBL ID could not be converted to HGNC Symbol"
[1] "geneSymbol will be set to the ENSEMBL ID ENSG00000260244"
[1] "ENSG00000260244.1"
[1] "ENSG00000260244"
[1] "Spleen"
[1] "running liftOver"
[1] "Grabbing the all pairs data"
[1] "reading the all pairs data into R"
[1] 1650   14
[1] "Filtering on the geneID"
[1] "adding rs numbers to the QTL data"
[1] "merging the trait and eqtl data on unique ID"
[1] "Running coloc"
PP.H0.abf PP.H1.abf PP.H2.abf PP.H3.abf PP.H4.abf 
 1.62e-25  8.36e-01  5.70e-28  2.77e-03  1.61e-01 
[1] "PP abf for shared variant: 16.1%"

Variables in credible sets:

 variable variable_prob cs
       10     0.7042210  1
        6     0.2957597  1

Credible sets summary:

 cs cs_log10bf cs_avg_r2 cs_min_r2 variable
  1   28.18503 0.9562982 0.9562982     6,10

Variables in credible sets:

 variable variable_prob cs
        7    0.11904249  1
       12    0.09531357  1
       11    0.08760466  1
        4    0.07731014  1
        1    0.06973180  1
       13    0.06927636  1
       14    0.06166413  1
       10    0.05983619  1
        9    0.05222495  1
       17    0.04202667  1
        3    0.04195030  1
        5    0.04195030  1
        8    0.04195030  1
       15    0.04195030  1
        6    0.03911378  1
        2    0.03120254  1

Credible sets summary:

 cs cs_log10bf cs_avg_r2 cs_min_r2                               variable
  1  0.3409138 0.8560412 0.7261238 1,2,3,4,5,6,7,8,9,10,11,12,13,14,15,17
PP.H0.abf PP.H1.abf PP.H2.abf PP.H3.abf PP.H4.abf 
 3.48e-26  9.06e-01  1.30e-28  3.20e-03  9.07e-02 
[1] "PP abf for shared variant: 9.07%"
   nsnps       hit1       hit2    PP.H0.abf PP.H1.abf    PP.H2.abf   PP.H3.abf
1:    17 rs13139571 rs11737895 3.480971e-26 0.9061161 1.297368e-28 0.003195745
    PP.H4.abf idx1 idx2
1: 0.09068812    1    1
