[1] "trait"
[1] "PP"
[1] "trait_file_header_info"
[1] "/gpfs/projects/bsc83/Projects/Breast/ANALYSIS/Hypertension/analysis/06_colocalization/PP_Evangelou_parsed.txt"
[1] "Tested_Allele"
[1] "Other_Allele"
[1] "SNP"
[1] "CHR"
[1] "POS"
[1] "P"
[1] "N"
[1] "Freq_Tested_Allele"
[1] "traitType:"
[1] "quant"
[1] 1
[1] "Locus Info:"
[1] 1
[1] 56524552
[1] 56632340
[1] "rs112557609"
[1] "QTL type:"
[1] "eqtl"
[1] TRUE
[1] "trait input file successfully loaded"
   CHR      POS        SNP Tested_Allele Other_Allele Freq_Tested_Allele   BETA
1:   1 56524552  rs1331854             A            G             0.3286 0.2026
2:   1 56526047  rs7547019             A            G             0.3280 0.2026
3:   1 56530856 rs12137066             A            C             0.6709 0.2009
4:   1 56531423 rs41533449             A            G             0.3291 0.2012
5:   1 56545484  rs6702275             A            C             0.3294 0.2020
6:   1 56552341 rs72675514             T            G             0.6700 0.1996
       SE         P      N Ref_Allele Alt_Allele
1: 0.0218 1.781e-20 728482          G          A
2: 0.0218 1.773e-20 728833          G          A
3: 0.0218 3.300e-20 729875          A          C
4: 0.0218 3.214e-20 727792          G          A
5: 0.0218 1.900e-20 730198          C          A
6: 0.0218 5.253e-20 728974          T          G
[1] "rs1331854"  "rs7547019"  "rs12137066"
[1] "/gpfs/projects/bsc83/Projects/Breast/ANALYSIS/Hypertension/data/Coloq/chr_1_snp151_hash_table.json"
$rs171
[1] "chr1_175292543"

$rs242
[1] "chr1_20542968"

$rs538
[1] "chr1_6100898"

[1] "hash table loaded"
[1] "/gpfs/projects/bsc83/Projects/Breast/ANALYSIS/Hypertension/analysis/06_colocalization/ColocQuiaL-main/GTEx_v8_Tissue_Summary_with_filenames_all.csv"
                          Tissue NumberRNASeqandGTSamples NumberRNASeqSamples
1              Muscle - Skeletal                      706                 803
2                    Whole Blood                      670                 755
3 Skin - Sun Exposed (Lower leg)                      605                 701
4                Artery - Tibial                      584                 663
5         Adipose - Subcutaneous                      581                 663
6                        Thyroid                      574                 653
  Number_of_eGenes                      allPairsTabixFilename
1            13532            Muscle_Skeletal.allpairs.tab.gz
2            12360                Whole_Blood.allpairs.tab.gz
3            16967 Skin_Sun_Exposed_Lower_leg.allpairs.tab.gz
4            15008              Artery_Tibial.allpairs.tab.gz
5            15607       Adipose_Subcutaneous.allpairs.tab.gz
6            17684                    Thyroid.allpairs.tab.gz
                                              sigPairsTabixFilename
1            Muscle_Skeletal.v8.v8.signif_variant_gene_pairs.tab.gz
2                Whole_Blood.v8.v8.signif_variant_gene_pairs.tab.gz
3 Skin_Sun_Exposed_Lower_leg.v8.v8.signif_variant_gene_pairs.tab.gz
4              Artery_Tibial.v8.v8.signif_variant_gene_pairs.tab.gz
5       Adipose_Subcutaneous.v8.v8.signif_variant_gene_pairs.tab.gz
6                    Thyroid.v8.v8.signif_variant_gene_pairs.tab.gz
[1] "chr1_56111252"
[1] "rs112557609 is not a significant eqtl in any tissue in the eqtl dataset."
