[1] "trait"
[1] "SBP"
[1] "trait_file_header_info"
[1] "/gpfs/projects/bsc83/Projects/Breast/ANALYSIS/Hypertension/analysis/06_colocalization/SBP_Evangelou_parsed.txt"
[1] "Tested_Allele"
[1] "Other_Allele"
[1] "SNP"
[1] "CHR"
[1] "POS"
[1] "P"
[1] "N"
[1] "Freq_Tested_Allele"
[1] "traitType:"
[1] "quant"
[1] 5
[1] "Locus Info:"
[1] 5
[1] 32699586
[1] 32716474
[1] "rs1421811"
[1] "QTL type:"
[1] "eqtl"
[1] TRUE
[1] "trait input file successfully loaded"
   CHR      POS        SNP Tested_Allele Other_Allele Freq_Tested_Allele
1:   5 32699586 rs62369516             T            C             0.6394
2:   5 32709653  rs3762988             T            C             0.3870
3:   5 32713108  rs3828591             C            G             0.3922
4:   5 32713327  rs3828589             T            C             0.6091
5:   5 32713836  rs3792765             A            G             0.6091
6:   5 32714270  rs1421811             C            G             0.6091
      BETA     SE         P      N Ref_Allele Alt_Allele
1: -0.5162 0.0316 4.922e-60 723685          T          C
2: -0.5566 0.0311 1.679e-71 724447          C          T
3: -0.5693 0.0311 4.575e-75 723560          G          C
4: -0.5700 0.0311 5.965e-75 722061          T          C
5: -0.5699 0.0311 4.854e-75 724078          A          G
6: -0.5701 0.0311 4.574e-75 724094          C          G
[1] "rs62369516" "rs3762988"  "rs3828591" 
[1] "/gpfs/projects/bsc83/Projects/Breast/ANALYSIS/Hypertension/data/Coloq/chr_5_snp151_hash_table.json"
$rs385
[1] "chr5_9617268"

$rs387
[1] "chr5_9604894"

$rs388
[1] "chr5_9604859"

[1] "hash table loaded"
[1] "/gpfs/projects/bsc83/Projects/Breast/ANALYSIS/Hypertension/analysis/06_colocalization/ColocQuiaL-main/GTEx_v8_Tissue_Summary_with_filenames_all.csv"
                          Tissue NumberRNASeqandGTSamples NumberRNASeqSamples
1              Muscle - Skeletal                      706                 803
2                    Whole Blood                      670                 755
3 Skin - Sun Exposed (Lower leg)                      605                 701
4                Artery - Tibial                      584                 663
5         Adipose - Subcutaneous                      581                 663
6                        Thyroid                      574                 653
  Number_of_eGenes                      allPairsTabixFilename
1            13532            Muscle_Skeletal.allpairs.tab.gz
2            12360                Whole_Blood.allpairs.tab.gz
3            16967 Skin_Sun_Exposed_Lower_leg.allpairs.tab.gz
4            15008              Artery_Tibial.allpairs.tab.gz
5            15607       Adipose_Subcutaneous.allpairs.tab.gz
6            17684                    Thyroid.allpairs.tab.gz
                                              sigPairsTabixFilename
1            Muscle_Skeletal.v8.v8.signif_variant_gene_pairs.tab.gz
2                Whole_Blood.v8.v8.signif_variant_gene_pairs.tab.gz
3 Skin_Sun_Exposed_Lower_leg.v8.v8.signif_variant_gene_pairs.tab.gz
4              Artery_Tibial.v8.v8.signif_variant_gene_pairs.tab.gz
5       Adipose_Subcutaneous.v8.v8.signif_variant_gene_pairs.tab.gz
6                    Thyroid.v8.v8.signif_variant_gene_pairs.tab.gz
[1] "chr5_32714164"
[1] "ENSG00000113389.15"
[1] "NPR3"
[1] "Lung"
[1] "running liftOver"
[1] "Grabbing the all pairs data"
[1] "reading the all pairs data into R"
[1] 380  14
[1] "Filtering on the geneID"
[1] "adding rs numbers to the QTL data"
[1] "merging the trait and eqtl data on unique ID"
[1] "Running coloc"
PP.H0.abf PP.H1.abf PP.H2.abf PP.H3.abf PP.H4.abf 
 4.21e-73  1.64e-05  1.13e-70  3.39e-03  9.97e-01 
[1] "PP abf for shared variant: 99.7%"

Variables in credible sets:

 variable variable_prob cs
        1     0.2892200  1
        4     0.2727145  1
        3     0.2571537  1
        5     0.1807979  1

Credible sets summary:

 cs cs_log10bf cs_avg_r2 cs_min_r2 variable
  1     71.328 0.9938286 0.9876762  1,3,4,5

Variables in credible sets:

 variable variable_prob cs
        1    0.28391295  1
        3    0.28391295  1
        4    0.28391295  1
        5    0.08977798  1
        2    0.05848319  1

Credible sets summary:

 cs cs_log10bf cs_avg_r2 cs_min_r2  variable
  1   6.675812 0.9550097 0.8951771 1,2,3,4,5
PP.H0.abf PP.H1.abf PP.H2.abf PP.H3.abf PP.H4.abf 
 3.17e-74  3.37e-06  7.51e-71  6.00e-03  9.94e-01 
[1] "PP abf for shared variant: 99.4%"
   nsnps      hit1      hit2    PP.H0.abf    PP.H1.abf    PP.H2.abf PP.H3.abf
1:     5 rs1421811 rs1421811 3.168362e-74 3.371338e-06 7.509598e-71 0.0060027
   PP.H4.abf idx1 idx2
1: 0.9939939    1    1
[1] "ENSG00000113389.15"
[1] "NPR3"
[1] "Heart_Atrial_Appendage"
[1] "running liftOver"
[1] "Grabbing the all pairs data"
[1] "reading the all pairs data into R"
[1] 456  14
[1] "Filtering on the geneID"
[1] "adding rs numbers to the QTL data"
[1] "merging the trait and eqtl data on unique ID"
[1] "Running coloc"
PP.H0.abf PP.H1.abf PP.H2.abf PP.H3.abf PP.H4.abf 
 1.30e-69  5.14e-02  1.02e-70  3.08e-03  9.46e-01 
[1] "PP abf for shared variant: 94.6%"

Variables in credible sets:

 variable variable_prob cs
        1     0.2892200  1
        4     0.2727145  1
        3     0.2571537  1
        5     0.1807979  1

Credible sets summary:

 cs cs_log10bf cs_avg_r2 cs_min_r2 variable
  1     71.328 0.9938286 0.9876762  1,3,4,5

Variables in credible sets:

 variable variable_prob cs
        1     0.3876682  1
        3     0.2690212  1
        4     0.2690212  1
        5     0.0395220  1

Credible sets summary:

 cs cs_log10bf cs_avg_r2 cs_min_r2 variable
  1   2.532663 0.9938286 0.9876762  1,3,4,5
PP.H0.abf PP.H1.abf PP.H2.abf PP.H3.abf PP.H4.abf 
 4.01e-70  4.27e-02  6.83e-71  5.37e-03  9.52e-01 
[1] "PP abf for shared variant: 95.2%"
   nsnps      hit1      hit2    PP.H0.abf  PP.H1.abf    PP.H2.abf   PP.H3.abf
1:     5 rs1421811 rs1421811 4.009187e-70 0.04266029 6.834225e-71 0.005368106
   PP.H4.abf idx1 idx2
1: 0.9519716    1    1
