[1] "trait"
[1] "PP"
[1] "trait_file_header_info"
[1] "/gpfs/projects/bsc83/Projects/Breast/ANALYSIS/Hypertension/analysis/06_colocalization/PP_Evangelou_parsed.txt"
[1] "Tested_Allele"
[1] "Other_Allele"
[1] "SNP"
[1] "CHR"
[1] "POS"
[1] "P"
[1] "N"
[1] "Freq_Tested_Allele"
[1] "traitType:"
[1] "quant"
[1] 3
[1] "Locus Info:"
[1] 3
[1] 41750260
[1] 42065005
[1] "rs3774372"
[1] "QTL type:"
[1] "eqtl"
[1] TRUE
[1] "trait input file successfully loaded"
   CHR      POS       SNP Tested_Allele Other_Allele Freq_Tested_Allele    BETA
1:   3 41750260 rs6599167             A            G             0.8294 -0.4981
2:   3 41750323 rs6599168             T            C             0.8288 -0.4959
3:   3 41750973 rs6771928             A            G             0.1520 -0.4996
4:   3 41750989 rs6763508             T            C             0.8297 -0.4986
5:   3 41751005 rs6809328             A            C             0.8311 -0.4967
6:   3 41751147 rs6794074             A            G             0.8288 -0.4956
       SE         P      N Ref_Allele Alt_Allele
1: 0.0277 3.237e-72 713547          A          G
2: 0.0277 6.453e-72 715161          T          C
3: 0.0293 2.301e-65 706740          G          A
4: 0.0278 4.267e-72 712650          T          C
5: 0.0278 3.421e-71 713494          A          C
6: 0.0276 4.858e-72 716437          A          G
[1] "rs6599167" "rs6599168" "rs6771928"
[1] "/gpfs/projects/bsc83/Projects/Breast/ANALYSIS/Hypertension/data/Coloq/chr_3_snp151_hash_table.json"
$rs224
[1] "chr3_194857582"

$rs225
[1] "chr3_194857561"

$rs226
[1] "chr3_7864904"

[1] "hash table loaded"
[1] "/gpfs/projects/bsc83/Projects/Breast/ANALYSIS/Hypertension/analysis/06_colocalization/ColocQuiaL-main/GTEx_v8_Tissue_Summary_with_filenames_all.csv"
                          Tissue NumberRNASeqandGTSamples NumberRNASeqSamples
1              Muscle - Skeletal                      706                 803
2                    Whole Blood                      670                 755
3 Skin - Sun Exposed (Lower leg)                      605                 701
4                Artery - Tibial                      584                 663
5         Adipose - Subcutaneous                      581                 663
6                        Thyroid                      574                 653
  Number_of_eGenes                      allPairsTabixFilename
1            13532            Muscle_Skeletal.allpairs.tab.gz
2            12360                Whole_Blood.allpairs.tab.gz
3            16967 Skin_Sun_Exposed_Lower_leg.allpairs.tab.gz
4            15008              Artery_Tibial.allpairs.tab.gz
5            15607       Adipose_Subcutaneous.allpairs.tab.gz
6            17684                    Thyroid.allpairs.tab.gz
                                              sigPairsTabixFilename
1            Muscle_Skeletal.v8.v8.signif_variant_gene_pairs.tab.gz
2                Whole_Blood.v8.v8.signif_variant_gene_pairs.tab.gz
3 Skin_Sun_Exposed_Lower_leg.v8.v8.signif_variant_gene_pairs.tab.gz
4              Artery_Tibial.v8.v8.signif_variant_gene_pairs.tab.gz
5       Adipose_Subcutaneous.v8.v8.signif_variant_gene_pairs.tab.gz
6                    Thyroid.v8.v8.signif_variant_gene_pairs.tab.gz
[1] "chr3_41835922"
[1] "ENSG00000168038.10"
[1] "ULK4"
[1] "Muscle_Skeletal"
[1] "running liftOver"
[1] "Grabbing the all pairs data"
[1] "reading the all pairs data into R"
[1] 28509    14
[1] "Filtering on the geneID"
[1] "adding rs numbers to the QTL data"
[1] "merging the trait and eqtl data on unique ID"
[1] "Running coloc"
PP.H0.abf PP.H1.abf PP.H2.abf PP.H3.abf PP.H4.abf 
9.54e-104  1.93e-29  1.14e-75  2.31e-01  7.69e-01 
[1] "PP abf for shared variant: 76.9%"

Variables in credible sets:

 variable variable_prob cs
      115   0.045864052  1
      126   0.045864052  1
      156   0.045864052  1
        9   0.042831483  1
      144   0.039999945  1
      300   0.039999945  1
      107   0.037356079  1
      124   0.034887415  1
      206   0.032582311  1
      499   0.032462800  1
      498   0.030325736  1
       92   0.028420054  1
      157   0.028329721  1
       93   0.026543294  1
      119   0.026543294  1
      120   0.026543294  1
       91   0.024790788  1
      123   0.024790788  1
      204   0.024790788  1
      222   0.024724122  1
       86   0.023154289  1
      165   0.023154289  1
      122   0.021626098  1
      205   0.021626098  1
      125   0.021578523  1
       89   0.020199029  1
      166   0.017621869  1
      223   0.013401059  1
      207   0.010218193  1
      308   0.008315472  1
      143   0.007789101  1
      106   0.007253387  1
      105   0.006313211  1
      121   0.005938676  1
      145   0.005579027  1
      146   0.005579027  1
      164   0.005549503  1
      525   0.005519713  1
        1   0.005155544  1
      284   0.005155544  1
      524   0.005155544  1
      116   0.004876655  1
       46   0.004815464  1
      296   0.004815464  1
      489   0.004815464  1
       45   0.004497876  1
      483   0.004497876  1
      538   0.003665635  1
      528   0.003650273  1
       30   0.003228272  1
      232   0.003198443  1

Credible sets summary:

 cs cs_log10bf cs_avg_r2 cs_min_r2
  1   76.09512 0.9979556 0.9666921
                                                                                                                                                                                        variable
 1,9,30,45,46,86,89,91,92,93,105,106,107,115,116,119,120,121,122,123,124,125,126,143,144,145,146,156,157,164,165,166,204,205,206,207,222,223,232,284,296,300,308,483,489,498,499,524,525,528,538

Variables in credible sets:

 variable variable_prob cs
      303   0.100405823  1
      281   0.075435039  1
      280   0.072486109  1
      309   0.072486109  1
      426   0.072486109  1
      445   0.072486109  1
      389   0.068739791  1
      427   0.037064012  1
      515   0.028260221  1
      293   0.022963271  1
      301   0.022963271  1
      391   0.022963271  1
      528   0.022963271  1
      203   0.020301257  1
      538   0.019810770  1
       39   0.017219035  1
       79   0.017219035  1
       45   0.014004378  1
      106   0.014004378  1
      490   0.013254235  1
      286   0.012857722  1
      410   0.012263973  1
      523   0.008083329  1
       88   0.006984561  1
      473   0.005735653  1
       42   0.004648999  1
       60   0.004648999  1
      145   0.004648999  1
      146   0.004648999  1
      151   0.004648999  1
      152   0.004648999  1
      166   0.004648999  1
      498   0.004648999  1
      499   0.004648999  1
       56   0.004084735  1
      113   0.004084735  1
      128   0.004084735  1
      130   0.004084735  1
      160   0.004084735  1
      200   0.004084735  1
      201   0.004084735  1
      503   0.004084735  1
      116   0.003936613  1
       63   0.003296639  1
      132   0.003293883  1
      500   0.002802086  1
      300   0.002561578  1
      148   0.002155132  1
      107   0.001968619  1
       46   0.001907472  1
      206   0.001815590  1

Credible sets summary:

 cs cs_log10bf cs_avg_r2 cs_min_r2
  1   42.10537 0.9965015 0.9800366
                                                                                                                                                                                           variable
 39,42,45,46,56,60,63,79,88,106,107,113,116,128,130,132,145,146,148,151,152,160,166,200,201,203,206,280,281,286,293,300,301,303,309,389,391,410,426,427,445,473,490,498,499,500,503,515,523,528,538
PP.H0.abf PP.H1.abf PP.H2.abf PP.H3.abf PP.H4.abf 
1.27e-116  8.48e-42  8.68e-76  5.81e-01  4.19e-01 
[1] "PP abf for shared variant: 41.9%"
   nsnps      hit1      hit2     PP.H0.abf    PP.H1.abf    PP.H2.abf PP.H3.abf
1:   538 rs1716657 rs6796210 1.266304e-116 8.480847e-42 8.683482e-76 0.5807222
   PP.H4.abf idx1 idx2
1: 0.4192778    1    1
[1] "ENSG00000168038.10"
[1] "ULK4"
[1] "Whole_Blood"
[1] "running liftOver"
[1] "Grabbing the all pairs data"
[1] "reading the all pairs data into R"
[1] 27262    14
[1] "Filtering on the geneID"
[1] "adding rs numbers to the QTL data"
[1] "merging the trait and eqtl data on unique ID"
[1] "Running coloc"
PP.H0.abf PP.H1.abf PP.H2.abf PP.H3.abf PP.H4.abf 
 4.14e-99  8.34e-25  1.43e-75  2.87e-01  7.13e-01 
[1] "PP abf for shared variant: 71.3%"

Variables in credible sets:

 variable variable_prob cs
      115   0.045864052  1
      126   0.045864052  1
      156   0.045864052  1
        9   0.042831483  1
      144   0.039999945  1
      300   0.039999945  1
      107   0.037356079  1
      124   0.034887415  1
      206   0.032582311  1
      499   0.032462800  1
      498   0.030325736  1
       92   0.028420054  1
      157   0.028329721  1
       93   0.026543294  1
      119   0.026543294  1
      120   0.026543294  1
       91   0.024790788  1
      123   0.024790788  1
      204   0.024790788  1
      222   0.024724122  1
       86   0.023154289  1
      165   0.023154289  1
      122   0.021626098  1
      205   0.021626098  1
      125   0.021578523  1
       89   0.020199029  1
      166   0.017621869  1
      223   0.013401059  1
      207   0.010218193  1
      308   0.008315472  1
      143   0.007789101  1
      106   0.007253387  1
      105   0.006313211  1
      121   0.005938676  1
      145   0.005579027  1
      146   0.005579027  1
      164   0.005549503  1
      525   0.005519713  1
        1   0.005155544  1
      284   0.005155544  1
      524   0.005155544  1
      116   0.004876655  1
       46   0.004815464  1
      296   0.004815464  1
      489   0.004815464  1
       45   0.004497876  1
      483   0.004497876  1
      538   0.003665635  1
      528   0.003650273  1
       30   0.003228272  1
      232   0.003198443  1

Credible sets summary:

 cs cs_log10bf cs_avg_r2 cs_min_r2
  1   76.09512 0.9979556 0.9666921
                                                                                                                                                                                        variable
 1,9,30,45,46,86,89,91,92,93,105,106,107,115,116,119,120,121,122,123,124,125,126,143,144,145,146,156,157,164,165,166,204,205,206,207,222,223,232,284,296,300,308,483,489,498,499,524,525,528,538
[1] "susie can't run in these pair"
[1] "ENSG00000168038.10"
[1] "ULK4"
[1] "Skin_Sun_Exposed_Lower_leg"
[1] "running liftOver"
[1] "Grabbing the all pairs data"
[1] "reading the all pairs data into R"
[1] 27907    14
[1] "Filtering on the geneID"
[1] "adding rs numbers to the QTL data"
[1] "merging the trait and eqtl data on unique ID"
[1] "Running coloc"
PP.H0.abf PP.H1.abf PP.H2.abf PP.H3.abf PP.H4.abf 
1.02e-101  2.01e-27  9.43e-76  1.86e-01  8.14e-01 
[1] "PP abf for shared variant: 81.4%"

Variables in credible sets:

 variable variable_prob cs
      115   0.045864052  1
      126   0.045864052  1
      156   0.045864052  1
        9   0.042831483  1
      144   0.039999945  1
      300   0.039999945  1
      107   0.037356079  1
      124   0.034887415  1
      206   0.032582311  1
      499   0.032462800  1
      498   0.030325736  1
       92   0.028420054  1
      157   0.028329721  1
       93   0.026543294  1
      119   0.026543294  1
      120   0.026543294  1
       91   0.024790788  1
      123   0.024790788  1
      204   0.024790788  1
      222   0.024724122  1
       86   0.023154289  1
      165   0.023154289  1
      122   0.021626098  1
      205   0.021626098  1
      125   0.021578523  1
       89   0.020199029  1
      166   0.017621869  1
      223   0.013401059  1
      207   0.010218193  1
      308   0.008315472  1
      143   0.007789101  1
      106   0.007253387  1
      105   0.006313211  1
      121   0.005938676  1
      145   0.005579027  1
      146   0.005579027  1
      164   0.005549503  1
      525   0.005519713  1
        1   0.005155544  1
      284   0.005155544  1
      524   0.005155544  1
      116   0.004876655  1
       46   0.004815464  1
      296   0.004815464  1
      489   0.004815464  1
       45   0.004497876  1
      483   0.004497876  1
      538   0.003665635  1
      528   0.003650273  1
       30   0.003228272  1
      232   0.003198443  1

Credible sets summary:

 cs cs_log10bf cs_avg_r2 cs_min_r2
  1   76.09512 0.9979556 0.9666921
                                                                                                                                                                                        variable
 1,9,30,45,46,86,89,91,92,93,105,106,107,115,116,119,120,121,122,123,124,125,126,143,144,145,146,156,157,164,165,166,204,205,206,207,222,223,232,284,296,300,308,483,489,498,499,524,525,528,538

Variables in credible sets:

 variable variable_prob cs
      389   0.117520597  1
      281   0.110665522  1
      203   0.086098890  1
      303   0.075667337  1
      301   0.075505531  1
      280   0.041899750  1
      286   0.041899750  1
      293   0.041899750  1
      309   0.041899750  1
      391   0.041899750  1
      426   0.041899750  1
      445   0.041899750  1
      528   0.041899750  1
      295   0.020335613  1
       39   0.018398013  1
       79   0.018398013  1
      310   0.007050432  1
      442   0.006191913  1
      496   0.005289540  1
      427   0.005113842  1
      167   0.004947069  1
      411   0.003825304  1
      518   0.003825304  1
      438   0.003713815  1
       95   0.002680722  1
        8   0.002637348  1
       64   0.002637348  1
       89   0.002637348  1
       91   0.002637348  1
       92   0.002637348  1
       96   0.002637348  1
      119   0.002637348  1
      122   0.002637348  1
      123   0.002637348  1
      124   0.002637348  1
      125   0.002637348  1
      126   0.002637348  1
      144   0.002637348  1
      149   0.002637348  1
      150   0.002637348  1
      155   0.002637348  1
      158   0.002637348  1
      165   0.002637348  1
      205   0.002637348  1

Credible sets summary:

 cs cs_log10bf cs_avg_r2 cs_min_r2
  1   41.20143 0.9956927 0.9664463
                                                                                                                                                              variable
 8,39,64,79,89,91,92,95,96,119,122,123,124,125,126,144,149,150,155,158,165,167,203,205,280,281,286,293,295,301,303,309,310,389,391,411,426,427,438,442,445,496,518,528
PP.H0.abf PP.H1.abf PP.H2.abf PP.H3.abf PP.H4.abf 
9.53e-116  6.38e-41  8.15e-76  5.45e-01  4.55e-01 
[1] "PP abf for shared variant: 45.5%"
   nsnps      hit1       hit2     PP.H0.abf    PP.H1.abf    PP.H2.abf PP.H3.abf
1:   538 rs1716657 rs73079324 9.528906e-116 6.381815e-41 8.151801e-76 0.5450424
   PP.H4.abf idx1 idx2
1: 0.4549576    1    1
[1] "ENSG00000168038.10"
[1] "ULK4"
[1] "Artery_Tibial"
[1] "running liftOver"
[1] "Grabbing the all pairs data"
[1] "reading the all pairs data into R"
[1] 28487    14
[1] "Filtering on the geneID"
[1] "adding rs numbers to the QTL data"
[1] "merging the trait and eqtl data on unique ID"
[1] "Running coloc"
PP.H0.abf PP.H1.abf PP.H2.abf PP.H3.abf PP.H4.abf 
 2.57e-98  5.17e-24  1.24e-75  2.48e-01  7.52e-01 
[1] "PP abf for shared variant: 75.2%"

Variables in credible sets:

 variable variable_prob cs
      115   0.045864052  1
      126   0.045864052  1
      156   0.045864052  1
        9   0.042831483  1
      144   0.039999945  1
      300   0.039999945  1
      107   0.037356079  1
      124   0.034887415  1
      206   0.032582311  1
      499   0.032462800  1
      498   0.030325736  1
       92   0.028420054  1
      157   0.028329721  1
       93   0.026543294  1
      119   0.026543294  1
      120   0.026543294  1
       91   0.024790788  1
      123   0.024790788  1
      204   0.024790788  1
      222   0.024724122  1
       86   0.023154289  1
      165   0.023154289  1
      122   0.021626098  1
      205   0.021626098  1
      125   0.021578523  1
       89   0.020199029  1
      166   0.017621869  1
      223   0.013401059  1
      207   0.010218193  1
      308   0.008315472  1
      143   0.007789101  1
      106   0.007253387  1
      105   0.006313211  1
      121   0.005938676  1
      145   0.005579027  1
      146   0.005579027  1
      164   0.005549503  1
      525   0.005519713  1
        1   0.005155544  1
      284   0.005155544  1
      524   0.005155544  1
      116   0.004876655  1
       46   0.004815464  1
      296   0.004815464  1
      489   0.004815464  1
       45   0.004497876  1
      483   0.004497876  1
      538   0.003665635  1
      528   0.003650273  1
       30   0.003228272  1
      232   0.003198443  1

Credible sets summary:

 cs cs_log10bf cs_avg_r2 cs_min_r2
  1   76.09512 0.9979556 0.9666921
                                                                                                                                                                                        variable
 1,9,30,45,46,86,89,91,92,93,105,106,107,115,116,119,120,121,122,123,124,125,126,143,144,145,146,156,157,164,165,166,204,205,206,207,222,223,232,284,296,300,308,483,489,498,499,524,525,528,538

Variables in credible sets:

 variable variable_prob cs
       65   0.293229210  1
      197   0.262344934  1
      496   0.092868484  1
      136   0.042207459  1
      137   0.039561692  1
      518   0.038536728  1
      167   0.009854005  1
       95   0.009435612  1
       56   0.007914457  1
       90   0.007914457  1
      108   0.007914457  1
      109   0.007914457  1
      113   0.007914457  1
      127   0.007914457  1
      128   0.007914457  1
      130   0.007914457  1
      134   0.007914457  1
      160   0.007914457  1
      161   0.007914457  1
      163   0.007914457  1
      200   0.007914457  1
      201   0.007914457  1
      410   0.007914457  1
      429   0.007914457  1
      503   0.007914457  1
      536   0.007914457  1
      411   0.007122956  1
      427   0.005994376  1
      154   0.005058663  1
      138   0.003310869  1

Credible sets summary:

 cs cs_log10bf cs_avg_r2 cs_min_r2
  1   36.45985 0.9946476  0.954064
                                                                                                            variable
 56,65,90,95,108,109,113,127,128,130,134,136,137,138,154,160,161,163,167,197,200,201,410,411,427,429,496,503,518,536
PP.H0.abf PP.H1.abf PP.H2.abf PP.H3.abf PP.H4.abf 
7.54e-111  5.05e-36  1.17e-75  7.82e-01  2.18e-01 
[1] "PP abf for shared variant: 21.8%"
   nsnps      hit1       hit2     PP.H0.abf    PP.H1.abf    PP.H2.abf PP.H3.abf
1:   538 rs1716657 rs13321282 7.536383e-111 5.047358e-36 1.168939e-75 0.7824406
   PP.H4.abf idx1 idx2
1: 0.2175594    1    1
[1] "ENSG00000168038.10"
[1] "ULK4"
[1] "Adipose_Subcutaneous"
[1] "running liftOver"
[1] "Grabbing the all pairs data"
[1] "reading the all pairs data into R"
[1] 29067    14
[1] "Filtering on the geneID"
[1] "adding rs numbers to the QTL data"
[1] "merging the trait and eqtl data on unique ID"
[1] "Running coloc"
PP.H0.abf PP.H1.abf PP.H2.abf PP.H3.abf PP.H4.abf 
 1.73e-91  3.48e-17  2.73e-75  5.48e-01  4.52e-01 
[1] "PP abf for shared variant: 45.2%"

Variables in credible sets:

 variable variable_prob cs
      115   0.045864052  1
      126   0.045864052  1
      156   0.045864052  1
        9   0.042831483  1
      144   0.039999945  1
      300   0.039999945  1
      107   0.037356079  1
      124   0.034887415  1
      206   0.032582311  1
      499   0.032462800  1
      498   0.030325736  1
       92   0.028420054  1
      157   0.028329721  1
       93   0.026543294  1
      119   0.026543294  1
      120   0.026543294  1
       91   0.024790788  1
      123   0.024790788  1
      204   0.024790788  1
      222   0.024724122  1
       86   0.023154289  1
      165   0.023154289  1
      122   0.021626098  1
      205   0.021626098  1
      125   0.021578523  1
       89   0.020199029  1
      166   0.017621869  1
      223   0.013401059  1
      207   0.010218193  1
      308   0.008315472  1
      143   0.007789101  1
      106   0.007253387  1
      105   0.006313211  1
      121   0.005938676  1
      145   0.005579027  1
      146   0.005579027  1
      164   0.005549503  1
      525   0.005519713  1
        1   0.005155544  1
      284   0.005155544  1
      524   0.005155544  1
      116   0.004876655  1
       46   0.004815464  1
      296   0.004815464  1
      489   0.004815464  1
       45   0.004497876  1
      483   0.004497876  1
      538   0.003665635  1
      528   0.003650273  1
       30   0.003228272  1
      232   0.003198443  1

Credible sets summary:

 cs cs_log10bf cs_avg_r2 cs_min_r2
  1   76.09512 0.9979556 0.9666921
                                                                                                                                                                                        variable
 1,9,30,45,46,86,89,91,92,93,105,106,107,115,116,119,120,121,122,123,124,125,126,143,144,145,146,156,157,164,165,166,204,205,206,207,222,223,232,284,296,300,308,483,489,498,499,524,525,528,538

Variables in credible sets:

 variable variable_prob cs
      497    0.38842725  1
      481    0.37708942  1
      281    0.07319360  1
      303    0.06964450  1
      280    0.01305385  1
      309    0.01305385  1
      426    0.01305385  1
      445    0.01305385  1

Credible sets summary:

 cs cs_log10bf cs_avg_r2 cs_min_r2                        variable
  1   25.51187         1         1 280,281,303,309,426,445,481,497
PP.H0.abf PP.H1.abf PP.H2.abf PP.H3.abf PP.H4.abf 
8.34e-100  5.58e-25  1.46e-75  9.76e-01  2.38e-02 
[1] "PP abf for shared variant: 2.38%"
   nsnps      hit1      hit2     PP.H0.abf    PP.H1.abf    PP.H2.abf PP.H3.abf
1:   538 rs1716657 rs9837273 8.336785e-100 5.583413e-25 1.457657e-75 0.9761921
    PP.H4.abf idx1 idx2
1: 0.02380794    1    1
[1] "ENSG00000168038.10"
[1] "ULK4"
[1] "Thyroid"
[1] "running liftOver"
[1] "Grabbing the all pairs data"
[1] "reading the all pairs data into R"
[1] 30412    14
[1] "Filtering on the geneID"
[1] "adding rs numbers to the QTL data"
[1] "merging the trait and eqtl data on unique ID"
[1] "Running coloc"
PP.H0.abf PP.H1.abf PP.H2.abf PP.H3.abf PP.H4.abf 
3.46e-118  6.86e-44  3.02e-75  5.98e-01  4.02e-01 
[1] "PP abf for shared variant: 40.2%"

Variables in credible sets:

 variable variable_prob cs
      115   0.045864052  1
      126   0.045864052  1
      156   0.045864052  1
        9   0.042831483  1
      144   0.039999945  1
      300   0.039999945  1
      107   0.037356079  1
      124   0.034887415  1
      206   0.032582311  1
      499   0.032462800  1
      498   0.030325736  1
       92   0.028420054  1
      157   0.028329721  1
       93   0.026543294  1
      119   0.026543294  1
      120   0.026543294  1
       91   0.024790788  1
      123   0.024790788  1
      204   0.024790788  1
      222   0.024724122  1
       86   0.023154289  1
      165   0.023154289  1
      122   0.021626098  1
      205   0.021626098  1
      125   0.021578523  1
       89   0.020199029  1
      166   0.017621869  1
      223   0.013401059  1
      207   0.010218193  1
      308   0.008315472  1
      143   0.007789101  1
      106   0.007253387  1
      105   0.006313211  1
      121   0.005938676  1
      145   0.005579027  1
      146   0.005579027  1
      164   0.005549503  1
      525   0.005519713  1
        1   0.005155544  1
      284   0.005155544  1
      524   0.005155544  1
      116   0.004876655  1
       46   0.004815464  1
      296   0.004815464  1
      489   0.004815464  1
       45   0.004497876  1
      483   0.004497876  1
      538   0.003665635  1
      528   0.003650273  1
       30   0.003228272  1
      232   0.003198443  1

Credible sets summary:

 cs cs_log10bf cs_avg_r2 cs_min_r2
  1   76.09512 0.9979556 0.9666921
                                                                                                                                                                                        variable
 1,9,30,45,46,86,89,91,92,93,105,106,107,115,116,119,120,121,122,123,124,125,126,143,144,145,146,156,157,164,165,166,204,205,206,207,222,223,232,284,296,300,308,483,489,498,499,524,525,528,538
[1] "susie can't run in these pair"
[1] "ENSG00000168038.10"
[1] "ULK4"
[1] "Nerve_Tibial"
[1] "running liftOver"
[1] "Grabbing the all pairs data"
[1] "reading the all pairs data into R"
[1] 29230    14
[1] "Filtering on the geneID"
[1] "adding rs numbers to the QTL data"
[1] "merging the trait and eqtl data on unique ID"
[1] "Running coloc"
PP.H0.abf PP.H1.abf PP.H2.abf PP.H3.abf PP.H4.abf 
1.65e-102  3.33e-28  6.21e-76  1.24e-01  8.76e-01 
[1] "PP abf for shared variant: 87.6%"

Variables in credible sets:

 variable variable_prob cs
      115   0.045864052  1
      126   0.045864052  1
      156   0.045864052  1
        9   0.042831483  1
      144   0.039999945  1
      300   0.039999945  1
      107   0.037356079  1
      124   0.034887415  1
      206   0.032582311  1
      499   0.032462800  1
      498   0.030325736  1
       92   0.028420054  1
      157   0.028329721  1
       93   0.026543294  1
      119   0.026543294  1
      120   0.026543294  1
       91   0.024790788  1
      123   0.024790788  1
      204   0.024790788  1
      222   0.024724122  1
       86   0.023154289  1
      165   0.023154289  1
      122   0.021626098  1
      205   0.021626098  1
      125   0.021578523  1
       89   0.020199029  1
      166   0.017621869  1
      223   0.013401059  1
      207   0.010218193  1
      308   0.008315472  1
      143   0.007789101  1
      106   0.007253387  1
      105   0.006313211  1
      121   0.005938676  1
      145   0.005579027  1
      146   0.005579027  1
      164   0.005549503  1
      525   0.005519713  1
        1   0.005155544  1
      284   0.005155544  1
      524   0.005155544  1
      116   0.004876655  1
       46   0.004815464  1
      296   0.004815464  1
      489   0.004815464  1
       45   0.004497876  1
      483   0.004497876  1
      538   0.003665635  1
      528   0.003650273  1
       30   0.003228272  1
      232   0.003198443  1

Credible sets summary:

 cs cs_log10bf cs_avg_r2 cs_min_r2
  1   76.09512 0.9979556 0.9666921
                                                                                                                                                                                        variable
 1,9,30,45,46,86,89,91,92,93,105,106,107,115,116,119,120,121,122,123,124,125,126,143,144,145,146,156,157,164,165,166,204,205,206,207,222,223,232,284,296,300,308,483,489,498,499,524,525,528,538
[1] "susie can't run in these pair"
[1] "ENSG00000168038.10"
[1] "ULK4"
[1] "Skin_Not_Sun_Exposed_Suprapubic"
[1] "running liftOver"
[1] "Grabbing the all pairs data"
[1] "reading the all pairs data into R"
[1] 28869    14
[1] "Filtering on the geneID"
[1] "adding rs numbers to the QTL data"
[1] "merging the trait and eqtl data on unique ID"
[1] "Running coloc"
PP.H0.abf PP.H1.abf PP.H2.abf PP.H3.abf PP.H4.abf 
 1.17e-89  2.38e-15  7.50e-76  1.51e-01  8.49e-01 
[1] "PP abf for shared variant: 84.9%"

Variables in credible sets:

 variable variable_prob cs
      115   0.045864052  1
      126   0.045864052  1
      156   0.045864052  1
        9   0.042831483  1
      144   0.039999945  1
      300   0.039999945  1
      107   0.037356079  1
      124   0.034887415  1
      206   0.032582311  1
      499   0.032462800  1
      498   0.030325736  1
       92   0.028420054  1
      157   0.028329721  1
       93   0.026543294  1
      119   0.026543294  1
      120   0.026543294  1
       91   0.024790788  1
      123   0.024790788  1
      204   0.024790788  1
      222   0.024724122  1
       86   0.023154289  1
      165   0.023154289  1
      122   0.021626098  1
      205   0.021626098  1
      125   0.021578523  1
       89   0.020199029  1
      166   0.017621869  1
      223   0.013401059  1
      207   0.010218193  1
      308   0.008315472  1
      143   0.007789101  1
      106   0.007253387  1
      105   0.006313211  1
      121   0.005938676  1
      145   0.005579027  1
      146   0.005579027  1
      164   0.005549503  1
      525   0.005519713  1
        1   0.005155544  1
      284   0.005155544  1
      524   0.005155544  1
      116   0.004876655  1
       46   0.004815464  1
      296   0.004815464  1
      489   0.004815464  1
       45   0.004497876  1
      483   0.004497876  1
      538   0.003665635  1
      528   0.003650273  1
       30   0.003228272  1
      232   0.003198443  1

Credible sets summary:

 cs cs_log10bf cs_avg_r2 cs_min_r2
  1   76.09512 0.9979556 0.9666921
                                                                                                                                                                                        variable
 1,9,30,45,46,86,89,91,92,93,105,106,107,115,116,119,120,121,122,123,124,125,126,143,144,145,146,156,157,164,165,166,204,205,206,207,222,223,232,284,296,300,308,483,489,498,499,524,525,528,538

Variables in credible sets:

 variable variable_prob cs
      410   0.109067796  1
       38   0.039854303  1
       95   0.033610967  1
      113   0.033610967  1
      128   0.033610967  1
      130   0.033610967  1
      137   0.033610967  1
      160   0.033610967  1
      200   0.033610967  1
      201   0.033610967  1
      503   0.033610967  1
      473   0.022176405  1
      132   0.016890897  1
       63   0.014459901  1
      300   0.014171636  1
       42   0.013682301  1
      145   0.013682301  1
      146   0.013682301  1
      151   0.013682301  1
      152   0.013682301  1
      166   0.013682301  1
      304   0.013682301  1
      498   0.013682301  1
      499   0.013682301  1
      148   0.012316479  1
      429   0.009795413  1
      207   0.009536603  1
      116   0.009404975  1
       45   0.008590988  1
      106   0.008590988  1
      538   0.008590988  1
       88   0.008441981  1
       90   0.007144044  1
      108   0.007144044  1
      109   0.007144044  1
      127   0.007144044  1
      134   0.007144044  1
      154   0.007144044  1
      161   0.007144044  1
      162   0.007144044  1
      163   0.007144044  1
      167   0.007144044  1
      536   0.007144044  1
      427   0.006987542  1
      490   0.006324090  1
      110   0.005957129  1
      112   0.005957129  1
      140   0.005957129  1
      141   0.005957129  1
      142   0.005957129  1
       56   0.005151392  1
      282   0.005102938  1
       87   0.003431667  1
      428   0.003322953  1
      220   0.003280177  1
      497   0.003266681  1
      118   0.003229686  1
       46   0.003019184  1
       86   0.003019184  1
      120   0.003019184  1
      204   0.003019184  1
      232   0.003019184  1
      296   0.003019184  1
      441   0.003019184  1
      484   0.003019184  1
      489   0.003019184  1
      525   0.003019184  1
      197   0.002910824  1
      107   0.002710159  1
       64   0.002623755  1
       89   0.002623755  1
       91   0.002623755  1
       92   0.002623755  1
       93   0.002623755  1
       96   0.002623755  1
       97   0.002623755  1
      115   0.002623755  1
      119   0.002623755  1
      121   0.002623755  1
      122   0.002623755  1
      123   0.002623755  1
      124   0.002623755  1
      125   0.002623755  1
      126   0.002623755  1
      144   0.002623755  1
      149   0.002623755  1
      150   0.002623755  1
      164   0.002623755  1

Credible sets summary:

 cs cs_log10bf cs_avg_r2 cs_min_r2
  1   21.87759 0.9940652 0.9735039
                                                                                                                                                                                                                                                                                                                                      variable
 38,42,45,46,56,63,64,86,87,88,89,90,91,92,93,95,96,97,106,107,108,109,110,112,113,115,116,118,119,120,121,122,123,124,125,126,127,128,130,132,134,137,140,141,142,144,145,146,148,149,150,151,152,154,160,161,162,163,164,166,167,197,200,201,204,207,220,232,282,296,300,304,410,427,428,429,441,473,484,489,490,497,498,499,503,525,536,538
PP.H0.abf PP.H1.abf PP.H2.abf PP.H3.abf PP.H4.abf 
 1.22e-96  8.20e-22  4.97e-76  3.31e-01  6.69e-01 
[1] "PP abf for shared variant: 66.9%"
   nsnps      hit1      hit2    PP.H0.abf    PP.H1.abf   PP.H2.abf PP.H3.abf
1:   538 rs1716657 rs7372217 1.224176e-96 8.198701e-22 4.96845e-76 0.3314159
   PP.H4.abf idx1 idx2
1: 0.6685841    1    1
[1] "ENSG00000168038.10"
[1] "ULK4"
[1] "Lung"
[1] "running liftOver"
[1] "Grabbing the all pairs data"
[1] "reading the all pairs data into R"
[1] 29832    14
[1] "Filtering on the geneID"
[1] "adding rs numbers to the QTL data"
[1] "merging the trait and eqtl data on unique ID"
[1] "Running coloc"
PP.H0.abf PP.H1.abf PP.H2.abf PP.H3.abf PP.H4.abf 
 2.10e-84  4.24e-10  1.29e-75  2.61e-01  7.39e-01 
[1] "PP abf for shared variant: 73.9%"

Variables in credible sets:

 variable variable_prob cs
      115   0.045864052  1
      126   0.045864052  1
      156   0.045864052  1
        9   0.042831483  1
      144   0.039999945  1
      300   0.039999945  1
      107   0.037356079  1
      124   0.034887415  1
      206   0.032582311  1
      499   0.032462800  1
      498   0.030325736  1
       92   0.028420054  1
      157   0.028329721  1
       93   0.026543294  1
      119   0.026543294  1
      120   0.026543294  1
       91   0.024790788  1
      123   0.024790788  1
      204   0.024790788  1
      222   0.024724122  1
       86   0.023154289  1
      165   0.023154289  1
      122   0.021626098  1
      205   0.021626098  1
      125   0.021578523  1
       89   0.020199029  1
      166   0.017621869  1
      223   0.013401059  1
      207   0.010218193  1
      308   0.008315472  1
      143   0.007789101  1
      106   0.007253387  1
      105   0.006313211  1
      121   0.005938676  1
      145   0.005579027  1
      146   0.005579027  1
      164   0.005549503  1
      525   0.005519713  1
        1   0.005155544  1
      284   0.005155544  1
      524   0.005155544  1
      116   0.004876655  1
       46   0.004815464  1
      296   0.004815464  1
      489   0.004815464  1
       45   0.004497876  1
      483   0.004497876  1
      538   0.003665635  1
      528   0.003650273  1
       30   0.003228272  1
      232   0.003198443  1

Credible sets summary:

 cs cs_log10bf cs_avg_r2 cs_min_r2
  1   76.09512 0.9979556 0.9666921
                                                                                                                                                                                        variable
 1,9,30,45,46,86,89,91,92,93,105,106,107,115,116,119,120,121,122,123,124,125,126,143,144,145,146,156,157,164,165,166,204,205,206,207,222,223,232,284,296,300,308,483,489,498,499,524,525,528,538

Variables in credible sets:

 variable variable_prob cs
      159   0.077038724  1
      495   0.042915866  1
       49   0.038781295  1
      444   0.037179198  1
      431   0.031620627  1
      129   0.030117962  1
        2   0.029440094  1
      101   0.029440094  1
      346   0.029440094  1
      501   0.029440094  1
      535   0.029440094  1
      519   0.027875138  1
      382   0.026314748  1
      290   0.025317586  1
      502   0.024462046  1
      133   0.014718683  1
      162   0.012332288  1
       94   0.012207049  1
      476   0.011986321  1
      437   0.010996332  1
      117   0.009121083  1
      496   0.007902653  1
      197   0.007822079  1
      410   0.006233467  1
      500   0.005149478  1
      389   0.004964117  1
       55   0.004836520  1
      113   0.004804400  1
      128   0.004804400  1
      130   0.004804400  1
      160   0.004804400  1
      200   0.004804400  1
      201   0.004804400  1
      503   0.004804400  1
      137   0.004775628  1
      281   0.004693103  1
      167   0.004339294  1
       90   0.004270051  1
      108   0.004270051  1
      109   0.004270051  1
      127   0.004270051  1
      134   0.004270051  1
      135   0.004270051  1
      161   0.004270051  1
      163   0.004270051  1
      536   0.004270051  1
      300   0.004233370  1
      286   0.003999068  1
       95   0.003988846  1
      280   0.003911582  1
      309   0.003911582  1
      426   0.003911582  1
      445   0.003911582  1
      293   0.003752650  1
      301   0.003752650  1
      391   0.003752650  1
      528   0.003752650  1
      132   0.003713802  1
      472   0.003660596  1
      136   0.003439666  1
      515   0.003011698  1
      523   0.003011698  1
      199   0.003007651  1
      303   0.002984821  1
      429   0.002862014  1
      390   0.002858873  1
      147   0.002736552  1
      114   0.002545074  1
       88   0.002509305  1
       29   0.002480091  1
      285   0.002479905  1
       46   0.002383537  1
       63   0.002359146  1
       39   0.002203655  1
       79   0.002203655  1
      538   0.002164899  1
       59   0.002125371  1
       85   0.002125371  1
      104   0.002125371  1
      105   0.002125371  1
      198   0.002125371  1
      209   0.002125371  1
      246   0.002125371  1
      287   0.002125371  1
      297   0.002125371  1
      313   0.002125371  1
      416   0.002125371  1
      478   0.002125371  1
      482   0.002125371  1
      516   0.002125371  1
      517   0.002125371  1
       42   0.002016229  1
      107   0.002016229  1
      116   0.002016229  1
      145   0.002016229  1
      146   0.002016229  1
      151   0.002016229  1
      152   0.002016229  1
      166   0.002016229  1
      498   0.002016229  1
      499   0.002016229  1
      138   0.001981617  1
      295   0.001944526  1
      473   0.001933026  1
      492   0.001889824  1
      118   0.001862946  1
      220   0.001862946  1
        8   0.001851553  1
       64   0.001851553  1
       86   0.001851553  1
       89   0.001851553  1
       91   0.001851553  1
       92   0.001851553  1
       93   0.001851553  1
       96   0.001851553  1
      119   0.001851553  1
      120   0.001851553  1
      121   0.001851553  1
      122   0.001851553  1
      123   0.001851553  1
      124   0.001851553  1
      125   0.001851553  1
      126   0.001851553  1
      144   0.001851553  1
      150   0.001851553  1
      164   0.001851553  1
      165   0.001851553  1
      204   0.001851553  1
      205   0.001851553  1
      232   0.001851553  1
      296   0.001851553  1
      441   0.001851553  1
      484   0.001851553  1
      489   0.001851553  1
      525   0.001851553  1
      288   0.001850688  1
       45   0.001834953  1
      106   0.001834953  1
      102   0.001833699  1
       80   0.001820202  1
      308   0.001700854  1
       53   0.001689602  1
      490   0.001660650  1
      157   0.001618677  1
      428   0.001551560  1
      155   0.001521745  1
      425   0.001460881  1
      518   0.001410278  1
       15   0.001298216  1
      154   0.001283647  1
       38   0.001271973  1
      304   0.001271280  1
      148   0.001245160  1
       18   0.001208194  1
      483   0.001179753  1
      244   0.001119150  1
      257   0.001119150  1
      362   0.001119150  1
      363   0.001119150  1
      214   0.001098039  1
      247   0.001067956  1

Credible sets summary:

 cs cs_log10bf cs_avg_r2 cs_min_r2
  1   13.51839 0.9838847 0.8183229
                                                                                                                                                                                                                                                                                                                                                                                                                                                                                                                                                                                                                             variable
 2,8,15,18,29,38,39,42,45,46,49,53,55,59,63,64,79,80,85,86,88,89,90,91,92,93,94,95,96,101,102,104,105,106,107,108,109,113,114,116,117,118,119,120,121,122,123,124,125,126,127,128,129,130,132,133,134,135,136,137,138,144,145,146,147,148,150,151,152,154,155,157,159,160,161,162,163,164,165,166,167,197,198,199,200,201,204,205,209,214,220,232,244,246,247,257,280,281,285,286,287,288,290,293,295,296,297,300,301,303,304,308,309,313,346,362,363,382,389,390,391,410,416,425,426,428,429,431,437,441,444,445,472,473,476,478,482,483,484,489,490,492,495,496,498,499,500,501,502,503,515,516,517,518,519,523,525,528,535,536,538
PP.H0.abf PP.H1.abf PP.H2.abf PP.H3.abf PP.H4.abf 
 4.65e-88  3.12e-13  8.26e-76  5.52e-01  4.48e-01 
[1] "PP abf for shared variant: 44.8%"
   nsnps      hit1      hit2    PP.H0.abf    PP.H1.abf    PP.H2.abf PP.H3.abf
1:   538 rs1716657 rs1717020 4.651798e-88 3.115459e-13 8.256453e-76 0.5520653
   PP.H4.abf idx1 idx2
1: 0.4479347    1    1
[1] "ENSG00000168038.10"
[1] "ULK4"
[1] "Esophagus_Mucosa"
[1] "running liftOver"
[1] "Grabbing the all pairs data"
[1] "reading the all pairs data into R"
[1] 28869    14
[1] "Filtering on the geneID"
[1] "adding rs numbers to the QTL data"
[1] "merging the trait and eqtl data on unique ID"
[1] "Running coloc"
PP.H0.abf PP.H1.abf PP.H2.abf PP.H3.abf PP.H4.abf 
4.25e-108  8.65e-34  1.23e-75  2.50e-01  7.50e-01 
[1] "PP abf for shared variant: 75%"

Variables in credible sets:

 variable variable_prob cs
      115   0.045864052  1
      126   0.045864052  1
      156   0.045864052  1
        9   0.042831483  1
      144   0.039999945  1
      300   0.039999945  1
      107   0.037356079  1
      124   0.034887415  1
      206   0.032582311  1
      499   0.032462800  1
      498   0.030325736  1
       92   0.028420054  1
      157   0.028329721  1
       93   0.026543294  1
      119   0.026543294  1
      120   0.026543294  1
       91   0.024790788  1
      123   0.024790788  1
      204   0.024790788  1
      222   0.024724122  1
       86   0.023154289  1
      165   0.023154289  1
      122   0.021626098  1
      205   0.021626098  1
      125   0.021578523  1
       89   0.020199029  1
      166   0.017621869  1
      223   0.013401059  1
      207   0.010218193  1
      308   0.008315472  1
      143   0.007789101  1
      106   0.007253387  1
      105   0.006313211  1
      121   0.005938676  1
      145   0.005579027  1
      146   0.005579027  1
      164   0.005549503  1
      525   0.005519713  1
        1   0.005155544  1
      284   0.005155544  1
      524   0.005155544  1
      116   0.004876655  1
       46   0.004815464  1
      296   0.004815464  1
      489   0.004815464  1
       45   0.004497876  1
      483   0.004497876  1
      538   0.003665635  1
      528   0.003650273  1
       30   0.003228272  1
      232   0.003198443  1

Credible sets summary:

 cs cs_log10bf cs_avg_r2 cs_min_r2
  1   76.09512 0.9979556 0.9666921
                                                                                                                                                                                        variable
 1,9,30,45,46,86,89,91,92,93,105,106,107,115,116,119,120,121,122,123,124,125,126,143,144,145,146,156,157,164,165,166,204,205,206,207,222,223,232,284,296,300,308,483,489,498,499,524,525,528,538
[1] "susie can't run in these pair"
[1] "ENSG00000168038.10"
[1] "ULK4"
[1] "Adipose_Visceral_Omentum"
[1] "running liftOver"
[1] "Grabbing the all pairs data"
[1] "reading the all pairs data into R"
[1] 28289    14
[1] "Filtering on the geneID"
[1] "adding rs numbers to the QTL data"
[1] "merging the trait and eqtl data on unique ID"
[1] "Running coloc"
PP.H0.abf PP.H1.abf PP.H2.abf PP.H3.abf PP.H4.abf 
 3.55e-86  7.13e-12  1.57e-75  3.14e-01  6.86e-01 
[1] "PP abf for shared variant: 68.6%"

Variables in credible sets:

 variable variable_prob cs
      115   0.045864052  1
      126   0.045864052  1
      156   0.045864052  1
        9   0.042831483  1
      144   0.039999945  1
      300   0.039999945  1
      107   0.037356079  1
      124   0.034887415  1
      206   0.032582311  1
      499   0.032462800  1
      498   0.030325736  1
       92   0.028420054  1
      157   0.028329721  1
       93   0.026543294  1
      119   0.026543294  1
      120   0.026543294  1
       91   0.024790788  1
      123   0.024790788  1
      204   0.024790788  1
      222   0.024724122  1
       86   0.023154289  1
      165   0.023154289  1
      122   0.021626098  1
      205   0.021626098  1
      125   0.021578523  1
       89   0.020199029  1
      166   0.017621869  1
      223   0.013401059  1
      207   0.010218193  1
      308   0.008315472  1
      143   0.007789101  1
      106   0.007253387  1
      105   0.006313211  1
      121   0.005938676  1
      145   0.005579027  1
      146   0.005579027  1
      164   0.005549503  1
      525   0.005519713  1
        1   0.005155544  1
      284   0.005155544  1
      524   0.005155544  1
      116   0.004876655  1
       46   0.004815464  1
      296   0.004815464  1
      489   0.004815464  1
       45   0.004497876  1
      483   0.004497876  1
      538   0.003665635  1
      528   0.003650273  1
       30   0.003228272  1
      232   0.003198443  1

Credible sets summary:

 cs cs_log10bf cs_avg_r2 cs_min_r2
  1   76.09512 0.9979556 0.9666921
                                                                                                                                                                                        variable
 1,9,30,45,46,86,89,91,92,93,105,106,107,115,116,119,120,121,122,123,124,125,126,143,144,145,146,156,157,164,165,166,204,205,206,207,222,223,232,284,296,300,308,483,489,498,499,524,525,528,538

Variables in credible sets:

 variable variable_prob cs
      303  0.0999489896  1
      497  0.0678088354  1
      286  0.0277911628  1
      293  0.0277911628  1
      301  0.0277911628  1
      391  0.0277911628  1
      528  0.0277911628  1
      481  0.0247086634  1
      132  0.0191622858  1
      280  0.0191558030  1
      309  0.0191558030  1
      426  0.0191558030  1
      445  0.0191558030  1
      523  0.0141770265  1
      295  0.0137115658  1
       90  0.0134702915  1
      108  0.0134702915  1
      109  0.0134702915  1
      127  0.0134702915  1
      134  0.0134702915  1
      154  0.0134702915  1
      161  0.0134702915  1
      162  0.0134702915  1
      163  0.0134702915  1
      167  0.0134702915  1
      536  0.0134702915  1
      389  0.0124232199  1
      473  0.0119741789  1
      113  0.0103491041  1
      128  0.0103491041  1
      130  0.0103491041  1
      160  0.0103491041  1
      200  0.0103491041  1
      201  0.0103491041  1
      429  0.0103491041  1
      503  0.0103491041  1
      472  0.0086212427  1
      410  0.0082352464  1
      129  0.0077580018  1
      138  0.0076305622  1
       49  0.0075839845  1
      496  0.0070015183  1
       95  0.0060698132  1
      281  0.0057333756  1
      117  0.0053729356  1
      515  0.0053399069  1
      382  0.0051193230  1
      495  0.0050887887  1
       46  0.0044744721  1
      114  0.0044567697  1
       39  0.0041186330  1
       79  0.0041186330  1
      197  0.0040537859  1
        2  0.0038821278  1
      346  0.0038821278  1
      501  0.0038821278  1
      535  0.0038821278  1
      282  0.0038197729  1
      290  0.0037371247  1
      431  0.0037371247  1
      444  0.0037371247  1
      438  0.0035392633  1
      135  0.0033371655  1
       87  0.0031855932  1
      110  0.0031855932  1
      112  0.0031855932  1
      140  0.0031855932  1
      141  0.0031855932  1
      142  0.0031855932  1
       80  0.0029776372  1
      519  0.0028488511  1
      101  0.0028457225  1
      502  0.0026879454  1
      437  0.0022305249  1
       94  0.0020716553  1
      425  0.0018971772  1
       56  0.0017842451  1
      427  0.0017842451  1
      411  0.0017596978  1
      518  0.0017596978  1
      538  0.0017000931  1
      442  0.0016386761  1
      159  0.0015743895  1
      476  0.0014549604  1
       73  0.0013913057  1
      491  0.0013120859  1
      136  0.0012285996  1
      300  0.0012061004  1
      139  0.0011942793  1
      115  0.0011649797  1
      288  0.0011064990  1
      203  0.0010886841  1
       97  0.0010562729  1
      137  0.0009937430  1
      214  0.0009937154  1
       86  0.0009885731  1
      120  0.0009885731  1
      204  0.0009885731  1
      232  0.0009885731  1
      296  0.0009885731  1
      428  0.0009885731  1
      441  0.0009885731  1
      484  0.0009885731  1
      489  0.0009885731  1
      500  0.0009885731  1
      525  0.0009885731  1
      199  0.0009510050  1
       59  0.0009350298  1
       85  0.0009350298  1
      104  0.0009350298  1
      105  0.0009350298  1
      198  0.0009350298  1
      209  0.0009350298  1
      246  0.0009350298  1
      287  0.0009350298  1
      297  0.0009350298  1
      313  0.0009350298  1
      416  0.0009350298  1
      478  0.0009350298  1
      482  0.0009350298  1
      516  0.0009350298  1
      517  0.0009350298  1
      336  0.0008760770  1
       64  0.0008316575  1
       89  0.0008316575  1
       91  0.0008316575  1
       92  0.0008316575  1
       93  0.0008316575  1
       96  0.0008316575  1
      119  0.0008316575  1
      121  0.0008316575  1
      122  0.0008316575  1
      123  0.0008316575  1
      124  0.0008316575  1
      125  0.0008316575  1
      126  0.0008316575  1
      144  0.0008316575  1
      149  0.0008316575  1

Credible sets summary:

 cs cs_log10bf cs_avg_r2 cs_min_r2
  1   17.18215 0.9891753 0.8380981
                                                                                                                                                                                                                                                                                                                                                                                                                                                                                                                                         variable
 2,39,46,49,56,59,64,73,79,80,85,86,87,89,90,91,92,93,94,95,96,97,101,104,105,108,109,110,112,113,114,115,117,119,120,121,122,123,124,125,126,127,128,129,130,132,134,135,136,137,138,139,140,141,142,144,149,154,159,160,161,162,163,167,197,198,199,200,201,203,204,209,214,232,246,280,281,282,286,287,288,290,293,295,296,297,300,301,303,309,313,336,346,382,389,391,410,411,416,425,426,427,428,429,431,437,438,441,442,444,445,472,473,476,478,481,482,484,489,491,495,496,497,500,501,502,503,515,516,517,518,519,523,525,528,535,536,538
PP.H0.abf PP.H1.abf PP.H2.abf PP.H3.abf PP.H4.abf 
 1.24e-91  8.33e-17  1.02e-75  6.81e-01  3.19e-01 
[1] "PP abf for shared variant: 31.9%"
   nsnps      hit1      hit2   PP.H0.abf    PP.H1.abf    PP.H2.abf PP.H3.abf
1:   538 rs1716657 rs6796210 1.24401e-91 8.331538e-17 1.018016e-75 0.6811602
   PP.H4.abf idx1 idx2
1: 0.3188398    1    1
[1] "ENSG00000168038.10"
[1] "ULK4"
[1] "Esophagus_Muscularis"
[1] "running liftOver"
[1] "Grabbing the all pairs data"
[1] "reading the all pairs data into R"
[1] 29832    14
[1] "Filtering on the geneID"
[1] "adding rs numbers to the QTL data"
[1] "merging the trait and eqtl data on unique ID"
[1] "Running coloc"
PP.H0.abf PP.H1.abf PP.H2.abf PP.H3.abf PP.H4.abf 
7.92e-104  1.63e-29  1.00e-75  2.06e-01  7.94e-01 
[1] "PP abf for shared variant: 79.4%"

Variables in credible sets:

 variable variable_prob cs
      115   0.045864052  1
      126   0.045864052  1
      156   0.045864052  1
        9   0.042831483  1
      144   0.039999945  1
      300   0.039999945  1
      107   0.037356079  1
      124   0.034887415  1
      206   0.032582311  1
      499   0.032462800  1
      498   0.030325736  1
       92   0.028420054  1
      157   0.028329721  1
       93   0.026543294  1
      119   0.026543294  1
      120   0.026543294  1
       91   0.024790788  1
      123   0.024790788  1
      204   0.024790788  1
      222   0.024724122  1
       86   0.023154289  1
      165   0.023154289  1
      122   0.021626098  1
      205   0.021626098  1
      125   0.021578523  1
       89   0.020199029  1
      166   0.017621869  1
      223   0.013401059  1
      207   0.010218193  1
      308   0.008315472  1
      143   0.007789101  1
      106   0.007253387  1
      105   0.006313211  1
      121   0.005938676  1
      145   0.005579027  1
      146   0.005579027  1
      164   0.005549503  1
      525   0.005519713  1
        1   0.005155544  1
      284   0.005155544  1
      524   0.005155544  1
      116   0.004876655  1
       46   0.004815464  1
      296   0.004815464  1
      489   0.004815464  1
       45   0.004497876  1
      483   0.004497876  1
      538   0.003665635  1
      528   0.003650273  1
       30   0.003228272  1
      232   0.003198443  1

Credible sets summary:

 cs cs_log10bf cs_avg_r2 cs_min_r2
  1   76.09512 0.9979556 0.9666921
                                                                                                                                                                                        variable
 1,9,30,45,46,86,89,91,92,93,105,106,107,115,116,119,120,121,122,123,124,125,126,143,144,145,146,156,157,164,165,166,204,205,206,207,222,223,232,284,296,300,308,483,489,498,499,524,525,528,538
[1] "susie can't run in these pair"
[1] "ENSG00000168038.10"
[1] "ULK4"
[1] "Breast_Mammary_Tissue"
[1] "running liftOver"
[1] "Grabbing the all pairs data"
[1] "reading the all pairs data into R"
[1] 28289    14
[1] "Filtering on the geneID"
[1] "adding rs numbers to the QTL data"
[1] "merging the trait and eqtl data on unique ID"
[1] "Running coloc"
PP.H0.abf PP.H1.abf PP.H2.abf PP.H3.abf PP.H4.abf 
 1.11e-78  2.25e-04  1.34e-75  2.70e-01  7.30e-01 
[1] "PP abf for shared variant: 73%"

Variables in credible sets:

 variable variable_prob cs
      115   0.045864052  1
      126   0.045864052  1
      156   0.045864052  1
        9   0.042831483  1
      144   0.039999945  1
      300   0.039999945  1
      107   0.037356079  1
      124   0.034887415  1
      206   0.032582311  1
      499   0.032462800  1
      498   0.030325736  1
       92   0.028420054  1
      157   0.028329721  1
       93   0.026543294  1
      119   0.026543294  1
      120   0.026543294  1
       91   0.024790788  1
      123   0.024790788  1
      204   0.024790788  1
      222   0.024724122  1
       86   0.023154289  1
      165   0.023154289  1
      122   0.021626098  1
      205   0.021626098  1
      125   0.021578523  1
       89   0.020199029  1
      166   0.017621869  1
      223   0.013401059  1
      207   0.010218193  1
      308   0.008315472  1
      143   0.007789101  1
      106   0.007253387  1
      105   0.006313211  1
      121   0.005938676  1
      145   0.005579027  1
      146   0.005579027  1
      164   0.005549503  1
      525   0.005519713  1
        1   0.005155544  1
      284   0.005155544  1
      524   0.005155544  1
      116   0.004876655  1
       46   0.004815464  1
      296   0.004815464  1
      489   0.004815464  1
       45   0.004497876  1
      483   0.004497876  1
      538   0.003665635  1
      528   0.003650273  1
       30   0.003228272  1
      232   0.003198443  1

Credible sets summary:

 cs cs_log10bf cs_avg_r2 cs_min_r2
  1   76.09512 0.9979556 0.9666921
                                                                                                                                                                                        variable
 1,9,30,45,46,86,89,91,92,93,105,106,107,115,116,119,120,121,122,123,124,125,126,143,144,145,146,156,157,164,165,166,204,205,206,207,222,223,232,284,296,300,308,483,489,498,499,524,525,528,538

Variables in credible sets:

 variable variable_prob cs
      229  0.1074678960  1
      324  0.0267051640  1
      132  0.0263521847  1
       95  0.0238957780  1
      337  0.0181342832  1
      427  0.0174713622  1
       65  0.0156740907  1
      197  0.0154908563  1
      167  0.0141656557  1
       70  0.0118400942  1
      113  0.0094041190  1
      128  0.0094041190  1
      130  0.0094041190  1
      160  0.0094041190  1
      200  0.0094041190  1
      201  0.0094041190  1
      410  0.0094041190  1
      429  0.0094041190  1
      503  0.0094041190  1
       17  0.0084998334  1
      135  0.0077250867  1
      451  0.0071906808  1
      423  0.0071179867  1
      131  0.0068035933  1
      284  0.0068035933  1
       56  0.0067951991  1
      117  0.0067352171  1
      136  0.0059422972  1
      473  0.0059157183  1
      137  0.0058632680  1
      154  0.0057302478  1
       90  0.0056495896  1
      108  0.0056495896  1
      109  0.0056495896  1
      127  0.0056495896  1
      134  0.0056495896  1
      161  0.0056495896  1
      162  0.0056495896  1
      163  0.0056495896  1
      536  0.0056495896  1
       38  0.0053359857  1
        1  0.0051610707  1
       80  0.0050804613  1
      179  0.0047569582  1
      411  0.0047280761  1
      518  0.0047280761  1
      281  0.0046317696  1
      138  0.0044142983  1
      245  0.0037051853  1
       26  0.0034021437  1
       37  0.0032844669  1
      194  0.0032844669  1
      233  0.0032844669  1
      241  0.0032844669  1
      312  0.0032844669  1
      335  0.0032844669  1
      357  0.0032844669  1
      422  0.0032844669  1
      440  0.0032844669  1
       94  0.0032596578  1
      116  0.0031988168  1
       45  0.0031839158  1
      106  0.0031839158  1
      538  0.0031839158  1
       29  0.0031380337  1
      496  0.0030540229  1
      497  0.0029869069  1
       47  0.0029543141  1
      515  0.0029379749  1
       88  0.0028762628  1
      481  0.0028133069  1
      155  0.0027679598  1
      490  0.0027220898  1
       42  0.0026596213  1
       63  0.0026596213  1
      107  0.0026596213  1
      145  0.0026596213  1
      146  0.0026596213  1
      148  0.0026596213  1
      151  0.0026596213  1
      152  0.0026596213  1
      166  0.0026596213  1
      498  0.0026596213  1
      499  0.0026596213  1
       14  0.0026443788  1
      472  0.0025901395  1
      476  0.0025671093  1
      129  0.0024931257  1
       87  0.0023522943  1
      352  0.0023023921  1
      266  0.0023013366  1
      110  0.0022765171  1
      112  0.0022765171  1
      140  0.0022765171  1
      141  0.0022765171  1
      142  0.0022765171  1
        6  0.0021145404  1
        7  0.0021145404  1
       13  0.0021145404  1
       27  0.0021145404  1
       28  0.0021145404  1
       33  0.0021145404  1
       34  0.0021145404  1
       69  0.0021145404  1
       74  0.0021145404  1
       83  0.0021145404  1
      180  0.0021145404  1
      181  0.0021145404  1
      193  0.0021145404  1
      228  0.0021145404  1
      230  0.0021145404  1
      244  0.0021145404  1
      271  0.0021145404  1
      323  0.0021145404  1
      333  0.0021145404  1
      334  0.0021145404  1
      336  0.0021145404  1
      338  0.0021145404  1
      340  0.0021145404  1
      358  0.0021145404  1
      359  0.0021145404  1
      360  0.0021145404  1
      361  0.0021145404  1
      362  0.0021145404  1
      363  0.0021145404  1
      418  0.0021145404  1
      419  0.0021145404  1
      436  0.0021145404  1
      456  0.0021145404  1
      458  0.0021145404  1
      331  0.0020704179  1
       60  0.0020658173  1
      206  0.0020658173  1
       73  0.0020071578  1
      308  0.0019849618  1
      500  0.0019588288  1
      114  0.0018892018  1
      111  0.0018836885  1
      280  0.0018693769  1
      309  0.0018693769  1
      426  0.0018693769  1
      445  0.0018693769  1
      523  0.0018693769  1
      483  0.0018661381  1
      257  0.0017911496  1
       24  0.0017299836  1
      409  0.0017167987  1
       46  0.0016671465  1
       86  0.0016671465  1
      120  0.0016671465  1
      204  0.0016671465  1
      232  0.0016671465  1
      296  0.0016671465  1
      428  0.0016671465  1
      441  0.0016671465  1
      484  0.0016671465  1
      489  0.0016671465  1
      525  0.0016671465  1
      174  0.0015989535  1
      238  0.0015850329  1
      457  0.0015850329  1
      247  0.0015741192  1
      332  0.0014711035  1
      368  0.0014604541  1
       25  0.0014368119  1
      425  0.0014192771  1
      207  0.0013868788  1
      339  0.0013756367  1
      304  0.0013690101  1
      243  0.0013472224  1
      524  0.0013281033  1
      438  0.0013217625  1
      303  0.0013198788  1
      372  0.0012927855  1
      250  0.0012391709  1
      286  0.0012266739  1
      293  0.0012266739  1
      301  0.0012266739  1
      389  0.0012266739  1
      391  0.0012266739  1
      528  0.0012266739  1
        8  0.0012231912  1
      262  0.0011922382  1
       12  0.0011752369  1
      214  0.0011274781  1
      319  0.0011203396  1
       96  0.0010648127  1
       64  0.0010266376  1
       89  0.0010266376  1
       91  0.0010266376  1
       92  0.0010266376  1
       93  0.0010266376  1
       97  0.0010266376  1
      119  0.0010266376  1
      122  0.0010266376  1
      123  0.0010266376  1
      124  0.0010266376  1
      125  0.0010266376  1
      126  0.0010266376  1
      144  0.0010266376  1
      149  0.0010266376  1
      150  0.0010266376  1
      165  0.0010266376  1
      205  0.0010266376  1
      222  0.0010266376  1
      300  0.0010266376  1
      115  0.0009905748  1
      192  0.0009816883  1
      118  0.0009455242  1
      220  0.0009455242  1
      311  0.0009082208  1
      394  0.0009081711  1
       39  0.0009055536  1
       79  0.0009055536  1
      225  0.0008843574  1
      157  0.0008600825  1
      158  0.0008515157  1
      405  0.0008380178  1
      406  0.0008326513  1
      263  0.0008189356  1
      322  0.0008180325  1
        3  0.0008148257  1
        4  0.0008148257  1
        5  0.0008148257  1
       11  0.0008148257  1
       16  0.0008148257  1
       32  0.0008148257  1
       35  0.0008148257  1
       51  0.0008148257  1
       52  0.0008148257  1
       54  0.0008148257  1
       57  0.0008148257  1
       67  0.0008148257  1
       75  0.0008148257  1
       77  0.0008148257  1
       78  0.0008148257  1
       82  0.0008148257  1
       84  0.0008148257  1
      168  0.0008148257  1
      169  0.0008148257  1
      170  0.0008148257  1
      171  0.0008148257  1
      172  0.0008148257  1
      173  0.0008148257  1
      175  0.0008148257  1
      176  0.0008148257  1
      177  0.0008148257  1
      178  0.0008148257  1
      183  0.0008148257  1
      184  0.0008148257  1
      186  0.0008148257  1
      187  0.0008148257  1
      188  0.0008148257  1
      190  0.0008148257  1
      191  0.0008148257  1
      211  0.0008148257  1
      215  0.0008148257  1
      218  0.0008148257  1
      219  0.0008148257  1
      224  0.0008148257  1
      226  0.0008148257  1
      227  0.0008148257  1
      231  0.0008148257  1
      235  0.0008148257  1
      240  0.0008148257  1
      249  0.0008148257  1
      252  0.0008148257  1
      253  0.0008148257  1
      254  0.0008148257  1
      256  0.0008148257  1
      258  0.0008148257  1
      259  0.0008148257  1
      260  0.0008148257  1
      265  0.0008148257  1
      267  0.0008148257  1
      268  0.0008148257  1
      269  0.0008148257  1
      270  0.0008148257  1
      272  0.0008148257  1
      318  0.0008148257  1
      320  0.0008148257  1
      343  0.0008148257  1
      344  0.0008148257  1
      345  0.0008148257  1
      347  0.0008148257  1
      348  0.0008148257  1
      349  0.0008148257  1
      350  0.0008148257  1
      351  0.0008148257  1
      353  0.0008148257  1
      354  0.0008148257  1
      365  0.0008148257  1
      366  0.0008148257  1
      369  0.0008148257  1
      370  0.0008148257  1
      371  0.0008148257  1
      374  0.0008148257  1
      377  0.0008148257  1
      378  0.0008148257  1
      379  0.0008148257  1
      380  0.0008148257  1
      383  0.0008148257  1
      384  0.0008148257  1
      386  0.0008148257  1
      387  0.0008148257  1
      397  0.0008148257  1
      399  0.0008148257  1
      401  0.0008148257  1
      402  0.0008148257  1
      403  0.0008148257  1
      407  0.0008148257  1
      408  0.0008148257  1
      414  0.0008148257  1
      417  0.0008148257  1
      432  0.0008148257  1
      435  0.0008148257  1
      449  0.0008148257  1
      450  0.0008148257  1
      452  0.0008148257  1
      453  0.0008148257  1
      454  0.0008148257  1
      469  0.0008148257  1
      470  0.0008148257  1
      393  0.0008059389  1
      475  0.0007910726  1
      493  0.0007869941  1
      420  0.0007847690  1
      239  0.0007548356  1

Credible sets summary:

 cs cs_log10bf cs_avg_r2 cs_min_r2
  1   6.027533 0.9172975 0.8280327
                                                                                                                                                                                                                                                                                                                                                                                                                                                                                                                                                                                                                                                                                                                                                                                                                                                                                                                                                                                                                                                                                                                                                                                                                                                                                 variable
 1,3,4,5,6,7,8,11,12,13,14,16,17,24,25,26,27,28,29,32,33,34,35,37,38,39,42,45,46,47,51,52,54,56,57,60,63,64,65,67,69,70,73,74,75,77,78,79,80,82,83,84,86,87,88,89,90,91,92,93,94,95,96,97,106,107,108,109,110,111,112,113,114,115,116,117,118,119,120,122,123,124,125,126,127,128,129,130,131,132,134,135,136,137,138,140,141,142,144,145,146,148,149,150,151,152,154,155,157,158,160,161,162,163,165,166,167,168,169,170,171,172,173,174,175,176,177,178,179,180,181,183,184,186,187,188,190,191,192,193,194,197,200,201,204,205,206,207,211,214,215,218,219,220,222,224,225,226,227,228,229,230,231,232,233,235,238,239,240,241,243,244,245,247,249,250,252,253,254,256,257,258,259,260,262,263,265,266,267,268,269,270,271,272,280,281,284,286,293,296,300,301,303,304,308,309,311,312,318,319,320,322,323,324,331,332,333,334,335,336,337,338,339,340,343,344,345,347,348,349,350,351,352,353,354,357,358,359,360,361,362,363,365,366,368,369,370,371,372,374,377,378,379,380,383,384,386,387,389,391,393,394,397,399,401,402,403,405,406,407,408,409,410,411,414,417,418,419,420,422,423,425,426,427,428,429,432,435,436,438,440,441,445,449,450,451,452,453,454,456,457,458,469,470,472,473,475,476,481,483,484,489,490,493,496,497,498,499,500,503,515,518,523,524,525,528,536,538
PP.H0.abf PP.H1.abf PP.H2.abf PP.H3.abf PP.H4.abf 
 1.55e-80  1.04e-05  8.89e-76  5.94e-01  4.06e-01 
[1] "PP abf for shared variant: 40.6%"
   nsnps      hit1       hit2    PP.H0.abf    PP.H1.abf    PP.H2.abf PP.H3.abf
1:   538 rs1716657 rs55899232 1.550173e-80 1.038201e-05 8.885772e-76 0.5942974
   PP.H4.abf idx1 idx2
1: 0.4056922    1    1
[1] "ENSG00000168038.10"
[1] "ULK4"
[1] "Artery_Aorta"
[1] "running liftOver"
[1] "Grabbing the all pairs data"
[1] "reading the all pairs data into R"
[1] 26944    14
[1] "Filtering on the geneID"
[1] "adding rs numbers to the QTL data"
[1] "merging the trait and eqtl data on unique ID"
[1] "Running coloc"
PP.H0.abf PP.H1.abf PP.H2.abf PP.H3.abf PP.H4.abf 
9.59e-100  2.03e-25  1.16e-75  2.46e-01  7.54e-01 
[1] "PP abf for shared variant: 75.4%"

Variables in credible sets:

 variable variable_prob cs
      115   0.045864052  1
      126   0.045864052  1
      156   0.045864052  1
        9   0.042831483  1
      144   0.039999945  1
      300   0.039999945  1
      107   0.037356079  1
      124   0.034887415  1
      206   0.032582311  1
      499   0.032462800  1
      498   0.030325736  1
       92   0.028420054  1
      157   0.028329721  1
       93   0.026543294  1
      119   0.026543294  1
      120   0.026543294  1
       91   0.024790788  1
      123   0.024790788  1
      204   0.024790788  1
      222   0.024724122  1
       86   0.023154289  1
      165   0.023154289  1
      122   0.021626098  1
      205   0.021626098  1
      125   0.021578523  1
       89   0.020199029  1
      166   0.017621869  1
      223   0.013401059  1
      207   0.010218193  1
      308   0.008315472  1
      143   0.007789101  1
      106   0.007253387  1
      105   0.006313211  1
      121   0.005938676  1
      145   0.005579027  1
      146   0.005579027  1
      164   0.005549503  1
      525   0.005519713  1
        1   0.005155544  1
      284   0.005155544  1
      524   0.005155544  1
      116   0.004876655  1
       46   0.004815464  1
      296   0.004815464  1
      489   0.004815464  1
       45   0.004497876  1
      483   0.004497876  1
      538   0.003665635  1
      528   0.003650273  1
       30   0.003228272  1
      232   0.003198443  1

Credible sets summary:

 cs cs_log10bf cs_avg_r2 cs_min_r2
  1   76.09512 0.9979556 0.9666921
                                                                                                                                                                                        variable
 1,9,30,45,46,86,89,91,92,93,105,106,107,115,116,119,120,121,122,123,124,125,126,143,144,145,146,156,157,164,165,166,204,205,206,207,222,223,232,284,296,300,308,483,489,498,499,524,525,528,538
[1] "susie can't run in these pair"
[1] "ENSG00000168038.10"
[1] "ULK4"
[1] "Heart_Left_Ventricle"
[1] "running liftOver"
[1] "Grabbing the all pairs data"
[1] "reading the all pairs data into R"
[1] 26300    14
[1] "Filtering on the geneID"
[1] "adding rs numbers to the QTL data"
[1] "merging the trait and eqtl data on unique ID"
[1] "Running coloc"
PP.H0.abf PP.H1.abf PP.H2.abf PP.H3.abf PP.H4.abf 
 2.50e-82  5.18e-08  1.45e-75  3.00e-01  7.00e-01 
[1] "PP abf for shared variant: 70%"

Variables in credible sets:

 variable variable_prob cs
      115   0.045864052  1
      126   0.045864052  1
      156   0.045864052  1
        9   0.042831483  1
      144   0.039999945  1
      300   0.039999945  1
      107   0.037356079  1
      124   0.034887415  1
      206   0.032582311  1
      499   0.032462800  1
      498   0.030325736  1
       92   0.028420054  1
      157   0.028329721  1
       93   0.026543294  1
      119   0.026543294  1
      120   0.026543294  1
       91   0.024790788  1
      123   0.024790788  1
      204   0.024790788  1
      222   0.024724122  1
       86   0.023154289  1
      165   0.023154289  1
      122   0.021626098  1
      205   0.021626098  1
      125   0.021578523  1
       89   0.020199029  1
      166   0.017621869  1
      223   0.013401059  1
      207   0.010218193  1
      308   0.008315472  1
      143   0.007789101  1
      106   0.007253387  1
      105   0.006313211  1
      121   0.005938676  1
      145   0.005579027  1
      146   0.005579027  1
      164   0.005549503  1
      525   0.005519713  1
        1   0.005155544  1
      284   0.005155544  1
      524   0.005155544  1
      116   0.004876655  1
       46   0.004815464  1
      296   0.004815464  1
      489   0.004815464  1
       45   0.004497876  1
      483   0.004497876  1
      538   0.003665635  1
      528   0.003650273  1
       30   0.003228272  1
      232   0.003198443  1

Credible sets summary:

 cs cs_log10bf cs_avg_r2 cs_min_r2
  1   76.09512 0.9979556 0.9666921
                                                                                                                                                                                        variable
 1,9,30,45,46,86,89,91,92,93,105,106,107,115,116,119,120,121,122,123,124,125,126,143,144,145,146,156,157,164,165,166,204,205,206,207,222,223,232,284,296,300,308,483,489,498,499,524,525,528,538

Variables in credible sets:

 variable variable_prob cs
      497   0.140905776  1
      202   0.089246166  1
      481   0.071052666  1
      472   0.056691103  1
      515   0.055976865  1
      523   0.055976865  1
      310   0.038123518  1
      311   0.022613753  1
      280   0.021210707  1
      281   0.021210707  1
      286   0.021210707  1
      293   0.021210707  1
      301   0.021210707  1
      309   0.021210707  1
      391   0.021210707  1
      426   0.021210707  1
      445   0.021210707  1
      528   0.021210707  1
      295   0.019708049  1
      491   0.016309954  1
      488   0.015831082  1
      303   0.012767957  1
      131   0.010405711  1
      284   0.010405711  1
      389   0.008483076  1
      438   0.008438316  1
      442   0.008438316  1
        1   0.008136139  1
      493   0.006990421  1
       39   0.005954871  1
       79   0.005954871  1
       22   0.005829269  1
       68   0.003233882  1
       98   0.003233882  1
       99   0.003233882  1
      213   0.003233882  1
      487   0.003233882  1
      505   0.003233882  1
      512   0.003233882  1
      533   0.003233882  1
      238   0.003213519  1
      457   0.003213519  1
      447   0.002958657  1
      537   0.002958657  1
      526   0.002891951  1
      203   0.002799498  1
      529   0.002644707  1
      307   0.002449895  1
      520   0.002296239  1
      530   0.002202849  1
      100   0.001641687  1
      251   0.001641687  1
      443   0.001641687  1
      446   0.001641687  1
      527   0.001479485  1
      263   0.001435900  1
      157   0.001223594  1

Credible sets summary:

 cs cs_log10bf cs_avg_r2 cs_min_r2
  1   12.26712 0.9683068 0.8209792
                                                                                                                                                                                                                    variable
 1,22,39,68,79,98,99,100,131,157,202,203,213,238,251,263,280,281,284,286,293,295,301,303,307,309,310,311,389,391,426,438,442,443,445,446,447,457,472,481,487,488,491,493,497,505,512,515,520,523,526,527,528,529,530,533,537
PP.H0.abf PP.H1.abf PP.H2.abf PP.H3.abf PP.H4.abf 
 1.13e-86  7.58e-12  1.13e-75  7.54e-01  2.46e-01 
[1] "PP abf for shared variant: 24.6%"
   nsnps      hit1      hit2    PP.H0.abf    PP.H1.abf    PP.H2.abf PP.H3.abf
1:   538 rs1716657 rs9837273 1.132076e-86 7.581876e-12 1.126621e-75 0.7540425
   PP.H4.abf idx1 idx2
1: 0.2459575    1    1
[1] "ENSG00000168038.10"
[1] "ULK4"
[1] "Colon_Transverse"
[1] "running liftOver"
[1] "Grabbing the all pairs data"
[1] "reading the all pairs data into R"
[1] 29832    14
[1] "Filtering on the geneID"
[1] "adding rs numbers to the QTL data"
[1] "merging the trait and eqtl data on unique ID"
[1] "Running coloc"
PP.H0.abf PP.H1.abf PP.H2.abf PP.H3.abf PP.H4.abf 
 1.93e-89  3.94e-15  6.42e-76  1.30e-01  8.70e-01 
[1] "PP abf for shared variant: 87%"

Variables in credible sets:

 variable variable_prob cs
      115   0.045864052  1
      126   0.045864052  1
      156   0.045864052  1
        9   0.042831483  1
      144   0.039999945  1
      300   0.039999945  1
      107   0.037356079  1
      124   0.034887415  1
      206   0.032582311  1
      499   0.032462800  1
      498   0.030325736  1
       92   0.028420054  1
      157   0.028329721  1
       93   0.026543294  1
      119   0.026543294  1
      120   0.026543294  1
       91   0.024790788  1
      123   0.024790788  1
      204   0.024790788  1
      222   0.024724122  1
       86   0.023154289  1
      165   0.023154289  1
      122   0.021626098  1
      205   0.021626098  1
      125   0.021578523  1
       89   0.020199029  1
      166   0.017621869  1
      223   0.013401059  1
      207   0.010218193  1
      308   0.008315472  1
      143   0.007789101  1
      106   0.007253387  1
      105   0.006313211  1
      121   0.005938676  1
      145   0.005579027  1
      146   0.005579027  1
      164   0.005549503  1
      525   0.005519713  1
        1   0.005155544  1
      284   0.005155544  1
      524   0.005155544  1
      116   0.004876655  1
       46   0.004815464  1
      296   0.004815464  1
      489   0.004815464  1
       45   0.004497876  1
      483   0.004497876  1
      538   0.003665635  1
      528   0.003650273  1
       30   0.003228272  1
      232   0.003198443  1

Credible sets summary:

 cs cs_log10bf cs_avg_r2 cs_min_r2
  1   76.09512 0.9979556 0.9666921
                                                                                                                                                                                        variable
 1,9,30,45,46,86,89,91,92,93,105,106,107,115,116,119,120,121,122,123,124,125,126,143,144,145,146,156,157,164,165,166,204,205,206,207,222,223,232,284,296,300,308,483,489,498,499,524,525,528,538

Variables in credible sets:

 variable variable_prob cs
      411   0.105734705  1
      518   0.105734705  1
      308   0.051006894  1
      153   0.038667824  1
       39   0.035333463  1
       79   0.035333463  1
      136   0.031995872  1
       94   0.030999781  1
       45   0.030150287  1
      106   0.030150287  1
      538   0.030150287  1
      496   0.026277314  1
      207   0.020864320  1
      137   0.017642122  1
      304   0.008148484  1
      483   0.005771233  1
        8   0.004946417  1
       42   0.004946417  1
       46   0.004946417  1
       60   0.004946417  1
       63   0.004946417  1
       64   0.004946417  1
       86   0.004946417  1
       89   0.004946417  1
       91   0.004946417  1
       92   0.004946417  1
       93   0.004946417  1
       96   0.004946417  1
       97   0.004946417  1
      116   0.004946417  1
      118   0.004946417  1
      119   0.004946417  1
      120   0.004946417  1
      121   0.004946417  1
      122   0.004946417  1
      123   0.004946417  1
      124   0.004946417  1
      125   0.004946417  1
      126   0.004946417  1
      144   0.004946417  1
      145   0.004946417  1
      146   0.004946417  1
      148   0.004946417  1
      149   0.004946417  1
      150   0.004946417  1
      151   0.004946417  1
      152   0.004946417  1
      155   0.004946417  1
      158   0.004946417  1
      164   0.004946417  1
      165   0.004946417  1
      166   0.004946417  1
      167   0.004946417  1
      204   0.004946417  1
      205   0.004946417  1
      206   0.004946417  1
      220   0.004946417  1
      222   0.004946417  1
      232   0.004946417  1
      296   0.004946417  1
      427   0.004946417  1
      428   0.004946417  1
      441   0.004946417  1
      484   0.004946417  1
      489   0.004946417  1
      498   0.004946417  1
      499   0.004946417  1
      500   0.004946417  1
      524   0.004946417  1
      525   0.004946417  1
      159   0.004932583  1
       56   0.004643327  1
       90   0.004643327  1
      108   0.004643327  1
      109   0.004643327  1
      113   0.004643327  1
      127   0.004643327  1
      128   0.004643327  1
      129   0.004643327  1
      130   0.004643327  1
      134   0.004643327  1
      154   0.004643327  1
      160   0.004643327  1
      161   0.004643327  1
      162   0.004643327  1
      163   0.004643327  1
      197   0.004643327  1

Credible sets summary:

 cs cs_log10bf cs_avg_r2 cs_min_r2
  1    25.2956 0.9963523 0.9866508
                                                                                                                                                                                                                                                                                                                                variable
 8,39,42,45,46,56,60,63,64,79,86,89,90,91,92,93,94,96,97,106,108,109,113,116,118,119,120,121,122,123,124,125,126,127,128,129,130,134,136,137,144,145,146,148,149,150,151,152,153,154,155,158,159,160,161,162,163,164,165,166,167,197,204,205,206,207,220,222,232,296,304,308,411,427,428,441,483,484,489,496,498,499,500,518,524,525,538
PP.H0.abf PP.H1.abf PP.H2.abf PP.H3.abf PP.H4.abf 
4.18e-100  2.80e-25  4.44e-76  2.96e-01  7.04e-01 
[1] "PP abf for shared variant: 70.4%"
   nsnps      hit1      hit2    PP.H0.abf    PP.H1.abf    PP.H2.abf PP.H3.abf
1:   538 rs1716657 rs7373694 4.17662e-100 2.797217e-25 4.438226e-76  0.295834
   PP.H4.abf idx1 idx2
1:  0.704166    1    1
[1] "ENSG00000168038.10"
[1] "ULK4"
[1] "Esophagus_Gastroesophageal_Junction"
[1] "running liftOver"
[1] "Grabbing the all pairs data"
[1] "reading the all pairs data into R"
[1] 30412    14
[1] "Filtering on the geneID"
[1] "adding rs numbers to the QTL data"
[1] "merging the trait and eqtl data on unique ID"
[1] "Running coloc"
PP.H0.abf PP.H1.abf PP.H2.abf PP.H3.abf PP.H4.abf 
 1.30e-85  2.64e-11  7.49e-76  1.51e-01  8.49e-01 
[1] "PP abf for shared variant: 84.9%"

Variables in credible sets:

 variable variable_prob cs
      115   0.045864052  1
      126   0.045864052  1
      156   0.045864052  1
        9   0.042831483  1
      144   0.039999945  1
      300   0.039999945  1
      107   0.037356079  1
      124   0.034887415  1
      206   0.032582311  1
      499   0.032462800  1
      498   0.030325736  1
       92   0.028420054  1
      157   0.028329721  1
       93   0.026543294  1
      119   0.026543294  1
      120   0.026543294  1
       91   0.024790788  1
      123   0.024790788  1
      204   0.024790788  1
      222   0.024724122  1
       86   0.023154289  1
      165   0.023154289  1
      122   0.021626098  1
      205   0.021626098  1
      125   0.021578523  1
       89   0.020199029  1
      166   0.017621869  1
      223   0.013401059  1
      207   0.010218193  1
      308   0.008315472  1
      143   0.007789101  1
      106   0.007253387  1
      105   0.006313211  1
      121   0.005938676  1
      145   0.005579027  1
      146   0.005579027  1
      164   0.005549503  1
      525   0.005519713  1
        1   0.005155544  1
      284   0.005155544  1
      524   0.005155544  1
      116   0.004876655  1
       46   0.004815464  1
      296   0.004815464  1
      489   0.004815464  1
       45   0.004497876  1
      483   0.004497876  1
      538   0.003665635  1
      528   0.003650273  1
       30   0.003228272  1
      232   0.003198443  1

Credible sets summary:

 cs cs_log10bf cs_avg_r2 cs_min_r2
  1   76.09512 0.9979556 0.9666921
                                                                                                                                                                                        variable
 1,9,30,45,46,86,89,91,92,93,105,106,107,115,116,119,120,121,122,123,124,125,126,143,144,145,146,156,157,164,165,166,204,205,206,207,222,223,232,284,296,300,308,483,489,498,499,524,525,528,538

Variables in credible sets:

 variable variable_prob cs
      472   0.043026713  1
      493   0.035765067  1
      206   0.028315254  1
      411   0.024497316  1
      496   0.024497316  1
      518   0.024497316  1
      207   0.021569288  1
      428   0.018603775  1
      483   0.014983998  1
       88   0.014643746  1
      437   0.013410921  1
       94   0.012566374  1
      139   0.012445622  1
      222   0.010815640  1
      520   0.009550780  1
      138   0.009132798  1
      147   0.008128815  1
      476   0.007649543  1
        2   0.007312333  1
      346   0.007312333  1
      501   0.007312333  1
      519   0.007312333  1
      523   0.007312333  1
      535   0.007312333  1
      304   0.007066815  1
       45   0.006207326  1
      106   0.006207326  1
      308   0.006207326  1
      538   0.006207326  1
       29   0.006141566  1
      497   0.005890327  1
      429   0.005708587  1
        8   0.005528094  1
       42   0.005528094  1
       46   0.005528094  1
       56   0.005528094  1
       60   0.005528094  1
       63   0.005528094  1
       64   0.005528094  1
       86   0.005528094  1
       89   0.005528094  1
       90   0.005528094  1
       91   0.005528094  1
       92   0.005528094  1
       93   0.005528094  1
       96   0.005528094  1
      108   0.005528094  1
      109   0.005528094  1
      113   0.005528094  1
      116   0.005528094  1
      119   0.005528094  1
      120   0.005528094  1
      121   0.005528094  1
      122   0.005528094  1
      123   0.005528094  1
      124   0.005528094  1
      125   0.005528094  1
      126   0.005528094  1
      127   0.005528094  1
      128   0.005528094  1
      129   0.005528094  1
      130   0.005528094  1
      134   0.005528094  1
      137   0.005528094  1
      144   0.005528094  1
      145   0.005528094  1
      146   0.005528094  1
      149   0.005528094  1
      150   0.005528094  1
      151   0.005528094  1
      152   0.005528094  1
      154   0.005528094  1
      155   0.005528094  1
      158   0.005528094  1
      160   0.005528094  1
      161   0.005528094  1
      162   0.005528094  1
      163   0.005528094  1
      164   0.005528094  1
      165   0.005528094  1
      166   0.005528094  1
      167   0.005528094  1
      197   0.005528094  1
      200   0.005528094  1
      201   0.005528094  1
      204   0.005528094  1
      205   0.005528094  1
      232   0.005528094  1
      296   0.005528094  1
      427   0.005528094  1
      441   0.005528094  1
      484   0.005528094  1
      489   0.005528094  1
      490   0.005528094  1
      498   0.005528094  1
      499   0.005528094  1
      500   0.005528094  1
      503   0.005528094  1
      524   0.005528094  1
      525   0.005528094  1
      536   0.005528094  1
      156   0.005458679  1
      111   0.005440419  1
        1   0.005235409  1
      310   0.004973869  1
      515   0.004954254  1
       55   0.004819799  1
      117   0.004783880  1
      284   0.004783880  1
       87   0.004723382  1
      110   0.004723382  1
      112   0.004723382  1
      114   0.004723382  1
      140   0.004723382  1
      141   0.004723382  1
      142   0.004723382  1
      143   0.004723382  1
      214   0.004723382  1
      223   0.004723382  1
      118   0.003926045  1
      220   0.003926045  1
      101   0.003661969  1
      431   0.003570792  1
      157   0.002818185  1
      300   0.002796905  1
      481   0.002546709  1
      502   0.002323580  1
      132   0.002262088  1
      131   0.002230107  1
       95   0.002194738  1
      425   0.002043896  1
       18   0.001723762  1
      115   0.001530460  1
      473   0.001329152  1
      491   0.001251844  1
      107   0.001232281  1
      148   0.001098952  1
       49   0.001063040  1
      280   0.001063040  1
      286   0.001063040  1
      290   0.001063040  1
      293   0.001063040  1
      301   0.001063040  1
      309   0.001063040  1
      382   0.001063040  1
      391   0.001063040  1
      426   0.001063040  1
      444   0.001063040  1

Credible sets summary:

 cs cs_log10bf cs_avg_r2 cs_min_r2
  1   18.74387  0.992744  0.953814
                                                                                                                                                                                                                                                                                                                                                                                                                                                                                                                                                                            variable
 1,2,8,18,29,42,45,46,49,55,56,60,63,64,86,87,88,89,90,91,92,93,94,95,96,101,106,107,108,109,110,111,112,113,114,115,116,117,118,119,120,121,122,123,124,125,126,127,128,129,130,131,132,134,137,138,139,140,141,142,143,144,145,146,147,148,149,150,151,152,154,155,156,157,158,160,161,162,163,164,165,166,167,197,200,201,204,205,206,207,214,220,222,223,232,280,284,286,290,293,296,300,301,304,308,309,310,346,382,391,411,425,426,427,428,429,431,437,441,444,472,473,476,481,483,484,489,490,491,493,496,497,498,499,500,501,502,503,515,518,519,520,523,524,525,535,536,538
PP.H0.abf PP.H1.abf PP.H2.abf PP.H3.abf PP.H4.abf 
 1.31e-93  8.75e-19  3.90e-76  2.60e-01  7.40e-01 
[1] "PP abf for shared variant: 74%"
   nsnps      hit1      hit2    PP.H0.abf    PP.H1.abf    PP.H2.abf PP.H3.abf
1:   538 rs1716657 rs9311288 1.307036e-93 8.753641e-19 3.898846e-76 0.2596375
   PP.H4.abf idx1 idx2
1: 0.7403625    1    1
[1] "ENSG00000168038.10"
[1] "ULK4"
[1] "Stomach"
[1] "running liftOver"
[1] "Grabbing the all pairs data"
[1] "reading the all pairs data into R"
[1] 29832    14
[1] "Filtering on the geneID"
[1] "adding rs numbers to the QTL data"
[1] "merging the trait and eqtl data on unique ID"
[1] "Running coloc"
PP.H0.abf PP.H1.abf PP.H2.abf PP.H3.abf PP.H4.abf 
 5.88e-94  1.19e-19  7.47e-76  1.50e-01  8.50e-01 
[1] "PP abf for shared variant: 85%"

Variables in credible sets:

 variable variable_prob cs
      115   0.045864052  1
      126   0.045864052  1
      156   0.045864052  1
        9   0.042831483  1
      144   0.039999945  1
      300   0.039999945  1
      107   0.037356079  1
      124   0.034887415  1
      206   0.032582311  1
      499   0.032462800  1
      498   0.030325736  1
       92   0.028420054  1
      157   0.028329721  1
       93   0.026543294  1
      119   0.026543294  1
      120   0.026543294  1
       91   0.024790788  1
      123   0.024790788  1
      204   0.024790788  1
      222   0.024724122  1
       86   0.023154289  1
      165   0.023154289  1
      122   0.021626098  1
      205   0.021626098  1
      125   0.021578523  1
       89   0.020199029  1
      166   0.017621869  1
      223   0.013401059  1
      207   0.010218193  1
      308   0.008315472  1
      143   0.007789101  1
      106   0.007253387  1
      105   0.006313211  1
      121   0.005938676  1
      145   0.005579027  1
      146   0.005579027  1
      164   0.005549503  1
      525   0.005519713  1
        1   0.005155544  1
      284   0.005155544  1
      524   0.005155544  1
      116   0.004876655  1
       46   0.004815464  1
      296   0.004815464  1
      489   0.004815464  1
       45   0.004497876  1
      483   0.004497876  1
      538   0.003665635  1
      528   0.003650273  1
       30   0.003228272  1
      232   0.003198443  1

Credible sets summary:

 cs cs_log10bf cs_avg_r2 cs_min_r2
  1   76.09512 0.9979556 0.9666921
                                                                                                                                                                                        variable
 1,9,30,45,46,86,89,91,92,93,105,106,107,115,116,119,120,121,122,123,124,125,126,143,144,145,146,156,157,164,165,166,204,205,206,207,222,223,232,284,296,300,308,483,489,498,499,524,525,528,538
[1] "susie can't run in these pair"
[1] "ENSG00000234270.1"
[1] "RPL36P20"
[1] "Testis"
[1] "running liftOver"
[1] "Grabbing the all pairs data"
[1] "reading the all pairs data into R"
[1] 0 0
[1] "Did not find gene in all pairs data"
