[1] "trait"
[1] "DBP"
[1] "trait_file_header_info"
[1] "/gpfs/projects/bsc83/Projects/Breast/ANALYSIS/Hypertension/analysis/06_colocalization/DBP_Evangelou_parsed.txt"
[1] "Tested_Allele"
[1] "Other_Allele"
[1] "SNP"
[1] "CHR"
[1] "POS"
[1] "P"
[1] "N"
[1] "Freq_Tested_Allele"
[1] "traitType:"
[1] "quant"
[1] 10
[1] "Locus Info:"
[1] 10
[1] 63424211
[1] 63552598
[1] "rs151225441"
[1] "QTL type:"
[1] "eqtl"
[1] TRUE
[1] "trait input file successfully loaded"
   CHR      POS         SNP Tested_Allele Other_Allele Freq_Tested_Allele
1:  10 63425409 rs145104304             C            G             0.1539
2:  10 63433490  rs60457246             A            G             0.1531
3:  10 63444217  rs72821787             A            C             0.1528
4:  10 63444428  rs72821788             A            G             0.1533
5:  10 63448848  rs61850472             A            T             0.8333
6:  10 63450628  rs72821790             A            G             0.1497
      BETA     SE         P      N Ref_Allele Alt_Allele
1: -0.4533 0.0242 2.484e-78 739853          G          C
2: -0.4521 0.0242 5.483e-78 743692          G          A
3: -0.4505 0.0241 5.849e-78 748937          C          A
4: -0.4499 0.0241 1.268e-77 746098          G          A
5: -0.4156 0.0233 3.127e-71 746949          A          T
6: -0.4580 0.0243 5.495e-79 747566          G          A
[1] "rs145104304" "rs60457246"  "rs72821787" 
[1] "/gpfs/projects/bsc83/Projects/Breast/ANALYSIS/Hypertension/data/Coloq/chr_10_snp151_hash_table.json"
$rs241
[1] "chr10_76684698"

$rs243
[1] "chr10_96480625"

$rs244
[1] "chr10_20703742"

[1] "hash table loaded"
[1] "/gpfs/projects/bsc83/Projects/Breast/ANALYSIS/Hypertension/analysis/06_colocalization/ColocQuiaL-main/GTEx_v8_Tissue_Summary_with_filenames_all.csv"
                          Tissue NumberRNASeqandGTSamples NumberRNASeqSamples
1              Muscle - Skeletal                      706                 803
2                    Whole Blood                      670                 755
3 Skin - Sun Exposed (Lower leg)                      605                 701
4                Artery - Tibial                      584                 663
5         Adipose - Subcutaneous                      581                 663
6                        Thyroid                      574                 653
  Number_of_eGenes                      allPairsTabixFilename
1            13532            Muscle_Skeletal.allpairs.tab.gz
2            12360                Whole_Blood.allpairs.tab.gz
3            16967 Skin_Sun_Exposed_Lower_leg.allpairs.tab.gz
4            15008              Artery_Tibial.allpairs.tab.gz
5            15607       Adipose_Subcutaneous.allpairs.tab.gz
6            17684                    Thyroid.allpairs.tab.gz
                                              sigPairsTabixFilename
1            Muscle_Skeletal.v8.v8.signif_variant_gene_pairs.tab.gz
2                Whole_Blood.v8.v8.signif_variant_gene_pairs.tab.gz
3 Skin_Sun_Exposed_Lower_leg.v8.v8.signif_variant_gene_pairs.tab.gz
4              Artery_Tibial.v8.v8.signif_variant_gene_pairs.tab.gz
5       Adipose_Subcutaneous.v8.v8.signif_variant_gene_pairs.tab.gz
6                    Thyroid.v8.v8.signif_variant_gene_pairs.tab.gz
[1] "chr10_61703722"
[1] "rs151225441 is not a significant eqtl in any tissue in the eqtl dataset."
