[1] "trait"
[1] "PP"
[1] "trait_file_header_info"
[1] "/gpfs/projects/bsc83/Projects/Breast/ANALYSIS/Hypertension/analysis/06_colocalization/PP_Evangelou_parsed.txt"
[1] "Tested_Allele"
[1] "Other_Allele"
[1] "SNP"
[1] "CHR"
[1] "POS"
[1] "P"
[1] "N"
[1] "Freq_Tested_Allele"
[1] "traitType:"
[1] "quant"
[1] 17
[1] "Locus Info:"
[1] 17
[1] 60760456
[1] 60771108
[1] "rs740698"
[1] "QTL type:"
[1] "eqtl"
[1] TRUE
[1] "trait input file successfully loaded"
   CHR      POS        SNP Tested_Allele Other_Allele Freq_Tested_Allele
1:  17 60763400 rs12386061             C            G             0.4162
2:  17 60765043  rs3786130             T            C             0.5819
3:  17 60767135 rs56288724             A            G             0.5826
4:  17 60767151   rs740698             T            C             0.5649
5:  17 60768921  rs3786132             A            C             0.5836
6:  17 60769406 rs35688424             T            C             0.5833
      BETA     SE         P      N Ref_Allele Alt_Allele
1:  0.2379 0.0212 3.309e-29 711868          G          C
2:  0.2381 0.0212 2.453e-29 712037          T          C
3:  0.2377 0.0211 1.990e-29 717087          A          G
4: -0.2221 0.0210 3.831e-26 716640          C          T
5:  0.2363 0.0210 2.928e-29 722140          A          C
6:  0.2356 0.0210 3.428e-29 723826          T          C
[1] "rs12386061" "rs3786130"  "rs56288724"
[1] "/gpfs/projects/bsc83/Projects/Breast/ANALYSIS/Hypertension/data/Coloq/chr_17_snp151_hash_table.json"
$rs536
[1] "chr17_73283717"

$rs557
[1] "chr17_50485873"

$rs560
[1] "chr17_78166054"

[1] "hash table loaded"
[1] "/gpfs/projects/bsc83/Projects/Breast/ANALYSIS/Hypertension/analysis/06_colocalization/ColocQuiaL-main/GTEx_v8_Tissue_Summary_with_filenames_all.csv"
                          Tissue NumberRNASeqandGTSamples NumberRNASeqSamples
1              Muscle - Skeletal                      706                 803
2                    Whole Blood                      670                 755
3 Skin - Sun Exposed (Lower leg)                      605                 701
4                Artery - Tibial                      584                 663
5         Adipose - Subcutaneous                      581                 663
6                        Thyroid                      574                 653
  Number_of_eGenes                      allPairsTabixFilename
1            13532            Muscle_Skeletal.allpairs.tab.gz
2            12360                Whole_Blood.allpairs.tab.gz
3            16967 Skin_Sun_Exposed_Lower_leg.allpairs.tab.gz
4            15008              Artery_Tibial.allpairs.tab.gz
5            15607       Adipose_Subcutaneous.allpairs.tab.gz
6            17684                    Thyroid.allpairs.tab.gz
                                              sigPairsTabixFilename
1            Muscle_Skeletal.v8.v8.signif_variant_gene_pairs.tab.gz
2                Whole_Blood.v8.v8.signif_variant_gene_pairs.tab.gz
3 Skin_Sun_Exposed_Lower_leg.v8.v8.signif_variant_gene_pairs.tab.gz
4              Artery_Tibial.v8.v8.signif_variant_gene_pairs.tab.gz
5       Adipose_Subcutaneous.v8.v8.signif_variant_gene_pairs.tab.gz
6                    Thyroid.v8.v8.signif_variant_gene_pairs.tab.gz
[1] "chr17_62689790"
[1] "ENSG00000011028.13"
[1] "MRC2"
[1] "Artery_Tibial"
[1] "running liftOver"
[1] "Grabbing the all pairs data"
[1] "reading the all pairs data into R"
[1] 560  14
[1] "Filtering on the geneID"
[1] "adding rs numbers to the QTL data"
[1] "merging the trait and eqtl data on unique ID"
[1] "Running coloc"
PP.H0.abf PP.H1.abf PP.H2.abf PP.H3.abf PP.H4.abf 
 4.37e-26  6.94e-04  3.30e-25  4.25e-03  9.95e-01 
[1] "PP abf for shared variant: 99.5%"

Variables in credible sets:

 variable variable_prob cs
        6    0.24425153  1
        4    0.21118783  1
        3    0.16662828  1
        1    0.15000894  1
        2    0.14564773  1
        5    0.08213608  1

Credible sets summary:

 cs cs_log10bf cs_avg_r2 cs_min_r2    variable
  1   26.05617 0.9751376 0.9482202 1,2,3,4,5,6

Variables in credible sets:

 variable variable_prob cs
        6    0.50500167  1
        5    0.14698223  1
        4    0.13506044  1
        1    0.07508059  1
        3    0.07031935  1
        2    0.06705399  1

Credible sets summary:

 cs cs_log10bf cs_avg_r2 cs_min_r2    variable
  1    4.50873 0.9751376 0.9482202 1,2,3,4,5,6
PP.H0.abf PP.H1.abf PP.H2.abf PP.H3.abf PP.H4.abf 
 5.60e-27  4.46e-04  1.27e-25  8.10e-03  9.91e-01 
[1] "PP abf for shared variant: 99.1%"
   nsnps       hit1       hit2    PP.H0.abf    PP.H1.abf   PP.H2.abf  PP.H3.abf
1:     7 rs56288724 rs56288724 5.603047e-27 0.0004463695 1.26547e-25 0.00809852
   PP.H4.abf idx1 idx2
1: 0.9914551    1    1
[1] "ENSG00000011028.13"
[1] "MRC2"
[1] "Artery_Aorta"
[1] "running liftOver"
[1] "Grabbing the all pairs data"
[1] "reading the all pairs data into R"
[1] 630  14
[1] "Filtering on the geneID"
[1] "adding rs numbers to the QTL data"
[1] "merging the trait and eqtl data on unique ID"
[1] "Running coloc"
PP.H0.abf PP.H1.abf PP.H2.abf PP.H3.abf PP.H4.abf 
 3.15e-29  4.97e-07  3.32e-25  4.24e-03  9.96e-01 
[1] "PP abf for shared variant: 99.6%"

Variables in credible sets:

 variable variable_prob cs
        6    0.24425153  1
        4    0.21118783  1
        3    0.16662828  1
        1    0.15000894  1
        2    0.14564773  1
        5    0.08213608  1

Credible sets summary:

 cs cs_log10bf cs_avg_r2 cs_min_r2    variable
  1   26.05617 0.9751376 0.9482202 1,2,3,4,5,6

Variables in credible sets:

 variable variable_prob cs
        6    0.42086232  1
        4    0.16539029  1
        2    0.15139357  1
        1    0.14225251  1
        3    0.09832462  1

Credible sets summary:

 cs cs_log10bf cs_avg_r2 cs_min_r2  variable
  1   9.375345 0.9774589 0.9636662 1,2,3,4,6
PP.H0.abf PP.H1.abf PP.H2.abf PP.H3.abf PP.H4.abf 
 7.52e-32  5.99e-09  1.25e-25  7.97e-03  9.92e-01 
[1] "PP abf for shared variant: 99.2%"
   nsnps       hit1       hit2    PP.H0.abf   PP.H1.abf    PP.H2.abf PP.H3.abf
1:     7 rs56288724 rs56288724 7.524813e-32 5.99468e-09 1.250083e-25 0.0079748
   PP.H4.abf idx1 idx2
1: 0.9920252    1    1
