[1] "trait"
[1] "DBP"
[1] "trait_file_header_info"
[1] "/gpfs/projects/bsc83/Projects/Breast/ANALYSIS/Hypertension/analysis/06_colocalization/DBP_Evangelou_parsed.txt"
[1] "Tested_Allele"
[1] "Other_Allele"
[1] "SNP"
[1] "CHR"
[1] "POS"
[1] "P"
[1] "N"
[1] "Freq_Tested_Allele"
[1] "traitType:"
[1] "quant"
[1] 10
[1] "Locus Info:"
[1] 10
[1] 63501848
[1] 63549345
[1] "rs1530440"
[1] "QTL type:"
[1] "eqtl"
[1] TRUE
[1] "trait input file successfully loaded"
   CHR      POS        SNP Tested_Allele Other_Allele Freq_Tested_Allele
1:  10 63501848  rs3906869             T            C             0.7966
2:  10 63507642 rs16916563             A            G             0.1984
3:  10 63507669 rs10509158             T            C             0.1981
4:  10 63507986  rs7906239             T            G             0.2158
5:  10 63508520 rs16916567             T            C             0.7809
6:  10 63509080 rs35265670             A            T             0.7812
      BETA     SE         P      N Ref_Allele Alt_Allele
1: -0.3604 0.0215 3.700e-63 750683          T          C
2: -0.3670 0.0217 2.445e-64 752496          G          A
3: -0.3694 0.0218 1.504e-64 746308          C          T
4: -0.3414 0.0210 3.452e-59 749872          G          T
5: -0.3372 0.0209 1.294e-58 751099          T          C
6: -0.3394 0.0210 5.140e-59 748416          A          T
[1] "rs3906869"  "rs16916563" "rs10509158"
[1] "/gpfs/projects/bsc83/Projects/Breast/ANALYSIS/Hypertension/data/Coloq/chr_10_snp151_hash_table.json"
$rs241
[1] "chr10_76684698"

$rs243
[1] "chr10_96480625"

$rs244
[1] "chr10_20703742"

[1] "hash table loaded"
[1] "/gpfs/projects/bsc83/Projects/Breast/ANALYSIS/Hypertension/analysis/06_colocalization/ColocQuiaL-main/GTEx_v8_Tissue_Summary_with_filenames_all.csv"
                          Tissue NumberRNASeqandGTSamples NumberRNASeqSamples
1              Muscle - Skeletal                      706                 803
2                    Whole Blood                      670                 755
3 Skin - Sun Exposed (Lower leg)                      605                 701
4                Artery - Tibial                      584                 663
5         Adipose - Subcutaneous                      581                 663
6                        Thyroid                      574                 653
  Number_of_eGenes                      allPairsTabixFilename
1            13532            Muscle_Skeletal.allpairs.tab.gz
2            12360                Whole_Blood.allpairs.tab.gz
3            16967 Skin_Sun_Exposed_Lower_leg.allpairs.tab.gz
4            15008              Artery_Tibial.allpairs.tab.gz
5            15607       Adipose_Subcutaneous.allpairs.tab.gz
6            17684                    Thyroid.allpairs.tab.gz
                                              sigPairsTabixFilename
1            Muscle_Skeletal.v8.v8.signif_variant_gene_pairs.tab.gz
2                Whole_Blood.v8.v8.signif_variant_gene_pairs.tab.gz
3 Skin_Sun_Exposed_Lower_leg.v8.v8.signif_variant_gene_pairs.tab.gz
4              Artery_Tibial.v8.v8.signif_variant_gene_pairs.tab.gz
5       Adipose_Subcutaneous.v8.v8.signif_variant_gene_pairs.tab.gz
6                    Thyroid.v8.v8.signif_variant_gene_pairs.tab.gz
[1] "chr10_61764833"
[1] "ENSG00000183346.6"
[1] "CABCOCO1"
[1] "Adrenal_Gland"
[1] "running liftOver"
[1] "Grabbing the all pairs data"
[1] "reading the all pairs data into R"
[1] 1117   14
[1] "Filtering on the geneID"
[1] "adding rs numbers to the QTL data"
[1] "merging the trait and eqtl data on unique ID"
[1] "Running coloc"
PP.H0.abf PP.H1.abf PP.H2.abf PP.H3.abf PP.H4.abf 
 2.71e-83  1.09e-02  2.45e-81  9.85e-01  3.84e-03 
[1] "PP abf for shared variant: 0.384%"

Variables in credible sets:

 variable variable_prob cs
        2    0.85121660  1
        6    0.04150697  1
       17    0.02168895  1
       11    0.02007239  1
        9    0.01591230  1

Credible sets summary:

 cs cs_log10bf cs_avg_r2 cs_min_r2    variable
  1   64.13612 0.9608332 0.9351567 2,6,9,11,17

Variables in credible sets:

 variable variable_prob cs
        5    0.48778584  1
        7    0.48778584  1
        2    0.13480277  2
        6    0.13480277  2
       14    0.09706477  2
        3    0.07887768  2
       12    0.07722783  2
        8    0.06521171  2
        9    0.06521171  2
       10    0.06521171  2
       11    0.06521171  2
       16    0.06521171  2
       17    0.06521171  2
       19    0.06521171  2

Credible sets summary:

 cs cs_log10bf cs_avg_r2 cs_min_r2                       variable
  1   39.97784 1.0000000 1.0000000                            5,7
  2   12.52966 0.9548622 0.8324135 2,3,6,8,9,10,11,12,14,16,17,19
PP.H0.abf PP.H1.abf PP.H2.abf PP.H3.abf PP.H4.abf 
 1.92e-99  5.26e-38  3.65e-62  1.00e+00  2.49e-07 
[1] "PP abf for shared variant: 2.49e-05%"
PP.H0.abf PP.H1.abf PP.H2.abf PP.H3.abf PP.H4.abf 
 8.40e-74  2.30e-12  5.69e-64  1.36e-02  9.86e-01 
[1] "PP abf for shared variant: 98.6%"
   nsnps      hit1       hit2    PP.H0.abf    PP.H1.abf    PP.H2.abf PP.H3.abf
1:    20 rs1530440 rs16916568 1.922999e-99 5.261794e-38 3.654644e-62 0.9999998
2:    20 rs1530440  rs1530440 8.398480e-74 2.298029e-12 5.687147e-64 0.0135886
      PP.H4.abf idx1 idx2
1: 2.494780e-07    1    1
2: 9.864114e-01    1    2
