[1] "trait"
[1] "DBP"
[1] "trait_file_header_info"
[1] "/gpfs/projects/bsc83/Projects/Breast/ANALYSIS/Hypertension/analysis/06_colocalization/DBP_Evangelou_parsed.txt"
[1] "Tested_Allele"
[1] "Other_Allele"
[1] "SNP"
[1] "CHR"
[1] "POS"
[1] "P"
[1] "N"
[1] "Freq_Tested_Allele"
[1] "traitType:"
[1] "quant"
[1] 12
[1] "Locus Info:"
[1] 12
[1] 111826477
[1] 112083162
[1] "rs7137828"
[1] "QTL type:"
[1] "eqtl"
[1] TRUE
[1] "trait input file successfully loaded"
   CHR       POS        SNP Tested_Allele Other_Allele Freq_Tested_Allele
1:  12 111833788 rs10774624             A            G             0.5139
2:  12 111865049  rs7310615             C            G             0.4822
3:  12 111884608  rs3184504             T            C             0.4808
4:  12 111904371  rs4766578             A            T             0.5062
5:  12 111910219 rs10774625             A            G             0.4939
6:  12 111932800  rs7137828             T            C             0.5183
      BETA     SE         P      N Ref_Allele Alt_Allele
1: -0.4937 0.0178 4.35e-169 709406          G          A
2: -0.5044 0.0176 6.57e-180 725132          C          G
3: -0.4999 0.0175 8.04e-180 736789          T          C
4: -0.4989 0.0176 1.50e-177 730416          T          A
5: -0.4996 0.0176 3.83e-178 731426          A          G
6: -0.5027 0.0176 4.80e-180 729734          C          T
[1] "rs10774624" "rs7310615"  "rs3184504" 
[1] "/gpfs/projects/bsc83/Projects/Breast/ANALYSIS/Hypertension/data/Coloq/chr_12_snp151_hash_table.json"
$rs309
[1] "chr12_92237146"

$rs440
[1] "chr12_111790910"

$rs441
[1] "chr12_111791045"

[1] "hash table loaded"
[1] "/gpfs/projects/bsc83/Projects/Breast/ANALYSIS/Hypertension/analysis/06_colocalization/ColocQuiaL-main/GTEx_v8_Tissue_Summary_with_filenames_all.csv"
                          Tissue NumberRNASeqandGTSamples NumberRNASeqSamples
1              Muscle - Skeletal                      706                 803
2                    Whole Blood                      670                 755
3 Skin - Sun Exposed (Lower leg)                      605                 701
4                Artery - Tibial                      584                 663
5         Adipose - Subcutaneous                      581                 663
6                        Thyroid                      574                 653
  Number_of_eGenes                      allPairsTabixFilename
1            13532            Muscle_Skeletal.allpairs.tab.gz
2            12360                Whole_Blood.allpairs.tab.gz
3            16967 Skin_Sun_Exposed_Lower_leg.allpairs.tab.gz
4            15008              Artery_Tibial.allpairs.tab.gz
5            15607       Adipose_Subcutaneous.allpairs.tab.gz
6            17684                    Thyroid.allpairs.tab.gz
                                              sigPairsTabixFilename
1            Muscle_Skeletal.v8.v8.signif_variant_gene_pairs.tab.gz
2                Whole_Blood.v8.v8.signif_variant_gene_pairs.tab.gz
3 Skin_Sun_Exposed_Lower_leg.v8.v8.signif_variant_gene_pairs.tab.gz
4              Artery_Tibial.v8.v8.signif_variant_gene_pairs.tab.gz
5       Adipose_Subcutaneous.v8.v8.signif_variant_gene_pairs.tab.gz
6                    Thyroid.v8.v8.signif_variant_gene_pairs.tab.gz
[1] "chr12_111494996"
[1] "ENSG00000185847.7"
[1] "LINC01405"
[1] "Muscle_Skeletal"
[1] "running liftOver"
[1] "Grabbing the all pairs data"
[1] "reading the all pairs data into R"
[1] 16233    14
[1] "Filtering on the geneID"
[1] "adding rs numbers to the QTL data"
[1] "merging the trait and eqtl data on unique ID"
[1] "Running coloc"
PP.H0.abf PP.H1.abf PP.H2.abf PP.H3.abf PP.H4.abf 
6.26e-174  1.02e-01 3.98e-175  5.57e-03  8.93e-01 
[1] "PP abf for shared variant: 89.3%"

Variables in credible sets:

 variable variable_prob cs
        9    0.79101038  1
        4    0.67836876  2
        1    0.48415251  3
        5    0.30749974  2
        2    0.23984651  3
       11    0.19247557  3
        7    0.16684200  3
       10    0.05177384  1
        8    0.02745556  3

Credible sets summary:

 cs cs_log10bf cs_avg_r2 cs_min_r2   variable
  2   30.75735 1.0000000  1.000000        4,5
  1  204.18422 0.9840131  0.979999    9,10,11
  3   16.98809 0.9220789  0.856082 1,2,7,8,11

Variables in credible sets:

 variable variable_prob cs
        1    0.19168366  1
       11    0.15430841  1
        9    0.15323658  1
        6    0.15268240  1
        8    0.12012996  1
       10    0.11854811  1
        2    0.04928816  1
        7    0.04144015  1

Credible sets summary:

 cs cs_log10bf cs_avg_r2 cs_min_r2          variable
  1   1.815022 0.9419041  0.856082 1,2,6,7,8,9,10,11
PP.H0.abf PP.H1.abf PP.H2.abf PP.H3.abf PP.H4.abf 
 1.32e-28  8.28e-01  9.46e-30  5.93e-02  1.12e-01 
[1] "PP abf for shared variant: 11.2%"
PP.H0.abf PP.H1.abf PP.H2.abf PP.H3.abf PP.H4.abf 
9.11e-203  1.53e-01 6.55e-204  9.33e-03  8.37e-01 
[1] "PP abf for shared variant: 83.7%"
PP.H0.abf PP.H1.abf PP.H2.abf PP.H3.abf PP.H4.abf 
 1.66e-15  1.78e-01  1.20e-16  1.12e-02  8.11e-01 
[1] "PP abf for shared variant: 81.1%"
   nsnps       hit1       hit2     PP.H0.abf PP.H1.abf     PP.H2.abf
1:    11 rs11065987 rs10774624  1.316503e-28 0.8282645  9.458804e-30
2:    11   rs653178 rs10774624 9.111915e-203 0.1531864 6.546723e-204
3:    11 rs10774624 rs10774624  1.663367e-15 0.1780194  1.195095e-16
     PP.H3.abf PP.H4.abf idx1 idx2
1: 0.059284195 0.1124513    2    1
2: 0.009331163 0.8374824    1    1
3: 0.011168701 0.8108119    3    1
[1] "ENSG00000198270.12"
[1] "TMEM116"
[1] "Muscle_Skeletal"
[1] "running liftOver"
[1] "Grabbing the all pairs data"
[1] "reading the all pairs data into R"
[1] 16233    14
[1] "Filtering on the geneID"
[1] "adding rs numbers to the QTL data"
[1] "merging the trait and eqtl data on unique ID"
[1] "Running coloc"
PP.H0.abf PP.H1.abf PP.H2.abf PP.H3.abf PP.H4.abf 
4.71e-173  7.65e-01 1.33e-175  1.93e-03  2.33e-01 
[1] "PP abf for shared variant: 23.3%"

Variables in credible sets:

 variable variable_prob cs
        9    0.79101038  1
        4    0.67836876  2
        1    0.48415251  3
        5    0.30749974  2
        2    0.23984651  3
       11    0.19247557  3
        7    0.16684200  3
       10    0.05177384  1
        8    0.02745556  3

Credible sets summary:

 cs cs_log10bf cs_avg_r2 cs_min_r2   variable
  2   30.75735 1.0000000  1.000000        4,5
  1  204.18422 0.9840131  0.979999    9,10,11
  3   16.98809 0.9220789  0.856082 1,2,7,8,11

Variables in credible sets:

 variable variable_prob cs
       10    0.11694185  1
        2    0.10447650  1
        8    0.10413728  1
       11    0.10014408  1
        6    0.10002226  1
        9    0.09945543  1
        7    0.09906298  1
        1    0.09349420  1
        5    0.06283016  1
        4    0.06256517  1
        3    0.05687008  1

Credible sets summary:

 cs cs_log10bf cs_avg_r2 cs_min_r2                variable
  1  0.4508823 0.8840676 0.7232754 1,2,3,4,5,6,7,8,9,10,11
PP.H0.abf PP.H1.abf PP.H2.abf PP.H3.abf PP.H4.abf 
 1.44e-28  9.09e-01  4.49e-31  2.65e-03  8.83e-02 
[1] "PP abf for shared variant: 8.83%"
PP.H0.abf PP.H1.abf PP.H2.abf PP.H3.abf PP.H4.abf 
5.13e-202  8.63e-01 1.60e-204  2.41e-03  1.34e-01 
[1] "PP abf for shared variant: 13.4%"
PP.H0.abf PP.H1.abf PP.H2.abf PP.H3.abf PP.H4.abf 
 8.09e-15  8.66e-01  2.51e-17  2.42e-03  1.32e-01 
[1] "PP abf for shared variant: 13.2%"
   nsnps       hit1      hit2     PP.H0.abf PP.H1.abf     PP.H2.abf   PP.H3.abf
1:    11 rs11065987 rs7137828  1.444851e-28 0.9090133  4.488468e-31 0.002647195
2:    11   rs653178 rs7137828 5.134900e-202 0.8632619 1.595170e-204 0.002413096
3:    11 rs10774624 rs7137828  8.087639e-15 0.8655677  2.512446e-17 0.002424894
    PP.H4.abf idx1 idx2
1: 0.08833947    2    1
2: 0.13432498    1    1
3: 0.13200746    3    1
[1] "ENSG00000111275.12"
[1] "ALDH2"
[1] "Skin_Sun_Exposed_Lower_leg"
[1] "running liftOver"
[1] "Grabbing the all pairs data"
[1] "reading the all pairs data into R"
[1] 17146    14
[1] "Filtering on the geneID"
[1] "adding rs numbers to the QTL data"
[1] "merging the trait and eqtl data on unique ID"
[1] "Running coloc"
PP.H0.abf PP.H1.abf PP.H2.abf PP.H3.abf PP.H4.abf 
1.15e-176  1.87e-04 2.95e-174  4.69e-02  9.53e-01 
[1] "PP abf for shared variant: 95.3%"

Variables in credible sets:

 variable variable_prob cs
        9    0.79101038  1
        4    0.67836876  2
        1    0.48415251  3
        5    0.30749974  2
        2    0.23984651  3
       11    0.19247557  3
        7    0.16684200  3
       10    0.05177384  1
        8    0.02745556  3

Credible sets summary:

 cs cs_log10bf cs_avg_r2 cs_min_r2   variable
  2   30.75735 1.0000000  1.000000        4,5
  1  204.18422 0.9840131  0.979999    9,10,11
  3   16.98809 0.9220789  0.856082 1,2,7,8,11

Variables in credible sets:

 variable variable_prob cs
        3    0.75256224  1
        1    0.08485617  1
        5    0.04650886  1
        4    0.04501150  1
       10    0.01819140  1
        7    0.01591006  1

Credible sets summary:

 cs cs_log10bf cs_avg_r2 cs_min_r2     variable
  1   6.155489 0.8416754 0.7232754 1,3,4,5,7,10
PP.H0.abf PP.H1.abf PP.H2.abf PP.H3.abf PP.H4.abf 
 3.52e-33  2.22e-05  5.54e-30  3.29e-02  9.67e-01 
[1] "PP abf for shared variant: 96.7%"
PP.H0.abf PP.H1.abf PP.H2.abf PP.H3.abf PP.H4.abf 
5.25e-206  8.82e-05 8.26e-203  1.37e-01  8.63e-01 
[1] "PP abf for shared variant: 86.3%"
PP.H0.abf PP.H1.abf PP.H2.abf PP.H3.abf PP.H4.abf 
 2.46e-19  2.63e-05  3.87e-16  3.95e-02  9.61e-01 
[1] "PP abf for shared variant: 96.1%"
   nsnps       hit1       hit2     PP.H0.abf    PP.H1.abf     PP.H2.abf
1:    11 rs11065987 rs11065979  3.521849e-33 2.215735e-05  5.541816e-30
2:    11   rs653178 rs11065979 5.247579e-206 8.822051e-05 8.257345e-203
3:    11 rs10774624 rs11065979  2.457033e-19 2.629603e-05  3.866272e-16
    PP.H3.abf PP.H4.abf idx1 idx2
1: 0.03293168 0.9670462    2    1
2: 0.13709402 0.8628178    1    1
3: 0.03945718 0.9605165    3    1
[1] "ENSG00000111275.12"
[1] "ALDH2"
[1] "Artery_Tibial"
[1] "running liftOver"
[1] "Grabbing the all pairs data"
[1] "reading the all pairs data into R"
[1] 15050    14
[1] "Filtering on the geneID"
[1] "adding rs numbers to the QTL data"
[1] "merging the trait and eqtl data on unique ID"
[1] "Running coloc"
PP.H0.abf PP.H1.abf PP.H2.abf PP.H3.abf PP.H4.abf 
3.99e-173  6.48e-01 7.46e-175  1.18e-02  3.41e-01 
[1] "PP abf for shared variant: 34.1%"

Variables in credible sets:

 variable variable_prob cs
        9    0.79101038  1
        4    0.67836876  2
        1    0.48415251  3
        5    0.30749974  2
        2    0.23984651  3
       11    0.19247557  3
        7    0.16684200  3
       10    0.05177384  1
        8    0.02745556  3

Credible sets summary:

 cs cs_log10bf cs_avg_r2 cs_min_r2   variable
  2   30.75735 1.0000000  1.000000        4,5
  1  204.18422 0.9840131  0.979999    9,10,11
  3   16.98809 0.9220789  0.856082 1,2,7,8,11

Variables in credible sets:

 variable variable_prob cs
        3    0.26202807  1
        4    0.16643282  1
        5    0.16257298  1
        2    0.11991454  1
        7    0.11913751  1
        1    0.04295412  1
        6    0.02659314  1
        9    0.02659314  1
        8    0.02640779  1

Credible sets summary:

 cs cs_log10bf cs_avg_r2 cs_min_r2          variable
  1   1.270502   0.86718 0.7232754 1,2,3,4,5,6,7,8,9
PP.H0.abf PP.H1.abf PP.H2.abf PP.H3.abf PP.H4.abf 
 5.83e-29  3.67e-01  1.20e-30  6.27e-03  6.27e-01 
[1] "PP abf for shared variant: 62.7%"
PP.H0.abf PP.H1.abf PP.H2.abf PP.H3.abf PP.H4.abf 
4.63e-202  7.79e-01 9.50e-204  1.56e-02  2.05e-01 
[1] "PP abf for shared variant: 20.5%"
PP.H0.abf PP.H1.abf PP.H2.abf PP.H3.abf PP.H4.abf 
 5.31e-15  5.69e-01  1.09e-16  1.08e-02  4.20e-01 
[1] "PP abf for shared variant: 42%"
   nsnps       hit1       hit2     PP.H0.abf PP.H1.abf     PP.H2.abf  PP.H3.abf
1:    11 rs11065987 rs11065979  5.832363e-29 0.3669372  1.196021e-30 0.00627106
2:    11   rs653178 rs11065979 4.634183e-202 0.7790830 9.503146e-204 0.01556566
3:    11 rs10774624 rs11065979  5.314156e-15 0.5687397  1.089754e-16 0.01082206
   PP.H4.abf idx1 idx2
1: 0.6267918    2    1
2: 0.2053513    1    1
3: 0.4204382    3    1
[1] "ENSG00000089022.13"
[1] "MAPKAPK5"
[1] "Adipose_Subcutaneous"
[1] "running liftOver"
[1] "Grabbing the all pairs data"
[1] "reading the all pairs data into R"
[1] 16098    14
[1] "Filtering on the geneID"
[1] "adding rs numbers to the QTL data"
[1] "merging the trait and eqtl data on unique ID"
[1] "Running coloc"
PP.H0.abf PP.H1.abf PP.H2.abf PP.H3.abf PP.H4.abf 
5.93e-173  9.62e-01 2.57e-176  3.79e-04  3.72e-02 
[1] "PP abf for shared variant: 3.72%"

Variables in credible sets:

 variable variable_prob cs
        9    0.79101038  1
        4    0.67836876  2
        1    0.48415251  3
        5    0.30749974  2
        2    0.23984651  3
       11    0.19247557  3
        7    0.16684200  3
       10    0.05177384  1
        8    0.02745556  3

Credible sets summary:

 cs cs_log10bf cs_avg_r2 cs_min_r2   variable
  2   30.75735 1.0000000  1.000000        4,5
  1  204.18422 0.9840131  0.979999    9,10,11
  3   16.98809 0.9220789  0.856082 1,2,7,8,11

Variables in credible sets:

[1] variable      variable_prob cs           
<0 rows> (or 0-length row.names)

Credible sets summary:

data frame with 0 columns and 0 rows
NULL
[1] "ENSG00000198270.12"
[1] "TMEM116"
[1] "Adipose_Subcutaneous"
[1] "running liftOver"
[1] "Grabbing the all pairs data"
[1] "reading the all pairs data into R"
[1] 16098    14
[1] "Filtering on the geneID"
[1] "adding rs numbers to the QTL data"
[1] "merging the trait and eqtl data on unique ID"
[1] "Running coloc"
PP.H0.abf PP.H1.abf PP.H2.abf PP.H3.abf PP.H4.abf 
5.28e-173  8.57e-01 1.28e-175  1.94e-03  1.41e-01 
[1] "PP abf for shared variant: 14.1%"

Variables in credible sets:

 variable variable_prob cs
        9    0.79101038  1
        4    0.67836876  2
        1    0.48415251  3
        5    0.30749974  2
        2    0.23984651  3
       11    0.19247557  3
        7    0.16684200  3
       10    0.05177384  1
        8    0.02745556  3

Credible sets summary:

 cs cs_log10bf cs_avg_r2 cs_min_r2   variable
  2   30.75735 1.0000000  1.000000        4,5
  1  204.18422 0.9840131  0.979999    9,10,11
  3   16.98809 0.9220789  0.856082 1,2,7,8,11

Variables in credible sets:

 variable variable_prob cs
        3    0.15573120  1
        5    0.13248290  1
        4    0.13235269  1
        2    0.08346042  1
        7    0.07936480  1
        8    0.07922478  1
        6    0.07853383  1
        9    0.06933644  1
       11    0.06773612  1
       10    0.06718341  1
        1    0.05459340  1

Credible sets summary:

 cs cs_log10bf cs_avg_r2 cs_min_r2                variable
  1  0.3773513 0.8840676 0.7232754 1,2,3,4,5,6,7,8,9,10,11
PP.H0.abf PP.H1.abf PP.H2.abf PP.H3.abf PP.H4.abf 
 1.35e-28  8.50e-01  3.54e-31  1.93e-03  1.48e-01 
[1] "PP abf for shared variant: 14.8%"
PP.H0.abf PP.H1.abf PP.H2.abf PP.H3.abf PP.H4.abf 
5.44e-202  9.15e-01 1.43e-204  2.23e-03  8.30e-02 
[1] "PP abf for shared variant: 8.3%"
PP.H0.abf PP.H1.abf PP.H2.abf PP.H3.abf PP.H4.abf 
 8.56e-15  9.17e-01  2.25e-17  2.24e-03  8.12e-02 
[1] "PP abf for shared variant: 8.12%"
   nsnps       hit1       hit2     PP.H0.abf PP.H1.abf     PP.H2.abf
1:    11 rs11065987 rs11065979  1.351225e-28 0.8501094  3.543820e-31
2:    11   rs653178 rs11065979 5.441318e-202 0.9147759 1.427079e-204
3:    11 rs10774624 rs11065979  8.564073e-15 0.9165572  2.246075e-17
     PP.H3.abf  PP.H4.abf idx1 idx2
1: 0.001933644 0.14795700    2    1
2: 0.002233175 0.08299095    1    1
3: 0.002241426 0.08120134    3    1
[1] "ENSG00000111275.12"
[1] "ALDH2"
[1] "Skin_Not_Sun_Exposed_Suprapubic"
[1] "running liftOver"
[1] "Grabbing the all pairs data"
[1] "reading the all pairs data into R"
[1] 17146    14
[1] "Filtering on the geneID"
[1] "adding rs numbers to the QTL data"
[1] "merging the trait and eqtl data on unique ID"
[1] "Running coloc"
PP.H0.abf PP.H1.abf PP.H2.abf PP.H3.abf PP.H4.abf 
1.11e-176  1.80e-04 5.45e-174  8.78e-02  9.12e-01 
[1] "PP abf for shared variant: 91.2%"

Variables in credible sets:

 variable variable_prob cs
        9    0.79101038  1
        4    0.67836876  2
        1    0.48415251  3
        5    0.30749974  2
        2    0.23984651  3
       11    0.19247557  3
        7    0.16684200  3
       10    0.05177384  1
        8    0.02745556  3

Credible sets summary:

 cs cs_log10bf cs_avg_r2 cs_min_r2   variable
  2   30.75735 1.0000000  1.000000        4,5
  1  204.18422 0.9840131  0.979999    9,10,11
  3   16.98809 0.9220789  0.856082 1,2,7,8,11

Variables in credible sets:

 variable variable_prob cs
        3     0.4902297  1
        4     0.2368115  1
        5     0.2260174  1

Credible sets summary:

 cs cs_log10bf cs_avg_r2 cs_min_r2 variable
  1   6.737934 0.9425407 0.9144485    3,4,5
PP.H0.abf PP.H1.abf PP.H2.abf PP.H3.abf PP.H4.abf 
 2.21e-34  1.39e-06  1.33e-30  6.40e-03  9.94e-01 
[1] "PP abf for shared variant: 99.4%"
PP.H0.abf PP.H1.abf PP.H2.abf PP.H3.abf PP.H4.abf 
4.43e-206  7.44e-05 2.66e-202  4.46e-01  5.53e-01 
[1] "PP abf for shared variant: 55.3%"
PP.H0.abf PP.H1.abf PP.H2.abf PP.H3.abf PP.H4.abf 
 3.57e-19  3.82e-05  2.15e-15  2.29e-01  7.71e-01 
[1] "PP abf for shared variant: 77.1%"
   nsnps       hit1       hit2     PP.H0.abf    PP.H1.abf    PP.H2.abf
1:    11 rs11065987 rs11065979  2.214546e-34 1.393259e-06  1.33233e-30
2:    11   rs653178 rs11065979 4.425286e-206 7.439640e-05 2.66237e-202
3:    11 rs10774624 rs11065979  3.573595e-19 3.824588e-05  2.14997e-15
    PP.H3.abf PP.H4.abf idx1 idx2
1: 0.00639501 0.9936036    2    1
2: 0.44648171 0.5534439    1    1
3: 0.22855457 0.7714072    3    1
[1] "ENSG00000111275.12"
[1] "ALDH2"
[1] "Esophagus_Mucosa"
[1] "running liftOver"
[1] "Grabbing the all pairs data"
[1] "reading the all pairs data into R"
[1] 15146    14
[1] "Filtering on the geneID"
[1] "adding rs numbers to the QTL data"
[1] "merging the trait and eqtl data on unique ID"
[1] "Running coloc"
PP.H0.abf PP.H1.abf PP.H2.abf PP.H3.abf PP.H4.abf 
1.60e-176  2.61e-04 4.18e-175  5.81e-03  9.94e-01 
[1] "PP abf for shared variant: 99.4%"

Variables in credible sets:

 variable variable_prob cs
        9    0.79101038  1
        4    0.67836876  2
        1    0.48415251  3
        5    0.30749974  2
        2    0.23984651  3
       11    0.19247557  3
        7    0.16684200  3
       10    0.05177384  1
        8    0.02745556  3

Credible sets summary:

 cs cs_log10bf cs_avg_r2 cs_min_r2   variable
  2   30.75735 1.0000000  1.000000        4,5
  1  204.18422 0.9840131  0.979999    9,10,11
  3   16.98809 0.9220789  0.856082 1,2,7,8,11

Variables in credible sets:

 variable variable_prob cs
       11    0.22745571  1
        6    0.21961731  1
        8    0.11565258  1
       10    0.10850132  1
        3    0.08246372  1
        1    0.06615088  1
        2    0.04190688  1
        7    0.04091218  1
        5    0.03579968  1
        9    0.03143302  1

Credible sets summary:

 cs cs_log10bf cs_avg_r2 cs_min_r2              variable
  1   5.016982 0.8982724 0.7232754 1,2,3,5,6,7,8,9,10,11
PP.H0.abf PP.H1.abf PP.H2.abf PP.H3.abf PP.H4.abf 
 8.04e-32  5.06e-04  9.20e-30  5.60e-02  9.43e-01 
[1] "PP abf for shared variant: 94.3%"
PP.H0.abf PP.H1.abf PP.H2.abf PP.H3.abf PP.H4.abf 
1.48e-205  2.49e-04 1.69e-203  2.65e-02  9.73e-01 
[1] "PP abf for shared variant: 97.3%"
PP.H0.abf PP.H1.abf PP.H2.abf PP.H3.abf PP.H4.abf 
 2.37e-18  2.54e-04  2.71e-16  2.71e-02  9.73e-01 
[1] "PP abf for shared variant: 97.3%"
   nsnps       hit1      hit2     PP.H0.abf    PP.H1.abf     PP.H2.abf
1:    11 rs11065987 rs7310615  8.043867e-32 0.0005060716  9.201098e-30
2:    11   rs653178 rs7310615 1.479472e-205 0.0002487237 1.692316e-203
3:    11 rs10774624 rs7310615  2.372065e-18 0.0002538668  2.713322e-16
    PP.H3.abf PP.H4.abf idx1 idx2
1: 0.05600078 0.9434931    2    1
2: 0.02650415 0.9732471    1    1
3: 0.02709363 0.9726525    3    1
[1] "ENSG00000185847.7"
[1] "LINC01405"
[1] "Esophagus_Mucosa"
[1] "running liftOver"
[1] "Grabbing the all pairs data"
[1] "reading the all pairs data into R"
[1] 15146    14
[1] "Filtering on the geneID"
[1] "Warning: There was not an exact match on Ensembl ID. Likely this is due to a GTEX version  update."
[1] "The Ensembl ID from your GTEx csv was not able to be reliably mapped to an Enseml ID in the GTEx database, so this gene will be skipped:"
[1] "ENSG00000185847.7"
[1] "ENSG00000111275.12"
[1] "ALDH2"
[1] "Artery_Aorta"
[1] "running liftOver"
[1] "Grabbing the all pairs data"
[1] "reading the all pairs data into R"
[1] 15050    14
[1] "Filtering on the geneID"
[1] "adding rs numbers to the QTL data"
[1] "merging the trait and eqtl data on unique ID"
[1] "Running coloc"
PP.H0.abf PP.H1.abf PP.H2.abf PP.H3.abf PP.H4.abf 
4.94e-173  8.06e-01 1.35e-175  2.01e-03  1.92e-01 
[1] "PP abf for shared variant: 19.2%"

Variables in credible sets:

 variable variable_prob cs
        9    0.79101038  1
        4    0.67836876  2
        1    0.48415251  3
        5    0.30749974  2
        2    0.23984651  3
       11    0.19247557  3
        7    0.16684200  3
       10    0.05177384  1
        8    0.02745556  3

Credible sets summary:

 cs cs_log10bf cs_avg_r2 cs_min_r2   variable
  2   30.75735 1.0000000  1.000000        4,5
  1  204.18422 0.9840131  0.979999    9,10,11
  3   16.98809 0.9220789  0.856082 1,2,7,8,11

Variables in credible sets:

 variable variable_prob cs
        3    0.11441453  1
        4    0.10529428  1
        5    0.10529428  1
       11    0.09700099  1
        1    0.09501126  1
        6    0.09390760  1
        8    0.09050246  1
        9    0.09023418  1
       10    0.07628256  1
        7    0.06679263  1
        2    0.06526524  1

Credible sets summary:

 cs cs_log10bf cs_avg_r2 cs_min_r2                variable
  1  0.4071726 0.8840676 0.7232754 1,2,3,4,5,6,7,8,9,10,11
PP.H0.abf PP.H1.abf PP.H2.abf PP.H3.abf PP.H4.abf 
 1.38e-28  8.69e-01  3.88e-31  2.18e-03  1.29e-01 
[1] "PP abf for shared variant: 12.9%"
PP.H0.abf PP.H1.abf PP.H2.abf PP.H3.abf PP.H4.abf 
5.26e-202  8.85e-01 1.48e-204  2.26e-03  1.13e-01 
[1] "PP abf for shared variant: 11.3%"
PP.H0.abf PP.H1.abf PP.H2.abf PP.H3.abf PP.H4.abf 
 8.35e-15  8.94e-01  2.35e-17  2.30e-03  1.04e-01 
[1] "PP abf for shared variant: 10.4%"
   nsnps       hit1       hit2     PP.H0.abf PP.H1.abf     PP.H2.abf
1:    11 rs11065987 rs11065979  1.381447e-28 0.8691235  3.880607e-31
2:    11   rs653178 rs11065979 5.262965e-202 0.8847917 1.478413e-204
3:    11 rs10774624 rs11065979  8.351664e-15 0.8938245  2.346055e-17
     PP.H3.abf PP.H4.abf idx1 idx2
1: 0.002184059 0.1286924    2    1
2: 0.002259560 0.1129488    1    1
3: 0.002303086 0.1038724    3    1
[1] "ENSG00000226469.1"
[1] "ADAM1B"
[1] "Heart_Atrial_Appendage"
[1] "running liftOver"
[1] "Grabbing the all pairs data"
[1] "reading the all pairs data into R"
[1] 15050    14
[1] "Filtering on the geneID"
[1] "adding rs numbers to the QTL data"
[1] "merging the trait and eqtl data on unique ID"
[1] "Running coloc"
PP.H0.abf PP.H1.abf PP.H2.abf PP.H3.abf PP.H4.abf 
1.58e-173  2.58e-01 8.68e-175  1.35e-02  7.29e-01 
[1] "PP abf for shared variant: 72.9%"

Variables in credible sets:

 variable variable_prob cs
        9    0.79101038  1
        4    0.67836876  2
        1    0.48415251  3
        5    0.30749974  2
        2    0.23984651  3
       11    0.19247557  3
        7    0.16684200  3
       10    0.05177384  1
        8    0.02745556  3

Credible sets summary:

 cs cs_log10bf cs_avg_r2 cs_min_r2   variable
  2   30.75735 1.0000000  1.000000        4,5
  1  204.18422 0.9840131  0.979999    9,10,11
  3   16.98809 0.9220789  0.856082 1,2,7,8,11

Variables in credible sets:

 variable variable_prob cs
        3    0.32818117  1
        4    0.15795594  1
        5    0.15459363  1
        1    0.10480601  1
       10    0.06558544  1
        9    0.03701520  1
        8    0.03662087  1
        6    0.03374334  1
        7    0.03207069  1

Credible sets summary:

 cs cs_log10bf cs_avg_r2 cs_min_r2           variable
  1    1.91819 0.8719272 0.7232754 1,3,4,5,6,7,8,9,10
PP.H0.abf PP.H1.abf PP.H2.abf PP.H3.abf PP.H4.abf 
 1.91e-29  1.20e-01  1.74e-30  9.19e-03  8.71e-01 
[1] "PP abf for shared variant: 87.1%"
PP.H0.abf PP.H1.abf PP.H2.abf PP.H3.abf PP.H4.abf 
2.21e-202  3.72e-01 2.02e-203  3.27e-02  5.95e-01 
[1] "PP abf for shared variant: 59.5%"
PP.H0.abf PP.H1.abf PP.H2.abf PP.H3.abf PP.H4.abf 
 2.25e-15  2.41e-01  2.05e-16  2.05e-02  7.38e-01 
[1] "PP abf for shared variant: 73.8%"
   nsnps       hit1       hit2     PP.H0.abf PP.H1.abf     PP.H2.abf
1:    11 rs11065987 rs11065979  1.906970e-29 0.1199751  1.737508e-30
2:    11   rs653178 rs11065979 2.214130e-202 0.3722320 2.017372e-203
3:    11 rs10774624 rs11065979  2.254627e-15 0.2412981  2.054270e-16
     PP.H3.abf PP.H4.abf idx1 idx2
1: 0.009189681 0.8708353    2    1
2: 0.032725287 0.5950427    1    1
3: 0.020509138 0.7381928    3    1
[1] "ENSG00000198270.12"
[1] "TMEM116"
[1] "Colon_Sigmoid"
[1] "running liftOver"
[1] "Grabbing the all pairs data"
[1] "reading the all pairs data into R"
[1] 16233    14
[1] "Filtering on the geneID"
[1] "adding rs numbers to the QTL data"
[1] "merging the trait and eqtl data on unique ID"
[1] "Running coloc"
PP.H0.abf PP.H1.abf PP.H2.abf PP.H3.abf PP.H4.abf 
3.56e-173  5.77e-01 2.28e-175  3.28e-03  4.20e-01 
[1] "PP abf for shared variant: 42%"

Variables in credible sets:

 variable variable_prob cs
        9    0.79101038  1
        4    0.67836876  2
        1    0.48415251  3
        5    0.30749974  2
        2    0.23984651  3
       11    0.19247557  3
        7    0.16684200  3
       10    0.05177384  1
        8    0.02745556  3

Credible sets summary:

 cs cs_log10bf cs_avg_r2 cs_min_r2   variable
  2   30.75735 1.0000000  1.000000        4,5
  1  204.18422 0.9840131  0.979999    9,10,11
  3   16.98809 0.9220789  0.856082 1,2,7,8,11

Variables in credible sets:

 variable variable_prob cs
       10    0.14312384  1
        7    0.11651112  1
        2    0.10822514  1
        1    0.10588227  1
       11    0.10230809  1
        8    0.10024325  1
        6    0.09952556  1
        9    0.09496653  1
        3    0.04584527  1
        4    0.04240481  1

Credible sets summary:

 cs cs_log10bf cs_avg_r2 cs_min_r2              variable
  1  0.8112589 0.8982724 0.7232754 1,2,3,4,6,7,8,9,10,11
PP.H0.abf PP.H1.abf PP.H2.abf PP.H3.abf PP.H4.abf 
 1.37e-28  8.65e-01  9.79e-31  5.90e-03  1.29e-01 
[1] "PP abf for shared variant: 12.9%"
PP.H0.abf PP.H1.abf PP.H2.abf PP.H3.abf PP.H4.abf 
4.39e-202  7.38e-01 3.13e-204  4.74e-03  2.57e-01 
[1] "PP abf for shared variant: 25.7%"
PP.H0.abf PP.H1.abf PP.H2.abf PP.H3.abf PP.H4.abf 
 6.71e-15  7.18e-01  4.78e-17  4.56e-03  2.77e-01 
[1] "PP abf for shared variant: 27.7%"
   nsnps       hit1      hit2     PP.H0.abf PP.H1.abf     PP.H2.abf   PP.H3.abf
1:    11 rs11065987 rs7137828  1.374453e-28 0.8647229  9.789970e-31 0.005900506
2:    11   rs653178 rs7137828 4.390011e-202 0.7380337 3.126923e-204 0.004742428
3:    11 rs10774624 rs7137828  6.710299e-15 0.7181599  4.779621e-17 0.004560760
   PP.H4.abf idx1 idx2
1: 0.1293766    2    1
2: 0.2572239    1    1
3: 0.2772794    3    1
[1] "ENSG00000111275.12"
[1] "ALDH2"
[1] "Brain_Nucleus_accumbens_basal_ganglia"
[1] "running liftOver"
[1] "Grabbing the all pairs data"
[1] "reading the all pairs data into R"
[1] 17281    14
[1] "Filtering on the geneID"
[1] "adding rs numbers to the QTL data"
[1] "merging the trait and eqtl data on unique ID"
[1] "Running coloc"
PP.H0.abf PP.H1.abf PP.H2.abf PP.H3.abf PP.H4.abf 
2.49e-173  4.08e-01 2.49e-175  3.48e-03  5.89e-01 
[1] "PP abf for shared variant: 58.9%"

Variables in credible sets:

 variable variable_prob cs
        9    0.79101038  1
        4    0.67836876  2
        1    0.48415251  3
        5    0.30749974  2
        2    0.23984651  3
       11    0.19247557  3
        7    0.16684200  3
       10    0.05177384  1
        8    0.02745556  3

Credible sets summary:

 cs cs_log10bf cs_avg_r2 cs_min_r2   variable
  2   30.75735 1.0000000  1.000000        4,5
  1  204.18422 0.9840131  0.979999    9,10,11
  3   16.98809 0.9220789  0.856082 1,2,7,8,11

Variables in credible sets:

 variable variable_prob cs
        9    0.17671915  1
       10    0.17147572  1
        6    0.14849677  1
        8    0.14849677  1
       11    0.14849677  1
        2    0.06555087  1
        7    0.06555087  1
        1    0.02402966  1
        3    0.02070033  1

Credible sets summary:

 cs cs_log10bf cs_avg_r2 cs_min_r2            variable
  1   1.197136 0.9229783 0.7707189 1,2,3,6,7,8,9,10,11
PP.H0.abf PP.H1.abf PP.H2.abf PP.H3.abf PP.H4.abf 
 1.37e-28  8.61e-01  2.37e-30  1.47e-02  1.24e-01 
[1] "PP abf for shared variant: 12.4%"
PP.H0.abf PP.H1.abf PP.H2.abf PP.H3.abf PP.H4.abf 
2.38e-202  4.00e-01 4.12e-204  5.74e-03  5.94e-01 
[1] "PP abf for shared variant: 59.4%"
PP.H0.abf PP.H1.abf PP.H2.abf PP.H3.abf PP.H4.abf 
 6.26e-15  6.69e-01  1.08e-16  1.10e-02  3.20e-01 
[1] "PP abf for shared variant: 32%"
   nsnps       hit1     hit2     PP.H0.abf PP.H1.abf     PP.H2.abf   PP.H3.abf
1:    11 rs11065987 rs653178  1.369104e-28 0.8613581  2.371183e-30 0.014670114
2:    11   rs653178 rs653178 2.379266e-202 0.3999941 4.120705e-204 0.005739055
3:    11 rs10774624 rs653178  6.255216e-15 0.6694553  1.083355e-16 0.010955271
   PP.H4.abf idx1 idx2
1: 0.1239718    2    1
2: 0.5942669    1    1
3: 0.3195894    3    1
