[1] "trait"
[1] "DBP"
[1] "trait_file_header_info"
[1] "/gpfs/projects/bsc83/Projects/Breast/ANALYSIS/Hypertension/analysis/06_colocalization/DBP_Evangelou_parsed.txt"
[1] "Tested_Allele"
[1] "Other_Allele"
[1] "SNP"
[1] "CHR"
[1] "POS"
[1] "P"
[1] "N"
[1] "Freq_Tested_Allele"
[1] "traitType:"
[1] "quant"
[1] 2
[1] "Locus Info:"
[1] 2
[1] 25134011
[1] 25288146
[1] "rs55701159"
[1] "QTL type:"
[1] "eqtl"
[1] TRUE
[1] "trait input file successfully loaded"
   CHR      POS         SNP Tested_Allele Other_Allele Freq_Tested_Allele
1:   2 25134011  rs56073414             A            C             0.1157
2:   2 25137594  rs80195592             A            G             0.1133
3:   2 25137596 rs114020506             C            G             0.8868
4:   2 25139318  rs56214615             T            C             0.1138
5:   2 25139596  rs55701159             T            G             0.8864
6:   2 25144327  rs77816629             A            G             0.8860
      BETA     SE         P      N Ref_Allele Alt_Allele
1: -0.2055 0.0274 6.305e-14 731585          C          A
2: -0.2251 0.0276 3.690e-16 731779          G          A
3: -0.2245 0.0276 4.382e-16 731769          C          G
4: -0.2252 0.0275 2.596e-16 736604          C          T
5: -0.2254 0.0275 2.466e-16 736939          T          G
6: -0.2247 0.0275 2.776e-16 735721          A          G
[1] "rs56073414"  "rs80195592"  "rs114020506"
[1] "/gpfs/projects/bsc83/Projects/Breast/ANALYSIS/Hypertension/data/Coloq/chr_2_snp151_hash_table.json"
$rs222
[1] "chr2_98531409"

$rs223
[1] "chr2_132615083"

$rs525
[1] "chr2_171558018"

[1] "hash table loaded"
[1] "/gpfs/projects/bsc83/Projects/Breast/ANALYSIS/Hypertension/analysis/06_colocalization/ColocQuiaL-main/GTEx_v8_Tissue_Summary_with_filenames_all.csv"
                          Tissue NumberRNASeqandGTSamples NumberRNASeqSamples
1              Muscle - Skeletal                      706                 803
2                    Whole Blood                      670                 755
3 Skin - Sun Exposed (Lower leg)                      605                 701
4                Artery - Tibial                      584                 663
5         Adipose - Subcutaneous                      581                 663
6                        Thyroid                      574                 653
  Number_of_eGenes                      allPairsTabixFilename
1            13532            Muscle_Skeletal.allpairs.tab.gz
2            12360                Whole_Blood.allpairs.tab.gz
3            16967 Skin_Sun_Exposed_Lower_leg.allpairs.tab.gz
4            15008              Artery_Tibial.allpairs.tab.gz
5            15607       Adipose_Subcutaneous.allpairs.tab.gz
6            17684                    Thyroid.allpairs.tab.gz
                                              sigPairsTabixFilename
1            Muscle_Skeletal.v8.v8.signif_variant_gene_pairs.tab.gz
2                Whole_Blood.v8.v8.signif_variant_gene_pairs.tab.gz
3 Skin_Sun_Exposed_Lower_leg.v8.v8.signif_variant_gene_pairs.tab.gz
4              Artery_Tibial.v8.v8.signif_variant_gene_pairs.tab.gz
5       Adipose_Subcutaneous.v8.v8.signif_variant_gene_pairs.tab.gz
6                    Thyroid.v8.v8.signif_variant_gene_pairs.tab.gz
[1] "chr2_24916727"
[1] "ENSG00000115137.11"
[1] "DNAJC27"
[1] "Whole_Blood"
[1] "running liftOver"
[1] "Grabbing the all pairs data"
[1] "reading the all pairs data into R"
[1] 10020    14
[1] "Filtering on the geneID"
[1] "adding rs numbers to the QTL data"
[1] "merging the trait and eqtl data on unique ID"
[1] "Running coloc"
PP.H0.abf PP.H1.abf PP.H2.abf PP.H3.abf PP.H4.abf 
 9.10e-11  5.58e-01  1.11e-12  6.39e-03  4.36e-01 
[1] "PP abf for shared variant: 43.6%"

Variables in credible sets:

 variable variable_prob cs
        6   0.121736237  1
       11   0.111467088  1
       13   0.105113733  1
       21   0.105113733  1
       23   0.102076165  1
       25   0.093487370  1
       22   0.090790509  1
       27   0.080402680  1
        8   0.067535242  1
        3   0.052343854  1
        2   0.007917048  1
       12   0.005632266  1
       26   0.004882517  1
       24   0.004882008  1

Credible sets summary:

 cs cs_log10bf cs_avg_r2 cs_min_r2                              variable
  1   12.97874 0.9316103 0.8314431 2,3,6,8,11,12,13,21,22,23,24,25,26,27

Variables in credible sets:

 variable variable_prob cs
       11    0.11540887  1
        6    0.09778154  1
        3    0.07546363  1
       13    0.07371777  1
       22    0.06529952  1
       21    0.06142584  1
       23    0.06142584  1
       25    0.06142584  1
        8    0.03823353  1
       27    0.03269852  1
        5    0.03192904  1
        4    0.03113832  1
       18    0.02785705  1
       10    0.02670114  1
        9    0.02489623  1
       26    0.02489623  1
       19    0.01971368  1
        7    0.01755118  1
       15    0.01755118  1
       17    0.01755118  1
        1    0.01526194  1
       14    0.01124088  1
       16    0.01114422  1

Credible sets summary:

 cs cs_log10bf cs_avg_r2 cs_min_r2
  1  0.7063707 0.9232938 0.8314431
                                                     variable
 1,3,4,5,6,7,8,9,10,11,13,14,15,16,17,18,19,21,22,23,25,26,27
PP.H0.abf PP.H1.abf PP.H2.abf PP.H3.abf PP.H4.abf 
 2.64e-11  6.78e-01  3.62e-13  8.68e-03  3.13e-01 
[1] "PP abf for shared variant: 31.3%"
   nsnps        hit1       hit2   PP.H0.abf PP.H1.abf   PP.H2.abf   PP.H3.abf
1:    27 rs112092329 rs55701159 2.63675e-11 0.6779119 3.62079e-13 0.008682288
   PP.H4.abf idx1 idx2
1: 0.3134058    1    1
[1] "ENSG00000138031.14"
[1] "ADCY3"
[1] "Whole_Blood"
[1] "running liftOver"
[1] "Grabbing the all pairs data"
[1] "reading the all pairs data into R"
[1] 10020    14
[1] "Filtering on the geneID"
[1] "adding rs numbers to the QTL data"
[1] "merging the trait and eqtl data on unique ID"
[1] "Running coloc"
PP.H0.abf PP.H1.abf PP.H2.abf PP.H3.abf PP.H4.abf 
 5.39e-11  3.30e-01  3.60e-12  2.14e-02  6.48e-01 
[1] "PP abf for shared variant: 64.8%"

Variables in credible sets:

 variable variable_prob cs
        6   0.121736237  1
       11   0.111467088  1
       13   0.105113733  1
       21   0.105113733  1
       23   0.102076165  1
       25   0.093487370  1
       22   0.090790509  1
       27   0.080402680  1
        8   0.067535242  1
        3   0.052343854  1
        2   0.007917048  1
       12   0.005632266  1
       26   0.004882517  1
       24   0.004882008  1

Credible sets summary:

 cs cs_log10bf cs_avg_r2 cs_min_r2                              variable
  1   12.97874 0.9316103 0.8314431 2,3,6,8,11,12,13,21,22,23,24,25,26,27

Variables in credible sets:

 variable variable_prob cs
        5    0.08251899  1
        4    0.07975106  1
        7    0.05907488  1
       15    0.05907488  1
       17    0.05907488  1
       19    0.05309482  1
       16    0.05247842  1
       20    0.05247842  1
        6    0.04710979  1
       14    0.04241325  1
        2    0.03773986  1
       12    0.03705113  1
       24    0.03068848  1
       11    0.02707423  1
        3    0.02606849  1
       13    0.02566069  1
        8    0.02542880  1
       27    0.02352836  1
       21    0.02262451  1
       23    0.02262451  1
       25    0.02262451  1
       22    0.02178992  1
        9    0.02176234  1
       26    0.02176234  1

Credible sets summary:

 cs cs_log10bf cs_avg_r2 cs_min_r2
  1   1.578664 0.9244318 0.8314431
                                                        variable
 2,3,4,5,6,7,8,9,11,12,13,14,15,16,17,19,20,21,22,23,24,25,26,27
PP.H0.abf PP.H1.abf PP.H2.abf PP.H3.abf PP.H4.abf 
 1.53e-11  3.94e-01  1.57e-12  3.92e-02  5.67e-01 
[1] "PP abf for shared variant: 56.7%"
   nsnps        hit1        hit2   PP.H0.abf PP.H1.abf    PP.H2.abf  PP.H3.abf
1:    27 rs112092329 rs112066538 1.53136e-11 0.3937147 1.567129e-12 0.03915685
   PP.H4.abf idx1 idx2
1: 0.5671285    1    1
[1] "ENSG00000138031.14"
[1] "ADCY3"
[1] "Skin_Sun_Exposed_Lower_leg"
[1] "running liftOver"
[1] "Grabbing the all pairs data"
[1] "reading the all pairs data into R"
[1] 10840    14
[1] "Filtering on the geneID"
[1] "adding rs numbers to the QTL data"
[1] "merging the trait and eqtl data on unique ID"
[1] "Running coloc"
PP.H0.abf PP.H1.abf PP.H2.abf PP.H3.abf PP.H4.abf 
 2.74e-11  1.64e-01  2.19e-12  1.23e-02  8.24e-01 
[1] "PP abf for shared variant: 82.4%"

Variables in credible sets:

 variable variable_prob cs
        6   0.121736237  1
       11   0.111467088  1
       13   0.105113733  1
       21   0.105113733  1
       23   0.102076165  1
       25   0.093487370  1
       22   0.090790509  1
       27   0.080402680  1
        8   0.067535242  1
        3   0.052343854  1
        2   0.007917048  1
       12   0.005632266  1
       26   0.004882517  1
       24   0.004882008  1

Credible sets summary:

 cs cs_log10bf cs_avg_r2 cs_min_r2                              variable
  1   12.97874 0.9316103 0.8314431 2,3,6,8,11,12,13,21,22,23,24,25,26,27

Variables in credible sets:

 variable variable_prob cs
        3    0.21252268  1
        8    0.12396086  1
        6    0.11384215  1
       27    0.10772086  1
       22    0.05284545  1
       21    0.04481542  1
       23    0.04481542  1
       25    0.04481542  1
       13    0.04035021  1
       11    0.02718228  1
        4    0.01858052  1
        5    0.01837320  1
       16    0.01805898  1
       14    0.01800790  1
       12    0.01753275  1
       24    0.01752654  1
        9    0.01296328  1
       26    0.01296328  1
       20    0.01199208  1

Credible sets summary:

 cs cs_log10bf cs_avg_r2 cs_min_r2
  1   1.753865 0.9221925 0.8314431
                                           variable
 3,4,5,6,8,9,11,12,13,14,16,20,21,22,23,24,25,26,27
PP.H0.abf PP.H1.abf PP.H2.abf PP.H3.abf PP.H4.abf 
 6.10e-12  1.57e-01  9.34e-13  2.24e-02  8.21e-01 
[1] "PP abf for shared variant: 82.1%"
   nsnps        hit1        hit2    PP.H0.abf PP.H1.abf    PP.H2.abf  PP.H3.abf
1:    27 rs112092329 rs111376384 6.098286e-12 0.1567878 9.341937e-13 0.02237657
   PP.H4.abf idx1 idx2
1: 0.8208357    1    1
[1] "ENSG00000115137.11"
[1] "DNAJC27"
[1] "Adipose_Subcutaneous"
[1] "running liftOver"
[1] "Grabbing the all pairs data"
[1] "reading the all pairs data into R"
[1] 11660    14
[1] "Filtering on the geneID"
[1] "adding rs numbers to the QTL data"
[1] "merging the trait and eqtl data on unique ID"
[1] "Running coloc"
PP.H0.abf PP.H1.abf PP.H2.abf PP.H3.abf PP.H4.abf 
 2.83e-12  1.73e-02  2.19e-12  1.24e-02  9.70e-01 
[1] "PP abf for shared variant: 97%"

Variables in credible sets:

 variable variable_prob cs
        6   0.121736237  1
       11   0.111467088  1
       13   0.105113733  1
       21   0.105113733  1
       23   0.102076165  1
       25   0.093487370  1
       22   0.090790509  1
       27   0.080402680  1
        8   0.067535242  1
        3   0.052343854  1
        2   0.007917048  1
       12   0.005632266  1
       26   0.004882517  1
       24   0.004882008  1

Credible sets summary:

 cs cs_log10bf cs_avg_r2 cs_min_r2                              variable
  1   12.97874 0.9316103 0.8314431 2,3,6,8,11,12,13,21,22,23,24,25,26,27

Variables in credible sets:

 variable variable_prob cs
        6    0.20936283  1
        3    0.14849077  1
       21    0.12116765  1
       23    0.12116765  1
       25    0.12116765  1
       22    0.07441284  1
        2    0.01865334  1
        8    0.01744203  1
       13    0.01721020  1
        4    0.01609983  1
       20    0.01506084  1
       19    0.01418258  1
       27    0.01395527  1
        5    0.01326393  1
       11    0.01249598  1
        7    0.01115741  1
       17    0.01115741  1

Credible sets summary:

 cs cs_log10bf cs_avg_r2 cs_min_r2                                    variable
  1   3.173153 0.9249856 0.8404966 2,3,4,5,6,7,8,11,13,17,19,20,21,22,23,25,27
PP.H0.abf PP.H1.abf PP.H2.abf PP.H3.abf PP.H4.abf 
 2.28e-13  5.86e-03  9.16e-13  2.16e-02  9.73e-01 
[1] "PP abf for shared variant: 97.3%"
   nsnps        hit1        hit2    PP.H0.abf   PP.H1.abf    PP.H2.abf
1:    27 rs112092329 rs112092329 2.277915e-13 0.005856549 9.163339e-13
    PP.H3.abf PP.H4.abf idx1 idx2
1: 0.02161401 0.9725294    1    1
[1] "ENSG00000084710.13"
[1] "EFR3B"
[1] "Thyroid"
[1] "running liftOver"
[1] "Grabbing the all pairs data"
[1] "reading the all pairs data into R"
[1] 12143    14
[1] "Filtering on the geneID"
[1] "adding rs numbers to the QTL data"
[1] "merging the trait and eqtl data on unique ID"
[1] "Running coloc"
PP.H0.abf PP.H1.abf PP.H2.abf PP.H3.abf PP.H4.abf 
 8.69e-11  5.36e-01  1.96e-12  1.16e-02  4.53e-01 
[1] "PP abf for shared variant: 45.3%"

Variables in credible sets:

 variable variable_prob cs
        6   0.121736237  1
       11   0.111467088  1
       13   0.105113733  1
       21   0.105113733  1
       23   0.102076165  1
       25   0.093487370  1
       22   0.090790509  1
       27   0.080402680  1
        8   0.067535242  1
        3   0.052343854  1
        2   0.007917048  1
       12   0.005632266  1
       26   0.004882517  1
       24   0.004882008  1

Credible sets summary:

 cs cs_log10bf cs_avg_r2 cs_min_r2                              variable
  1   12.97874 0.9316103 0.8314431 2,3,6,8,11,12,13,21,22,23,24,25,26,27

Variables in credible sets:

 variable variable_prob cs
        8    0.06324899  1
        9    0.06263180  1
       26    0.06263180  1
        4    0.06249385  1
       27    0.05405728  1
        5    0.05391561  1
       13    0.04486098  1
       19    0.04441432  1
        3    0.04024717  1
       22    0.04024717  1
        2    0.03890136  1
        6    0.03877328  1
       11    0.03566434  1
       10    0.03188317  1
       18    0.03188317  1
       20    0.03158478  1
       16    0.03010477  1
       21    0.02665559  1
       23    0.02665559  1
       25    0.02665559  1
       14    0.02349351  1
       24    0.02349351  1
        7    0.02244581  1
       17    0.02244581  1
       12    0.02160857  1

Credible sets summary:

 cs cs_log10bf cs_avg_r2 cs_min_r2
  1   1.031258 0.9237491 0.8314431
                                                           variable
 2,3,4,5,6,7,8,9,10,11,12,13,14,16,17,18,19,20,21,22,23,24,25,26,27
PP.H0.abf PP.H1.abf PP.H2.abf PP.H3.abf PP.H4.abf 
 2.46e-11  6.31e-01  7.13e-13  1.76e-02  3.51e-01 
[1] "PP abf for shared variant: 35.1%"
   nsnps        hit1        hit2    PP.H0.abf PP.H1.abf    PP.H2.abf  PP.H3.abf
1:    27 rs112092329 rs114020506 2.456062e-11 0.6314569 7.126252e-13 0.01761984
   PP.H4.abf idx1 idx2
1: 0.3509233    1    1
[1] "ENSG00000084676.15"
[1] "NCOA1"
[1] "Nerve_Tibial"
[1] "running liftOver"
[1] "Grabbing the all pairs data"
[1] "reading the all pairs data into R"
[1] 11660    14
[1] "Filtering on the geneID"
[1] "adding rs numbers to the QTL data"
[1] "merging the trait and eqtl data on unique ID"
[1] "Running coloc"
PP.H0.abf PP.H1.abf PP.H2.abf PP.H3.abf PP.H4.abf 
 3.77e-11  2.21e-01  1.75e-12  9.50e-03  7.69e-01 
[1] "PP abf for shared variant: 76.9%"

Variables in credible sets:

 variable variable_prob cs
        6   0.121736237  1
       11   0.111467088  1
       13   0.105113733  1
       21   0.105113733  1
       23   0.102076165  1
       25   0.093487370  1
       22   0.090790509  1
       27   0.080402680  1
        8   0.067535242  1
        3   0.052343854  1
        2   0.007917048  1
       12   0.005632266  1
       26   0.004882517  1
       24   0.004882008  1

Credible sets summary:

 cs cs_log10bf cs_avg_r2 cs_min_r2                              variable
  1   12.97874 0.9316103 0.8314431 2,3,6,8,11,12,13,21,22,23,24,25,26,27

Variables in credible sets:

 variable variable_prob cs
       27    0.96886586  1
        2    0.44653842  2
       24    0.24693782  2
       14    0.07666016  2
       12    0.06732338  2
        7    0.03620877  2
       15    0.03620877  2
       17    0.03620877  2
       16    0.01667201  2

Credible sets summary:

 cs cs_log10bf cs_avg_r2 cs_min_r2              variable
  1   51.06938 1.0000000 1.0000000                    27
  2   33.77511 0.9944887 0.9897245 2,7,12,14,15,16,17,24
PP.H0.abf PP.H1.abf PP.H2.abf PP.H3.abf PP.H4.abf 
 3.00e-61  7.72e-51  9.51e-13  2.25e-02  9.78e-01 
[1] "PP abf for shared variant: 97.8%"
PP.H0.abf PP.H1.abf PP.H2.abf PP.H3.abf PP.H4.abf 
 5.93e-43  1.52e-32  9.53e-12  2.44e-01  7.56e-01 
[1] "PP abf for shared variant: 75.6%"
   nsnps        hit1       hit2    PP.H0.abf    PP.H1.abf    PP.H2.abf
1:    27 rs112092329 rs80195592 3.002187e-61 7.718663e-51 9.510128e-13
2:    27 rs112092329 rs11125866 5.926918e-43 1.523819e-32 9.534573e-12
    PP.H3.abf PP.H4.abf idx1 idx2
1: 0.02249566 0.9775043    1    1
2: 0.24362241 0.7563776    1    2
[1] "ENSG00000138031.14"
[1] "ADCY3"
[1] "Nerve_Tibial"
[1] "running liftOver"
[1] "Grabbing the all pairs data"
[1] "reading the all pairs data into R"
[1] 11660    14
[1] "Filtering on the geneID"
[1] "adding rs numbers to the QTL data"
[1] "merging the trait and eqtl data on unique ID"
[1] "Running coloc"
PP.H0.abf PP.H1.abf PP.H2.abf PP.H3.abf PP.H4.abf 
 1.16e-10  6.80e-01  1.25e-12  7.03e-03  3.13e-01 
[1] "PP abf for shared variant: 31.3%"

Variables in credible sets:

 variable variable_prob cs
        6   0.121736237  1
       11   0.111467088  1
       13   0.105113733  1
       21   0.105113733  1
       23   0.102076165  1
       25   0.093487370  1
       22   0.090790509  1
       27   0.080402680  1
        8   0.067535242  1
        3   0.052343854  1
        2   0.007917048  1
       12   0.005632266  1
       26   0.004882517  1
       24   0.004882008  1

Credible sets summary:

 cs cs_log10bf cs_avg_r2 cs_min_r2                              variable
  1   12.97874 0.9316103 0.8314431 2,3,6,8,11,12,13,21,22,23,24,25,26,27

Variables in credible sets:

 variable variable_prob cs
       11    0.09909934  1
       13    0.08290873  1
       24    0.06381504  1
       14    0.06296352  1
       12    0.05531913  1
        3    0.04031329  1
       22    0.04031329  1
        8    0.03985358  1
        9    0.03348768  1
       26    0.03348768  1
       16    0.03341996  1
       20    0.03341996  1
       27    0.03300652  1
       18    0.03243343  1
       10    0.03175434  1
        2    0.03150729  1
        6    0.02975704  1
       21    0.02526787  1
       23    0.02526787  1
       25    0.02526787  1
       19    0.02323789  1
        4    0.02156038  1
        5    0.02156038  1
        1    0.02073906  1
        7    0.02007962  1

Credible sets summary:

 cs cs_log10bf cs_avg_r2 cs_min_r2
  1  0.6443328 0.9232024 0.8314431
                                                          variable
 1,2,3,4,5,6,7,8,9,10,11,12,13,14,16,18,19,20,21,22,23,24,25,26,27
PP.H0.abf PP.H1.abf PP.H2.abf PP.H3.abf PP.H4.abf 
 3.05e-11  7.84e-01  3.63e-13  8.91e-03  2.07e-01 
[1] "PP abf for shared variant: 20.7%"
   nsnps        hit1       hit2    PP.H0.abf PP.H1.abf   PP.H2.abf   PP.H3.abf
1:    27 rs112092329 rs55701159 3.048269e-11 0.7837141 3.62869e-13 0.008914669
   PP.H4.abf idx1 idx2
1: 0.2073712    1    1
[1] "ENSG00000138031.14"
[1] "ADCY3"
[1] "Skin_Not_Sun_Exposed_Suprapubic"
[1] "running liftOver"
[1] "Grabbing the all pairs data"
[1] "reading the all pairs data into R"
[1] 10430    14
[1] "Filtering on the geneID"
[1] "adding rs numbers to the QTL data"
[1] "merging the trait and eqtl data on unique ID"
[1] "Running coloc"
PP.H0.abf PP.H1.abf PP.H2.abf PP.H3.abf PP.H4.abf 
 1.01e-10  6.23e-01  2.20e-12  1.31e-02  3.64e-01 
[1] "PP abf for shared variant: 36.4%"

Variables in credible sets:

 variable variable_prob cs
        6   0.121736237  1
       11   0.111467088  1
       13   0.105113733  1
       21   0.105113733  1
       23   0.102076165  1
       25   0.093487370  1
       22   0.090790509  1
       27   0.080402680  1
        8   0.067535242  1
        3   0.052343854  1
        2   0.007917048  1
       12   0.005632266  1
       26   0.004882517  1
       24   0.004882008  1

Credible sets summary:

 cs cs_log10bf cs_avg_r2 cs_min_r2                              variable
  1   12.97874 0.9316103 0.8314431 2,3,6,8,11,12,13,21,22,23,24,25,26,27

Variables in credible sets:

 variable variable_prob cs
       14    0.09045025  1
       24    0.09045025  1
       12    0.07954601  1
       20    0.06880269  1
        2    0.06160369  1
       16    0.05838300  1
       13    0.04082854  1
        7    0.03746049  1
       17    0.03746049  1
       11    0.03481710  1
       19    0.03335221  1
       15    0.03206530  1
        8    0.02915267  1
       27    0.02863917  1
        4    0.02832052  1
        5    0.02832052  1
        9    0.02508365  1
       26    0.02508365  1
        3    0.02467366  1
       22    0.02467366  1
       18    0.02393566  1
       10    0.02308475  1
       21    0.01588350  1
       23    0.01588350  1

Credible sets summary:

 cs cs_log10bf cs_avg_r2 cs_min_r2
  1   1.025782 0.9263412 0.8314431
                                                         variable
 2,3,4,5,7,8,9,10,11,12,13,14,15,16,17,18,19,20,21,22,23,24,26,27
PP.H0.abf PP.H1.abf PP.H2.abf PP.H3.abf PP.H4.abf 
 2.78e-11  7.15e-01  7.97e-13  2.00e-02  2.65e-01 
[1] "PP abf for shared variant: 26.5%"
   nsnps        hit1      hit2    PP.H0.abf PP.H1.abf    PP.H2.abf  PP.H3.abf
1:    27 rs112092329 rs6733301 2.780652e-11 0.7149094 7.966959e-13 0.01995288
   PP.H4.abf idx1 idx2
1: 0.2651378    1    1
[1] "ENSG00000115137.11"
[1] "DNAJC27"
[1] "Esophagus_Muscularis"
[1] "running liftOver"
[1] "Grabbing the all pairs data"
[1] "reading the all pairs data into R"
[1] 12070    14
[1] "Filtering on the geneID"
[1] "adding rs numbers to the QTL data"
[1] "merging the trait and eqtl data on unique ID"
[1] "Running coloc"
PP.H0.abf PP.H1.abf PP.H2.abf PP.H3.abf PP.H4.abf 
 2.82e-12  1.65e-02  3.67e-12  2.06e-02  9.63e-01 
[1] "PP abf for shared variant: 96.3%"

Variables in credible sets:

 variable variable_prob cs
        6   0.121736237  1
       11   0.111467088  1
       13   0.105113733  1
       21   0.105113733  1
       23   0.102076165  1
       25   0.093487370  1
       22   0.090790509  1
       27   0.080402680  1
        8   0.067535242  1
        3   0.052343854  1
        2   0.007917048  1
       12   0.005632266  1
       26   0.004882517  1
       24   0.004882008  1

Credible sets summary:

 cs cs_log10bf cs_avg_r2 cs_min_r2                              variable
  1   12.97874 0.9316103 0.8314431 2,3,6,8,11,12,13,21,22,23,24,25,26,27

Variables in credible sets:

 variable variable_prob cs
        9    0.10294521  1
       26    0.10294521  1
        1    0.09056404  1
        8    0.08830839  1
       27    0.07319633  1
        3    0.06808262  1
       22    0.06808262  1
       13    0.05458712  1
       11    0.04489594  1
       21    0.03414506  1
       23    0.03414506  1
       25    0.03414506  1
       18    0.02555910  1
       10    0.02454918  1
        6    0.02324320  1
       19    0.01908236  1
        7    0.01825247  1
       17    0.01825247  1
       12    0.01397162  1
       15    0.01293233  1

Credible sets summary:

 cs cs_log10bf cs_avg_r2 cs_min_r2
  1   3.579249 0.9224818 0.8314431
                                              variable
 1,3,6,7,8,9,10,11,12,13,15,17,18,19,21,22,23,25,26,27
PP.H0.abf PP.H1.abf PP.H2.abf PP.H3.abf PP.H4.abf 
 1.53e-13  3.94e-03  1.57e-12  3.85e-02  9.58e-01 
[1] "PP abf for shared variant: 95.8%"
   nsnps        hit1        hit2    PP.H0.abf   PP.H1.abf    PP.H2.abf
1:    27 rs112092329 rs114577122 1.533145e-13 0.003941737 1.571073e-12
    PP.H3.abf PP.H4.abf idx1 idx2
1: 0.03847734 0.9575809    1    1
[1] "ENSG00000115137.11"
[1] "DNAJC27"
[1] "Heart_Atrial_Appendage"
[1] "running liftOver"
[1] "Grabbing the all pairs data"
[1] "reading the all pairs data into R"
[1] 11250    14
[1] "Filtering on the geneID"
[1] "adding rs numbers to the QTL data"
[1] "merging the trait and eqtl data on unique ID"
[1] "Running coloc"
PP.H0.abf PP.H1.abf PP.H2.abf PP.H3.abf PP.H4.abf 
 4.43e-11  2.55e-01  2.01e-12  1.08e-02  7.34e-01 
[1] "PP abf for shared variant: 73.4%"

Variables in credible sets:

 variable variable_prob cs
        6   0.121736237  1
       11   0.111467088  1
       13   0.105113733  1
       21   0.105113733  1
       23   0.102076165  1
       25   0.093487370  1
       22   0.090790509  1
       27   0.080402680  1
        8   0.067535242  1
        3   0.052343854  1
        2   0.007917048  1
       12   0.005632266  1
       26   0.004882517  1
       24   0.004882008  1

Credible sets summary:

 cs cs_log10bf cs_avg_r2 cs_min_r2                              variable
  1   12.97874 0.9316103 0.8314431 2,3,6,8,11,12,13,21,22,23,24,25,26,27

Variables in credible sets:

 variable variable_prob cs
        8   0.128213890  1
       27   0.091980773  1
        3   0.076655599  1
       21   0.076655599  1
       22   0.076655599  1
       23   0.076655599  1
       25   0.076655599  1
        6   0.068511125  1
       13   0.068511125  1
       11   0.050104740  1
        9   0.042049143  1
       26   0.042049143  1
       19   0.022870603  1
        5   0.012545127  1
        4   0.012236853  1
        1   0.009869423  1
       12   0.008142679  1
       15   0.007604053  1
       14   0.006840456  1

Credible sets summary:

 cs cs_log10bf cs_avg_r2 cs_min_r2
  1   1.639083 0.9231655 0.8314431
                                          variable
 1,3,4,5,6,8,9,11,12,13,14,15,19,21,22,23,25,26,27
PP.H0.abf PP.H1.abf PP.H2.abf PP.H3.abf PP.H4.abf 
 7.27e-12  1.87e-01  8.56e-13  2.04e-02  7.93e-01 
[1] "PP abf for shared variant: 79.3%"
   nsnps        hit1        hit2    PP.H0.abf PP.H1.abf    PP.H2.abf  PP.H3.abf
1:    27 rs112092329 rs114020506 7.274419e-12 0.1870263 8.555495e-13 0.02041117
   PP.H4.abf idx1 idx2
1: 0.7925625    1    1
[1] "ENSG00000084676.15"
[1] "NCOA1"
[1] "Esophagus_Gastroesophageal_Junction"
[1] "running liftOver"
[1] "Grabbing the all pairs data"
[1] "reading the all pairs data into R"
[1] 12070    14
[1] "Filtering on the geneID"
[1] "adding rs numbers to the QTL data"
[1] "merging the trait and eqtl data on unique ID"
[1] "Running coloc"
PP.H0.abf PP.H1.abf PP.H2.abf PP.H3.abf PP.H4.abf 
 1.27e-10  7.67e-01  1.52e-12  8.95e-03  2.25e-01 
[1] "PP abf for shared variant: 22.5%"

Variables in credible sets:

 variable variable_prob cs
        6   0.121736237  1
       11   0.111467088  1
       13   0.105113733  1
       21   0.105113733  1
       23   0.102076165  1
       25   0.093487370  1
       22   0.090790509  1
       27   0.080402680  1
        8   0.067535242  1
        3   0.052343854  1
        2   0.007917048  1
       12   0.005632266  1
       26   0.004882517  1
       24   0.004882008  1

Credible sets summary:

 cs cs_log10bf cs_avg_r2 cs_min_r2                              variable
  1   12.97874 0.9316103 0.8314431 2,3,6,8,11,12,13,21,22,23,24,25,26,27

Variables in credible sets:

 variable variable_prob cs
       15    0.08022919  1
        7    0.07260288  1
       17    0.07260288  1
       16    0.06504863  1
       20    0.06504863  1
       27    0.05920524  1
        8    0.05597630  1
       12    0.05520275  1
       14    0.05520275  1
       24    0.05520275  1
        2    0.05297371  1
        5    0.03778533  1
        4    0.03241239  1
       19    0.02908901  1
       10    0.02755672  1
       18    0.02755672  1
        1    0.02371092  1
       13    0.01842161  1
       11    0.01720587  1
        3    0.01219460  1
        6    0.01219460  1
       21    0.01219460  1
       22    0.01219460  1

Credible sets summary:

 cs cs_log10bf cs_avg_r2 cs_min_r2
  1  0.8106255 0.9245291 0.8314431
                                                     variable
 1,2,3,4,5,6,7,8,10,11,12,13,14,15,16,17,18,19,20,21,22,24,27
PP.H0.abf PP.H1.abf PP.H2.abf PP.H3.abf PP.H4.abf 
 3.21e-11  8.24e-01  5.60e-13  1.41e-02  1.61e-01 
[1] "PP abf for shared variant: 16.1%"
   nsnps        hit1      hit2    PP.H0.abf PP.H1.abf    PP.H2.abf PP.H3.abf
1:    27 rs112092329 rs6735896 3.206749e-11 0.8244596 5.598276e-13 0.0140703
   PP.H4.abf idx1 idx2
1: 0.1614701    1    1
