[1] "trait"
[1] "PP"
[1] "trait_file_header_info"
[1] "/gpfs/projects/bsc83/Projects/Breast/ANALYSIS/Hypertension/analysis/06_colocalization/PP_Evangelou_parsed.txt"
[1] "Tested_Allele"
[1] "Other_Allele"
[1] "SNP"
[1] "CHR"
[1] "POS"
[1] "P"
[1] "N"
[1] "Freq_Tested_Allele"
[1] "traitType:"
[1] "quant"
[1] 8
[1] "Locus Info:"
[1] 8
[1] 120393617
[1] 120475358
[1] "rs79253921"
[1] "QTL type:"
[1] "eqtl"
[1] TRUE
[1] "trait input file successfully loaded"
   CHR       POS         SNP Tested_Allele Other_Allele Freq_Tested_Allele
1:   8 120393617 rs115502330             A            C             0.7609
2:   8 120400532  rs34112166             A            G             0.2202
3:   8 120400556  rs11782222             A            G             0.2197
4:   8 120403627  rs11779998             T            C             0.2205
5:   8 120409477   rs7341594             A            G             0.2203
6:   8 120409826  rs11786524             T            C             0.2199
     BETA     SE         P      N Ref_Allele Alt_Allele
1: 0.4792 0.0241 7.763e-88 729070          A          C
2: 0.4987 0.0250 1.301e-88 719814          G          A
3: 0.5031 0.0249 5.820e-91 728073          G          A
4: 0.5057 0.0248 1.350e-92 731675          C          T
5: 0.5069 0.0248 5.560e-93 731779          G          A
6: 0.5069 0.0248 1.030e-92 731036          C          T
[1] "rs115502330" "rs34112166"  "rs11782222" 
[1] "/gpfs/projects/bsc83/Projects/Breast/ANALYSIS/Hypertension/data/Coloq/chr_8_snp151_hash_table.json"
$rs235
[1] "chr8_77639177"

$rs247
[1] "chr8_19953280"

$rs248
[1] "chr8_19953315"

[1] "hash table loaded"
[1] "/gpfs/projects/bsc83/Projects/Breast/ANALYSIS/Hypertension/analysis/06_colocalization/ColocQuiaL-main/GTEx_v8_Tissue_Summary_with_filenames_all.csv"
                          Tissue NumberRNASeqandGTSamples NumberRNASeqSamples
1              Muscle - Skeletal                      706                 803
2                    Whole Blood                      670                 755
3 Skin - Sun Exposed (Lower leg)                      605                 701
4                Artery - Tibial                      584                 663
5         Adipose - Subcutaneous                      581                 663
6                        Thyroid                      574                 653
  Number_of_eGenes                      allPairsTabixFilename
1            13532            Muscle_Skeletal.allpairs.tab.gz
2            12360                Whole_Blood.allpairs.tab.gz
3            16967 Skin_Sun_Exposed_Lower_leg.allpairs.tab.gz
4            15008              Artery_Tibial.allpairs.tab.gz
5            15607       Adipose_Subcutaneous.allpairs.tab.gz
6            17684                    Thyroid.allpairs.tab.gz
                                              sigPairsTabixFilename
1            Muscle_Skeletal.v8.v8.signif_variant_gene_pairs.tab.gz
2                Whole_Blood.v8.v8.signif_variant_gene_pairs.tab.gz
3 Skin_Sun_Exposed_Lower_leg.v8.v8.signif_variant_gene_pairs.tab.gz
4              Artery_Tibial.v8.v8.signif_variant_gene_pairs.tab.gz
5       Adipose_Subcutaneous.v8.v8.signif_variant_gene_pairs.tab.gz
6                    Thyroid.v8.v8.signif_variant_gene_pairs.tab.gz
[1] "chr8_119446688"
[1] "ENSG00000136999.4"
[1] "CCN3"
[1] "Skin_Sun_Exposed_Lower_leg"
[1] "running liftOver"
[1] "Grabbing the all pairs data"
[1] "reading the all pairs data into R"
[1] 3684   14
[1] "Filtering on the geneID"
[1] "adding rs numbers to the QTL data"
[1] "merging the trait and eqtl data on unique ID"
[1] "Running coloc"
PP.H0.abf PP.H1.abf PP.H2.abf PP.H3.abf PP.H4.abf 
 4.30e-93  1.03e-06  8.36e-88  2.00e-01  8.00e-01 
[1] "PP abf for shared variant: 80%"

Variables in credible sets:

 variable variable_prob cs
       82   0.051970655  1
       65   0.047843284  1
       71   0.044044418  1
       96   0.044044418  1
       29   0.040547853  1
       60   0.040547853  1
       50   0.037329482  1
       98   0.034367121  1
       74   0.031640363  1
       28   0.030450603  1
       16   0.029130427  1
       18   0.029130427  1
       76   0.029130427  1
       17   0.026820036  1
       49   0.026820036  1
        4   0.020933385  1
       39   0.020933385  1
       46   0.020933385  1
       57   0.020933385  1
       64   0.020933385  1
       66   0.020933385  1
       84   0.020933385  1
       59   0.019274378  1
       62   0.019274378  1
       27   0.018587542  1
       81   0.018587542  1
       12   0.016341183  1
       47   0.016341183  1
       85   0.016341183  1
       79   0.015046853  1
       80   0.015046853  1
       87   0.015046853  1
      100   0.014026160  1
        5   0.012758259  1
        6   0.012758259  1
       48   0.012758259  1
       53   0.012758259  1
       13   0.011748297  1
       37   0.007531158  1
       93   0.007165148  1

Credible sets summary:

 cs cs_log10bf cs_avg_r2 cs_min_r2
  1   88.92159 0.9950831 0.9799931
                                                                                                              variable
 4,5,6,12,13,16,17,18,27,28,29,37,39,46,47,48,49,50,53,57,59,60,62,64,65,66,71,74,76,79,80,81,82,84,85,87,93,96,98,100

Variables in credible sets:

 variable variable_prob cs
       78   0.069317397  1
       25   0.065222550  1
       61   0.063586390  1
        1   0.043698083  1
       19   0.043698083  1
       30   0.043698083  1
       31   0.043698083  1
       32   0.043698083  1
       58   0.043698083  1
       63   0.043698083  1
       69   0.043698083  1
       68   0.035990615  1
       36   0.027813798  1
       41   0.024749330  1
       67   0.023509036  1
       91   0.021882649  1
       94   0.021019362  1
       95   0.020535755  1
       14   0.019881051  1
       20   0.019596738  1
       35   0.019596738  1
       77   0.009284771  1
       97   0.007905782  1
       15   0.007828378  1
       72   0.007568725  1
       42   0.006374688  1
       55   0.006374688  1
       83   0.006085192  1
       10   0.005760076  1
       27   0.005760076  1
       28   0.005760076  1
       29   0.005760076  1
       49   0.005760076  1
       60   0.005760076  1
       64   0.005760076  1
       71   0.005760076  1
       96   0.005760076  1
       81   0.004229311  1
       48   0.003355511  1
        6   0.003309289  1
        8   0.002950109  1
       45   0.002929700  1
        5   0.002886253  1
       33   0.002510690  1
       85   0.002505256  1
       98   0.002476327  1
       79   0.002463902  1
        2   0.002378598  1
       13   0.002335960  1
        3   0.002242052  1
        4   0.002242052  1
        7   0.002242052  1
        9   0.002242052  1
       12   0.002242052  1
       17   0.002242052  1
       23   0.002242052  1
       34   0.002242052  1
       39   0.002242052  1
       46   0.002242052  1
       47   0.002242052  1
       52   0.002242052  1
       53   0.002242052  1
       62   0.002242052  1

Credible sets summary:

 cs cs_log10bf cs_avg_r2 cs_min_r2
  1   9.029684 0.9306811 0.8174294
                                                                                                                                                                            variable
 1,2,3,4,5,6,7,8,9,10,12,13,14,15,17,19,20,23,25,27,28,29,30,31,32,33,34,35,36,39,41,42,45,46,47,48,49,52,53,55,58,60,61,62,63,64,67,68,69,71,72,77,78,79,81,83,85,91,94,95,96,97,98
PP.H0.abf PP.H1.abf PP.H2.abf PP.H3.abf PP.H4.abf 
 4.48e-95  3.74e-08  4.79e-88  3.99e-01  6.01e-01 
[1] "PP abf for shared variant: 60.1%"
   nsnps       hit1      hit2    PP.H0.abf    PP.H1.abf    PP.H2.abf PP.H3.abf
1:   100 rs73709783 rs7012790 4.478023e-95 3.738339e-08 4.794799e-88  0.399077
   PP.H4.abf idx1 idx2
1:  0.600923    1    1
[1] "ENSG00000136999.4"
[1] "CCN3"
[1] "Artery_Tibial"
[1] "running liftOver"
[1] "Grabbing the all pairs data"
[1] "reading the all pairs data into R"
[1] 4274   14
[1] "Filtering on the geneID"
[1] "adding rs numbers to the QTL data"
[1] "merging the trait and eqtl data on unique ID"
[1] "Running coloc"
PP.H0.abf PP.H1.abf PP.H2.abf PP.H3.abf PP.H4.abf 
 7.23e-91  1.76e-04  3.42e-88  8.22e-02  9.18e-01 
[1] "PP abf for shared variant: 91.8%"

Variables in credible sets:

 variable variable_prob cs
       82   0.051970655  1
       65   0.047843284  1
       71   0.044044418  1
       96   0.044044418  1
       29   0.040547853  1
       60   0.040547853  1
       50   0.037329482  1
       98   0.034367121  1
       74   0.031640363  1
       28   0.030450603  1
       16   0.029130427  1
       18   0.029130427  1
       76   0.029130427  1
       17   0.026820036  1
       49   0.026820036  1
        4   0.020933385  1
       39   0.020933385  1
       46   0.020933385  1
       57   0.020933385  1
       64   0.020933385  1
       66   0.020933385  1
       84   0.020933385  1
       59   0.019274378  1
       62   0.019274378  1
       27   0.018587542  1
       81   0.018587542  1
       12   0.016341183  1
       47   0.016341183  1
       85   0.016341183  1
       79   0.015046853  1
       80   0.015046853  1
       87   0.015046853  1
      100   0.014026160  1
        5   0.012758259  1
        6   0.012758259  1
       48   0.012758259  1
       53   0.012758259  1
       13   0.011748297  1
       37   0.007531158  1
       93   0.007165148  1

Credible sets summary:

 cs cs_log10bf cs_avg_r2 cs_min_r2
  1   88.92159 0.9950831 0.9799931
                                                                                                              variable
 4,5,6,12,13,16,17,18,27,28,29,37,39,46,47,48,49,50,53,57,59,60,62,64,65,66,71,74,76,79,80,81,82,84,85,87,93,96,98,100

Variables in credible sets:

 variable variable_prob cs
       24   0.029477785  1
       48   0.028519919  1
        5   0.022070595  1
       45   0.019924211  1
       33   0.016420679  1
       96   0.015224134  1
        2   0.014808363  1
        3   0.014808363  1
        4   0.014808363  1
        7   0.014808363  1
        8   0.014808363  1
        9   0.014808363  1
       12   0.014808363  1
       13   0.014808363  1
       17   0.014808363  1
       23   0.014808363  1
       26   0.014808363  1
       34   0.014808363  1
       39   0.014808363  1
       43   0.014808363  1
       44   0.014808363  1
       46   0.014808363  1
       47   0.014808363  1
       50   0.014808363  1
       51   0.014808363  1
       52   0.014808363  1
       53   0.014808363  1
       57   0.014808363  1
       62   0.014808363  1
       66   0.014808363  1
       73   0.014808363  1
       75   0.014808363  1
       80   0.014808363  1
       84   0.014808363  1
       86   0.014808363  1
       87   0.014808363  1
       89   0.014808363  1
       90   0.014808363  1
       92   0.014808363  1
       93   0.014808363  1
       99   0.014808363  1
       54   0.014367500  1
       79   0.013066523  1
       10   0.011853482  1
       29   0.011853482  1
       49   0.011853482  1
       60   0.011853482  1
       71   0.011853482  1
        6   0.011754752  1
       81   0.011678846  1
       27   0.011325568  1
       28   0.011325568  1
       64   0.011325568  1
       16   0.011129484  1
       11   0.011051896  1
       83   0.010860649  1
       61   0.010792024  1
       85   0.010302014  1
       98   0.010274541  1
       77   0.009756761  1
       82   0.007914386  1
       94   0.007380996  1
       97   0.007270959  1
       74   0.006930482  1
       59   0.005982457  1
       58   0.005551771  1
       41   0.005244797  1
        1   0.004703248  1
       19   0.004703248  1
       30   0.004703248  1
       31   0.004703248  1
       32   0.004703248  1
       63   0.004703248  1
       69   0.004703248  1
       65   0.004381271  1

Credible sets summary:

 cs cs_log10bf cs_avg_r2 cs_min_r2
  1   5.644771 0.9693938 0.8815877
                                                                                                                                                                                                                variable
 1,2,3,4,5,6,7,8,9,10,11,12,13,16,17,19,23,24,26,27,28,29,30,31,32,33,34,39,41,43,44,45,46,47,48,49,50,51,52,53,54,57,58,59,60,61,62,63,64,65,66,69,71,73,74,75,77,79,80,81,82,83,84,85,86,87,89,90,92,93,94,96,97,98,99
PP.H0.abf PP.H1.abf PP.H2.abf PP.H3.abf PP.H4.abf 
 4.11e-92  3.43e-05  1.81e-88  1.50e-01  8.50e-01 
[1] "PP abf for shared variant: 85%"
   nsnps       hit1       hit2    PP.H0.abf    PP.H1.abf    PP.H2.abf PP.H3.abf
1:   100 rs73709783 rs11783703 4.108122e-92 3.429538e-05 1.813067e-88 0.1496577
   PP.H4.abf idx1 idx2
1:  0.850308    1    1
[1] "ENSG00000253972.5"
[1] "MAL2-AS1"
[1] "Artery_Tibial"
[1] "running liftOver"
[1] "Grabbing the all pairs data"
[1] "reading the all pairs data into R"
[1] 4274   14
[1] "Filtering on the geneID"
[1] "adding rs numbers to the QTL data"
[1] "merging the trait and eqtl data on unique ID"
[1] "Running coloc"
PP.H0.abf PP.H1.abf PP.H2.abf PP.H3.abf PP.H4.abf 
 7.84e-88  1.90e-01  5.91e-88  1.43e-01  6.67e-01 
[1] "PP abf for shared variant: 66.7%"

Variables in credible sets:

 variable variable_prob cs
       82   0.051970655  1
       65   0.047843284  1
       71   0.044044418  1
       96   0.044044418  1
       29   0.040547853  1
       60   0.040547853  1
       50   0.037329482  1
       98   0.034367121  1
       74   0.031640363  1
       28   0.030450603  1
       16   0.029130427  1
       18   0.029130427  1
       76   0.029130427  1
       17   0.026820036  1
       49   0.026820036  1
        4   0.020933385  1
       39   0.020933385  1
       46   0.020933385  1
       57   0.020933385  1
       64   0.020933385  1
       66   0.020933385  1
       84   0.020933385  1
       59   0.019274378  1
       62   0.019274378  1
       27   0.018587542  1
       81   0.018587542  1
       12   0.016341183  1
       47   0.016341183  1
       85   0.016341183  1
       79   0.015046853  1
       80   0.015046853  1
       87   0.015046853  1
      100   0.014026160  1
        5   0.012758259  1
        6   0.012758259  1
       48   0.012758259  1
       53   0.012758259  1
       13   0.011748297  1
       37   0.007531158  1
       93   0.007165148  1

Credible sets summary:

 cs cs_log10bf cs_avg_r2 cs_min_r2
  1   88.92159 0.9950831 0.9799931
                                                                                                              variable
 4,5,6,12,13,16,17,18,27,28,29,37,39,46,47,48,49,50,53,57,59,60,62,64,65,66,71,74,76,79,80,81,82,84,85,87,93,96,98,100

Variables in credible sets:

 variable variable_prob cs
       67   0.088589968  1
       42   0.084128742  1
       55   0.084128742  1
       97   0.056760546  1
       36   0.049776557  1
       20   0.039329719  1
       35   0.039329719  1
       14   0.035897810  1
       25   0.030374970  1
       78   0.030374970  1
       41   0.023833920  1
       83   0.021023515  1
        1   0.020544466  1
       19   0.020544466  1
       30   0.020544466  1
       31   0.020544466  1
       32   0.020544466  1
       63   0.020544466  1
       69   0.020544466  1
       58   0.020533055  1
       91   0.014343267  1
       95   0.011663281  1
       96   0.010096226  1
       10   0.008544229  1
       29   0.008544229  1
       49   0.008544229  1
       60   0.008544229  1
       71   0.008544229  1
       15   0.008018690  1
       81   0.007609245  1
       88   0.007472621  1
       27   0.007347342  1
       28   0.007347342  1
       64   0.007347342  1
       59   0.007196341  1
       77   0.006864035  1
       21   0.006567229  1
       56   0.006567229  1
       82   0.006356925  1
       74   0.005816637  1
      100   0.005775209  1
       40   0.005382871  1
       70   0.004717242  1
       65   0.004693876  1
       37   0.004380008  1
       72   0.004291152  1
       16   0.003126255  1
       18   0.003002335  1
       76   0.002872930  1
       61   0.001788033  1

Credible sets summary:

 cs cs_log10bf cs_avg_r2 cs_min_r2
  1   2.104304 0.9104217 0.6387382
                                                                                                                                              variable
 1,10,14,15,16,18,19,20,21,25,27,28,29,30,31,32,35,36,37,40,41,42,49,55,56,58,59,60,61,63,64,65,67,69,70,71,72,74,76,77,78,81,82,83,88,91,95,96,97,100
PP.H0.abf PP.H1.abf PP.H2.abf PP.H3.abf PP.H4.abf 
 2.41e-88  2.01e-01  3.06e-88  2.54e-01  5.45e-01 
[1] "PP abf for shared variant: 54.5%"
   nsnps       hit1       hit2    PP.H0.abf PP.H1.abf    PP.H2.abf PP.H3.abf
1:   100 rs73709783 rs58210708 2.406019e-88  0.200859 3.059167e-88 0.2542953
   PP.H4.abf idx1 idx2
1: 0.5448457    1    1
[1] "ENSG00000136999.4"
[1] "CCN3"
[1] "Adipose_Subcutaneous"
[1] "running liftOver"
[1] "Grabbing the all pairs data"
[1] "reading the all pairs data into R"
[1] 3389   14
[1] "Filtering on the geneID"
[1] "adding rs numbers to the QTL data"
[1] "merging the trait and eqtl data on unique ID"
[1] "Running coloc"
PP.H0.abf PP.H1.abf PP.H2.abf PP.H3.abf PP.H4.abf 
 3.93e-90  9.39e-04  4.97e-88  1.18e-01  8.81e-01 
[1] "PP abf for shared variant: 88.1%"

Variables in credible sets:

 variable variable_prob cs
       82   0.051970655  1
       65   0.047843284  1
       71   0.044044418  1
       96   0.044044418  1
       29   0.040547853  1
       60   0.040547853  1
       50   0.037329482  1
       98   0.034367121  1
       74   0.031640363  1
       28   0.030450603  1
       16   0.029130427  1
       18   0.029130427  1
       76   0.029130427  1
       17   0.026820036  1
       49   0.026820036  1
        4   0.020933385  1
       39   0.020933385  1
       46   0.020933385  1
       57   0.020933385  1
       64   0.020933385  1
       66   0.020933385  1
       84   0.020933385  1
       59   0.019274378  1
       62   0.019274378  1
       27   0.018587542  1
       81   0.018587542  1
       12   0.016341183  1
       47   0.016341183  1
       85   0.016341183  1
       79   0.015046853  1
       80   0.015046853  1
       87   0.015046853  1
      100   0.014026160  1
        5   0.012758259  1
        6   0.012758259  1
       48   0.012758259  1
       53   0.012758259  1
       13   0.011748297  1
       37   0.007531158  1
       93   0.007165148  1

Credible sets summary:

 cs cs_log10bf cs_avg_r2 cs_min_r2
  1   88.92159 0.9950831 0.9799931
                                                                                                              variable
 4,5,6,12,13,16,17,18,27,28,29,37,39,46,47,48,49,50,53,57,59,60,62,64,65,66,71,74,76,79,80,81,82,84,85,87,93,96,98,100

Variables in credible sets:

 variable variable_prob cs
       95   0.057303672  1
       83   0.055330538  1
       97   0.044058191  1
       21   0.020270140  1
       56   0.020270140  1
       54   0.017964269  1
       61   0.017600849  1
        1   0.017549605  1
       19   0.017549605  1
       30   0.017549605  1
       31   0.017549605  1
       32   0.017549605  1
       41   0.017549605  1
       58   0.017549605  1
       63   0.017549605  1
       69   0.017549605  1
       42   0.016274865  1
       55   0.016274865  1
       67   0.015794104  1
       43   0.015399590  1
       44   0.015399590  1
       50   0.015399590  1
       51   0.015399590  1
       66   0.015399590  1
       75   0.015399590  1
       98   0.013224027  1
       15   0.011488064  1
       91   0.009557213  1
        5   0.009074323  1
       48   0.009074323  1
       52   0.008569944  1
       79   0.008210388  1
       22   0.007745491  1
        2   0.007346646  1
        3   0.007346646  1
        4   0.007346646  1
        7   0.007346646  1
        9   0.007346646  1
       12   0.007346646  1
       13   0.007346646  1
       17   0.007346646  1
       23   0.007346646  1
       34   0.007346646  1
       39   0.007346646  1
       46   0.007346646  1
       47   0.007346646  1
       53   0.007346646  1
       57   0.007346646  1
       62   0.007346646  1
       73   0.007346646  1
       80   0.007346646  1
       84   0.007346646  1
       85   0.007346646  1
       86   0.007346646  1
       87   0.007346646  1
       89   0.007346646  1
       90   0.007346646  1
       92   0.007346646  1
       93   0.007346646  1
       99   0.007346646  1
       28   0.007187284  1
        8   0.006590184  1
       45   0.006455083  1
       77   0.006343402  1
       24   0.006165778  1
        6   0.006013728  1
       26   0.005935730  1
       68   0.005910432  1
       10   0.005701166  1
       29   0.005701166  1
       49   0.005701166  1
       60   0.005701166  1
       71   0.005701166  1
       96   0.005701166  1
       27   0.005644840  1
       64   0.005644840  1
       72   0.005629738  1
       18   0.005499162  1
       16   0.005346274  1
       14   0.005068593  1
       33   0.005041171  1
       65   0.004887072  1
       81   0.004862905  1
       25   0.004859113  1
       78   0.004859113  1
       59   0.004813507  1

Credible sets summary:

 cs cs_log10bf cs_avg_r2 cs_min_r2
  1   4.845444 0.9498589 0.7943925
                                                                                                                                                                                                                                                 variable
 1,2,3,4,5,6,7,8,9,10,12,13,14,15,16,17,18,19,21,22,23,24,25,26,27,28,29,30,31,32,33,34,39,41,42,43,44,45,46,47,48,49,50,51,52,53,54,55,56,57,58,59,60,61,62,63,64,65,66,67,68,69,71,72,73,75,77,78,79,80,81,83,84,85,86,87,89,90,91,92,93,95,96,97,98,99
PP.H0.abf PP.H1.abf PP.H2.abf PP.H3.abf PP.H4.abf 
 3.85e-91  3.21e-04  2.69e-88  2.23e-01  7.76e-01 
[1] "PP abf for shared variant: 77.6%"
   nsnps       hit1      hit2    PP.H0.abf    PP.H1.abf    PP.H2.abf PP.H3.abf
1:   100 rs73709783 rs7832471 3.846904e-91 0.0003211468 2.694981e-88 0.2234296
   PP.H4.abf idx1 idx2
1: 0.7762492    1    1
[1] "ENSG00000136999.4"
[1] "CCN3"
[1] "Nerve_Tibial"
[1] "running liftOver"
[1] "Grabbing the all pairs data"
[1] "reading the all pairs data into R"
[1] 3389   14
[1] "Filtering on the geneID"
[1] "adding rs numbers to the QTL data"
[1] "merging the trait and eqtl data on unique ID"
[1] "Running coloc"
PP.H0.abf PP.H1.abf PP.H2.abf PP.H3.abf PP.H4.abf 
 7.35e-94  1.75e-07  2.64e-87  6.30e-01  3.70e-01 
[1] "PP abf for shared variant: 37%"

Variables in credible sets:

 variable variable_prob cs
       82   0.051970655  1
       65   0.047843284  1
       71   0.044044418  1
       96   0.044044418  1
       29   0.040547853  1
       60   0.040547853  1
       50   0.037329482  1
       98   0.034367121  1
       74   0.031640363  1
       28   0.030450603  1
       16   0.029130427  1
       18   0.029130427  1
       76   0.029130427  1
       17   0.026820036  1
       49   0.026820036  1
        4   0.020933385  1
       39   0.020933385  1
       46   0.020933385  1
       57   0.020933385  1
       64   0.020933385  1
       66   0.020933385  1
       84   0.020933385  1
       59   0.019274378  1
       62   0.019274378  1
       27   0.018587542  1
       81   0.018587542  1
       12   0.016341183  1
       47   0.016341183  1
       85   0.016341183  1
       79   0.015046853  1
       80   0.015046853  1
       87   0.015046853  1
      100   0.014026160  1
        5   0.012758259  1
        6   0.012758259  1
       48   0.012758259  1
       53   0.012758259  1
       13   0.011748297  1
       37   0.007531158  1
       93   0.007165148  1

Credible sets summary:

 cs cs_log10bf cs_avg_r2 cs_min_r2
  1   88.92159 0.9950831 0.9799931
                                                                                                              variable
 4,5,6,12,13,16,17,18,27,28,29,37,39,46,47,48,49,50,53,57,59,60,62,64,65,66,71,74,76,79,80,81,82,84,85,87,93,96,98,100

Variables in credible sets:

 variable variable_prob cs
       14   0.162891717  1
       20   0.153675237  1
       35   0.153675237  1
       36   0.153675237  1
       25   0.101708246  1
       78   0.101708246  1
       42   0.041104175  1
       55   0.041104175  1
       67   0.028348063  1
        1   0.003983027  1
       19   0.003983027  1
       30   0.003983027  1
       31   0.003983027  1

Credible sets summary:

 cs cs_log10bf cs_avg_r2 cs_min_r2                              variable
  1   11.32035 0.9595887 0.9176797 1,14,19,20,25,30,31,35,36,42,55,67,78
PP.H0.abf PP.H1.abf PP.H2.abf PP.H3.abf PP.H4.abf 
 5.39e-97  4.50e-10  1.13e-87  9.40e-01  5.96e-02 
[1] "PP abf for shared variant: 5.96%"
   nsnps       hit1       hit2    PP.H0.abf    PP.H1.abf    PP.H2.abf PP.H3.abf
1:   100 rs73709783 rs11778491 5.388016e-97 4.498018e-10 1.126615e-87 0.9404003
    PP.H4.abf idx1 idx2
1: 0.05959967    1    1
[1] "ENSG00000253972.5"
[1] "MAL2-AS1"
[1] "Nerve_Tibial"
[1] "running liftOver"
[1] "Grabbing the all pairs data"
[1] "reading the all pairs data into R"
[1] 3389   14
[1] "Filtering on the geneID"
[1] "Warning: There was not an exact match on Ensembl ID. Likely this is due to a GTEX version  update."
[1] "The Ensembl ID from your GTEx csv was not able to be reliably mapped to an Enseml ID in the GTEx database, so this gene will be skipped:"
[1] "ENSG00000253972.5"
[1] "ENSG00000136999.4"
[1] "CCN3"
[1] "Skin_Not_Sun_Exposed_Suprapubic"
[1] "running liftOver"
[1] "Grabbing the all pairs data"
[1] "reading the all pairs data into R"
[1] 3684   14
[1] "Filtering on the geneID"
[1] "adding rs numbers to the QTL data"
[1] "merging the trait and eqtl data on unique ID"
[1] "Running coloc"
PP.H0.abf PP.H1.abf PP.H2.abf PP.H3.abf PP.H4.abf 
 4.92e-89  1.15e-02  6.42e-88  1.49e-01  8.40e-01 
[1] "PP abf for shared variant: 84%"

Variables in credible sets:

 variable variable_prob cs
       82   0.051970655  1
       65   0.047843284  1
       71   0.044044418  1
       96   0.044044418  1
       29   0.040547853  1
       60   0.040547853  1
       50   0.037329482  1
       98   0.034367121  1
       74   0.031640363  1
       28   0.030450603  1
       16   0.029130427  1
       18   0.029130427  1
       76   0.029130427  1
       17   0.026820036  1
       49   0.026820036  1
        4   0.020933385  1
       39   0.020933385  1
       46   0.020933385  1
       57   0.020933385  1
       64   0.020933385  1
       66   0.020933385  1
       84   0.020933385  1
       59   0.019274378  1
       62   0.019274378  1
       27   0.018587542  1
       81   0.018587542  1
       12   0.016341183  1
       47   0.016341183  1
       85   0.016341183  1
       79   0.015046853  1
       80   0.015046853  1
       87   0.015046853  1
      100   0.014026160  1
        5   0.012758259  1
        6   0.012758259  1
       48   0.012758259  1
       53   0.012758259  1
       13   0.011748297  1
       37   0.007531158  1
       93   0.007165148  1

Credible sets summary:

 cs cs_log10bf cs_avg_r2 cs_min_r2
  1   88.92159 0.9950831 0.9799931
                                                                                                              variable
 4,5,6,12,13,16,17,18,27,28,29,37,39,46,47,48,49,50,53,57,59,60,62,64,65,66,71,74,76,79,80,81,82,84,85,87,93,96,98,100

Variables in credible sets:

 variable variable_prob cs
       25   0.055889220  1
       36   0.043714692  1
       78   0.041293428  1
       83   0.040509296  1
       97   0.040509296  1
       20   0.027846683  1
       35   0.027846683  1
       41   0.026542109  1
        1   0.025551509  1
       19   0.025551509  1
       30   0.025551509  1
       31   0.025551509  1
       32   0.025551509  1
       58   0.025551509  1
       63   0.025551509  1
       69   0.025551509  1
       14   0.024945210  1
       67   0.023878889  1
       42   0.016529517  1
       55   0.016529517  1
       40   0.013835647  1
       91   0.011823452  1
       70   0.009939097  1
       45   0.007581470  1
       74   0.007478263  1
       48   0.007045205  1
       11   0.006877358  1
       26   0.006877358  1
       82   0.006630186  1
       96   0.006388943  1
        5   0.006280590  1
       21   0.006181660  1
       56   0.006181660  1
       98   0.005919968  1
       59   0.005819704  1
       22   0.005630451  1
       95   0.005536468  1
       52   0.005522999  1
       16   0.005491761  1
       54   0.005286875  1
       10   0.005238492  1
       29   0.005238492  1
       49   0.005238492  1
       60   0.005238492  1
       71   0.005238492  1
       61   0.005146885  1
        3   0.004944995  1
        4   0.004944995  1
        7   0.004944995  1
        9   0.004944995  1
       12   0.004944995  1
       17   0.004944995  1
       23   0.004944995  1
       34   0.004944995  1
       39   0.004944995  1
       43   0.004944995  1
       44   0.004944995  1
       46   0.004944995  1
       47   0.004944995  1
       50   0.004944995  1
       51   0.004944995  1
       53   0.004944995  1
       57   0.004944995  1
       62   0.004944995  1
       66   0.004944995  1
       73   0.004944995  1
       75   0.004944995  1
       80   0.004944995  1
       84   0.004944995  1
       86   0.004944995  1
       87   0.004944995  1
       89   0.004944995  1
       90   0.004944995  1
       92   0.004944995  1
       93   0.004944995  1
       99   0.004944995  1
        8   0.004899875  1
       68   0.004828718  1
        2   0.004662512  1
       27   0.004547825  1
       81   0.004547825  1
       77   0.004529303  1
       65   0.004519922  1
       28   0.004482715  1
       15   0.004422638  1

Credible sets summary:

 cs cs_log10bf cs_avg_r2 cs_min_r2
  1   3.643742 0.9363103 0.6387382
                                                                                                                                                                                                                                               variable
 1,2,3,4,5,7,8,9,10,11,12,14,15,16,17,19,20,21,22,23,25,26,27,28,29,30,31,32,34,35,36,39,40,41,42,43,44,45,46,47,48,49,50,51,52,53,54,55,56,57,58,59,60,61,62,63,65,66,67,68,69,70,71,73,74,75,77,78,80,81,82,83,84,86,87,89,90,91,92,93,95,96,97,98,99
PP.H0.abf PP.H1.abf PP.H2.abf PP.H3.abf PP.H4.abf 
 7.74e-90  6.46e-03  3.41e-88  2.83e-01  7.10e-01 
[1] "PP abf for shared variant: 71%"
   nsnps       hit1       hit2    PP.H0.abf   PP.H1.abf    PP.H2.abf PP.H3.abf
1:   100 rs73709783 rs11784242 7.744122e-90 0.006464939 3.409687e-88 0.2832265
   PP.H4.abf idx1 idx2
1: 0.7103085    1    1
[1] "ENSG00000136982.5"
[1] "DSCC1"
[1] "Lung"
[1] "running liftOver"
[1] "Grabbing the all pairs data"
[1] "reading the all pairs data into R"
[1] 3684   14
[1] "Filtering on the geneID"
[1] "adding rs numbers to the QTL data"
[1] "merging the trait and eqtl data on unique ID"
[1] "Running coloc"
PP.H0.abf PP.H1.abf PP.H2.abf PP.H3.abf PP.H4.abf 
 6.98e-88  1.64e-01  3.71e-88  8.65e-02  7.49e-01 
[1] "PP abf for shared variant: 74.9%"

Variables in credible sets:

 variable variable_prob cs
       82   0.051970655  1
       65   0.047843284  1
       71   0.044044418  1
       96   0.044044418  1
       29   0.040547853  1
       60   0.040547853  1
       50   0.037329482  1
       98   0.034367121  1
       74   0.031640363  1
       28   0.030450603  1
       16   0.029130427  1
       18   0.029130427  1
       76   0.029130427  1
       17   0.026820036  1
       49   0.026820036  1
        4   0.020933385  1
       39   0.020933385  1
       46   0.020933385  1
       57   0.020933385  1
       64   0.020933385  1
       66   0.020933385  1
       84   0.020933385  1
       59   0.019274378  1
       62   0.019274378  1
       27   0.018587542  1
       81   0.018587542  1
       12   0.016341183  1
       47   0.016341183  1
       85   0.016341183  1
       79   0.015046853  1
       80   0.015046853  1
       87   0.015046853  1
      100   0.014026160  1
        5   0.012758259  1
        6   0.012758259  1
       48   0.012758259  1
       53   0.012758259  1
       13   0.011748297  1
       37   0.007531158  1
       93   0.007165148  1

Credible sets summary:

 cs cs_log10bf cs_avg_r2 cs_min_r2
  1   88.92159 0.9950831 0.9799931
                                                                                                              variable
 4,5,6,12,13,16,17,18,27,28,29,37,39,46,47,48,49,50,53,57,59,60,62,64,65,66,71,74,76,79,80,81,82,84,85,87,93,96,98,100

Variables in credible sets:

 variable variable_prob cs
       14   0.030831350  1
       25   0.027604305  1
       78   0.027604305  1
       20   0.026197331  1
       35   0.026197331  1
       36   0.026197331  1
       94   0.017730929  1
       42   0.017302390  1
       55   0.017302390  1
       67   0.013903088  1
       33   0.013485474  1
       54   0.012576341  1
       22   0.012412863  1
        2   0.011396733  1
        3   0.011396733  1
        4   0.011396733  1
        7   0.011396733  1
        9   0.011396733  1
       12   0.011396733  1
       13   0.011396733  1
       17   0.011396733  1
       23   0.011396733  1
       26   0.011396733  1
       34   0.011396733  1
       39   0.011396733  1
       43   0.011396733  1
       44   0.011396733  1
       46   0.011396733  1
       47   0.011396733  1
       50   0.011396733  1
       51   0.011396733  1
       52   0.011396733  1
       53   0.011396733  1
       57   0.011396733  1
       62   0.011396733  1
       66   0.011396733  1
       73   0.011396733  1
       75   0.011396733  1
       80   0.011396733  1
       84   0.011396733  1
       86   0.011396733  1
       87   0.011396733  1
       89   0.011396733  1
       90   0.011396733  1
       92   0.011396733  1
       93   0.011396733  1
       99   0.011396733  1
       48   0.011213804  1
       98   0.011164337  1
        8   0.011090941  1
       85   0.010857499  1
       45   0.010855984  1
       24   0.010855562  1
        5   0.010719897  1
       79   0.010670564  1
        6   0.010051225  1
       83   0.009700639  1
       77   0.009073228  1
       11   0.008940677  1
       96   0.008198981  1
       28   0.008174332  1
       10   0.007843734  1
       27   0.007843734  1
       29   0.007843734  1
       49   0.007843734  1
       60   0.007843734  1
       64   0.007843734  1
       71   0.007843734  1
       41   0.007512465  1
       61   0.007386030  1
       81   0.007329347  1
        1   0.007110638  1
       19   0.007110638  1
       30   0.007110638  1
       31   0.007110638  1
       32   0.007110638  1
       63   0.007110638  1
       69   0.007110638  1
       97   0.006608240  1
       58   0.005397307  1
       15   0.004853422  1
       91   0.004733823  1
       82   0.004593315  1

Credible sets summary:

 cs cs_log10bf cs_avg_r2 cs_min_r2
  1   1.906191 0.9437969 0.8174294
                                                                                                                                                                                                                                        variable
 1,2,3,4,5,6,7,8,9,10,11,12,13,14,15,17,19,20,22,23,24,25,26,27,28,29,30,31,32,33,34,35,36,39,41,42,43,44,45,46,47,48,49,50,51,52,53,54,55,57,58,60,61,62,63,64,66,67,69,71,73,75,77,78,79,80,81,82,83,84,85,86,87,89,90,91,92,93,94,96,97,98,99
PP.H0.abf PP.H1.abf PP.H2.abf PP.H3.abf PP.H4.abf 
 2.36e-88  1.97e-01  1.90e-88  1.57e-01  6.46e-01 
[1] "PP abf for shared variant: 64.6%"
   nsnps       hit1       hit2    PP.H0.abf PP.H1.abf    PP.H2.abf PP.H3.abf
1:   100 rs73709783 rs11778491 2.356274e-88 0.1967062 1.898527e-88 0.1572004
   PP.H4.abf idx1 idx2
1: 0.6460934    1    1
[1] "ENSG00000136999.4"
[1] "CCN3"
[1] "Lung"
[1] "running liftOver"
[1] "Grabbing the all pairs data"
[1] "reading the all pairs data into R"
[1] 3684   14
[1] "Filtering on the geneID"
[1] "adding rs numbers to the QTL data"
[1] "merging the trait and eqtl data on unique ID"
[1] "Running coloc"
PP.H0.abf PP.H1.abf PP.H2.abf PP.H3.abf PP.H4.abf 
 1.32e-99  3.11e-13  3.44e-88  8.01e-02  9.20e-01 
[1] "PP abf for shared variant: 92%"

Variables in credible sets:

 variable variable_prob cs
       82   0.051970655  1
       65   0.047843284  1
       71   0.044044418  1
       96   0.044044418  1
       29   0.040547853  1
       60   0.040547853  1
       50   0.037329482  1
       98   0.034367121  1
       74   0.031640363  1
       28   0.030450603  1
       16   0.029130427  1
       18   0.029130427  1
       76   0.029130427  1
       17   0.026820036  1
       49   0.026820036  1
        4   0.020933385  1
       39   0.020933385  1
       46   0.020933385  1
       57   0.020933385  1
       64   0.020933385  1
       66   0.020933385  1
       84   0.020933385  1
       59   0.019274378  1
       62   0.019274378  1
       27   0.018587542  1
       81   0.018587542  1
       12   0.016341183  1
       47   0.016341183  1
       85   0.016341183  1
       79   0.015046853  1
       80   0.015046853  1
       87   0.015046853  1
      100   0.014026160  1
        5   0.012758259  1
        6   0.012758259  1
       48   0.012758259  1
       53   0.012758259  1
       13   0.011748297  1
       37   0.007531158  1
       93   0.007165148  1

Credible sets summary:

 cs cs_log10bf cs_avg_r2 cs_min_r2
  1   88.92159 0.9950831 0.9799931
                                                                                                              variable
 4,5,6,12,13,16,17,18,27,28,29,37,39,46,47,48,49,50,53,57,59,60,62,64,65,66,71,74,76,79,80,81,82,84,85,87,93,96,98,100

Variables in credible sets:

 variable variable_prob cs
       54   0.045295961  1
       94   0.032913901  1
        5   0.032734816  1
       22   0.023415369  1
       85   0.021089976  1
        2   0.019973991  1
        3   0.019973991  1
        4   0.019973991  1
        7   0.019973991  1
        9   0.019973991  1
       12   0.019973991  1
       13   0.019973991  1
       17   0.019973991  1
       23   0.019973991  1
       26   0.019973991  1
       34   0.019973991  1
       39   0.019973991  1
       43   0.019973991  1
       44   0.019973991  1
       46   0.019973991  1
       47   0.019973991  1
       50   0.019973991  1
       51   0.019973991  1
       52   0.019973991  1
       53   0.019973991  1
       57   0.019973991  1
       62   0.019973991  1
       66   0.019973991  1
       73   0.019973991  1
       75   0.019973991  1
       80   0.019973991  1
       84   0.019973991  1
       86   0.019973991  1
       87   0.019973991  1
       89   0.019973991  1
       90   0.019973991  1
       92   0.019973991  1
       93   0.019973991  1
       99   0.019973991  1
       11   0.019305365  1
       48   0.018205794  1
       98   0.016992697  1
        8   0.016653213  1
       79   0.015905452  1
       33   0.010533358  1
        6   0.009695620  1
       45   0.008408165  1

Credible sets summary:

 cs cs_log10bf cs_avg_r2 cs_min_r2
  1   18.83638 0.9991457 0.9866429
                                                                                                                             variable
 2,3,4,5,6,7,8,9,11,12,13,17,22,23,26,33,34,39,43,44,45,46,47,48,50,51,52,53,54,57,62,66,73,75,79,80,84,85,86,87,89,90,92,93,94,98,99
PP.H0.abf PP.H1.abf PP.H2.abf PP.H3.abf PP.H4.abf 
3.04e-105  2.54e-18  2.09e-88  1.72e-01  8.28e-01 
[1] "PP abf for shared variant: 82.8%"
   nsnps       hit1       hit2    PP.H0.abf    PP.H1.abf    PP.H2.abf PP.H3.abf
1:   100 rs73709783 rs17792171 3.03925e-105 2.537223e-18 2.085188e-88 0.1724203
   PP.H4.abf idx1 idx2
1: 0.8275797    1    1
[1] "ENSG00000136999.4"
[1] "CCN3"
[1] "Esophagus_Mucosa"
[1] "running liftOver"
[1] "Grabbing the all pairs data"
[1] "reading the all pairs data into R"
[1] 3389   14
[1] "Filtering on the geneID"
[1] "adding rs numbers to the QTL data"
[1] "merging the trait and eqtl data on unique ID"
[1] "Running coloc"
PP.H0.abf PP.H1.abf PP.H2.abf PP.H3.abf PP.H4.abf 
 1.55e-88  3.64e-02  2.72e-88  6.31e-02  9.01e-01 
[1] "PP abf for shared variant: 90.1%"

Variables in credible sets:

 variable variable_prob cs
       82   0.051970655  1
       65   0.047843284  1
       71   0.044044418  1
       96   0.044044418  1
       29   0.040547853  1
       60   0.040547853  1
       50   0.037329482  1
       98   0.034367121  1
       74   0.031640363  1
       28   0.030450603  1
       16   0.029130427  1
       18   0.029130427  1
       76   0.029130427  1
       17   0.026820036  1
       49   0.026820036  1
        4   0.020933385  1
       39   0.020933385  1
       46   0.020933385  1
       57   0.020933385  1
       64   0.020933385  1
       66   0.020933385  1
       84   0.020933385  1
       59   0.019274378  1
       62   0.019274378  1
       27   0.018587542  1
       81   0.018587542  1
       12   0.016341183  1
       47   0.016341183  1
       85   0.016341183  1
       79   0.015046853  1
       80   0.015046853  1
       87   0.015046853  1
      100   0.014026160  1
        5   0.012758259  1
        6   0.012758259  1
       48   0.012758259  1
       53   0.012758259  1
       13   0.011748297  1
       37   0.007531158  1
       93   0.007165148  1

Credible sets summary:

 cs cs_log10bf cs_avg_r2 cs_min_r2
  1   88.92159 0.9950831 0.9799931
                                                                                                              variable
 4,5,6,12,13,16,17,18,27,28,29,37,39,46,47,48,49,50,53,57,59,60,62,64,65,66,71,74,76,79,80,81,82,84,85,87,93,96,98,100

Variables in credible sets:

 variable variable_prob cs
       38   0.061783192  1
       18   0.039914407  1
       16   0.035820734  1
       81   0.034356303  1
       15   0.034225151  1
       77   0.030765968  1
       21   0.029750101  1
       56   0.029750101  1
       72   0.028858062  1
       64   0.026295115  1
       27   0.025933981  1
       59   0.025757241  1
       28   0.022892986  1
       96   0.019220216  1
       74   0.019204488  1
       82   0.019074420  1
       10   0.016932574  1
       29   0.016932574  1
       49   0.016932574  1
       60   0.016932574  1
       71   0.016932574  1
       76   0.015498110  1
       65   0.015117522  1
       43   0.012445915  1
       44   0.012445915  1
       50   0.012445915  1
       51   0.012445915  1
       66   0.012445915  1
       75   0.012445915  1
       70   0.008576452  1
       61   0.007359042  1
       98   0.007261592  1
       79   0.007092609  1
       85   0.007063251  1
        8   0.006823643  1
       54   0.006810030  1
       13   0.006543691  1
        2   0.006522490  1
        3   0.006522490  1
        4   0.006522490  1
        7   0.006522490  1
        9   0.006522490  1
       12   0.006522490  1
       17   0.006522490  1
       23   0.006522490  1
       33   0.006522490  1
       34   0.006522490  1
       39   0.006522490  1
       46   0.006522490  1
       47   0.006522490  1
       52   0.006522490  1
       53   0.006522490  1
       57   0.006522490  1
       62   0.006522490  1
       73   0.006522490  1
       80   0.006522490  1
       84   0.006522490  1
       86   0.006522490  1
       87   0.006522490  1
       89   0.006522490  1
       90   0.006522490  1
       92   0.006522490  1
       93   0.006522490  1
       99   0.006522490  1
       45   0.006339196  1
        6   0.006174946  1
       11   0.005584283  1
       24   0.005530663  1
       68   0.005516982  1
       48   0.005478402  1
       26   0.005453613  1
        5   0.005387803  1

Credible sets summary:

 cs cs_log10bf cs_avg_r2 cs_min_r2
  1   2.611753 0.9940065 0.9536128
                                                                                                                                                                                                        variable
 2,3,4,5,6,7,8,9,10,11,12,13,15,16,17,18,21,23,24,26,27,28,29,33,34,38,39,43,44,45,46,47,48,49,50,51,52,53,54,56,57,59,60,61,62,64,65,66,68,70,71,72,73,74,75,76,77,79,80,81,82,84,85,86,87,89,90,92,93,96,98,99
PP.H0.abf PP.H1.abf PP.H2.abf PP.H3.abf PP.H4.abf 
 3.32e-89  2.77e-02  1.36e-88  1.12e-01  8.61e-01 
[1] "PP abf for shared variant: 86.1%"
   nsnps       hit1        hit2    PP.H0.abf  PP.H1.abf   PP.H2.abf PP.H3.abf
1:   100 rs73709783 rs150712233 3.316842e-89 0.02768963 1.35668e-88 0.1115366
   PP.H4.abf idx1 idx2
1: 0.8607737    1    1
[1] "ENSG00000136999.4"
[1] "CCN3"
[1] "Adipose_Visceral_Omentum"
[1] "running liftOver"
[1] "Grabbing the all pairs data"
[1] "reading the all pairs data into R"
[1] 3389   14
[1] "Filtering on the geneID"
[1] "adding rs numbers to the QTL data"
[1] "merging the trait and eqtl data on unique ID"
[1] "Running coloc"
PP.H0.abf PP.H1.abf PP.H2.abf PP.H3.abf PP.H4.abf 
 1.34e-88  3.20e-02  3.46e-88  8.14e-02  8.87e-01 
[1] "PP abf for shared variant: 88.7%"

Variables in credible sets:

 variable variable_prob cs
       82   0.051970655  1
       65   0.047843284  1
       71   0.044044418  1
       96   0.044044418  1
       29   0.040547853  1
       60   0.040547853  1
       50   0.037329482  1
       98   0.034367121  1
       74   0.031640363  1
       28   0.030450603  1
       16   0.029130427  1
       18   0.029130427  1
       76   0.029130427  1
       17   0.026820036  1
       49   0.026820036  1
        4   0.020933385  1
       39   0.020933385  1
       46   0.020933385  1
       57   0.020933385  1
       64   0.020933385  1
       66   0.020933385  1
       84   0.020933385  1
       59   0.019274378  1
       62   0.019274378  1
       27   0.018587542  1
       81   0.018587542  1
       12   0.016341183  1
       47   0.016341183  1
       85   0.016341183  1
       79   0.015046853  1
       80   0.015046853  1
       87   0.015046853  1
      100   0.014026160  1
        5   0.012758259  1
        6   0.012758259  1
       48   0.012758259  1
       53   0.012758259  1
       13   0.011748297  1
       37   0.007531158  1
       93   0.007165148  1

Credible sets summary:

 cs cs_log10bf cs_avg_r2 cs_min_r2
  1   88.92159 0.9950831 0.9799931
                                                                                                              variable
 4,5,6,12,13,16,17,18,27,28,29,37,39,46,47,48,49,50,53,57,59,60,62,64,65,66,71,74,76,79,80,81,82,84,85,87,93,96,98,100

Variables in credible sets:

 variable variable_prob cs
       40   0.089255651  1
       88   0.051460604  1
       61   0.043539944  1
      100   0.039891130  1
       37   0.031237359  1
       85   0.018730947  1
        5   0.015908053  1
       94   0.015171279  1
       52   0.014852917  1
       98   0.014754585  1
        8   0.013932200  1
        2   0.013742986  1
        3   0.013742986  1
        4   0.013742986  1
        7   0.013742986  1
        9   0.013742986  1
       11   0.013742986  1
       12   0.013742986  1
       17   0.013742986  1
       23   0.013742986  1
       26   0.013742986  1
       34   0.013742986  1
       39   0.013742986  1
       43   0.013742986  1
       44   0.013742986  1
       45   0.013742986  1
       46   0.013742986  1
       47   0.013742986  1
       50   0.013742986  1
       51   0.013742986  1
       53   0.013742986  1
       57   0.013742986  1
       62   0.013742986  1
       66   0.013742986  1
       73   0.013742986  1
       75   0.013742986  1
       80   0.013742986  1
       84   0.013742986  1
       86   0.013742986  1
       87   0.013742986  1
       89   0.013742986  1
       90   0.013742986  1
       92   0.013742986  1
       93   0.013742986  1
       99   0.013742986  1
       33   0.012716114  1
       79   0.012604236  1
       54   0.012287290  1
       13   0.011017063  1
       24   0.010391495  1
       48   0.009180249  1
       77   0.007144894  1
       81   0.007033969  1
        6   0.006824985  1
       70   0.006398262  1
       27   0.005121882  1
       64   0.005121882  1
       15   0.004905441  1
       22   0.004839377  1
       10   0.004404758  1
       29   0.004404758  1
       49   0.004404758  1
       60   0.004404758  1
       71   0.004404758  1

Credible sets summary:

 cs cs_log10bf cs_avg_r2 cs_min_r2
  1   2.900977 0.9898807 0.7717868
                                                                                                                                                                                 variable
 2,3,4,5,6,7,8,9,10,11,12,13,15,17,22,23,24,26,27,29,33,34,37,39,40,43,44,45,46,47,48,49,50,51,52,53,54,57,60,61,62,64,66,70,71,73,75,77,79,80,81,84,85,86,87,88,89,90,92,93,94,98,99,100
PP.H0.abf PP.H1.abf PP.H2.abf PP.H3.abf PP.H4.abf 
 2.71e-89  2.26e-02  2.15e-88  1.78e-01  7.99e-01 
[1] "PP abf for shared variant: 79.9%"
   nsnps       hit1      hit2    PP.H0.abf  PP.H1.abf    PP.H2.abf PP.H3.abf
1:   100 rs73709783 rs1599473 2.705917e-89 0.02258951 2.154225e-88 0.1782404
   PP.H4.abf idx1 idx2
1: 0.7991701    1    1
[1] "ENSG00000136999.4"
[1] "CCN3"
[1] "Esophagus_Muscularis"
[1] "running liftOver"
[1] "Grabbing the all pairs data"
[1] "reading the all pairs data into R"
[1] 3389   14
[1] "Filtering on the geneID"
[1] "adding rs numbers to the QTL data"
[1] "merging the trait and eqtl data on unique ID"
[1] "Running coloc"
PP.H0.abf PP.H1.abf PP.H2.abf PP.H3.abf PP.H4.abf 
 1.76e-95  4.14e-09  2.79e-88  6.48e-02  9.35e-01 
[1] "PP abf for shared variant: 93.5%"

Variables in credible sets:

 variable variable_prob cs
       82   0.051970655  1
       65   0.047843284  1
       71   0.044044418  1
       96   0.044044418  1
       29   0.040547853  1
       60   0.040547853  1
       50   0.037329482  1
       98   0.034367121  1
       74   0.031640363  1
       28   0.030450603  1
       16   0.029130427  1
       18   0.029130427  1
       76   0.029130427  1
       17   0.026820036  1
       49   0.026820036  1
        4   0.020933385  1
       39   0.020933385  1
       46   0.020933385  1
       57   0.020933385  1
       64   0.020933385  1
       66   0.020933385  1
       84   0.020933385  1
       59   0.019274378  1
       62   0.019274378  1
       27   0.018587542  1
       81   0.018587542  1
       12   0.016341183  1
       47   0.016341183  1
       85   0.016341183  1
       79   0.015046853  1
       80   0.015046853  1
       87   0.015046853  1
      100   0.014026160  1
        5   0.012758259  1
        6   0.012758259  1
       48   0.012758259  1
       53   0.012758259  1
       13   0.011748297  1
       37   0.007531158  1
       93   0.007165148  1

Credible sets summary:

 cs cs_log10bf cs_avg_r2 cs_min_r2
  1   88.92159 0.9950831 0.9799931
                                                                                                              variable
 4,5,6,12,13,16,17,18,27,28,29,37,39,46,47,48,49,50,53,57,59,60,62,64,65,66,71,74,76,79,80,81,82,84,85,87,93,96,98,100

Variables in credible sets:

 variable variable_prob cs
       77   0.070489270  1
       96   0.054526361  1
       10   0.052309236  1
       27   0.052309236  1
       29   0.052309236  1
       49   0.052309236  1
       60   0.052309236  1
       64   0.052309236  1
       71   0.052309236  1
       81   0.052309236  1
       28   0.041045401  1
       43   0.015435130  1
       44   0.015435130  1
       50   0.015435130  1
       51   0.015435130  1
       66   0.015435130  1
       75   0.015435130  1
       15   0.013000469  1
       21   0.008578096  1
       56   0.008578096  1
       98   0.008164799  1
        8   0.008124124  1
       48   0.006770507  1
        2   0.006570938  1
        3   0.006570938  1
        4   0.006570938  1
        7   0.006570938  1
        9   0.006570938  1
       12   0.006570938  1
       17   0.006570938  1
       23   0.006570938  1
       33   0.006570938  1
       34   0.006570938  1
       39   0.006570938  1
       46   0.006570938  1
       47   0.006570938  1
       53   0.006570938  1
       57   0.006570938  1
       62   0.006570938  1
       73   0.006570938  1
       80   0.006570938  1
       86   0.006570938  1
       87   0.006570938  1
       89   0.006570938  1
       90   0.006570938  1
       92   0.006570938  1
       93   0.006570938  1
       99   0.006570938  1
        5   0.006315985  1
       22   0.006166858  1
       36   0.006019590  1
       25   0.005569781  1
       14   0.005299502  1
       20   0.005299502  1
       35   0.005299502  1
       84   0.004753686  1
       13   0.004580728  1
       94   0.004574286  1
       61   0.004431065  1

Credible sets summary:

 cs cs_log10bf cs_avg_r2 cs_min_r2
  1    12.6972  0.966286 0.7943925
                                                                                                                                                                  variable
 2,3,4,5,7,8,9,10,12,13,14,15,17,20,21,22,23,25,27,28,29,33,34,35,36,39,43,44,46,47,48,49,50,51,53,56,57,60,61,62,64,66,71,73,75,77,80,81,84,86,87,89,90,92,93,94,96,98,99
PP.H0.abf PP.H1.abf PP.H2.abf PP.H3.abf PP.H4.abf 
 2.33e-99  1.95e-12  1.16e-88  9.52e-02  9.05e-01 
[1] "PP abf for shared variant: 90.5%"
   nsnps       hit1      hit2    PP.H0.abf    PP.H1.abf    PP.H2.abf  PP.H3.abf
1:   100 rs73709783 rs6996275 2.334394e-99 1.948797e-12 1.162444e-88 0.09523346
   PP.H4.abf idx1 idx2
1: 0.9047665    1    1
[1] "ENSG00000136960.12"
[1] "ENPP2"
[1] "Artery_Aorta"
[1] "running liftOver"
[1] "Grabbing the all pairs data"
[1] "reading the all pairs data into R"
[1] 4274   14
[1] "Filtering on the geneID"
[1] "adding rs numbers to the QTL data"
[1] "merging the trait and eqtl data on unique ID"
[1] "Running coloc"
PP.H0.abf PP.H1.abf PP.H2.abf PP.H3.abf PP.H4.abf 
 2.75e-87  6.63e-01  1.20e-88  2.86e-02  3.09e-01 
[1] "PP abf for shared variant: 30.9%"

Variables in credible sets:

 variable variable_prob cs
       82   0.051970655  1
       65   0.047843284  1
       71   0.044044418  1
       96   0.044044418  1
       29   0.040547853  1
       60   0.040547853  1
       50   0.037329482  1
       98   0.034367121  1
       74   0.031640363  1
       28   0.030450603  1
       16   0.029130427  1
       18   0.029130427  1
       76   0.029130427  1
       17   0.026820036  1
       49   0.026820036  1
        4   0.020933385  1
       39   0.020933385  1
       46   0.020933385  1
       57   0.020933385  1
       64   0.020933385  1
       66   0.020933385  1
       84   0.020933385  1
       59   0.019274378  1
       62   0.019274378  1
       27   0.018587542  1
       81   0.018587542  1
       12   0.016341183  1
       47   0.016341183  1
       85   0.016341183  1
       79   0.015046853  1
       80   0.015046853  1
       87   0.015046853  1
      100   0.014026160  1
        5   0.012758259  1
        6   0.012758259  1
       48   0.012758259  1
       53   0.012758259  1
       13   0.011748297  1
       37   0.007531158  1
       93   0.007165148  1

Credible sets summary:

 cs cs_log10bf cs_avg_r2 cs_min_r2
  1   88.92159 0.9950831 0.9799931
                                                                                                              variable
 4,5,6,12,13,16,17,18,27,28,29,37,39,46,47,48,49,50,53,57,59,60,62,64,65,66,71,74,76,79,80,81,82,84,85,87,93,96,98,100

Variables in credible sets:

 variable variable_prob cs
      100   0.020303717  1
       88   0.015702434  1
       52   0.013187856  1
        8   0.013111563  1
       85   0.012525033  1
       83   0.012181697  1
       97   0.012181697  1
       70   0.012036983  1
        5   0.011810634  1
        2   0.011343875  1
        3   0.011343875  1
        4   0.011343875  1
        7   0.011343875  1
        9   0.011343875  1
       10   0.011343875  1
       11   0.011343875  1
       12   0.011343875  1
       13   0.011343875  1
       17   0.011343875  1
       23   0.011343875  1
       26   0.011343875  1
       27   0.011343875  1
       29   0.011343875  1
       33   0.011343875  1
       34   0.011343875  1
       39   0.011343875  1
       43   0.011343875  1
       44   0.011343875  1
       46   0.011343875  1
       47   0.011343875  1
       48   0.011343875  1
       49   0.011343875  1
       50   0.011343875  1
       51   0.011343875  1
       53   0.011343875  1
       57   0.011343875  1
       60   0.011343875  1
       62   0.011343875  1
       64   0.011343875  1
       66   0.011343875  1
       71   0.011343875  1
       73   0.011343875  1
       75   0.011343875  1
       77   0.011343875  1
       80   0.011343875  1
       84   0.011343875  1
       86   0.011343875  1
       87   0.011343875  1
       89   0.011343875  1
       90   0.011343875  1
       92   0.011343875  1
       93   0.011343875  1
       96   0.011343875  1
       98   0.011343875  1
       99   0.011343875  1
       79   0.010972982  1
       28   0.010964518  1
        6   0.010570318  1
       45   0.010561012  1
       94   0.010342827  1
       61   0.010269157  1
       54   0.010248973  1
       22   0.009979746  1
        1   0.009780274  1
       19   0.009780274  1
       30   0.009780274  1
       31   0.009780274  1
       32   0.009780274  1
       58   0.009780274  1
       63   0.009780274  1
       69   0.009780274  1
       41   0.009513012  1
       72   0.009488935  1
       81   0.009082826  1
       24   0.008913858  1
       74   0.008837061  1
       15   0.008799528  1
       59   0.008785849  1
       82   0.008785849  1
       65   0.008612739  1
       18   0.008256177  1
       37   0.008183347  1
       16   0.006795264  1
       38   0.006591446  1
       21   0.006374157  1
       56   0.006374157  1
       95   0.006340358  1
       76   0.006295266  1
       91   0.005876390  1
       68   0.005614747  1

Credible sets summary:

 cs cs_log10bf cs_avg_r2 cs_min_r2
  1  0.6862725 0.9677595 0.8576557
                                                                                                                                                                                                                                                              variable
 1,2,3,4,5,6,7,8,9,10,11,12,13,15,16,17,18,19,21,22,23,24,26,27,28,29,30,31,32,33,34,37,38,39,41,43,44,45,46,47,48,49,50,51,52,53,54,56,57,58,59,60,61,62,63,64,65,66,68,69,70,71,72,73,74,75,76,77,79,80,81,82,83,84,85,86,87,88,89,90,91,92,93,94,95,96,97,98,99,100
PP.H0.abf PP.H1.abf PP.H2.abf PP.H3.abf PP.H4.abf 
 9.17e-88  7.66e-01  4.45e-89  3.68e-02  1.97e-01 
[1] "PP abf for shared variant: 19.7%"
   nsnps       hit1       hit2    PP.H0.abf PP.H1.abf    PP.H2.abf  PP.H3.abf
1:   100 rs73709783 rs80309268 9.172662e-88 0.7657512 4.454182e-89 0.03678943
   PP.H4.abf idx1 idx2
1: 0.1974594    1    1
[1] "ENSG00000136999.4"
[1] "CCN3"
[1] "Artery_Aorta"
[1] "running liftOver"
[1] "Grabbing the all pairs data"
[1] "reading the all pairs data into R"
[1] 4274   14
[1] "Filtering on the geneID"
[1] "adding rs numbers to the QTL data"
[1] "merging the trait and eqtl data on unique ID"
[1] "Running coloc"
PP.H0.abf PP.H1.abf PP.H2.abf PP.H3.abf PP.H4.abf 
 1.17e-90  2.83e-04  3.13e-88  7.47e-02  9.25e-01 
[1] "PP abf for shared variant: 92.5%"

Variables in credible sets:

 variable variable_prob cs
       82   0.051970655  1
       65   0.047843284  1
       71   0.044044418  1
       96   0.044044418  1
       29   0.040547853  1
       60   0.040547853  1
       50   0.037329482  1
       98   0.034367121  1
       74   0.031640363  1
       28   0.030450603  1
       16   0.029130427  1
       18   0.029130427  1
       76   0.029130427  1
       17   0.026820036  1
       49   0.026820036  1
        4   0.020933385  1
       39   0.020933385  1
       46   0.020933385  1
       57   0.020933385  1
       64   0.020933385  1
       66   0.020933385  1
       84   0.020933385  1
       59   0.019274378  1
       62   0.019274378  1
       27   0.018587542  1
       81   0.018587542  1
       12   0.016341183  1
       47   0.016341183  1
       85   0.016341183  1
       79   0.015046853  1
       80   0.015046853  1
       87   0.015046853  1
      100   0.014026160  1
        5   0.012758259  1
        6   0.012758259  1
       48   0.012758259  1
       53   0.012758259  1
       13   0.011748297  1
       37   0.007531158  1
       93   0.007165148  1

Credible sets summary:

 cs cs_log10bf cs_avg_r2 cs_min_r2
  1   88.92159 0.9950831 0.9799931
                                                                                                              variable
 4,5,6,12,13,16,17,18,27,28,29,37,39,46,47,48,49,50,53,57,59,60,62,64,65,66,71,74,76,79,80,81,82,84,85,87,93,96,98,100

Variables in credible sets:

 variable variable_prob cs
       70   0.046899826  1
       65   0.028049622  1
       81   0.027521993  1
        5   0.026148783  1
       45   0.025598545  1
       22   0.022299191  1
       74   0.021730142  1
       59   0.021525826  1
       82   0.021525826  1
       88   0.020003467  1
       54   0.016034937  1
       85   0.015860628  1
       16   0.013650610  1
       18   0.013531643  1
        8   0.012941978  1
       61   0.012171651  1
        2   0.011461197  1
        3   0.011461197  1
        4   0.011461197  1
        7   0.011461197  1
        9   0.011461197  1
       10   0.011461197  1
       11   0.011461197  1
       12   0.011461197  1
       13   0.011461197  1
       17   0.011461197  1
       23   0.011461197  1
       26   0.011461197  1
       27   0.011461197  1
       29   0.011461197  1
       33   0.011461197  1
       34   0.011461197  1
       39   0.011461197  1
       43   0.011461197  1
       44   0.011461197  1
       46   0.011461197  1
       47   0.011461197  1
       48   0.011461197  1
       49   0.011461197  1
       50   0.011461197  1
       51   0.011461197  1
       53   0.011461197  1
       57   0.011461197  1
       60   0.011461197  1
       62   0.011461197  1
       64   0.011461197  1
       66   0.011461197  1
       71   0.011461197  1
       73   0.011461197  1
       75   0.011461197  1
       77   0.011461197  1
       80   0.011461197  1
       84   0.011461197  1
       86   0.011461197  1
       87   0.011461197  1
       89   0.011461197  1
       90   0.011461197  1
       92   0.011461197  1
       93   0.011461197  1
       96   0.011461197  1
       98   0.011461197  1
       99   0.011461197  1
       24   0.011429016  1
       52   0.010921636  1
       79   0.009985457  1
        6   0.009070365  1
      100   0.008227017  1
       76   0.006926848  1
       94   0.006871051  1
       28   0.005358169  1
       15   0.004855954  1
       14   0.004228631  1

Credible sets summary:

 cs cs_log10bf cs_avg_r2 cs_min_r2
  1   6.026909  0.991267 0.8174294
                                                                                                                                                                                                         variable
 2,3,4,5,6,7,8,9,10,11,12,13,14,15,16,17,18,22,23,24,26,27,28,29,33,34,39,43,44,45,46,47,48,49,50,51,52,53,54,57,59,60,61,62,64,65,66,70,71,73,74,75,76,77,79,80,81,82,84,85,86,87,88,89,90,92,93,94,96,98,99,100
PP.H0.abf PP.H1.abf PP.H2.abf PP.H3.abf PP.H4.abf 
 1.46e-92  1.22e-05  1.55e-88  1.28e-01  8.72e-01 
[1] "PP abf for shared variant: 87.2%"
   nsnps       hit1       hit2    PP.H0.abf    PP.H1.abf    PP.H2.abf PP.H3.abf
1:   100 rs73709783 rs58659618 1.459816e-92 1.218682e-05 1.553128e-88 0.1279139
   PP.H4.abf idx1 idx2
1: 0.8720739    1    1
[1] "ENSG00000253972.5"
[1] "MAL2-AS1"
[1] "Artery_Aorta"
[1] "running liftOver"
[1] "Grabbing the all pairs data"
[1] "reading the all pairs data into R"
[1] 4274   14
[1] "Filtering on the geneID"
[1] "adding rs numbers to the QTL data"
[1] "merging the trait and eqtl data on unique ID"
[1] "Running coloc"
PP.H0.abf PP.H1.abf PP.H2.abf PP.H3.abf PP.H4.abf 
 8.86e-90  2.14e-03  3.40e-88  8.12e-02  9.17e-01 
[1] "PP abf for shared variant: 91.7%"

Variables in credible sets:

 variable variable_prob cs
       82   0.051970655  1
       65   0.047843284  1
       71   0.044044418  1
       96   0.044044418  1
       29   0.040547853  1
       60   0.040547853  1
       50   0.037329482  1
       98   0.034367121  1
       74   0.031640363  1
       28   0.030450603  1
       16   0.029130427  1
       18   0.029130427  1
       76   0.029130427  1
       17   0.026820036  1
       49   0.026820036  1
        4   0.020933385  1
       39   0.020933385  1
       46   0.020933385  1
       57   0.020933385  1
       64   0.020933385  1
       66   0.020933385  1
       84   0.020933385  1
       59   0.019274378  1
       62   0.019274378  1
       27   0.018587542  1
       81   0.018587542  1
       12   0.016341183  1
       47   0.016341183  1
       85   0.016341183  1
       79   0.015046853  1
       80   0.015046853  1
       87   0.015046853  1
      100   0.014026160  1
        5   0.012758259  1
        6   0.012758259  1
       48   0.012758259  1
       53   0.012758259  1
       13   0.011748297  1
       37   0.007531158  1
       93   0.007165148  1

Credible sets summary:

 cs cs_log10bf cs_avg_r2 cs_min_r2
  1   88.92159 0.9950831 0.9799931
                                                                                                              variable
 4,5,6,12,13,16,17,18,27,28,29,37,39,46,47,48,49,50,53,57,59,60,62,64,65,66,71,74,76,79,80,81,82,84,85,87,93,96,98,100

Variables in credible sets:

 variable variable_prob cs
       52   0.016073645  1
       81   0.015834198  1
       54   0.015732795  1
       28   0.014671431  1
        2   0.014444652  1
        3   0.014444652  1
        4   0.014444652  1
        7   0.014444652  1
        9   0.014444652  1
       10   0.014444652  1
       11   0.014444652  1
       12   0.014444652  1
       13   0.014444652  1
       17   0.014444652  1
       23   0.014444652  1
       26   0.014444652  1
       27   0.014444652  1
       29   0.014444652  1
       33   0.014444652  1
       34   0.014444652  1
       39   0.014444652  1
       43   0.014444652  1
       44   0.014444652  1
       46   0.014444652  1
       47   0.014444652  1
       48   0.014444652  1
       49   0.014444652  1
       50   0.014444652  1
       51   0.014444652  1
       53   0.014444652  1
       57   0.014444652  1
       60   0.014444652  1
       62   0.014444652  1
       64   0.014444652  1
       66   0.014444652  1
       71   0.014444652  1
       73   0.014444652  1
       75   0.014444652  1
       77   0.014444652  1
       80   0.014444652  1
       84   0.014444652  1
       86   0.014444652  1
       87   0.014444652  1
       89   0.014444652  1
       90   0.014444652  1
       92   0.014444652  1
       93   0.014444652  1
       96   0.014444652  1
       98   0.014444652  1
       99   0.014444652  1
       79   0.013633168  1
        5   0.013344661  1
        6   0.013226034  1
       22   0.012884356  1
       45   0.012755015  1
       68   0.012652265  1
       61   0.011014368  1
       14   0.010345642  1
       20   0.010345642  1
       25   0.010345642  1
       35   0.010345642  1
       78   0.010345642  1
       21   0.010229979  1
       56   0.010229979  1
        8   0.010088211  1
       24   0.009744339  1
       94   0.008647412  1
       85   0.008520655  1
       74   0.008293922  1
       15   0.008169058  1
       36   0.007187559  1
       70   0.006182097  1

Credible sets summary:

 cs cs_log10bf cs_avg_r2 cs_min_r2
  1   4.742364  0.967301 0.7943925
                                                                                                                                                                                                        variable
 2,3,4,5,6,7,8,9,10,11,12,13,14,15,17,20,21,22,23,24,25,26,27,28,29,33,34,35,36,39,43,44,45,46,47,48,49,50,51,52,53,54,56,57,60,61,62,64,66,68,70,71,73,74,75,77,78,79,80,81,84,85,86,87,89,90,92,93,94,96,98,99
PP.H0.abf PP.H1.abf PP.H2.abf PP.H3.abf PP.H4.abf 
 3.23e-91  2.70e-04  1.79e-88  1.47e-01  8.52e-01 
[1] "PP abf for shared variant: 85.2%"
   nsnps       hit1       hit2    PP.H0.abf    PP.H1.abf    PP.H2.abf PP.H3.abf
1:   100 rs73709783 rs17791334 3.234112e-91 0.0002699898 1.786977e-88 0.1474757
   PP.H4.abf idx1 idx2
1: 0.8522543    1    1
[1] "ENSG00000136999.4"
[1] "CCN3"
[1] "Heart_Left_Ventricle"
[1] "running liftOver"
[1] "Grabbing the all pairs data"
[1] "reading the all pairs data into R"
[1] 3389   14
[1] "Filtering on the geneID"
[1] "adding rs numbers to the QTL data"
[1] "merging the trait and eqtl data on unique ID"
[1] "Running coloc"
PP.H0.abf PP.H1.abf PP.H2.abf PP.H3.abf PP.H4.abf 
 2.64e-88  6.34e-02  7.64e-88  1.83e-01  7.54e-01 
[1] "PP abf for shared variant: 75.4%"

Variables in credible sets:

 variable variable_prob cs
       82   0.051970655  1
       65   0.047843284  1
       71   0.044044418  1
       96   0.044044418  1
       29   0.040547853  1
       60   0.040547853  1
       50   0.037329482  1
       98   0.034367121  1
       74   0.031640363  1
       28   0.030450603  1
       16   0.029130427  1
       18   0.029130427  1
       76   0.029130427  1
       17   0.026820036  1
       49   0.026820036  1
        4   0.020933385  1
       39   0.020933385  1
       46   0.020933385  1
       57   0.020933385  1
       64   0.020933385  1
       66   0.020933385  1
       84   0.020933385  1
       59   0.019274378  1
       62   0.019274378  1
       27   0.018587542  1
       81   0.018587542  1
       12   0.016341183  1
       47   0.016341183  1
       85   0.016341183  1
       79   0.015046853  1
       80   0.015046853  1
       87   0.015046853  1
      100   0.014026160  1
        5   0.012758259  1
        6   0.012758259  1
       48   0.012758259  1
       53   0.012758259  1
       13   0.011748297  1
       37   0.007531158  1
       93   0.007165148  1

Credible sets summary:

 cs cs_log10bf cs_avg_r2 cs_min_r2
  1   88.92159 0.9950831 0.9799931
                                                                                                              variable
 4,5,6,12,13,16,17,18,27,28,29,37,39,46,47,48,49,50,53,57,59,60,62,64,65,66,71,74,76,79,80,81,82,84,85,87,93,96,98,100

Variables in credible sets:

 variable variable_prob cs
       25   0.073346435  1
       14   0.072063615  1
       20   0.072063615  1
       35   0.072063615  1
       36   0.057859699  1
       78   0.048281253  1
       41   0.036565987  1
        1   0.032747434  1
       19   0.032747434  1
       30   0.032747434  1
       31   0.032747434  1
       32   0.032747434  1
       58   0.032747434  1
       63   0.032747434  1
       69   0.032747434  1
       83   0.025778310  1
       97   0.025778310  1
       91   0.024801148  1
       42   0.009424803  1
       55   0.009424803  1
       67   0.009424803  1
       95   0.005542485  1
       22   0.005083146  1
       15   0.004648386  1
       96   0.003424727  1
       10   0.003402864  1
       27   0.003402864  1
       29   0.003402864  1
       49   0.003402864  1
       59   0.003402864  1
       60   0.003402864  1
       64   0.003402864  1
       71   0.003402864  1
       77   0.003402864  1
       81   0.003402864  1
       52   0.003290170  1
       74   0.003102965  1
       61   0.002949340  1
       11   0.002911365  1
       65   0.002781221  1
       16   0.002766819  1
       28   0.002713483  1
       54   0.002668209  1
       48   0.002665746  1
        2   0.002663423  1
        3   0.002663423  1
        4   0.002663423  1
        5   0.002663423  1
        7   0.002663423  1
        9   0.002663423  1
       12   0.002663423  1
       17   0.002663423  1
       23   0.002663423  1
       33   0.002663423  1
       34   0.002663423  1
       39   0.002663423  1
       43   0.002663423  1
       44   0.002663423  1
       45   0.002663423  1
       46   0.002663423  1
       47   0.002663423  1
       50   0.002663423  1
       51   0.002663423  1
       53   0.002663423  1
       57   0.002663423  1
       62   0.002663423  1
       66   0.002663423  1
       73   0.002663423  1
       75   0.002663423  1
       80   0.002663423  1
       84   0.002663423  1
       86   0.002663423  1

Credible sets summary:

 cs cs_log10bf cs_avg_r2 cs_min_r2
  1   3.122812 0.9365576 0.8174294
                                                                                                                                                                                                         variable
 1,2,3,4,5,7,9,10,11,12,14,15,16,17,19,20,22,23,25,27,28,29,30,31,32,33,34,35,36,39,41,42,43,44,45,46,47,48,49,50,51,52,53,54,55,57,58,59,60,61,62,63,64,65,66,67,69,71,73,74,75,77,78,80,81,83,84,86,91,95,96,97
PP.H0.abf PP.H1.abf PP.H2.abf PP.H3.abf PP.H4.abf 
 3.72e-89  3.10e-02  4.93e-88  4.11e-01  5.58e-01 
[1] "PP abf for shared variant: 55.8%"
   nsnps       hit1       hit2    PP.H0.abf  PP.H1.abf    PP.H2.abf PP.H3.abf
1:   100 rs73709783 rs11784242 3.718505e-89 0.03104278 4.933785e-88 0.4107653
   PP.H4.abf idx1 idx2
1: 0.5581919    1    1
[1] "ENSG00000136999.4"
[1] "CCN3"
[1] "Colon_Transverse"
[1] "running liftOver"
[1] "Grabbing the all pairs data"
[1] "reading the all pairs data into R"
[1] 3979   14
[1] "Filtering on the geneID"
[1] "adding rs numbers to the QTL data"
[1] "merging the trait and eqtl data on unique ID"
[1] "Running coloc"
PP.H0.abf PP.H1.abf PP.H2.abf PP.H3.abf PP.H4.abf 
 3.23e-95  7.53e-09  2.92e-88  6.71e-02  9.33e-01 
[1] "PP abf for shared variant: 93.3%"

Variables in credible sets:

 variable variable_prob cs
       82   0.051970655  1
       65   0.047843284  1
       71   0.044044418  1
       96   0.044044418  1
       29   0.040547853  1
       60   0.040547853  1
       50   0.037329482  1
       98   0.034367121  1
       74   0.031640363  1
       28   0.030450603  1
       16   0.029130427  1
       18   0.029130427  1
       76   0.029130427  1
       17   0.026820036  1
       49   0.026820036  1
        4   0.020933385  1
       39   0.020933385  1
       46   0.020933385  1
       57   0.020933385  1
       64   0.020933385  1
       66   0.020933385  1
       84   0.020933385  1
       59   0.019274378  1
       62   0.019274378  1
       27   0.018587542  1
       81   0.018587542  1
       12   0.016341183  1
       47   0.016341183  1
       85   0.016341183  1
       79   0.015046853  1
       80   0.015046853  1
       87   0.015046853  1
      100   0.014026160  1
        5   0.012758259  1
        6   0.012758259  1
       48   0.012758259  1
       53   0.012758259  1
       13   0.011748297  1
       37   0.007531158  1
       93   0.007165148  1

Credible sets summary:

 cs cs_log10bf cs_avg_r2 cs_min_r2
  1   88.92159 0.9950831 0.9799931
                                                                                                              variable
 4,5,6,12,13,16,17,18,27,28,29,37,39,46,47,48,49,50,53,57,59,60,62,64,65,66,71,74,76,79,80,81,82,84,85,87,93,96,98,100

Variables in credible sets:

 variable variable_prob cs
       76   0.126409995  1
       88   0.087705023  1
      100   0.087705023  1
       21   0.079716517  1
       56   0.079716517  1
       15   0.067289926  1
       18   0.058046374  1
       65   0.042066906  1
       16   0.033727755  1
       59   0.033727755  1
       74   0.014068624  1
       40   0.013516304  1
       82   0.013357613  1
       72   0.009936747  1
       77   0.009104328  1
       70   0.007912999  1
       10   0.007529263  1
       29   0.007529263  1
       49   0.007529263  1
       60   0.007529263  1
       71   0.007529263  1
       27   0.006049850  1
       64   0.006049850  1
       81   0.006049850  1
       43   0.005289718  1
       44   0.005289718  1
       50   0.005289718  1
       51   0.005289718  1
       66   0.005289718  1
       75   0.005289718  1
       45   0.004086156  1
       28   0.004033500  1
       94   0.003961402  1
       68   0.003923514  1
       98   0.003420846  1
        2   0.003398945  1
        3   0.003398945  1
        4   0.003398945  1
        5   0.003398945  1
        7   0.003398945  1
        9   0.003398945  1
       11   0.003398945  1
       12   0.003398945  1
       13   0.003398945  1
       17   0.003398945  1
       22   0.003398945  1
       23   0.003398945  1
       26   0.003398945  1
       33   0.003398945  1
       34   0.003398945  1
       39   0.003398945  1
       46   0.003398945  1
       47   0.003398945  1
       52   0.003398945  1
       53   0.003398945  1
       54   0.003398945  1
       57   0.003398945  1
       62   0.003398945  1
       73   0.003398945  1

Credible sets summary:

 cs cs_log10bf cs_avg_r2 cs_min_r2
  1   13.71956 0.9850946 0.7492149
                                                                                                                                                                    variable
 2,3,4,5,7,9,10,11,12,13,15,16,17,18,21,22,23,26,27,28,29,33,34,39,40,43,44,45,46,47,49,50,51,52,53,54,56,57,59,60,62,64,65,66,68,70,71,72,73,74,75,76,77,81,82,88,94,98,100
PP.H0.abf PP.H1.abf PP.H2.abf PP.H3.abf PP.H4.abf 
2.58e-100  2.15e-13  1.35e-88  1.11e-01  8.89e-01 
[1] "PP abf for shared variant: 88.9%"
   nsnps       hit1       hit2     PP.H0.abf    PP.H1.abf    PP.H2.abf
1:   100 rs73709783 rs61100635 2.577056e-100 2.151375e-13 1.351087e-88
   PP.H3.abf PP.H4.abf idx1 idx2
1: 0.1110133 0.8889867    1    1
[1] "ENSG00000136999.4"
[1] "CCN3"
[1] "Esophagus_Gastroesophageal_Junction"
[1] "running liftOver"
[1] "Grabbing the all pairs data"
[1] "reading the all pairs data into R"
[1] 3389   14
[1] "Filtering on the geneID"
[1] "adding rs numbers to the QTL data"
[1] "merging the trait and eqtl data on unique ID"
[1] "Running coloc"
PP.H0.abf PP.H1.abf PP.H2.abf PP.H3.abf PP.H4.abf 
 4.86e-91  1.17e-04  3.13e-88  7.43e-02  9.26e-01 
[1] "PP abf for shared variant: 92.6%"

Variables in credible sets:

 variable variable_prob cs
       82   0.051970655  1
       65   0.047843284  1
       71   0.044044418  1
       96   0.044044418  1
       29   0.040547853  1
       60   0.040547853  1
       50   0.037329482  1
       98   0.034367121  1
       74   0.031640363  1
       28   0.030450603  1
       16   0.029130427  1
       18   0.029130427  1
       76   0.029130427  1
       17   0.026820036  1
       49   0.026820036  1
        4   0.020933385  1
       39   0.020933385  1
       46   0.020933385  1
       57   0.020933385  1
       64   0.020933385  1
       66   0.020933385  1
       84   0.020933385  1
       59   0.019274378  1
       62   0.019274378  1
       27   0.018587542  1
       81   0.018587542  1
       12   0.016341183  1
       47   0.016341183  1
       85   0.016341183  1
       79   0.015046853  1
       80   0.015046853  1
       87   0.015046853  1
      100   0.014026160  1
        5   0.012758259  1
        6   0.012758259  1
       48   0.012758259  1
       53   0.012758259  1
       13   0.011748297  1
       37   0.007531158  1
       93   0.007165148  1

Credible sets summary:

 cs cs_log10bf cs_avg_r2 cs_min_r2
  1   88.92159 0.9950831 0.9799931
                                                                                                              variable
 4,5,6,12,13,16,17,18,27,28,29,37,39,46,47,48,49,50,53,57,59,60,62,64,65,66,71,74,76,79,80,81,82,84,85,87,93,96,98,100

Variables in credible sets:

 variable variable_prob cs
       40   0.042357059  1
       81   0.036995247  1
        8   0.031360584  1
       77   0.028438040  1
       59   0.024273543  1
       94   0.020439462  1
        5   0.018583576  1
        2   0.016388036  1
        3   0.016388036  1
        4   0.016388036  1
        7   0.016388036  1
        9   0.016388036  1
       11   0.016388036  1
       12   0.016388036  1
       17   0.016388036  1
       22   0.016388036  1
       23   0.016388036  1
       26   0.016388036  1
       33   0.016388036  1
       34   0.016388036  1
       39   0.016388036  1
       46   0.016388036  1
       47   0.016388036  1
       53   0.016388036  1
       57   0.016388036  1
       62   0.016388036  1
       73   0.016388036  1
       80   0.016388036  1
       85   0.016388036  1
       86   0.016388036  1
       87   0.016388036  1
       89   0.016388036  1
       90   0.016388036  1
       92   0.016388036  1
       93   0.016388036  1
       98   0.016388036  1
       99   0.016388036  1
       27   0.015285207  1
       28   0.015285207  1
       64   0.015285207  1
       52   0.014807328  1
       84   0.014342023  1
       48   0.013669056  1
       13   0.013664066  1
       79   0.013664066  1
       43   0.013065638  1
       44   0.013065638  1
       50   0.013065638  1
       51   0.013065638  1
       66   0.013065638  1
       75   0.013065638  1
       45   0.012474590  1
       16   0.009619633  1
       24   0.006934252  1
       61   0.006704140  1
        6   0.006113016  1
       54   0.005468920  1
       15   0.005404306  1
       10   0.005307740  1
       29   0.005307740  1

Credible sets summary:

 cs cs_log10bf cs_avg_r2 cs_min_r2
  1   7.151036 0.9890815 0.7717868
                                                                                                                                                                    variable
 2,3,4,5,6,7,8,9,10,11,12,13,15,16,17,22,23,24,26,27,28,29,33,34,39,40,43,44,45,46,47,48,50,51,52,53,54,57,59,61,62,64,66,73,75,77,79,80,81,84,85,86,87,89,90,92,93,94,98,99
PP.H0.abf PP.H1.abf PP.H2.abf PP.H3.abf PP.H4.abf 
 1.32e-93  1.10e-06  1.86e-88  1.54e-01  8.46e-01 
[1] "PP abf for shared variant: 84.6%"
   nsnps       hit1      hit2    PP.H0.abf    PP.H1.abf    PP.H2.abf PP.H3.abf
1:   100 rs73709783 rs1599473 1.315253e-93 1.097998e-06 1.862281e-88 0.1537743
   PP.H4.abf idx1 idx2
1: 0.8462246    1    1
[1] "ENSG00000136999.4"
[1] "CCN3"
[1] "Stomach"
[1] "running liftOver"
[1] "Grabbing the all pairs data"
[1] "reading the all pairs data into R"
[1] 3684   14
[1] "Filtering on the geneID"
[1] "adding rs numbers to the QTL data"
[1] "merging the trait and eqtl data on unique ID"
[1] "Running coloc"
PP.H0.abf PP.H1.abf PP.H2.abf PP.H3.abf PP.H4.abf 
 1.50e-87  3.55e-01  2.49e-88  5.81e-02  5.87e-01 
[1] "PP abf for shared variant: 58.7%"

Variables in credible sets:

 variable variable_prob cs
       82   0.051970655  1
       65   0.047843284  1
       71   0.044044418  1
       96   0.044044418  1
       29   0.040547853  1
       60   0.040547853  1
       50   0.037329482  1
       98   0.034367121  1
       74   0.031640363  1
       28   0.030450603  1
       16   0.029130427  1
       18   0.029130427  1
       76   0.029130427  1
       17   0.026820036  1
       49   0.026820036  1
        4   0.020933385  1
       39   0.020933385  1
       46   0.020933385  1
       57   0.020933385  1
       64   0.020933385  1
       66   0.020933385  1
       84   0.020933385  1
       59   0.019274378  1
       62   0.019274378  1
       27   0.018587542  1
       81   0.018587542  1
       12   0.016341183  1
       47   0.016341183  1
       85   0.016341183  1
       79   0.015046853  1
       80   0.015046853  1
       87   0.015046853  1
      100   0.014026160  1
        5   0.012758259  1
        6   0.012758259  1
       48   0.012758259  1
       53   0.012758259  1
       13   0.011748297  1
       37   0.007531158  1
       93   0.007165148  1

Credible sets summary:

 cs cs_log10bf cs_avg_r2 cs_min_r2
  1   88.92159 0.9950831 0.9799931
                                                                                                              variable
 4,5,6,12,13,16,17,18,27,28,29,37,39,46,47,48,49,50,53,57,59,60,62,64,65,66,71,74,76,79,80,81,82,84,85,87,93,96,98,100

Variables in credible sets:

 variable variable_prob cs
       24   0.018789552  1
        8   0.016862757  1
       85   0.015842289  1
       79   0.015639703  1
       45   0.015629059  1
        5   0.015323516  1
       84   0.015150001  1
       54   0.015142362  1
       42   0.015131520  1
       55   0.015131520  1
        2   0.014411846  1
        3   0.014411846  1
        4   0.014411846  1
        7   0.014411846  1
        9   0.014411846  1
       12   0.014411846  1
       13   0.014411846  1
       17   0.014411846  1
       23   0.014411846  1
       26   0.014411846  1
       33   0.014411846  1
       34   0.014411846  1
       39   0.014411846  1
       46   0.014411846  1
       47   0.014411846  1
       52   0.014411846  1
       53   0.014411846  1
       57   0.014411846  1
       62   0.014411846  1
       73   0.014411846  1
       80   0.014411846  1
       86   0.014411846  1
       87   0.014411846  1
       89   0.014411846  1
       90   0.014411846  1
       92   0.014411846  1
       93   0.014411846  1
       99   0.014411846  1
       22   0.014032382  1
       98   0.013414476  1
       94   0.012908999  1
       48   0.012851351  1
       11   0.012440569  1
       68   0.011372268  1
       67   0.010810388  1
       43   0.010569969  1
       44   0.010569969  1
       50   0.010569969  1
       51   0.010569969  1
       66   0.010569969  1
       75   0.010569969  1
       95   0.009423983  1
        6   0.008910465  1
       21   0.008461775  1
       56   0.008461775  1
       83   0.008421912  1
       88   0.008177862  1
      100   0.008177862  1
       61   0.007981182  1
       77   0.007928335  1
       28   0.007587142  1
       15   0.007360859  1
       59   0.007327960  1
       10   0.006762245  1
       29   0.006762245  1
       49   0.006762245  1
       60   0.006762245  1
       65   0.006762245  1
       71   0.006762245  1
       74   0.006549254  1
       16   0.005971410  1
       18   0.005971410  1
       27   0.005971410  1
       64   0.005971410  1
       72   0.005971410  1
       81   0.005971410  1
       82   0.005762147  1
       96   0.005762147  1
       37   0.005387878  1
       36   0.004893848  1
        1   0.004864575  1
       19   0.004864575  1
       30   0.004864575  1
       31   0.004864575  1
       32   0.004864575  1
       41   0.004864575  1
       58   0.004864575  1

Credible sets summary:

 cs cs_log10bf cs_avg_r2 cs_min_r2
  1   1.461602 0.9622691 0.7943925
                                                                                                                                                                                                                                                     variable
 1,2,3,4,5,6,7,8,9,10,11,12,13,15,16,17,18,19,21,22,23,24,26,27,28,29,30,31,32,33,34,36,37,39,41,42,43,44,45,46,47,48,49,50,51,52,53,54,55,56,57,58,59,60,61,62,64,65,66,67,68,71,72,73,74,75,77,79,80,81,82,83,84,85,86,87,88,89,90,92,93,94,95,96,98,99,100
PP.H0.abf PP.H1.abf PP.H2.abf PP.H3.abf PP.H4.abf 
 4.50e-88  3.75e-01  1.30e-88  1.08e-01  5.17e-01 
[1] "PP abf for shared variant: 51.7%"
   nsnps       hit1       hit2    PP.H0.abf PP.H1.abf    PP.H2.abf PP.H3.abf
1:   100 rs73709783 rs11783703 4.496872e-88 0.3754073 1.301704e-88 0.1076348
   PP.H4.abf idx1 idx2
1: 0.5169578    1    1
[1] "ENSG00000136999.4"
[1] "CCN3"
[1] "Testis"
[1] "running liftOver"
[1] "Grabbing the all pairs data"
[1] "reading the all pairs data into R"
[1] 0 0
[1] "Did not find gene in all pairs data"
