[1] "trait"
[1] "PP"
[1] "trait_file_header_info"
[1] "/gpfs/projects/bsc83/Projects/Breast/ANALYSIS/Hypertension/analysis/06_colocalization/PP_Evangelou_parsed.txt"
[1] "Tested_Allele"
[1] "Other_Allele"
[1] "SNP"
[1] "CHR"
[1] "POS"
[1] "P"
[1] "N"
[1] "Freq_Tested_Allele"
[1] "traitType:"
[1] "quant"
[1] 11
[1] "Locus Info:"
[1] 11
[1] 130268147
[1] 130280725
[1] "rs11222084"
[1] "QTL type:"
[1] "eqtl"
[1] TRUE
[1] "trait input file successfully loaded"
   CHR       POS        SNP Tested_Allele Other_Allele Freq_Tested_Allele
1:  11 130268147  rs4937515             C            G             0.5982
2:  11 130273230 rs11222084             A            T             0.6374
3:  11 130280725  rs4936099             A            C             0.5991
      BETA     SE         P      N Ref_Allele Alt_Allele
1: -0.4840 0.0213 1.44e-114 706544          G          C
2:  0.4972 0.0214 5.19e-119 723403          A          T
3: -0.4738 0.0211 4.07e-112 719504          C          A
[1] "rs4937515"  "rs11222084" "rs4936099" 
[1] "/gpfs/projects/bsc83/Projects/Breast/ANALYSIS/Hypertension/data/Coloq/chr_11_snp151_hash_table.json"
$rs245
[1] "chr11_31975788"

$rs246
[1] "chr11_133075651"

$rs334
[1] "chr11_5227002"

[1] "hash table loaded"
[1] "/gpfs/projects/bsc83/Projects/Breast/ANALYSIS/Hypertension/analysis/06_colocalization/ColocQuiaL-main/GTEx_v8_Tissue_Summary_with_filenames_all.csv"
                          Tissue NumberRNASeqandGTSamples NumberRNASeqSamples
1              Muscle - Skeletal                      706                 803
2                    Whole Blood                      670                 755
3 Skin - Sun Exposed (Lower leg)                      605                 701
4                Artery - Tibial                      584                 663
5         Adipose - Subcutaneous                      581                 663
6                        Thyroid                      574                 653
  Number_of_eGenes                      allPairsTabixFilename
1            13532            Muscle_Skeletal.allpairs.tab.gz
2            12360                Whole_Blood.allpairs.tab.gz
3            16967 Skin_Sun_Exposed_Lower_leg.allpairs.tab.gz
4            15008              Artery_Tibial.allpairs.tab.gz
5            15607       Adipose_Subcutaneous.allpairs.tab.gz
6            17684                    Thyroid.allpairs.tab.gz
                                              sigPairsTabixFilename
1            Muscle_Skeletal.v8.v8.signif_variant_gene_pairs.tab.gz
2                Whole_Blood.v8.v8.signif_variant_gene_pairs.tab.gz
3 Skin_Sun_Exposed_Lower_leg.v8.v8.signif_variant_gene_pairs.tab.gz
4              Artery_Tibial.v8.v8.signif_variant_gene_pairs.tab.gz
5       Adipose_Subcutaneous.v8.v8.signif_variant_gene_pairs.tab.gz
6                    Thyroid.v8.v8.signif_variant_gene_pairs.tab.gz
[1] "chr11_130403335"
[1] "ENSG00000134917.9"
[1] "ADAMTS8"
[1] "Artery_Tibial"
[1] "running liftOver"
[1] "Grabbing the all pairs data"
[1] "reading the all pairs data into R"
[1] 533  14
[1] "Filtering on the geneID"
[1] "adding rs numbers to the QTL data"
[1] "merging the trait and eqtl data on unique ID"
[1] "Running coloc"
PP.H0.abf PP.H1.abf PP.H2.abf PP.H3.abf PP.H4.abf 
4.74e-112  3.59e-01 9.78e-115  9.93e-05  6.41e-01 
[1] "PP abf for shared variant: 64.1%"

Variables in credible sets:

 variable variable_prob cs
        1             1  1

Credible sets summary:

 cs cs_log10bf cs_avg_r2 cs_min_r2 variable
  1   115.3323         1         1        1

Variables in credible sets:

 variable variable_prob cs
        1     0.8781431  1
        2     0.1218569  1

Credible sets summary:

 cs cs_log10bf cs_avg_r2 cs_min_r2 variable
  1   1.044245 0.8339288 0.8339288      1,2
PP.H0.abf PP.H1.abf PP.H2.abf PP.H3.abf PP.H4.abf 
1.18e-112  5.07e-01 2.61e-115  1.37e-04  4.93e-01 
[1] "PP abf for shared variant: 49.3%"
   nsnps       hit1       hit2    PP.H0.abf PP.H1.abf     PP.H2.abf
1:     2 rs11222084 rs11222084 1.17939e-112 0.5069473 2.611753e-115
      PP.H3.abf PP.H4.abf idx1 idx2
1: 0.0001368005 0.4929159    1    1
[1] "ENSG00000175773.12"
[1] "ZBTB44-DT"
[1] "Skin_Not_Sun_Exposed_Suprapubic"
[1] "running liftOver"
[1] "Grabbing the all pairs data"
[1] "reading the all pairs data into R"
[1] 574  14
[1] "Filtering on the geneID"
[1] "adding rs numbers to the QTL data"
[1] "merging the trait and eqtl data on unique ID"
[1] "Running coloc"
PP.H0.abf PP.H1.abf PP.H2.abf PP.H3.abf PP.H4.abf 
1.27e-111  9.47e-01 1.41e-115  5.26e-05  5.29e-02 
[1] "PP abf for shared variant: 5.29%"

Variables in credible sets:

 variable variable_prob cs
        1             1  1

Credible sets summary:

 cs cs_log10bf cs_avg_r2 cs_min_r2 variable
  1   115.3323         1         1        1

Variables in credible sets:

[1] variable      variable_prob cs           
<0 rows> (or 0-length row.names)

Credible sets summary:

data frame with 0 columns and 0 rows
NULL
[1] "ENSG00000134917.9"
[1] "ADAMTS8"
[1] "Adipose_Visceral_Omentum"
[1] "running liftOver"
[1] "Grabbing the all pairs data"
[1] "reading the all pairs data into R"
[1] 615  14
[1] "Filtering on the geneID"
[1] "adding rs numbers to the QTL data"
[1] "merging the trait and eqtl data on unique ID"
[1] "Running coloc"
PP.H0.abf PP.H1.abf PP.H2.abf PP.H3.abf PP.H4.abf 
1.37e-113  1.03e-02 3.26e-114  1.46e-03  9.88e-01 
[1] "PP abf for shared variant: 98.8%"

Variables in credible sets:

 variable variable_prob cs
        1             1  1

Credible sets summary:

 cs cs_log10bf cs_avg_r2 cs_min_r2 variable
  1   115.3323         1         1        1

Variables in credible sets:

 variable variable_prob cs
        2     0.6052033  1
        1     0.3947967  1

Credible sets summary:

 cs cs_log10bf cs_avg_r2 cs_min_r2 variable
  1   3.479639 0.8339288 0.8339288      1,2
PP.H0.abf PP.H1.abf PP.H2.abf PP.H3.abf PP.H4.abf 
1.93e-114  8.30e-03 1.17e-114  3.03e-03  9.89e-01 
[1] "PP abf for shared variant: 98.9%"
   nsnps       hit1      hit2     PP.H0.abf   PP.H1.abf     PP.H2.abf
1:     2 rs11222084 rs4936099 1.930784e-114 0.008299253 1.165205e-114
     PP.H3.abf PP.H4.abf idx1 idx2
1: 0.003031161 0.9886696    1    1
[1] "ENSG00000134917.9"
[1] "ADAMTS8"
[1] "Artery_Aorta"
[1] "running liftOver"
[1] "Grabbing the all pairs data"
[1] "reading the all pairs data into R"
[1] 492  14
[1] "Filtering on the geneID"
[1] "adding rs numbers to the QTL data"
[1] "merging the trait and eqtl data on unique ID"
[1] "Running coloc"
PP.H0.abf PP.H1.abf PP.H2.abf PP.H3.abf PP.H4.abf 
3.97e-112  3.02e-01 3.83e-114  2.22e-03  6.96e-01 
[1] "PP abf for shared variant: 69.6%"

Variables in credible sets:

 variable variable_prob cs
        1             1  1

Credible sets summary:

 cs cs_log10bf cs_avg_r2 cs_min_r2 variable
  1   115.3323         1         1        1

Variables in credible sets:

 variable variable_prob cs
        2     0.8023943  1
        1     0.1976057  1

Credible sets summary:

 cs cs_log10bf cs_avg_r2 cs_min_r2 variable
  1   1.888485 0.8339288 0.8339288      1,2
PP.H0.abf PP.H1.abf PP.H2.abf PP.H3.abf PP.H4.abf 
9.16e-113  3.94e-01 1.42e-114  4.89e-03  6.02e-01 
[1] "PP abf for shared variant: 60.2%"
   nsnps       hit1      hit2     PP.H0.abf PP.H1.abf     PP.H2.abf   PP.H3.abf
1:     2 rs11222084 rs4936099 9.155736e-113 0.3935489 1.416473e-114 0.004885414
   PP.H4.abf idx1 idx2
1: 0.6015657    1    1
[1] "ENSG00000175773.12"
[1] "ZBTB44-DT"
[1] "Testis"
[1] "running liftOver"
[1] "Grabbing the all pairs data"
[1] "reading the all pairs data into R"
[1] 0 0
[1] "Did not find gene in all pairs data"
