[1] "trait"
[1] "DBP"
[1] "trait_file_header_info"
[1] "/gpfs/projects/bsc83/Projects/Breast/ANALYSIS/Hypertension/analysis/06_colocalization/DBP_Evangelou_parsed.txt"
[1] "Tested_Allele"
[1] "Other_Allele"
[1] "SNP"
[1] "CHR"
[1] "POS"
[1] "P"
[1] "N"
[1] "Freq_Tested_Allele"
[1] "traitType:"
[1] "quant"
[1] 5
[1] "Locus Info:"
[1] 5
[1] 157802270
[1] 157870062
[1] "rs9313772"
[1] "QTL type:"
[1] "eqtl"
[1] TRUE
[1] "trait input file successfully loaded"
   CHR       POS        SNP Tested_Allele Other_Allele Freq_Tested_Allele
1:   5 157802270  rs7715501             A            T             0.3692
2:   5 157803630  rs7442660             A            G             0.3644
3:   5 157804457  rs9313772             T            C             0.3566
4:   5 157806250  rs7712354             A            G             0.3572
5:   5 157811088  rs1952652             A            T             0.6429
6:   5 157811935 rs12187074             C            G             0.6346
      BETA     SE         P      N Ref_Allele Alt_Allele
1: -0.2360 0.0180 2.966e-39 743367          T          A
2: -0.2366 0.0180 1.705e-39 748782          G          A
3: -0.2390 0.0181 8.312e-40 749430          C          T
4: -0.2388 0.0181 8.727e-40 749131          G          A
5: -0.2386 0.0181 8.004e-40 751648          A          T
6: -0.2415 0.0181 1.178e-40 747076          C          G
[1] "rs7715501" "rs7442660" "rs9313772"
[1] "/gpfs/projects/bsc83/Projects/Breast/ANALYSIS/Hypertension/data/Coloq/chr_5_snp151_hash_table.json"
$rs385
[1] "chr5_9617268"

$rs387
[1] "chr5_9604894"

$rs388
[1] "chr5_9604859"

[1] "hash table loaded"
[1] "/gpfs/projects/bsc83/Projects/Breast/ANALYSIS/Hypertension/analysis/06_colocalization/ColocQuiaL-main/GTEx_v8_Tissue_Summary_with_filenames_all.csv"
                          Tissue NumberRNASeqandGTSamples NumberRNASeqSamples
1              Muscle - Skeletal                      706                 803
2                    Whole Blood                      670                 755
3 Skin - Sun Exposed (Lower leg)                      605                 701
4                Artery - Tibial                      584                 663
5         Adipose - Subcutaneous                      581                 663
6                        Thyroid                      574                 653
  Number_of_eGenes                      allPairsTabixFilename
1            13532            Muscle_Skeletal.allpairs.tab.gz
2            12360                Whole_Blood.allpairs.tab.gz
3            16967 Skin_Sun_Exposed_Lower_leg.allpairs.tab.gz
4            15008              Artery_Tibial.allpairs.tab.gz
5            15607       Adipose_Subcutaneous.allpairs.tab.gz
6            17684                    Thyroid.allpairs.tab.gz
                                              sigPairsTabixFilename
1            Muscle_Skeletal.v8.v8.signif_variant_gene_pairs.tab.gz
2                Whole_Blood.v8.v8.signif_variant_gene_pairs.tab.gz
3 Skin_Sun_Exposed_Lower_leg.v8.v8.signif_variant_gene_pairs.tab.gz
4              Artery_Tibial.v8.v8.signif_variant_gene_pairs.tab.gz
5       Adipose_Subcutaneous.v8.v8.signif_variant_gene_pairs.tab.gz
6                    Thyroid.v8.v8.signif_variant_gene_pairs.tab.gz
[1] "chr5_158377449"
[1] "ENSG00000276778.1"
[1] "LINC02227"
[1] "Adipose_Subcutaneous"
[1] "running liftOver"
[1] "Grabbing the all pairs data"
[1] "reading the all pairs data into R"
[1] 3242   14
[1] "Filtering on the geneID"
[1] "Warning: There was not an exact match on Ensembl ID. Likely this is due to a GTEX version  update."
[1] "The Ensembl ID from your GTEx csv was not able to be reliably mapped to an Enseml ID in the GTEx database, so this gene will be skipped:"
[1] "ENSG00000276778.1"
[1] "ENSG00000276778.1"
[1] "LINC02227"
[1] "Spleen"
[1] "running liftOver"
[1] "Grabbing the all pairs data"
[1] "reading the all pairs data into R"
[1] 3776   14
[1] "Filtering on the geneID"
[1] "Warning: There was not an exact match on Ensembl ID. Likely this is due to a GTEX version  update."
[1] "The Ensembl ID from your GTEx csv was not able to be reliably mapped to an Enseml ID in the GTEx database, so this gene will be skipped:"
[1] "ENSG00000276778.1"
