[1] "trait"
[1] "SBP"
[1] "trait_file_header_info"
[1] "/gpfs/projects/bsc83/Projects/Breast/ANALYSIS/Hypertension/analysis/06_colocalization/SBP_Evangelou_parsed.txt"
[1] "Tested_Allele"
[1] "Other_Allele"
[1] "SNP"
[1] "CHR"
[1] "POS"
[1] "P"
[1] "N"
[1] "Freq_Tested_Allele"
[1] "traitType:"
[1] "quant"
[1] 2
[1] "Locus Info:"
[1] 2
[1] 26911509
[1] 26932796
[1] "rs12476527"
[1] "QTL type:"
[1] "eqtl"
[1] TRUE
[1] "trait input file successfully loaded"
   CHR      POS        SNP Tested_Allele Other_Allele Freq_Tested_Allele
1:   2 26911509  rs1275984             A            C             0.3880
2:   2 26911745  rs1275985             T            C             0.6133
3:   2 26912079  rs1275986             A            C             0.6129
4:   2 26913930   rs736699             A            G             0.3883
5:   2 26914364  rs1275988             T            C             0.6112
6:   2 26916844 rs35021474             C            G             0.4189
      BETA     SE         P      N Ref_Allele Alt_Allele
1: -0.5390 0.0308 1.537e-68 733796          A          C
2: -0.5411 0.0308 4.731e-69 734678          C          T
3: -0.5404 0.0308 5.487e-69 734974          C          A
4: -0.5393 0.0308 1.200e-68 733885          A          G
5: -0.5410 0.0308 4.420e-69 733965          C          T
6: -0.5340 0.0319 6.714e-63 682481          C          G
[1] "rs1275984" "rs1275985" "rs1275986"
[1] "/gpfs/projects/bsc83/Projects/Breast/ANALYSIS/Hypertension/data/Coloq/chr_2_snp151_hash_table.json"
$rs222
[1] "chr2_98531409"

$rs223
[1] "chr2_132615083"

$rs525
[1] "chr2_171558018"

[1] "hash table loaded"
[1] "/gpfs/projects/bsc83/Projects/Breast/ANALYSIS/Hypertension/analysis/06_colocalization/ColocQuiaL-main/GTEx_v8_Tissue_Summary_with_filenames_all.csv"
                          Tissue NumberRNASeqandGTSamples NumberRNASeqSamples
1              Muscle - Skeletal                      706                 803
2                    Whole Blood                      670                 755
3 Skin - Sun Exposed (Lower leg)                      605                 701
4                Artery - Tibial                      584                 663
5         Adipose - Subcutaneous                      581                 663
6                        Thyroid                      574                 653
  Number_of_eGenes                      allPairsTabixFilename
1            13532            Muscle_Skeletal.allpairs.tab.gz
2            12360                Whole_Blood.allpairs.tab.gz
3            16967 Skin_Sun_Exposed_Lower_leg.allpairs.tab.gz
4            15008              Artery_Tibial.allpairs.tab.gz
5            15607       Adipose_Subcutaneous.allpairs.tab.gz
6            17684                    Thyroid.allpairs.tab.gz
                                              sigPairsTabixFilename
1            Muscle_Skeletal.v8.v8.signif_variant_gene_pairs.tab.gz
2                Whole_Blood.v8.v8.signif_variant_gene_pairs.tab.gz
3 Skin_Sun_Exposed_Lower_leg.v8.v8.signif_variant_gene_pairs.tab.gz
4              Artery_Tibial.v8.v8.signif_variant_gene_pairs.tab.gz
5       Adipose_Subcutaneous.v8.v8.signif_variant_gene_pairs.tab.gz
6                    Thyroid.v8.v8.signif_variant_gene_pairs.tab.gz
[1] "chr2_26692756"
[1] "rs12476527 is not a significant eqtl in any tissue in the eqtl dataset."
