[1] "trait"
[1] "SBP"
[1] "trait_file_header_info"
[1] "/gpfs/projects/bsc83/Projects/Breast/ANALYSIS/Hypertension/analysis/06_colocalization/SBP_Evangelou_parsed.txt"
[1] "Tested_Allele"
[1] "Other_Allele"
[1] "SNP"
[1] "CHR"
[1] "POS"
[1] "P"
[1] "N"
[1] "Freq_Tested_Allele"
[1] "traitType:"
[1] "quant"
[1] 10
[1] "Locus Info:"
[1] 10
[1] 95892659
[1] 95903188
[1] "rs2901761"
[1] "QTL type:"
[1] "eqtl"
[1] TRUE
[1] "trait input file successfully loaded"
   CHR      POS        SNP Tested_Allele Other_Allele Freq_Tested_Allele   BETA
1:  10 95892659 rs10882397             A            C             0.4638 0.3992
2:  10 95892788 rs10882398             A            T             0.4442 0.4186
3:  10 95893052 rs10736085             A            T             0.4603 0.4103
4:  10 95893514 rs10786152             A            G             0.5402 0.4052
5:  10 95895127  rs2901761             A            G             0.4278 0.4344
6:  10 95895177  rs9663362             C            G             0.4615 0.4030
       SE         P      N Ref_Allele Alt_Allele
1: 0.0306 8.018e-39 712101          C          A
2: 0.0307 2.942e-42 712809          T          A
3: 0.0303 1.164e-41 724891          T          A
4: 0.0303 7.674e-41 728657          A          G
5: 0.0306 8.069e-46 727511          G          A
6: 0.0303 2.540e-40 726686          G          C
[1] "rs10882397" "rs10882398" "rs10736085"
[1] "/gpfs/projects/bsc83/Projects/Breast/ANALYSIS/Hypertension/data/Coloq/chr_10_snp151_hash_table.json"
$rs241
[1] "chr10_76684698"

$rs243
[1] "chr10_96480625"

$rs244
[1] "chr10_20703742"

[1] "hash table loaded"
[1] "/gpfs/projects/bsc83/Projects/Breast/ANALYSIS/Hypertension/analysis/06_colocalization/ColocQuiaL-main/GTEx_v8_Tissue_Summary_with_filenames_all.csv"
                          Tissue NumberRNASeqandGTSamples NumberRNASeqSamples
1              Muscle - Skeletal                      706                 803
2                    Whole Blood                      670                 755
3 Skin - Sun Exposed (Lower leg)                      605                 701
4                Artery - Tibial                      584                 663
5         Adipose - Subcutaneous                      581                 663
6                        Thyroid                      574                 653
  Number_of_eGenes                      allPairsTabixFilename
1            13532            Muscle_Skeletal.allpairs.tab.gz
2            12360                Whole_Blood.allpairs.tab.gz
3            16967 Skin_Sun_Exposed_Lower_leg.allpairs.tab.gz
4            15008              Artery_Tibial.allpairs.tab.gz
5            15607       Adipose_Subcutaneous.allpairs.tab.gz
6            17684                    Thyroid.allpairs.tab.gz
                                              sigPairsTabixFilename
1            Muscle_Skeletal.v8.v8.signif_variant_gene_pairs.tab.gz
2                Whole_Blood.v8.v8.signif_variant_gene_pairs.tab.gz
3 Skin_Sun_Exposed_Lower_leg.v8.v8.signif_variant_gene_pairs.tab.gz
4              Artery_Tibial.v8.v8.signif_variant_gene_pairs.tab.gz
5       Adipose_Subcutaneous.v8.v8.signif_variant_gene_pairs.tab.gz
6                    Thyroid.v8.v8.signif_variant_gene_pairs.tab.gz
[1] "chr10_94135370"
[1] "ENSEMBL ID could not be converted to HGNC Symbol"
[1] "geneSymbol will be set to the ENSEMBL ID ENSG00000234724"
[1] "ENSG00000234724.1"
[1] "ENSG00000234724"
[1] "Testis"
[1] "running liftOver"
[1] "Grabbing the all pairs data"
[1] "reading the all pairs data into R"
[1] 0 0
[1] "Did not find gene in all pairs data"
