[1] "trait"
[1] "DBP"
[1] "trait_file_header_info"
[1] "/gpfs/projects/bsc83/Projects/Breast/ANALYSIS/Hypertension/analysis/06_colocalization/DBP_Evangelou_parsed.txt"
[1] "Tested_Allele"
[1] "Other_Allele"
[1] "SNP"
[1] "CHR"
[1] "POS"
[1] "P"
[1] "N"
[1] "Freq_Tested_Allele"
[1] "traitType:"
[1] "quant"
[1] 10
[1] "Locus Info:"
[1] 10
[1] 115789375
[1] 115805056
[1] "rs2773469"
[1] "QTL type:"
[1] "eqtl"
[1] TRUE
[1] "trait input file successfully loaded"
   CHR       POS       SNP Tested_Allele Other_Allele Freq_Tested_Allele   BETA
1:  10 115789375 rs7076938             T            C             0.7326 0.3145
2:  10 115792062 rs2484294             A            G             0.7327 0.3165
3:  10 115792787  rs740746             A            G             0.7324 0.3156
4:  10 115798895 rs2773469             A            G             0.2679 0.3143
5:  10 115805056 rs1801253             C            G             0.7345 0.3183
       SE         P      N Ref_Allele Alt_Allele
1: 0.0196 6.265e-58 744754          C          T
2: 0.0196 1.171e-58 744772          G          A
3: 0.0196 2.434e-58 745038          G          A
4: 0.0196 7.612e-58 743487          A          G
5: 0.0197 1.570e-58 739041          G          C
[1] "rs7076938" "rs2484294" "rs740746" 
[1] "/gpfs/projects/bsc83/Projects/Breast/ANALYSIS/Hypertension/data/Coloq/chr_10_snp151_hash_table.json"
$rs241
[1] "chr10_76684698"

$rs243
[1] "chr10_96480625"

$rs244
[1] "chr10_20703742"

[1] "hash table loaded"
[1] "/gpfs/projects/bsc83/Projects/Breast/ANALYSIS/Hypertension/analysis/06_colocalization/ColocQuiaL-main/GTEx_v8_Tissue_Summary_with_filenames_all.csv"
                          Tissue NumberRNASeqandGTSamples NumberRNASeqSamples
1              Muscle - Skeletal                      706                 803
2                    Whole Blood                      670                 755
3 Skin - Sun Exposed (Lower leg)                      605                 701
4                Artery - Tibial                      584                 663
5         Adipose - Subcutaneous                      581                 663
6                        Thyroid                      574                 653
  Number_of_eGenes                      allPairsTabixFilename
1            13532            Muscle_Skeletal.allpairs.tab.gz
2            12360                Whole_Blood.allpairs.tab.gz
3            16967 Skin_Sun_Exposed_Lower_leg.allpairs.tab.gz
4            15008              Artery_Tibial.allpairs.tab.gz
5            15607       Adipose_Subcutaneous.allpairs.tab.gz
6            17684                    Thyroid.allpairs.tab.gz
                                              sigPairsTabixFilename
1            Muscle_Skeletal.v8.v8.signif_variant_gene_pairs.tab.gz
2                Whole_Blood.v8.v8.signif_variant_gene_pairs.tab.gz
3 Skin_Sun_Exposed_Lower_leg.v8.v8.signif_variant_gene_pairs.tab.gz
4              Artery_Tibial.v8.v8.signif_variant_gene_pairs.tab.gz
5       Adipose_Subcutaneous.v8.v8.signif_variant_gene_pairs.tab.gz
6                    Thyroid.v8.v8.signif_variant_gene_pairs.tab.gz
[1] "chr10_114039136"
[1] "ENSG00000043591.5"
[1] "ADRB1"
[1] "Testis"
[1] "running liftOver"
[1] "Grabbing the all pairs data"
[1] "reading the all pairs data into R"
[1] 0 0
[1] "Did not find gene in all pairs data"
