[1] "trait"
[1] "PP"
[1] "trait_file_header_info"
[1] "/gpfs/projects/bsc83/Projects/Breast/ANALYSIS/Hypertension/analysis/06_colocalization/PP_Evangelou_parsed.txt"
[1] "Tested_Allele"
[1] "Other_Allele"
[1] "SNP"
[1] "CHR"
[1] "POS"
[1] "P"
[1] "N"
[1] "Freq_Tested_Allele"
[1] "traitType:"
[1] "quant"
[1] 2
[1] "Locus Info:"
[1] 2
[1] 20878105
[1] 20881840
[1] "rs2289081"
[1] "QTL type:"
[1] "eqtl"
[1] TRUE
[1] "trait input file successfully loaded"
   CHR      POS        SNP Tested_Allele Other_Allele Freq_Tested_Allele
1:   2 20878105  rs9306894             A            G             0.6384
2:   2 20878153  rs9306895             T            C             0.6379
3:   2 20878406     rs3072             T            C             0.6314
4:   2 20880833 rs10193919             T            C             0.3497
5:   2 20881840  rs2289081             C            G             0.3607
      BETA     SE         P      N Ref_Allele Alt_Allele
1: -0.1759 0.0212 1.102e-16 734486          A          G
2: -0.1742 0.0212 2.269e-16 733590          T          C
3: -0.1848 0.0212 2.526e-18 731186          T          C
4: -0.1795 0.0214 4.893e-17 732067          C          T
5: -0.1786 0.0213 4.574e-17 732159          G          C
[1] "rs9306894" "rs9306895" "rs3072"   
[1] "/gpfs/projects/bsc83/Projects/Breast/ANALYSIS/Hypertension/data/Coloq/chr_2_snp151_hash_table.json"
$rs222
[1] "chr2_98531409"

$rs223
[1] "chr2_132615083"

$rs525
[1] "chr2_171558018"

[1] "hash table loaded"
[1] "/gpfs/projects/bsc83/Projects/Breast/ANALYSIS/Hypertension/analysis/06_colocalization/ColocQuiaL-main/GTEx_v8_Tissue_Summary_with_filenames_all.csv"
                          Tissue NumberRNASeqandGTSamples NumberRNASeqSamples
1              Muscle - Skeletal                      706                 803
2                    Whole Blood                      670                 755
3 Skin - Sun Exposed (Lower leg)                      605                 701
4                Artery - Tibial                      584                 663
5         Adipose - Subcutaneous                      581                 663
6                        Thyroid                      574                 653
  Number_of_eGenes                      allPairsTabixFilename
1            13532            Muscle_Skeletal.allpairs.tab.gz
2            12360                Whole_Blood.allpairs.tab.gz
3            16967 Skin_Sun_Exposed_Lower_leg.allpairs.tab.gz
4            15008              Artery_Tibial.allpairs.tab.gz
5            15607       Adipose_Subcutaneous.allpairs.tab.gz
6            17684                    Thyroid.allpairs.tab.gz
                                              sigPairsTabixFilename
1            Muscle_Skeletal.v8.v8.signif_variant_gene_pairs.tab.gz
2                Whole_Blood.v8.v8.signif_variant_gene_pairs.tab.gz
3 Skin_Sun_Exposed_Lower_leg.v8.v8.signif_variant_gene_pairs.tab.gz
4              Artery_Tibial.v8.v8.signif_variant_gene_pairs.tab.gz
5       Adipose_Subcutaneous.v8.v8.signif_variant_gene_pairs.tab.gz
6                    Thyroid.v8.v8.signif_variant_gene_pairs.tab.gz
[1] "chr2_20682080"
[1] "ENSG00000118961.14"
[1] "LDAH"
[1] "Muscle_Skeletal"
[1] "running liftOver"
[1] "Grabbing the all pairs data"
[1] "reading the all pairs data into R"
[1] 216  14
[1] "Filtering on the geneID"
[1] "adding rs numbers to the QTL data"
[1] "merging the trait and eqtl data on unique ID"
[1] "Running coloc"
PP.H0.abf PP.H1.abf PP.H2.abf PP.H3.abf PP.H4.abf 
 2.38e-13  1.10e-02  2.15e-13  8.93e-03  9.80e-01 
[1] "PP abf for shared variant: 98%"

Variables in credible sets:

 variable variable_prob cs
        3    0.87852499  1
        1    0.05464094  1
        2    0.05335681  1

Credible sets summary:

 cs cs_log10bf cs_avg_r2 cs_min_r2 variable
  1   14.79676 0.9081137  0.870614    1,2,3

Variables in credible sets:

 variable variable_prob cs
        2    0.46661839  1
        4    0.25217692  1
        1    0.22451427  1
        3    0.05669042  1

Credible sets summary:

 cs cs_log10bf cs_avg_r2 cs_min_r2 variable
  1   3.591635 0.9194854  0.870614  1,2,3,4
PP.H0.abf PP.H1.abf PP.H2.abf PP.H3.abf PP.H4.abf 
 5.47e-14  1.37e-02  8.54e-14  1.95e-02  9.67e-01 
[1] "PP abf for shared variant: 96.7%"
   nsnps   hit1      hit2    PP.H0.abf  PP.H1.abf    PP.H2.abf  PP.H3.abf
1:     4 rs3072 rs2289081 5.468335e-14 0.01369859 8.541816e-14 0.01946421
   PP.H4.abf idx1 idx2
1: 0.9668372    1    1
[1] "ENSG00000118961.14"
[1] "LDAH"
[1] "Whole_Blood"
[1] "running liftOver"
[1] "Grabbing the all pairs data"
[1] "reading the all pairs data into R"
[1] 216  14
[1] "Filtering on the geneID"
[1] "adding rs numbers to the QTL data"
[1] "merging the trait and eqtl data on unique ID"
[1] "Running coloc"
PP.H0.abf PP.H1.abf PP.H2.abf PP.H3.abf PP.H4.abf 
 1.52e-14  7.04e-04  4.05e-14  8.72e-04  9.98e-01 
[1] "PP abf for shared variant: 99.8%"

Variables in credible sets:

 variable variable_prob cs
        3    0.87852499  1
        1    0.05464094  1
        2    0.05335681  1

Credible sets summary:

 cs cs_log10bf cs_avg_r2 cs_min_r2 variable
  1   14.79676 0.9081137  0.870614    1,2,3

Variables in credible sets:

 variable variable_prob cs
        3    0.63329924  1
        4    0.28512912  1
        2    0.06695883  1

Credible sets summary:

 cs cs_log10bf cs_avg_r2 cs_min_r2 variable
  1   4.226781 0.9099386  0.870614    2,3,4
PP.H0.abf PP.H1.abf PP.H2.abf PP.H3.abf PP.H4.abf 
 2.09e-15  5.24e-04  1.41e-14  1.54e-03  9.98e-01 
[1] "PP abf for shared variant: 99.8%"
   nsnps   hit1   hit2    PP.H0.abf    PP.H1.abf    PP.H2.abf   PP.H3.abf
1:     4 rs3072 rs3072 2.092877e-15 0.0005242813 1.411186e-14 0.001539254
   PP.H4.abf idx1 idx2
1: 0.9979365    1    1
[1] "ENSG00000143869.6"
[1] "GDF7"
[1] "Whole_Blood"
[1] "running liftOver"
[1] "Grabbing the all pairs data"
[1] "reading the all pairs data into R"
[1] 216  14
[1] "Filtering on the geneID"
[1] "adding rs numbers to the QTL data"
[1] "merging the trait and eqtl data on unique ID"
[1] "Running coloc"
PP.H0.abf PP.H1.abf PP.H2.abf PP.H3.abf PP.H4.abf 
 1.61e-11  7.45e-01  2.74e-14  1.01e-03  2.54e-01 
[1] "PP abf for shared variant: 25.4%"

Variables in credible sets:

 variable variable_prob cs
        3    0.87852499  1
        1    0.05464094  1
        2    0.05335681  1

Credible sets summary:

 cs cs_log10bf cs_avg_r2 cs_min_r2 variable
  1   14.79676 0.9081137  0.870614    1,2,3

Variables in credible sets:

 variable variable_prob cs
        4     0.3320501  1
        2     0.2398843  1
        1     0.2312509  1
        3     0.1968148  1

Credible sets summary:

 cs cs_log10bf cs_avg_r2 cs_min_r2 variable
  1  0.6487668 0.9194854  0.870614  1,2,3,4
PP.H0.abf PP.H1.abf PP.H2.abf PP.H3.abf PP.H4.abf 
 3.38e-12  8.46e-01  6.02e-15  1.20e-03  1.53e-01 
[1] "PP abf for shared variant: 15.3%"
   nsnps   hit1      hit2    PP.H0.abf PP.H1.abf    PP.H2.abf   PP.H3.abf
1:     4 rs3072 rs9306895 3.376963e-12 0.8459545 6.016628e-15 0.001201522
   PP.H4.abf idx1 idx2
1:  0.152844    1    1
[1] "ENSG00000118961.14"
[1] "LDAH"
[1] "Skin_Sun_Exposed_Lower_leg"
[1] "running liftOver"
[1] "Grabbing the all pairs data"
[1] "reading the all pairs data into R"
[1] 306  14
[1] "Filtering on the geneID"
[1] "adding rs numbers to the QTL data"
[1] "merging the trait and eqtl data on unique ID"
[1] "Running coloc"
PP.H0.abf PP.H1.abf PP.H2.abf PP.H3.abf PP.H4.abf 
 1.62e-18  7.51e-08  3.81e-13  1.67e-02  9.83e-01 
[1] "PP abf for shared variant: 98.3%"

Variables in credible sets:

 variable variable_prob cs
        3    0.87852499  1
        1    0.05464094  1
        2    0.05335681  1

Credible sets summary:

 cs cs_log10bf cs_avg_r2 cs_min_r2 variable
  1   14.79676 0.9081137  0.870614    1,2,3

Variables in credible sets:

 variable variable_prob cs
        2    0.92307679  1
        1    0.06923118  1

Credible sets summary:

 cs cs_log10bf cs_avg_r2 cs_min_r2 variable
  1   10.60794 0.9451631 0.9451631      1,2
PP.H0.abf PP.H1.abf PP.H2.abf PP.H3.abf PP.H4.abf 
 8.76e-21  2.20e-09  1.42e-13  3.37e-02  9.66e-01 
[1] "PP abf for shared variant: 96.6%"
   nsnps   hit1      hit2    PP.H0.abf    PP.H1.abf    PP.H2.abf  PP.H3.abf
1:     4 rs3072 rs2289081 8.764456e-21 2.195562e-09 1.421422e-13 0.03367503
   PP.H4.abf idx1 idx2
1:  0.966325    1    1
[1] "ENSG00000118961.14"
[1] "LDAH"
[1] "Artery_Tibial"
[1] "running liftOver"
[1] "Grabbing the all pairs data"
[1] "reading the all pairs data into R"
[1] 306  14
[1] "Filtering on the geneID"
[1] "adding rs numbers to the QTL data"
[1] "merging the trait and eqtl data on unique ID"
[1] "Running coloc"
PP.H0.abf PP.H1.abf PP.H2.abf PP.H3.abf PP.H4.abf 
 3.59e-19  1.67e-08  2.11e-13  8.79e-03  9.91e-01 
[1] "PP abf for shared variant: 99.1%"

Variables in credible sets:

 variable variable_prob cs
        3    0.87852499  1
        1    0.05464094  1
        2    0.05335681  1

Credible sets summary:

 cs cs_log10bf cs_avg_r2 cs_min_r2 variable
  1   14.79676 0.9081137  0.870614    1,2,3

Variables in credible sets:

 variable variable_prob cs
        2     0.8168117  1
        4     0.1473290  1

Credible sets summary:

 cs cs_log10bf cs_avg_r2 cs_min_r2 variable
  1   11.21758 0.8943806 0.8943806      2,4
PP.H0.abf PP.H1.abf PP.H2.abf PP.H3.abf PP.H4.abf 
 1.58e-21  3.95e-10  1.04e-13  2.41e-02  9.76e-01 
[1] "PP abf for shared variant: 97.6%"
   nsnps   hit1      hit2    PP.H0.abf    PP.H1.abf    PP.H2.abf  PP.H3.abf
1:     4 rs3072 rs2289081 1.575584e-21 3.946956e-10 1.040106e-13 0.02410364
   PP.H4.abf idx1 idx2
1: 0.9758964    1    1
[1] "ENSG00000143869.6"
[1] "GDF7"
[1] "Artery_Tibial"
[1] "running liftOver"
[1] "Grabbing the all pairs data"
[1] "reading the all pairs data into R"
[1] 306  14
[1] "Filtering on the geneID"
[1] "adding rs numbers to the QTL data"
[1] "merging the trait and eqtl data on unique ID"
[1] "Running coloc"
PP.H0.abf PP.H1.abf PP.H2.abf PP.H3.abf PP.H4.abf 
 5.29e-12  2.46e-01  7.46e-14  2.71e-03  7.52e-01 
[1] "PP abf for shared variant: 75.2%"

Variables in credible sets:

 variable variable_prob cs
        3    0.87852499  1
        1    0.05464094  1
        2    0.05335681  1

Credible sets summary:

 cs cs_log10bf cs_avg_r2 cs_min_r2 variable
  1   14.79676 0.9081137  0.870614    1,2,3

Variables in credible sets:

 variable variable_prob cs
        4     0.2790159  1
        2     0.2707036  1
        1     0.2428386  1
        3     0.2074419  1

Credible sets summary:

 cs cs_log10bf cs_avg_r2 cs_min_r2 variable
  1   1.610728 0.9194854  0.870614  1,2,3,4
PP.H0.abf PP.H1.abf PP.H2.abf PP.H3.abf PP.H4.abf 
 1.45e-12  3.63e-01  2.36e-14  4.66e-03  6.33e-01 
[1] "PP abf for shared variant: 63.3%"
   nsnps   hit1      hit2    PP.H0.abf PP.H1.abf    PP.H2.abf   PP.H3.abf
1:     4 rs3072 rs9306895 1.447897e-12 0.3627089 2.363339e-14 0.004655069
   PP.H4.abf idx1 idx2
1:  0.632636    1    1
[1] "ENSG00000118961.14"
[1] "LDAH"
[1] "Adipose_Subcutaneous"
[1] "running liftOver"
[1] "Grabbing the all pairs data"
[1] "reading the all pairs data into R"
[1] 306  14
[1] "Filtering on the geneID"
[1] "adding rs numbers to the QTL data"
[1] "merging the trait and eqtl data on unique ID"
[1] "Running coloc"
PP.H0.abf PP.H1.abf PP.H2.abf PP.H3.abf PP.H4.abf 
 9.91e-25  4.55e-14  4.15e-13  1.81e-02  9.82e-01 
[1] "PP abf for shared variant: 98.2%"

Variables in credible sets:

 variable variable_prob cs
        3    0.87852499  1
        1    0.05464094  1
        2    0.05335681  1

Credible sets summary:

 cs cs_log10bf cs_avg_r2 cs_min_r2 variable
  1   14.79676 0.9081137  0.870614    1,2,3

Variables in credible sets:

 variable variable_prob cs
        2      0.999303  1

Credible sets summary:

 cs cs_log10bf cs_avg_r2 cs_min_r2 variable
  1   19.78165         1         1        2
PP.H0.abf PP.H1.abf PP.H2.abf PP.H3.abf PP.H4.abf 
 5.97e-30  1.50e-18  1.45e-13  3.43e-02  9.66e-01 
[1] "PP abf for shared variant: 96.6%"
   nsnps   hit1      hit2   PP.H0.abf    PP.H1.abf    PP.H2.abf  PP.H3.abf
1:     4 rs3072 rs2289081 5.97283e-30 1.496238e-18 1.445068e-13 0.03426857
   PP.H4.abf idx1 idx2
1: 0.9657314    1    1
[1] "ENSG00000143869.6"
[1] "GDF7"
[1] "Adipose_Subcutaneous"
[1] "running liftOver"
[1] "Grabbing the all pairs data"
[1] "reading the all pairs data into R"
[1] 306  14
[1] "Filtering on the geneID"
[1] "adding rs numbers to the QTL data"
[1] "merging the trait and eqtl data on unique ID"
[1] "Running coloc"
PP.H0.abf PP.H1.abf PP.H2.abf PP.H3.abf PP.H4.abf 
 8.14e-12  3.74e-01  8.02e-14  3.06e-03  6.23e-01 
[1] "PP abf for shared variant: 62.3%"

Variables in credible sets:

 variable variable_prob cs
        3    0.87852499  1
        1    0.05464094  1
        2    0.05335681  1

Credible sets summary:

 cs cs_log10bf cs_avg_r2 cs_min_r2 variable
  1   14.79676 0.9081137  0.870614    1,2,3

Variables in credible sets:

 variable variable_prob cs
        1    0.48368404  1
        2    0.30398597  1
        3    0.13591426  1
        4    0.07641572  1

Credible sets summary:

 cs cs_log10bf cs_avg_r2 cs_min_r2 variable
  1   1.447781 0.9194854  0.870614  1,2,3,4
PP.H0.abf PP.H1.abf PP.H2.abf PP.H3.abf PP.H4.abf 
 2.07e-12  5.20e-01  2.33e-14  4.88e-03  4.75e-01 
[1] "PP abf for shared variant: 47.5%"
   nsnps   hit1       hit2    PP.H0.abf PP.H1.abf    PP.H2.abf   PP.H3.abf
1:     4 rs3072 rs10193919 2.074833e-12 0.5197611 2.327149e-14 0.004878963
   PP.H4.abf idx1 idx2
1:   0.47536    1    1
[1] "ENSG00000118961.14"
[1] "LDAH"
[1] "Thyroid"
[1] "running liftOver"
[1] "Grabbing the all pairs data"
[1] "reading the all pairs data into R"
[1] 306  14
[1] "Filtering on the geneID"
[1] "adding rs numbers to the QTL data"
[1] "merging the trait and eqtl data on unique ID"
[1] "Running coloc"
PP.H0.abf PP.H1.abf PP.H2.abf PP.H3.abf PP.H4.abf 
 3.82e-24  1.75e-13  3.91e-13  1.69e-02  9.83e-01 
[1] "PP abf for shared variant: 98.3%"

Variables in credible sets:

 variable variable_prob cs
        3    0.87852499  1
        1    0.05464094  1
        2    0.05335681  1

Credible sets summary:

 cs cs_log10bf cs_avg_r2 cs_min_r2 variable
  1   14.79676 0.9081137  0.870614    1,2,3

Variables in credible sets:

 variable variable_prob cs
        2     0.9934321  1

Credible sets summary:

 cs cs_log10bf cs_avg_r2 cs_min_r2 variable
  1    18.7364         1         1        2
PP.H0.abf PP.H1.abf PP.H2.abf PP.H3.abf PP.H4.abf 
 6.60e-29  1.65e-17  1.44e-13  3.41e-02  9.66e-01 
[1] "PP abf for shared variant: 96.6%"
   nsnps   hit1      hit2    PP.H0.abf    PP.H1.abf    PP.H2.abf  PP.H3.abf
1:     4 rs3072 rs2289081 6.598643e-29 1.653009e-17 1.438512e-13 0.03410401
   PP.H4.abf idx1 idx2
1:  0.965896    1    1
[1] "ENSG00000118961.14"
[1] "LDAH"
[1] "Nerve_Tibial"
[1] "running liftOver"
[1] "Grabbing the all pairs data"
[1] "reading the all pairs data into R"
[1] 288  14
[1] "Filtering on the geneID"
[1] "adding rs numbers to the QTL data"
[1] "merging the trait and eqtl data on unique ID"
[1] "Running coloc"
PP.H0.abf PP.H1.abf PP.H2.abf PP.H3.abf PP.H4.abf 
 7.29e-24  3.34e-13  4.17e-13  1.81e-02  9.82e-01 
[1] "PP abf for shared variant: 98.2%"

Variables in credible sets:

 variable variable_prob cs
        3    0.87852499  1
        1    0.05464094  1
        2    0.05335681  1

Credible sets summary:

 cs cs_log10bf cs_avg_r2 cs_min_r2 variable
  1   14.79676 0.9081137  0.870614    1,2,3

Variables in credible sets:

 variable variable_prob cs
        2     0.9990747  1

Credible sets summary:

 cs cs_log10bf cs_avg_r2 cs_min_r2 variable
  1   18.96155         1         1        2
PP.H0.abf PP.H1.abf PP.H2.abf PP.H3.abf PP.H4.abf 
 3.95e-29  9.89e-18  1.45e-13  3.43e-02  9.66e-01 
[1] "PP abf for shared variant: 96.6%"
   nsnps   hit1      hit2    PP.H0.abf    PP.H1.abf    PP.H2.abf  PP.H3.abf
1:     4 rs3072 rs2289081 3.947612e-29 9.889064e-18 1.445266e-13 0.03427355
   PP.H4.abf idx1 idx2
1: 0.9657264    1    1
[1] "ENSG00000118961.14"
[1] "LDAH"
[1] "Skin_Not_Sun_Exposed_Suprapubic"
[1] "running liftOver"
[1] "Grabbing the all pairs data"
[1] "reading the all pairs data into R"
[1] 306  14
[1] "Filtering on the geneID"
[1] "adding rs numbers to the QTL data"
[1] "merging the trait and eqtl data on unique ID"
[1] "Running coloc"
PP.H0.abf PP.H1.abf PP.H2.abf PP.H3.abf PP.H4.abf 
 6.42e-16  2.96e-05  2.64e-13  1.12e-02  9.89e-01 
[1] "PP abf for shared variant: 98.9%"

Variables in credible sets:

 variable variable_prob cs
        3    0.87852499  1
        1    0.05464094  1
        2    0.05335681  1

Credible sets summary:

 cs cs_log10bf cs_avg_r2 cs_min_r2 variable
  1   14.79676 0.9081137  0.870614    1,2,3

Variables in credible sets:

 variable variable_prob cs
        2     0.9778371  1

Credible sets summary:

 cs cs_log10bf cs_avg_r2 cs_min_r2 variable
  1   7.303149         1         1        2
PP.H0.abf PP.H1.abf PP.H2.abf PP.H3.abf PP.H4.abf 
 1.50e-17  3.76e-06  1.21e-13  2.83e-02  9.72e-01 
[1] "PP abf for shared variant: 97.2%"
   nsnps   hit1      hit2  PP.H0.abf    PP.H1.abf  PP.H2.abf  PP.H3.abf
1:     4 rs3072 rs2289081 1.5024e-17 3.763625e-06 1.2078e-13 0.02831294
   PP.H4.abf idx1 idx2
1: 0.9716833    1    1
[1] "ENSG00000118961.14"
[1] "LDAH"
[1] "Lung"
[1] "running liftOver"
[1] "Grabbing the all pairs data"
[1] "reading the all pairs data into R"
[1] 288  14
[1] "Filtering on the geneID"
[1] "adding rs numbers to the QTL data"
[1] "merging the trait and eqtl data on unique ID"
[1] "Running coloc"
PP.H0.abf PP.H1.abf PP.H2.abf PP.H3.abf PP.H4.abf 
 2.83e-19  1.30e-08  3.35e-13  1.44e-02  9.86e-01 
[1] "PP abf for shared variant: 98.6%"

Variables in credible sets:

 variable variable_prob cs
        3    0.87852499  1
        1    0.05464094  1
        2    0.05335681  1

Credible sets summary:

 cs cs_log10bf cs_avg_r2 cs_min_r2 variable
  1   14.79676 0.9081137  0.870614    1,2,3

Variables in credible sets:

 variable variable_prob cs
        2     0.9782551  1

Credible sets summary:

 cs cs_log10bf cs_avg_r2 cs_min_r2 variable
  1   11.93726         1         1        2
PP.H0.abf PP.H1.abf PP.H2.abf PP.H3.abf PP.H4.abf 
 3.99e-22  1.00e-10  1.38e-13  3.27e-02  9.67e-01 
[1] "PP abf for shared variant: 96.7%"
   nsnps   hit1      hit2    PP.H0.abf    PP.H1.abf    PP.H2.abf  PP.H3.abf
1:     4 rs3072 rs2289081 3.990862e-22 9.997408e-11 1.381599e-13 0.03267545
   PP.H4.abf idx1 idx2
1: 0.9673245    1    1
[1] "ENSG00000143869.6"
[1] "GDF7"
[1] "Lung"
[1] "running liftOver"
[1] "Grabbing the all pairs data"
[1] "reading the all pairs data into R"
[1] 288  14
[1] "Filtering on the geneID"
[1] "adding rs numbers to the QTL data"
[1] "merging the trait and eqtl data on unique ID"
[1] "Running coloc"
PP.H0.abf PP.H1.abf PP.H2.abf PP.H3.abf PP.H4.abf 
 1.76e-11  8.06e-01  1.79e-14  6.28e-04  1.93e-01 
[1] "PP abf for shared variant: 19.3%"

Variables in credible sets:

 variable variable_prob cs
        3    0.87852499  1
        1    0.05464094  1
        2    0.05335681  1

Credible sets summary:

 cs cs_log10bf cs_avg_r2 cs_min_r2 variable
  1   14.79676 0.9081137  0.870614    1,2,3

Variables in credible sets:

 variable variable_prob cs
        4     0.2843950  1
        2     0.2669344  1
        3     0.2355190  1
        1     0.2131515  1

Credible sets summary:

 cs cs_log10bf cs_avg_r2 cs_min_r2 variable
  1  0.4241646 0.9194854  0.870614  1,2,3,4
PP.H0.abf PP.H1.abf PP.H2.abf PP.H3.abf PP.H4.abf 
 3.54e-12  8.88e-01  3.76e-15  7.20e-04  1.12e-01 
[1] "PP abf for shared variant: 11.2%"
   nsnps   hit1      hit2    PP.H0.abf PP.H1.abf    PP.H2.abf    PP.H3.abf
1:     4 rs3072 rs9306895 3.543655e-12 0.8877121 3.764229e-15 0.0007198314
   PP.H4.abf idx1 idx2
1: 0.1115681    1    1
[1] "ENSG00000118961.14"
[1] "LDAH"
[1] "Esophagus_Mucosa"
[1] "running liftOver"
[1] "Grabbing the all pairs data"
[1] "reading the all pairs data into R"
[1] 288  14
[1] "Filtering on the geneID"
[1] "adding rs numbers to the QTL data"
[1] "merging the trait and eqtl data on unique ID"
[1] "Running coloc"
PP.H0.abf PP.H1.abf PP.H2.abf PP.H3.abf PP.H4.abf 
 6.63e-28  3.08e-17  4.12e-13  1.81e-02  9.82e-01 
[1] "PP abf for shared variant: 98.2%"

Variables in credible sets:

 variable variable_prob cs
        3    0.87852499  1
        1    0.05464094  1
        2    0.05335681  1

Credible sets summary:

 cs cs_log10bf cs_avg_r2 cs_min_r2 variable
  1   14.79676 0.9081137  0.870614    1,2,3

Variables in credible sets:

 variable variable_prob cs
        2     0.9999193  1

Credible sets summary:

 cs cs_log10bf cs_avg_r2 cs_min_r2 variable
  1   26.01015         1         1        2
PP.H0.abf PP.H1.abf PP.H2.abf PP.H3.abf PP.H4.abf 
 3.53e-36  8.84e-25  1.45e-13  3.43e-02  9.66e-01 
[1] "PP abf for shared variant: 96.6%"
   nsnps   hit1      hit2    PP.H0.abf    PP.H1.abf    PP.H2.abf  PP.H3.abf
1:     4 rs3072 rs2289081 3.529313e-36 8.841192e-25 1.445111e-13 0.03426965
   PP.H4.abf idx1 idx2
1: 0.9657304    1    1
[1] "ENSG00000118961.14"
[1] "LDAH"
[1] "Adipose_Visceral_Omentum"
[1] "running liftOver"
[1] "Grabbing the all pairs data"
[1] "reading the all pairs data into R"
[1] 288  14
[1] "Filtering on the geneID"
[1] "adding rs numbers to the QTL data"
[1] "merging the trait and eqtl data on unique ID"
[1] "Running coloc"
PP.H0.abf PP.H1.abf PP.H2.abf PP.H3.abf PP.H4.abf 
 5.25e-22  2.42e-11  3.35e-13  1.44e-02  9.86e-01 
[1] "PP abf for shared variant: 98.6%"

Variables in credible sets:

 variable variable_prob cs
        3    0.87852499  1
        1    0.05464094  1
        2    0.05335681  1

Credible sets summary:

 cs cs_log10bf cs_avg_r2 cs_min_r2 variable
  1   14.79676 0.9081137  0.870614    1,2,3

Variables in credible sets:

 variable variable_prob cs
        2    0.83450883  1
        4    0.10974192  1
        1    0.05130194  1

Credible sets summary:

 cs cs_log10bf cs_avg_r2 cs_min_r2 variable
  1   16.48023  0.924031 0.8943806    1,2,4
PP.H0.abf PP.H1.abf PP.H2.abf PP.H3.abf PP.H4.abf 
 1.21e-26  3.03e-15  1.46e-13  3.47e-02  9.65e-01 
[1] "PP abf for shared variant: 96.5%"
   nsnps   hit1      hit2    PP.H0.abf    PP.H1.abf   PP.H2.abf  PP.H3.abf
1:     4 rs3072 rs2289081 1.209608e-26 3.030159e-15 1.46195e-13 0.03469233
   PP.H4.abf idx1 idx2
1: 0.9653077    1    1
[1] "ENSG00000118961.14"
[1] "LDAH"
[1] "Esophagus_Muscularis"
[1] "running liftOver"
[1] "Grabbing the all pairs data"
[1] "reading the all pairs data into R"
[1] 288  14
[1] "Filtering on the geneID"
[1] "adding rs numbers to the QTL data"
[1] "merging the trait and eqtl data on unique ID"
[1] "Running coloc"
PP.H0.abf PP.H1.abf PP.H2.abf PP.H3.abf PP.H4.abf 
 5.29e-27  2.47e-16  1.17e-13  4.46e-03  9.96e-01 
[1] "PP abf for shared variant: 99.6%"

Variables in credible sets:

 variable variable_prob cs
        3    0.87852499  1
        1    0.05464094  1
        2    0.05335681  1

Credible sets summary:

 cs cs_log10bf cs_avg_r2 cs_min_r2 variable
  1   14.79676 0.9081137  0.870614    1,2,3

Variables in credible sets:

 variable variable_prob cs
        2    0.85298209  1
        4    0.08719051  1
        3    0.05976828  1

Credible sets summary:

 cs cs_log10bf cs_avg_r2 cs_min_r2 variable
  1   23.86554 0.9099386  0.870614    2,3,4
PP.H0.abf PP.H1.abf PP.H2.abf PP.H3.abf PP.H4.abf 
 2.69e-34  6.75e-23  7.90e-14  1.78e-02  9.82e-01 
[1] "PP abf for shared variant: 98.2%"
   nsnps   hit1      hit2    PP.H0.abf    PP.H1.abf    PP.H2.abf  PP.H3.abf
1:     4 rs3072 rs2289081 2.693338e-34 6.747014e-23 7.904727e-14 0.01783761
   PP.H4.abf idx1 idx2
1: 0.9821624    1    1
[1] "ENSG00000118961.14"
[1] "LDAH"
[1] "Breast_Mammary_Tissue"
[1] "running liftOver"
[1] "Grabbing the all pairs data"
[1] "reading the all pairs data into R"
[1] 288  14
[1] "Filtering on the geneID"
[1] "adding rs numbers to the QTL data"
[1] "merging the trait and eqtl data on unique ID"
[1] "Running coloc"
PP.H0.abf PP.H1.abf PP.H2.abf PP.H3.abf PP.H4.abf 
 2.05e-14  9.57e-04  1.32e-13  5.17e-03  9.94e-01 
[1] "PP abf for shared variant: 99.4%"

Variables in credible sets:

 variable variable_prob cs
        3    0.87852499  1
        1    0.05464094  1
        2    0.05335681  1

Credible sets summary:

 cs cs_log10bf cs_avg_r2 cs_min_r2 variable
  1   14.79676 0.9081137  0.870614    1,2,3

Variables in credible sets:

 variable variable_prob cs
        2     0.7419065  1
        4     0.1203203  1
        3     0.0939847  1

Credible sets summary:

 cs cs_log10bf cs_avg_r2 cs_min_r2 variable
  1   5.243332 0.9099386  0.870614    2,3,4
PP.H0.abf PP.H1.abf PP.H2.abf PP.H3.abf PP.H4.abf 
 8.91e-16  2.23e-04  6.24e-14  1.37e-02  9.86e-01 
[1] "PP abf for shared variant: 98.6%"
   nsnps   hit1      hit2    PP.H0.abf    PP.H1.abf    PP.H2.abf  PP.H3.abf
1:     4 rs3072 rs2289081 8.908344e-16 0.0002231607 6.240063e-14 0.01365959
   PP.H4.abf idx1 idx2
1: 0.9861172    1    1
[1] "ENSG00000118961.14"
[1] "LDAH"
[1] "Artery_Aorta"
[1] "running liftOver"
[1] "Grabbing the all pairs data"
[1] "reading the all pairs data into R"
[1] 324  14
[1] "Filtering on the geneID"
[1] "adding rs numbers to the QTL data"
[1] "merging the trait and eqtl data on unique ID"
[1] "Running coloc"
PP.H0.abf PP.H1.abf PP.H2.abf PP.H3.abf PP.H4.abf 
 3.54e-22  1.61e-11  1.13e-13  4.14e-03  9.96e-01 
[1] "PP abf for shared variant: 99.6%"

Variables in credible sets:

 variable variable_prob cs
        3    0.87852499  1
        1    0.05464094  1
        2    0.05335681  1

Credible sets summary:

 cs cs_log10bf cs_avg_r2 cs_min_r2 variable
  1   14.79676 0.9081137  0.870614    1,2,3

Variables in credible sets:

 variable variable_prob cs
        4    0.84638559  1
        3    0.10179064  1
        2    0.05110621  1

Credible sets summary:

 cs cs_log10bf cs_avg_r2 cs_min_r2 variable
  1   17.14314 0.9099386  0.870614    2,3,4
PP.H0.abf PP.H1.abf PP.H2.abf PP.H3.abf PP.H4.abf 
 1.36e-27  3.41e-16  7.58e-14  1.70e-02  9.83e-01 
[1] "PP abf for shared variant: 98.3%"
   nsnps   hit1      hit2    PP.H0.abf    PP.H1.abf    PP.H2.abf  PP.H3.abf
1:     4 rs3072 rs9306895 1.362089e-27 3.412135e-16 7.575371e-14 0.01701089
   PP.H4.abf idx1 idx2
1: 0.9829891    1    1
[1] "ENSG00000143869.6"
[1] "GDF7"
[1] "Artery_Aorta"
[1] "running liftOver"
[1] "Grabbing the all pairs data"
[1] "reading the all pairs data into R"
[1] 324  14
[1] "Filtering on the geneID"
[1] "adding rs numbers to the QTL data"
[1] "merging the trait and eqtl data on unique ID"
[1] "Running coloc"
PP.H0.abf PP.H1.abf PP.H2.abf PP.H3.abf PP.H4.abf 
 2.00e-11  9.11e-01  9.62e-15  3.49e-04  8.85e-02 
[1] "PP abf for shared variant: 8.85%"

Variables in credible sets:

 variable variable_prob cs
        3    0.87852499  1
        1    0.05464094  1
        2    0.05335681  1

Credible sets summary:

 cs cs_log10bf cs_avg_r2 cs_min_r2 variable
  1   14.79676 0.9081137  0.870614    1,2,3

Variables in credible sets:

 variable variable_prob cs
        2     0.3306932  1
        1     0.2508844  1
        4     0.2132952  1
        3     0.2051272  1

Credible sets summary:

 cs cs_log10bf cs_avg_r2 cs_min_r2 variable
  1  0.1230601 0.9194854  0.870614  1,2,3,4
PP.H0.abf PP.H1.abf PP.H2.abf PP.H3.abf PP.H4.abf 
 3.78e-12  9.46e-01  2.00e-15  3.95e-04  5.38e-02 
[1] "PP abf for shared variant: 5.38%"
   nsnps   hit1      hit2    PP.H0.abf PP.H1.abf    PP.H2.abf    PP.H3.abf
1:     4 rs3072 rs2289081 3.775366e-12 0.9457574 2.004837e-15 0.0003945306
    PP.H4.abf idx1 idx2
1: 0.05384807    1    1
[1] "ENSG00000118961.14"
[1] "LDAH"
[1] "Heart_Left_Ventricle"
[1] "running liftOver"
[1] "Grabbing the all pairs data"
[1] "reading the all pairs data into R"
[1] 270  14
[1] "Filtering on the geneID"
[1] "adding rs numbers to the QTL data"
[1] "merging the trait and eqtl data on unique ID"
[1] "Running coloc"
PP.H0.abf PP.H1.abf PP.H2.abf PP.H3.abf PP.H4.abf 
 1.92e-15  8.68e-05  3.52e-13  1.50e-02  9.85e-01 
[1] "PP abf for shared variant: 98.5%"

Variables in credible sets:

 variable variable_prob cs
        3    0.87852499  1
        1    0.05464094  1
        2    0.05335681  1

Credible sets summary:

 cs cs_log10bf cs_avg_r2 cs_min_r2 variable
  1   14.79676 0.9081137  0.870614    1,2,3

Variables in credible sets:

 variable variable_prob cs
        2    0.67453814  1
        1    0.24623146  1
        4    0.07383947  1

Credible sets summary:

 cs cs_log10bf cs_avg_r2 cs_min_r2 variable
  1   7.224927  0.924031 0.8943806    1,2,4
PP.H0.abf PP.H1.abf PP.H2.abf PP.H3.abf PP.H4.abf 
 2.08e-17  5.22e-06  1.40e-13  3.31e-02  9.67e-01 
[1] "PP abf for shared variant: 96.7%"
   nsnps   hit1      hit2   PP.H0.abf    PP.H1.abf    PP.H2.abf  PP.H3.abf
1:     4 rs3072 rs2289081 2.08372e-17 5.219874e-06 1.399029e-13 0.03311295
   PP.H4.abf idx1 idx2
1: 0.9668818    1    1
[1] "ENSG00000118961.14"
[1] "LDAH"
[1] "Heart_Atrial_Appendage"
[1] "running liftOver"
[1] "Grabbing the all pairs data"
[1] "reading the all pairs data into R"
[1] 288  14
[1] "Filtering on the geneID"
[1] "adding rs numbers to the QTL data"
[1] "merging the trait and eqtl data on unique ID"
[1] "Running coloc"
PP.H0.abf PP.H1.abf PP.H2.abf PP.H3.abf PP.H4.abf 
 3.66e-16  1.66e-05  1.19e-13  4.39e-03  9.96e-01 
[1] "PP abf for shared variant: 99.6%"

Variables in credible sets:

 variable variable_prob cs
        3    0.87852499  1
        1    0.05464094  1
        2    0.05335681  1

Credible sets summary:

 cs cs_log10bf cs_avg_r2 cs_min_r2 variable
  1   14.79676 0.9081137  0.870614    1,2,3

Variables in credible sets:

 variable variable_prob cs
        2     0.4534463  1
        4     0.3902666  1
        3     0.1305150  1

Credible sets summary:

 cs cs_log10bf cs_avg_r2 cs_min_r2 variable
  1   7.617466 0.9099386  0.870614    2,3,4
PP.H0.abf PP.H1.abf PP.H2.abf PP.H3.abf PP.H4.abf 
 3.27e-18  8.19e-07  5.42e-14  1.16e-02  9.88e-01 
[1] "PP abf for shared variant: 98.8%"
   nsnps   hit1      hit2    PP.H0.abf    PP.H1.abf    PP.H2.abf  PP.H3.abf
1:     4 rs3072 rs2289081 3.271002e-18 8.194103e-07 5.422588e-14 0.01160721
   PP.H4.abf idx1 idx2
1:  0.988392    1    1
[1] "ENSG00000118961.14"
[1] "LDAH"
[1] "Colon_Transverse"
[1] "running liftOver"
[1] "Grabbing the all pairs data"
[1] "reading the all pairs data into R"
[1] 270  14
[1] "Filtering on the geneID"
[1] "adding rs numbers to the QTL data"
[1] "merging the trait and eqtl data on unique ID"
[1] "Running coloc"
PP.H0.abf PP.H1.abf PP.H2.abf PP.H3.abf PP.H4.abf 
 6.83e-17  3.16e-06  1.91e-13  7.86e-03  9.92e-01 
[1] "PP abf for shared variant: 99.2%"

Variables in credible sets:

 variable variable_prob cs
        3    0.87852499  1
        1    0.05464094  1
        2    0.05335681  1

Credible sets summary:

 cs cs_log10bf cs_avg_r2 cs_min_r2 variable
  1   14.79676 0.9081137  0.870614    1,2,3

Variables in credible sets:

 variable variable_prob cs
        2     0.8082834  1
        4     0.1547812  1

Credible sets summary:

 cs cs_log10bf cs_avg_r2 cs_min_r2 variable
  1   9.237724 0.8943806 0.8943806      2,4
PP.H0.abf PP.H1.abf PP.H2.abf PP.H3.abf PP.H4.abf 
 1.55e-19  3.88e-08  1.07e-13  2.49e-02  9.75e-01 
[1] "PP abf for shared variant: 97.5%"
   nsnps   hit1      hit2    PP.H0.abf    PP.H1.abf    PP.H2.abf  PP.H3.abf
1:     4 rs3072 rs2289081 1.547402e-19 3.876358e-08 1.070007e-13 0.02485419
   PP.H4.abf idx1 idx2
1: 0.9751458    1    1
[1] "ENSG00000118961.14"
[1] "LDAH"
[1] "Esophagus_Gastroesophageal_Junction"
[1] "running liftOver"
[1] "Grabbing the all pairs data"
[1] "reading the all pairs data into R"
[1] 288  14
[1] "Filtering on the geneID"
[1] "adding rs numbers to the QTL data"
[1] "merging the trait and eqtl data on unique ID"
[1] "Running coloc"
PP.H0.abf PP.H1.abf PP.H2.abf PP.H3.abf PP.H4.abf 
 2.32e-17  1.10e-06  2.91e-13  1.27e-02  9.87e-01 
[1] "PP abf for shared variant: 98.7%"

Variables in credible sets:

 variable variable_prob cs
        3    0.87852499  1
        1    0.05464094  1
        2    0.05335681  1

Credible sets summary:

 cs cs_log10bf cs_avg_r2 cs_min_r2 variable
  1   14.79676 0.9081137  0.870614    1,2,3

Variables in credible sets:

 variable variable_prob cs
        2     0.9944618  1

Credible sets summary:

 cs cs_log10bf cs_avg_r2 cs_min_r2 variable
  1    11.0458         1         1        2
PP.H0.abf PP.H1.abf PP.H2.abf PP.H3.abf PP.H4.abf 
 3.14e-21  7.86e-10  1.40e-13  3.30e-02  9.67e-01 
[1] "PP abf for shared variant: 96.7%"
   nsnps   hit1      hit2   PP.H0.abf    PP.H1.abf    PP.H2.abf  PP.H3.abf
1:     4 rs3072 rs2289081 3.13886e-21 7.863078e-10 1.395177e-13 0.03301626
   PP.H4.abf idx1 idx2
1: 0.9669837    1    1
[1] "ENSG00000118961.14"
[1] "LDAH"
[1] "Stomach"
[1] "running liftOver"
[1] "Grabbing the all pairs data"
[1] "reading the all pairs data into R"
[1] 288  14
[1] "Filtering on the geneID"
[1] "adding rs numbers to the QTL data"
[1] "merging the trait and eqtl data on unique ID"
[1] "Running coloc"
PP.H0.abf PP.H1.abf PP.H2.abf PP.H3.abf PP.H4.abf 
 1.77e-18  8.33e-08  3.28e-13  1.44e-02  9.86e-01 
[1] "PP abf for shared variant: 98.6%"

Variables in credible sets:

 variable variable_prob cs
        3    0.87852499  1
        1    0.05464094  1
        2    0.05335681  1

Credible sets summary:

 cs cs_log10bf cs_avg_r2 cs_min_r2 variable
  1   14.79676 0.9081137  0.870614    1,2,3

Variables in credible sets:

 variable variable_prob cs
        2     0.9854758  1

Credible sets summary:

 cs cs_log10bf cs_avg_r2 cs_min_r2 variable
  1   12.84277         1         1        2
PP.H0.abf PP.H1.abf PP.H2.abf PP.H3.abf PP.H4.abf 
 5.11e-23  1.28e-11  1.42e-13  3.37e-02  9.66e-01 
[1] "PP abf for shared variant: 96.6%"
   nsnps   hit1      hit2    PP.H0.abf    PP.H1.abf    PP.H2.abf PP.H3.abf
1:     4 rs3072 rs2289081 5.113177e-23 1.280889e-11 1.424034e-13 0.0337406
   PP.H4.abf idx1 idx2
1: 0.9662594    1    1
[1] "ENSG00000118961.14"
[1] "LDAH"
[1] "Testis"
[1] "running liftOver"
[1] "Grabbing the all pairs data"
[1] "reading the all pairs data into R"
[1] 0 0
[1] "Did not find gene in all pairs data"
