[1] "trait"
[1] "PP"
[1] "trait_file_header_info"
[1] "/gpfs/projects/bsc83/Projects/Breast/ANALYSIS/Hypertension/analysis/06_colocalization/PP_Evangelou_parsed.txt"
[1] "Tested_Allele"
[1] "Other_Allele"
[1] "SNP"
[1] "CHR"
[1] "POS"
[1] "P"
[1] "N"
[1] "Freq_Tested_Allele"
[1] "traitType:"
[1] "quant"
[1] 18
[1] "Locus Info:"
[1] 18
[1] 43092068
[1] 43099143
[1] "rs7236548"
[1] "QTL type:"
[1] "eqtl"
[1] TRUE
[1] "trait input file successfully loaded"
   CHR      POS        SNP Tested_Allele Other_Allele Freq_Tested_Allele   BETA
1:  18 43092068  rs1421204             T            C             0.8213 0.3584
2:  18 43092380  rs1421203             T            C             0.8219 0.3591
3:  18 43092543 rs55719030             T            C             0.8215 0.3595
4:  18 43092586  rs2362843             C            G             0.1787 0.3601
5:  18 43092664  rs2193637             A            G             0.1786 0.3597
6:  18 43095231  rs7245140             T            C             0.8198 0.3518
       SE         P      N Ref_Allele Alt_Allele
1: 0.0267 4.291e-41 738466          T          C
2: 0.0269 9.791e-41 730480          T          C
3: 0.0267 3.097e-41 738126          T          C
4: 0.0268 4.171e-41 734775          G          C
5: 0.0267 2.347e-41 738589          G          A
6: 0.0267 9.260e-40 737071          T          C
[1] "rs1421204"  "rs1421203"  "rs55719030"
[1] "/gpfs/projects/bsc83/Projects/Breast/ANALYSIS/Hypertension/data/Coloq/chr_18_snp151_hash_table.json"
$rs714
[1] "chr18_52992904"

$rs824
[1] "chr18_42174526"

$rs888
[1] "chr18_49783706"

[1] "hash table loaded"
[1] "/gpfs/projects/bsc83/Projects/Breast/ANALYSIS/Hypertension/analysis/06_colocalization/ColocQuiaL-main/GTEx_v8_Tissue_Summary_with_filenames_all.csv"
                          Tissue NumberRNASeqandGTSamples NumberRNASeqSamples
1              Muscle - Skeletal                      706                 803
2                    Whole Blood                      670                 755
3 Skin - Sun Exposed (Lower leg)                      605                 701
4                Artery - Tibial                      584                 663
5         Adipose - Subcutaneous                      581                 663
6                        Thyroid                      574                 653
  Number_of_eGenes                      allPairsTabixFilename
1            13532            Muscle_Skeletal.allpairs.tab.gz
2            12360                Whole_Blood.allpairs.tab.gz
3            16967 Skin_Sun_Exposed_Lower_leg.allpairs.tab.gz
4            15008              Artery_Tibial.allpairs.tab.gz
5            15607       Adipose_Subcutaneous.allpairs.tab.gz
6            17684                    Thyroid.allpairs.tab.gz
                                              sigPairsTabixFilename
1            Muscle_Skeletal.v8.v8.signif_variant_gene_pairs.tab.gz
2                Whole_Blood.v8.v8.signif_variant_gene_pairs.tab.gz
3 Skin_Sun_Exposed_Lower_leg.v8.v8.signif_variant_gene_pairs.tab.gz
4              Artery_Tibial.v8.v8.signif_variant_gene_pairs.tab.gz
5       Adipose_Subcutaneous.v8.v8.signif_variant_gene_pairs.tab.gz
6                    Thyroid.v8.v8.signif_variant_gene_pairs.tab.gz
[1] "chr18_45517785"
[1] "ENSG00000152217.16"
[1] "SETBP1"
[1] "Artery_Aorta"
[1] "running liftOver"
[1] "Grabbing the all pairs data"
[1] "reading the all pairs data into R"
[1] 615  14
[1] "Filtering on the geneID"
[1] "adding rs numbers to the QTL data"
[1] "merging the trait and eqtl data on unique ID"
[1] "Running coloc"
PP.H0.abf PP.H1.abf PP.H2.abf PP.H3.abf PP.H4.abf 
 2.27e-38  2.32e-03  2.71e-38  1.77e-03  9.96e-01 
[1] "PP abf for shared variant: 99.6%"

Variables in credible sets:

 variable variable_prob cs
        7    0.90800341  1
        3    0.03351663  1
        6    0.03031658  1

Credible sets summary:

 cs cs_log10bf cs_avg_r2 cs_min_r2 variable
  1   38.58437 0.9709619 0.9566033    3,6,7

Variables in credible sets:

 variable variable_prob cs
        7    0.52833215  1
        9    0.16781451  1
        5    0.13467113  1
        3    0.03979616  1
        2    0.03701493  1
        4    0.03701493  1
        6    0.03701493  1

Credible sets summary:

 cs cs_log10bf cs_avg_r2 cs_min_r2      variable
  1   4.133927 0.9490546 0.9001171 2,3,4,5,6,7,9
PP.H0.abf PP.H1.abf PP.H2.abf PP.H3.abf PP.H4.abf 
 9.75e-40  3.37e-04  1.19e-38  2.13e-03  9.98e-01 
[1] "PP abf for shared variant: 99.8%"
   nsnps      hit1      hit2    PP.H0.abf    PP.H1.abf    PP.H2.abf  PP.H3.abf
1:     9 rs7236548 rs7236548 9.750464e-40 0.0003370091 1.194523e-38 0.00213362
   PP.H4.abf idx1 idx2
1: 0.9975294    1    1
[1] "ENSG00000267414.1"
[1] "SETBP1-DT"
[1] "Artery_Aorta"
[1] "running liftOver"
[1] "Grabbing the all pairs data"
[1] "reading the all pairs data into R"
[1] 615  14
[1] "Filtering on the geneID"
[1] "adding rs numbers to the QTL data"
[1] "merging the trait and eqtl data on unique ID"
[1] "Running coloc"
PP.H0.abf PP.H1.abf PP.H2.abf PP.H3.abf PP.H4.abf 
 6.74e-37  6.87e-02  4.27e-38  3.43e-03  9.28e-01 
[1] "PP abf for shared variant: 92.8%"

Variables in credible sets:

 variable variable_prob cs
        7    0.90800341  1
        3    0.03351663  1
        6    0.03031658  1

Credible sets summary:

 cs cs_log10bf cs_avg_r2 cs_min_r2 variable
  1   38.58437 0.9709619 0.9566033    3,6,7

Variables in credible sets:

 variable variable_prob cs
        7    0.27115683  1
        5    0.17845800  1
        9    0.14991322  1
        3    0.07673251  1
        2    0.07567387  1
        4    0.07567387  1
        6    0.07567387  1
        8    0.04913834  1

Credible sets summary:

 cs cs_log10bf cs_avg_r2 cs_min_r2        variable
  1   2.257872 0.9519839 0.9001171 2,3,4,5,6,7,8,9
PP.H0.abf PP.H1.abf PP.H2.abf PP.H3.abf PP.H4.abf 
 1.33e-37  4.60e-02  2.17e-38  5.59e-03  9.48e-01 
[1] "PP abf for shared variant: 94.8%"
   nsnps      hit1      hit2    PP.H0.abf  PP.H1.abf    PP.H2.abf   PP.H3.abf
1:     9 rs7236548 rs7236548 1.329989e-37 0.04596894 2.167518e-38 0.005594806
   PP.H4.abf idx1 idx2
1: 0.9484363    1    1
[1] "ENSG00000152217.16"
[1] "SETBP1"
[1] "Heart_Atrial_Appendage"
[1] "running liftOver"
[1] "Grabbing the all pairs data"
[1] "reading the all pairs data into R"
[1] 451  14
[1] "Filtering on the geneID"
[1] "adding rs numbers to the QTL data"
[1] "merging the trait and eqtl data on unique ID"
[1] "Running coloc"
PP.H0.abf PP.H1.abf PP.H2.abf PP.H3.abf PP.H4.abf 
 7.40e-37  7.65e-02  1.04e-37  9.89e-03  9.14e-01 
[1] "PP abf for shared variant: 91.4%"

Variables in credible sets:

 variable variable_prob cs
        7    0.90800341  1
        3    0.03351663  1
        6    0.03031658  1

Credible sets summary:

 cs cs_log10bf cs_avg_r2 cs_min_r2 variable
  1   38.58437 0.9709619 0.9566033    3,6,7

Variables in credible sets:

 variable variable_prob cs
        2    0.19137088  1
        3    0.19137088  1
        4    0.19137088  1
        6    0.19137088  1
        7    0.05791663  1
        5    0.05419123  1
        9    0.05057810  1
        1    0.04265605  1

Credible sets summary:

 cs cs_log10bf cs_avg_r2 cs_min_r2        variable
  1   2.807729 0.9113054 0.7520168 1,2,3,4,5,6,7,9
PP.H0.abf PP.H1.abf PP.H2.abf PP.H3.abf PP.H4.abf 
 1.33e-37  4.59e-02  7.67e-38  2.47e-02  9.29e-01 
[1] "PP abf for shared variant: 92.9%"
   nsnps      hit1      hit2    PP.H0.abf  PP.H1.abf    PP.H2.abf  PP.H3.abf
1:     9 rs7236548 rs1421203 1.327679e-37 0.04588908 7.674748e-38 0.02466765
   PP.H4.abf idx1 idx2
1: 0.9294433    1    1
