remove R/4.1.0 (PATH, LD_LIBRARY_PATH)
load R/4.1.0 (PATH, LD_LIBRARY_PATH)
load htslib/1.14 (LD_LIBRARY_PATH, MANPATH, C_INCLUDE_PATH, PKG_CONFIG_PATH)
load vcftools/0.1.16 (PATH, MANPATH)
This is a new update to coloc.
-- Attaching packages --------------------------------------- tidyverse 1.3.2 --
v ggplot2 3.3.5     v purrr   0.3.4
v tibble  3.1.8     v dplyr   1.0.8
v tidyr   1.2.0     v stringr 1.4.0
v readr   2.1.2     v forcats 0.5.1
-- Conflicts ------------------------------------------ tidyverse_conflicts() --
x dplyr::between()   masks data.table::between()
x dplyr::filter()    masks stats::filter()
x dplyr::first()     masks data.table::first()
x dplyr::lag()       masks stats::lag()
x dplyr::last()      masks data.table::last()
x purrr::transpose() masks data.table::transpose()
API: public: http://gwas-api.mrcieu.ac.uk/
Loading required package: AnnotationDbi
Loading required package: stats4
Loading required package: BiocGenerics

Attaching package: 'BiocGenerics'

The following objects are masked from 'package:dplyr':

    combine, intersect, setdiff, union

The following objects are masked from 'package:stats':

    IQR, mad, sd, var, xtabs

The following objects are masked from 'package:base':

    Filter, Find, Map, Position, Reduce, anyDuplicated, append,
    as.data.frame, basename, cbind, colnames, dirname, do.call,
    duplicated, eval, evalq, get, grep, grepl, intersect, is.unsorted,
    lapply, mapply, match, mget, order, paste, pmax, pmax.int, pmin,
    pmin.int, rank, rbind, rownames, sapply, setdiff, sort, table,
    tapply, union, unique, unsplit, which.max, which.min

Loading required package: Biobase
Welcome to Bioconductor

    Vignettes contain introductory material; view with
    'browseVignettes()'. To cite Bioconductor, see
    'citation("Biobase")', and for packages 'citation("pkgname")'.

Loading required package: IRanges
Loading required package: S4Vectors

Attaching package: 'S4Vectors'

The following objects are masked from 'package:dplyr':

    first, rename

The following object is masked from 'package:tidyr':

    expand

The following objects are masked from 'package:data.table':

    first, second

The following objects are masked from 'package:base':

    I, expand.grid, unname


Attaching package: 'IRanges'

The following objects are masked from 'package:dplyr':

    collapse, desc, slice

The following object is masked from 'package:purrr':

    reduce

The following object is masked from 'package:data.table':

    shift


Attaching package: 'AnnotationDbi'

The following object is masked from 'package:dplyr':

    select



Registered S3 method overwritten by 'ggtree':
  method      from 
  identify.gg ggfun
clusterProfiler v4.2.2  For help: https://yulab-smu.top/biomedical-knowledge-mining-book/

If you use clusterProfiler in published research, please cite:
T Wu, E Hu, S Xu, M Chen, P Guo, Z Dai, T Feng, L Zhou, W Tang, L Zhan, X Fu, S Liu, X Bo, and G Yu. clusterProfiler 4.0: A universal enrichment tool for interpreting omics data. The Innovation. 2021, 2(3):100141

Attaching package: 'clusterProfiler'

The following object is masked from 'package:AnnotationDbi':

    select

The following object is masked from 'package:IRanges':

    slice

The following object is masked from 'package:S4Vectors':

    rename

The following object is masked from 'package:purrr':

    simplify

The following object is masked from 'package:stats':

    filter


Attaching package: 'glue'

The following object is masked from 'package:IRanges':

    trim

Loading required package: OrganismDbi
Loading required package: GenomicFeatures
Loading required package: GenomeInfoDb
Loading required package: GenomicRanges
Loading required package: GO.db
Loading required package: TxDb.Hsapiens.UCSC.hg19.knownGene
Registered S3 method overwritten by 'GGally':
  method from   
  +.gg   ggplot2
Need specific help about ggbio? try mailing 
 the maintainer or visit https://lawremi.github.io/ggbio/

Attaching package: 'ggbio'

The following objects are masked from 'package:ggplot2':

    geom_bar, geom_rect, geom_segment, ggsave, stat_bin, stat_identity,
    xlim

Loading required package: gridExtra

Attaching package: 'gridExtra'

The following object is masked from 'package:Biobase':

    combine

The following object is masked from 'package:BiocGenerics':

    combine

The following object is masked from 'package:dplyr':

    combine

'select()' returned 1:1 mapping between keys and columns
Reading liftover chains
Mapping coordinates
running max iterations: 100
WARNING: Providing the sample size (n), or even a rough estimate of n, is highly recommended. Without n, the implicit assumption is n is large (Inf) and the effect sizes are small (close to zero).
	converged: TRUE
running max iterations: 100
WARNING: Providing the sample size (n), or even a rough estimate of n, is highly recommended. Without n, the implicit assumption is n is large (Inf) and the effect sizes are small (close to zero).
	converged: TRUE
Using 6/ 6 and 6 available
'select()' returned 1:1 mapping between keys and columns
Reading liftover chains
Mapping coordinates
running max iterations: 100
WARNING: Providing the sample size (n), or even a rough estimate of n, is highly recommended. Without n, the implicit assumption is n is large (Inf) and the effect sizes are small (close to zero).
	converged: TRUE
running max iterations: 100
WARNING: Providing the sample size (n), or even a rough estimate of n, is highly recommended. Without n, the implicit assumption is n is large (Inf) and the effect sizes are small (close to zero).
	converged: TRUE
Using 6/ 6 and 6 available
'select()' returned 1:1 mapping between keys and columns
Reading liftover chains
Mapping coordinates
running max iterations: 100
WARNING: Providing the sample size (n), or even a rough estimate of n, is highly recommended. Without n, the implicit assumption is n is large (Inf) and the effect sizes are small (close to zero).
	converged: TRUE
running max iterations: 100
WARNING: Providing the sample size (n), or even a rough estimate of n, is highly recommended. Without n, the implicit assumption is n is large (Inf) and the effect sizes are small (close to zero).
	converged: TRUE
Using 6/ 6 and 6 available
'select()' returned 1:1 mapping between keys and columns
Reading liftover chains
Mapping coordinates
running max iterations: 100
WARNING: Providing the sample size (n), or even a rough estimate of n, is highly recommended. Without n, the implicit assumption is n is large (Inf) and the effect sizes are small (close to zero).
	converged: TRUE
running max iterations: 100
WARNING: Providing the sample size (n), or even a rough estimate of n, is highly recommended. Without n, the implicit assumption is n is large (Inf) and the effect sizes are small (close to zero).
	converged: TRUE
Using 6/ 6 and 6 available
'select()' returned 1:1 mapping between keys and columns
Reading liftover chains
Mapping coordinates
running max iterations: 100
WARNING: Providing the sample size (n), or even a rough estimate of n, is highly recommended. Without n, the implicit assumption is n is large (Inf) and the effect sizes are small (close to zero).
	converged: TRUE
running max iterations: 100
WARNING: Providing the sample size (n), or even a rough estimate of n, is highly recommended. Without n, the implicit assumption is n is large (Inf) and the effect sizes are small (close to zero).
	converged: TRUE
Using 6/ 6 and 6 available
'select()' returned 1:1 mapping between keys and columns
Reading liftover chains
Mapping coordinates
running max iterations: 100
WARNING: Providing the sample size (n), or even a rough estimate of n, is highly recommended. Without n, the implicit assumption is n is large (Inf) and the effect sizes are small (close to zero).
	converged: TRUE
running max iterations: 100
WARNING: Providing the sample size (n), or even a rough estimate of n, is highly recommended. Without n, the implicit assumption is n is large (Inf) and the effect sizes are small (close to zero).
	converged: TRUE
Using 6/ 6 and 6 available
'select()' returned 1:1 mapping between keys and columns
Reading liftover chains
Mapping coordinates
running max iterations: 100
WARNING: Providing the sample size (n), or even a rough estimate of n, is highly recommended. Without n, the implicit assumption is n is large (Inf) and the effect sizes are small (close to zero).
	converged: TRUE
running max iterations: 100
WARNING: Providing the sample size (n), or even a rough estimate of n, is highly recommended. Without n, the implicit assumption is n is large (Inf) and the effect sizes are small (close to zero).
	converged: TRUE
Using 6/ 6 and 6 available
Reading liftover chains
Mapping coordinates
running max iterations: 100
WARNING: Providing the sample size (n), or even a rough estimate of n, is highly recommended. Without n, the implicit assumption is n is large (Inf) and the effect sizes are small (close to zero).
	converged: TRUE
running max iterations: 100
WARNING: Providing the sample size (n), or even a rough estimate of n, is highly recommended. Without n, the implicit assumption is n is large (Inf) and the effect sizes are small (close to zero).
	converged: TRUE
Using 6/ 6 and 6 available
Reading liftover chains
Mapping coordinates
running max iterations: 100
WARNING: Providing the sample size (n), or even a rough estimate of n, is highly recommended. Without n, the implicit assumption is n is large (Inf) and the effect sizes are small (close to zero).
	converged: TRUE
running max iterations: 100
WARNING: Providing the sample size (n), or even a rough estimate of n, is highly recommended. Without n, the implicit assumption is n is large (Inf) and the effect sizes are small (close to zero).
	converged: TRUE
Using 6/ 6 and 6 available
'select()' returned 1:1 mapping between keys and columns
Reading liftover chains
Mapping coordinates
running max iterations: 100
WARNING: Providing the sample size (n), or even a rough estimate of n, is highly recommended. Without n, the implicit assumption is n is large (Inf) and the effect sizes are small (close to zero).
	converged: TRUE
running max iterations: 100
WARNING: Providing the sample size (n), or even a rough estimate of n, is highly recommended. Without n, the implicit assumption is n is large (Inf) and the effect sizes are small (close to zero).
	converged: TRUE
Using 6/ 6 and 6 available
There were 14 warnings (use warnings() to see them)
