[1] "trait"
[1] "PP"
[1] "trait_file_header_info"
[1] "/gpfs/projects/bsc83/Projects/Breast/ANALYSIS/Hypertension/analysis/06_colocalization/PP_Evangelou_parsed.txt"
[1] "Tested_Allele"
[1] "Other_Allele"
[1] "SNP"
[1] "CHR"
[1] "POS"
[1] "P"
[1] "N"
[1] "Freq_Tested_Allele"
[1] "traitType:"
[1] "quant"
[1] 9
[1] "Locus Info:"
[1] 9
[1] 127900996
[1] 127988241
[1] "rs72765298"
[1] "QTL type:"
[1] "eqtl"
[1] TRUE
[1] "trait input file successfully loaded"
   CHR       POS        SNP Tested_Allele Other_Allele Freq_Tested_Allele
1:   9 127900996 rs72765298             T            C             0.8750
2:   9 127913157 rs72767003             T            C             0.1439
3:   9 127934502  rs2416955             T            C             0.8559
4:   9 127938486  rs1364372             T            C             0.8560
5:   9 127938660 rs72767013             T            C             0.1439
6:   9 127980923 rs17253010             A            G             0.8548
     BETA     SE         P      N Ref_Allele Alt_Allele
1: 0.3421 0.0315 1.557e-27 719579          T          C
2: 0.3231 0.0291 1.355e-28 742407          C          T
3: 0.3228 0.0291 1.275e-28 743182          T          C
4: 0.3209 0.0291 2.743e-28 743867          T          C
5: 0.3221 0.0291 1.742e-28 743417          C          T
6: 0.3105 0.0291 1.205e-26 739707          A          G
[1] "rs72765298" "rs72767003" "rs2416955" 
[1] "/gpfs/projects/bsc83/Projects/Breast/ANALYSIS/Hypertension/data/Coloq/chr_9_snp151_hash_table.json"
$rs236
[1] "chr9_119661416"

$rs237
[1] "chr9_119661407"

$rs238
[1] "chr9_96023994"

[1] "hash table loaded"
[1] "/gpfs/projects/bsc83/Projects/Breast/ANALYSIS/Hypertension/analysis/06_colocalization/ColocQuiaL-main/GTEx_v8_Tissue_Summary_with_filenames_all.csv"
                          Tissue NumberRNASeqandGTSamples NumberRNASeqSamples
1              Muscle - Skeletal                      706                 803
2                    Whole Blood                      670                 755
3 Skin - Sun Exposed (Lower leg)                      605                 701
4                Artery - Tibial                      584                 663
5         Adipose - Subcutaneous                      581                 663
6                        Thyroid                      574                 653
  Number_of_eGenes                      allPairsTabixFilename
1            13532            Muscle_Skeletal.allpairs.tab.gz
2            12360                Whole_Blood.allpairs.tab.gz
3            16967 Skin_Sun_Exposed_Lower_leg.allpairs.tab.gz
4            15008              Artery_Tibial.allpairs.tab.gz
5            15607       Adipose_Subcutaneous.allpairs.tab.gz
6            17684                    Thyroid.allpairs.tab.gz
                                              sigPairsTabixFilename
1            Muscle_Skeletal.v8.v8.signif_variant_gene_pairs.tab.gz
2                Whole_Blood.v8.v8.signif_variant_gene_pairs.tab.gz
3 Skin_Sun_Exposed_Lower_leg.v8.v8.signif_variant_gene_pairs.tab.gz
4              Artery_Tibial.v8.v8.signif_variant_gene_pairs.tab.gz
5       Adipose_Subcutaneous.v8.v8.signif_variant_gene_pairs.tab.gz
6                    Thyroid.v8.v8.signif_variant_gene_pairs.tab.gz
[1] "chr9_125138717"
[1] "ENSG00000173611.17"
[1] "SCAI"
[1] "Muscle_Skeletal"
[1] "running liftOver"
[1] "Grabbing the all pairs data"
[1] "reading the all pairs data into R"
[1] 4448   14
[1] "Filtering on the geneID"
[1] "adding rs numbers to the QTL data"
[1] "merging the trait and eqtl data on unique ID"
[1] "Running coloc"
PP.H0.abf PP.H1.abf PP.H2.abf PP.H3.abf PP.H4.abf 
 2.76e-24  5.47e-03  2.53e-24  4.01e-03  9.91e-01 
[1] "PP abf for shared variant: 99.1%"

Variables in credible sets:

 variable variable_prob cs
        4     0.4669295  1
        5     0.3200018  1
        2     0.2036597  1

Credible sets summary:

 cs cs_log10bf cs_avg_r2 cs_min_r2 variable
  1   25.05963         1         1    2,4,5

Variables in credible sets:

 variable variable_prob cs
        2     0.2045819  1
        4     0.2045819  1
        5     0.2045819  1
        1     0.1802993  1
        3     0.1802993  1

Credible sets summary:

 cs cs_log10bf cs_avg_r2 cs_min_r2  variable
  1   3.773443 0.9805927 0.9677601 1,2,3,4,5
PP.H0.abf PP.H1.abf PP.H2.abf PP.H3.abf PP.H4.abf 
 3.96e-25  2.72e-03  1.41e-24  7.72e-03  9.90e-01 
[1] "PP abf for shared variant: 99%"
   nsnps       hit1      hit2    PP.H0.abf   PP.H1.abf   PP.H2.abf   PP.H3.abf
1:     6 rs72767003 rs1364372 3.957868e-25 0.002724196 1.40947e-24 0.007722256
   PP.H4.abf idx1 idx2
1: 0.9895535    1    1
[1] "ENSG00000136950.13"
[1] "ARPC5L"
[1] "Skin_Sun_Exposed_Lower_leg"
[1] "running liftOver"
[1] "Grabbing the all pairs data"
[1] "reading the all pairs data into R"
[1] 5004   14
[1] "Filtering on the geneID"
[1] "adding rs numbers to the QTL data"
[1] "merging the trait and eqtl data on unique ID"
[1] "Running coloc"
PP.H0.abf PP.H1.abf PP.H2.abf PP.H3.abf PP.H4.abf 
 1.35e-22  2.65e-01  2.02e-24  3.22e-03  7.32e-01 
[1] "PP abf for shared variant: 73.2%"

Variables in credible sets:

 variable variable_prob cs
        4     0.4669295  1
        5     0.3200018  1
        2     0.2036597  1

Credible sets summary:

 cs cs_log10bf cs_avg_r2 cs_min_r2 variable
  1   25.05963         1         1    2,4,5

Variables in credible sets:

 variable variable_prob cs
        1    0.18880534  1
        2    0.18880534  1
        3    0.18880534  1
        4    0.18880534  1
        5    0.18880534  1
        6    0.05597328  1

Credible sets summary:

 cs cs_log10bf cs_avg_r2 cs_min_r2    variable
  1   1.571728 0.9805927 0.9677601 1,2,3,4,5,6
PP.H0.abf PP.H1.abf PP.H2.abf PP.H3.abf PP.H4.abf 
 4.65e-23  3.20e-01  1.04e-24  5.81e-03  6.74e-01 
[1] "PP abf for shared variant: 67.4%"
   nsnps       hit1       hit2    PP.H0.abf PP.H1.abf    PP.H2.abf   PP.H3.abf
1:     6 rs72767003 rs11788700 4.645253e-23 0.3197323 1.039653e-24 0.005806997
   PP.H4.abf idx1 idx2
1: 0.6744607    1    1
[1] "ENSG00000119414.11"
[1] "PPP6C"
[1] "Artery_Tibial"
[1] "running liftOver"
[1] "Grabbing the all pairs data"
[1] "reading the all pairs data into R"
[1] 4726   14
[1] "Filtering on the geneID"
[1] "adding rs numbers to the QTL data"
[1] "merging the trait and eqtl data on unique ID"
[1] "Running coloc"
PP.H0.abf PP.H1.abf PP.H2.abf PP.H3.abf PP.H4.abf 
 1.30e-22  2.59e-01  2.23e-24  3.72e-03  7.37e-01 
[1] "PP abf for shared variant: 73.7%"

Variables in credible sets:

 variable variable_prob cs
        4     0.4669295  1
        5     0.3200018  1
        2     0.2036597  1

Credible sets summary:

 cs cs_log10bf cs_avg_r2 cs_min_r2 variable
  1   25.05963         1         1    2,4,5

Variables in credible sets:

 variable variable_prob cs
        1     0.2475365  1
        3     0.2475365  1
        2     0.1593550  1
        4     0.1593550  1
        5     0.1593550  1

Credible sets summary:

 cs cs_log10bf cs_avg_r2 cs_min_r2  variable
  1   1.689834 0.9805927 0.9677601 1,2,3,4,5
PP.H0.abf PP.H1.abf PP.H2.abf PP.H3.abf PP.H4.abf 
 4.31e-23  2.97e-01  1.27e-24  7.32e-03  6.96e-01 
[1] "PP abf for shared variant: 69.6%"
   nsnps       hit1       hit2    PP.H0.abf PP.H1.abf    PP.H2.abf   PP.H3.abf
1:     6 rs72767003 rs11788700 4.311032e-23 0.2967278 1.266387e-24 0.007324629
   PP.H4.abf idx1 idx2
1: 0.6959475    1    1
[1] "ENSG00000136935.13"
[1] "GOLGA1"
[1] "Artery_Tibial"
[1] "running liftOver"
[1] "Grabbing the all pairs data"
[1] "reading the all pairs data into R"
[1] 4726   14
[1] "Filtering on the geneID"
[1] "adding rs numbers to the QTL data"
[1] "merging the trait and eqtl data on unique ID"
[1] "Running coloc"
PP.H0.abf PP.H1.abf PP.H2.abf PP.H3.abf PP.H4.abf 
 2.19e-22  4.36e-01  1.39e-24  2.20e-03  5.62e-01 
[1] "PP abf for shared variant: 56.2%"

Variables in credible sets:

 variable variable_prob cs
        4     0.4669295  1
        5     0.3200018  1
        2     0.2036597  1

Credible sets summary:

 cs cs_log10bf cs_avg_r2 cs_min_r2 variable
  1   25.05963         1         1    2,4,5

Variables in credible sets:

 variable variable_prob cs
        2     0.2137079  1
        4     0.2137079  1
        5     0.2137079  1
        1     0.1240654  1
        3     0.1240654  1
        6     0.1107455  1

Credible sets summary:

 cs cs_log10bf cs_avg_r2 cs_min_r2    variable
  1   1.131832 0.9805927 0.9677601 1,2,3,4,5,6
PP.H0.abf PP.H1.abf PP.H2.abf PP.H3.abf PP.H4.abf 
 7.76e-23  5.34e-01  6.31e-25  3.42e-03  4.62e-01 
[1] "PP abf for shared variant: 46.2%"
   nsnps       hit1      hit2    PP.H0.abf PP.H1.abf    PP.H2.abf   PP.H3.abf
1:     6 rs72767003 rs1364372 7.763663e-23 0.5343721 6.310295e-25 0.003418951
   PP.H4.abf idx1 idx2
1:  0.462209    1    1
[1] "ENSG00000173611.17"
[1] "SCAI"
[1] "Artery_Tibial"
[1] "running liftOver"
[1] "Grabbing the all pairs data"
[1] "reading the all pairs data into R"
[1] 4726   14
[1] "Filtering on the geneID"
[1] "adding rs numbers to the QTL data"
[1] "merging the trait and eqtl data on unique ID"
[1] "Running coloc"
PP.H0.abf PP.H1.abf PP.H2.abf PP.H3.abf PP.H4.abf 
 3.25e-34  6.48e-13  2.18e-24  3.35e-03  9.97e-01 
[1] "PP abf for shared variant: 99.7%"

Variables in credible sets:

 variable variable_prob cs
        4     0.4669295  1
        5     0.3200018  1
        2     0.2036597  1

Credible sets summary:

 cs cs_log10bf cs_avg_r2 cs_min_r2 variable
  1   25.05963         1         1    2,4,5

Variables in credible sets:

 variable variable_prob cs
        2     0.2428312  1
        4     0.2428312  1
        5     0.2428312  1
        1     0.1357528  1
        3     0.1357528  1

Credible sets summary:

 cs cs_log10bf cs_avg_r2 cs_min_r2  variable
  1   19.58537 0.9805927 0.9677601 1,2,3,4,5
PP.H0.abf PP.H1.abf PP.H2.abf PP.H3.abf PP.H4.abf 
 5.18e-41  3.56e-19  1.20e-24  6.24e-03  9.94e-01 
[1] "PP abf for shared variant: 99.4%"
   nsnps       hit1      hit2    PP.H0.abf    PP.H1.abf    PP.H2.abf
1:     6 rs72767003 rs1364372 5.176803e-41 3.563187e-19 1.195605e-24
     PP.H3.abf PP.H4.abf idx1 idx2
1: 0.006241818 0.9937582    1    1
[1] "ENSG00000136950.13"
[1] "ARPC5L"
[1] "Thyroid"
[1] "running liftOver"
[1] "Grabbing the all pairs data"
[1] "reading the all pairs data into R"
[1] 5838   14
[1] "Filtering on the geneID"
[1] "adding rs numbers to the QTL data"
[1] "merging the trait and eqtl data on unique ID"
[1] "Running coloc"
PP.H0.abf PP.H1.abf PP.H2.abf PP.H3.abf PP.H4.abf 
 3.78e-22  7.53e-01  6.84e-25  1.12e-03  2.46e-01 
[1] "PP abf for shared variant: 24.6%"

Variables in credible sets:

 variable variable_prob cs
        4     0.4669295  1
        5     0.3200018  1
        2     0.2036597  1

Credible sets summary:

 cs cs_log10bf cs_avg_r2 cs_min_r2 variable
  1   25.05963         1         1    2,4,5

Variables in credible sets:

 variable variable_prob cs
        2     0.1819153  1
        4     0.1819153  1
        5     0.1819153  1
        1     0.1681622  1
        3     0.1681622  1
        6     0.1179297  1

Credible sets summary:

 cs cs_log10bf cs_avg_r2 cs_min_r2    variable
  1   0.494203 0.9805927 0.9677601 1,2,3,4,5,6
PP.H0.abf PP.H1.abf PP.H2.abf PP.H3.abf PP.H4.abf 
 1.24e-22  8.54e-01  2.32e-25  1.31e-03  1.45e-01 
[1] "PP abf for shared variant: 14.5%"
   nsnps       hit1      hit2    PP.H0.abf PP.H1.abf    PP.H2.abf   PP.H3.abf
1:     6 rs72767003 rs1364372 1.240067e-22 0.8535365 2.321664e-25 0.001307687
   PP.H4.abf idx1 idx2
1: 0.1451558    1    1
[1] "ENSG00000173611.17"
[1] "SCAI"
[1] "Artery_Aorta"
[1] "running liftOver"
[1] "Grabbing the all pairs data"
[1] "reading the all pairs data into R"
[1] 5282   14
[1] "Filtering on the geneID"
[1] "adding rs numbers to the QTL data"
[1] "merging the trait and eqtl data on unique ID"
[1] "Running coloc"
PP.H0.abf PP.H1.abf PP.H2.abf PP.H3.abf PP.H4.abf 
 6.03e-28  1.19e-06  2.31e-24  3.58e-03  9.96e-01 
[1] "PP abf for shared variant: 99.6%"

Variables in credible sets:

 variable variable_prob cs
        4     0.4669295  1
        5     0.3200018  1
        2     0.2036597  1

Credible sets summary:

 cs cs_log10bf cs_avg_r2 cs_min_r2 variable
  1   25.05963         1         1    2,4,5

Variables in credible sets:

 variable variable_prob cs
        2     0.2354980  1
        4     0.2354980  1
        5     0.2354980  1
        1     0.1461304  1
        3     0.1461304  1

Credible sets summary:

 cs cs_log10bf cs_avg_r2 cs_min_r2  variable
  1   11.12258 0.9805927 0.9677601 1,2,3,4,5
PP.H0.abf PP.H1.abf PP.H2.abf PP.H3.abf PP.H4.abf 
 1.55e-32  1.07e-10  1.23e-24  6.49e-03  9.94e-01 
[1] "PP abf for shared variant: 99.4%"
   nsnps       hit1      hit2    PP.H0.abf    PP.H1.abf    PP.H2.abf
1:     6 rs72767003 rs1364372 1.548357e-32 1.065732e-10 1.231965e-24
     PP.H3.abf PP.H4.abf idx1 idx2
1: 0.006492585 0.9935074    1    1
[1] "ENSEMBL ID could not be converted to HGNC Symbol"
[1] "geneSymbol will be set to the ENSEMBL ID ENSG00000232630"
[1] "ENSG00000232630.1"
[1] "ENSG00000232630"
[1] "Artery_Aorta"
[1] "running liftOver"
[1] "Grabbing the all pairs data"
[1] "reading the all pairs data into R"
[1] 5282   14
[1] "Filtering on the geneID"
[1] "adding rs numbers to the QTL data"
[1] "merging the trait and eqtl data on unique ID"
[1] "Running coloc"
PP.H0.abf PP.H1.abf PP.H2.abf PP.H3.abf PP.H4.abf 
 4.05e-24  8.01e-03  4.53e-24  7.97e-03  9.84e-01 
[1] "PP abf for shared variant: 98.4%"

Variables in credible sets:

 variable variable_prob cs
        4     0.4669295  1
        5     0.3200018  1
        2     0.2036597  1

Credible sets summary:

 cs cs_log10bf cs_avg_r2 cs_min_r2 variable
  1   25.05963         1         1    2,4,5

Variables in credible sets:

 variable variable_prob cs
        6    0.43168123  1
        1    0.13904702  1
        3    0.13904702  1
        2    0.09674158  1
        4    0.09674158  1
        5    0.09674158  1

Credible sets summary:

 cs cs_log10bf cs_avg_r2 cs_min_r2    variable
  1   4.695084 0.9805927 0.9677601 1,2,3,4,5,6
PP.H0.abf PP.H1.abf PP.H2.abf PP.H3.abf PP.H4.abf 
 9.80e-26  6.75e-04  2.92e-24  1.81e-02  9.81e-01 
[1] "PP abf for shared variant: 98.1%"
   nsnps       hit1      hit2    PP.H0.abf    PP.H1.abf    PP.H2.abf  PP.H3.abf
1:     6 rs72767003 rs7858935 9.804687e-26 0.0006748555 2.915204e-24 0.01810287
   PP.H4.abf idx1 idx2
1: 0.9812223    1    1
[1] "ENSEMBL ID could not be converted to HGNC Symbol"
[1] "geneSymbol will be set to the ENSEMBL ID ENSG00000232630"
[1] "ENSG00000232630.1"
[1] "ENSG00000232630"
[1] "Colon_Sigmoid"
[1] "running liftOver"
[1] "Grabbing the all pairs data"
[1] "reading the all pairs data into R"
[1] 5560   14
[1] "Filtering on the geneID"
[1] "adding rs numbers to the QTL data"
[1] "merging the trait and eqtl data on unique ID"
[1] "Running coloc"
PP.H0.abf PP.H1.abf PP.H2.abf PP.H3.abf PP.H4.abf 
 1.89e-22  3.74e-01  1.66e-24  2.67e-03  6.23e-01 
[1] "PP abf for shared variant: 62.3%"

Variables in credible sets:

 variable variable_prob cs
        4     0.4669295  1
        5     0.3200018  1
        2     0.2036597  1

Credible sets summary:

 cs cs_log10bf cs_avg_r2 cs_min_r2 variable
  1   25.05963         1         1    2,4,5

Variables in credible sets:

 variable variable_prob cs
        2     0.2008934  1
        4     0.2008934  1
        5     0.2008934  1
        1     0.1686231  1
        3     0.1686231  1
        6     0.0600736  1

Credible sets summary:

 cs cs_log10bf cs_avg_r2 cs_min_r2    variable
  1   1.609707 0.9805927 0.9677601 1,2,3,4,5,6
PP.H0.abf PP.H1.abf PP.H2.abf PP.H3.abf PP.H4.abf 
 4.19e-23  2.88e-01  1.02e-24  5.63e-03  7.06e-01 
[1] "PP abf for shared variant: 70.6%"
   nsnps       hit1      hit2    PP.H0.abf PP.H1.abf   PP.H2.abf   PP.H3.abf
1:     6 rs72767003 rs1364372 4.191302e-23 0.2884868 1.02378e-24 0.005634913
   PP.H4.abf idx1 idx2
1: 0.7058782    1    1
[1] "ENSG00000136950.13"
[1] "ARPC5L"
[1] "Brain_Cerebellar_Hemisphere"
[1] "running liftOver"
[1] "Grabbing the all pairs data"
[1] "reading the all pairs data into R"
[1] 5282   14
[1] "Filtering on the geneID"
[1] "adding rs numbers to the QTL data"
[1] "merging the trait and eqtl data on unique ID"
[1] "Running coloc"
PP.H0.abf PP.H1.abf PP.H2.abf PP.H3.abf PP.H4.abf 
 1.46e-22  2.88e-01  2.37e-24  3.98e-03  7.08e-01 
[1] "PP abf for shared variant: 70.8%"

Variables in credible sets:

 variable variable_prob cs
        4     0.4669295  1
        5     0.3200018  1
        2     0.2036597  1

Credible sets summary:

 cs cs_log10bf cs_avg_r2 cs_min_r2 variable
  1   25.05963         1         1    2,4,5

Variables in credible sets:

 variable variable_prob cs
        6     0.2356290  1
        1     0.1528742  1
        2     0.1528742  1
        3     0.1528742  1
        4     0.1528742  1
        5     0.1528742  1

Credible sets summary:

 cs cs_log10bf cs_avg_r2 cs_min_r2    variable
  1   2.791537 0.9805927 0.9677601 1,2,3,4,5,6
PP.H0.abf PP.H1.abf PP.H2.abf PP.H3.abf PP.H4.abf 
 4.89e-24  3.36e-02  1.81e-24  1.06e-02  9.56e-01 
[1] "PP abf for shared variant: 95.6%"
   nsnps       hit1      hit2   PP.H0.abf  PP.H1.abf    PP.H2.abf PP.H3.abf
1:     6 rs72767003 rs7858935 4.88717e-24 0.03363834 1.814455e-24 0.0105773
   PP.H4.abf idx1 idx2
1: 0.9557844    1    1
