[1] "trait"
[1] "PP"
[1] "trait_file_header_info"
[1] "/gpfs/projects/bsc83/Projects/Breast/ANALYSIS/Hypertension/analysis/06_colocalization/PP_Evangelou_parsed.txt"
[1] "Tested_Allele"
[1] "Other_Allele"
[1] "SNP"
[1] "CHR"
[1] "POS"
[1] "P"
[1] "N"
[1] "Freq_Tested_Allele"
[1] "traitType:"
[1] "quant"
[1] 17
[1] "Locus Info:"
[1] 17
[1] 6470598
[1] 6474096
[1] "rs7226020"
[1] "QTL type:"
[1] "eqtl"
[1] TRUE
[1] "trait input file successfully loaded"
   CHR     POS        SNP Tested_Allele Other_Allele Freq_Tested_Allele   BETA
1:  17 6470598  rs2009598             A            G             0.4166 0.2286
2:  17 6472540 rs12603711             T            C             0.5838 0.2295
3:  17 6473353   rs930526             A            C             0.4183 0.2286
4:  17 6473882 rs28427409             T            C             0.4170 0.2266
5:  17 6474096  rs8078317             T            C             0.4168 0.2276
       SE         P      N Ref_Allele Alt_Allele
1: 0.0209 7.681e-28 727190          G          A
2: 0.0209 4.356e-28 729090          T          C
3: 0.0208 5.619e-28 730166          C          A
4: 0.0208 1.562e-27 730835          C          T
5: 0.0208 9.283e-28 731597          C          T
[1] "rs2009598"  "rs12603711" "rs930526"  
[1] "/gpfs/projects/bsc83/Projects/Breast/ANALYSIS/Hypertension/data/Coloq/chr_17_snp151_hash_table.json"
$rs536
[1] "chr17_73283717"

$rs557
[1] "chr17_50485873"

$rs560
[1] "chr17_78166054"

[1] "hash table loaded"
[1] "/gpfs/projects/bsc83/Projects/Breast/ANALYSIS/Hypertension/analysis/06_colocalization/ColocQuiaL-main/GTEx_v8_Tissue_Summary_with_filenames_all.csv"
                          Tissue NumberRNASeqandGTSamples NumberRNASeqSamples
1              Muscle - Skeletal                      706                 803
2                    Whole Blood                      670                 755
3 Skin - Sun Exposed (Lower leg)                      605                 701
4                Artery - Tibial                      584                 663
5         Adipose - Subcutaneous                      581                 663
6                        Thyroid                      574                 653
  Number_of_eGenes                      allPairsTabixFilename
1            13532            Muscle_Skeletal.allpairs.tab.gz
2            12360                Whole_Blood.allpairs.tab.gz
3            16967 Skin_Sun_Exposed_Lower_leg.allpairs.tab.gz
4            15008              Artery_Tibial.allpairs.tab.gz
5            15607       Adipose_Subcutaneous.allpairs.tab.gz
6            17684                    Thyroid.allpairs.tab.gz
                                              sigPairsTabixFilename
1            Muscle_Skeletal.v8.v8.signif_variant_gene_pairs.tab.gz
2                Whole_Blood.v8.v8.signif_variant_gene_pairs.tab.gz
3 Skin_Sun_Exposed_Lower_leg.v8.v8.signif_variant_gene_pairs.tab.gz
4              Artery_Tibial.v8.v8.signif_variant_gene_pairs.tab.gz
5       Adipose_Subcutaneous.v8.v8.signif_variant_gene_pairs.tab.gz
6                    Thyroid.v8.v8.signif_variant_gene_pairs.tab.gz
[1] "chr17_6570508"
[1] "ENSG00000129235.10"
[1] "TXNDC17"
[1] "Muscle_Skeletal"
[1] "running liftOver"
[1] "Grabbing the all pairs data"
[1] "reading the all pairs data into R"
[1] 1008   14
[1] "Filtering on the geneID"
[1] "adding rs numbers to the QTL data"
[1] "merging the trait and eqtl data on unique ID"
[1] "Running coloc"
PP.H0.abf PP.H1.abf PP.H2.abf PP.H3.abf PP.H4.abf 
 3.04e-25  1.42e-04  7.93e-24  2.71e-03  9.97e-01 
[1] "PP abf for shared variant: 99.7%"
[1] "susie can't run in these pair"
[1] "ENSG00000198920.9"
[1] "KIAA0753"
[1] "Whole_Blood"
[1] "running liftOver"
[1] "Grabbing the all pairs data"
[1] "reading the all pairs data into R"
[1] 1029   14
[1] "Filtering on the geneID"
[1] "adding rs numbers to the QTL data"
[1] "merging the trait and eqtl data on unique ID"
[1] "Running coloc"
PP.H0.abf PP.H1.abf PP.H2.abf PP.H3.abf PP.H4.abf 
 4.00e-30  1.87e-09  7.16e-24  2.35e-03  9.98e-01 
[1] "PP abf for shared variant: 99.8%"
[1] "susie can't run in these pair"
[1] "ENSG00000108590.10"
[1] "MED31"
[1] "Skin_Sun_Exposed_Lower_leg"
[1] "running liftOver"
[1] "Grabbing the all pairs data"
[1] "reading the all pairs data into R"
[1] 1197   14
[1] "Filtering on the geneID"
[1] "adding rs numbers to the QTL data"
[1] "merging the trait and eqtl data on unique ID"
[1] "Running coloc"
PP.H0.abf PP.H1.abf PP.H2.abf PP.H3.abf PP.H4.abf 
 2.68e-27  1.25e-06  7.75e-24  2.61e-03  9.97e-01 
[1] "PP abf for shared variant: 99.7%"
[1] "susie can't run in these pair"
[1] "ENSG00000129235.10"
[1] "TXNDC17"
[1] "Skin_Sun_Exposed_Lower_leg"
[1] "running liftOver"
[1] "Grabbing the all pairs data"
[1] "reading the all pairs data into R"
[1] 1197   14
[1] "Filtering on the geneID"
[1] "adding rs numbers to the QTL data"
[1] "merging the trait and eqtl data on unique ID"
[1] "Running coloc"
PP.H0.abf PP.H1.abf PP.H2.abf PP.H3.abf PP.H4.abf 
 6.21e-22  2.89e-01  6.01e-24  2.09e-03  7.09e-01 
[1] "PP abf for shared variant: 70.9%"
[1] "susie can't run in these pair"
[1] "ENSG00000198920.9"
[1] "KIAA0753"
[1] "Skin_Sun_Exposed_Lower_leg"
[1] "running liftOver"
[1] "Grabbing the all pairs data"
[1] "reading the all pairs data into R"
[1] 1197   14
[1] "Filtering on the geneID"
[1] "adding rs numbers to the QTL data"
[1] "merging the trait and eqtl data on unique ID"
[1] "Running coloc"
PP.H0.abf PP.H1.abf PP.H2.abf PP.H3.abf PP.H4.abf 
 2.69e-43  1.25e-22  7.19e-24  2.35e-03  9.98e-01 
[1] "PP abf for shared variant: 99.8%"
[1] "susie can't run in these pair"
[1] "ENSG00000256806.5"
[1] "C17orf100"
[1] "Skin_Sun_Exposed_Lower_leg"
[1] "running liftOver"
[1] "Grabbing the all pairs data"
[1] "reading the all pairs data into R"
[1] 1197   14
[1] "Filtering on the geneID"
[1] "Warning: There was not an exact match on Ensembl ID. Likely this is due to a GTEX version  update."
[1] "The Ensembl ID from your GTEx csv was not able to be reliably mapped to an Enseml ID in the GTEx database, so this gene will be skipped:"
[1] "ENSG00000256806.5"
[1] "ENSEMBL ID could not be converted to HGNC Symbol"
[1] "geneSymbol will be set to the ENSEMBL ID ENSG00000261996"
[1] "ENSG00000261996.1"
[1] "ENSG00000261996"
[1] "Skin_Sun_Exposed_Lower_leg"
[1] "running liftOver"
[1] "Grabbing the all pairs data"
[1] "reading the all pairs data into R"
[1] 1197   14
[1] "Filtering on the geneID"
[1] "adding rs numbers to the QTL data"
[1] "merging the trait and eqtl data on unique ID"
[1] "Running coloc"
PP.H0.abf PP.H1.abf PP.H2.abf PP.H3.abf PP.H4.abf 
 8.07e-26  3.76e-05  1.20e-23  4.57e-03  9.95e-01 
[1] "PP abf for shared variant: 99.5%"
[1] "susie can't run in these pair"
[1] "ENSG00000198920.9"
[1] "KIAA0753"
[1] "Artery_Tibial"
[1] "running liftOver"
[1] "Grabbing the all pairs data"
[1] "reading the all pairs data into R"
[1] 1029   14
[1] "Filtering on the geneID"
[1] "adding rs numbers to the QTL data"
[1] "merging the trait and eqtl data on unique ID"
[1] "Running coloc"
PP.H0.abf PP.H1.abf PP.H2.abf PP.H3.abf PP.H4.abf 
 4.00e-37  1.88e-16  9.15e-24  3.29e-03  9.97e-01 
[1] "PP abf for shared variant: 99.7%"
[1] "susie can't run in these pair"
[1] "ENSG00000256806.5"
[1] "C17orf100"
[1] "Artery_Tibial"
[1] "running liftOver"
[1] "Grabbing the all pairs data"
[1] "reading the all pairs data into R"
[1] 1029   14
[1] "Filtering on the geneID"
[1] "Warning: There was not an exact match on Ensembl ID. Likely this is due to a GTEX version  update."
[1] "The Ensembl ID from your GTEx csv was not able to be reliably mapped to an Enseml ID in the GTEx database, so this gene will be skipped:"
[1] "ENSG00000256806.5"
[1] "ENSG00000198920.9"
[1] "KIAA0753"
[1] "Adipose_Subcutaneous"
[1] "running liftOver"
[1] "Grabbing the all pairs data"
[1] "reading the all pairs data into R"
[1] 1134   14
[1] "Filtering on the geneID"
[1] "adding rs numbers to the QTL data"
[1] "merging the trait and eqtl data on unique ID"
[1] "Running coloc"
PP.H0.abf PP.H1.abf PP.H2.abf PP.H3.abf PP.H4.abf 
 2.09e-29  9.76e-09  7.04e-24  2.29e-03  9.98e-01 
[1] "PP abf for shared variant: 99.8%"
[1] "susie can't run in these pair"
[1] "ENSG00000108590.10"
[1] "MED31"
[1] "Thyroid"
[1] "running liftOver"
[1] "Grabbing the all pairs data"
[1] "reading the all pairs data into R"
[1] 1218   14
[1] "Filtering on the geneID"
[1] "adding rs numbers to the QTL data"
[1] "merging the trait and eqtl data on unique ID"
[1] "Running coloc"
PP.H0.abf PP.H1.abf PP.H2.abf PP.H3.abf PP.H4.abf 
 1.67e-26  7.82e-06  8.34e-24  2.92e-03  9.97e-01 
[1] "PP abf for shared variant: 99.7%"
[1] "susie can't run in these pair"
[1] "ENSG00000198920.9"
[1] "KIAA0753"
[1] "Thyroid"
[1] "running liftOver"
[1] "Grabbing the all pairs data"
[1] "reading the all pairs data into R"
[1] 1218   14
[1] "Filtering on the geneID"
[1] "adding rs numbers to the QTL data"
[1] "merging the trait and eqtl data on unique ID"
[1] "Running coloc"
PP.H0.abf PP.H1.abf PP.H2.abf PP.H3.abf PP.H4.abf 
 1.43e-40  6.72e-20  6.99e-24  2.29e-03  9.98e-01 
[1] "PP abf for shared variant: 99.8%"
[1] "susie can't run in these pair"
[1] "ENSG00000256806.5"
[1] "C17orf100"
[1] "Thyroid"
[1] "running liftOver"
[1] "Grabbing the all pairs data"
[1] "reading the all pairs data into R"
[1] 1218   14
[1] "Filtering on the geneID"
[1] "Warning: There was not an exact match on Ensembl ID. Likely this is due to a GTEX version  update."
[1] "The Ensembl ID from your GTEx csv was not able to be reliably mapped to an Enseml ID in the GTEx database, so this gene will be skipped:"
[1] "ENSG00000256806.5"
[1] "ENSEMBL ID could not be converted to HGNC Symbol"
[1] "geneSymbol will be set to the ENSEMBL ID ENSG00000261996"
[1] "ENSG00000261996.1"
[1] "ENSG00000261996"
[1] "Thyroid"
[1] "running liftOver"
[1] "Grabbing the all pairs data"
[1] "reading the all pairs data into R"
[1] 1218   14
[1] "Filtering on the geneID"
[1] "adding rs numbers to the QTL data"
[1] "merging the trait and eqtl data on unique ID"
[1] "Running coloc"
PP.H0.abf PP.H1.abf PP.H2.abf PP.H3.abf PP.H4.abf 
 5.13e-30  2.41e-09  8.05e-24  2.78e-03  9.97e-01 
[1] "PP abf for shared variant: 99.7%"
[1] "susie can't run in these pair"
[1] "ENSEMBL ID could not be converted to HGNC Symbol"
[1] "geneSymbol will be set to the ENSEMBL ID ENSG00000274114"
[1] "ENSG00000274114.2"
[1] "ENSG00000274114"
[1] "Thyroid"
[1] "running liftOver"
[1] "Grabbing the all pairs data"
[1] "reading the all pairs data into R"
[1] 1218   14
[1] "Filtering on the geneID"
[1] "Warning: There was not an exact match on Ensembl ID. Likely this is due to a GTEX version  update."
[1] "The Ensembl ID from your GTEx csv was not able to be reliably mapped to an Enseml ID in the GTEx database, so this gene will be skipped:"
[1] "ENSG00000274114.2"
[1] "ENSG00000198920.9"
[1] "KIAA0753"
[1] "Nerve_Tibial"
[1] "running liftOver"
[1] "Grabbing the all pairs data"
[1] "reading the all pairs data into R"
[1] 1134   14
[1] "Filtering on the geneID"
[1] "adding rs numbers to the QTL data"
[1] "merging the trait and eqtl data on unique ID"
[1] "Running coloc"
PP.H0.abf PP.H1.abf PP.H2.abf PP.H3.abf PP.H4.abf 
 5.56e-39  2.60e-18  7.51e-24  2.52e-03  9.97e-01 
[1] "PP abf for shared variant: 99.7%"
[1] "susie can't run in these pair"
[1] "ENSG00000129235.10"
[1] "TXNDC17"
[1] "Skin_Not_Sun_Exposed_Suprapubic"
[1] "running liftOver"
[1] "Grabbing the all pairs data"
[1] "reading the all pairs data into R"
[1] 1197   14
[1] "Filtering on the geneID"
[1] "adding rs numbers to the QTL data"
[1] "merging the trait and eqtl data on unique ID"
[1] "Running coloc"
PP.H0.abf PP.H1.abf PP.H2.abf PP.H3.abf PP.H4.abf 
 8.01e-22  3.78e-01  5.67e-24  2.05e-03  6.20e-01 
[1] "PP abf for shared variant: 62%"
[1] "susie can't run in these pair"
[1] "ENSG00000198920.9"
[1] "KIAA0753"
[1] "Skin_Not_Sun_Exposed_Suprapubic"
[1] "running liftOver"
[1] "Grabbing the all pairs data"
[1] "reading the all pairs data into R"
[1] 1197   14
[1] "Filtering on the geneID"
[1] "adding rs numbers to the QTL data"
[1] "merging the trait and eqtl data on unique ID"
[1] "Running coloc"
PP.H0.abf PP.H1.abf PP.H2.abf PP.H3.abf PP.H4.abf 
 4.86e-39  2.29e-18  7.06e-24  2.33e-03  9.98e-01 
[1] "PP abf for shared variant: 99.8%"
[1] "susie can't run in these pair"
[1] "ENSG00000256806.5"
[1] "C17orf100"
[1] "Skin_Not_Sun_Exposed_Suprapubic"
[1] "running liftOver"
[1] "Grabbing the all pairs data"
[1] "reading the all pairs data into R"
[1] 1197   14
[1] "Filtering on the geneID"
[1] "Warning: There was not an exact match on Ensembl ID. Likely this is due to a GTEX version  update."
[1] "The Ensembl ID from your GTEx csv was not able to be reliably mapped to an Enseml ID in the GTEx database, so this gene will be skipped:"
[1] "ENSG00000256806.5"
[1] "ENSEMBL ID could not be converted to HGNC Symbol"
[1] "geneSymbol will be set to the ENSEMBL ID ENSG00000261996"
[1] "ENSG00000261996.1"
[1] "ENSG00000261996"
[1] "Skin_Not_Sun_Exposed_Suprapubic"
[1] "running liftOver"
[1] "Grabbing the all pairs data"
[1] "reading the all pairs data into R"
[1] 1197   14
[1] "Filtering on the geneID"
[1] "adding rs numbers to the QTL data"
[1] "merging the trait and eqtl data on unique ID"
[1] "Running coloc"
PP.H0.abf PP.H1.abf PP.H2.abf PP.H3.abf PP.H4.abf 
 9.90e-23  4.67e-02  7.73e-24  2.70e-03  9.51e-01 
[1] "PP abf for shared variant: 95.1%"
[1] "susie can't run in these pair"
[1] "ENSG00000198920.9"
[1] "KIAA0753"
[1] "Lung"
[1] "running liftOver"
[1] "Grabbing the all pairs data"
[1] "reading the all pairs data into R"
[1] 1155   14
[1] "Filtering on the geneID"
[1] "adding rs numbers to the QTL data"
[1] "merging the trait and eqtl data on unique ID"
[1] "Running coloc"
PP.H0.abf PP.H1.abf PP.H2.abf PP.H3.abf PP.H4.abf 
 1.42e-27  6.62e-07  7.06e-24  2.30e-03  9.98e-01 
[1] "PP abf for shared variant: 99.8%"
[1] "susie can't run in these pair"
[1] "ENSG00000198920.9"
[1] "KIAA0753"
[1] "Esophagus_Mucosa"
[1] "running liftOver"
[1] "Grabbing the all pairs data"
[1] "reading the all pairs data into R"
[1] 1176   14
[1] "Filtering on the geneID"
[1] "adding rs numbers to the QTL data"
[1] "merging the trait and eqtl data on unique ID"
[1] "Running coloc"
PP.H0.abf PP.H1.abf PP.H2.abf PP.H3.abf PP.H4.abf 
 3.02e-45  1.43e-24  1.12e-23  4.27e-03  9.96e-01 
[1] "PP abf for shared variant: 99.6%"
[1] "susie can't run in these pair"
[1] "ENSEMBL ID could not be converted to HGNC Symbol"
[1] "geneSymbol will be set to the ENSEMBL ID ENSG00000274114"
[1] "ENSG00000274114.2"
[1] "ENSG00000274114"
[1] "Esophagus_Mucosa"
[1] "running liftOver"
[1] "Grabbing the all pairs data"
[1] "reading the all pairs data into R"
[1] 1176   14
[1] "Filtering on the geneID"
[1] "Warning: There was not an exact match on Ensembl ID. Likely this is due to a GTEX version  update."
[1] "The Ensembl ID from your GTEx csv was not able to be reliably mapped to an Enseml ID in the GTEx database, so this gene will be skipped:"
[1] "ENSG00000274114.2"
[1] "ENSG00000198920.9"
[1] "KIAA0753"
[1] "Adipose_Visceral_Omentum"
[1] "running liftOver"
[1] "Grabbing the all pairs data"
[1] "reading the all pairs data into R"
[1] 1113   14
[1] "Filtering on the geneID"
[1] "adding rs numbers to the QTL data"
[1] "merging the trait and eqtl data on unique ID"
[1] "Running coloc"
PP.H0.abf PP.H1.abf PP.H2.abf PP.H3.abf PP.H4.abf 
 3.38e-25  1.58e-04  7.40e-24  2.47e-03  9.97e-01 
[1] "PP abf for shared variant: 99.7%"
[1] "susie can't run in these pair"
[1] "ENSG00000091622.15"
[1] "PITPNM3"
[1] "Esophagus_Muscularis"
[1] "running liftOver"
[1] "Grabbing the all pairs data"
[1] "reading the all pairs data into R"
[1] 1050   14
[1] "Filtering on the geneID"
[1] "adding rs numbers to the QTL data"
[1] "merging the trait and eqtl data on unique ID"
[1] "Running coloc"
PP.H0.abf PP.H1.abf PP.H2.abf PP.H3.abf PP.H4.abf 
 1.50e-22  7.06e-02  6.97e-24  2.36e-03  9.27e-01 
[1] "PP abf for shared variant: 92.7%"
[1] "susie can't run in these pair"
[1] "ENSG00000198920.9"
[1] "KIAA0753"
[1] "Esophagus_Muscularis"
[1] "running liftOver"
[1] "Grabbing the all pairs data"
[1] "reading the all pairs data into R"
[1] 1050   14
[1] "Filtering on the geneID"
[1] "adding rs numbers to the QTL data"
[1] "merging the trait and eqtl data on unique ID"
[1] "Running coloc"
PP.H0.abf PP.H1.abf PP.H2.abf PP.H3.abf PP.H4.abf 
 3.84e-53  1.81e-32  6.95e-24  2.28e-03  9.98e-01 
[1] "PP abf for shared variant: 99.8%"
[1] "susie can't run in these pair"
[1] "ENSG00000198920.9"
[1] "KIAA0753"
[1] "Breast_Mammary_Tissue"
[1] "running liftOver"
[1] "Grabbing the all pairs data"
[1] "reading the all pairs data into R"
[1] 1155   14
[1] "Filtering on the geneID"
[1] "adding rs numbers to the QTL data"
[1] "merging the trait and eqtl data on unique ID"
[1] "Running coloc"
PP.H0.abf PP.H1.abf PP.H2.abf PP.H3.abf PP.H4.abf 
 1.27e-27  6.03e-07  7.74e-24  2.66e-03  9.97e-01 
[1] "PP abf for shared variant: 99.7%"
[1] "susie can't run in these pair"
[1] "ENSG00000198920.9"
[1] "KIAA0753"
[1] "Artery_Aorta"
[1] "running liftOver"
[1] "Grabbing the all pairs data"
[1] "reading the all pairs data into R"
[1] 1050   14
[1] "Filtering on the geneID"
[1] "adding rs numbers to the QTL data"
[1] "merging the trait and eqtl data on unique ID"
[1] "Running coloc"
PP.H0.abf PP.H1.abf PP.H2.abf PP.H3.abf PP.H4.abf 
 1.19e-30  5.59e-10  8.97e-24  3.23e-03  9.97e-01 
[1] "PP abf for shared variant: 99.7%"
[1] "susie can't run in these pair"
[1] "ENSG00000198920.9"
[1] "KIAA0753"
[1] "Heart_Atrial_Appendage"
[1] "running liftOver"
[1] "Grabbing the all pairs data"
[1] "reading the all pairs data into R"
[1] 1071   14
[1] "Filtering on the geneID"
[1] "adding rs numbers to the QTL data"
[1] "merging the trait and eqtl data on unique ID"
[1] "Running coloc"
PP.H0.abf PP.H1.abf PP.H2.abf PP.H3.abf PP.H4.abf 
 2.02e-25  9.40e-05  7.21e-24  2.36e-03  9.98e-01 
[1] "PP abf for shared variant: 99.8%"
[1] "susie can't run in these pair"
[1] "ENSG00000198920.9"
[1] "KIAA0753"
[1] "Colon_Transverse"
[1] "running liftOver"
[1] "Grabbing the all pairs data"
[1] "reading the all pairs data into R"
[1] 1113   14
[1] "Filtering on the geneID"
[1] "adding rs numbers to the QTL data"
[1] "merging the trait and eqtl data on unique ID"
[1] "Running coloc"
PP.H0.abf PP.H1.abf PP.H2.abf PP.H3.abf PP.H4.abf 
 1.81e-30  8.52e-10  7.23e-24  2.40e-03  9.98e-01 
[1] "PP abf for shared variant: 99.8%"
[1] "susie can't run in these pair"
[1] "ENSG00000091622.15"
[1] "PITPNM3"
[1] "Esophagus_Gastroesophageal_Junction"
[1] "running liftOver"
[1] "Grabbing the all pairs data"
[1] "reading the all pairs data into R"
[1] 1050   14
[1] "Filtering on the geneID"
[1] "adding rs numbers to the QTL data"
[1] "merging the trait and eqtl data on unique ID"
[1] "Running coloc"
PP.H0.abf PP.H1.abf PP.H2.abf PP.H3.abf PP.H4.abf 
 1.17e-24  5.47e-04  7.86e-24  2.68e-03  9.97e-01 
[1] "PP abf for shared variant: 99.7%"
[1] "susie can't run in these pair"
[1] "ENSG00000198920.9"
[1] "KIAA0753"
[1] "Esophagus_Gastroesophageal_Junction"
[1] "running liftOver"
[1] "Grabbing the all pairs data"
[1] "reading the all pairs data into R"
[1] 1050   14
[1] "Filtering on the geneID"
[1] "adding rs numbers to the QTL data"
[1] "merging the trait and eqtl data on unique ID"
[1] "Running coloc"
PP.H0.abf PP.H1.abf PP.H2.abf PP.H3.abf PP.H4.abf 
 7.97e-42  3.73e-21  7.00e-24  2.28e-03  9.98e-01 
[1] "PP abf for shared variant: 99.8%"
[1] "susie can't run in these pair"
[1] "ENSG00000198920.9"
[1] "KIAA0753"
[1] "Stomach"
[1] "running liftOver"
[1] "Grabbing the all pairs data"
[1] "reading the all pairs data into R"
[1] 1071   14
[1] "Filtering on the geneID"
[1] "adding rs numbers to the QTL data"
[1] "merging the trait and eqtl data on unique ID"
[1] "Running coloc"
PP.H0.abf PP.H1.abf PP.H2.abf PP.H3.abf PP.H4.abf 
 1.89e-29  8.83e-09  7.86e-24  2.68e-03  9.97e-01 
[1] "PP abf for shared variant: 99.7%"
[1] "susie can't run in these pair"
[1] "ENSG00000091622.15"
[1] "PITPNM3"
[1] "Testis"
[1] "running liftOver"
[1] "Grabbing the all pairs data"
[1] "reading the all pairs data into R"
[1] 0 0
[1] "Did not find gene in all pairs data"
