[1] "trait"
[1] "PP"
[1] "trait_file_header_info"
[1] "/gpfs/projects/bsc83/Projects/Breast/ANALYSIS/Hypertension/analysis/06_colocalization/PP_Evangelou_parsed.txt"
[1] "Tested_Allele"
[1] "Other_Allele"
[1] "SNP"
[1] "CHR"
[1] "POS"
[1] "P"
[1] "N"
[1] "Freq_Tested_Allele"
[1] "traitType:"
[1] "quant"
[1] 7
[1] "Locus Info:"
[1] 7
[1] 19046177
[1] 19052733
[1] "rs2107595"
[1] "QTL type:"
[1] "eqtl"
[1] TRUE
[1] "trait input file successfully loaded"
   CHR      POS        SNP Tested_Allele Other_Allele Freq_Tested_Allele   BETA
1:   7 19049388  rs2107595             A            G             0.1586 0.4435
2:   7 19052733 rs57301765             A            G             0.1610 0.4345
       SE         P      N Ref_Allele Alt_Allele
1: 0.0282 8.242e-56 726738          G          A
2: 0.0280 2.049e-54 728221          G          A
[1] "rs2107595"  "rs57301765"
[1] "/gpfs/projects/bsc83/Projects/Breast/ANALYSIS/Hypertension/data/Coloq/chr_7_snp151_hash_table.json"
$rs5
[1] "chr7_92209796"

$rs6
[1] "chr7_92117817"

$rs7
[1] "chr7_92150243"

[1] "hash table loaded"
[1] "/gpfs/projects/bsc83/Projects/Breast/ANALYSIS/Hypertension/analysis/06_colocalization/ColocQuiaL-main/GTEx_v8_Tissue_Summary_with_filenames_all.csv"
                          Tissue NumberRNASeqandGTSamples NumberRNASeqSamples
1              Muscle - Skeletal                      706                 803
2                    Whole Blood                      670                 755
3 Skin - Sun Exposed (Lower leg)                      605                 701
4                Artery - Tibial                      584                 663
5         Adipose - Subcutaneous                      581                 663
6                        Thyroid                      574                 653
  Number_of_eGenes                      allPairsTabixFilename
1            13532            Muscle_Skeletal.allpairs.tab.gz
2            12360                Whole_Blood.allpairs.tab.gz
3            16967 Skin_Sun_Exposed_Lower_leg.allpairs.tab.gz
4            15008              Artery_Tibial.allpairs.tab.gz
5            15607       Adipose_Subcutaneous.allpairs.tab.gz
6            17684                    Thyroid.allpairs.tab.gz
                                              sigPairsTabixFilename
1            Muscle_Skeletal.v8.v8.signif_variant_gene_pairs.tab.gz
2                Whole_Blood.v8.v8.signif_variant_gene_pairs.tab.gz
3 Skin_Sun_Exposed_Lower_leg.v8.v8.signif_variant_gene_pairs.tab.gz
4              Artery_Tibial.v8.v8.signif_variant_gene_pairs.tab.gz
5       Adipose_Subcutaneous.v8.v8.signif_variant_gene_pairs.tab.gz
6                    Thyroid.v8.v8.signif_variant_gene_pairs.tab.gz
[1] "chr7_19009765"
[1] "ENSG00000122691.12"
[1] "TWIST1"
[1] "Artery_Aorta"
[1] "running liftOver"
[1] "Grabbing the all pairs data"
[1] "reading the all pairs data into R"
[1] 147  14
[1] "Filtering on the geneID"
[1] "adding rs numbers to the QTL data"
[1] "merging the trait and eqtl data on unique ID"
[1] "Running coloc"
PP.H0.abf PP.H1.abf PP.H2.abf PP.H3.abf PP.H4.abf 
 1.73e-50  1.58e-02  4.05e-51  2.71e-03  9.81e-01 
[1] "PP abf for shared variant: 98.1%"

Variables in credible sets:

 variable variable_prob cs
        1     0.9627922  1

Credible sets summary:

 cs cs_log10bf cs_avg_r2 cs_min_r2 variable
  1   52.01019         1         1        1

Variables in credible sets:

 variable variable_prob cs
        2     0.8207395  1
        1     0.1792605  1

Credible sets summary:

 cs cs_log10bf cs_avg_r2 cs_min_r2 variable
  1    4.04216 0.9804228 0.9804228      1,2
PP.H0.abf PP.H1.abf PP.H2.abf PP.H3.abf PP.H4.abf 
 2.16e-51  4.41e-03  4.75e-51  7.75e-03  9.88e-01 
[1] "PP abf for shared variant: 98.8%"
   nsnps      hit1       hit2   PP.H0.abf PP.H1.abf   PP.H2.abf   PP.H3.abf
1:     2 rs2107595 rs57301765 2.15545e-51 0.0044132 4.75038e-51 0.007750546
   PP.H4.abf idx1 idx2
1: 0.9878363    1    1
[1] "ENSEMBL ID could not be converted to HGNC Symbol"
[1] "geneSymbol will be set to the ENSEMBL ID ENSG00000232821"
[1] "ENSG00000232821.1"
[1] "ENSG00000232821"
[1] "Artery_Aorta"
[1] "running liftOver"
[1] "Grabbing the all pairs data"
[1] "reading the all pairs data into R"
[1] 147  14
[1] "Filtering on the geneID"
[1] "adding rs numbers to the QTL data"
[1] "merging the trait and eqtl data on unique ID"
[1] "Running coloc"
PP.H0.abf PP.H1.abf PP.H2.abf PP.H3.abf PP.H4.abf 
 5.74e-50  5.24e-02  1.55e-51  4.69e-04  9.47e-01 
[1] "PP abf for shared variant: 94.7%"

Variables in credible sets:

 variable variable_prob cs
        1     0.9627922  1

Credible sets summary:

 cs cs_log10bf cs_avg_r2 cs_min_r2 variable
  1   52.01019         1         1        1

Variables in credible sets:

 variable variable_prob cs
        1     0.7628703  1
        2     0.2371297  1

Credible sets summary:

 cs cs_log10bf cs_avg_r2 cs_min_r2 variable
  1   2.697409 0.9804228 0.9804228      1,2
PP.H0.abf PP.H1.abf PP.H2.abf PP.H3.abf PP.H4.abf 
 1.28e-50  2.63e-02  1.28e-51  6.72e-04  9.73e-01 
[1] "PP abf for shared variant: 97.3%"
   nsnps      hit1      hit2    PP.H0.abf PP.H1.abf    PP.H2.abf    PP.H3.abf
1:     2 rs2107595 rs2107595 1.283341e-50 0.0262759 1.278737e-51 0.0006720603
   PP.H4.abf idx1 idx2
1:  0.973052    1    1
