[1] "trait"
[1] "SBP"
[1] "trait_file_header_info"
[1] "/gpfs/projects/bsc83/Projects/Breast/ANALYSIS/Hypertension/analysis/06_colocalization/SBP_Evangelou_parsed.txt"
[1] "Tested_Allele"
[1] "Other_Allele"
[1] "SNP"
[1] "CHR"
[1] "POS"
[1] "P"
[1] "N"
[1] "Freq_Tested_Allele"
[1] "traitType:"
[1] "quant"
[1] 2
[1] "Locus Info:"
[1] 2
[1] 37498688
[1] 37559743
[1] "rs13420463"
[1] "QTL type:"
[1] "eqtl"
[1] TRUE
[1] "trait input file successfully loaded"
   CHR      POS        SNP Tested_Allele Other_Allele Freq_Tested_Allele
1:   2 37498688 rs72792829             T            C             0.2187
2:   2 37517566 rs13420463             A            G             0.7734
3:   2 37519710  rs4581878             T            C             0.7528
4:   2 37528311 rs57361399             T            C             0.2253
5:   2 37559355  rs6734118             A            C             0.2159
6:   2 37559743 rs13419498             A            G             0.2154
      BETA     SE         P      N Ref_Allele Alt_Allele
1: -0.3149 0.0364 4.825e-18 734688          C          T
2: -0.3143 0.0360 2.715e-18 727538          A          G
3: -0.2470 0.0349 1.566e-12 731016          T          C
4: -0.3115 0.0360 4.782e-18 734625          C          T
5: -0.3227 0.0367 1.418e-18 725966          C          A
6: -0.3194 0.0367 3.556e-18 725208          G          A
[1] "rs72792829" "rs13420463" "rs4581878" 
[1] "/gpfs/projects/bsc83/Projects/Breast/ANALYSIS/Hypertension/data/Coloq/chr_2_snp151_hash_table.json"
$rs222
[1] "chr2_98531409"

$rs223
[1] "chr2_132615083"

$rs525
[1] "chr2_171558018"

[1] "hash table loaded"
[1] "/gpfs/projects/bsc83/Projects/Breast/ANALYSIS/Hypertension/analysis/06_colocalization/ColocQuiaL-main/GTEx_v8_Tissue_Summary_with_filenames_all.csv"
                          Tissue NumberRNASeqandGTSamples NumberRNASeqSamples
1              Muscle - Skeletal                      706                 803
2                    Whole Blood                      670                 755
3 Skin - Sun Exposed (Lower leg)                      605                 701
4                Artery - Tibial                      584                 663
5         Adipose - Subcutaneous                      581                 663
6                        Thyroid                      574                 653
  Number_of_eGenes                      allPairsTabixFilename
1            13532            Muscle_Skeletal.allpairs.tab.gz
2            12360                Whole_Blood.allpairs.tab.gz
3            16967 Skin_Sun_Exposed_Lower_leg.allpairs.tab.gz
4            15008              Artery_Tibial.allpairs.tab.gz
5            15607       Adipose_Subcutaneous.allpairs.tab.gz
6            17684                    Thyroid.allpairs.tab.gz
                                              sigPairsTabixFilename
1            Muscle_Skeletal.v8.v8.signif_variant_gene_pairs.tab.gz
2                Whole_Blood.v8.v8.signif_variant_gene_pairs.tab.gz
3 Skin_Sun_Exposed_Lower_leg.v8.v8.signif_variant_gene_pairs.tab.gz
4              Artery_Tibial.v8.v8.signif_variant_gene_pairs.tab.gz
5       Adipose_Subcutaneous.v8.v8.signif_variant_gene_pairs.tab.gz
6                    Thyroid.v8.v8.signif_variant_gene_pairs.tab.gz
[1] "chr2_37290423"
[1] "ENSG00000115816.14"
[1] "CEBPZ"
[1] "Muscle_Skeletal"
[1] "running liftOver"
[1] "Grabbing the all pairs data"
[1] "reading the all pairs data into R"
[1] 6258   14
[1] "Filtering on the geneID"
[1] "adding rs numbers to the QTL data"
[1] "merging the trait and eqtl data on unique ID"
[1] "Running coloc"
PP.H0.abf PP.H1.abf PP.H2.abf PP.H3.abf PP.H4.abf 
 1.31e-18  2.32e-07  2.41e-14  3.27e-03  9.97e-01 
[1] "PP abf for shared variant: 99.7%"

Variables in credible sets:

 variable variable_prob cs
        5     0.4268815  1
        2     0.2489556  1
        1     0.1964088  1
        4     0.1277534  1

Credible sets summary:

 cs cs_log10bf cs_avg_r2 cs_min_r2 variable
  1   15.29825 0.8966679 0.8482576  1,2,4,5

Variables in credible sets:

 variable variable_prob cs
        2     0.9573601  1

Credible sets summary:

 cs cs_log10bf cs_avg_r2 cs_min_r2 variable
  1   8.898249         1         1        2
PP.H0.abf PP.H1.abf PP.H2.abf PP.H3.abf PP.H4.abf 
 2.05e-20  2.03e-08  8.09e-15  6.05e-03  9.94e-01 
[1] "PP abf for shared variant: 99.4%"
   nsnps      hit1       hit2    PP.H0.abf    PP.H1.abf    PP.H2.abf
1:     5 rs6734118 rs13420463 2.045136e-20 2.032066e-08 8.089863e-15
     PP.H3.abf PP.H4.abf idx1 idx2
1: 0.006050263 0.9939497    1    1
[1] "ENSG00000055332.16"
[1] "EIF2AK2"
[1] "Whole_Blood"
[1] "running liftOver"
[1] "Grabbing the all pairs data"
[1] "reading the all pairs data into R"
[1] 6556   14
[1] "Filtering on the geneID"
[1] "adding rs numbers to the QTL data"
[1] "merging the trait and eqtl data on unique ID"
[1] "Running coloc"
PP.H0.abf PP.H1.abf PP.H2.abf PP.H3.abf PP.H4.abf 
 3.73e-12  6.51e-01  6.82e-15  8.42e-04  3.48e-01 
[1] "PP abf for shared variant: 34.8%"

Variables in credible sets:

 variable variable_prob cs
        5     0.4268815  1
        2     0.2489556  1
        1     0.1964088  1
        4     0.1277534  1

Credible sets summary:

 cs cs_log10bf cs_avg_r2 cs_min_r2 variable
  1   15.29825 0.8966679 0.8482576  1,2,4,5

Variables in credible sets:

 variable variable_prob cs
        5    0.44142931  1
        1    0.32168592  1
        2    0.12025951  1
        3    0.05990378  1
        4    0.05672147  1

Credible sets summary:

 cs cs_log10bf cs_avg_r2 cs_min_r2  variable
  1  0.5789717 0.8645362 0.7604817 1,2,3,4,5
PP.H0.abf PP.H1.abf PP.H2.abf PP.H3.abf PP.H4.abf 
 7.89e-13  7.84e-01  1.50e-15  1.06e-03  2.15e-01 
[1] "PP abf for shared variant: 21.5%"
   nsnps      hit1      hit2    PP.H0.abf PP.H1.abf    PP.H2.abf   PP.H3.abf
1:     5 rs6734118 rs6734118 7.892335e-13 0.7841897 1.496743e-15 0.001057672
   PP.H4.abf idx1 idx2
1: 0.2147526    1    1
[1] "ENSG00000115828.15"
[1] "QPCT"
[1] "Whole_Blood"
[1] "running liftOver"
[1] "Grabbing the all pairs data"
[1] "reading the all pairs data into R"
[1] 6556   14
[1] "Filtering on the geneID"
[1] "adding rs numbers to the QTL data"
[1] "merging the trait and eqtl data on unique ID"
[1] "Running coloc"
PP.H0.abf PP.H1.abf PP.H2.abf PP.H3.abf PP.H4.abf 
 1.99e-13  3.47e-02  2.41e-14  3.25e-03  9.62e-01 
[1] "PP abf for shared variant: 96.2%"

Variables in credible sets:

 variable variable_prob cs
        5     0.4268815  1
        2     0.2489556  1
        1     0.1964088  1
        4     0.1277534  1

Credible sets summary:

 cs cs_log10bf cs_avg_r2 cs_min_r2 variable
  1   15.29825 0.8966679 0.8482576  1,2,4,5

Variables in credible sets:

 variable variable_prob cs
        2    0.55955760  1
        1    0.21993182  1
        5    0.10370969  1
        4    0.08774908  1

Credible sets summary:

 cs cs_log10bf cs_avg_r2 cs_min_r2 variable
  1   2.578146 0.8966679 0.8482576  1,2,4,5
PP.H0.abf PP.H1.abf PP.H2.abf PP.H3.abf PP.H4.abf 
 4.25e-14  4.23e-02  8.05e-15  6.09e-03  9.52e-01 
[1] "PP abf for shared variant: 95.2%"
   nsnps      hit1       hit2    PP.H0.abf  PP.H1.abf    PP.H2.abf   PP.H3.abf
1:     5 rs6734118 rs13420463 4.252363e-14 0.04225188 8.049083e-15 0.006094336
   PP.H4.abf idx1 idx2
1: 0.9516538    1    1
[1] "ENSG00000115825.9"
[1] "PRKD3"
[1] "Artery_Tibial"
[1] "running liftOver"
[1] "Grabbing the all pairs data"
[1] "reading the all pairs data into R"
[1] 6556   14
[1] "Filtering on the geneID"
[1] "adding rs numbers to the QTL data"
[1] "merging the trait and eqtl data on unique ID"
[1] "Running coloc"
PP.H0.abf PP.H1.abf PP.H2.abf PP.H3.abf PP.H4.abf 
 9.08e-13  1.57e-01  5.85e-14  9.29e-03  8.34e-01 
[1] "PP abf for shared variant: 83.4%"

Variables in credible sets:

 variable variable_prob cs
        5     0.4268815  1
        2     0.2489556  1
        1     0.1964088  1
        4     0.1277534  1

Credible sets summary:

 cs cs_log10bf cs_avg_r2 cs_min_r2 variable
  1   15.29825 0.8966679 0.8482576  1,2,4,5

Variables in credible sets:

 variable variable_prob cs
        3    0.73896609  1
        1    0.09340554  1
        5    0.06921250  1
        4    0.05293759  1

Credible sets summary:

 cs cs_log10bf cs_avg_r2 cs_min_r2 variable
  1   2.299297 0.8471684 0.7604817  1,3,4,5
PP.H0.abf PP.H1.abf PP.H2.abf PP.H3.abf PP.H4.abf 
 2.30e-13  2.28e-01  2.29e-14  2.12e-02  7.50e-01 
[1] "PP abf for shared variant: 75%"
   nsnps      hit1      hit2    PP.H0.abf PP.H1.abf    PP.H2.abf  PP.H3.abf
1:     5 rs6734118 rs4581878 2.298457e-13 0.2283768 2.289304e-14 0.02124598
   PP.H4.abf idx1 idx2
1: 0.7503772    1    1
[1] "ENSG00000115816.14"
[1] "CEBPZ"
[1] "Adipose_Subcutaneous"
[1] "running liftOver"
[1] "Grabbing the all pairs data"
[1] "reading the all pairs data into R"
[1] 7152   14
[1] "Filtering on the geneID"
[1] "adding rs numbers to the QTL data"
[1] "merging the trait and eqtl data on unique ID"
[1] "Running coloc"
PP.H0.abf PP.H1.abf PP.H2.abf PP.H3.abf PP.H4.abf 
 1.74e-12  3.03e-01  2.01e-14  2.80e-03  6.94e-01 
[1] "PP abf for shared variant: 69.4%"

Variables in credible sets:

 variable variable_prob cs
        5     0.4268815  1
        2     0.2489556  1
        1     0.1964088  1
        4     0.1277534  1

Credible sets summary:

 cs cs_log10bf cs_avg_r2 cs_min_r2 variable
  1   15.29825 0.8966679 0.8482576  1,2,4,5

Variables in credible sets:

 variable variable_prob cs
        2    0.70509935  1
        3    0.15770180  1
        1    0.05622509  1
        5    0.05091634  1

Credible sets summary:

 cs cs_log10bf cs_avg_r2 cs_min_r2 variable
  1   1.446994 0.8500548 0.7604817  1,2,3,5
PP.H0.abf PP.H1.abf PP.H2.abf PP.H3.abf PP.H4.abf 
 4.03e-13  4.01e-01  5.64e-15  4.42e-03  5.95e-01 
[1] "PP abf for shared variant: 59.5%"
   nsnps      hit1       hit2    PP.H0.abf PP.H1.abf    PP.H2.abf   PP.H3.abf
1:     5 rs6734118 rs13420463 4.032887e-13 0.4007114 5.643907e-15 0.004418097
   PP.H4.abf idx1 idx2
1: 0.5948705    1    1
[1] "ENSG00000003509.15"
[1] "NDUFAF7"
[1] "Thyroid"
[1] "running liftOver"
[1] "Grabbing the all pairs data"
[1] "reading the all pairs data into R"
[1] 6556   14
[1] "Filtering on the geneID"
[1] "adding rs numbers to the QTL data"
[1] "merging the trait and eqtl data on unique ID"
[1] "Running coloc"
PP.H0.abf PP.H1.abf PP.H2.abf PP.H3.abf PP.H4.abf 
 3.29e-12  5.84e-01  3.19e-14  5.25e-03  4.11e-01 
[1] "PP abf for shared variant: 41.1%"

Variables in credible sets:

 variable variable_prob cs
        5     0.4268815  1
        2     0.2489556  1
        1     0.1964088  1
        4     0.1277534  1

Credible sets summary:

 cs cs_log10bf cs_avg_r2 cs_min_r2 variable
  1   15.29825 0.8966679 0.8482576  1,2,4,5

Variables in credible sets:

 variable variable_prob cs
        3    0.62262331  1
        4    0.27955738  1
        2    0.05896689  1

Credible sets summary:

 cs cs_log10bf cs_avg_r2 cs_min_r2 variable
  1    1.36747 0.9071788 0.8731538    2,3,4
PP.H0.abf PP.H1.abf PP.H2.abf PP.H3.abf PP.H4.abf 
 7.30e-13  7.26e-01  8.51e-15  7.92e-03  2.67e-01 
[1] "PP abf for shared variant: 26.7%"
   nsnps      hit1      hit2    PP.H0.abf PP.H1.abf    PP.H2.abf   PP.H3.abf
1:     5 rs6734118 rs4581878 7.301687e-13 0.7255024 8.508694e-15 0.007921164
   PP.H4.abf idx1 idx2
1: 0.2665764    1    1
[1] "ENSG00000115816.14"
[1] "CEBPZ"
[1] "Thyroid"
[1] "running liftOver"
[1] "Grabbing the all pairs data"
[1] "reading the all pairs data into R"
[1] 6556   14
[1] "Filtering on the geneID"
[1] "adding rs numbers to the QTL data"
[1] "merging the trait and eqtl data on unique ID"
[1] "Running coloc"
PP.H0.abf PP.H1.abf PP.H2.abf PP.H3.abf PP.H4.abf 
 9.41e-14  1.67e-02  3.37e-14  5.01e-03  9.78e-01 
[1] "PP abf for shared variant: 97.8%"

Variables in credible sets:

 variable variable_prob cs
        5     0.4268815  1
        2     0.2489556  1
        1     0.1964088  1
        4     0.1277534  1

Credible sets summary:

 cs cs_log10bf cs_avg_r2 cs_min_r2 variable
  1   15.29825 0.8966679 0.8482576  1,2,4,5

Variables in credible sets:

 variable variable_prob cs
        2    0.62880357  1
        3    0.29463593  1
        5    0.02795732  1

Credible sets summary:

 cs cs_log10bf cs_avg_r2 cs_min_r2 variable
  1   3.207632 0.8298657 0.7604817    2,3,5
PP.H0.abf PP.H1.abf PP.H2.abf PP.H3.abf PP.H4.abf 
 1.38e-14  1.38e-02  1.12e-14  9.14e-03  9.77e-01 
[1] "PP abf for shared variant: 97.7%"
   nsnps      hit1       hit2    PP.H0.abf PP.H1.abf    PP.H2.abf   PP.H3.abf
1:     5 rs6734118 rs13420463 1.384035e-14 0.0137519 1.116217e-14 0.009136617
   PP.H4.abf idx1 idx2
1: 0.9771115    1    1
[1] "ENSG00000115825.9"
[1] "PRKD3"
[1] "Thyroid"
[1] "running liftOver"
[1] "Grabbing the all pairs data"
[1] "reading the all pairs data into R"
[1] 6556   14
[1] "Filtering on the geneID"
[1] "adding rs numbers to the QTL data"
[1] "merging the trait and eqtl data on unique ID"
[1] "Running coloc"
PP.H0.abf PP.H1.abf PP.H2.abf PP.H3.abf PP.H4.abf 
 1.00e-16  1.78e-05  1.75e-13  3.02e-02  9.70e-01 
[1] "PP abf for shared variant: 97%"

Variables in credible sets:

 variable variable_prob cs
        5     0.4268815  1
        2     0.2489556  1
        1     0.1964088  1
        4     0.1277534  1

Credible sets summary:

 cs cs_log10bf cs_avg_r2 cs_min_r2 variable
  1   15.29825 0.8966679 0.8482576  1,2,4,5

Variables in credible sets:

 variable variable_prob cs
        3    0.90947878  1
        2    0.07266675  1

Credible sets summary:

 cs cs_log10bf cs_avg_r2 cs_min_r2 variable
  1   7.923742 0.8757142 0.8757142      2,3
PP.H0.abf PP.H1.abf PP.H2.abf PP.H3.abf PP.H4.abf 
 2.15e-18  2.13e-06  9.01e-14  8.77e-02  9.12e-01 
[1] "PP abf for shared variant: 91.2%"
   nsnps      hit1      hit2    PP.H0.abf    PP.H1.abf    PP.H2.abf PP.H3.abf
1:     5 rs6734118 rs4581878 2.148096e-18 2.134368e-06 9.010844e-14  0.087708
   PP.H4.abf idx1 idx2
1: 0.9122899    1    1
[1] "ENSG00000115816.14"
[1] "CEBPZ"
[1] "Nerve_Tibial"
[1] "running liftOver"
[1] "Grabbing the all pairs data"
[1] "reading the all pairs data into R"
[1] 8046   14
[1] "Filtering on the geneID"
[1] "adding rs numbers to the QTL data"
[1] "merging the trait and eqtl data on unique ID"
[1] "Running coloc"
PP.H0.abf PP.H1.abf PP.H2.abf PP.H3.abf PP.H4.abf 
 2.89e-13  5.05e-02  3.14e-14  4.55e-03  9.45e-01 
[1] "PP abf for shared variant: 94.5%"

Variables in credible sets:

 variable variable_prob cs
        5     0.4268815  1
        2     0.2489556  1
        1     0.1964088  1
        4     0.1277534  1

Credible sets summary:

 cs cs_log10bf cs_avg_r2 cs_min_r2 variable
  1   15.29825 0.8966679 0.8482576  1,2,4,5

Variables in credible sets:

 variable variable_prob cs
        2     0.5783374  1
        3     0.3142238  1
        5     0.0672764  1

Credible sets summary:

 cs cs_log10bf cs_avg_r2 cs_min_r2 variable
  1   2.610748 0.8298657 0.7604817    2,3,5
PP.H0.abf PP.H1.abf PP.H2.abf PP.H3.abf PP.H4.abf 
 5.18e-14  5.14e-02  1.06e-14  8.61e-03  9.40e-01 
[1] "PP abf for shared variant: 94%"
   nsnps      hit1       hit2    PP.H0.abf  PP.H1.abf   PP.H2.abf   PP.H3.abf
1:     5 rs6734118 rs13420463 5.175077e-14 0.05142004 1.05593e-14 0.008611884
   PP.H4.abf idx1 idx2
1: 0.9399681    1    1
[1] "ENSG00000115825.9"
[1] "PRKD3"
[1] "Nerve_Tibial"
[1] "running liftOver"
[1] "Grabbing the all pairs data"
[1] "reading the all pairs data into R"
[1] 8046   14
[1] "Filtering on the geneID"
[1] "adding rs numbers to the QTL data"
[1] "merging the trait and eqtl data on unique ID"
[1] "Running coloc"
PP.H0.abf PP.H1.abf PP.H2.abf PP.H3.abf PP.H4.abf 
 2.01e-13  3.52e-02  2.13e-12  3.72e-01  5.93e-01 
[1] "PP abf for shared variant: 59.3%"

Variables in credible sets:

 variable variable_prob cs
        5     0.4268815  1
        2     0.2489556  1
        1     0.1964088  1
        4     0.1277534  1

Credible sets summary:

 cs cs_log10bf cs_avg_r2 cs_min_r2 variable
  1   15.29825 0.8966679 0.8482576  1,2,4,5

Variables in credible sets:

 variable variable_prob cs
        3     0.9984798  1

Credible sets summary:

 cs cs_log10bf cs_avg_r2 cs_min_r2 variable
  1   5.197703         1         1        3
PP.H0.abf PP.H1.abf PP.H2.abf PP.H3.abf PP.H4.abf 
 1.09e-14  1.08e-02  8.59e-13  8.53e-01  1.36e-01 
[1] "PP abf for shared variant: 13.6%"
   nsnps      hit1      hit2    PP.H0.abf  PP.H1.abf    PP.H2.abf PP.H3.abf
1:     5 rs6734118 rs4581878 1.089549e-14 0.01082586 8.588557e-13 0.8530948
   PP.H4.abf idx1 idx2
1: 0.1360793    1    1
[1] "ENSG00000115825.9"
[1] "PRKD3"
[1] "Lung"
[1] "running liftOver"
[1] "Grabbing the all pairs data"
[1] "reading the all pairs data into R"
[1] 6556   14
[1] "Filtering on the geneID"
[1] "adding rs numbers to the QTL data"
[1] "merging the trait and eqtl data on unique ID"
[1] "Running coloc"
PP.H0.abf PP.H1.abf PP.H2.abf PP.H3.abf PP.H4.abf 
 9.43e-13  1.68e-01  3.63e-13  6.37e-02  7.69e-01 
[1] "PP abf for shared variant: 76.9%"

Variables in credible sets:

 variable variable_prob cs
        5     0.4268815  1
        2     0.2489556  1
        1     0.1964088  1
        4     0.1277534  1

Credible sets summary:

 cs cs_log10bf cs_avg_r2 cs_min_r2 variable
  1   15.29825 0.8966679 0.8482576  1,2,4,5

Variables in credible sets:

 variable variable_prob cs
        3     0.9695962  1

Credible sets summary:

 cs cs_log10bf cs_avg_r2 cs_min_r2 variable
  1   3.373186         1         1        3
PP.H0.abf PP.H1.abf PP.H2.abf PP.H3.abf PP.H4.abf 
 1.87e-13  1.86e-01  2.21e-13  2.18e-01  5.96e-01 
[1] "PP abf for shared variant: 59.6%"
   nsnps      hit1      hit2    PP.H0.abf PP.H1.abf    PP.H2.abf PP.H3.abf
1:     5 rs6734118 rs4581878 1.871284e-13 0.1859325 2.209507e-13 0.2183472
   PP.H4.abf idx1 idx2
1: 0.5957203    1    1
[1] "ENSG00000115816.14"
[1] "CEBPZ"
[1] "Esophagus_Mucosa"
[1] "running liftOver"
[1] "Grabbing the all pairs data"
[1] "reading the all pairs data into R"
[1] 5662   14
[1] "Filtering on the geneID"
[1] "adding rs numbers to the QTL data"
[1] "merging the trait and eqtl data on unique ID"
[1] "Running coloc"
PP.H0.abf PP.H1.abf PP.H2.abf PP.H3.abf PP.H4.abf 
 1.85e-16  3.21e-05  4.54e-14  6.89e-03  9.93e-01 
[1] "PP abf for shared variant: 99.3%"

Variables in credible sets:

 variable variable_prob cs
        5     0.4268815  1
        2     0.2489556  1
        1     0.1964088  1
        4     0.1277534  1

Credible sets summary:

 cs cs_log10bf cs_avg_r2 cs_min_r2 variable
  1   15.29825 0.8966679 0.8482576  1,2,4,5

Variables in credible sets:

 variable variable_prob cs
        3    0.46591286  1
        2    0.46000904  1
        4    0.03561949  1

Credible sets summary:

 cs cs_log10bf cs_avg_r2 cs_min_r2 variable
  1   6.928215 0.9071788 0.8731538    2,3,4
PP.H0.abf PP.H1.abf PP.H2.abf PP.H3.abf PP.H4.abf 
 3.60e-18  3.58e-06  1.53e-14  1.32e-02  9.87e-01 
[1] "PP abf for shared variant: 98.7%"
   nsnps      hit1      hit2    PP.H0.abf    PP.H1.abf    PP.H2.abf  PP.H3.abf
1:     5 rs6734118 rs4581878 3.602488e-18 3.579466e-06 1.526818e-14 0.01319701
   PP.H4.abf idx1 idx2
1: 0.9867994    1    1
[1] "ENSG00000115825.9"
[1] "PRKD3"
[1] "Artery_Aorta"
[1] "running liftOver"
[1] "Grabbing the all pairs data"
[1] "reading the all pairs data into R"
[1] 6258   14
[1] "Filtering on the geneID"
[1] "adding rs numbers to the QTL data"
[1] "merging the trait and eqtl data on unique ID"
[1] "Running coloc"
PP.H0.abf PP.H1.abf PP.H2.abf PP.H3.abf PP.H4.abf 
 5.70e-15  1.03e-03  7.69e-13  1.39e-01  8.60e-01 
[1] "PP abf for shared variant: 86%"

Variables in credible sets:

 variable variable_prob cs
        5     0.4268815  1
        2     0.2489556  1
        1     0.1964088  1
        4     0.1277534  1

Credible sets summary:

 cs cs_log10bf cs_avg_r2 cs_min_r2 variable
  1   15.29825 0.8966679 0.8482576  1,2,4,5

Variables in credible sets:

 variable variable_prob cs
        3      0.993756  1

Credible sets summary:

 cs cs_log10bf cs_avg_r2 cs_min_r2 variable
  1     7.4616         1         1        3
PP.H0.abf PP.H1.abf PP.H2.abf PP.H3.abf PP.H4.abf 
 4.64e-17  4.61e-05  6.71e-13  6.66e-01  3.34e-01 
[1] "PP abf for shared variant: 33.4%"
   nsnps      hit1      hit2    PP.H0.abf   PP.H1.abf    PP.H2.abf PP.H3.abf
1:     5 rs6734118 rs4581878 4.635997e-17 4.60637e-05 6.709852e-13 0.6660293
   PP.H4.abf idx1 idx2
1: 0.3339246    1    1
[1] "ENSG00000115825.9"
[1] "PRKD3"
[1] "Spleen"
[1] "running liftOver"
[1] "Grabbing the all pairs data"
[1] "reading the all pairs data into R"
[1] 7748   14
[1] "Filtering on the geneID"
[1] "adding rs numbers to the QTL data"
[1] "merging the trait and eqtl data on unique ID"
[1] "Running coloc"
PP.H0.abf PP.H1.abf PP.H2.abf PP.H3.abf PP.H4.abf 
 2.74e-14  4.66e-03  1.34e-13  2.19e-02  9.73e-01 
[1] "PP abf for shared variant: 97.3%"

Variables in credible sets:

 variable variable_prob cs
        5     0.4268815  1
        2     0.2489556  1
        1     0.1964088  1
        4     0.1277534  1

Credible sets summary:

 cs cs_log10bf cs_avg_r2 cs_min_r2 variable
  1   15.29825 0.8966679 0.8482576  1,2,4,5

Variables in credible sets:

 variable variable_prob cs
        3    0.90760419  1
        4    0.08744429  1

Credible sets summary:

 cs cs_log10bf cs_avg_r2 cs_min_r2 variable
  1    6.53407 0.8731538 0.8731538      3,4
PP.H0.abf PP.H1.abf PP.H2.abf PP.H3.abf PP.H4.abf 
 8.13e-17  8.08e-05  1.39e-13  1.36e-01  8.63e-01 
[1] "PP abf for shared variant: 86.3%"
   nsnps      hit1      hit2   PP.H0.abf    PP.H1.abf    PP.H2.abf PP.H3.abf
1:     5 rs6734118 rs4581878 8.13406e-17 8.082077e-05 1.391066e-13 0.1364907
   PP.H4.abf idx1 idx2
1: 0.8634285    1    1
