[1] "trait"
[1] "PP"
[1] "trait_file_header_info"
[1] "/gpfs/projects/bsc83/Projects/Breast/ANALYSIS/Hypertension/analysis/06_colocalization/PP_Evangelou_parsed.txt"
[1] "Tested_Allele"
[1] "Other_Allele"
[1] "SNP"
[1] "CHR"
[1] "POS"
[1] "P"
[1] "N"
[1] "Freq_Tested_Allele"
[1] "traitType:"
[1] "quant"
[1] 2
[1] "Locus Info:"
[1] 2
[1] 46357133
[1] 46363336
[1] "rs11690961"
[1] "QTL type:"
[1] "eqtl"
[1] TRUE
[1] "trait input file successfully loaded"
   CHR      POS        SNP Tested_Allele Other_Allele Freq_Tested_Allele
1:   2 46357133 rs17737768             T            C             0.8829
2:   2 46363336 rs11690961             A            C             0.8833
      BETA     SE         P      N Ref_Allele Alt_Allele
1: -0.3009 0.0320 4.631e-21 728239          T          C
2: -0.3036 0.0319 1.927e-21 731082          A          C
[1] "rs17737768" "rs11690961"
[1] "/gpfs/projects/bsc83/Projects/Breast/ANALYSIS/Hypertension/data/Coloq/chr_2_snp151_hash_table.json"
$rs222
[1] "chr2_98531409"

$rs223
[1] "chr2_132615083"

$rs525
[1] "chr2_171558018"

[1] "hash table loaded"
[1] "/gpfs/projects/bsc83/Projects/Breast/ANALYSIS/Hypertension/analysis/06_colocalization/ColocQuiaL-main/GTEx_v8_Tissue_Summary_with_filenames_all.csv"
                          Tissue NumberRNASeqandGTSamples NumberRNASeqSamples
1              Muscle - Skeletal                      706                 803
2                    Whole Blood                      670                 755
3 Skin - Sun Exposed (Lower leg)                      605                 701
4                Artery - Tibial                      584                 663
5         Adipose - Subcutaneous                      581                 663
6                        Thyroid                      574                 653
  Number_of_eGenes                      allPairsTabixFilename
1            13532            Muscle_Skeletal.allpairs.tab.gz
2            12360                Whole_Blood.allpairs.tab.gz
3            16967 Skin_Sun_Exposed_Lower_leg.allpairs.tab.gz
4            15008              Artery_Tibial.allpairs.tab.gz
5            15607       Adipose_Subcutaneous.allpairs.tab.gz
6            17684                    Thyroid.allpairs.tab.gz
                                              sigPairsTabixFilename
1            Muscle_Skeletal.v8.v8.signif_variant_gene_pairs.tab.gz
2                Whole_Blood.v8.v8.signif_variant_gene_pairs.tab.gz
3 Skin_Sun_Exposed_Lower_leg.v8.v8.signif_variant_gene_pairs.tab.gz
4              Artery_Tibial.v8.v8.signif_variant_gene_pairs.tab.gz
5       Adipose_Subcutaneous.v8.v8.signif_variant_gene_pairs.tab.gz
6                    Thyroid.v8.v8.signif_variant_gene_pairs.tab.gz
[1] "chr2_46136197"
[1] "ENSG00000116016.13"
[1] "EPAS1"
[1] "Artery_Aorta"
[1] "running liftOver"
[1] "Grabbing the all pairs data"
[1] "reading the all pairs data into R"
[1] 400  14
[1] "Filtering on the geneID"
[1] "adding rs numbers to the QTL data"
[1] "merging the trait and eqtl data on unique ID"
[1] "Running coloc"
PP.H0.abf PP.H1.abf PP.H2.abf PP.H3.abf PP.H4.abf 
 1.84e-15  1.46e-01  1.07e-17  0.00e+00  8.54e-01 
[1] "PP abf for shared variant: 85.4%"
[1] "susie can't run in these pair"
