[1] "trait"
[1] "DBP"
[1] "trait_file_header_info"
[1] "/gpfs/projects/bsc83/Projects/Breast/ANALYSIS/Hypertension/analysis/06_colocalization/DBP_Evangelou_parsed.txt"
[1] "Tested_Allele"
[1] "Other_Allele"
[1] "SNP"
[1] "CHR"
[1] "POS"
[1] "P"
[1] "N"
[1] "Freq_Tested_Allele"
[1] "traitType:"
[1] "quant"
[1] 1
[1] "Locus Info:"
[1] 1
[1] 243458922
[1] 243501763
[1] "rs953492"
[1] "QTL type:"
[1] "eqtl"
[1] TRUE
[1] "trait input file successfully loaded"
   CHR       POS       SNP Tested_Allele Other_Allele Freq_Tested_Allele
1:   1 243458922 rs2490395             A            G             0.4744
2:   1 243462367 rs2484639             A            G             0.5255
3:   1 243462417 rs2484640             T            G             0.5105
4:   1 243464416 rs2636321             A            G             0.4757
5:   1 243469669 rs2490391             A            C             0.4558
6:   1 243470453 rs2932634             T            C             0.4564
      BETA     SE         P      N Ref_Allele Alt_Allele
1: -0.1993 0.0173 1.148e-30 751267          A          G
2: -0.1978 0.0173 3.094e-30 750824          G          A
3: -0.2007 0.0173 3.978e-31 750329          G          T
4: -0.1974 0.0173 4.354e-30 749296          A          G
5: -0.1946 0.0174 3.992e-29 749694          A          C
6: -0.1951 0.0174 5.089e-29 741612          T          C
[1] "rs2490395" "rs2484639" "rs2484640"
[1] "/gpfs/projects/bsc83/Projects/Breast/ANALYSIS/Hypertension/data/Coloq/chr_1_snp151_hash_table.json"
$rs171
[1] "chr1_175292543"

$rs242
[1] "chr1_20542968"

$rs538
[1] "chr1_6100898"

[1] "hash table loaded"
[1] "/gpfs/projects/bsc83/Projects/Breast/ANALYSIS/Hypertension/analysis/06_colocalization/ColocQuiaL-main/GTEx_v8_Tissue_Summary_with_filenames_all.csv"
                          Tissue NumberRNASeqandGTSamples NumberRNASeqSamples
1              Muscle - Skeletal                      706                 803
2                    Whole Blood                      670                 755
3 Skin - Sun Exposed (Lower leg)                      605                 701
4                Artery - Tibial                      584                 663
5         Adipose - Subcutaneous                      581                 663
6                        Thyroid                      574                 653
  Number_of_eGenes                      allPairsTabixFilename
1            13532            Muscle_Skeletal.allpairs.tab.gz
2            12360                Whole_Blood.allpairs.tab.gz
3            16967 Skin_Sun_Exposed_Lower_leg.allpairs.tab.gz
4            15008              Artery_Tibial.allpairs.tab.gz
5            15607       Adipose_Subcutaneous.allpairs.tab.gz
6            17684                    Thyroid.allpairs.tab.gz
                                              sigPairsTabixFilename
1            Muscle_Skeletal.v8.v8.signif_variant_gene_pairs.tab.gz
2                Whole_Blood.v8.v8.signif_variant_gene_pairs.tab.gz
3 Skin_Sun_Exposed_Lower_leg.v8.v8.signif_variant_gene_pairs.tab.gz
4              Artery_Tibial.v8.v8.signif_variant_gene_pairs.tab.gz
5       Adipose_Subcutaneous.v8.v8.signif_variant_gene_pairs.tab.gz
6                    Thyroid.v8.v8.signif_variant_gene_pairs.tab.gz
[1] "chr1_243307890"
[1] "ENSG00000054282.15"
[1] "SDCCAG8"
[1] "Whole_Blood"
[1] "running liftOver"
[1] "Grabbing the all pairs data"
[1] "reading the all pairs data into R"
[1] 833  14
[1] "Filtering on the geneID"
[1] "adding rs numbers to the QTL data"
[1] "merging the trait and eqtl data on unique ID"
[1] "Running coloc"
PP.H0.abf PP.H1.abf PP.H2.abf PP.H3.abf PP.H4.abf 
 4.75e-32  1.21e-08  1.71e-26  3.34e-03  9.97e-01 
[1] "PP abf for shared variant: 99.7%"

Variables in credible sets:

 variable variable_prob cs
        4    0.70446221  1
        3    0.10367870  1
        8    0.07977343  1
       22    0.05389437  1
        1    0.01446493  1

Credible sets summary:

 cs cs_log10bf cs_avg_r2 cs_min_r2   variable
  1   26.75321 0.9100756 0.8574204 1,3,4,8,22

Variables in credible sets:

 variable variable_prob cs
        3    0.50636424  1
        4    0.25935317  1
        9    0.08568640  1
        1    0.06980248  1
        8    0.06147384  1

Credible sets summary:

 cs cs_log10bf cs_avg_r2 cs_min_r2  variable
  1   9.779466 0.9166982 0.8565688 1,3,4,8,9
PP.H0.abf PP.H1.abf PP.H2.abf PP.H3.abf PP.H4.abf 
 4.98e-34  6.21e-10  6.59e-27  6.23e-03  9.94e-01 
[1] "PP abf for shared variant: 99.4%"
   nsnps      hit1      hit2    PP.H0.abf    PP.H1.abf    PP.H2.abf   PP.H3.abf
1:    22 rs2484640 rs2484639 4.978686e-34 6.205125e-10 6.591785e-27 0.006228048
   PP.H4.abf idx1 idx2
1:  0.993772    1    1
[1] "ENSG00000143702.15"
[1] "CEP170"   "CEP170P1"
[1] "Using first gene symbol:  CEP170"
[1] "Whole_Blood"
[1] "running liftOver"
[1] "Grabbing the all pairs data"
[1] "reading the all pairs data into R"
[1] 833  14
[1] "Filtering on the geneID"
[1] "adding rs numbers to the QTL data"
[1] "merging the trait and eqtl data on unique ID"
[1] "Running coloc"
PP.H0.abf PP.H1.abf PP.H2.abf PP.H3.abf PP.H4.abf 
 3.47e-25  8.80e-02  1.78e-25  4.42e-02  8.68e-01 
[1] "PP abf for shared variant: 86.8%"

Variables in credible sets:

 variable variable_prob cs
        4    0.70446221  1
        3    0.10367870  1
        8    0.07977343  1
       22    0.05389437  1
        1    0.01446493  1

Credible sets summary:

 cs cs_log10bf cs_avg_r2 cs_min_r2   variable
  1   26.75321 0.9100756 0.8574204 1,3,4,8,22

Variables in credible sets:

 variable variable_prob cs
        6    0.17016688  1
        7    0.17016688  1
       11    0.17016688  1
       10    0.16972181  1
       19    0.05897577  1
       21    0.04906826  1
        3    0.03360598  1
        9    0.03258304  1
       13    0.02597539  1
       14    0.02040748  1
       12    0.02040321  1
        8    0.02028839  1
        4    0.01463375  1

Credible sets summary:

 cs cs_log10bf cs_avg_r2 cs_min_r2                         variable
  1   2.522721 0.9149705 0.7378965 3,4,6,7,8,9,10,11,12,13,14,19,21
PP.H0.abf PP.H1.abf PP.H2.abf PP.H3.abf PP.H4.abf 
 1.04e-25  1.30e-01  7.63e-26  9.36e-02  7.77e-01 
[1] "PP abf for shared variant: 77.7%"
   nsnps      hit1      hit2    PP.H0.abf PP.H1.abf    PP.H2.abf  PP.H3.abf
1:    22 rs2484640 rs2636319 1.041193e-25 0.1297678 7.632644e-26 0.09357522
   PP.H4.abf idx1 idx2
1:  0.776657    1    1
[1] "ENSEMBL ID could not be converted to HGNC Symbol"
[1] "geneSymbol will be set to the ENSEMBL ID ENSG00000253326"
[1] "ENSG00000253326.2"
[1] "ENSG00000253326"
[1] "Whole_Blood"
[1] "running liftOver"
[1] "Grabbing the all pairs data"
[1] "reading the all pairs data into R"
[1] 833  14
[1] "Filtering on the geneID"
[1] "adding rs numbers to the QTL data"
[1] "merging the trait and eqtl data on unique ID"
[1] "Running coloc"
PP.H0.abf PP.H1.abf PP.H2.abf PP.H3.abf PP.H4.abf 
 1.88e-24  4.77e-01  4.33e-26  1.05e-02  5.12e-01 
[1] "PP abf for shared variant: 51.2%"

Variables in credible sets:

 variable variable_prob cs
        4    0.70446221  1
        3    0.10367870  1
        8    0.07977343  1
       22    0.05389437  1
        1    0.01446493  1

Credible sets summary:

 cs cs_log10bf cs_avg_r2 cs_min_r2   variable
  1   26.75321 0.9100756 0.8574204 1,3,4,8,22

Variables in credible sets:

 variable variable_prob cs
       15    0.12220916  1
       20    0.10143726  1
       16    0.09834725  1
       22    0.08075641  1
       19    0.07055527  1
        5    0.06618553  1
        1    0.06563506  1
        8    0.04796615  1
       18    0.04519194  1
        4    0.04306984  1
        9    0.04091294  1
        3    0.03547081  1
       13    0.02524658  1
       12    0.02143492  1
       14    0.02142475  1
        2    0.01862731  1
       21    0.01713792  1
       10    0.01588027  1
        6    0.01583517  1

Credible sets summary:

 cs cs_log10bf cs_avg_r2 cs_min_r2
  1   1.045511  0.919784 0.7378965
                                         variable
 1,2,3,4,5,6,8,9,10,12,13,14,15,16,18,19,20,21,22
PP.H0.abf PP.H1.abf PP.H2.abf PP.H3.abf PP.H4.abf 
 5.04e-25  6.28e-01  1.23e-26  1.46e-02  3.57e-01 
[1] "PP abf for shared variant: 35.7%"
   nsnps      hit1      hit2    PP.H0.abf PP.H1.abf    PP.H2.abf  PP.H3.abf
1:    22 rs2484640 rs2783971 5.038052e-25 0.6279115 1.230825e-26 0.01462532
   PP.H4.abf idx1 idx2
1: 0.3574632    1    1
[1] "ENSG00000214837.8"
[1] "LINC01347"
[1] "Skin_Sun_Exposed_Lower_leg"
[1] "running liftOver"
[1] "Grabbing the all pairs data"
[1] "reading the all pairs data into R"
[1] 1190   14
[1] "Filtering on the geneID"
[1] "adding rs numbers to the QTL data"
[1] "merging the trait and eqtl data on unique ID"
[1] "Running coloc"
PP.H0.abf PP.H1.abf PP.H2.abf PP.H3.abf PP.H4.abf 
 2.09e-24  5.28e-01  4.99e-26  1.22e-02  4.60e-01 
[1] "PP abf for shared variant: 46%"

Variables in credible sets:

 variable variable_prob cs
        4    0.70446221  1
        3    0.10367870  1
        8    0.07977343  1
       22    0.05389437  1
        1    0.01446493  1

Credible sets summary:

 cs cs_log10bf cs_avg_r2 cs_min_r2   variable
  1   26.75321 0.9100756 0.8574204 1,3,4,8,22

Variables in credible sets:

 variable variable_prob cs
       20    0.09155557  1
        1    0.08432572  1
       16    0.05662262  1
        2    0.05082526  1
        8    0.04950407  1
        5    0.04749475  1
       22    0.04709701  1
       15    0.04591241  1
       14    0.04434668  1
       12    0.04417100  1
       18    0.04336993  1
       13    0.04334513  1
       17    0.04198883  1
        3    0.04022773  1
        9    0.03899449  1
       21    0.03511304  1
       19    0.03489847  1
        6    0.03420741  1
        7    0.03420741  1
       11    0.03420741  1
        4    0.03186041  1

Credible sets summary:

 cs cs_log10bf cs_avg_r2 cs_min_r2
  1   1.055517  0.922876 0.7378965
                                              variable
 1,2,3,4,5,6,7,8,9,11,12,13,14,15,16,17,18,19,20,21,22
PP.H0.abf PP.H1.abf PP.H2.abf PP.H3.abf PP.H4.abf 
 5.41e-25  6.74e-01  1.35e-26  1.62e-02  3.09e-01 
[1] "PP abf for shared variant: 30.9%"
   nsnps      hit1      hit2   PP.H0.abf PP.H1.abf    PP.H2.abf  PP.H3.abf
1:    22 rs2484640 rs2932634 5.41009e-25 0.6742801 1.352521e-26 0.01623802
   PP.H4.abf idx1 idx2
1: 0.3094818    1    1
[1] "ENSEMBL ID could not be converted to HGNC Symbol"
[1] "geneSymbol will be set to the ENSEMBL ID ENSG00000224727"
[1] "ENSG00000224727.1"
[1] "ENSG00000224727"
[1] "Skin_Sun_Exposed_Lower_leg"
[1] "running liftOver"
[1] "Grabbing the all pairs data"
[1] "reading the all pairs data into R"
[1] 1190   14
[1] "Filtering on the geneID"
[1] "adding rs numbers to the QTL data"
[1] "merging the trait and eqtl data on unique ID"
[1] "Running coloc"
PP.H0.abf PP.H1.abf PP.H2.abf PP.H3.abf PP.H4.abf 
 4.23e-26  1.07e-02  3.57e-26  8.04e-03  9.81e-01 
[1] "PP abf for shared variant: 98.1%"

Variables in credible sets:

 variable variable_prob cs
        4    0.70446221  1
        3    0.10367870  1
        8    0.07977343  1
       22    0.05389437  1
        1    0.01446493  1

Credible sets summary:

 cs cs_log10bf cs_avg_r2 cs_min_r2   variable
  1   26.75321 0.9100756 0.8574204 1,3,4,8,22

Variables in credible sets:

 variable variable_prob cs
        4    0.14781839  1
       13    0.08613087  1
       18    0.07648827  1
        3    0.07353443  1
       12    0.06106045  1
       14    0.06047993  1
       10    0.05878204  1
       19    0.05245622  1
       22    0.04568927  1
        6    0.04111796  1
        7    0.04111796  1
       11    0.04111796  1
        2    0.03277573  1
       15    0.03060653  1
        1    0.02851552  1
        8    0.02779178  1
        9    0.02316446  1
        5    0.01748830  1
       20    0.01607060  1

Credible sets summary:

 cs cs_log10bf cs_avg_r2 cs_min_r2
  1   2.748671 0.9183291 0.7378965
                                        variable
 1,2,3,4,5,6,7,8,9,10,11,12,13,14,15,18,19,20,22
PP.H0.abf PP.H1.abf PP.H2.abf PP.H3.abf PP.H4.abf 
 1.07e-26  1.34e-02  1.32e-26  1.45e-02  9.72e-01 
[1] "PP abf for shared variant: 97.2%"
   nsnps      hit1      hit2    PP.H0.abf  PP.H1.abf    PP.H2.abf  PP.H3.abf
1:    22 rs2484640 rs2484640 1.072642e-26 0.01336875 1.322966e-26 0.01454446
   PP.H4.abf idx1 idx2
1: 0.9720868    1    1
[1] "ENSEMBL ID could not be converted to HGNC Symbol"
[1] "geneSymbol will be set to the ENSEMBL ID ENSG00000253326"
[1] "ENSG00000253326.2"
[1] "ENSG00000253326"
[1] "Skin_Sun_Exposed_Lower_leg"
[1] "running liftOver"
[1] "Grabbing the all pairs data"
[1] "reading the all pairs data into R"
[1] 1190   14
[1] "Filtering on the geneID"
[1] "adding rs numbers to the QTL data"
[1] "merging the trait and eqtl data on unique ID"
[1] "Running coloc"
PP.H0.abf PP.H1.abf PP.H2.abf PP.H3.abf PP.H4.abf 
 7.14e-29  1.80e-05  1.08e-25  2.63e-02  9.74e-01 
[1] "PP abf for shared variant: 97.4%"

Variables in credible sets:

 variable variable_prob cs
        4    0.70446221  1
        3    0.10367870  1
        8    0.07977343  1
       22    0.05389437  1
        1    0.01446493  1

Credible sets summary:

 cs cs_log10bf cs_avg_r2 cs_min_r2   variable
  1   26.75321 0.9100756 0.8574204 1,3,4,8,22

Variables in credible sets:

 variable variable_prob cs
        8    0.40338471  1
       16    0.13762080  1
       19    0.06766783  1
       15    0.05269107  1
        1    0.04187790  1
        5    0.03901805  1
       20    0.03416906  1
       21    0.03013887  1
       22    0.02948082  1
        6    0.02096348  1
        7    0.02096348  1
       11    0.02096348  1
        3    0.01905181  1
        9    0.01820334  1
       12    0.01157092  1
       14    0.01149681  1

Credible sets summary:

 cs cs_log10bf cs_avg_r2 cs_min_r2                                 variable
  1   6.656001 0.9231938 0.7786809 1,3,5,6,7,8,9,11,12,14,15,16,19,20,21,22
PP.H0.abf PP.H1.abf PP.H2.abf PP.H3.abf PP.H4.abf 
 3.58e-30  4.46e-06  3.57e-26  4.25e-02  9.57e-01 
[1] "PP abf for shared variant: 95.7%"
   nsnps      hit1      hit2    PP.H0.abf    PP.H1.abf    PP.H2.abf  PP.H3.abf
1:    22 rs2484640 rs2636321 3.579696e-30 4.461511e-06 3.566726e-26 0.04253855
   PP.H4.abf idx1 idx2
1:  0.957457    1    1
[1] "ENSG00000054282.15"
[1] "SDCCAG8"
[1] "Artery_Tibial"
[1] "running liftOver"
[1] "Grabbing the all pairs data"
[1] "reading the all pairs data into R"
[1] 1071   14
[1] "Filtering on the geneID"
[1] "adding rs numbers to the QTL data"
[1] "merging the trait and eqtl data on unique ID"
[1] "Running coloc"
PP.H0.abf PP.H1.abf PP.H2.abf PP.H3.abf PP.H4.abf 
 1.47e-26  3.73e-03  1.02e-26  1.59e-03  9.95e-01 
[1] "PP abf for shared variant: 99.5%"

Variables in credible sets:

 variable variable_prob cs
        4    0.70446221  1
        3    0.10367870  1
        8    0.07977343  1
       22    0.05389437  1
        1    0.01446493  1

Credible sets summary:

 cs cs_log10bf cs_avg_r2 cs_min_r2   variable
  1   26.75321 0.9100756 0.8574204 1,3,4,8,22

Variables in credible sets:

 variable variable_prob cs
        4   0.600374182  1
        3   0.127711231  1
        9   0.042577300  1
        8   0.030611532  1
        6   0.025340116  1
        7   0.025340116  1
       11   0.025340116  1
       10   0.023584264  1
       18   0.016382030  1
       21   0.014117689  1
       15   0.011959784  1
       22   0.009933245  1

Credible sets summary:

 cs cs_log10bf cs_avg_r2 cs_min_r2                      variable
  1   2.742243 0.9101826 0.8097588 3,4,6,7,8,9,10,11,15,18,21,22
PP.H0.abf PP.H1.abf PP.H2.abf PP.H3.abf PP.H4.abf 
 2.98e-27  3.72e-03  3.63e-27  2.53e-03  9.94e-01 
[1] "PP abf for shared variant: 99.4%"
   nsnps      hit1      hit2    PP.H0.abf   PP.H1.abf    PP.H2.abf   PP.H3.abf
1:    22 rs2484640 rs2484640 2.983802e-27 0.003718826 3.626068e-27 0.002531808
   PP.H4.abf idx1 idx2
1: 0.9937494    1    1
[1] "ENSEMBL ID could not be converted to HGNC Symbol"
[1] "geneSymbol will be set to the ENSEMBL ID ENSG00000253326"
[1] "ENSG00000253326.2"
[1] "ENSG00000253326"
[1] "Artery_Tibial"
[1] "running liftOver"
[1] "Grabbing the all pairs data"
[1] "reading the all pairs data into R"
[1] 1071   14
[1] "Filtering on the geneID"
[1] "adding rs numbers to the QTL data"
[1] "merging the trait and eqtl data on unique ID"
[1] "Running coloc"
PP.H0.abf PP.H1.abf PP.H2.abf PP.H3.abf PP.H4.abf 
 2.05e-25  5.19e-02  4.78e-26  1.12e-02  9.37e-01 
[1] "PP abf for shared variant: 93.7%"

Variables in credible sets:

 variable variable_prob cs
        4    0.70446221  1
        3    0.10367870  1
        8    0.07977343  1
       22    0.05389437  1
        1    0.01446493  1

Credible sets summary:

 cs cs_log10bf cs_avg_r2 cs_min_r2   variable
  1   26.75321 0.9100756 0.8574204 1,3,4,8,22

Variables in credible sets:

 variable variable_prob cs
        8    0.20918181  1
       16    0.09431128  1
       15    0.08711164  1
        3    0.07924428  1
       20    0.07585107  1
        4    0.06970993  1
        1    0.06577106  1
       22    0.06470365  1
        5    0.04450141  1
       19    0.03611987  1
        9    0.03610420  1
       18    0.02059988  1
       21    0.01460922  1
       13    0.01426953  1
       12    0.01338706  1
       14    0.01320921  1
        6    0.01193402  1

Credible sets summary:

 cs cs_log10bf cs_avg_r2 cs_min_r2                                    variable
  1   2.144093 0.9149968 0.7378965 1,3,4,5,6,8,9,12,13,14,15,16,18,19,20,21,22
PP.H0.abf PP.H1.abf PP.H2.abf PP.H3.abf PP.H4.abf 
 5.85e-26  7.29e-02  1.79e-26  2.05e-02  9.07e-01 
[1] "PP abf for shared variant: 90.7%"
   nsnps      hit1      hit2    PP.H0.abf  PP.H1.abf    PP.H2.abf  PP.H3.abf
1:    22 rs2484640 rs2636321 5.850048e-26 0.07291137 1.793393e-26 0.02053864
   PP.H4.abf idx1 idx2
1:   0.90655    1    1
[1] "ENSG00000054282.15"
[1] "SDCCAG8"
[1] "Adipose_Subcutaneous"
[1] "running liftOver"
[1] "Grabbing the all pairs data"
[1] "reading the all pairs data into R"
[1] 1190   14
[1] "Filtering on the geneID"
[1] "adding rs numbers to the QTL data"
[1] "merging the trait and eqtl data on unique ID"
[1] "Running coloc"
PP.H0.abf PP.H1.abf PP.H2.abf PP.H3.abf PP.H4.abf 
 3.74e-28  9.46e-05  3.16e-26  7.00e-03  9.93e-01 
[1] "PP abf for shared variant: 99.3%"

Variables in credible sets:

 variable variable_prob cs
        4    0.70446221  1
        3    0.10367870  1
        8    0.07977343  1
       22    0.05389437  1
        1    0.01446493  1

Credible sets summary:

 cs cs_log10bf cs_avg_r2 cs_min_r2   variable
  1   26.75321 0.9100756 0.8574204 1,3,4,8,22

Variables in credible sets:

 variable variable_prob cs
        3    0.30236981  1
        8    0.14822546  1
        4    0.13416556  1
        9    0.07553193  1
       10    0.05317778  1
       21    0.04967585  1
       11    0.04032127  1
       17    0.02765599  1
        6    0.02648094  1
        7    0.02648094  1
       20    0.01676575  1
        2    0.01478332  1
       12    0.01350088  1
       14    0.01348897  1
       16    0.01285303  1

Credible sets summary:

 cs cs_log10bf cs_avg_r2 cs_min_r2                              variable
  1   5.172275   0.93063 0.8097588 2,3,4,6,7,8,9,10,11,12,14,16,17,20,21
PP.H0.abf PP.H1.abf PP.H2.abf PP.H3.abf PP.H4.abf 
 3.48e-29  4.34e-05  1.14e-26  1.22e-02  9.88e-01 
[1] "PP abf for shared variant: 98.8%"
   nsnps      hit1      hit2    PP.H0.abf    PP.H1.abf    PP.H2.abf  PP.H3.abf
1:    22 rs2484640 rs2484639 3.483952e-29 4.342181e-05 1.139645e-26 0.01222837
   PP.H4.abf idx1 idx2
1: 0.9877282    1    1
[1] "ENSG00000214837.8"
[1] "LINC01347"
[1] "Adipose_Subcutaneous"
[1] "running liftOver"
[1] "Grabbing the all pairs data"
[1] "reading the all pairs data into R"
[1] 1190   14
[1] "Filtering on the geneID"
[1] "adding rs numbers to the QTL data"
[1] "merging the trait and eqtl data on unique ID"
[1] "Running coloc"
PP.H0.abf PP.H1.abf PP.H2.abf PP.H3.abf PP.H4.abf 
 3.23e-24  8.19e-01  1.44e-26  3.48e-03  1.78e-01 
[1] "PP abf for shared variant: 17.8%"

Variables in credible sets:

 variable variable_prob cs
        4    0.70446221  1
        3    0.10367870  1
        8    0.07977343  1
       22    0.05389437  1
        1    0.01446493  1

Credible sets summary:

 cs cs_log10bf cs_avg_r2 cs_min_r2   variable
  1   26.75321 0.9100756 0.8574204 1,3,4,8,22

Variables in credible sets:

 variable variable_prob cs
        1    0.12008847  1
        5    0.07455402  1
        8    0.06798621  1
       16    0.06013469  1
       22    0.05568740  1
       15    0.05490426  1
       20    0.05149171  1
        9    0.04975297  1
        3    0.04908399  1
        4    0.04459886  1
       17    0.04044342  1
       21    0.03970784  1
        2    0.03650214  1
       18    0.03647689  1
        6    0.03130797  1
        7    0.03130797  1
       11    0.02962513  1
       14    0.02835566  1
       12    0.02835558  1
       10    0.02515568  1

Credible sets summary:

 cs cs_log10bf cs_avg_r2 cs_min_r2
  1  0.3439593 0.9300244 0.8097588
                                           variable
 1,2,3,4,5,6,7,8,9,10,11,12,14,15,16,17,18,20,21,22
PP.H0.abf PP.H1.abf PP.H2.abf PP.H3.abf PP.H4.abf 
 7.14e-25  8.90e-01  3.47e-27  4.11e-03  1.06e-01 
[1] "PP abf for shared variant: 10.6%"
   nsnps      hit1      hit2    PP.H0.abf PP.H1.abf    PP.H2.abf   PP.H3.abf
1:    22 rs2484640 rs2451668 7.140367e-25  0.889931 3.468187e-27 0.004110616
   PP.H4.abf idx1 idx2
1: 0.1059583    1    1
[1] "ENSEMBL ID could not be converted to HGNC Symbol"
[1] "geneSymbol will be set to the ENSEMBL ID ENSG00000253326"
[1] "ENSG00000253326.2"
[1] "ENSG00000253326"
[1] "Adipose_Subcutaneous"
[1] "running liftOver"
[1] "Grabbing the all pairs data"
[1] "reading the all pairs data into R"
[1] 1190   14
[1] "Filtering on the geneID"
[1] "adding rs numbers to the QTL data"
[1] "merging the trait and eqtl data on unique ID"
[1] "Running coloc"
PP.H0.abf PP.H1.abf PP.H2.abf PP.H3.abf PP.H4.abf 
 5.74e-28  1.45e-04  1.70e-25  4.20e-02  9.58e-01 
[1] "PP abf for shared variant: 95.8%"

Variables in credible sets:

 variable variable_prob cs
        4    0.70446221  1
        3    0.10367870  1
        8    0.07977343  1
       22    0.05389437  1
        1    0.01446493  1

Credible sets summary:

 cs cs_log10bf cs_avg_r2 cs_min_r2   variable
  1   26.75321 0.9100756 0.8574204 1,3,4,8,22

Variables in credible sets:

 variable variable_prob cs
        8    0.15237443  1
       19    0.13438926  1
       22    0.09064343  1
       16    0.08761269  1
        5    0.08442313  1
        1    0.07527618  1
       20    0.04746384  1
       15    0.04324611  1
       11    0.03715411  1
        6    0.03660134  1
        7    0.03660134  1
       21    0.03008761  1
       13    0.02515796  1
        9    0.02085087  1
       14    0.01730805  1
       12    0.01721736  1
        2    0.01595194  1

Credible sets summary:

 cs cs_log10bf cs_avg_r2 cs_min_r2                                    variable
  1   5.804966 0.9337834 0.7786809 1,2,5,6,7,8,9,11,12,13,14,15,16,19,20,21,22
PP.H0.abf PP.H1.abf PP.H2.abf PP.H3.abf PP.H4.abf 
 4.30e-29  5.35e-05  6.03e-26  7.33e-02  9.27e-01 
[1] "PP abf for shared variant: 92.7%"
   nsnps      hit1      hit2    PP.H0.abf   PP.H1.abf    PP.H2.abf  PP.H3.abf
1:    22 rs2484640 rs2636321 4.295737e-29 5.35394e-05 6.031511e-26 0.07331976
   PP.H4.abf idx1 idx2
1: 0.9266267    1    1
[1] "ENSG00000054282.15"
[1] "SDCCAG8"
[1] "Thyroid"
[1] "running liftOver"
[1] "Grabbing the all pairs data"
[1] "reading the all pairs data into R"
[1] 1309   14
[1] "Filtering on the geneID"
[1] "adding rs numbers to the QTL data"
[1] "merging the trait and eqtl data on unique ID"
[1] "Running coloc"
PP.H0.abf PP.H1.abf PP.H2.abf PP.H3.abf PP.H4.abf 
 6.54e-28  1.66e-04  1.13e-26  1.85e-03  9.98e-01 
[1] "PP abf for shared variant: 99.8%"

Variables in credible sets:

 variable variable_prob cs
        4    0.70446221  1
        3    0.10367870  1
        8    0.07977343  1
       22    0.05389437  1
        1    0.01446493  1

Credible sets summary:

 cs cs_log10bf cs_avg_r2 cs_min_r2   variable
  1   26.75321 0.9100756 0.8574204 1,3,4,8,22

Variables in credible sets:

 variable variable_prob cs
        4    0.58788405  1
        3    0.07473030  1
       15    0.06783481  1
        9    0.03828002  1
        8    0.03210798  1
       21    0.02905440  1
       18    0.02027502  1
       22    0.01815064  1
        6    0.01704879  1
        7    0.01704879  1
       10    0.01472236  1
       11    0.01358594  1
       16    0.01090873  1
       17    0.01016669  1

Credible sets summary:

 cs cs_log10bf cs_avg_r2 cs_min_r2                            variable
  1   4.378539 0.9167755 0.8097588 3,4,6,7,8,9,10,11,15,16,17,18,21,22
PP.H0.abf PP.H1.abf PP.H2.abf PP.H3.abf PP.H4.abf 
 7.13e-29  8.89e-05  3.75e-27  2.68e-03  9.97e-01 
[1] "PP abf for shared variant: 99.7%"
   nsnps      hit1      hit2    PP.H0.abf    PP.H1.abf    PP.H2.abf   PP.H3.abf
1:    22 rs2484640 rs2484640 7.132419e-29 8.889405e-05 3.751441e-27 0.002681104
   PP.H4.abf idx1 idx2
1:   0.99723    1    1
[1] "ENSG00000054282.15"
[1] "SDCCAG8"
[1] "Nerve_Tibial"
[1] "running liftOver"
[1] "Grabbing the all pairs data"
[1] "reading the all pairs data into R"
[1] 1190   14
[1] "Filtering on the geneID"
[1] "adding rs numbers to the QTL data"
[1] "merging the trait and eqtl data on unique ID"
[1] "Running coloc"
PP.H0.abf PP.H1.abf PP.H2.abf PP.H3.abf PP.H4.abf 
 1.96e-43  4.98e-20  1.80e-25  4.46e-02  9.55e-01 
[1] "PP abf for shared variant: 95.5%"

Variables in credible sets:

 variable variable_prob cs
        4    0.70446221  1
        3    0.10367870  1
        8    0.07977343  1
       22    0.05389437  1
        1    0.01446493  1

Credible sets summary:

 cs cs_log10bf cs_avg_r2 cs_min_r2   variable
  1   26.75321 0.9100756 0.8574204 1,3,4,8,22

Variables in credible sets:

 variable variable_prob cs
       22     0.4527564  1
       20     0.3902895  1
        9     0.1181086  1

Credible sets summary:

 cs cs_log10bf cs_avg_r2 cs_min_r2 variable
  1   29.25057 0.9503865 0.9260752  9,20,22
PP.H0.abf PP.H1.abf PP.H2.abf PP.H3.abf PP.H4.abf 
 1.32e-52  1.65e-28  5.18e-26  6.27e-02  9.37e-01 
[1] "PP abf for shared variant: 93.7%"
   nsnps      hit1     hit2    PP.H0.abf    PP.H1.abf    PP.H2.abf  PP.H3.abf
1:    22 rs2484640 rs953492 1.322585e-52 1.648388e-28 5.181024e-26 0.06269847
   PP.H4.abf idx1 idx2
1: 0.9373015    1    1
[1] "ENSG00000143702.15"
[1] "CEP170"   "CEP170P1"
[1] "Using first gene symbol:  CEP170"
[1] "Nerve_Tibial"
[1] "running liftOver"
[1] "Grabbing the all pairs data"
[1] "reading the all pairs data into R"
[1] 1190   14
[1] "Filtering on the geneID"
[1] "adding rs numbers to the QTL data"
[1] "merging the trait and eqtl data on unique ID"
[1] "Running coloc"
PP.H0.abf PP.H1.abf PP.H2.abf PP.H3.abf PP.H4.abf 
 3.90e-25  9.89e-02  9.31e-26  2.27e-02  8.78e-01 
[1] "PP abf for shared variant: 87.8%"

Variables in credible sets:

 variable variable_prob cs
        4    0.70446221  1
        3    0.10367870  1
        8    0.07977343  1
       22    0.05389437  1
        1    0.01446493  1

Credible sets summary:

 cs cs_log10bf cs_avg_r2 cs_min_r2   variable
  1   26.75321 0.9100756 0.8574204 1,3,4,8,22

Variables in credible sets:

 variable variable_prob cs
        9    0.13916923  1
       19    0.13563382  1
        3    0.10175399  1
       18    0.05959750  1
        6    0.05011854  1
        7    0.05011854  1
       11    0.05011854  1
       10    0.04908117  1
       21    0.04787394  1
        1    0.04244205  1
        8    0.04122454  1
        5    0.03605619  1
       16    0.02763104  1
        4    0.02752037  1
       20    0.02615774  1
       12    0.02375739  1
       14    0.02375739  1
        2    0.02193126  1

Credible sets summary:

 cs cs_log10bf cs_avg_r2 cs_min_r2                                     variable
  1   2.170795  0.926545 0.7378965 1,2,3,4,5,6,7,8,9,10,11,12,14,16,18,19,20,21
PP.H0.abf PP.H1.abf PP.H2.abf PP.H3.abf PP.H4.abf 
 1.11e-25  1.39e-01  3.63e-26  4.36e-02  8.18e-01 
[1] "PP abf for shared variant: 81.8%"
   nsnps      hit1      hit2    PP.H0.abf PP.H1.abf   PP.H2.abf  PP.H3.abf
1:    22 rs2484640 rs2636323 1.112263e-25 0.1386256 3.62598e-26 0.04355633
   PP.H4.abf idx1 idx2
1: 0.8178181    1    1
[1] "ENSG00000054282.15"
[1] "SDCCAG8"
[1] "Skin_Not_Sun_Exposed_Suprapubic"
[1] "running liftOver"
[1] "Grabbing the all pairs data"
[1] "reading the all pairs data into R"
[1] 1190   14
[1] "Filtering on the geneID"
[1] "adding rs numbers to the QTL data"
[1] "merging the trait and eqtl data on unique ID"
[1] "Running coloc"
PP.H0.abf PP.H1.abf PP.H2.abf PP.H3.abf PP.H4.abf 
 2.00e-24  5.08e-01  3.21e-26  7.67e-03  4.84e-01 
[1] "PP abf for shared variant: 48.4%"

Variables in credible sets:

 variable variable_prob cs
        4    0.70446221  1
        3    0.10367870  1
        8    0.07977343  1
       22    0.05389437  1
        1    0.01446493  1

Credible sets summary:

 cs cs_log10bf cs_avg_r2 cs_min_r2   variable
  1   26.75321 0.9100756 0.8574204 1,3,4,8,22

Variables in credible sets:

 variable variable_prob cs
        9    0.09518039  1
        3    0.07499310  1
        4    0.06185721  1
        6    0.05733216  1
        7    0.05733216  1
       11    0.05733216  1
        5    0.05513657  1
       10    0.05127826  1
        1    0.04925271  1
       20    0.04912581  1
        8    0.04385599  1
       13    0.04193866  1
       21    0.04084807  1
       12    0.03531070  1
       14    0.03531070  1
       16    0.03433911  1
       18    0.03298907  1
       22    0.03018212  1
       15    0.02793597  1
        2    0.02736101  1

Credible sets summary:

 cs cs_log10bf cs_avg_r2 cs_min_r2
  1  0.8820633 0.9298319 0.8097588
                                           variable
 1,2,3,4,5,6,7,8,9,10,11,12,13,14,15,16,18,20,21,22
PP.H0.abf PP.H1.abf PP.H2.abf PP.H3.abf PP.H4.abf 
 5.30e-25  6.61e-01  8.89e-27  1.04e-02  3.29e-01 
[1] "PP abf for shared variant: 32.9%"
   nsnps      hit1      hit2    PP.H0.abf PP.H1.abf    PP.H2.abf  PP.H3.abf
1:    22 rs2484640 rs2636323 5.301389e-25 0.6607322 8.889464e-27 0.01042158
   PP.H4.abf idx1 idx2
1: 0.3288462    1    1
[1] "ENSG00000214837.8"
[1] "LINC01347"
[1] "Skin_Not_Sun_Exposed_Suprapubic"
[1] "running liftOver"
[1] "Grabbing the all pairs data"
[1] "reading the all pairs data into R"
[1] 1190   14
[1] "Filtering on the geneID"
[1] "adding rs numbers to the QTL data"
[1] "merging the trait and eqtl data on unique ID"
[1] "Running coloc"
PP.H0.abf PP.H1.abf PP.H2.abf PP.H3.abf PP.H4.abf 
 3.79e-24  9.62e-01  3.43e-27  8.34e-04  3.76e-02 
[1] "PP abf for shared variant: 3.76%"

Variables in credible sets:

 variable variable_prob cs
        4    0.70446221  1
        3    0.10367870  1
        8    0.07977343  1
       22    0.05389437  1
        1    0.01446493  1

Credible sets summary:

 cs cs_log10bf cs_avg_r2 cs_min_r2   variable
  1   26.75321 0.9100756 0.8574204 1,3,4,8,22

Variables in credible sets:

[1] variable      variable_prob cs           
<0 rows> (or 0-length row.names)

Credible sets summary:

data frame with 0 columns and 0 rows
NULL
[1] "ENSEMBL ID could not be converted to HGNC Symbol"
[1] "geneSymbol will be set to the ENSEMBL ID ENSG00000253326"
[1] "ENSG00000253326.2"
[1] "ENSG00000253326"
[1] "Skin_Not_Sun_Exposed_Suprapubic"
[1] "running liftOver"
[1] "Grabbing the all pairs data"
[1] "reading the all pairs data into R"
[1] 1190   14
[1] "Filtering on the geneID"
[1] "adding rs numbers to the QTL data"
[1] "merging the trait and eqtl data on unique ID"
[1] "Running coloc"
PP.H0.abf PP.H1.abf PP.H2.abf PP.H3.abf PP.H4.abf 
 4.62e-25  1.17e-01  9.91e-26  2.43e-02  8.59e-01 
[1] "PP abf for shared variant: 85.9%"

Variables in credible sets:

 variable variable_prob cs
        4    0.70446221  1
        3    0.10367870  1
        8    0.07977343  1
       22    0.05389437  1
        1    0.01446493  1

Credible sets summary:

 cs cs_log10bf cs_avg_r2 cs_min_r2   variable
  1   26.75321 0.9100756 0.8574204 1,3,4,8,22

Variables in credible sets:

 variable variable_prob cs
       22    0.12548051  1
       20    0.11044525  1
       16    0.10275196  1
        9    0.08926799  1
       19    0.08751013  1
       15    0.08475496  1
        5    0.07889162  1
        8    0.05120508  1
        6    0.02747892  1
        7    0.02747892  1
       11    0.02747892  1
       21    0.02673485  1
        3    0.02577862  1
        4    0.02350252  1
       18    0.02305942  1
        1    0.01536731  1
       13    0.01525653  1
       12    0.01362868  1

Credible sets summary:

 cs cs_log10bf cs_avg_r2 cs_min_r2
  1   2.129487 0.9165106 0.7378965
                                      variable
 1,3,4,5,6,7,8,9,11,12,13,15,16,18,19,20,21,22
PP.H0.abf PP.H1.abf PP.H2.abf PP.H3.abf PP.H4.abf 
 1.27e-25  1.58e-01  3.77e-26  4.53e-02  7.96e-01 
[1] "PP abf for shared variant: 79.6%"
   nsnps      hit1     hit2    PP.H0.abf PP.H1.abf    PP.H2.abf  PP.H3.abf
1:    22 rs2484640 rs953492 1.270508e-25 0.1583482 3.766054e-26 0.04534515
   PP.H4.abf idx1 idx2
1: 0.7963067    1    1
[1] "ENSG00000054282.15"
[1] "SDCCAG8"
[1] "Lung"
[1] "running liftOver"
[1] "Grabbing the all pairs data"
[1] "reading the all pairs data into R"
[1] 1190   14
[1] "Filtering on the geneID"
[1] "adding rs numbers to the QTL data"
[1] "merging the trait and eqtl data on unique ID"
[1] "Running coloc"
PP.H0.abf PP.H1.abf PP.H2.abf PP.H3.abf PP.H4.abf 
 2.25e-27  5.71e-04  3.48e-26  7.85e-03  9.92e-01 
[1] "PP abf for shared variant: 99.2%"

Variables in credible sets:

 variable variable_prob cs
        4    0.70446221  1
        3    0.10367870  1
        8    0.07977343  1
       22    0.05389437  1
        1    0.01446493  1

Credible sets summary:

 cs cs_log10bf cs_avg_r2 cs_min_r2   variable
  1   26.75321 0.9100756 0.8574204 1,3,4,8,22

Variables in credible sets:

 variable variable_prob cs
       15    0.20763094  1
       22    0.18005822  1
        4    0.15743671  1
       13    0.07525033  1
        2    0.03633429  1
       18    0.03356919  1
       12    0.03107935  1
       14    0.03090825  1
       19    0.02799238  1
        8    0.02509105  1
       16    0.02344527  1
       20    0.02284641  1
       17    0.02279898  1
        5    0.01627703  1
        3    0.01606514  1
       11    0.01591434  1
        1    0.01514262  1
       10    0.01356969  1

Credible sets summary:

 cs cs_log10bf cs_avg_r2 cs_min_r2
  1   4.333206 0.9162412 0.7378965
                                        variable
 1,2,3,4,5,8,10,11,12,13,14,15,16,17,18,19,20,22
PP.H0.abf PP.H1.abf PP.H2.abf PP.H3.abf PP.H4.abf 
 2.63e-28  3.27e-04  1.25e-26  1.35e-02  9.86e-01 
[1] "PP abf for shared variant: 98.6%"
   nsnps      hit1      hit2    PP.H0.abf    PP.H1.abf    PP.H2.abf  PP.H3.abf
1:    22 rs2484640 rs2783971 2.627521e-28 0.0003274779 1.245017e-26 0.01354486
   PP.H4.abf idx1 idx2
1: 0.9861277    1    1
[1] "ENSG00000214837.8"
[1] "LINC01347"
[1] "Lung"
[1] "running liftOver"
[1] "Grabbing the all pairs data"
[1] "reading the all pairs data into R"
[1] 1190   14
[1] "Filtering on the geneID"
[1] "adding rs numbers to the QTL data"
[1] "merging the trait and eqtl data on unique ID"
[1] "Running coloc"
PP.H0.abf PP.H1.abf PP.H2.abf PP.H3.abf PP.H4.abf 
 3.66e-24  9.31e-01  6.61e-27  1.61e-03  6.69e-02 
[1] "PP abf for shared variant: 6.69%"

Variables in credible sets:

 variable variable_prob cs
        4    0.70446221  1
        3    0.10367870  1
        8    0.07977343  1
       22    0.05389437  1
        1    0.01446493  1

Credible sets summary:

 cs cs_log10bf cs_avg_r2 cs_min_r2   variable
  1   26.75321 0.9100756 0.8574204 1,3,4,8,22

Variables in credible sets:

 variable variable_prob cs
        3    0.05867283  1
       18    0.05523767  1
       17    0.05179550  1
       13    0.04887120  1
       14    0.04832998  1
        8    0.04828597  1
       12    0.04812757  1
       11    0.04693249  1
        1    0.04674904  1
       10    0.04597069  1
        6    0.04563817  1
        7    0.04563817  1
        5    0.04524521  1
       21    0.04513842  1
        9    0.04441508  1
        2    0.04436515  1
       16    0.04245634  1
        4    0.03994224  1
       20    0.03970347  1
       19    0.03872968  1
       15    0.03499108  1

Credible sets summary:

 cs cs_log10bf cs_avg_r2 cs_min_r2
  1 0.04175567 0.9265662 0.7378965
                                              variable
 1,2,3,4,5,6,7,8,9,10,11,12,13,14,15,16,17,18,19,20,21
PP.H0.abf PP.H1.abf PP.H2.abf PP.H3.abf PP.H4.abf 
 7.61e-25  9.49e-01  1.84e-27  2.20e-03  4.88e-02 
[1] "PP abf for shared variant: 4.88%"
   nsnps      hit1      hit2    PP.H0.abf PP.H1.abf   PP.H2.abf   PP.H3.abf
1:    22 rs2484640 rs2484639 7.614458e-25 0.9490189 1.84424e-27 0.002200986
    PP.H4.abf idx1 idx2
1: 0.04878016    1    1
[1] "ENSEMBL ID could not be converted to HGNC Symbol"
[1] "geneSymbol will be set to the ENSEMBL ID ENSG00000253326"
[1] "ENSG00000253326.2"
[1] "ENSG00000253326"
[1] "Lung"
[1] "running liftOver"
[1] "Grabbing the all pairs data"
[1] "reading the all pairs data into R"
[1] 1190   14
[1] "Filtering on the geneID"
[1] "adding rs numbers to the QTL data"
[1] "merging the trait and eqtl data on unique ID"
[1] "Running coloc"
PP.H0.abf PP.H1.abf PP.H2.abf PP.H3.abf PP.H4.abf 
 7.45e-26  1.89e-02  6.39e-26  1.53e-02  9.66e-01 
[1] "PP abf for shared variant: 96.6%"

Variables in credible sets:

 variable variable_prob cs
        4    0.70446221  1
        3    0.10367870  1
        8    0.07977343  1
       22    0.05389437  1
        1    0.01446493  1

Credible sets summary:

 cs cs_log10bf cs_avg_r2 cs_min_r2   variable
  1   26.75321 0.9100756 0.8574204 1,3,4,8,22

Variables in credible sets:

 variable variable_prob cs
       11    0.10700896  1
       19    0.08858495  1
        6    0.07267668  1
        7    0.07267668  1
        4    0.06888999  1
       10    0.06818866  1
       21    0.05995828  1
        9    0.05808682  1
       17    0.05371895  1
       15    0.05315830  1
        3    0.04697468  1
       22    0.04112349  1
        8    0.03948123  1
       18    0.02574786  1
       12    0.02523064  1
       14    0.02487913  1
       13    0.02286098  1
       16    0.02034175  1
       20    0.01500506  1

Credible sets summary:

 cs cs_log10bf cs_avg_r2 cs_min_r2
  1    2.80847 0.9179164 0.7378965
                                           variable
 3,4,6,7,8,9,10,11,12,13,14,15,16,17,18,19,20,21,22
PP.H0.abf PP.H1.abf PP.H2.abf PP.H3.abf PP.H4.abf 
 1.78e-26  2.22e-02  2.52e-26  2.95e-02  9.48e-01 
[1] "PP abf for shared variant: 94.8%"
   nsnps      hit1      hit2    PP.H0.abf  PP.H1.abf    PP.H2.abf PP.H3.abf
1:    22 rs2484640 rs2783965 1.778512e-26 0.02216627 2.517384e-26 0.0294784
   PP.H4.abf idx1 idx2
1: 0.9483553    1    1
[1] "ENSG00000054282.15"
[1] "SDCCAG8"
[1] "Adipose_Visceral_Omentum"
[1] "running liftOver"
[1] "Grabbing the all pairs data"
[1] "reading the all pairs data into R"
[1] 1071   14
[1] "Filtering on the geneID"
[1] "adding rs numbers to the QTL data"
[1] "merging the trait and eqtl data on unique ID"
[1] "Running coloc"
PP.H0.abf PP.H1.abf PP.H2.abf PP.H3.abf PP.H4.abf 
 1.69e-28  4.31e-05  4.44e-26  1.03e-02  9.90e-01 
[1] "PP abf for shared variant: 99%"

Variables in credible sets:

 variable variable_prob cs
        4    0.70446221  1
        3    0.10367870  1
        8    0.07977343  1
       22    0.05389437  1
        1    0.01446493  1

Credible sets summary:

 cs cs_log10bf cs_avg_r2 cs_min_r2   variable
  1   26.75321 0.9100756 0.8574204 1,3,4,8,22

Variables in credible sets:

 variable variable_prob cs
        9    0.33959100  1
        3    0.21647891  1
       21    0.09248089  1
        4    0.08838207  1
       11    0.04080041  1
       10    0.03522158  1
        2    0.02567210  1
        6    0.02316583  1
        7    0.02316583  1
       17    0.02154219  1
       18    0.01655198  1
        8    0.01624678  1
       12    0.01577887  1

Credible sets summary:

 cs cs_log10bf cs_avg_r2 cs_min_r2                        variable
  1    6.06281 0.9256424 0.8097588 2,3,4,6,7,8,9,10,11,12,17,18,21
PP.H0.abf PP.H1.abf PP.H2.abf PP.H3.abf PP.H4.abf 
 6.96e-30  8.68e-06  1.77e-26  2.01e-02  9.80e-01 
[1] "PP abf for shared variant: 98%"
   nsnps      hit1      hit2    PP.H0.abf    PP.H1.abf   PP.H2.abf  PP.H3.abf
1:    22 rs2484640 rs2636323 6.964185e-30 8.679729e-06 1.77053e-26 0.02010702
   PP.H4.abf idx1 idx2
1: 0.9798843    1    1
[1] "ENSG00000054282.15"
[1] "SDCCAG8"
[1] "Esophagus_Muscularis"
[1] "running liftOver"
[1] "Grabbing the all pairs data"
[1] "reading the all pairs data into R"
[1] 1071   14
[1] "Filtering on the geneID"
[1] "adding rs numbers to the QTL data"
[1] "merging the trait and eqtl data on unique ID"
[1] "Running coloc"
PP.H0.abf PP.H1.abf PP.H2.abf PP.H3.abf PP.H4.abf 
 1.69e-30  4.29e-07  1.58e-26  3.00e-03  9.97e-01 
[1] "PP abf for shared variant: 99.7%"

Variables in credible sets:

 variable variable_prob cs
        4    0.70446221  1
        3    0.10367870  1
        8    0.07977343  1
       22    0.05389437  1
        1    0.01446493  1

Credible sets summary:

 cs cs_log10bf cs_avg_r2 cs_min_r2   variable
  1   26.75321 0.9100756 0.8574204 1,3,4,8,22

Variables in credible sets:

 variable variable_prob cs
        4    0.41074526  1
        3    0.24050895  1
        8    0.12972235  1
       15    0.03635417  1
       18    0.03091245  1
       22    0.02208660  1
        2    0.02082116  1
       16    0.01972281  1
        5    0.01732757  1
       17    0.01374520  1
       12    0.01088858  1

Credible sets summary:

 cs cs_log10bf cs_avg_r2 cs_min_r2                    variable
  1   8.109286 0.9136665 0.8108246 2,3,4,5,8,12,15,16,17,18,22
PP.H0.abf PP.H1.abf PP.H2.abf PP.H3.abf PP.H4.abf 
 1.73e-32  2.16e-08  4.89e-27  4.11e-03  9.96e-01 
[1] "PP abf for shared variant: 99.6%"
   nsnps      hit1      hit2    PP.H0.abf    PP.H1.abf    PP.H2.abf   PP.H3.abf
1:    22 rs2484640 rs2484640 1.729165e-32 2.155125e-08 4.892658e-27 0.004106118
   PP.H4.abf idx1 idx2
1: 0.9958939    1    1
[1] "ENSG00000143702.15"
[1] "CEP170"   "CEP170P1"
[1] "Using first gene symbol:  CEP170"
[1] "Esophagus_Muscularis"
[1] "running liftOver"
[1] "Grabbing the all pairs data"
[1] "reading the all pairs data into R"
[1] 1071   14
[1] "Filtering on the geneID"
[1] "adding rs numbers to the QTL data"
[1] "merging the trait and eqtl data on unique ID"
[1] "Running coloc"
PP.H0.abf PP.H1.abf PP.H2.abf PP.H3.abf PP.H4.abf 
 2.20e-25  5.57e-02  1.27e-26  2.27e-03  9.42e-01 
[1] "PP abf for shared variant: 94.2%"

Variables in credible sets:

 variable variable_prob cs
        4    0.70446221  1
        3    0.10367870  1
        8    0.07977343  1
       22    0.05389437  1
        1    0.01446493  1

Credible sets summary:

 cs cs_log10bf cs_avg_r2 cs_min_r2   variable
  1   26.75321 0.9100756 0.8574204 1,3,4,8,22

Variables in credible sets:

 variable variable_prob cs
        4   0.425069052  1
        3   0.257511559  1
        8   0.057105827  1
        6   0.021622157  1
        7   0.021622157  1
       10   0.021622157  1
       11   0.021622157  1
       19   0.020995947  1
       12   0.018112960  1
       14   0.018112960  1
        9   0.017441218  1
       13   0.014738881  1
       21   0.014303481  1
        2   0.013758566  1
       18   0.009895314  1

Credible sets summary:

 cs cs_log10bf cs_avg_r2 cs_min_r2                              variable
  1   1.546762 0.9216882 0.7378965 2,3,4,6,7,8,9,10,11,12,13,14,18,19,21
PP.H0.abf PP.H1.abf PP.H2.abf PP.H3.abf PP.H4.abf 
 5.77e-26  7.20e-02  4.47e-27  3.73e-03  9.24e-01 
[1] "PP abf for shared variant: 92.4%"
   nsnps      hit1      hit2    PP.H0.abf  PP.H1.abf    PP.H2.abf   PP.H3.abf
1:    22 rs2484640 rs2484640 5.774231e-26 0.07196644 4.473823e-27 0.003727283
   PP.H4.abf idx1 idx2
1: 0.9243063    1    1
[1] "ENSEMBL ID could not be converted to HGNC Symbol"
[1] "geneSymbol will be set to the ENSEMBL ID ENSG00000253326"
[1] "ENSG00000253326.2"
[1] "ENSG00000253326"
[1] "Esophagus_Muscularis"
[1] "running liftOver"
[1] "Grabbing the all pairs data"
[1] "reading the all pairs data into R"
[1] 1071   14
[1] "Filtering on the geneID"
[1] "adding rs numbers to the QTL data"
[1] "merging the trait and eqtl data on unique ID"
[1] "Running coloc"
PP.H0.abf PP.H1.abf PP.H2.abf PP.H3.abf PP.H4.abf 
 1.13e-26  2.86e-03  3.90e-26  8.89e-03  9.88e-01 
[1] "PP abf for shared variant: 98.8%"

Variables in credible sets:

 variable variable_prob cs
        4    0.70446221  1
        3    0.10367870  1
        8    0.07977343  1
       22    0.05389437  1
        1    0.01446493  1

Credible sets summary:

 cs cs_log10bf cs_avg_r2 cs_min_r2   variable
  1   26.75321 0.9100756 0.8574204 1,3,4,8,22

Variables in credible sets:

 variable variable_prob cs
        8    0.20158080  1
        4    0.11370057  1
        3    0.09778938  1
       15    0.09704546  1
       16    0.07798988  1
       17    0.05484338  1
        1    0.05289773  1
       22    0.04983585  1
       19    0.03560933  1
        9    0.03214191  1
       20    0.03073061  1
        5    0.02535747  1
       21    0.02481863  1
        6    0.01327375  1
        7    0.01327375  1
       10    0.01327375  1
       11    0.01327375  1
        2    0.01169817  1

Credible sets summary:

 cs cs_log10bf cs_avg_r2 cs_min_r2                                     variable
  1   3.604268 0.9188189 0.7378965 1,2,3,4,5,6,7,8,9,10,11,15,16,17,19,20,21,22
PP.H0.abf PP.H1.abf PP.H2.abf PP.H3.abf PP.H4.abf 
 1.59e-27  1.99e-03  1.41e-26  1.56e-02  9.82e-01 
[1] "PP abf for shared variant: 98.2%"
   nsnps      hit1      hit2    PP.H0.abf   PP.H1.abf    PP.H2.abf  PP.H3.abf
1:    22 rs2484640 rs2636321 1.592771e-27 0.001985131 1.408783e-26 0.01559336
   PP.H4.abf idx1 idx2
1: 0.9824215    1    1
[1] "ENSG00000054282.15"
[1] "SDCCAG8"
[1] "Breast_Mammary_Tissue"
[1] "running liftOver"
[1] "Grabbing the all pairs data"
[1] "reading the all pairs data into R"
[1] 1071   14
[1] "Filtering on the geneID"
[1] "adding rs numbers to the QTL data"
[1] "merging the trait and eqtl data on unique ID"
[1] "Running coloc"
PP.H0.abf PP.H1.abf PP.H2.abf PP.H3.abf PP.H4.abf 
 1.65e-27  4.19e-04  3.70e-26  8.37e-03  9.91e-01 
[1] "PP abf for shared variant: 99.1%"

Variables in credible sets:

 variable variable_prob cs
        4    0.70446221  1
        3    0.10367870  1
        8    0.07977343  1
       22    0.05389437  1
        1    0.01446493  1

Credible sets summary:

 cs cs_log10bf cs_avg_r2 cs_min_r2   variable
  1   26.75321 0.9100756 0.8574204 1,3,4,8,22

Variables in credible sets:

 variable variable_prob cs
        9    0.16736814  1
        3    0.16283884  1
        4    0.15052232  1
        1    0.05236747  1
       10    0.03592427  1
       22    0.03522123  1
        6    0.03517938  1
        7    0.03517938  1
       11    0.03517938  1
       21    0.03358022  1
        2    0.02964570  1
        8    0.02757861  1
       13    0.02685369  1
       12    0.02597070  1
       14    0.02597070  1
       20    0.02592860  1
        5    0.02047580  1
       15    0.02037373  1
       16    0.01959232  1

Credible sets summary:

 cs cs_log10bf cs_avg_r2 cs_min_r2
  1   4.838673 0.9285583 0.8097588
                                        variable
 1,2,3,4,5,6,7,8,9,10,11,12,13,14,15,16,20,21,22
PP.H0.abf PP.H1.abf PP.H2.abf PP.H3.abf PP.H4.abf 
 8.04e-29  1.00e-04  1.22e-26  1.32e-02  9.87e-01 
[1] "PP abf for shared variant: 98.7%"
   nsnps      hit1      hit2    PP.H0.abf    PP.H1.abf    PP.H2.abf PP.H3.abf
1:    22 rs2484640 rs2636323 8.037622e-29 0.0001001759 1.219617e-26 0.0132272
   PP.H4.abf idx1 idx2
1: 0.9866726    1    1
[1] "ENSG00000143702.15"
[1] "CEP170"   "CEP170P1"
[1] "Using first gene symbol:  CEP170"
[1] "Breast_Mammary_Tissue"
[1] "running liftOver"
[1] "Grabbing the all pairs data"
[1] "reading the all pairs data into R"
[1] 1071   14
[1] "Filtering on the geneID"
[1] "adding rs numbers to the QTL data"
[1] "merging the trait and eqtl data on unique ID"
[1] "Running coloc"
PP.H0.abf PP.H1.abf PP.H2.abf PP.H3.abf PP.H4.abf 
 8.81e-25  2.23e-01  4.45e-26  1.05e-02  7.66e-01 
[1] "PP abf for shared variant: 76.6%"

Variables in credible sets:

 variable variable_prob cs
        4    0.70446221  1
        3    0.10367870  1
        8    0.07977343  1
       22    0.05389437  1
        1    0.01446493  1

Credible sets summary:

 cs cs_log10bf cs_avg_r2 cs_min_r2   variable
  1   26.75321 0.9100756 0.8574204 1,3,4,8,22

Variables in credible sets:

 variable variable_prob cs
        9    0.12603333  1
        3    0.10062349  1
        4    0.07428555  1
        6    0.07427655  1
        7    0.07427655  1
       11    0.07427655  1
       10    0.07301204  1
       21    0.05392424  1
        8    0.04528882  1
        1    0.04381476  1
        5    0.03364991  1
        2    0.02826626  1
       12    0.02797964  1
       14    0.02797964  1
       20    0.02593964  1
       16    0.02159058  1
       22    0.02129180  1
       18    0.02027814  1
       13    0.01950395  1

Credible sets summary:

 cs cs_log10bf cs_avg_r2 cs_min_r2
  1   1.473863 0.9322781 0.8097588
                                        variable
 1,2,3,4,5,6,7,8,9,10,11,12,13,14,16,18,20,21,22
PP.H0.abf PP.H1.abf PP.H2.abf PP.H3.abf PP.H4.abf 
 2.39e-25  2.98e-01  1.57e-26  1.82e-02  6.84e-01 
[1] "PP abf for shared variant: 68.4%"
   nsnps      hit1      hit2    PP.H0.abf PP.H1.abf    PP.H2.abf  PP.H3.abf
1:    22 rs2484640 rs2636323 2.391105e-25 0.2980125 1.566333e-26 0.01815413
   PP.H4.abf idx1 idx2
1: 0.6838334    1    1
[1] "ENSG00000054282.15"
[1] "SDCCAG8"
[1] "Artery_Aorta"
[1] "running liftOver"
[1] "Grabbing the all pairs data"
[1] "reading the all pairs data into R"
[1] 1071   14
[1] "Filtering on the geneID"
[1] "adding rs numbers to the QTL data"
[1] "merging the trait and eqtl data on unique ID"
[1] "Running coloc"
PP.H0.abf PP.H1.abf PP.H2.abf PP.H3.abf PP.H4.abf 
 9.86e-29  2.51e-05  9.26e-27  1.35e-03  9.99e-01 
[1] "PP abf for shared variant: 99.9%"

Variables in credible sets:

 variable variable_prob cs
        4    0.70446221  1
        3    0.10367870  1
        8    0.07977343  1
       22    0.05389437  1
        1    0.01446493  1

Credible sets summary:

 cs cs_log10bf cs_avg_r2 cs_min_r2   variable
  1   26.75321 0.9100756 0.8574204 1,3,4,8,22

Variables in credible sets:

 variable variable_prob cs
        4    0.74038615  1
        3    0.09671965  1
        8    0.07048199  1
       15    0.05350397  1

Credible sets summary:

 cs cs_log10bf cs_avg_r2 cs_min_r2 variable
  1   5.928552 0.9199284 0.8612211 3,4,8,15
PP.H0.abf PP.H1.abf PP.H2.abf PP.H3.abf PP.H4.abf 
 1.60e-30  1.99e-06  2.98e-27  1.72e-03  9.98e-01 
[1] "PP abf for shared variant: 99.8%"
   nsnps      hit1      hit2    PP.H0.abf    PP.H1.abf    PP.H2.abf   PP.H3.abf
1:    22 rs2484640 rs2484640 1.595729e-30 1.988817e-06 2.978063e-27 0.001715107
   PP.H4.abf idx1 idx2
1: 0.9982829    1    1
[1] "ENSG00000054282.15"
[1] "SDCCAG8"
[1] "Heart_Left_Ventricle"
[1] "running liftOver"
[1] "Grabbing the all pairs data"
[1] "reading the all pairs data into R"
[1] 833  14
[1] "Filtering on the geneID"
[1] "adding rs numbers to the QTL data"
[1] "merging the trait and eqtl data on unique ID"
[1] "Running coloc"
PP.H0.abf PP.H1.abf PP.H2.abf PP.H3.abf PP.H4.abf 
 6.48e-25  1.64e-01  4.70e-26  1.11e-02  8.25e-01 
[1] "PP abf for shared variant: 82.5%"

Variables in credible sets:

 variable variable_prob cs
        4    0.70446221  1
        3    0.10367870  1
        8    0.07977343  1
       22    0.05389437  1
        1    0.01446493  1

Credible sets summary:

 cs cs_log10bf cs_avg_r2 cs_min_r2   variable
  1   26.75321 0.9100756 0.8574204 1,3,4,8,22

Variables in credible sets:

 variable variable_prob cs
       19    0.19718902  1
        4    0.07982456  1
        9    0.07486627  1
        1    0.06277044  1
       22    0.05961335  1
       20    0.05713388  1
        3    0.05704652  1
       15    0.05048627  1
        8    0.03983584  1
       18    0.03950433  1
       16    0.03537335  1
        5    0.03249607  1
       10    0.02674431  1
       11    0.02674431  1
       21    0.02459997  1
       13    0.02431389  1
       12    0.02427910  1
       14    0.02427910  1
        2    0.02129828  1

Credible sets summary:

 cs cs_log10bf cs_avg_r2 cs_min_r2
  1   1.659062  0.919784 0.7378965
                                          variable
 1,2,3,4,5,8,9,10,11,12,13,14,15,16,18,19,20,21,22
PP.H0.abf PP.H1.abf PP.H2.abf PP.H3.abf PP.H4.abf 
 1.71e-25  2.14e-01  1.72e-26  1.99e-02  7.66e-01 
[1] "PP abf for shared variant: 76.6%"
   nsnps      hit1      hit2    PP.H0.abf PP.H1.abf    PP.H2.abf  PP.H3.abf
1:    22 rs2484640 rs2802729 1.714025e-25 0.2136255 1.719893e-26 0.01990274
   PP.H4.abf idx1 idx2
1: 0.7664718    1    1
[1] "ENSG00000054282.15"
[1] "SDCCAG8"
[1] "Heart_Atrial_Appendage"
[1] "running liftOver"
[1] "Grabbing the all pairs data"
[1] "reading the all pairs data into R"
[1] 1071   14
[1] "Filtering on the geneID"
[1] "adding rs numbers to the QTL data"
[1] "merging the trait and eqtl data on unique ID"
[1] "Running coloc"
PP.H0.abf PP.H1.abf PP.H2.abf PP.H3.abf PP.H4.abf 
 2.20e-29  5.59e-06  1.50e-26  2.82e-03  9.97e-01 
[1] "PP abf for shared variant: 99.7%"

Variables in credible sets:

 variable variable_prob cs
        4    0.70446221  1
        3    0.10367870  1
        8    0.07977343  1
       22    0.05389437  1
        1    0.01446493  1

Credible sets summary:

 cs cs_log10bf cs_avg_r2 cs_min_r2   variable
  1   26.75321 0.9100756 0.8574204 1,3,4,8,22

Variables in credible sets:

 variable variable_prob cs
        4    0.43175922  1
        8    0.28079665  1
       15    0.11808263  1
        3    0.06068798  1
       22    0.05217497  1
       16    0.02290700  1

Credible sets summary:

 cs cs_log10bf cs_avg_r2 cs_min_r2       variable
  1   7.133097  0.912209 0.8605716 3,4,8,15,16,22
PP.H0.abf PP.H1.abf PP.H2.abf PP.H3.abf PP.H4.abf 
 1.59e-31  1.98e-07  4.74e-27  3.92e-03  9.96e-01 
[1] "PP abf for shared variant: 99.6%"
   nsnps      hit1      hit2    PP.H0.abf    PP.H1.abf    PP.H2.abf   PP.H3.abf
1:    22 rs2484640 rs2484640 1.586647e-31 1.977499e-07 4.742425e-27 0.003918501
   PP.H4.abf idx1 idx2
1: 0.9960813    1    1
[1] "ENSG00000054282.15"
[1] "SDCCAG8"
[1] "Colon_Transverse"
[1] "running liftOver"
[1] "Grabbing the all pairs data"
[1] "reading the all pairs data into R"
[1] 1071   14
[1] "Filtering on the geneID"
[1] "adding rs numbers to the QTL data"
[1] "merging the trait and eqtl data on unique ID"
[1] "Running coloc"
PP.H0.abf PP.H1.abf PP.H2.abf PP.H3.abf PP.H4.abf 
 3.52e-29  8.91e-06  6.11e-26  1.44e-02  9.86e-01 
[1] "PP abf for shared variant: 98.6%"

Variables in credible sets:

 variable variable_prob cs
        4    0.70446221  1
        3    0.10367870  1
        8    0.07977343  1
       22    0.05389437  1
        1    0.01446493  1

Credible sets summary:

 cs cs_log10bf cs_avg_r2 cs_min_r2   variable
  1   26.75321 0.9100756 0.8574204 1,3,4,8,22

Variables in credible sets:

 variable variable_prob cs
        3    0.14705154  1
        5    0.10477027  1
       10    0.08420508  1
       11    0.08420508  1
       20    0.07856551  1
       21    0.06536489  1
        4    0.06335836  1
        8    0.05945014  1
       12    0.04974595  1
       14    0.04974595  1
       13    0.04761488  1
       18    0.03729040  1
        9    0.03209939  1
       22    0.02950219  1
        2    0.02844883  1

Credible sets summary:

 cs cs_log10bf cs_avg_r2 cs_min_r2                               variable
  1    7.53055 0.9243595 0.8097588 2,3,4,5,8,9,10,11,12,13,14,18,20,21,22
PP.H0.abf PP.H1.abf PP.H2.abf PP.H3.abf PP.H4.abf 
 3.07e-31  3.83e-07  2.29e-26  2.66e-02  9.73e-01 
[1] "PP abf for shared variant: 97.3%"
   nsnps      hit1      hit2    PP.H0.abf    PP.H1.abf   PP.H2.abf  PP.H3.abf
1:    22 rs2484640 rs2484639 3.069887e-31 3.826116e-07 2.29137e-26 0.02661143
   PP.H4.abf idx1 idx2
1: 0.9733882    1    1
[1] "ENSEMBL ID could not be converted to HGNC Symbol"
[1] "geneSymbol will be set to the ENSEMBL ID ENSG00000253326"
[1] "ENSG00000253326.2"
[1] "ENSG00000253326"
[1] "Colon_Transverse"
[1] "running liftOver"
[1] "Grabbing the all pairs data"
[1] "reading the all pairs data into R"
[1] 1071   14
[1] "Filtering on the geneID"
[1] "adding rs numbers to the QTL data"
[1] "merging the trait and eqtl data on unique ID"
[1] "Running coloc"
PP.H0.abf PP.H1.abf PP.H2.abf PP.H3.abf PP.H4.abf 
 4.23e-25  1.07e-01  6.21e-26  1.48e-02  8.78e-01 
[1] "PP abf for shared variant: 87.8%"

Variables in credible sets:

 variable variable_prob cs
        4    0.70446221  1
        3    0.10367870  1
        8    0.07977343  1
       22    0.05389437  1
        1    0.01446493  1

Credible sets summary:

 cs cs_log10bf cs_avg_r2 cs_min_r2   variable
  1   26.75321 0.9100756 0.8574204 1,3,4,8,22

Variables in credible sets:

 variable variable_prob cs
        8    0.41187244  1
       16    0.11887757  1
       15    0.06843002  1
        3    0.05113400  1
        1    0.03643643  1
       19    0.03278663  1
        4    0.02856043  1
       12    0.02482263  1
       14    0.02482263  1
       20    0.02457690  1
        5    0.02439368  1
       18    0.02083266  1
       22    0.01877942  1
        2    0.01613008  1
       17    0.01604968  1
        6    0.01369368  1
        7    0.01369368  1
       13    0.01366023  1

Credible sets summary:

 cs cs_log10bf cs_avg_r2 cs_min_r2
  1   2.088062 0.9162412 0.7378965
                                      variable
 1,2,3,4,5,6,7,8,12,13,14,15,16,17,18,19,20,22
PP.H0.abf PP.H1.abf PP.H2.abf PP.H3.abf PP.H4.abf 
 8.39e-26  1.05e-01  2.26e-26  2.64e-02  8.69e-01 
[1] "PP abf for shared variant: 86.9%"
   nsnps      hit1      hit2    PP.H0.abf PP.H1.abf    PP.H2.abf  PP.H3.abf
1:    22 rs2484640 rs2636321 8.385765e-26  0.104515 2.259579e-26 0.02642387
   PP.H4.abf idx1 idx2
1: 0.8690612    1    1
[1] "ENSG00000054282.15"
[1] "SDCCAG8"
[1] "Esophagus_Gastroesophageal_Junction"
[1] "running liftOver"
[1] "Grabbing the all pairs data"
[1] "reading the all pairs data into R"
[1] 1071   14
[1] "Filtering on the geneID"
[1] "adding rs numbers to the QTL data"
[1] "merging the trait and eqtl data on unique ID"
[1] "Running coloc"
PP.H0.abf PP.H1.abf PP.H2.abf PP.H3.abf PP.H4.abf 
 7.30e-25  1.86e-01  2.22e-26  4.83e-03  8.10e-01 
[1] "PP abf for shared variant: 81%"

Variables in credible sets:

 variable variable_prob cs
        4    0.70446221  1
        3    0.10367870  1
        8    0.07977343  1
       22    0.05389437  1
        1    0.01446493  1

Credible sets summary:

 cs cs_log10bf cs_avg_r2 cs_min_r2   variable
  1   26.75321 0.9100756 0.8574204 1,3,4,8,22

Variables in credible sets:

 variable variable_prob cs
        4    0.22214233  1
       22    0.09331640  1
        3    0.07425124  1
        5    0.05715387  1
       21    0.05526888  1
        9    0.04567022  1
       15    0.04406809  1
        8    0.04168767  1
       20    0.03753098  1
       19    0.03211156  1
        2    0.03137636  1
        6    0.03033683  1
        7    0.03033683  1
       10    0.03033683  1
       11    0.03033683  1
       17    0.02550472  1
       18    0.02428949  1
       12    0.02112799  1
       14    0.02112799  1
       13    0.02107263  1

Credible sets summary:

 cs cs_log10bf cs_avg_r2 cs_min_r2
  1   1.258496 0.9201504 0.7378965
                                            variable
 2,3,4,5,6,7,8,9,10,11,12,13,14,15,17,18,19,20,21,22
PP.H0.abf PP.H1.abf PP.H2.abf PP.H3.abf PP.H4.abf 
 1.78e-25  2.22e-01  7.09e-27  7.30e-03  7.71e-01 
[1] "PP abf for shared variant: 77.1%"
   nsnps      hit1      hit2    PP.H0.abf PP.H1.abf    PP.H2.abf   PP.H3.abf
1:    22 rs2484640 rs2484640 1.777903e-25 0.2215868 7.092939e-27 0.007297969
   PP.H4.abf idx1 idx2
1: 0.7711153    1    1
[1] "ENSG00000054282.15"
[1] "SDCCAG8"
[1] "Stomach"
[1] "running liftOver"
[1] "Grabbing the all pairs data"
[1] "reading the all pairs data into R"
[1] 1071   14
[1] "Filtering on the geneID"
[1] "adding rs numbers to the QTL data"
[1] "merging the trait and eqtl data on unique ID"
[1] "Running coloc"
PP.H0.abf PP.H1.abf PP.H2.abf PP.H3.abf PP.H4.abf 
 3.29e-26  8.32e-03  1.29e-25  3.16e-02  9.60e-01 
[1] "PP abf for shared variant: 96%"

Variables in credible sets:

 variable variable_prob cs
        4    0.70446221  1
        3    0.10367870  1
        8    0.07977343  1
       22    0.05389437  1
        1    0.01446493  1

Credible sets summary:

 cs cs_log10bf cs_avg_r2 cs_min_r2   variable
  1   26.75321 0.9100756 0.8574204 1,3,4,8,22

Variables in credible sets:

 variable variable_prob cs
        8    0.12050351  1
        2    0.09329246  1
       16    0.06729929  1
        5    0.05836030  1
        3    0.05310105  1
        6    0.05139045  1
        7    0.05139045  1
       10    0.05139045  1
       11    0.05139045  1
       13    0.05075456  1
       12    0.05074970  1
       14    0.05074970  1
       21    0.05065259  1
       20    0.04384330  1
       18    0.03450325  1
        9    0.03100242  1
        1    0.02378670  1
       15    0.01948058  1

Credible sets summary:

 cs cs_log10bf cs_avg_r2 cs_min_r2
  1   3.960305  0.942215  0.852952
                                      variable
 1,2,3,5,6,7,8,9,10,11,12,13,14,15,16,18,20,21
PP.H0.abf PP.H1.abf PP.H2.abf PP.H3.abf PP.H4.abf 
 2.65e-27  3.30e-03  5.32e-26  6.45e-02  9.32e-01 
[1] "PP abf for shared variant: 93.2%"
   nsnps      hit1      hit2    PP.H0.abf   PP.H1.abf    PP.H2.abf  PP.H3.abf
1:    22 rs2484640 rs2636321 2.651251e-27 0.003304355 5.323268e-26 0.06448149
   PP.H4.abf idx1 idx2
1: 0.9322142    1    1
[1] "ENSEMBL ID could not be converted to HGNC Symbol"
[1] "geneSymbol will be set to the ENSEMBL ID ENSG00000231512"
[1] "ENSG00000231512.5"
[1] "ENSG00000231512"
[1] "Testis"
[1] "running liftOver"
[1] "Grabbing the all pairs data"
[1] "reading the all pairs data into R"
[1] 0 0
[1] "Did not find gene in all pairs data"
