[1] "trait"
[1] "SBP"
[1] "trait_file_header_info"
[1] "/gpfs/projects/bsc83/Projects/Breast/ANALYSIS/Hypertension/analysis/06_colocalization/SBP_Evangelou_parsed.txt"
[1] "Tested_Allele"
[1] "Other_Allele"
[1] "SNP"
[1] "CHR"
[1] "POS"
[1] "P"
[1] "N"
[1] "Freq_Tested_Allele"
[1] "traitType:"
[1] "quant"
[1] 12
[1] "Locus Info:"
[1] 12
[1] 115552437
[1] 115556307
[1] "rs35444"
[1] "QTL type:"
[1] "eqtl"
[1] TRUE
[1] "trait input file successfully loaded"
   CHR       POS     SNP Tested_Allele Other_Allele Freq_Tested_Allele    BETA
1:  12 115552437 rs35444             A            G             0.6138 -0.4368
2:  12 115552878 rs35443             C            G             0.3860 -0.4345
3:  12 115553115 rs35441             T            C             0.3860 -0.4326
4:  12 115554523 rs35436             T            C             0.3862 -0.4345
5:  12 115555530 rs35432             T            C             0.3861 -0.4336
6:  12 115555867 rs35429             A            G             0.6130 -0.4382
       SE         P      N Ref_Allele Alt_Allele
1: 0.0310 3.467e-45 730213          A          G
2: 0.0308 4.126e-45 737352          G          C
3: 0.0309 1.215e-44 736074          C          T
4: 0.0309 6.356e-45 734514          C          T
5: 0.0310 1.853e-44 729748          C          T
6: 0.0311 3.844e-45 725727          A          G
[1] "rs35444" "rs35443" "rs35441"
[1] "/gpfs/projects/bsc83/Projects/Breast/ANALYSIS/Hypertension/data/Coloq/chr_12_snp151_hash_table.json"
$rs309
[1] "chr12_92237146"

$rs440
[1] "chr12_111790910"

$rs441
[1] "chr12_111791045"

[1] "hash table loaded"
[1] "/gpfs/projects/bsc83/Projects/Breast/ANALYSIS/Hypertension/analysis/06_colocalization/ColocQuiaL-main/GTEx_v8_Tissue_Summary_with_filenames_all.csv"
                          Tissue NumberRNASeqandGTSamples NumberRNASeqSamples
1              Muscle - Skeletal                      706                 803
2                    Whole Blood                      670                 755
3 Skin - Sun Exposed (Lower leg)                      605                 701
4                Artery - Tibial                      584                 663
5         Adipose - Subcutaneous                      581                 663
6                        Thyroid                      574                 653
  Number_of_eGenes                      allPairsTabixFilename
1            13532            Muscle_Skeletal.allpairs.tab.gz
2            12360                Whole_Blood.allpairs.tab.gz
3            16967 Skin_Sun_Exposed_Lower_leg.allpairs.tab.gz
4            15008              Artery_Tibial.allpairs.tab.gz
5            15607       Adipose_Subcutaneous.allpairs.tab.gz
6            17684                    Thyroid.allpairs.tab.gz
                                              sigPairsTabixFilename
1            Muscle_Skeletal.v8.v8.signif_variant_gene_pairs.tab.gz
2                Whole_Blood.v8.v8.signif_variant_gene_pairs.tab.gz
3 Skin_Sun_Exposed_Lower_leg.v8.v8.signif_variant_gene_pairs.tab.gz
4              Artery_Tibial.v8.v8.signif_variant_gene_pairs.tab.gz
5       Adipose_Subcutaneous.v8.v8.signif_variant_gene_pairs.tab.gz
6                    Thyroid.v8.v8.signif_variant_gene_pairs.tab.gz
[1] "chr12_115114632"
[1] "rs35444 is not a significant eqtl in any tissue in the eqtl dataset."
