[1] "trait"
[1] "PP"
[1] "trait_file_header_info"
[1] "/gpfs/projects/bsc83/Projects/Breast/ANALYSIS/Hypertension/analysis/06_colocalization/PP_Evangelou_parsed.txt"
[1] "Tested_Allele"
[1] "Other_Allele"
[1] "SNP"
[1] "CHR"
[1] "POS"
[1] "P"
[1] "N"
[1] "Freq_Tested_Allele"
[1] "traitType:"
[1] "quant"
[1] 7
[1] "Locus Info:"
[1] 7
[1] 40394497
[1] 40477363
[1] "rs76206723"
[1] "QTL type:"
[1] "eqtl"
[1] TRUE
[1] "trait input file successfully loaded"
   CHR      POS        SNP Tested_Allele Other_Allele Freq_Tested_Allele
1:   7 40394497 rs17171693             A            G             0.1019
2:   7 40394987 rs17171694             T            C             0.8980
3:   7 40399193 rs17171696             A            G             0.8979
4:   7 40400712 rs79841539             A            G             0.1020
5:   7 40402053 rs80157425             T            C             0.1021
6:   7 40404675 rs10435164             T            G             0.1021
      BETA     SE         P      N Ref_Allele Alt_Allele
1: -0.3448 0.0340 4.021e-24 723978          G          A
2: -0.3435 0.0340 5.405e-24 724428          T          C
3: -0.3409 0.0338 6.510e-24 732710          A          G
4: -0.3402 0.0338 8.509e-24 732006          G          A
5: -0.3410 0.0338 6.371e-24 732258          C          T
6: -0.3411 0.0338 6.085e-24 732233          G          T
[1] "rs17171693" "rs17171694" "rs17171696"
[1] "/gpfs/projects/bsc83/Projects/Breast/ANALYSIS/Hypertension/data/Coloq/chr_7_snp151_hash_table.json"
$rs5
[1] "chr7_92209796"

$rs6
[1] "chr7_92117817"

$rs7
[1] "chr7_92150243"

[1] "hash table loaded"
[1] "/gpfs/projects/bsc83/Projects/Breast/ANALYSIS/Hypertension/analysis/06_colocalization/ColocQuiaL-main/GTEx_v8_Tissue_Summary_with_filenames_all.csv"
                          Tissue NumberRNASeqandGTSamples NumberRNASeqSamples
1              Muscle - Skeletal                      706                 803
2                    Whole Blood                      670                 755
3 Skin - Sun Exposed (Lower leg)                      605                 701
4                Artery - Tibial                      584                 663
5         Adipose - Subcutaneous                      581                 663
6                        Thyroid                      574                 653
  Number_of_eGenes                      allPairsTabixFilename
1            13532            Muscle_Skeletal.allpairs.tab.gz
2            12360                Whole_Blood.allpairs.tab.gz
3            16967 Skin_Sun_Exposed_Lower_leg.allpairs.tab.gz
4            15008              Artery_Tibial.allpairs.tab.gz
5            15607       Adipose_Subcutaneous.allpairs.tab.gz
6            17684                    Thyroid.allpairs.tab.gz
                                              sigPairsTabixFilename
1            Muscle_Skeletal.v8.v8.signif_variant_gene_pairs.tab.gz
2                Whole_Blood.v8.v8.signif_variant_gene_pairs.tab.gz
3 Skin_Sun_Exposed_Lower_leg.v8.v8.signif_variant_gene_pairs.tab.gz
4              Artery_Tibial.v8.v8.signif_variant_gene_pairs.tab.gz
5       Adipose_Subcutaneous.v8.v8.signif_variant_gene_pairs.tab.gz
6                    Thyroid.v8.v8.signif_variant_gene_pairs.tab.gz
[1] "chr7_40408372"
[1] "ENSG00000175600.15"
[1] "SUGCT"
[1] "Artery_Tibial"
[1] "running liftOver"
[1] "Grabbing the all pairs data"
[1] "reading the all pairs data into R"
[1] 2716   14
[1] "Filtering on the geneID"
[1] "adding rs numbers to the QTL data"
[1] "merging the trait and eqtl data on unique ID"
[1] "Running coloc"
PP.H0.abf PP.H1.abf PP.H2.abf PP.H3.abf PP.H4.abf 
 1.71e-22  2.11e-01  2.39e-23  2.88e-02  7.60e-01 
[1] "PP abf for shared variant: 76%"

Variables in credible sets:

 variable variable_prob cs
       22    0.11753223  1
        7    0.10988639  1
       29    0.09624039  1
       11    0.05226266  1
       28    0.05060636  1
       21    0.04449366  1
       10    0.04285314  1
        3    0.04172226  1
       14    0.04040252  1
        8    0.03669049  1
        4    0.03227014  1
       17    0.03085572  1
        9    0.02680621  1
       32    0.02662489  1
        5    0.02644373  1
       24    0.02401572  1
        6    0.02367361  1
       12    0.02080750  1
        1    0.01996543  1
       13    0.01829103  1
       26    0.01757193  1
       31    0.01757193  1
       25    0.01648592  1
       20    0.01520845  1
       15    0.01405771  1

Credible sets summary:

 cs cs_log10bf cs_avg_r2 cs_min_r2
  1   24.06227   0.99412 0.9477821
                                                           variable
 1,3,4,5,6,7,8,9,10,11,12,13,14,15,17,20,21,22,24,25,26,28,29,31,32

Variables in credible sets:

 variable variable_prob cs
       27    0.21129937  1
        1    0.10158672  1
        9    0.03736377  1
       24    0.03530213  1
        3    0.03124220  1
       14    0.03124220  1
       16    0.03124220  1
       17    0.03124220  1
       32    0.03069475  1
       10    0.02929687  1
        6    0.02556019  1
       12    0.02556019  1
       21    0.02556019  1
       22    0.02556019  1
       13    0.02421460  1
       19    0.02000390  1
       25    0.01828006  1
       20    0.01824555  1
       29    0.01791534  1
        2    0.01782432  1
       18    0.01782432  1
       33    0.01782432  1
       34    0.01782432  1
       30    0.01666730  1
       26    0.01611308  1
        4    0.01544669  1
       15    0.01544669  1
       23    0.01544669  1
       31    0.01544669  1
        7    0.01537329  1

Credible sets summary:

 cs cs_log10bf cs_avg_r2 cs_min_r2
  1    1.89398 0.9381619 0.7957336
                                                                           variable
 1,2,3,4,6,7,9,10,12,13,14,15,16,17,18,19,20,21,22,23,24,25,26,27,29,30,31,32,33,34
PP.H0.abf PP.H1.abf PP.H2.abf PP.H3.abf PP.H4.abf 
 5.51e-23  2.16e-01  1.47e-23  5.62e-02  7.28e-01 
[1] "PP abf for shared variant: 72.8%"
   nsnps       hit1      hit2    PP.H0.abf PP.H1.abf    PP.H2.abf  PP.H3.abf
1:    34 rs17171710 rs4723954 5.512398e-23 0.2163148 1.468248e-23 0.05616124
   PP.H4.abf idx1 idx2
1: 0.7275239    1    1
[1] "ENSG00000224017.1"
[1] "LINC01449"
[1] "Artery_Tibial"
[1] "running liftOver"
[1] "Grabbing the all pairs data"
[1] "reading the all pairs data into R"
[1] 2716   14
[1] "Filtering on the geneID"
[1] "adding rs numbers to the QTL data"
[1] "merging the trait and eqtl data on unique ID"
[1] "Running coloc"
PP.H0.abf PP.H1.abf PP.H2.abf PP.H3.abf PP.H4.abf 
 6.68e-22  8.27e-01  4.34e-24  5.20e-03  1.67e-01 
[1] "PP abf for shared variant: 16.7%"

Variables in credible sets:

 variable variable_prob cs
       22    0.11753223  1
        7    0.10988639  1
       29    0.09624039  1
       11    0.05226266  1
       28    0.05060636  1
       21    0.04449366  1
       10    0.04285314  1
        3    0.04172226  1
       14    0.04040252  1
        8    0.03669049  1
        4    0.03227014  1
       17    0.03085572  1
        9    0.02680621  1
       32    0.02662489  1
        5    0.02644373  1
       24    0.02401572  1
        6    0.02367361  1
       12    0.02080750  1
        1    0.01996543  1
       13    0.01829103  1
       26    0.01757193  1
       31    0.01757193  1
       25    0.01648592  1
       20    0.01520845  1
       15    0.01405771  1

Credible sets summary:

 cs cs_log10bf cs_avg_r2 cs_min_r2
  1   24.06227   0.99412 0.9477821
                                                           variable
 1,3,4,5,6,7,8,9,10,11,12,13,14,15,17,20,21,22,24,25,26,28,29,31,32

Variables in credible sets:

 variable variable_prob cs
        9    0.04920790  1
        3    0.04003763  1
       14    0.04003763  1
       16    0.04003763  1
       17    0.04003763  1
       10    0.03813957  1
       13    0.03773009  1
       29    0.03711326  1
       20    0.03520720  1
       24    0.03078629  1
       25    0.03061608  1
       11    0.03011035  1
        1    0.02999383  1
        4    0.02924352  1
       15    0.02924352  1
       23    0.02924352  1
       31    0.02924352  1
        7    0.02907778  1
       28    0.02812596  1
       32    0.02695208  1
        5    0.02674464  1
        6    0.02669577  1
       12    0.02669577  1
       21    0.02669577  1
       22    0.02669577  1
       27    0.02588217  1
        8    0.02401942  1
       26    0.02375997  1
       30    0.01909039  1
        2    0.01901940  1
       18    0.01901940  1
       33    0.01901940  1

Credible sets summary:

 cs cs_log10bf cs_avg_r2 cs_min_r2
  1  0.2844194 0.9554999 0.7957336
                                                                               variable
 1,2,3,4,5,6,7,8,9,10,11,12,13,14,15,16,17,18,20,21,22,23,24,25,26,27,28,29,30,31,32,33
PP.H0.abf PP.H1.abf PP.H2.abf PP.H3.abf PP.H4.abf 
 2.30e-22  9.01e-01  1.50e-24  5.71e-03  9.32e-02 
[1] "PP abf for shared variant: 9.32%"
   nsnps       hit1       hit2    PP.H0.abf PP.H1.abf   PP.H2.abf   PP.H3.abf
1:    34 rs17171710 rs12532479 2.296347e-22 0.9011214 1.50292e-24 0.005711351
    PP.H4.abf idx1 idx2
1: 0.09316728    1    1
[1] "ENSG00000175600.15"
[1] "SUGCT"
[1] "Artery_Aorta"
[1] "running liftOver"
[1] "Grabbing the all pairs data"
[1] "reading the all pairs data into R"
[1] 2910   14
[1] "Filtering on the geneID"
[1] "adding rs numbers to the QTL data"
[1] "merging the trait and eqtl data on unique ID"
[1] "Running coloc"
PP.H0.abf PP.H1.abf PP.H2.abf PP.H3.abf PP.H4.abf 
 1.00e-27  1.27e-06  2.58e-23  3.19e-02  9.68e-01 
[1] "PP abf for shared variant: 96.8%"

Variables in credible sets:

 variable variable_prob cs
       22    0.11753223  1
        7    0.10988639  1
       29    0.09624039  1
       11    0.05226266  1
       28    0.05060636  1
       21    0.04449366  1
       10    0.04285314  1
        3    0.04172226  1
       14    0.04040252  1
        8    0.03669049  1
        4    0.03227014  1
       17    0.03085572  1
        9    0.02680621  1
       32    0.02662489  1
        5    0.02644373  1
       24    0.02401572  1
        6    0.02367361  1
       12    0.02080750  1
        1    0.01996543  1
       13    0.01829103  1
       26    0.01757193  1
       31    0.01757193  1
       25    0.01648592  1
       20    0.01520845  1
       15    0.01405771  1

Credible sets summary:

 cs cs_log10bf cs_avg_r2 cs_min_r2
  1   24.06227   0.99412 0.9477821
                                                           variable
 1,3,4,5,6,7,8,9,10,11,12,13,14,15,17,20,21,22,24,25,26,28,29,31,32

Variables in credible sets:

 variable variable_prob cs
       24   0.447926258  1
        5   0.044767882  1
        4   0.043395229  1
       15   0.043395229  1
       23   0.043395229  1
       26   0.043395229  1
       31   0.043395229  1
       20   0.036690980  1
       25   0.032036236  1
        6   0.022760676  1
       11   0.022760676  1
       12   0.022760676  1
       21   0.022760676  1
       22   0.022760676  1
       32   0.017465889  1
        9   0.017169917  1
        8   0.012693896  1
        7   0.009895486  1
       29   0.007075086  1

Credible sets summary:

 cs cs_log10bf cs_avg_r2 cs_min_r2
  1   11.87757 0.9977309 0.9786096
                                           variable
 4,5,6,7,8,9,11,12,15,20,21,22,23,24,25,26,29,31,32
PP.H0.abf PP.H1.abf PP.H2.abf PP.H3.abf PP.H4.abf 
 6.85e-33  2.69e-11  1.76e-23  6.71e-02  9.33e-01 
[1] "PP abf for shared variant: 93.3%"
   nsnps       hit1      hit2    PP.H0.abf    PP.H1.abf    PP.H2.abf PP.H3.abf
1:    34 rs17171710 rs4379368 6.849423e-33 2.687817e-11 1.756702e-23 0.0670698
   PP.H4.abf idx1 idx2
1: 0.9329302    1    1
[1] "ENSG00000224017.1"
[1] "LINC01449"
[1] "Artery_Aorta"
[1] "running liftOver"
[1] "Grabbing the all pairs data"
[1] "reading the all pairs data into R"
[1] 2910   14
[1] "Filtering on the geneID"
[1] "adding rs numbers to the QTL data"
[1] "merging the trait and eqtl data on unique ID"
[1] "Running coloc"
PP.H0.abf PP.H1.abf PP.H2.abf PP.H3.abf PP.H4.abf 
 1.27e-25  1.62e-04  2.65e-23  3.28e-02  9.67e-01 
[1] "PP abf for shared variant: 96.7%"

Variables in credible sets:

 variable variable_prob cs
       22    0.11753223  1
        7    0.10988639  1
       29    0.09624039  1
       11    0.05226266  1
       28    0.05060636  1
       21    0.04449366  1
       10    0.04285314  1
        3    0.04172226  1
       14    0.04040252  1
        8    0.03669049  1
        4    0.03227014  1
       17    0.03085572  1
        9    0.02680621  1
       32    0.02662489  1
        5    0.02644373  1
       24    0.02401572  1
        6    0.02367361  1
       12    0.02080750  1
        1    0.01996543  1
       13    0.01829103  1
       26    0.01757193  1
       31    0.01757193  1
       25    0.01648592  1
       20    0.01520845  1
       15    0.01405771  1

Credible sets summary:

 cs cs_log10bf cs_avg_r2 cs_min_r2
  1   24.06227   0.99412 0.9477821
                                                           variable
 1,3,4,5,6,7,8,9,10,11,12,13,14,15,17,20,21,22,24,25,26,28,29,31,32

Variables in credible sets:

 variable variable_prob cs
        3   0.092688425  1
       14   0.092688425  1
       16   0.092688425  1
       17   0.092688425  1
        8   0.089969572  1
       13   0.060480779  1
        5   0.052527467  1
        4   0.051639454  1
       15   0.051639454  1
       23   0.051639454  1
       26   0.051639454  1
       31   0.051639454  1
       24   0.041544032  1
       10   0.028189324  1
        9   0.021809073  1
       25   0.012205904  1
        6   0.007686188  1
       11   0.007686188  1

Credible sets summary:

 cs cs_log10bf cs_avg_r2 cs_min_r2
  1    7.75657 0.9976126 0.9786235
                                        variable
 3,4,5,6,8,9,10,11,13,14,15,16,17,23,24,25,26,31
PP.H0.abf PP.H1.abf PP.H2.abf PP.H3.abf PP.H4.abf 
 8.64e-29  3.39e-07  1.68e-23  6.39e-02  9.36e-01 
[1] "PP abf for shared variant: 93.6%"
   nsnps       hit1       hit2   PP.H0.abf    PP.H1.abf    PP.H2.abf PP.H3.abf
1:    34 rs17171710 rs10951637 8.64063e-29 3.390714e-07 1.677237e-23 0.0639452
   PP.H4.abf idx1 idx2
1: 0.9360545    1    1
[1] "ENSG00000232458.1"
[1] "LINC01450"
[1] "Artery_Aorta"
[1] "running liftOver"
[1] "Grabbing the all pairs data"
[1] "reading the all pairs data into R"
[1] 2910   14
[1] "Filtering on the geneID"
[1] "adding rs numbers to the QTL data"
[1] "merging the trait and eqtl data on unique ID"
[1] "Running coloc"
PP.H0.abf PP.H1.abf PP.H2.abf PP.H3.abf PP.H4.abf 
 5.67e-22  7.23e-01  7.92e-24  9.83e-03  2.67e-01 
[1] "PP abf for shared variant: 26.7%"

Variables in credible sets:

 variable variable_prob cs
       22    0.11753223  1
        7    0.10988639  1
       29    0.09624039  1
       11    0.05226266  1
       28    0.05060636  1
       21    0.04449366  1
       10    0.04285314  1
        3    0.04172226  1
       14    0.04040252  1
        8    0.03669049  1
        4    0.03227014  1
       17    0.03085572  1
        9    0.02680621  1
       32    0.02662489  1
        5    0.02644373  1
       24    0.02401572  1
        6    0.02367361  1
       12    0.02080750  1
        1    0.01996543  1
       13    0.01829103  1
       26    0.01757193  1
       31    0.01757193  1
       25    0.01648592  1
       20    0.01520845  1
       15    0.01405771  1

Credible sets summary:

 cs cs_log10bf cs_avg_r2 cs_min_r2
  1   24.06227   0.99412 0.9477821
                                                           variable
 1,3,4,5,6,7,8,9,10,11,12,13,14,15,17,20,21,22,24,25,26,28,29,31,32

Variables in credible sets:

 variable variable_prob cs
        9    0.06282929  1
       27    0.04952216  1
       24    0.03792623  1
       32    0.03551242  1
        1    0.03517362  1
        2    0.03485276  1
       18    0.03485276  1
       19    0.03485276  1
       30    0.03485276  1
       33    0.03485276  1
       34    0.03485276  1
        3    0.03162362  1
       14    0.03162362  1
       16    0.03162362  1
       17    0.03162362  1
       10    0.03118158  1
       13    0.03033016  1
        6    0.02678614  1
       11    0.02678614  1
       12    0.02678614  1
       21    0.02678614  1
       22    0.02678614  1
       25    0.02556529  1
        4    0.02264650  1
       15    0.02264650  1
       23    0.02264650  1
       26    0.02264650  1
       31    0.02264650  1
       28    0.02221653  1
        8    0.02143883  1
        5    0.01880169  1

Credible sets summary:

 cs cs_log10bf cs_avg_r2 cs_min_r2
  1  0.7270368 0.9401604 0.7957336
                                                                             variable
 1,2,3,4,5,6,8,9,10,11,12,13,14,15,16,17,18,19,21,22,23,24,25,26,27,28,30,31,32,33,34
PP.H0.abf PP.H1.abf PP.H2.abf PP.H3.abf PP.H4.abf 
 2.04e-22  7.99e-01  3.69e-24  1.41e-02  1.87e-01 
[1] "PP abf for shared variant: 18.7%"
   nsnps       hit1       hit2    PP.H0.abf PP.H1.abf    PP.H2.abf  PP.H3.abf
1:    34 rs17171710 rs12532479 2.036705e-22 0.7992341 3.693549e-24 0.01412076
   PP.H4.abf idx1 idx2
1: 0.1866452    1    1
