[1] "trait"
[1] "SBP"
[1] "trait_file_header_info"
[1] "/gpfs/projects/bsc83/Projects/Breast/ANALYSIS/Hypertension/analysis/06_colocalization/SBP_Evangelou_parsed.txt"
[1] "Tested_Allele"
[1] "Other_Allele"
[1] "SNP"
[1] "CHR"
[1] "POS"
[1] "P"
[1] "N"
[1] "Freq_Tested_Allele"
[1] "traitType:"
[1] "quant"
[1] 3
[1] "Locus Info:"
[1] 3
[1] 133882270
[1] 1.34e+08
[1] "rs9859176"
[1] "QTL type:"
[1] "eqtl"
[1] TRUE
[1] "trait input file successfully loaded"
   CHR       POS        SNP Tested_Allele Other_Allele Freq_Tested_Allele
1:   3 133882270  rs9822076             A            G             0.3935
2:   3 133892833 rs35775034             A            G             0.3944
3:   3 133894102  rs6439464             A            G             0.3940
4:   3 133901733  rs9829505             A            C             0.6058
5:   3 133905345  rs6783294             A            G             0.3942
6:   3 133914636  rs9881896             T            C             0.3946
     BETA     SE         P      N Ref_Allele Alt_Allele
1: 0.3013 0.0309 1.696e-22 733171          G          A
2: 0.3045 0.0308 5.217e-23 734216          G          A
3: 0.3045 0.0308 5.172e-23 733899          G          A
4: 0.3030 0.0308 8.246e-23 733507          A          C
5: 0.3035 0.0308 7.014e-23 734587          G          A
6: 0.3053 0.0308 3.914e-23 734636          C          T
[1] "rs9822076"  "rs35775034" "rs6439464" 
[1] "/gpfs/projects/bsc83/Projects/Breast/ANALYSIS/Hypertension/data/Coloq/chr_3_snp151_hash_table.json"
$rs224
[1] "chr3_194857582"

$rs225
[1] "chr3_194857561"

$rs226
[1] "chr3_7864904"

[1] "hash table loaded"
[1] "/gpfs/projects/bsc83/Projects/Breast/ANALYSIS/Hypertension/analysis/06_colocalization/ColocQuiaL-main/GTEx_v8_Tissue_Summary_with_filenames_all.csv"
                          Tissue NumberRNASeqandGTSamples NumberRNASeqSamples
1              Muscle - Skeletal                      706                 803
2                    Whole Blood                      670                 755
3 Skin - Sun Exposed (Lower leg)                      605                 701
4                Artery - Tibial                      584                 663
5         Adipose - Subcutaneous                      581                 663
6                        Thyroid                      574                 653
  Number_of_eGenes                      allPairsTabixFilename
1            13532            Muscle_Skeletal.allpairs.tab.gz
2            12360                Whole_Blood.allpairs.tab.gz
3            16967 Skin_Sun_Exposed_Lower_leg.allpairs.tab.gz
4            15008              Artery_Tibial.allpairs.tab.gz
5            15607       Adipose_Subcutaneous.allpairs.tab.gz
6            17684                    Thyroid.allpairs.tab.gz
                                              sigPairsTabixFilename
1            Muscle_Skeletal.v8.v8.signif_variant_gene_pairs.tab.gz
2                Whole_Blood.v8.v8.signif_variant_gene_pairs.tab.gz
3 Skin_Sun_Exposed_Lower_leg.v8.v8.signif_variant_gene_pairs.tab.gz
4              Artery_Tibial.v8.v8.signif_variant_gene_pairs.tab.gz
5       Adipose_Subcutaneous.v8.v8.signif_variant_gene_pairs.tab.gz
6                    Thyroid.v8.v8.signif_variant_gene_pairs.tab.gz
[1] "chr3_134281183"
[1] "rs9859176 is not a significant eqtl in any tissue in the eqtl dataset."
