[1] "trait"
[1] "SBP"
[1] "trait_file_header_info"
[1] "/gpfs/projects/bsc83/Projects/Breast/ANALYSIS/Hypertension/analysis/06_colocalization/SBP_Evangelou_parsed.txt"
[1] "Tested_Allele"
[1] "Other_Allele"
[1] "SNP"
[1] "CHR"
[1] "POS"
[1] "P"
[1] "N"
[1] "Freq_Tested_Allele"
[1] "traitType:"
[1] "quant"
[1] 10
[1] "Locus Info:"
[1] 10
[1] 18698640
[1] 18725053
[1] "rs6482423"
[1] "QTL type:"
[1] "eqtl"
[1] TRUE
[1] "trait input file successfully loaded"
   CHR      POS        SNP Tested_Allele Other_Allele Freq_Tested_Allele
1:  10 18698640 rs67117524             A            G             0.3049
2:  10 18704124 rs10828666             T            C             0.6629
3:  10 18704136   rs998229             A            G             0.3360
4:  10 18705074   rs976785             T            C             0.3331
5:  10 18705336 rs67744136             T            C             0.6622
6:  10 18707048 rs66677106             A            G             0.3365
      BETA     SE         P      N Ref_Allele Alt_Allele
1: -0.4857 0.0329 1.956e-49 729425          G          A
2: -0.5167 0.0319 6.983e-59 731655          T          C
3: -0.5165 0.0320 1.042e-58 731346          G          A
4: -0.5153 0.0320 2.770e-58 733003          C          T
5: -0.5128 0.0319 3.222e-58 733628          T          C
6: -0.5175 0.0319 4.250e-59 733987          G          A
[1] "rs67117524" "rs10828666" "rs998229"  
[1] "/gpfs/projects/bsc83/Projects/Breast/ANALYSIS/Hypertension/data/Coloq/chr_10_snp151_hash_table.json"
$rs241
[1] "chr10_76684698"

$rs243
[1] "chr10_96480625"

$rs244
[1] "chr10_20703742"

[1] "hash table loaded"
[1] "/gpfs/projects/bsc83/Projects/Breast/ANALYSIS/Hypertension/analysis/06_colocalization/ColocQuiaL-main/GTEx_v8_Tissue_Summary_with_filenames_all.csv"
                          Tissue NumberRNASeqandGTSamples NumberRNASeqSamples
1              Muscle - Skeletal                      706                 803
2                    Whole Blood                      670                 755
3 Skin - Sun Exposed (Lower leg)                      605                 701
4                Artery - Tibial                      584                 663
5         Adipose - Subcutaneous                      581                 663
6                        Thyroid                      574                 653
  Number_of_eGenes                      allPairsTabixFilename
1            13532            Muscle_Skeletal.allpairs.tab.gz
2            12360                Whole_Blood.allpairs.tab.gz
3            16967 Skin_Sun_Exposed_Lower_leg.allpairs.tab.gz
4            15008              Artery_Tibial.allpairs.tab.gz
5            15607       Adipose_Subcutaneous.allpairs.tab.gz
6            17684                    Thyroid.allpairs.tab.gz
                                              sigPairsTabixFilename
1            Muscle_Skeletal.v8.v8.signif_variant_gene_pairs.tab.gz
2                Whole_Blood.v8.v8.signif_variant_gene_pairs.tab.gz
3 Skin_Sun_Exposed_Lower_leg.v8.v8.signif_variant_gene_pairs.tab.gz
4              Artery_Tibial.v8.v8.signif_variant_gene_pairs.tab.gz
5       Adipose_Subcutaneous.v8.v8.signif_variant_gene_pairs.tab.gz
6                    Thyroid.v8.v8.signif_variant_gene_pairs.tab.gz
[1] "chr10_18436124"
[1] "ENSG00000165995.18"
[1] "CACNB2"
[1] "Thyroid"
[1] "running liftOver"
[1] "Grabbing the all pairs data"
[1] "reading the all pairs data into R"
[1] 1727   14
[1] "Filtering on the geneID"
[1] "adding rs numbers to the QTL data"
[1] "merging the trait and eqtl data on unique ID"
[1] "Running coloc"
PP.H0.abf PP.H1.abf PP.H2.abf PP.H3.abf PP.H4.abf 
 2.52e-53  3.90e-01  5.71e-55  8.23e-03  6.02e-01 
[1] "PP abf for shared variant: 60.2%"

Variables in credible sets:

 variable variable_prob cs
        5    0.38819804  1
        8    0.12074887  1
        7    0.11351972  1
       10    0.09374029  1
        3    0.08820309  1
        1    0.08053844  1
       13    0.03222478  1
        2    0.02267443  1
       12    0.01764513  1

Credible sets summary:

 cs cs_log10bf cs_avg_r2 cs_min_r2             variable
  1   55.52394 0.9463558 0.8925733 1,2,3,5,7,8,10,12,13

Variables in credible sets:

 variable variable_prob cs
       10    0.25161614  1
        2    0.14910209  1
        3    0.11281797  1
       12    0.11043283  1
       11    0.06353340  1
        4    0.05291630  1
        1    0.05174525  1
       13    0.04822882  1
        8    0.04199055  1
        7    0.03498551  1
        5    0.03234523  1
        9    0.03150688  1

Credible sets summary:

 cs cs_log10bf cs_avg_r2 cs_min_r2                    variable
  1   1.289849 0.9455594 0.8925733 1,2,3,4,5,7,8,9,10,11,12,13
PP.H0.abf PP.H1.abf PP.H2.abf PP.H3.abf PP.H4.abf 
 1.22e-53  5.29e-01  3.09e-55  1.25e-02  4.58e-01 
[1] "PP abf for shared variant: 45.8%"
   nsnps      hit1      hit2    PP.H0.abf PP.H1.abf    PP.H2.abf  PP.H3.abf
1:    13 rs1813353 rs7091067 1.218326e-53 0.5292278 3.087139e-55 0.01249364
   PP.H4.abf idx1 idx2
1: 0.4582786    1    1
