[1] "trait"
[1] "DBP"
[1] "trait_file_header_info"
[1] "/gpfs/projects/bsc83/Projects/Breast/ANALYSIS/Hypertension/analysis/06_colocalization/DBP_Evangelou_parsed.txt"
[1] "Tested_Allele"
[1] "Other_Allele"
[1] "SNP"
[1] "CHR"
[1] "POS"
[1] "P"
[1] "N"
[1] "Freq_Tested_Allele"
[1] "traitType:"
[1] "quant"
[1] 2
[1] "Locus Info:"
[1] 2
[1] 218667372
[1] 218683154
[1] "rs1063281"
[1] "QTL type:"
[1] "eqtl"
[1] TRUE
[1] "trait input file successfully loaded"
   CHR       POS        SNP Tested_Allele Other_Allele Freq_Tested_Allele
1:   2 218667372  rs3791979             T            C             0.3941
2:   2 218667836  rs3088214             A            G             0.6022
3:   2 218668732  rs1063281             T            C             0.6027
4:   2 218670771  rs2552520             T            C             0.6031
5:   2 218670945  rs2571461             T            G             0.3968
6:   2 218673765 rs12998823             T            C             0.6027
      BETA     SE         P      N Ref_Allele Alt_Allele
1: -0.1622 0.0182 4.989e-19 707571          T          C
2: -0.1630 0.0179 7.759e-20 730602          G          A
3: -0.1623 0.0179 1.213e-19 730290          C          T
4: -0.1606 0.0178 1.428e-19 742312          C          T
5: -0.1608 0.0177 1.283e-19 743113          T          G
6: -0.1610 0.0176 7.291e-20 751622          C          T
[1] "rs3791979" "rs3088214" "rs1063281"
[1] "/gpfs/projects/bsc83/Projects/Breast/ANALYSIS/Hypertension/data/Coloq/chr_2_snp151_hash_table.json"
$rs222
[1] "chr2_98531409"

$rs223
[1] "chr2_132615083"

$rs525
[1] "chr2_171558018"

[1] "hash table loaded"
[1] "/gpfs/projects/bsc83/Projects/Breast/ANALYSIS/Hypertension/analysis/06_colocalization/ColocQuiaL-main/GTEx_v8_Tissue_Summary_with_filenames_all.csv"
                          Tissue NumberRNASeqandGTSamples NumberRNASeqSamples
1              Muscle - Skeletal                      706                 803
2                    Whole Blood                      670                 755
3 Skin - Sun Exposed (Lower leg)                      605                 701
4                Artery - Tibial                      584                 663
5         Adipose - Subcutaneous                      581                 663
6                        Thyroid                      574                 653
  Number_of_eGenes                      allPairsTabixFilename
1            13532            Muscle_Skeletal.allpairs.tab.gz
2            12360                Whole_Blood.allpairs.tab.gz
3            16967 Skin_Sun_Exposed_Lower_leg.allpairs.tab.gz
4            15008              Artery_Tibial.allpairs.tab.gz
5            15607       Adipose_Subcutaneous.allpairs.tab.gz
6            17684                    Thyroid.allpairs.tab.gz
                                              sigPairsTabixFilename
1            Muscle_Skeletal.v8.v8.signif_variant_gene_pairs.tab.gz
2                Whole_Blood.v8.v8.signif_variant_gene_pairs.tab.gz
3 Skin_Sun_Exposed_Lower_leg.v8.v8.signif_variant_gene_pairs.tab.gz
4              Artery_Tibial.v8.v8.signif_variant_gene_pairs.tab.gz
5       Adipose_Subcutaneous.v8.v8.signif_variant_gene_pairs.tab.gz
6                    Thyroid.v8.v8.signif_variant_gene_pairs.tab.gz
[1] "chr2_217804009"
[1] "ENSG00000231035.1"
[1] "RPL7L1P9"
[1] "Artery_Tibial"
[1] "running liftOver"
[1] "Grabbing the all pairs data"
[1] "reading the all pairs data into R"
[1] 2280   14
[1] "Filtering on the geneID"
[1] "adding rs numbers to the QTL data"
[1] "merging the trait and eqtl data on unique ID"
[1] "Running coloc"
PP.H0.abf PP.H1.abf PP.H2.abf PP.H3.abf PP.H4.abf 
 1.52e-15  2.54e-02  5.61e-16  8.39e-03  9.66e-01 
[1] "PP abf for shared variant: 96.6%"

Variables in credible sets:

 variable variable_prob cs
        2    0.20391818  1
        6    0.17457515  1
       12    0.13483532  1
        1    0.10880504  1
        4    0.09404489  1
       11    0.08009259  1
       10    0.06463604  1
        9    0.05332741  1
        3    0.04549758  1

Credible sets summary:

 cs cs_log10bf cs_avg_r2 cs_min_r2             variable
  1    16.9401  0.945366 0.7786262 1,2,3,4,6,9,10,11,12

Variables in credible sets:

 variable variable_prob cs
        1    0.16395700  1
       11    0.16395700  1
        9    0.15963116  1
        2    0.15781100  1
        4    0.15471374  1
       12    0.12350038  1
       10    0.02936519  1

Credible sets summary:

 cs cs_log10bf cs_avg_r2 cs_min_r2         variable
  1   2.679919 0.9943306 0.9842009 1,2,4,9,10,11,12
PP.H0.abf PP.H1.abf PP.H2.abf PP.H3.abf PP.H4.abf 
 2.98e-16  3.12e-02  1.71e-16  1.60e-02  9.53e-01 
[1] "PP abf for shared variant: 95.3%"
   nsnps      hit1      hit2    PP.H0.abf  PP.H1.abf    PP.H2.abf  PP.H3.abf
1:    12 rs1035673 rs1035672 2.983803e-16 0.03119265 1.713447e-16 0.01600676
   PP.H4.abf idx1 idx2
1: 0.9528006    1    1
[1] "ENSEMBL ID could not be converted to HGNC Symbol"
[1] "geneSymbol will be set to the ENSEMBL ID ENSG00000231672"
[1] "ENSG00000231672.6"
[1] "ENSG00000231672"
[1] "Artery_Tibial"
[1] "running liftOver"
[1] "Grabbing the all pairs data"
[1] "reading the all pairs data into R"
[1] 2280   14
[1] "Filtering on the geneID"
[1] "adding rs numbers to the QTL data"
[1] "merging the trait and eqtl data on unique ID"
[1] "Running coloc"
PP.H0.abf PP.H1.abf PP.H2.abf PP.H3.abf PP.H4.abf 
 1.96e-16  3.27e-03  5.77e-16  8.65e-03  9.88e-01 
[1] "PP abf for shared variant: 98.8%"

Variables in credible sets:

 variable variable_prob cs
        2    0.20391818  1
        6    0.17457515  1
       12    0.13483532  1
        1    0.10880504  1
        4    0.09404489  1
       11    0.08009259  1
       10    0.06463604  1
        9    0.05332741  1
        3    0.04549758  1

Credible sets summary:

 cs cs_log10bf cs_avg_r2 cs_min_r2             variable
  1    16.9401  0.945366 0.7786262 1,2,3,4,6,9,10,11,12

Variables in credible sets:

 variable variable_prob cs
        9    0.21614385  1
        4    0.18356325  1
        2    0.17994670  1
        1    0.12562463  1
       11    0.12562463  1
       12    0.09235794  1
       10    0.05022198  1

Credible sets summary:

 cs cs_log10bf cs_avg_r2 cs_min_r2         variable
  1   3.739408 0.9943306 0.9842009 1,2,4,9,10,11,12
PP.H0.abf PP.H1.abf PP.H2.abf PP.H3.abf PP.H4.abf 
 2.67e-17  2.79e-03  1.76e-16  1.64e-02  9.81e-01 
[1] "PP abf for shared variant: 98.1%"
   nsnps      hit1      hit2    PP.H0.abf   PP.H1.abf    PP.H2.abf  PP.H3.abf
1:    12 rs1035673 rs2571461 2.673399e-17 0.002794769 1.760568e-16 0.01644344
   PP.H4.abf idx1 idx2
1: 0.9807618    1    1
[1] "ENSG00000079308.16"
[1] "TNS1"
[1] "Esophagus_Muscularis"
[1] "running liftOver"
[1] "Grabbing the all pairs data"
[1] "reading the all pairs data into R"
[1] 2280   14
[1] "Filtering on the geneID"
[1] "adding rs numbers to the QTL data"
[1] "merging the trait and eqtl data on unique ID"
[1] "Running coloc"
PP.H0.abf PP.H1.abf PP.H2.abf PP.H3.abf PP.H4.abf 
 1.71e-16  2.87e-03  6.55e-16  9.99e-03  9.87e-01 
[1] "PP abf for shared variant: 98.7%"

Variables in credible sets:

 variable variable_prob cs
        2    0.20391818  1
        6    0.17457515  1
       12    0.13483532  1
        1    0.10880504  1
        4    0.09404489  1
       11    0.08009259  1
       10    0.06463604  1
        9    0.05332741  1
        3    0.04549758  1

Credible sets summary:

 cs cs_log10bf cs_avg_r2 cs_min_r2             variable
  1    16.9401  0.945366 0.7786262 1,2,3,4,6,9,10,11,12

Variables in credible sets:

 variable variable_prob cs
        8    0.22158781  1
        9    0.13442626  1
        6    0.12003312  1
        2    0.09501948  1
        4    0.08618027  1
        1    0.08087026  1
       11    0.08087026  1
       12    0.08087026  1
       10    0.05041861  1

Credible sets summary:

 cs cs_log10bf cs_avg_r2 cs_min_r2             variable
  1   3.996048 0.9356819 0.7786262 1,2,4,6,8,9,10,11,12
PP.H0.abf PP.H1.abf PP.H2.abf PP.H3.abf PP.H4.abf 
 1.77e-17  1.85e-03  2.10e-16  2.00e-02  9.78e-01 
[1] "PP abf for shared variant: 97.8%"
   nsnps      hit1      hit2    PP.H0.abf   PP.H1.abf    PP.H2.abf  PP.H3.abf
1:    12 rs1035673 rs2571445 1.767802e-17 0.001848059 2.102146e-16 0.02001955
   PP.H4.abf idx1 idx2
1: 0.9781324    1    1
[1] "ENSEMBL ID could not be converted to HGNC Symbol"
[1] "geneSymbol will be set to the ENSEMBL ID ENSG00000231672"
[1] "ENSG00000231672.6"
[1] "ENSG00000231672"
[1] "Artery_Aorta"
[1] "running liftOver"
[1] "Grabbing the all pairs data"
[1] "reading the all pairs data into R"
[1] 2356   14
[1] "Filtering on the geneID"
[1] "adding rs numbers to the QTL data"
[1] "merging the trait and eqtl data on unique ID"
[1] "Running coloc"
PP.H0.abf PP.H1.abf PP.H2.abf PP.H3.abf PP.H4.abf 
 3.91e-15  6.56e-02  6.36e-16  9.75e-03  9.25e-01 
[1] "PP abf for shared variant: 92.5%"

Variables in credible sets:

 variable variable_prob cs
        2    0.20391818  1
        6    0.17457515  1
       12    0.13483532  1
        1    0.10880504  1
        4    0.09404489  1
       11    0.08009259  1
       10    0.06463604  1
        9    0.05332741  1
        3    0.04549758  1

Credible sets summary:

 cs cs_log10bf cs_avg_r2 cs_min_r2             variable
  1    16.9401  0.945366 0.7786262 1,2,3,4,6,9,10,11,12

Variables in credible sets:

 variable variable_prob cs
        7    0.18323069  1
        2    0.14875919  1
        1    0.08527483  1
       11    0.08527483  1
       12    0.08527483  1
        4    0.07915662  1
        9    0.07863122  1
        3    0.07032494  1
        5    0.06009753  1
        8    0.05485244  1
        6    0.03830812  1

Credible sets summary:

 cs cs_log10bf cs_avg_r2 cs_min_r2                variable
  1   2.410388 0.9234378 0.6946356 1,2,3,4,5,6,7,8,9,11,12
PP.H0.abf PP.H1.abf PP.H2.abf PP.H3.abf PP.H4.abf 
 6.46e-16  6.76e-02  2.00e-16  1.90e-02  9.13e-01 
[1] "PP abf for shared variant: 91.3%"
   nsnps      hit1      hit2    PP.H0.abf  PP.H1.abf    PP.H2.abf  PP.H3.abf
1:    12 rs1035673 rs2552520 6.462479e-16 0.06755869 1.995115e-16 0.01903009
   PP.H4.abf idx1 idx2
1: 0.9134112    1    1
