[1] "trait"
[1] "DBP"
[1] "trait_file_header_info"
[1] "/gpfs/projects/bsc83/Projects/Breast/ANALYSIS/Hypertension/analysis/06_colocalization/DBP_Evangelou_parsed.txt"
[1] "Tested_Allele"
[1] "Other_Allele"
[1] "SNP"
[1] "CHR"
[1] "POS"
[1] "P"
[1] "N"
[1] "Freq_Tested_Allele"
[1] "traitType:"
[1] "quant"
[1] 16
[1] "Locus Info:"
[1] 16
[1] 20352863
[1] 20367690
[1] "rs12917707"
[1] "QTL type:"
[1] "eqtl"
[1] TRUE
[1] "trait input file successfully loaded"
   CHR      POS        SNP Tested_Allele Other_Allele Freq_Tested_Allele
1:  16 20352863  rs9928757             C            G             0.2028
2:  16 20353049  rs9928936             A            G             0.1811
3:  16 20353815 rs60136849             T            C             0.8193
4:  16 20355811 rs34262842             A            G             0.8341
5:  16 20356326 rs34356953             T            G             0.1806
6:  16 20357255 rs12934320             T            C             0.1804
      BETA     SE         P      N Ref_Allele Alt_Allele
1: -0.2718 0.0221 7.457e-35 724401          G          C
2: -0.3047 0.0227 3.188e-41 741724          G          A
3: -0.3030 0.0227 9.557e-41 741033          T          C
4: -0.3078 0.0235 3.795e-39 739974          A          G
5: -0.3041 0.0226 3.716e-41 745137          G          T
6: -0.3058 0.0226 1.057e-41 746593          C          T
[1] "rs9928757"  "rs9928936"  "rs60136849"
[1] "/gpfs/projects/bsc83/Projects/Breast/ANALYSIS/Hypertension/data/Coloq/chr_16_snp151_hash_table.json"
$rs540
[1] "chr16_370907"

$rs870
[1] "chr16_79203690"

$rs1121
[1] "chr16_15037219"

[1] "hash table loaded"
[1] "/gpfs/projects/bsc83/Projects/Breast/ANALYSIS/Hypertension/analysis/06_colocalization/ColocQuiaL-main/GTEx_v8_Tissue_Summary_with_filenames_all.csv"
                          Tissue NumberRNASeqandGTSamples NumberRNASeqSamples
1              Muscle - Skeletal                      706                 803
2                    Whole Blood                      670                 755
3 Skin - Sun Exposed (Lower leg)                      605                 701
4                Artery - Tibial                      584                 663
5         Adipose - Subcutaneous                      581                 663
6                        Thyroid                      574                 653
  Number_of_eGenes                      allPairsTabixFilename
1            13532            Muscle_Skeletal.allpairs.tab.gz
2            12360                Whole_Blood.allpairs.tab.gz
3            16967 Skin_Sun_Exposed_Lower_leg.allpairs.tab.gz
4            15008              Artery_Tibial.allpairs.tab.gz
5            15607       Adipose_Subcutaneous.allpairs.tab.gz
6            17684                    Thyroid.allpairs.tab.gz
                                              sigPairsTabixFilename
1            Muscle_Skeletal.v8.v8.signif_variant_gene_pairs.tab.gz
2                Whole_Blood.v8.v8.signif_variant_gene_pairs.tab.gz
3 Skin_Sun_Exposed_Lower_leg.v8.v8.signif_variant_gene_pairs.tab.gz
4              Artery_Tibial.v8.v8.signif_variant_gene_pairs.tab.gz
5       Adipose_Subcutaneous.v8.v8.signif_variant_gene_pairs.tab.gz
6                    Thyroid.v8.v8.signif_variant_gene_pairs.tab.gz
[1] "chr16_20356368"
[1] "rs12917707 is not a significant eqtl in any tissue in the eqtl dataset."
