[1] "trait"
[1] "PP"
[1] "trait_file_header_info"
[1] "/gpfs/projects/bsc83/Projects/Breast/ANALYSIS/Hypertension/analysis/06_colocalization/PP_Evangelou_parsed.txt"
[1] "Tested_Allele"
[1] "Other_Allele"
[1] "SNP"
[1] "CHR"
[1] "POS"
[1] "P"
[1] "N"
[1] "Freq_Tested_Allele"
[1] "traitType:"
[1] "quant"
[1] 22
[1] "Locus Info:"
[1] 22
[1] 19960184
[1] 19989612
[1] "rs12628032"
[1] "QTL type:"
[1] "eqtl"
[1] TRUE
[1] "trait input file successfully loaded"
   CHR      POS        SNP Tested_Allele Other_Allele Freq_Tested_Allele   BETA
1:  22 19960184 rs71313931             C            G             0.7091 0.2436
2:  22 19960198 rs71313932             C            G             0.2908 0.2444
3:  22 19967980 rs12628032             T            C             0.3089 0.2277
4:  22 19968971  rs2073748             A            G             0.3524 0.2058
5:  22 19969106  rs2240717             A            G             0.6468 0.2069
6:  22 19969696  rs2240716             T            C             0.3087 0.2288
       SE         P      N Ref_Allele Alt_Allele
1: 0.0229 1.565e-26 723105          C          G
2: 0.0229 1.070e-26 723243          G          C
3: 0.0224 2.648e-24 726842          C          T
4: 0.0216 1.886e-21 728050          G          A
5: 0.0216 9.973e-22 728316          A          G
6: 0.0224 1.605e-24 727549          C          T
[1] "rs71313931" "rs71313932" "rs12628032"
[1] "/gpfs/projects/bsc83/Projects/Breast/ANALYSIS/Hypertension/data/Coloq/chr_22_snp151_hash_table.json"
$rs782
[1] "chr22_21013738"

$rs783
[1] "chr22_29065634"

$rs795
[1] "chr22_12564009"

[1] "hash table loaded"
[1] "/gpfs/projects/bsc83/Projects/Breast/ANALYSIS/Hypertension/analysis/06_colocalization/ColocQuiaL-main/GTEx_v8_Tissue_Summary_with_filenames_all.csv"
                          Tissue NumberRNASeqandGTSamples NumberRNASeqSamples
1              Muscle - Skeletal                      706                 803
2                    Whole Blood                      670                 755
3 Skin - Sun Exposed (Lower leg)                      605                 701
4                Artery - Tibial                      584                 663
5         Adipose - Subcutaneous                      581                 663
6                        Thyroid                      574                 653
  Number_of_eGenes                      allPairsTabixFilename
1            13532            Muscle_Skeletal.allpairs.tab.gz
2            12360                Whole_Blood.allpairs.tab.gz
3            16967 Skin_Sun_Exposed_Lower_leg.allpairs.tab.gz
4            15008              Artery_Tibial.allpairs.tab.gz
5            15607       Adipose_Subcutaneous.allpairs.tab.gz
6            17684                    Thyroid.allpairs.tab.gz
                                              sigPairsTabixFilename
1            Muscle_Skeletal.v8.v8.signif_variant_gene_pairs.tab.gz
2                Whole_Blood.v8.v8.signif_variant_gene_pairs.tab.gz
3 Skin_Sun_Exposed_Lower_leg.v8.v8.signif_variant_gene_pairs.tab.gz
4              Artery_Tibial.v8.v8.signif_variant_gene_pairs.tab.gz
5       Adipose_Subcutaneous.v8.v8.signif_variant_gene_pairs.tab.gz
6                    Thyroid.v8.v8.signif_variant_gene_pairs.tab.gz
[1] "chr22_19980457"
[1] "ENSG00000099889.13"
[1] "ARVCF"
[1] "Artery_Tibial"
[1] "running liftOver"
[1] "Grabbing the all pairs data"
[1] "reading the all pairs data into R"
[1] 7050   14
[1] "Filtering on the geneID"
[1] "adding rs numbers to the QTL data"
[1] "merging the trait and eqtl data on unique ID"
[1] "Running coloc"
PP.H0.abf PP.H1.abf PP.H2.abf PP.H3.abf PP.H4.abf 
 1.91e-31  7.72e-11  4.70e-23  1.81e-02  9.82e-01 
[1] "PP abf for shared variant: 98.2%"

Variables in credible sets:

 variable variable_prob cs
       16    0.18449033  1
        5    0.11972322  1
       13    0.09831778  1
       23    0.09831778  1
        2    0.09516913  1
        1    0.08129187  1
       12    0.08129187  1
        3    0.07520021  1
       18    0.05672309  1
       11    0.02561012  1
       19    0.02333135  1
       24    0.02333135  1

Credible sets summary:

 cs cs_log10bf cs_avg_r2 cs_min_r2                        variable
  1   23.91496 0.9837889 0.9690335 1,2,3,5,11,12,13,16,18,19,23,24

Variables in credible sets:

 variable variable_prob cs
       12    0.26869657  1
        2    0.19200601  1
       11    0.16070755  1
       19    0.16070755  1
       24    0.16070755  1
       10    0.01225237  1

Credible sets summary:

 cs cs_log10bf cs_avg_r2 cs_min_r2         variable
  1   14.11875 0.9887187 0.9690335 2,10,11,12,19,24
PP.H0.abf PP.H1.abf PP.H2.abf PP.H3.abf PP.H4.abf 
 5.61e-35  1.11e-13  1.77e-23  3.30e-02  9.67e-01 
[1] "PP abf for shared variant: 96.7%"
   nsnps      hit1      hit2    PP.H0.abf    PP.H1.abf    PP.H2.abf  PP.H3.abf
1:    24 rs4819852 rs2238787 5.610958e-35 1.107156e-13 1.770116e-23 0.03299397
   PP.H4.abf idx1 idx2
1:  0.967006    1    1
[1] "ENSG00000099889.13"
[1] "ARVCF"
[1] "Thyroid"
[1] "running liftOver"
[1] "Grabbing the all pairs data"
[1] "reading the all pairs data into R"
[1] 8400   14
[1] "Filtering on the geneID"
[1] "adding rs numbers to the QTL data"
[1] "merging the trait and eqtl data on unique ID"
[1] "Running coloc"
PP.H0.abf PP.H1.abf PP.H2.abf PP.H3.abf PP.H4.abf 
 1.08e-43  4.40e-23  4.98e-23  1.93e-02  9.81e-01 
[1] "PP abf for shared variant: 98.1%"

Variables in credible sets:

 variable variable_prob cs
       16    0.18449033  1
        5    0.11972322  1
       13    0.09831778  1
       23    0.09831778  1
        2    0.09516913  1
        1    0.08129187  1
       12    0.08129187  1
        3    0.07520021  1
       18    0.05672309  1
       11    0.02561012  1
       19    0.02333135  1
       24    0.02333135  1

Credible sets summary:

 cs cs_log10bf cs_avg_r2 cs_min_r2                        variable
  1   23.91496 0.9837889 0.9690335 1,2,3,5,11,12,13,16,18,19,23,24

Variables in credible sets:

 variable variable_prob cs
       10    0.54346940  1
       12    0.15036778  1
       11    0.06528744  1
       19    0.06528744  1
       24    0.06528744  1
        5    0.04481309  1
        1    0.01903247  1

Credible sets summary:

 cs cs_log10bf cs_avg_r2 cs_min_r2           variable
  1   33.89478 0.9902401 0.9690335 1,5,10,11,12,19,24
PP.H0.abf PP.H1.abf PP.H2.abf PP.H3.abf PP.H4.abf 
 1.29e-54  2.55e-33  2.44e-23  4.62e-02  9.54e-01 
[1] "PP abf for shared variant: 95.4%"
   nsnps      hit1      hit2    PP.H0.abf    PP.H1.abf    PP.H2.abf  PP.H3.abf
1:    24 rs4819852 rs2238784 1.293031e-54 2.551412e-33 2.435541e-23 0.04615045
   PP.H4.abf idx1 idx2
1: 0.9538495    1    1
[1] "ENSG00000099889.13"
[1] "ARVCF"
[1] "Nerve_Tibial"
[1] "running liftOver"
[1] "Grabbing the all pairs data"
[1] "reading the all pairs data into R"
[1] 7800   14
[1] "Filtering on the geneID"
[1] "adding rs numbers to the QTL data"
[1] "merging the trait and eqtl data on unique ID"
[1] "Running coloc"
PP.H0.abf PP.H1.abf PP.H2.abf PP.H3.abf PP.H4.abf 
 8.82e-37  3.74e-16  2.90e-23  1.13e-02  9.89e-01 
[1] "PP abf for shared variant: 98.9%"

Variables in credible sets:

 variable variable_prob cs
       16    0.18449033  1
        5    0.11972322  1
       13    0.09831778  1
       23    0.09831778  1
        2    0.09516913  1
        1    0.08129187  1
       12    0.08129187  1
        3    0.07520021  1
       18    0.05672309  1
       11    0.02561012  1
       19    0.02333135  1
       24    0.02333135  1

Credible sets summary:

 cs cs_log10bf cs_avg_r2 cs_min_r2                        variable
  1   23.91496 0.9837889 0.9690335 1,2,3,5,11,12,13,16,18,19,23,24

Variables in credible sets:

 variable variable_prob cs
        4     0.9996832  2
       23     0.6316126  1
       10     0.3225406  1

Credible sets summary:

 cs cs_log10bf cs_avg_r2 cs_min_r2 variable
  1        Inf         1         1    10,23
  2   206.1434         1         1        4
PP.H0.abf PP.H1.abf PP.H2.abf PP.H3.abf PP.H4.abf 
 0.00e+00  0.00e+00  1.36e-23  2.49e-02  9.75e-01 
[1] "PP abf for shared variant: 97.5%"
PP.H0.abf PP.H1.abf PP.H2.abf PP.H3.abf PP.H4.abf 
1.46e-225 2.88e-204  4.87e-22  9.60e-01  3.97e-02 
[1] "PP abf for shared variant: 3.97%"
   nsnps      hit1       hit2     PP.H0.abf     PP.H1.abf    PP.H2.abf
1:    24 rs4819852  rs9606203  0.000000e+00  0.000000e+00 1.359019e-23
2:    24 rs4819852 rs12628032 1.457677e-225 2.876292e-204 4.867263e-22
    PP.H3.abf PP.H4.abf idx1 idx2
1: 0.02486592 0.9751341    1    1
2: 0.96033030 0.0396697    1    2
[1] "ENSG00000099889.13"
[1] "ARVCF"
[1] "Skin_Not_Sun_Exposed_Suprapubic"
[1] "running liftOver"
[1] "Grabbing the all pairs data"
[1] "reading the all pairs data into R"
[1] 7650   14
[1] "Filtering on the geneID"
[1] "adding rs numbers to the QTL data"
[1] "merging the trait and eqtl data on unique ID"
[1] "Running coloc"
PP.H0.abf PP.H1.abf PP.H2.abf PP.H3.abf PP.H4.abf 
 3.02e-23  1.25e-02  1.44e-21  5.96e-01  3.91e-01 
[1] "PP abf for shared variant: 39.1%"

Variables in credible sets:

 variable variable_prob cs
       16    0.18449033  1
        5    0.11972322  1
       13    0.09831778  1
       23    0.09831778  1
        2    0.09516913  1
        1    0.08129187  1
       12    0.08129187  1
        3    0.07520021  1
       18    0.05672309  1
       11    0.02561012  1
       19    0.02333135  1
       24    0.02333135  1

Credible sets summary:

 cs cs_log10bf cs_avg_r2 cs_min_r2                        variable
  1   23.91496 0.9837889 0.9690335 1,2,3,5,11,12,13,16,18,19,23,24

Variables in credible sets:

 variable variable_prob cs
        8     0.1927085  1
        9     0.1927085  1
       15     0.1927085  1
       21     0.1927085  1
       22     0.1927085  1

Credible sets summary:

 cs cs_log10bf cs_avg_r2 cs_min_r2     variable
  1   5.070648         1         1 8,9,15,21,22
PP.H0.abf PP.H1.abf PP.H2.abf PP.H3.abf PP.H4.abf 
 1.62e-24  3.20e-03  4.58e-22  9.04e-01  9.30e-02 
[1] "PP abf for shared variant: 9.3%"
   nsnps      hit1      hit2    PP.H0.abf   PP.H1.abf    PP.H2.abf PP.H3.abf
1:    24 rs4819852 rs2238782 1.622377e-24 0.003201278 4.581531e-22  0.903843
    PP.H4.abf idx1 idx2
1: 0.09295573    1    1
[1] "ENSG00000099889.13"
[1] "ARVCF"
[1] "Lung"
[1] "running liftOver"
[1] "Grabbing the all pairs data"
[1] "reading the all pairs data into R"
[1] 8100   14
[1] "Filtering on the geneID"
[1] "adding rs numbers to the QTL data"
[1] "merging the trait and eqtl data on unique ID"
[1] "Running coloc"
PP.H0.abf PP.H1.abf PP.H2.abf PP.H3.abf PP.H4.abf 
 2.50e-23  1.02e-02  9.17e-23  3.66e-02  9.53e-01 
[1] "PP abf for shared variant: 95.3%"

Variables in credible sets:

 variable variable_prob cs
       16    0.18449033  1
        5    0.11972322  1
       13    0.09831778  1
       23    0.09831778  1
        2    0.09516913  1
        1    0.08129187  1
       12    0.08129187  1
        3    0.07520021  1
       18    0.05672309  1
       11    0.02561012  1
       19    0.02333135  1
       24    0.02333135  1

Credible sets summary:

 cs cs_log10bf cs_avg_r2 cs_min_r2                        variable
  1   23.91496 0.9837889 0.9690335 1,2,3,5,11,12,13,16,18,19,23,24

Variables in credible sets:

 variable variable_prob cs
       17    0.08870273  1
        8    0.07570010  1
        9    0.07570010  1
       15    0.07570010  1
       21    0.07570010  1
       22    0.07570010  1
       11    0.05553598  1
       12    0.05553598  1
       19    0.05553598  1
       24    0.05553598  1
        1    0.04294511  1
       13    0.04294511  1
       23    0.04294511  1
        6    0.03965296  1
        7    0.03965296  1
       10    0.02264844  1
       14    0.01490774  1
       20    0.01490774  1
        3    0.01075593  1

Credible sets summary:

 cs cs_log10bf cs_avg_r2 cs_min_r2
  1   3.594827 0.8800377 0.7559763
                                           variable
 1,3,6,7,8,9,10,11,12,13,14,15,17,19,20,21,22,23,24
PP.H0.abf PP.H1.abf PP.H2.abf PP.H3.abf PP.H4.abf 
 3.73e-24  7.36e-03  3.52e-23  6.76e-02  9.25e-01 
[1] "PP abf for shared variant: 92.5%"
   nsnps      hit1       hit2    PP.H0.abf   PP.H1.abf    PP.H2.abf  PP.H3.abf
1:    24 rs4819852 rs71313932 3.728596e-24 0.007357275 3.520333e-23 0.06761324
   PP.H4.abf idx1 idx2
1: 0.9250295    1    1
[1] "ENSG00000093010.13"
[1] "COMT"
[1] "Esophagus_Mucosa"
[1] "running liftOver"
[1] "Grabbing the all pairs data"
[1] "reading the all pairs data into R"
[1] 7350   14
[1] "Filtering on the geneID"
[1] "adding rs numbers to the QTL data"
[1] "merging the trait and eqtl data on unique ID"
[1] "Running coloc"
PP.H0.abf PP.H1.abf PP.H2.abf PP.H3.abf PP.H4.abf 
 1.09e-24  4.39e-04  7.26e-23  2.84e-02  9.71e-01 
[1] "PP abf for shared variant: 97.1%"

Variables in credible sets:

 variable variable_prob cs
       16    0.18449033  1
        5    0.11972322  1
       13    0.09831778  1
       23    0.09831778  1
        2    0.09516913  1
        1    0.08129187  1
       12    0.08129187  1
        3    0.07520021  1
       18    0.05672309  1
       11    0.02561012  1
       19    0.02333135  1
       24    0.02333135  1

Credible sets summary:

 cs cs_log10bf cs_avg_r2 cs_min_r2                        variable
  1   23.91496 0.9837889 0.9690335 1,2,3,5,11,12,13,16,18,19,23,24

Variables in credible sets:

 variable variable_prob cs
        4    0.13508046  1
        2    0.12274767  1
        6    0.09832896  1
        7    0.09832896  1
       14    0.06616039  1
       20    0.06616039  1
       12    0.05917942  1
       11    0.05109051  1
       19    0.05109051  1
       24    0.05109051  1
       10    0.02397420  1
        1    0.02356473  1
       13    0.02356473  1
       23    0.02356473  1
        5    0.02033216  1
       17    0.01738836  1
       16    0.01619625  1
       18    0.01619625  1

Credible sets summary:

 cs cs_log10bf cs_avg_r2 cs_min_r2
  1   5.250751 0.9275513 0.7623106
                                        variable
 1,2,4,5,6,7,10,11,12,13,14,16,17,18,19,20,23,24
PP.H0.abf PP.H1.abf PP.H2.abf PP.H3.abf PP.H4.abf 
 6.49e-26  1.28e-04  2.77e-23  5.28e-02  9.47e-01 
[1] "PP abf for shared variant: 94.7%"
   nsnps      hit1       hit2    PP.H0.abf    PP.H1.abf   PP.H2.abf  PP.H3.abf
1:    24 rs4819852 rs12628032 6.487584e-26 0.0001280132 2.77361e-23 0.05283487
   PP.H4.abf idx1 idx2
1: 0.9470371    1    1
[1] "ENSG00000099889.13"
[1] "ARVCF"
[1] "Esophagus_Mucosa"
[1] "running liftOver"
[1] "Grabbing the all pairs data"
[1] "reading the all pairs data into R"
[1] 7350   14
[1] "Filtering on the geneID"
[1] "adding rs numbers to the QTL data"
[1] "merging the trait and eqtl data on unique ID"
[1] "Running coloc"
PP.H0.abf PP.H1.abf PP.H2.abf PP.H3.abf PP.H4.abf 
 6.80e-28  2.75e-07  1.40e-22  5.57e-02  9.44e-01 
[1] "PP abf for shared variant: 94.4%"

Variables in credible sets:

 variable variable_prob cs
       16    0.18449033  1
        5    0.11972322  1
       13    0.09831778  1
       23    0.09831778  1
        2    0.09516913  1
        1    0.08129187  1
       12    0.08129187  1
        3    0.07520021  1
       18    0.05672309  1
       11    0.02561012  1
       19    0.02333135  1
       24    0.02333135  1

Credible sets summary:

 cs cs_log10bf cs_avg_r2 cs_min_r2                        variable
  1   23.91496 0.9837889 0.9690335 1,2,3,5,11,12,13,16,18,19,23,24

Variables in credible sets:

 variable variable_prob cs
        8    0.14348918  1
        9    0.14348918  1
       15    0.14348918  1
       21    0.14348918  1
       22    0.14348918  1
        2    0.05745275  1
       17    0.02505724  1
        6    0.02181711  1
        7    0.02181711  1
       16    0.01722870  1
       18    0.01722870  1
        5    0.01551154  1
       11    0.01509619  1
       19    0.01509619  1
       24    0.01509619  1
       12    0.01331595  1

Credible sets summary:

 cs cs_log10bf cs_avg_r2 cs_min_r2                                  variable
  1   9.862915 0.8681532 0.7559763 2,5,6,7,8,9,11,12,15,16,17,18,19,21,22,24
PP.H0.abf PP.H1.abf PP.H2.abf PP.H3.abf PP.H4.abf 
 3.10e-30  6.13e-09  5.43e-23  1.05e-01  8.95e-01 
[1] "PP abf for shared variant: 89.5%"
   nsnps      hit1      hit2   PP.H0.abf    PP.H1.abf    PP.H2.abf PP.H3.abf
1:    24 rs4819852 rs2238782 3.10432e-30 6.125451e-09 5.433656e-23 0.1054279
   PP.H4.abf idx1 idx2
1: 0.8945721    1    1
[1] "ENSG00000099889.13"
[1] "ARVCF"
[1] "Esophagus_Muscularis"
[1] "running liftOver"
[1] "Grabbing the all pairs data"
[1] "reading the all pairs data into R"
[1] 7350   14
[1] "Filtering on the geneID"
[1] "adding rs numbers to the QTL data"
[1] "merging the trait and eqtl data on unique ID"
[1] "Running coloc"
PP.H0.abf PP.H1.abf PP.H2.abf PP.H3.abf PP.H4.abf 
 1.32e-27  5.34e-07  2.47e-21  9.97e-01  2.64e-03 
[1] "PP abf for shared variant: 0.264%"

Variables in credible sets:

 variable variable_prob cs
       16    0.18449033  1
        5    0.11972322  1
       13    0.09831778  1
       23    0.09831778  1
        2    0.09516913  1
        1    0.08129187  1
       12    0.08129187  1
        3    0.07520021  1
       18    0.05672309  1
       11    0.02561012  1
       19    0.02333135  1
       24    0.02333135  1

Credible sets summary:

 cs cs_log10bf cs_avg_r2 cs_min_r2                        variable
  1   23.91496 0.9837889 0.9690335 1,2,3,5,11,12,13,16,18,19,23,24

Variables in credible sets:

 variable variable_prob cs
        8    0.20021767  1
        9    0.20021767  1
       15    0.20021767  1
       21    0.20021767  1
       22    0.20021767  1
       14    0.14239504  2
       20    0.14239504  2
        2    0.13204868  2
        4    0.11692146  2
       16    0.05452221  2
       18    0.05452221  2
       23    0.05135609  2
        1    0.04594335  2
       13    0.03966006  2
       10    0.03508257  2
        3    0.03339820  2
        5    0.03080078  2
       11    0.02403578  2
       12    0.02156645  2
       19    0.02156645  2
       24    0.02156645  2

Credible sets summary:

 cs cs_log10bf cs_avg_r2 cs_min_r2                                   variable
  1  32.132906 1.0000000 1.0000000                               8,9,15,21,22
  2   5.445283 0.9667804 0.9144657 1,2,3,4,5,10,11,12,13,14,16,18,19,20,23,24
PP.H0.abf PP.H1.abf PP.H2.abf PP.H3.abf PP.H4.abf 
 1.55e-51  3.07e-30  5.07e-22  1.00e+00  1.41e-04 
[1] "PP abf for shared variant: 0.0141%"
PP.H0.abf PP.H1.abf PP.H2.abf PP.H3.abf PP.H4.abf 
 2.97e-26  5.87e-05  1.99e-23  3.73e-02  9.63e-01 
[1] "PP abf for shared variant: 96.3%"
   nsnps      hit1      hit2    PP.H0.abf    PP.H1.abf    PP.H2.abf  PP.H3.abf
1:    24 rs4819852 rs2238782 1.554712e-51 3.067762e-30 5.067191e-22 0.99985923
2:    24 rs4819852 rs2240716 2.974184e-26 5.868667e-05 1.990042e-23 0.03734236
      PP.H4.abf idx1 idx2
1: 0.0001407675    1    1
2: 0.9625989514    1    2
[1] "ENSG00000099889.13"
[1] "ARVCF"
[1] "Artery_Aorta"
[1] "running liftOver"
[1] "Grabbing the all pairs data"
[1] "reading the all pairs data into R"
[1] 7200   14
[1] "Filtering on the geneID"
[1] "adding rs numbers to the QTL data"
[1] "merging the trait and eqtl data on unique ID"
[1] "Running coloc"
PP.H0.abf PP.H1.abf PP.H2.abf PP.H3.abf PP.H4.abf 
 6.16e-37  2.49e-16  4.51e-23  1.72e-02  9.83e-01 
[1] "PP abf for shared variant: 98.3%"

Variables in credible sets:

 variable variable_prob cs
       16    0.18449033  1
        5    0.11972322  1
       13    0.09831778  1
       23    0.09831778  1
        2    0.09516913  1
        1    0.08129187  1
       12    0.08129187  1
        3    0.07520021  1
       18    0.05672309  1
       11    0.02561012  1
       19    0.02333135  1
       24    0.02333135  1

Credible sets summary:

 cs cs_log10bf cs_avg_r2 cs_min_r2                        variable
  1   23.91496 0.9837889 0.9690335 1,2,3,5,11,12,13,16,18,19,23,24

Variables in credible sets:

 variable variable_prob cs
       17    0.24290230  1
        1    0.18077797  1
       13    0.18077797  1
       23    0.18077797  1
       11    0.04192501  1
       12    0.04192501  1
       19    0.04192501  1
       24    0.04192501  1

Credible sets summary:

 cs cs_log10bf cs_avg_r2 cs_min_r2               variable
  1   26.80206 0.9935986 0.9820711 1,11,12,13,17,19,23,24
PP.H0.abf PP.H1.abf PP.H2.abf PP.H3.abf PP.H4.abf 
 1.04e-47  2.05e-26  1.58e-23  2.92e-02  9.71e-01 
[1] "PP abf for shared variant: 97.1%"
   nsnps      hit1       hit2    PP.H0.abf    PP.H1.abf    PP.H2.abf  PP.H3.abf
1:    24 rs4819852 rs71313932 1.037642e-47 2.047478e-26 1.578775e-23 0.02921085
   PP.H4.abf idx1 idx2
1: 0.9707892    1    1
[1] "ENSG00000099889.13"
[1] "ARVCF"
[1] "Colon_Transverse"
[1] "running liftOver"
[1] "Grabbing the all pairs data"
[1] "reading the all pairs data into R"
[1] 7650   14
[1] "Filtering on the geneID"
[1] "adding rs numbers to the QTL data"
[1] "merging the trait and eqtl data on unique ID"
[1] "Running coloc"
PP.H0.abf PP.H1.abf PP.H2.abf PP.H3.abf PP.H4.abf 
 9.44e-25  3.84e-04  1.68e-22  6.73e-02  9.32e-01 
[1] "PP abf for shared variant: 93.2%"

Variables in credible sets:

 variable variable_prob cs
       16    0.18449033  1
        5    0.11972322  1
       13    0.09831778  1
       23    0.09831778  1
        2    0.09516913  1
        1    0.08129187  1
       12    0.08129187  1
        3    0.07520021  1
       18    0.05672309  1
       11    0.02561012  1
       19    0.02333135  1
       24    0.02333135  1

Credible sets summary:

 cs cs_log10bf cs_avg_r2 cs_min_r2                        variable
  1   23.91496 0.9837889 0.9690335 1,2,3,5,11,12,13,16,18,19,23,24

Variables in credible sets:

 variable variable_prob cs
        8    0.14626766  1
        9    0.14626766  1
       15    0.14626766  1
       21    0.14626766  1
       22    0.14626766  1
        6    0.03572942  1
        7    0.03572942  1
       10    0.02724939  1
       12    0.02628133  1
       11    0.02257015  1
       19    0.02257015  1
       24    0.02257015  1
        1    0.01633501  1
       13    0.01633501  1

Credible sets summary:

 cs cs_log10bf cs_avg_r2 cs_min_r2                             variable
  1   6.286067 0.8750368 0.7713231 1,6,7,8,9,10,11,12,13,15,19,21,22,24
PP.H0.abf PP.H1.abf PP.H2.abf PP.H3.abf PP.H4.abf 
 1.68e-26  3.31e-05  7.78e-23  1.52e-01  8.48e-01 
[1] "PP abf for shared variant: 84.8%"
   nsnps      hit1      hit2    PP.H0.abf    PP.H1.abf    PP.H2.abf PP.H3.abf
1:    24 rs4819852 rs2238782 1.677244e-26 3.309542e-05 7.778114e-23 0.1517816
   PP.H4.abf idx1 idx2
1: 0.8481853    1    1
[1] "ENSG00000099889.13"
[1] "ARVCF"
[1] "Esophagus_Gastroesophageal_Junction"
[1] "running liftOver"
[1] "Grabbing the all pairs data"
[1] "reading the all pairs data into R"
[1] 7350   14
[1] "Filtering on the geneID"
[1] "adding rs numbers to the QTL data"
[1] "merging the trait and eqtl data on unique ID"
[1] "Running coloc"
PP.H0.abf PP.H1.abf PP.H2.abf PP.H3.abf PP.H4.abf 
 2.81e-23  1.15e-02  2.06e-21  8.39e-01  1.50e-01 
[1] "PP abf for shared variant: 15%"

Variables in credible sets:

 variable variable_prob cs
       16    0.18449033  1
        5    0.11972322  1
       13    0.09831778  1
       23    0.09831778  1
        2    0.09516913  1
        1    0.08129187  1
       12    0.08129187  1
        3    0.07520021  1
       18    0.05672309  1
       11    0.02561012  1
       19    0.02333135  1
       24    0.02333135  1

Credible sets summary:

 cs cs_log10bf cs_avg_r2 cs_min_r2                        variable
  1   23.91496 0.9837889 0.9690335 1,2,3,5,11,12,13,16,18,19,23,24

Variables in credible sets:

 variable variable_prob cs
        8       0.19745  1
        9       0.19745  1
       15       0.19745  1
       21       0.19745  1
       22       0.19745  1

Credible sets summary:

 cs cs_log10bf cs_avg_r2 cs_min_r2     variable
  1   6.116527         1         1 8,9,15,21,22
PP.H0.abf PP.H1.abf PP.H2.abf PP.H3.abf PP.H4.abf 
 1.61e-25  3.17e-04  5.04e-22  9.94e-01  5.64e-03 
[1] "PP abf for shared variant: 0.564%"
   nsnps      hit1      hit2    PP.H0.abf    PP.H1.abf    PP.H2.abf PP.H3.abf
1:    24 rs4819852 rs2238782 1.605096e-25 0.0003167179 5.037778e-22 0.9940444
     PP.H4.abf idx1 idx2
1: 0.005638925    1    1
[1] "ENSG00000099889.13"
[1] "ARVCF"
[1] "Stomach"
[1] "running liftOver"
[1] "Grabbing the all pairs data"
[1] "reading the all pairs data into R"
[1] 7200   14
[1] "Filtering on the geneID"
[1] "adding rs numbers to the QTL data"
[1] "merging the trait and eqtl data on unique ID"
[1] "Running coloc"
PP.H0.abf PP.H1.abf PP.H2.abf PP.H3.abf PP.H4.abf 
 1.24e-24  5.01e-04  5.73e-23  2.21e-02  9.77e-01 
[1] "PP abf for shared variant: 97.7%"

Variables in credible sets:

 variable variable_prob cs
       16    0.18449033  1
        5    0.11972322  1
       13    0.09831778  1
       23    0.09831778  1
        2    0.09516913  1
        1    0.08129187  1
       12    0.08129187  1
        3    0.07520021  1
       18    0.05672309  1
       11    0.02561012  1
       19    0.02333135  1
       24    0.02333135  1

Credible sets summary:

 cs cs_log10bf cs_avg_r2 cs_min_r2                        variable
  1   23.91496 0.9837889 0.9690335 1,2,3,5,11,12,13,16,18,19,23,24

Variables in credible sets:

 variable variable_prob cs
       10    0.08269746  1
       12    0.07283386  1
       11    0.06844183  1
       19    0.06844183  1
       24    0.06844183  1
        1    0.05821028  1
       13    0.05821028  1
       23    0.05821028  1
        5    0.05213454  1
        8    0.04517103  1
        9    0.04517103  1
       15    0.04517103  1
       21    0.04517103  1
       22    0.04517103  1
       17    0.04421041  1
        3    0.03626588  1
       16    0.03626588  1
       18    0.03626588  1

Credible sets summary:

 cs cs_log10bf cs_avg_r2 cs_min_r2
  1   5.647718 0.8899473 0.7559763
                                         variable
 1,3,5,8,9,10,11,12,13,15,16,17,18,19,21,22,23,24
PP.H0.abf PP.H1.abf PP.H2.abf PP.H3.abf PP.H4.abf 
 1.88e-26  3.72e-05  2.01e-23  3.77e-02  9.62e-01 
[1] "PP abf for shared variant: 96.2%"
   nsnps      hit1      hit2    PP.H0.abf    PP.H1.abf    PP.H2.abf  PP.H3.abf
1:    24 rs4819852 rs2238784 1.884815e-26 3.719122e-05 2.010007e-23 0.03773706
   PP.H4.abf idx1 idx2
1: 0.9622257    1    1
[1] "ENSG00000099889.13"
[1] "ARVCF"
[1] "Colon_Sigmoid"
[1] "running liftOver"
[1] "Grabbing the all pairs data"
[1] "reading the all pairs data into R"
[1] 7200   14
[1] "Filtering on the geneID"
[1] "adding rs numbers to the QTL data"
[1] "merging the trait and eqtl data on unique ID"
[1] "Running coloc"
PP.H0.abf PP.H1.abf PP.H2.abf PP.H3.abf PP.H4.abf 
 3.14e-22  1.28e-01  4.76e-22  1.94e-01  6.78e-01 
[1] "PP abf for shared variant: 67.8%"

Variables in credible sets:

 variable variable_prob cs
       16    0.18449033  1
        5    0.11972322  1
       13    0.09831778  1
       23    0.09831778  1
        2    0.09516913  1
        1    0.08129187  1
       12    0.08129187  1
        3    0.07520021  1
       18    0.05672309  1
       11    0.02561012  1
       19    0.02333135  1
       24    0.02333135  1

Credible sets summary:

 cs cs_log10bf cs_avg_r2 cs_min_r2                        variable
  1   23.91496 0.9837889 0.9690335 1,2,3,5,11,12,13,16,18,19,23,24

Variables in credible sets:

 variable variable_prob cs
        8    0.17941480  1
        9    0.17941480  1
       15    0.17941480  1
       21    0.17941480  1
       22    0.17941480  1
        6    0.04258253  1
        7    0.04258253  1

Credible sets summary:

 cs cs_log10bf cs_avg_r2 cs_min_r2         variable
  1   3.652426 0.9958377 0.9912691 6,7,8,9,15,21,22
PP.H0.abf PP.H1.abf PP.H2.abf PP.H3.abf PP.H4.abf 
 2.90e-23  5.73e-02  3.13e-22  6.17e-01  3.26e-01 
[1] "PP abf for shared variant: 32.6%"
   nsnps      hit1      hit2    PP.H0.abf PP.H1.abf    PP.H2.abf PP.H3.abf
1:    24 rs4819852 rs2238782 2.903797e-23 0.0572978 3.130425e-22 0.6170451
   PP.H4.abf idx1 idx2
1: 0.3256571    1    1
[1] "ENSG00000099889.13"
[1] "ARVCF"
[1] "Pancreas"
[1] "running liftOver"
[1] "Grabbing the all pairs data"
[1] "reading the all pairs data into R"
[1] 7050   14
[1] "Filtering on the geneID"
[1] "adding rs numbers to the QTL data"
[1] "merging the trait and eqtl data on unique ID"
[1] "Running coloc"
PP.H0.abf PP.H1.abf PP.H2.abf PP.H3.abf PP.H4.abf 
 1.69e-23  6.99e-03  2.88e-23  1.09e-02  9.82e-01 
[1] "PP abf for shared variant: 98.2%"

Variables in credible sets:

 variable variable_prob cs
       16    0.18449033  1
        5    0.11972322  1
       13    0.09831778  1
       23    0.09831778  1
        2    0.09516913  1
        1    0.08129187  1
       12    0.08129187  1
        3    0.07520021  1
       18    0.05672309  1
       11    0.02561012  1
       19    0.02333135  1
       24    0.02333135  1

Credible sets summary:

 cs cs_log10bf cs_avg_r2 cs_min_r2                        variable
  1   23.91496 0.9837889 0.9690335 1,2,3,5,11,12,13,16,18,19,23,24

Variables in credible sets:

 variable variable_prob cs
       16    0.28680976  1
       18    0.28680976  1
        5    0.12198910  1
        3    0.07730796  1
       17    0.02232909  1
        1    0.02220675  1
       13    0.02220675  1
       23    0.02220675  1
        6    0.01244284  1
        7    0.01244284  1
        8    0.01225508  1
        9    0.01225508  1
       15    0.01225508  1
       21    0.01225508  1
       22    0.01225508  1
       10    0.01116830  1

Credible sets summary:

 cs cs_log10bf cs_avg_r2 cs_min_r2                                 variable
  1   3.851905 0.8676183 0.7559763 1,3,5,6,7,8,9,10,13,15,16,17,18,21,22,23
PP.H0.abf PP.H1.abf PP.H2.abf PP.H3.abf PP.H4.abf 
 5.95e-25  1.17e-03  1.02e-23  1.81e-02  9.81e-01 
[1] "PP abf for shared variant: 98.1%"
   nsnps      hit1      hit2    PP.H0.abf   PP.H1.abf    PP.H2.abf  PP.H3.abf
1:    24 rs4819852 rs4819852 5.948785e-25 0.001173816 1.015182e-23 0.01807009
   PP.H4.abf idx1 idx2
1: 0.9807561    1    1
[1] "ENSG00000099889.13"
[1] "ARVCF"
[1] "Spleen"
[1] "running liftOver"
[1] "Grabbing the all pairs data"
[1] "reading the all pairs data into R"
[1] 7800   14
[1] "Filtering on the geneID"
[1] "adding rs numbers to the QTL data"
[1] "merging the trait and eqtl data on unique ID"
[1] "Running coloc"
PP.H0.abf PP.H1.abf PP.H2.abf PP.H3.abf PP.H4.abf 
 1.02e-21  4.20e-01  2.63e-22  1.07e-01  4.73e-01 
[1] "PP abf for shared variant: 47.3%"

Variables in credible sets:

 variable variable_prob cs
       16    0.18449033  1
        5    0.11972322  1
       13    0.09831778  1
       23    0.09831778  1
        2    0.09516913  1
        1    0.08129187  1
       12    0.08129187  1
        3    0.07520021  1
       18    0.05672309  1
       11    0.02561012  1
       19    0.02333135  1
       24    0.02333135  1

Credible sets summary:

 cs cs_log10bf cs_avg_r2 cs_min_r2                        variable
  1   23.91496 0.9837889 0.9690335 1,2,3,5,11,12,13,16,18,19,23,24

Variables in credible sets:

 variable variable_prob cs
        8    0.16920046  1
        9    0.16920046  1
       15    0.16920046  1
       21    0.16920046  1
       22    0.16920046  1
        6    0.06633739  1
        7    0.06633739  1

Credible sets summary:

 cs cs_log10bf cs_avg_r2 cs_min_r2         variable
  1   2.898299 0.9958377 0.9912691 6,7,8,9,15,21,22
PP.H0.abf PP.H1.abf PP.H2.abf PP.H3.abf PP.H4.abf 
 1.31e-22  2.59e-01  2.49e-22  4.92e-01  2.49e-01 
[1] "PP abf for shared variant: 24.9%"
   nsnps      hit1      hit2    PP.H0.abf PP.H1.abf    PP.H2.abf PP.H3.abf
1:    24 rs4819852 rs2238782 1.313698e-22 0.2592192 2.494627e-22 0.4917423
   PP.H4.abf idx1 idx2
1: 0.2490385    1    1
[1] "ENSG00000099889.13"
[1] "ARVCF"
[1] "Artery_Coronary"
[1] "running liftOver"
[1] "Grabbing the all pairs data"
[1] "reading the all pairs data into R"
[1] 7350   14
[1] "Filtering on the geneID"
[1] "adding rs numbers to the QTL data"
[1] "merging the trait and eqtl data on unique ID"
[1] "Running coloc"
PP.H0.abf PP.H1.abf PP.H2.abf PP.H3.abf PP.H4.abf 
 1.41e-22  5.70e-02  5.35e-23  2.07e-02  9.22e-01 
[1] "PP abf for shared variant: 92.2%"

Variables in credible sets:

 variable variable_prob cs
       16    0.18449033  1
        5    0.11972322  1
       13    0.09831778  1
       23    0.09831778  1
        2    0.09516913  1
        1    0.08129187  1
       12    0.08129187  1
        3    0.07520021  1
       18    0.05672309  1
       11    0.02561012  1
       19    0.02333135  1
       24    0.02333135  1

Credible sets summary:

 cs cs_log10bf cs_avg_r2 cs_min_r2                        variable
  1   23.91496 0.9837889 0.9690335 1,2,3,5,11,12,13,16,18,19,23,24

Variables in credible sets:

 variable variable_prob cs
       17    0.12143291  1
        1    0.08596626  1
       10    0.08596626  1
       11    0.08596626  1
       12    0.08596626  1
       13    0.08596626  1
       19    0.08596626  1
       23    0.08596626  1
       24    0.08596626  1
        4    0.04142843  1
       14    0.02134175  1
       20    0.02134175  1
        6    0.01331778  1
        7    0.01331778  1
        5    0.01292678  1
       16    0.01292678  1
       18    0.01292678  1

Credible sets summary:

 cs cs_log10bf cs_avg_r2 cs_min_r2
  1   3.239726 0.9260475 0.7623106
                                      variable
 1,4,5,6,7,10,11,12,13,14,16,17,18,19,20,23,24
PP.H0.abf PP.H1.abf PP.H2.abf PP.H3.abf PP.H4.abf 
 4.95e-24  9.76e-03  2.06e-23  3.88e-02  9.51e-01 
[1] "PP abf for shared variant: 95.1%"
   nsnps      hit1       hit2    PP.H0.abf   PP.H1.abf    PP.H2.abf  PP.H3.abf
1:    24 rs4819852 rs71313932 4.946102e-24 0.009759662 2.061582e-23 0.03877627
   PP.H4.abf idx1 idx2
1: 0.9514641    1    1
[1] "ENSG00000099889.13"
[1] "ARVCF"
[1] "Brain_Cerebellum"
[1] "running liftOver"
[1] "Grabbing the all pairs data"
[1] "reading the all pairs data into R"
[1] 8682   14
[1] "Filtering on the geneID"
[1] "adding rs numbers to the QTL data"
[1] "merging the trait and eqtl data on unique ID"
[1] "Running coloc"
PP.H0.abf PP.H1.abf PP.H2.abf PP.H3.abf PP.H4.abf 
 2.38e-23  9.57e-03  6.44e-23  2.50e-02  9.65e-01 
[1] "PP abf for shared variant: 96.5%"

Variables in credible sets:

 variable variable_prob cs
       16    0.18449033  1
        5    0.11972322  1
       13    0.09831778  1
       23    0.09831778  1
        2    0.09516913  1
        1    0.08129187  1
       12    0.08129187  1
        3    0.07520021  1
       18    0.05672309  1
       11    0.02561012  1
       19    0.02333135  1
       24    0.02333135  1

Credible sets summary:

 cs cs_log10bf cs_avg_r2 cs_min_r2                        variable
  1   23.91496 0.9837889 0.9690335 1,2,3,5,11,12,13,16,18,19,23,24

Variables in credible sets:

 variable variable_prob cs
        2    0.09855474  1
        8    0.06559983  1
        9    0.06559983  1
       15    0.06559983  1
       21    0.06559983  1
       22    0.06559983  1
        1    0.06277826  1
        3    0.06277826  1
       13    0.06277826  1
       18    0.06277826  1
       23    0.06277826  1
       11    0.03079356  1
       12    0.03079356  1
       19    0.03079356  1
       24    0.03079356  1
        5    0.03056961  1
       10    0.03056961  1
        6    0.01540148  1
        7    0.01540148  1

Credible sets summary:

 cs cs_log10bf cs_avg_r2 cs_min_r2
  1   4.629905 0.8777224 0.7559763
                                         variable
 1,2,3,5,6,7,8,9,10,11,12,13,15,18,19,21,22,23,24
PP.H0.abf PP.H1.abf PP.H2.abf PP.H3.abf PP.H4.abf 
 2.05e-25  4.05e-04  2.10e-23  3.95e-02  9.60e-01 
[1] "PP abf for shared variant: 96%"
   nsnps      hit1      hit2    PP.H0.abf    PP.H1.abf    PP.H2.abf  PP.H3.abf
1:    24 rs4819852 rs1034565 2.050454e-25 0.0004045961 2.098778e-23 0.03949294
   PP.H4.abf idx1 idx2
1: 0.9601025    1    1
[1] "ENSG00000183597.15"
[1] "TANGO2"
[1] "Brain_Cerebellar_Hemisphere"
[1] "running liftOver"
[1] "Grabbing the all pairs data"
[1] "reading the all pairs data into R"
[1] 8532   14
[1] "Filtering on the geneID"
[1] "adding rs numbers to the QTL data"
[1] "merging the trait and eqtl data on unique ID"
[1] "Running coloc"
PP.H0.abf PP.H1.abf PP.H2.abf PP.H3.abf PP.H4.abf 
 8.11e-23  3.41e-02  7.01e-23  2.85e-02  9.37e-01 
[1] "PP abf for shared variant: 93.7%"

Variables in credible sets:

 variable variable_prob cs
       16    0.18449033  1
        5    0.11972322  1
       13    0.09831778  1
       23    0.09831778  1
        2    0.09516913  1
        1    0.08129187  1
       12    0.08129187  1
        3    0.07520021  1
       18    0.05672309  1
       11    0.02561012  1
       19    0.02333135  1
       24    0.02333135  1

Credible sets summary:

 cs cs_log10bf cs_avg_r2 cs_min_r2                        variable
  1   23.91496 0.9837889 0.9690335 1,2,3,5,11,12,13,16,18,19,23,24

Variables in credible sets:

 variable variable_prob cs
        2    0.16387383  1
        8    0.06349444  1
        9    0.06349444  1
       15    0.06349444  1
       21    0.06349444  1
       22    0.06349444  1
        4    0.06135010  1
       14    0.06135010  1
       20    0.06135010  1
       16    0.05428826  1
        6    0.04403787  1
        7    0.04403787  1
       11    0.02234452  1
       12    0.02234452  1
       19    0.02234452  1
       24    0.02234452  1
        1    0.01670667  1
        3    0.01670667  1
       13    0.01670667  1
       18    0.01670667  1

Credible sets summary:

 cs cs_log10bf cs_avg_r2 cs_min_r2
  1   4.222201 0.8780318 0.7559763
                                            variable
 1,2,3,4,6,7,8,9,11,12,13,14,15,16,18,19,20,21,22,24
PP.H0.abf PP.H1.abf PP.H2.abf PP.H3.abf PP.H4.abf 
 6.51e-25  1.28e-03  2.61e-23  4.95e-02  9.49e-01 
[1] "PP abf for shared variant: 94.9%"
   nsnps      hit1      hit2    PP.H0.abf   PP.H1.abf    PP.H2.abf  PP.H3.abf
1:    24 rs4819852 rs1034565 6.509949e-25 0.001284545 2.606091e-23 0.04952507
   PP.H4.abf idx1 idx2
1: 0.9491904    1    1
