[1] "trait"
[1] "PP"
[1] "trait_file_header_info"
[1] "/gpfs/projects/bsc83/Projects/Breast/ANALYSIS/Hypertension/analysis/06_colocalization/PP_Evangelou_parsed.txt"
[1] "Tested_Allele"
[1] "Other_Allele"
[1] "SNP"
[1] "CHR"
[1] "POS"
[1] "P"
[1] "N"
[1] "Freq_Tested_Allele"
[1] "traitType:"
[1] "quant"
[1] 2
[1] "Locus Info:"
[1] 2
[1] 216287093
[1] 216306635
[1] "rs1250259"
[1] "QTL type:"
[1] "eqtl"
[1] TRUE
[1] "trait input file successfully loaded"
   CHR       POS        SNP Tested_Allele Other_Allele Freq_Tested_Allele
1:   2 216287093  rs1250248             A            G             0.2672
2:   2 216287796 rs13423742             C            G             0.7332
3:   2 216292331  rs1837121             A            G             0.7303
4:   2 216294957  rs1250239             C            G             0.2687
5:   2 216295014  rs1250240             A            G             0.2685
6:   2 216295312  rs1250241             A            T             0.7313
      BETA     SE         P      N Ref_Allele Alt_Allele
1: -0.2595 0.0231 2.830e-29 729672          A          G
2:  0.2599 0.0231 2.320e-29 732871          C          G
3: -0.2648 0.0231 1.695e-30 730315          G          A
4: -0.2637 0.0230 2.402e-30 732753          C          G
5: -0.2635 0.0231 3.153e-30 731430          A          G
6: -0.2644 0.0230 1.752e-30 732568          T          A
[1] "rs1250248"  "rs13423742" "rs1837121" 
[1] "/gpfs/projects/bsc83/Projects/Breast/ANALYSIS/Hypertension/data/Coloq/chr_2_snp151_hash_table.json"
$rs222
[1] "chr2_98531409"

$rs223
[1] "chr2_132615083"

$rs525
[1] "chr2_171558018"

[1] "hash table loaded"
[1] "/gpfs/projects/bsc83/Projects/Breast/ANALYSIS/Hypertension/analysis/06_colocalization/ColocQuiaL-main/GTEx_v8_Tissue_Summary_with_filenames_all.csv"
                          Tissue NumberRNASeqandGTSamples NumberRNASeqSamples
1              Muscle - Skeletal                      706                 803
2                    Whole Blood                      670                 755
3 Skin - Sun Exposed (Lower leg)                      605                 701
4                Artery - Tibial                      584                 663
5         Adipose - Subcutaneous                      581                 663
6                        Thyroid                      574                 653
  Number_of_eGenes                      allPairsTabixFilename
1            13532            Muscle_Skeletal.allpairs.tab.gz
2            12360                Whole_Blood.allpairs.tab.gz
3            16967 Skin_Sun_Exposed_Lower_leg.allpairs.tab.gz
4            15008              Artery_Tibial.allpairs.tab.gz
5            15607       Adipose_Subcutaneous.allpairs.tab.gz
6            17684                    Thyroid.allpairs.tab.gz
                                              sigPairsTabixFilename
1            Muscle_Skeletal.v8.v8.signif_variant_gene_pairs.tab.gz
2                Whole_Blood.v8.v8.signif_variant_gene_pairs.tab.gz
3 Skin_Sun_Exposed_Lower_leg.v8.v8.signif_variant_gene_pairs.tab.gz
4              Artery_Tibial.v8.v8.signif_variant_gene_pairs.tab.gz
5       Adipose_Subcutaneous.v8.v8.signif_variant_gene_pairs.tab.gz
6                    Thyroid.v8.v8.signif_variant_gene_pairs.tab.gz
[1] "chr2_215435759"
[1] "ENSG00000138363.14"
[1] "ATIC"
[1] "Muscle_Skeletal"
[1] "running liftOver"
[1] "Grabbing the all pairs data"
[1] "reading the all pairs data into R"
[1] 800  14
[1] "Filtering on the geneID"
[1] "adding rs numbers to the QTL data"
[1] "merging the trait and eqtl data on unique ID"
[1] "Running coloc"
PP.H0.abf PP.H1.abf PP.H2.abf PP.H3.abf PP.H4.abf 
 7.18e-28  1.64e-02  2.76e-28  5.35e-03  9.78e-01 
[1] "PP abf for shared variant: 97.8%"

Variables in credible sets:

 variable variable_prob cs
       11    0.42908843  1
       10    0.18115013  1
        2    0.16607100  1
       14    0.15023999  1
        3    0.03164732  1

Credible sets summary:

 cs cs_log10bf cs_avg_r2 cs_min_r2     variable
  1   28.88401 0.9637261 0.9382441 2,3,10,11,14

Variables in credible sets:

 variable variable_prob cs
       11   0.262809725  1
        3   0.255641820  1
       10   0.135136591  1
        1   0.122339709  1
       12   0.082795388  1
       14   0.052183911  1
        2   0.020938899  1
        5   0.016703844  1
        9   0.009851399  1

Credible sets summary:

 cs cs_log10bf cs_avg_r2 cs_min_r2              variable
  1   2.631356  0.916824 0.8483976 1,2,3,5,9,10,11,12,14
PP.H0.abf PP.H1.abf PP.H2.abf PP.H3.abf PP.H4.abf 
 1.89e-28  2.03e-02  1.13e-28  1.02e-02  9.70e-01 
[1] "PP abf for shared variant: 97%"
   nsnps      hit1      hit2    PP.H0.abf  PP.H1.abf    PP.H2.abf  PP.H3.abf
1:    14 rs1250259 rs1250259 1.889254e-28 0.02025029 1.131813e-28 0.01019241
   PP.H4.abf idx1 idx2
1: 0.9695573    1    1
[1] "ENSG00000138363.14"
[1] "ATIC"
[1] "Skin_Not_Sun_Exposed_Suprapubic"
[1] "running liftOver"
[1] "Grabbing the all pairs data"
[1] "reading the all pairs data into R"
[1] 1440   14
[1] "Filtering on the geneID"
[1] "adding rs numbers to the QTL data"
[1] "merging the trait and eqtl data on unique ID"
[1] "Running coloc"
PP.H0.abf PP.H1.abf PP.H2.abf PP.H3.abf PP.H4.abf 
 2.17e-27  4.94e-02  6.94e-28  1.49e-02  9.36e-01 
[1] "PP abf for shared variant: 93.6%"

Variables in credible sets:

 variable variable_prob cs
       11    0.42908843  1
       10    0.18115013  1
        2    0.16607100  1
       14    0.15023999  1
        3    0.03164732  1

Credible sets summary:

 cs cs_log10bf cs_avg_r2 cs_min_r2     variable
  1   28.88401 0.9637261 0.9382441 2,3,10,11,14

Variables in credible sets:

 variable variable_prob cs
        3    0.36775128  1
       12    0.35178279  1
        1    0.10229027  1
        2    0.07807519  1
       11    0.04357082  1
       10    0.01878427  1

Credible sets summary:

 cs cs_log10bf cs_avg_r2 cs_min_r2       variable
  1   2.729929 0.9281981 0.8483976 1,2,3,10,11,12
PP.H0.abf PP.H1.abf PP.H2.abf PP.H3.abf PP.H4.abf 
 4.57e-28  4.90e-02  3.43e-28  3.50e-02  9.16e-01 
[1] "PP abf for shared variant: 91.6%"
   nsnps      hit1      hit2   PP.H0.abf  PP.H1.abf    PP.H2.abf PP.H3.abf
1:    14 rs1250259 rs1250232 4.56686e-28 0.04895067 3.433007e-28 0.0349651
   PP.H4.abf idx1 idx2
1: 0.9160842    1    1
