[1] "trait"
[1] "DBP"
[1] "trait_file_header_info"
[1] "/gpfs/projects/bsc83/Projects/Breast/ANALYSIS/Hypertension/analysis/06_colocalization/DBP_Evangelou_parsed.txt"
[1] "Tested_Allele"
[1] "Other_Allele"
[1] "SNP"
[1] "CHR"
[1] "POS"
[1] "P"
[1] "N"
[1] "Freq_Tested_Allele"
[1] "traitType:"
[1] "quant"
[1] 5
[1] "Locus Info:"
[1] 5
[1] 173301427
[1] 173392398
[1] "rs72812846"
[1] "QTL type:"
[1] "eqtl"
[1] TRUE
[1] "trait input file successfully loaded"
   CHR       POS        SNP Tested_Allele Other_Allele Freq_Tested_Allele
1:   5 173301427  rs3860770             A            G             0.2915
2:   5 173301982  rs6897617             A            G             0.2928
3:   5 173303392 rs55993676             T            G             0.2916
4:   5 173306058 rs67909753             A            G             0.2917
5:   5 173307137  rs6885658             T            C             0.2928
6:   5 173307328 rs72810972             T            G             0.2915
      BETA     SE         P      N Ref_Allele Alt_Allele
1: -0.2092 0.0191 6.299e-28 748829          G          A
2: -0.2088 0.0190 5.022e-28 750756          G          A
3: -0.2097 0.0191 3.819e-28 750712          G          T
4: -0.2087 0.0191 8.194e-28 749002          G          A
5: -0.2083 0.0191 7.890e-28 748980          C          T
6: -0.2089 0.0191 7.217e-28 749249          G          T
[1] "rs3860770"  "rs6897617"  "rs55993676"
[1] "/gpfs/projects/bsc83/Projects/Breast/ANALYSIS/Hypertension/data/Coloq/chr_5_snp151_hash_table.json"
$rs385
[1] "chr5_9617268"

$rs387
[1] "chr5_9604894"

$rs388
[1] "chr5_9604859"

[1] "hash table loaded"
[1] "/gpfs/projects/bsc83/Projects/Breast/ANALYSIS/Hypertension/analysis/06_colocalization/ColocQuiaL-main/GTEx_v8_Tissue_Summary_with_filenames_all.csv"
                          Tissue NumberRNASeqandGTSamples NumberRNASeqSamples
1              Muscle - Skeletal                      706                 803
2                    Whole Blood                      670                 755
3 Skin - Sun Exposed (Lower leg)                      605                 701
4                Artery - Tibial                      584                 663
5         Adipose - Subcutaneous                      581                 663
6                        Thyroid                      574                 653
  Number_of_eGenes                      allPairsTabixFilename
1            13532            Muscle_Skeletal.allpairs.tab.gz
2            12360                Whole_Blood.allpairs.tab.gz
3            16967 Skin_Sun_Exposed_Lower_leg.allpairs.tab.gz
4            15008              Artery_Tibial.allpairs.tab.gz
5            15607       Adipose_Subcutaneous.allpairs.tab.gz
6            17684                    Thyroid.allpairs.tab.gz
                                              sigPairsTabixFilename
1            Muscle_Skeletal.v8.v8.signif_variant_gene_pairs.tab.gz
2                Whole_Blood.v8.v8.signif_variant_gene_pairs.tab.gz
3 Skin_Sun_Exposed_Lower_leg.v8.v8.signif_variant_gene_pairs.tab.gz
4              Artery_Tibial.v8.v8.signif_variant_gene_pairs.tab.gz
5       Adipose_Subcutaneous.v8.v8.signif_variant_gene_pairs.tab.gz
6                    Thyroid.v8.v8.signif_variant_gene_pairs.tab.gz
[1] "chr5_173950633"
[1] "rs72812846 is not a significant eqtl in any tissue in the eqtl dataset."
