[1] "trait"
[1] "DBP"
[1] "trait_file_header_info"
[1] "/gpfs/projects/bsc83/Projects/Breast/ANALYSIS/Hypertension/analysis/06_colocalization/DBP_Evangelou_parsed.txt"
[1] "Tested_Allele"
[1] "Other_Allele"
[1] "SNP"
[1] "CHR"
[1] "POS"
[1] "P"
[1] "N"
[1] "Freq_Tested_Allele"
[1] "traitType:"
[1] "quant"
[1] 11
[1] "Locus Info:"
[1] 11
[1] 47377283
[1] 47462140
[1] "rs3824869"
[1] "QTL type:"
[1] "eqtl"
[1] TRUE
[1] "trait input file successfully loaded"
   CHR      POS        SNP Tested_Allele Other_Allele Freq_Tested_Allele
1:  11 47378245  rs3824869             T            C             0.3605
2:  11 47388214 rs12801188             A            G             0.3602
3:  11 47389638 rs34937994             T            C             0.3624
4:  11 47391948 rs10437655             A            G             0.3854
5:  11 47394305   rs896817             T            C             0.3852
6:  11 47399602  rs2278890             A            G             0.3622
      BETA     SE         P      N Ref_Allele Alt_Allele
1: -0.2356 0.0182 2.239e-38 739314          T          C
2:  0.2347 0.0181 2.746e-38 744292          G          A
3:  0.2331 0.0181 6.566e-38 744187          C          T
4:  0.2363 0.0178 4.384e-40 748511          G          A
5:  0.2375 0.0178 1.872e-40 748634          C          T
6:  0.2358 0.0181 9.545e-39 743367          G          A
[1] "rs3824869"  "rs12801188" "rs34937994"
[1] "/gpfs/projects/bsc83/Projects/Breast/ANALYSIS/Hypertension/data/Coloq/chr_11_snp151_hash_table.json"
$rs245
[1] "chr11_31975788"

$rs246
[1] "chr11_133075651"

$rs334
[1] "chr11_5227002"

[1] "hash table loaded"
[1] "/gpfs/projects/bsc83/Projects/Breast/ANALYSIS/Hypertension/analysis/06_colocalization/ColocQuiaL-main/GTEx_v8_Tissue_Summary_with_filenames_all.csv"
                          Tissue NumberRNASeqandGTSamples NumberRNASeqSamples
1              Muscle - Skeletal                      706                 803
2                    Whole Blood                      670                 755
3 Skin - Sun Exposed (Lower leg)                      605                 701
4                Artery - Tibial                      584                 663
5         Adipose - Subcutaneous                      581                 663
6                        Thyroid                      574                 653
  Number_of_eGenes                      allPairsTabixFilename
1            13532            Muscle_Skeletal.allpairs.tab.gz
2            12360                Whole_Blood.allpairs.tab.gz
3            16967 Skin_Sun_Exposed_Lower_leg.allpairs.tab.gz
4            15008              Artery_Tibial.allpairs.tab.gz
5            15607       Adipose_Subcutaneous.allpairs.tab.gz
6            17684                    Thyroid.allpairs.tab.gz
                                              sigPairsTabixFilename
1            Muscle_Skeletal.v8.v8.signif_variant_gene_pairs.tab.gz
2                Whole_Blood.v8.v8.signif_variant_gene_pairs.tab.gz
3 Skin_Sun_Exposed_Lower_leg.v8.v8.signif_variant_gene_pairs.tab.gz
4              Artery_Tibial.v8.v8.signif_variant_gene_pairs.tab.gz
5       Adipose_Subcutaneous.v8.v8.signif_variant_gene_pairs.tab.gz
6                    Thyroid.v8.v8.signif_variant_gene_pairs.tab.gz
[1] "chr11_47356694"
[1] "ENSG00000025434.18"
[1] "NR1H3"
[1] "Muscle_Skeletal"
[1] "running liftOver"
[1] "Grabbing the all pairs data"
[1] "reading the all pairs data into R"
[1] 10897    14
[1] "Filtering on the geneID"
[1] "adding rs numbers to the QTL data"
[1] "merging the trait and eqtl data on unique ID"
[1] "Running coloc"
PP.H0.abf PP.H1.abf PP.H2.abf PP.H3.abf PP.H4.abf 
 2.93e-34  9.51e-01  4.08e-37  1.28e-03  4.78e-02 
[1] "PP abf for shared variant: 4.78%"

Variables in credible sets:

 variable variable_prob cs
        4    0.16849008  1
       23    0.16849008  1
        6    0.08816020  1
       22    0.07593351  1
       12    0.07047492  1
        3    0.06410897  1
        1    0.05952960  1
        2    0.05527908  1
       11    0.05527908  1
        5    0.05133367  1
        7    0.05133367  1
       20    0.02639908  1
       19    0.02278022  1

Credible sets summary:

 cs cs_log10bf cs_avg_r2 cs_min_r2                        variable
  1   36.72749 0.9821708 0.9533355 1,2,3,4,5,6,7,11,12,19,20,22,23

Variables in credible sets:

 variable variable_prob cs
       13    0.04559390  1
       17    0.04559390  1
       16    0.04554957  1
       10    0.04513910  1
        8    0.04513410  1
       15    0.04413539  1
       18    0.04385204  1
        2    0.04338411  1
       23    0.04327073  1
        3    0.04310435  1
        5    0.04310435  1
       12    0.04310435  1
       11    0.04301705  1
       19    0.04301418  1
       22    0.04293885  1
        1    0.04284079  1
        7    0.04273675  1
       14    0.04267937  1
        9    0.04259475  1
       20    0.04259475  1
       21    0.04259475  1
        6    0.04255784  1

Credible sets summary:

 cs cs_log10bf cs_avg_r2 cs_min_r2
  1 0.00146907 0.9296477 0.8109093
                                                  variable
 1,2,3,5,6,7,8,9,10,11,12,13,14,15,16,17,18,19,20,21,22,23
PP.H0.abf PP.H1.abf PP.H2.abf PP.H3.abf PP.H4.abf 
 7.74e-35  9.51e-01  1.79e-37  2.10e-03  4.69e-02 
[1] "PP abf for shared variant: 4.69%"
   nsnps       hit1      hit2    PP.H0.abf PP.H1.abf    PP.H2.abf   PP.H3.abf
1:    23 rs10838702 rs2278890 7.743714e-35  0.950972 1.787089e-37 0.002100792
    PP.H4.abf idx1 idx2
1: 0.04692725    1    1
[1] "ENSG00000109919.9"
[1] "MTCH2"
[1] "Muscle_Skeletal"
[1] "running liftOver"
[1] "Grabbing the all pairs data"
[1] "reading the all pairs data into R"
[1] 10897    14
[1] "Filtering on the geneID"
[1] "adding rs numbers to the QTL data"
[1] "merging the trait and eqtl data on unique ID"
[1] "Running coloc"
PP.H0.abf PP.H1.abf PP.H2.abf PP.H3.abf PP.H4.abf 
 1.98e-37  6.42e-04  8.27e-36  2.59e-02  9.74e-01 
[1] "PP abf for shared variant: 97.4%"

Variables in credible sets:

 variable variable_prob cs
        4    0.16849008  1
       23    0.16849008  1
        6    0.08816020  1
       22    0.07593351  1
       12    0.07047492  1
        3    0.06410897  1
        1    0.05952960  1
        2    0.05527908  1
       11    0.05527908  1
        5    0.05133367  1
        7    0.05133367  1
       20    0.02639908  1
       19    0.02278022  1

Credible sets summary:

 cs cs_log10bf cs_avg_r2 cs_min_r2                        variable
  1   36.72749 0.9821708 0.9533355 1,2,3,4,5,6,7,11,12,19,20,22,23

Variables in credible sets:

 variable variable_prob cs
       14    0.17089016  1
        9    0.11817537  1
       20    0.11817537  1
       21    0.11817537  1
       19    0.10279686  1
       11    0.05691049  1
        2    0.04656128  1
        1    0.03489192  1
        3    0.03459245  1
        5    0.03459245  1
       12    0.03459245  1
       22    0.02918639  1
        6    0.02517110  1
        7    0.02189528  1
       23    0.02070374  1

Credible sets summary:

 cs cs_log10bf cs_avg_r2 cs_min_r2                              variable
  1   4.616007 0.9842484 0.9456998 1,2,3,5,6,7,9,11,12,14,19,20,21,22,23
PP.H0.abf PP.H1.abf PP.H2.abf PP.H3.abf PP.H4.abf 
 4.90e-38  6.02e-04  4.66e-36  5.53e-02  9.44e-01 
[1] "PP abf for shared variant: 94.4%"
   nsnps       hit1      hit2    PP.H0.abf    PP.H1.abf    PP.H2.abf  PP.H3.abf
1:    23 rs10838702 rs2293579 4.901811e-38 0.0006019701 4.656841e-36 0.05530044
   PP.H4.abf idx1 idx2
1: 0.9440976    1    1
[1] "ENSG00000109920.12"
[1] "FNBP4"
[1] "Muscle_Skeletal"
[1] "running liftOver"
[1] "Grabbing the all pairs data"
[1] "reading the all pairs data into R"
[1] 10897    14
[1] "Filtering on the geneID"
[1] "adding rs numbers to the QTL data"
[1] "merging the trait and eqtl data on unique ID"
[1] "Running coloc"
PP.H0.abf PP.H1.abf PP.H2.abf PP.H3.abf PP.H4.abf 
 4.87e-37  1.58e-03  5.82e-36  1.79e-02  9.81e-01 
[1] "PP abf for shared variant: 98.1%"

Variables in credible sets:

 variable variable_prob cs
        4    0.16849008  1
       23    0.16849008  1
        6    0.08816020  1
       22    0.07593351  1
       12    0.07047492  1
        3    0.06410897  1
        1    0.05952960  1
        2    0.05527908  1
       11    0.05527908  1
        5    0.05133367  1
        7    0.05133367  1
       20    0.02639908  1
       19    0.02278022  1

Credible sets summary:

 cs cs_log10bf cs_avg_r2 cs_min_r2                        variable
  1   36.72749 0.9821708 0.9533355 1,2,3,4,5,6,7,11,12,19,20,22,23

Variables in credible sets:

 variable variable_prob cs
       19    0.12994182  1
        4    0.11596816  1
        9    0.11285856  1
       20    0.11285856  1
       21    0.11285856  1
       14    0.06386552  1
        3    0.05426420  1
        5    0.05426420  1
       12    0.05426420  1
        1    0.03870440  1
        6    0.03701558  1
        7    0.03187134  1
       22    0.02778326  1
       11    0.02193795  1

Credible sets summary:

 cs cs_log10bf cs_avg_r2 cs_min_r2                           variable
  1   3.976561 0.9863561 0.9609038 1,3,4,5,6,7,9,11,12,14,19,20,21,22
PP.H0.abf PP.H1.abf PP.H2.abf PP.H3.abf PP.H4.abf 
 1.37e-37  1.68e-03  2.98e-36  3.47e-02  9.64e-01 
[1] "PP abf for shared variant: 96.4%"
   nsnps       hit1      hit2    PP.H0.abf   PP.H1.abf    PP.H2.abf  PP.H3.abf
1:    23 rs10838702 rs4434960 1.368502e-37 0.001680598 2.982183e-36 0.03469565
   PP.H4.abf idx1 idx2
1: 0.9636237    1    1
[1] "ENSG00000172247.3"
[1] "C1QTNF4"
[1] "Muscle_Skeletal"
[1] "running liftOver"
[1] "Grabbing the all pairs data"
[1] "reading the all pairs data into R"
[1] 10897    14
[1] "Filtering on the geneID"
[1] "adding rs numbers to the QTL data"
[1] "merging the trait and eqtl data on unique ID"
[1] "Running coloc"
PP.H0.abf PP.H1.abf PP.H2.abf PP.H3.abf PP.H4.abf 
 9.39e-35  3.04e-01  3.97e-36  1.22e-02  6.83e-01 
[1] "PP abf for shared variant: 68.3%"

Variables in credible sets:

 variable variable_prob cs
        4    0.16849008  1
       23    0.16849008  1
        6    0.08816020  1
       22    0.07593351  1
       12    0.07047492  1
        3    0.06410897  1
        1    0.05952960  1
        2    0.05527908  1
       11    0.05527908  1
        5    0.05133367  1
        7    0.05133367  1
       20    0.02639908  1
       19    0.02278022  1

Credible sets summary:

 cs cs_log10bf cs_avg_r2 cs_min_r2                        variable
  1   36.72749 0.9821708 0.9533355 1,2,3,4,5,6,7,11,12,19,20,22,23

Variables in credible sets:

 variable variable_prob cs
       22    0.09122297  1
        9    0.07967925  1
       20    0.07967925  1
       21    0.07967925  1
        1    0.06078839  1
       19    0.06078182  1
        7    0.05765052  1
        2    0.05642269  1
        6    0.05350595  1
        4    0.05290437  1
        3    0.05100542  1
        5    0.05100542  1
       12    0.05100542  1
       23    0.04822727  1
       11    0.04503751  1
       14    0.04339904  1

Credible sets summary:

 cs cs_log10bf cs_avg_r2 cs_min_r2                                variable
  1   1.272054 0.9825912 0.9456998 1,2,3,4,5,6,7,9,11,12,14,19,20,21,22,23
PP.H0.abf PP.H1.abf PP.H2.abf PP.H3.abf PP.H4.abf 
 3.62e-35  4.45e-01  1.56e-36  1.81e-02  5.37e-01 
[1] "PP abf for shared variant: 53.7%"
   nsnps       hit1      hit2    PP.H0.abf PP.H1.abf    PP.H2.abf PP.H3.abf
1:    23 rs10838702 rs7947450 3.622517e-35 0.4448656 1.558807e-36 0.0180689
   PP.H4.abf idx1 idx2
1: 0.5370655    1    1
[1] "ENSG00000134575.9"
[1] "ACP2"
[1] "Whole_Blood"
[1] "running liftOver"
[1] "Grabbing the all pairs data"
[1] "reading the all pairs data into R"
[1] 10080    14
[1] "Filtering on the geneID"
[1] "adding rs numbers to the QTL data"
[1] "merging the trait and eqtl data on unique ID"
[1] "Running coloc"
PP.H0.abf PP.H1.abf PP.H2.abf PP.H3.abf PP.H4.abf 
 2.77e-34  9.02e-01  1.72e-36  5.51e-03  9.26e-02 
[1] "PP abf for shared variant: 9.26%"

Variables in credible sets:

 variable variable_prob cs
        4    0.16849008  1
       23    0.16849008  1
        6    0.08816020  1
       22    0.07593351  1
       12    0.07047492  1
        3    0.06410897  1
        1    0.05952960  1
        2    0.05527908  1
       11    0.05527908  1
        5    0.05133367  1
        7    0.05133367  1
       20    0.02639908  1
       19    0.02278022  1

Credible sets summary:

 cs cs_log10bf cs_avg_r2 cs_min_r2                        variable
  1   36.72749 0.9821708 0.9533355 1,2,3,4,5,6,7,11,12,19,20,22,23

Variables in credible sets:

 variable variable_prob cs
        8    0.12779745  1
       16    0.12779745  1
       13    0.10167988  1
       17    0.10167988  1
       10    0.10158136  1
       15    0.10132604  1
       18    0.07316274  1
        6    0.01939063  1
        7    0.01844420  1
        4    0.01814813  1
        1    0.01810621  1
        3    0.01810621  1
        5    0.01810621  1
       12    0.01810621  1
       22    0.01708313  1
        2    0.01702802  1
       11    0.01702802  1
       14    0.01664980  1
       23    0.01419296  1
        9    0.01364637  1

Credible sets summary:

 cs cs_log10bf cs_avg_r2 cs_min_r2
  1  0.4483799 0.9273211 0.8109093
                                           variable
 1,2,3,4,5,6,7,8,9,10,11,12,13,14,15,16,17,18,22,23
PP.H0.abf PP.H1.abf PP.H2.abf PP.H3.abf PP.H4.abf 
 7.65e-35  9.39e-01  4.94e-37  5.96e-03  5.48e-02 
[1] "PP abf for shared variant: 5.48%"
   nsnps       hit1       hit2    PP.H0.abf PP.H1.abf    PP.H2.abf   PP.H3.abf
1:    23 rs10838702 rs11606287 7.647891e-35 0.9392043 4.939118e-37 0.005955836
    PP.H4.abf idx1 idx2
1: 0.05483987    1    1
[1] "ENSG00000149177.12"
[1] "PTPRJ"
[1] "Whole_Blood"
[1] "running liftOver"
[1] "Grabbing the all pairs data"
[1] "reading the all pairs data into R"
[1] 10080    14
[1] "Filtering on the geneID"
[1] "adding rs numbers to the QTL data"
[1] "merging the trait and eqtl data on unique ID"
[1] "Running coloc"
PP.H0.abf PP.H1.abf PP.H2.abf PP.H3.abf PP.H4.abf 
 2.96e-34  9.64e-01  2.59e-37  8.08e-04  3.48e-02 
[1] "PP abf for shared variant: 3.48%"

Variables in credible sets:

 variable variable_prob cs
        4    0.16849008  1
       23    0.16849008  1
        6    0.08816020  1
       22    0.07593351  1
       12    0.07047492  1
        3    0.06410897  1
        1    0.05952960  1
        2    0.05527908  1
       11    0.05527908  1
        5    0.05133367  1
        7    0.05133367  1
       20    0.02639908  1
       19    0.02278022  1

Credible sets summary:

 cs cs_log10bf cs_avg_r2 cs_min_r2                        variable
  1   36.72749 0.9821708 0.9533355 1,2,3,4,5,6,7,11,12,19,20,22,23

Variables in credible sets:

[1] variable      variable_prob cs           
<0 rows> (or 0-length row.names)

Credible sets summary:

data frame with 0 columns and 0 rows
NULL
[1] "ENSG00000149187.17"
[1] "CELF1"
[1] "Whole_Blood"
[1] "running liftOver"
[1] "Grabbing the all pairs data"
[1] "reading the all pairs data into R"
[1] 10080    14
[1] "Filtering on the geneID"
[1] "adding rs numbers to the QTL data"
[1] "merging the trait and eqtl data on unique ID"
[1] "Running coloc"
PP.H0.abf PP.H1.abf PP.H2.abf PP.H3.abf PP.H4.abf 
 1.50e-35  4.89e-02  6.86e-36  2.14e-02  9.30e-01 
[1] "PP abf for shared variant: 93%"

Variables in credible sets:

 variable variable_prob cs
        4    0.16849008  1
       23    0.16849008  1
        6    0.08816020  1
       22    0.07593351  1
       12    0.07047492  1
        3    0.06410897  1
        1    0.05952960  1
        2    0.05527908  1
       11    0.05527908  1
        5    0.05133367  1
        7    0.05133367  1
       20    0.02639908  1
       19    0.02278022  1

Credible sets summary:

 cs cs_log10bf cs_avg_r2 cs_min_r2                        variable
  1   36.72749 0.9821708 0.9533355 1,2,3,4,5,6,7,11,12,19,20,22,23

Variables in credible sets:

 variable variable_prob cs
        4    0.18612677  1
       18    0.11826498  1
       13    0.09099728  1
       17    0.09099728  1
       10    0.08651479  1
        8    0.08369738  1
       16    0.08369738  1
       15    0.04991735  1
        2    0.01675771  1
       11    0.01675771  1
       22    0.01520766  1
       23    0.01449626  1
        1    0.01442609  1
        3    0.01442609  1
        5    0.01442609  1
       12    0.01442609  1
        7    0.01402073  1
        9    0.01361766  1
       19    0.01361766  1

Credible sets summary:

 cs cs_log10bf cs_avg_r2 cs_min_r2
  1   2.443942 0.9258654  0.812677
                                         variable
 1,2,3,4,5,7,8,9,10,11,12,13,15,16,17,18,19,22,23
PP.H0.abf PP.H1.abf PP.H2.abf PP.H3.abf PP.H4.abf 
 5.16e-36  6.34e-02  3.30e-36  3.87e-02  8.98e-01 
[1] "PP abf for shared variant: 89.8%"
   nsnps       hit1       hit2    PP.H0.abf  PP.H1.abf    PP.H2.abf PP.H3.abf
1:    23 rs10838702 rs10838702 5.163375e-36 0.06340917 3.300679e-36 0.0387385
   PP.H4.abf idx1 idx2
1: 0.8978523    1    1
[1] "ENSG00000172247.3"
[1] "C1QTNF4"
[1] "Whole_Blood"
[1] "running liftOver"
[1] "Grabbing the all pairs data"
[1] "reading the all pairs data into R"
[1] 10080    14
[1] "Filtering on the geneID"
[1] "adding rs numbers to the QTL data"
[1] "merging the trait and eqtl data on unique ID"
[1] "Running coloc"
PP.H0.abf PP.H1.abf PP.H2.abf PP.H3.abf PP.H4.abf 
 2.57e-35  8.36e-02  5.97e-36  1.85e-02  8.98e-01 
[1] "PP abf for shared variant: 89.8%"

Variables in credible sets:

 variable variable_prob cs
        4    0.16849008  1
       23    0.16849008  1
        6    0.08816020  1
       22    0.07593351  1
       12    0.07047492  1
        3    0.06410897  1
        1    0.05952960  1
        2    0.05527908  1
       11    0.05527908  1
        5    0.05133367  1
        7    0.05133367  1
       20    0.02639908  1
       19    0.02278022  1

Credible sets summary:

 cs cs_log10bf cs_avg_r2 cs_min_r2                        variable
  1   36.72749 0.9821708 0.9533355 1,2,3,4,5,6,7,11,12,19,20,22,23

Variables in credible sets:

 variable variable_prob cs
        4    0.12724461  1
       10    0.05946029  1
       18    0.05799878  1
       15    0.05385559  1
       14    0.04961846  1
        8    0.04830713  1
       16    0.04830713  1
       23    0.04799399  1
       13    0.04549497  1
       17    0.04549497  1
       22    0.04010849  1
        9    0.03571516  1
       19    0.03571516  1
       20    0.03571516  1
       21    0.03571516  1
        6    0.03387067  1
        7    0.03027001  1
        2    0.02858731  1
       11    0.02858731  1
        1    0.02798491  1
        3    0.02798491  1
        5    0.02798491  1

Credible sets summary:

 cs cs_log10bf cs_avg_r2 cs_min_r2
  1   2.091525  0.928935 0.8109093
                                                 variable
 1,2,3,4,5,6,7,8,9,10,11,13,14,15,16,17,18,19,20,21,22,23
PP.H0.abf PP.H1.abf PP.H2.abf PP.H3.abf PP.H4.abf 
 9.62e-36  1.18e-01  2.73e-36  3.19e-02  8.50e-01 
[1] "PP abf for shared variant: 85%"
   nsnps       hit1       hit2    PP.H0.abf PP.H1.abf    PP.H2.abf  PP.H3.abf
1:    23 rs10838702 rs10838702 9.621949e-36  0.118163 2.732223e-36 0.03185327
   PP.H4.abf idx1 idx2
1: 0.8499837    1    1
[1] "ENSG00000110514.19"
[1] "MADD"
[1] "Skin_Sun_Exposed_Lower_leg"
[1] "running liftOver"
[1] "Grabbing the all pairs data"
[1] "reading the all pairs data into R"
[1] 11940    14
[1] "Filtering on the geneID"
[1] "adding rs numbers to the QTL data"
[1] "merging the trait and eqtl data on unique ID"
[1] "Running coloc"
PP.H0.abf PP.H1.abf PP.H2.abf PP.H3.abf PP.H4.abf 
 1.05e-34  3.39e-01  3.86e-36  1.19e-02  6.49e-01 
[1] "PP abf for shared variant: 64.9%"

Variables in credible sets:

 variable variable_prob cs
        4    0.16849008  1
       23    0.16849008  1
        6    0.08816020  1
       22    0.07593351  1
       12    0.07047492  1
        3    0.06410897  1
        1    0.05952960  1
        2    0.05527908  1
       11    0.05527908  1
        5    0.05133367  1
        7    0.05133367  1
       20    0.02639908  1
       19    0.02278022  1

Credible sets summary:

 cs cs_log10bf cs_avg_r2 cs_min_r2                        variable
  1   36.72749 0.9821708 0.9533355 1,2,3,4,5,6,7,11,12,19,20,22,23

Variables in credible sets:

 variable variable_prob cs
        1    0.07075721  1
        2    0.06853492  1
        6    0.06711049  1
       22    0.06525256  1
        9    0.06522680  1
       20    0.06522680  1
       21    0.06522680  1
        3    0.06452125  1
        5    0.06452125  1
       11    0.06452125  1
       12    0.06452125  1
        7    0.06422564  1
       19    0.06003507  1
       23    0.05013471  1
       14    0.04886345  1
        4    0.01804804  1

Credible sets summary:

 cs cs_log10bf cs_avg_r2 cs_min_r2                                variable
  1    1.19429 0.9825912 0.9456998 1,2,3,4,5,6,7,9,11,12,14,19,20,21,22,23
PP.H0.abf PP.H1.abf PP.H2.abf PP.H3.abf PP.H4.abf 
 4.05e-35  4.97e-01  1.46e-36  1.69e-02  4.86e-01 
[1] "PP abf for shared variant: 48.6%"
   nsnps       hit1       hit2    PP.H0.abf PP.H1.abf    PP.H2.abf PP.H3.abf
1:    23 rs10838702 rs10742802 4.050836e-35 0.4974656 1.457345e-36 0.0169258
   PP.H4.abf idx1 idx2
1: 0.4856086    1    1
[1] "ENSG00000134574.11"
[1] "DDB2"
[1] "Skin_Sun_Exposed_Lower_leg"
[1] "running liftOver"
[1] "Grabbing the all pairs data"
[1] "reading the all pairs data into R"
[1] 11940    14
[1] "Filtering on the geneID"
[1] "adding rs numbers to the QTL data"
[1] "merging the trait and eqtl data on unique ID"
[1] "Running coloc"
PP.H0.abf PP.H1.abf PP.H2.abf PP.H3.abf PP.H4.abf 
 2.03e-35  6.58e-02  5.51e-36  1.69e-02  9.17e-01 
[1] "PP abf for shared variant: 91.7%"

Variables in credible sets:

 variable variable_prob cs
        4    0.16849008  1
       23    0.16849008  1
        6    0.08816020  1
       22    0.07593351  1
       12    0.07047492  1
        3    0.06410897  1
        1    0.05952960  1
        2    0.05527908  1
       11    0.05527908  1
        5    0.05133367  1
        7    0.05133367  1
       20    0.02639908  1
       19    0.02278022  1

Credible sets summary:

 cs cs_log10bf cs_avg_r2 cs_min_r2                        variable
  1   36.72749 0.9821708 0.9533355 1,2,3,4,5,6,7,11,12,19,20,22,23

Variables in credible sets:

 variable variable_prob cs
       23    0.09525880  1
       19    0.08677922  1
        9    0.07356604  1
       20    0.07356604  1
       21    0.07356604  1
        3    0.06304606  1
        5    0.06304606  1
       11    0.06304606  1
       12    0.06304606  1
        6    0.06039756  1
        2    0.05492855  1
        7    0.05339381  1
        1    0.04730261  1
       22    0.03810320  1
       14    0.03714499  1
        4    0.01230348  1

Credible sets summary:

 cs cs_log10bf cs_avg_r2 cs_min_r2                                variable
  1   2.159315 0.9825912 0.9456998 1,2,3,4,5,6,7,9,11,12,14,19,20,21,22,23
PP.H0.abf PP.H1.abf PP.H2.abf PP.H3.abf PP.H4.abf 
 7.66e-36  9.41e-02  2.54e-36  2.95e-02  8.76e-01 
[1] "PP abf for shared variant: 87.6%"
   nsnps       hit1     hit2    PP.H0.abf  PP.H1.abf    PP.H2.abf  PP.H3.abf
1:    23 rs10838702 rs896817 7.658637e-36 0.09405239 2.542113e-36 0.02946562
   PP.H4.abf idx1 idx2
1:  0.876482    1    1
[1] "ENSG00000165912.15"
[1] "PACSIN3"
[1] "Skin_Sun_Exposed_Lower_leg"
[1] "running liftOver"
[1] "Grabbing the all pairs data"
[1] "reading the all pairs data into R"
[1] 11940    14
[1] "Filtering on the geneID"
[1] "adding rs numbers to the QTL data"
[1] "merging the trait and eqtl data on unique ID"
[1] "Running coloc"
PP.H0.abf PP.H1.abf PP.H2.abf PP.H3.abf PP.H4.abf 
 2.59e-34  8.39e-01  1.14e-36  3.52e-03  1.57e-01 
[1] "PP abf for shared variant: 15.7%"

Variables in credible sets:

 variable variable_prob cs
        4    0.16849008  1
       23    0.16849008  1
        6    0.08816020  1
       22    0.07593351  1
       12    0.07047492  1
        3    0.06410897  1
        1    0.05952960  1
        2    0.05527908  1
       11    0.05527908  1
        5    0.05133367  1
        7    0.05133367  1
       20    0.02639908  1
       19    0.02278022  1

Credible sets summary:

 cs cs_log10bf cs_avg_r2 cs_min_r2                        variable
  1   36.72749 0.9821708 0.9533355 1,2,3,4,5,6,7,11,12,19,20,22,23

Variables in credible sets:

 variable variable_prob cs
       16    0.06003589  1
       13    0.05659185  1
       17    0.05659185  1
        8    0.05482098  1
       10    0.05389223  1
        4    0.05143632  1
       23    0.05134084  1
        7    0.04520836  1
        6    0.04492375  1
        1    0.04459624  1
       22    0.04359006  1
        3    0.04346625  1
        5    0.04346625  1
       11    0.04346625  1
       12    0.04346625  1
       18    0.04078701  1
        2    0.04016772  1
       15    0.03283681  1
       19    0.03274224  1
        9    0.03097679  1
       20    0.03097679  1
       21    0.03097679  1

Credible sets summary:

 cs cs_log10bf cs_avg_r2 cs_min_r2
  1  0.3021886 0.9299165  0.812677
                                                 variable
 1,2,3,4,5,6,7,8,9,10,11,12,13,15,16,17,18,19,20,21,22,23
PP.H0.abf PP.H1.abf PP.H2.abf PP.H3.abf PP.H4.abf 
 7.34e-35  9.02e-01  3.39e-37  3.97e-03  9.43e-02 
[1] "PP abf for shared variant: 9.43%"
   nsnps       hit1       hit2    PP.H0.abf PP.H1.abf    PP.H2.abf   PP.H3.abf
1:    23 rs10838702 rs35032070 7.342585e-35  0.901711 3.386612e-37 0.003970313
    PP.H4.abf idx1 idx2
1: 0.09431869    1    1
[1] "ENSG00000165915.13"
[1] "SLC39A13"
[1] "Skin_Sun_Exposed_Lower_leg"
[1] "running liftOver"
[1] "Grabbing the all pairs data"
[1] "reading the all pairs data into R"
[1] 11940    14
[1] "Filtering on the geneID"
[1] "adding rs numbers to the QTL data"
[1] "merging the trait and eqtl data on unique ID"
[1] "Running coloc"
PP.H0.abf PP.H1.abf PP.H2.abf PP.H3.abf PP.H4.abf 
 5.32e-35  1.72e-01  5.16e-36  1.59e-02  8.12e-01 
[1] "PP abf for shared variant: 81.2%"

Variables in credible sets:

 variable variable_prob cs
        4    0.16849008  1
       23    0.16849008  1
        6    0.08816020  1
       22    0.07593351  1
       12    0.07047492  1
        3    0.06410897  1
        1    0.05952960  1
        2    0.05527908  1
       11    0.05527908  1
        5    0.05133367  1
        7    0.05133367  1
       20    0.02639908  1
       19    0.02278022  1

Credible sets summary:

 cs cs_log10bf cs_avg_r2 cs_min_r2                        variable
  1   36.72749 0.9821708 0.9533355 1,2,3,4,5,6,7,11,12,19,20,22,23

Variables in credible sets:

 variable variable_prob cs
       23    0.22765294  1
       10    0.06964087  1
       13    0.06641551  1
       17    0.06641551  1
       15    0.06519108  1
        3    0.04351468  1
        5    0.04351468  1
       11    0.04351468  1
       12    0.04351468  1
        1    0.03584055  1
        7    0.03467308  1
        6    0.03420736  1
        2    0.03398812  1
       22    0.03363319  1
       18    0.03286002  1
        8    0.02035939  1
       14    0.02003833  1
       16    0.01771142  1
       19    0.01701331  1
        9    0.01510571  1

Credible sets summary:

 cs cs_log10bf cs_avg_r2 cs_min_r2
  1   1.664563 0.9270604 0.8109093
                                            variable
 1,2,3,5,6,7,8,9,10,11,12,13,14,15,16,17,18,19,22,23
PP.H0.abf PP.H1.abf PP.H2.abf PP.H3.abf PP.H4.abf 
 1.83e-35  2.25e-01  1.95e-36  2.24e-02  7.52e-01 
[1] "PP abf for shared variant: 75.2%"
   nsnps       hit1     hit2    PP.H0.abf PP.H1.abf   PP.H2.abf  PP.H3.abf
1:    23 rs10838702 rs896817 1.833723e-35 0.2251916 1.94816e-36 0.02241973
   PP.H4.abf idx1 idx2
1: 0.7523887    1    1
[1] "ENSG00000172247.3"
[1] "C1QTNF4"
[1] "Skin_Sun_Exposed_Lower_leg"
[1] "running liftOver"
[1] "Grabbing the all pairs data"
[1] "reading the all pairs data into R"
[1] 11940    14
[1] "Filtering on the geneID"
[1] "adding rs numbers to the QTL data"
[1] "merging the trait and eqtl data on unique ID"
[1] "Running coloc"
PP.H0.abf PP.H1.abf PP.H2.abf PP.H3.abf PP.H4.abf 
 1.23e-38  3.99e-05  2.50e-35  7.99e-02  9.20e-01 
[1] "PP abf for shared variant: 92%"

Variables in credible sets:

 variable variable_prob cs
        4    0.16849008  1
       23    0.16849008  1
        6    0.08816020  1
       22    0.07593351  1
       12    0.07047492  1
        3    0.06410897  1
        1    0.05952960  1
        2    0.05527908  1
       11    0.05527908  1
        5    0.05133367  1
        7    0.05133367  1
       20    0.02639908  1
       19    0.02278022  1

Credible sets summary:

 cs cs_log10bf cs_avg_r2 cs_min_r2                        variable
  1   36.72749 0.9821708 0.9533355 1,2,3,4,5,6,7,11,12,19,20,22,23

Variables in credible sets:

 variable variable_prob cs
       10   0.209718345  1
       18   0.209687083  1
       16   0.161790051  1
       15   0.127918502  1
        8   0.094144989  1
       13   0.056660232  1
       17   0.056660232  1
        4   0.010922005  1
       22   0.009609647  1
       19   0.006652423  1
       14   0.005908912  1
        9   0.005527462  1

Credible sets summary:

 cs cs_log10bf cs_avg_r2 cs_min_r2                         variable
  1   6.900013 0.9158289 0.8109093 4,8,9,10,13,14,15,16,17,18,19,22
PP.H0.abf PP.H1.abf PP.H2.abf PP.H3.abf PP.H4.abf 
 1.02e-39  1.26e-05  1.87e-35  2.28e-01  7.72e-01 
[1] "PP abf for shared variant: 77.2%"
   nsnps       hit1       hit2    PP.H0.abf    PP.H1.abf    PP.H2.abf PP.H3.abf
1:    23 rs10838702 rs12801188 1.024125e-39 1.257683e-05 1.871087e-35 0.2282365
   PP.H4.abf idx1 idx2
1: 0.7717509    1    1
[1] "ENSG00000110514.19"
[1] "MADD"
[1] "Artery_Tibial"
[1] "running liftOver"
[1] "Grabbing the all pairs data"
[1] "reading the all pairs data into R"
[1] 11940    14
[1] "Filtering on the geneID"
[1] "adding rs numbers to the QTL data"
[1] "merging the trait and eqtl data on unique ID"
[1] "Running coloc"
PP.H0.abf PP.H1.abf PP.H2.abf PP.H3.abf PP.H4.abf 
 6.30e-35  2.05e-01  1.67e-35  5.35e-02  7.42e-01 
[1] "PP abf for shared variant: 74.2%"

Variables in credible sets:

 variable variable_prob cs
        4    0.16849008  1
       23    0.16849008  1
        6    0.08816020  1
       22    0.07593351  1
       12    0.07047492  1
        3    0.06410897  1
        1    0.05952960  1
        2    0.05527908  1
       11    0.05527908  1
        5    0.05133367  1
        7    0.05133367  1
       20    0.02639908  1
       19    0.02278022  1

Credible sets summary:

 cs cs_log10bf cs_avg_r2 cs_min_r2                        variable
  1   36.72749 0.9821708 0.9533355 1,2,3,4,5,6,7,11,12,19,20,22,23

Variables in credible sets:

 variable variable_prob cs
        8    0.19841148  1
       16    0.19841148  1
       10    0.09970965  1
       15    0.09367352  1
       13    0.08734404  1
       17    0.08734404  1
       18    0.04821368  1
        9    0.01886115  1
       20    0.01886115  1
       21    0.01886115  1
       19    0.01827381  1
        7    0.01211647  1
       11    0.01176919  1
       14    0.01143852  1
        6    0.01113651  1
        2    0.01078056  1
        4    0.01076261  1

Credible sets summary:

 cs cs_log10bf cs_avg_r2 cs_min_r2                                     variable
  1   2.219216 0.9218562 0.8109093 2,4,6,7,8,9,10,11,13,14,15,16,17,18,19,20,21
PP.H0.abf PP.H1.abf PP.H2.abf PP.H3.abf PP.H4.abf 
 2.33e-35  2.87e-01  8.89e-36  1.08e-01  6.05e-01 
[1] "PP abf for shared variant: 60.5%"
   nsnps       hit1       hit2    PP.H0.abf PP.H1.abf    PP.H2.abf PP.H3.abf
1:    23 rs10838702 rs11606287 2.333954e-35 0.2866227 8.892752e-36 0.1079973
   PP.H4.abf idx1 idx2
1:   0.60538    1    1
[1] "ENSG00000165915.13"
[1] "SLC39A13"
[1] "Artery_Tibial"
[1] "running liftOver"
[1] "Grabbing the all pairs data"
[1] "reading the all pairs data into R"
[1] 11940    14
[1] "Filtering on the geneID"
[1] "adding rs numbers to the QTL data"
[1] "merging the trait and eqtl data on unique ID"
[1] "Running coloc"
PP.H0.abf PP.H1.abf PP.H2.abf PP.H3.abf PP.H4.abf 
 4.71e-35  1.53e-01  5.28e-36  1.63e-02  8.31e-01 
[1] "PP abf for shared variant: 83.1%"

Variables in credible sets:

 variable variable_prob cs
        4    0.16849008  1
       23    0.16849008  1
        6    0.08816020  1
       22    0.07593351  1
       12    0.07047492  1
        3    0.06410897  1
        1    0.05952960  1
        2    0.05527908  1
       11    0.05527908  1
        5    0.05133367  1
        7    0.05133367  1
       20    0.02639908  1
       19    0.02278022  1

Credible sets summary:

 cs cs_log10bf cs_avg_r2 cs_min_r2                        variable
  1   36.72749 0.9821708 0.9533355 1,2,3,4,5,6,7,11,12,19,20,22,23

Variables in credible sets:

 variable variable_prob cs
       23    0.10012965  1
       14    0.06237088  1
       22    0.06227265  1
        7    0.06219700  1
        6    0.06106426  1
        1    0.05626721  1
       11    0.05245164  1
        9    0.04547096  1
       20    0.04547096  1
       21    0.04547096  1
        3    0.04455272  1
        5    0.04455272  1
       12    0.04455272  1
       19    0.04310058  1
        2    0.04292396  1
       15    0.03106162  1
       13    0.02906812  1
       17    0.02906812  1
       10    0.02118051  1
        8    0.02020783  1
       16    0.02020783  1

Credible sets summary:

 cs cs_log10bf cs_avg_r2 cs_min_r2
  1   1.750871 0.9372785 0.8361127
                                               variable
 1,2,3,5,6,7,8,9,10,11,12,13,14,15,16,17,19,20,21,22,23
PP.H0.abf PP.H1.abf PP.H2.abf PP.H3.abf PP.H4.abf 
 1.75e-35  2.15e-01  2.27e-36  2.63e-02  7.59e-01 
[1] "PP abf for shared variant: 75.9%"
   nsnps       hit1     hit2    PP.H0.abf PP.H1.abf    PP.H2.abf  PP.H3.abf
1:    23 rs10838702 rs896817 1.750336e-35 0.2149512 2.268402e-36 0.02633985
   PP.H4.abf idx1 idx2
1:  0.758709    1    1
[1] "ENSG00000025434.18"
[1] "NR1H3"
[1] "Adipose_Subcutaneous"
[1] "running liftOver"
[1] "Grabbing the all pairs data"
[1] "reading the all pairs data into R"
[1] 12250    14
[1] "Filtering on the geneID"
[1] "adding rs numbers to the QTL data"
[1] "merging the trait and eqtl data on unique ID"
[1] "Running coloc"
PP.H0.abf PP.H1.abf PP.H2.abf PP.H3.abf PP.H4.abf 
 2.31e-34  7.48e-01  2.07e-36  6.47e-03  2.46e-01 
[1] "PP abf for shared variant: 24.6%"

Variables in credible sets:

 variable variable_prob cs
        4    0.16849008  1
       23    0.16849008  1
        6    0.08816020  1
       22    0.07593351  1
       12    0.07047492  1
        3    0.06410897  1
        1    0.05952960  1
        2    0.05527908  1
       11    0.05527908  1
        5    0.05133367  1
        7    0.05133367  1
       20    0.02639908  1
       19    0.02278022  1

Credible sets summary:

 cs cs_log10bf cs_avg_r2 cs_min_r2                        variable
  1   36.72749 0.9821708 0.9533355 1,2,3,4,5,6,7,11,12,19,20,22,23

Variables in credible sets:

 variable variable_prob cs
       18    0.08839426  1
       16    0.07447397  1
        8    0.05968834  1
        4    0.04917304  1
       15    0.04588538  1
        9    0.04521456  1
       20    0.04521456  1
       21    0.04521456  1
       19    0.04237591  1
        6    0.04038488  1
        7    0.04038488  1
       13    0.03932552  1
       17    0.03932552  1
       14    0.03754244  1
       22    0.03630076  1
        2    0.03587906  1
        3    0.03561513  1
        5    0.03561513  1
       11    0.03561513  1
       12    0.03561513  1
       10    0.03339892  1
        1    0.03059350  1

Credible sets summary:

 cs cs_log10bf cs_avg_r2 cs_min_r2
  1  0.5941148  0.930505 0.8109093
                                                 variable
 1,2,3,4,5,6,7,8,9,10,11,12,13,14,15,16,17,18,19,20,21,22
PP.H0.abf PP.H1.abf PP.H2.abf PP.H3.abf PP.H4.abf 
 6.90e-35  8.47e-01  6.23e-37  7.36e-03  1.45e-01 
[1] "PP abf for shared variant: 14.5%"
   nsnps       hit1      hit2   PP.H0.abf PP.H1.abf   PP.H2.abf   PP.H3.abf
1:    23 rs10838702 rs3824869 6.89879e-35 0.8472105 6.23183e-37 0.007362185
   PP.H4.abf idx1 idx2
1: 0.1454273    1    1
[1] "ENSG00000172247.3"
[1] "C1QTNF4"
[1] "Adipose_Subcutaneous"
[1] "running liftOver"
[1] "Grabbing the all pairs data"
[1] "reading the all pairs data into R"
[1] 12250    14
[1] "Filtering on the geneID"
[1] "adding rs numbers to the QTL data"
[1] "merging the trait and eqtl data on unique ID"
[1] "Running coloc"
PP.H0.abf PP.H1.abf PP.H2.abf PP.H3.abf PP.H4.abf 
 3.15e-39  1.02e-05  4.52e-36  1.37e-02  9.86e-01 
[1] "PP abf for shared variant: 98.6%"

Variables in credible sets:

 variable variable_prob cs
        4    0.16849008  1
       23    0.16849008  1
        6    0.08816020  1
       22    0.07593351  1
       12    0.07047492  1
        3    0.06410897  1
        1    0.05952960  1
        2    0.05527908  1
       11    0.05527908  1
        5    0.05133367  1
        7    0.05133367  1
       20    0.02639908  1
       19    0.02278022  1

Credible sets summary:

 cs cs_log10bf cs_avg_r2 cs_min_r2                        variable
  1   36.72749 0.9821708 0.9533355 1,2,3,4,5,6,7,11,12,19,20,22,23

Variables in credible sets:

 variable variable_prob cs
        4    0.22373208  1
       23    0.12188839  1
       19    0.07671206  1
        9    0.07645878  1
       20    0.07645878  1
       21    0.07645878  1
        3    0.03686296  1
        5    0.03686296  1
       11    0.03686296  1
       12    0.03686296  1
        2    0.03619204  1
        6    0.02849597  1
        7    0.02849597  1
       22    0.02626595  1
       14    0.02546110  1
        1    0.02533211  1

Credible sets summary:

 cs cs_log10bf cs_avg_r2 cs_min_r2                                variable
  1   6.666949 0.9825912 0.9456998 1,2,3,4,5,6,7,9,11,12,14,19,20,21,22,23
PP.H0.abf PP.H1.abf PP.H2.abf PP.H3.abf PP.H4.abf 
 1.81e-40  2.22e-06  1.93e-36  2.18e-02  9.78e-01 
[1] "PP abf for shared variant: 97.8%"
   nsnps       hit1       hit2    PP.H0.abf    PP.H1.abf   PP.H2.abf  PP.H3.abf
1:    23 rs10838702 rs10838702 1.809287e-40 2.221907e-06 1.93279e-36 0.02177932
   PP.H4.abf idx1 idx2
1: 0.9782185    1    1
[1] "ENSG00000165915.13"
[1] "SLC39A13"
[1] "Thyroid"
[1] "running liftOver"
[1] "Grabbing the all pairs data"
[1] "reading the all pairs data into R"
[1] 12560    14
[1] "Filtering on the geneID"
[1] "adding rs numbers to the QTL data"
[1] "merging the trait and eqtl data on unique ID"
[1] "Running coloc"
PP.H0.abf PP.H1.abf PP.H2.abf PP.H3.abf PP.H4.abf 
 1.76e-35  5.70e-02  5.29e-36  1.62e-02  9.27e-01 
[1] "PP abf for shared variant: 92.7%"

Variables in credible sets:

 variable variable_prob cs
        4    0.16849008  1
       23    0.16849008  1
        6    0.08816020  1
       22    0.07593351  1
       12    0.07047492  1
        3    0.06410897  1
        1    0.05952960  1
        2    0.05527908  1
       11    0.05527908  1
        5    0.05133367  1
        7    0.05133367  1
       20    0.02639908  1
       19    0.02278022  1

Credible sets summary:

 cs cs_log10bf cs_avg_r2 cs_min_r2                        variable
  1   36.72749 0.9821708 0.9533355 1,2,3,4,5,6,7,11,12,19,20,22,23

Variables in credible sets:

 variable variable_prob cs
       23    0.08857938  1
        3    0.06975544  1
        5    0.06975544  1
       12    0.06975544  1
       11    0.05655996  1
        6    0.05642715  1
        2    0.05597452  1
        1    0.05556647  1
        7    0.05556647  1
       19    0.05514305  1
        9    0.05182342  1
       21    0.05182342  1
       20    0.05058218  1
       22    0.04874588  1
        4    0.03934471  1
       14    0.03770919  1
       18    0.01631233  1
       15    0.01535376  1
       13    0.01311835  1

Credible sets summary:

 cs cs_log10bf cs_avg_r2 cs_min_r2
  1   2.214558 0.9447017 0.8109093
                                         variable
 1,2,3,4,5,6,7,9,11,12,13,14,15,18,19,20,21,22,23
PP.H0.abf PP.H1.abf PP.H2.abf PP.H3.abf PP.H4.abf 
 6.45e-36  7.92e-02  2.43e-36  2.81e-02  8.93e-01 
[1] "PP abf for shared variant: 89.3%"
   nsnps       hit1     hit2    PP.H0.abf  PP.H1.abf    PP.H2.abf  PP.H3.abf
1:    23 rs10838702 rs896817 6.448578e-36 0.07919219 2.430804e-36 0.02806616
   PP.H4.abf idx1 idx2
1: 0.8927416    1    1
[1] "ENSG00000165923.15"
[1] "AGBL2"
[1] "Thyroid"
[1] "running liftOver"
[1] "Grabbing the all pairs data"
[1] "reading the all pairs data into R"
[1] 12560    14
[1] "Filtering on the geneID"
[1] "adding rs numbers to the QTL data"
[1] "merging the trait and eqtl data on unique ID"
[1] "Running coloc"
PP.H0.abf PP.H1.abf PP.H2.abf PP.H3.abf PP.H4.abf 
 2.34e-34  7.55e-01  1.64e-36  5.05e-03  2.40e-01 
[1] "PP abf for shared variant: 24%"

Variables in credible sets:

 variable variable_prob cs
        4    0.16849008  1
       23    0.16849008  1
        6    0.08816020  1
       22    0.07593351  1
       12    0.07047492  1
        3    0.06410897  1
        1    0.05952960  1
        2    0.05527908  1
       11    0.05527908  1
        5    0.05133367  1
        7    0.05133367  1
       20    0.02639908  1
       19    0.02278022  1

Credible sets summary:

 cs cs_log10bf cs_avg_r2 cs_min_r2                        variable
  1   36.72749 0.9821708 0.9533355 1,2,3,4,5,6,7,11,12,19,20,22,23

Variables in credible sets:

 variable variable_prob cs
       20    0.07275481  1
        9    0.07152904  1
       21    0.07152904  1
       19    0.06862737  1
       14    0.06750354  1
        6    0.05611529  1
        4    0.05438435  1
        1    0.05242715  1
        7    0.05242715  1
        3    0.04428410  1
        5    0.04428410  1
       12    0.04428410  1
        2    0.04099525  1
       11    0.03905247  1
       22    0.03903348  1
       23    0.02949776  1
       10    0.02858838  1
        8    0.02492616  1
       16    0.02445404  1
       15    0.02074795  1
       13    0.01925375  1

Credible sets summary:

 cs cs_log10bf cs_avg_r2 cs_min_r2
  1   0.484776 0.9412253 0.8361127
                                              variable
 1,2,3,4,5,6,7,8,9,10,11,12,13,14,15,16,19,20,21,22,23
PP.H0.abf PP.H1.abf PP.H2.abf PP.H3.abf PP.H4.abf 
 6.96e-35  8.55e-01  4.89e-37  5.72e-03  1.39e-01 
[1] "PP abf for shared variant: 13.9%"
   nsnps       hit1      hit2    PP.H0.abf PP.H1.abf    PP.H2.abf   PP.H3.abf
1:    23 rs10838702 rs7103648 6.961327e-35 0.8548904 4.888728e-37 0.005724865
   PP.H4.abf idx1 idx2
1: 0.1393848    1    1
[1] "ENSG00000149187.17"
[1] "CELF1"
[1] "Nerve_Tibial"
[1] "running liftOver"
[1] "Grabbing the all pairs data"
[1] "reading the all pairs data into R"
[1] 12250    14
[1] "Filtering on the geneID"
[1] "adding rs numbers to the QTL data"
[1] "merging the trait and eqtl data on unique ID"
[1] "Running coloc"
PP.H0.abf PP.H1.abf PP.H2.abf PP.H3.abf PP.H4.abf 
 3.40e-37  1.10e-03  1.22e-35  3.84e-02  9.60e-01 
[1] "PP abf for shared variant: 96%"

Variables in credible sets:

 variable variable_prob cs
        4    0.16849008  1
       23    0.16849008  1
        6    0.08816020  1
       22    0.07593351  1
       12    0.07047492  1
        3    0.06410897  1
        1    0.05952960  1
        2    0.05527908  1
       11    0.05527908  1
        5    0.05133367  1
        7    0.05133367  1
       20    0.02639908  1
       19    0.02278022  1

Credible sets summary:

 cs cs_log10bf cs_avg_r2 cs_min_r2                        variable
  1   36.72749 0.9821708 0.9533355 1,2,3,4,5,6,7,11,12,19,20,22,23

Variables in credible sets:

 variable variable_prob cs
       10    0.16001610  1
       13    0.13938188  1
       17    0.13938188  1
       18    0.11442989  1
       15    0.09921109  1
        8    0.06743411  1
       16    0.03168864  1
        4    0.02724375  1
       22    0.02223233  1
        3    0.01859722  1
        5    0.01859722  1
       12    0.01859722  1
       11    0.01849165  1
        6    0.01834590  1
        1    0.01645096  1
        7    0.01617288  1
       23    0.01387091  1
        2    0.01245192  1

Credible sets summary:

 cs cs_log10bf cs_avg_r2 cs_min_r2
  1    4.79862 0.9254311 0.8171762
                                      variable
 1,2,3,4,5,6,7,8,10,11,12,13,15,16,17,18,22,23
PP.H0.abf PP.H1.abf PP.H2.abf PP.H3.abf PP.H4.abf 
 5.30e-38  6.50e-04  7.66e-36  9.23e-02  9.07e-01 
[1] "PP abf for shared variant: 90.7%"
   nsnps       hit1       hit2    PP.H0.abf    PP.H1.abf    PP.H2.abf
1:    23 rs10838702 rs12801188 5.296562e-38 0.0006504477 7.661993e-36
    PP.H3.abf PP.H4.abf idx1 idx2
1: 0.09227946 0.9070701    1    1
[1] "ENSG00000165917.9"
[1] "RAPSN"
[1] "Nerve_Tibial"
[1] "running liftOver"
[1] "Grabbing the all pairs data"
[1] "reading the all pairs data into R"
[1] 12250    14
[1] "Filtering on the geneID"
[1] "adding rs numbers to the QTL data"
[1] "merging the trait and eqtl data on unique ID"
[1] "Running coloc"
PP.H0.abf PP.H1.abf PP.H2.abf PP.H3.abf PP.H4.abf 
 2.14e-34  6.89e-01  2.21e-36  6.84e-03  3.04e-01 
[1] "PP abf for shared variant: 30.4%"

Variables in credible sets:

 variable variable_prob cs
        4    0.16849008  1
       23    0.16849008  1
        6    0.08816020  1
       22    0.07593351  1
       12    0.07047492  1
        3    0.06410897  1
        1    0.05952960  1
        2    0.05527908  1
       11    0.05527908  1
        5    0.05133367  1
        7    0.05133367  1
       20    0.02639908  1
       19    0.02278022  1

Credible sets summary:

 cs cs_log10bf cs_avg_r2 cs_min_r2                        variable
  1   36.72749 0.9821708 0.9533355 1,2,3,4,5,6,7,11,12,19,20,22,23

Variables in credible sets:

 variable variable_prob cs
       14    0.07674312  1
        6    0.06261596  1
        9    0.05783203  1
       20    0.05783203  1
       21    0.05783203  1
        7    0.05743481  1
        1    0.05691895  1
       19    0.05327777  1
        4    0.04848256  1
       18    0.04069733  1
       22    0.04063729  1
        3    0.03992484  1
        5    0.03992484  1
       12    0.03992484  1
       11    0.03767584  1
        8    0.03375189  1
       16    0.03252326  1
        2    0.03225121  1
       10    0.03028027  1
       15    0.02825908  1
       23    0.02511292  1
       13    0.02503356  1

Credible sets summary:

 cs cs_log10bf cs_avg_r2 cs_min_r2
  1  0.6499348 0.9327624 0.8109093
                                                 variable
 1,2,3,4,5,6,7,8,9,10,11,12,13,14,15,16,18,19,20,21,22,23
PP.H0.abf PP.H1.abf PP.H2.abf PP.H3.abf PP.H4.abf 
 6.60e-35  8.10e-01  6.78e-37  7.96e-03  1.82e-01 
[1] "PP abf for shared variant: 18.2%"
   nsnps       hit1      hit2    PP.H0.abf PP.H1.abf    PP.H2.abf   PP.H3.abf
1:    23 rs10838702 rs2293579 6.599135e-35 0.8104111 6.778751e-37 0.007961434
   PP.H4.abf idx1 idx2
1: 0.1816275    1    1
[1] "ENSEMBL ID could not be converted to HGNC Symbol"
[1] "geneSymbol will be set to the ENSEMBL ID ENSG00000255197"
[1] "ENSG00000255197.5"
[1] "ENSG00000255197"
[1] "Nerve_Tibial"
[1] "running liftOver"
[1] "Grabbing the all pairs data"
[1] "reading the all pairs data into R"
[1] 12250    14
[1] "Filtering on the geneID"
[1] "adding rs numbers to the QTL data"
[1] "merging the trait and eqtl data on unique ID"
[1] "Running coloc"
PP.H0.abf PP.H1.abf PP.H2.abf PP.H3.abf PP.H4.abf 
 1.16e-34  3.74e-01  4.33e-36  1.34e-02  6.13e-01 
[1] "PP abf for shared variant: 61.3%"

Variables in credible sets:

 variable variable_prob cs
        4    0.16849008  1
       23    0.16849008  1
        6    0.08816020  1
       22    0.07593351  1
       12    0.07047492  1
        3    0.06410897  1
        1    0.05952960  1
        2    0.05527908  1
       11    0.05527908  1
        5    0.05133367  1
        7    0.05133367  1
       20    0.02639908  1
       19    0.02278022  1

Credible sets summary:

 cs cs_log10bf cs_avg_r2 cs_min_r2                        variable
  1   36.72749 0.9821708 0.9533355 1,2,3,4,5,6,7,11,12,19,20,22,23

Variables in credible sets:

 variable variable_prob cs
       23    0.07679745  1
       13    0.05353286  1
       17    0.05353286  1
       14    0.05083967  1
        6    0.04651639  1
        7    0.04551444  1
       22    0.04354390  1
        3    0.04270500  1
        5    0.04270500  1
       12    0.04270500  1
       11    0.04259652  1
       19    0.04257838  1
       10    0.04199191  1
        9    0.04146817  1
       20    0.04146817  1
       21    0.04146817  1
        2    0.04134352  1
        1    0.03906785  1
        4    0.03872001  1
       15    0.03699360  1
       18    0.03601365  1
        8    0.03131385  1

Credible sets summary:

 cs cs_log10bf cs_avg_r2 cs_min_r2
  1   1.227714 0.9326104 0.8109093
                                                 variable
 1,2,3,4,5,6,7,8,9,10,11,12,13,14,15,17,18,19,20,21,22,23
PP.H0.abf PP.H1.abf PP.H2.abf PP.H3.abf PP.H4.abf 
 4.13e-35  5.08e-01  1.61e-36  1.88e-02  4.74e-01 
[1] "PP abf for shared variant: 47.4%"
   nsnps       hit1     hit2    PP.H0.abf PP.H1.abf    PP.H2.abf  PP.H3.abf
1:    23 rs10838702 rs896817 4.133987e-35  0.507677 1.606242e-36 0.01877847
   PP.H4.abf idx1 idx2
1: 0.4735445    1    1
[1] "ENSG00000030066.13"
[1] "NUP160"
[1] "Skin_Not_Sun_Exposed_Suprapubic"
[1] "running liftOver"
[1] "Grabbing the all pairs data"
[1] "reading the all pairs data into R"
[1] 12250    14
[1] "Filtering on the geneID"
[1] "adding rs numbers to the QTL data"
[1] "merging the trait and eqtl data on unique ID"
[1] "Running coloc"
PP.H0.abf PP.H1.abf PP.H2.abf PP.H3.abf PP.H4.abf 
 3.27e-35  1.05e-01  5.52e-36  1.68e-02  8.78e-01 
[1] "PP abf for shared variant: 87.8%"

Variables in credible sets:

 variable variable_prob cs
        4    0.16849008  1
       23    0.16849008  1
        6    0.08816020  1
       22    0.07593351  1
       12    0.07047492  1
        3    0.06410897  1
        1    0.05952960  1
        2    0.05527908  1
       11    0.05527908  1
        5    0.05133367  1
        7    0.05133367  1
       20    0.02639908  1
       19    0.02278022  1

Credible sets summary:

 cs cs_log10bf cs_avg_r2 cs_min_r2                        variable
  1   36.72749 0.9821708 0.9533355 1,2,3,4,5,6,7,11,12,19,20,22,23

Variables in credible sets:

 variable variable_prob cs
       22    0.08854670  1
        4    0.06964464  1
       23    0.06573306  1
       15    0.05396666  1
       19    0.05229973  1
        9    0.05170609  1
       20    0.05170609  1
       21    0.05170609  1
        3    0.04512997  1
        5    0.04512997  1
       11    0.04512997  1
       12    0.04512997  1
        1    0.04398676  1
        6    0.04326213  1
        7    0.04264612  1
        2    0.03580005  1
       14    0.03327461  1
       13    0.02590396  1
       17    0.02590396  1
       18    0.02404486  1
       16    0.02143465  1

Credible sets summary:

 cs cs_log10bf cs_avg_r2 cs_min_r2
  1   1.959736 0.9363893 0.8109093
                                               variable
 1,2,3,4,5,6,7,9,11,12,13,14,15,16,17,18,19,20,21,22,23
PP.H0.abf PP.H1.abf PP.H2.abf PP.H3.abf PP.H4.abf 
 1.16e-35  1.43e-01  2.44e-36  2.83e-02  8.29e-01 
[1] "PP abf for shared variant: 82.9%"
   nsnps       hit1      hit2    PP.H0.abf PP.H1.abf    PP.H2.abf  PP.H3.abf
1:    23 rs10838702 rs7947450 1.163881e-35 0.1429311 2.439902e-36 0.02830586
   PP.H4.abf idx1 idx2
1:  0.828763    1    1
[1] "ENSG00000165912.15"
[1] "PACSIN3"
[1] "Skin_Not_Sun_Exposed_Suprapubic"
[1] "running liftOver"
[1] "Grabbing the all pairs data"
[1] "reading the all pairs data into R"
[1] 12250    14
[1] "Filtering on the geneID"
[1] "adding rs numbers to the QTL data"
[1] "merging the trait and eqtl data on unique ID"
[1] "Running coloc"
PP.H0.abf PP.H1.abf PP.H2.abf PP.H3.abf PP.H4.abf 
 2.95e-34  9.45e-01  5.68e-37  1.77e-03  5.30e-02 
[1] "PP abf for shared variant: 5.3%"

Variables in credible sets:

 variable variable_prob cs
        4    0.16849008  1
       23    0.16849008  1
        6    0.08816020  1
       22    0.07593351  1
       12    0.07047492  1
        3    0.06410897  1
        1    0.05952960  1
        2    0.05527908  1
       11    0.05527908  1
        5    0.05133367  1
        7    0.05133367  1
       20    0.02639908  1
       19    0.02278022  1

Credible sets summary:

 cs cs_log10bf cs_avg_r2 cs_min_r2                        variable
  1   36.72749 0.9821708 0.9533355 1,2,3,4,5,6,7,11,12,19,20,22,23

Variables in credible sets:

 variable variable_prob cs
       18    0.07438318  1
       13    0.06090353  1
       17    0.06090353  1
       10    0.05819490  1
        8    0.05047964  1
       16    0.04956916  1
       15    0.04724957  1
       23    0.04019281  1
        6    0.03878397  1
        7    0.03849212  1
        9    0.03823244  1
       20    0.03823244  1
       21    0.03823244  1
       19    0.03796918  1
       14    0.03788524  1
        1    0.03739115  1
       22    0.03735443  1
        2    0.03675770  1
        3    0.03620690  1
        5    0.03620690  1
       11    0.03620690  1
       12    0.03620690  1

Credible sets summary:

 cs cs_log10bf cs_avg_r2 cs_min_r2
  1 0.02753149 0.9296477 0.8109093
                                                  variable
 1,2,3,5,6,7,8,9,10,11,12,13,14,15,16,17,18,19,20,21,22,23
PP.H0.abf PP.H1.abf PP.H2.abf PP.H3.abf PP.H4.abf 
 7.77e-35  9.54e-01  1.90e-37  2.25e-03  4.38e-02 
[1] "PP abf for shared variant: 4.38%"
   nsnps       hit1      hit2    PP.H0.abf PP.H1.abf    PP.H2.abf   PP.H3.abf
1:    23 rs10838702 rs3824869 7.768326e-35 0.9539944 1.903649e-37 0.002250277
    PP.H4.abf idx1 idx2
1: 0.04375534    1    1
[1] "ENSG00000172247.3"
[1] "C1QTNF4"
[1] "Skin_Not_Sun_Exposed_Suprapubic"
[1] "running liftOver"
[1] "Grabbing the all pairs data"
[1] "reading the all pairs data into R"
[1] 12250    14
[1] "Filtering on the geneID"
[1] "adding rs numbers to the QTL data"
[1] "merging the trait and eqtl data on unique ID"
[1] "Running coloc"
PP.H0.abf PP.H1.abf PP.H2.abf PP.H3.abf PP.H4.abf 
 5.15e-35  1.65e-01  5.35e-36  1.63e-02  8.19e-01 
[1] "PP abf for shared variant: 81.9%"

Variables in credible sets:

 variable variable_prob cs
        4    0.16849008  1
       23    0.16849008  1
        6    0.08816020  1
       22    0.07593351  1
       12    0.07047492  1
        3    0.06410897  1
        1    0.05952960  1
        2    0.05527908  1
       11    0.05527908  1
        5    0.05133367  1
        7    0.05133367  1
       20    0.02639908  1
       19    0.02278022  1

Credible sets summary:

 cs cs_log10bf cs_avg_r2 cs_min_r2                        variable
  1   36.72749 0.9821708 0.9533355 1,2,3,4,5,6,7,11,12,19,20,22,23

Variables in credible sets:

 variable variable_prob cs
       14    0.14949307  1
       19    0.07686282  1
        9    0.07464086  1
       20    0.07464086  1
       21    0.07464086  1
        4    0.06445741  1
        2    0.05383945  1
        3    0.04861994  1
        5    0.04861994  1
       11    0.04861994  1
       12    0.04861994  1
        1    0.04346498  1
       23    0.04278044  1
       22    0.03508480  1
        6    0.02708563  1
        7    0.02651333  1
       15    0.01207099  1

Credible sets summary:

 cs cs_log10bf cs_avg_r2 cs_min_r2                                   variable
  1   1.726159   0.96693 0.8361127 1,2,3,4,5,6,7,9,11,12,14,15,19,20,21,22,23
PP.H0.abf PP.H1.abf PP.H2.abf PP.H3.abf PP.H4.abf 
 2.00e-35  2.45e-01  2.44e-36  2.85e-02  7.26e-01 
[1] "PP abf for shared variant: 72.6%"
   nsnps       hit1      hit2    PP.H0.abf PP.H1.abf    PP.H2.abf  PP.H3.abf
1:    23 rs10838702 rs2293579 1.995346e-35 0.2450398 2.442898e-36 0.02854734
   PP.H4.abf idx1 idx2
1: 0.7264129    1    1
[1] "ENSG00000134575.9"
[1] "ACP2"
[1] "Lung"
[1] "running liftOver"
[1] "Grabbing the all pairs data"
[1] "reading the all pairs data into R"
[1] 12560    14
[1] "Filtering on the geneID"
[1] "adding rs numbers to the QTL data"
[1] "merging the trait and eqtl data on unique ID"
[1] "Running coloc"
PP.H0.abf PP.H1.abf PP.H2.abf PP.H3.abf PP.H4.abf 
 1.28e-34  4.13e-01  6.17e-36  1.94e-02  5.68e-01 
[1] "PP abf for shared variant: 56.8%"

Variables in credible sets:

 variable variable_prob cs
        4    0.16849008  1
       23    0.16849008  1
        6    0.08816020  1
       22    0.07593351  1
       12    0.07047492  1
        3    0.06410897  1
        1    0.05952960  1
        2    0.05527908  1
       11    0.05527908  1
        5    0.05133367  1
        7    0.05133367  1
       20    0.02639908  1
       19    0.02278022  1

Credible sets summary:

 cs cs_log10bf cs_avg_r2 cs_min_r2                        variable
  1   36.72749 0.9821708 0.9533355 1,2,3,4,5,6,7,11,12,19,20,22,23

Variables in credible sets:

 variable variable_prob cs
       18    0.12288524  1
        8    0.10400983  1
       15    0.09223054  1
       13    0.08782741  1
       17    0.08782741  1
       16    0.08633476  1
       10    0.08004294  1
        4    0.06150437  1
        2    0.02595077  1
       11    0.02439968  1
        3    0.02174101  1
        5    0.02174101  1
       12    0.02174101  1
       23    0.02129995  1
       14    0.01811020  1
        6    0.01702773  1
        1    0.01655212  1
        7    0.01655212  1
       19    0.01548833  1
        9    0.01448842  1

Credible sets summary:

 cs cs_log10bf cs_avg_r2 cs_min_r2
  1   1.376439 0.9268885 0.8109093
                                           variable
 1,2,3,4,5,6,7,8,9,10,11,12,13,14,15,16,17,18,19,23
PP.H0.abf PP.H1.abf PP.H2.abf PP.H3.abf PP.H4.abf 
 4.52e-35  5.55e-01  2.47e-36  2.95e-02  4.16e-01 
[1] "PP abf for shared variant: 41.6%"
   nsnps       hit1      hit2    PP.H0.abf PP.H1.abf    PP.H2.abf  PP.H3.abf
1:    23 rs10838702 rs3824869 4.516049e-35 0.5545964 2.471298e-36 0.02951717
   PP.H4.abf idx1 idx2
1: 0.4158864    1    1
[1] "ENSG00000172247.3"
[1] "C1QTNF4"
[1] "Lung"
[1] "running liftOver"
[1] "Grabbing the all pairs data"
[1] "reading the all pairs data into R"
[1] 12560    14
[1] "Filtering on the geneID"
[1] "adding rs numbers to the QTL data"
[1] "merging the trait and eqtl data on unique ID"
[1] "Running coloc"
PP.H0.abf PP.H1.abf PP.H2.abf PP.H3.abf PP.H4.abf 
 3.33e-36  1.08e-02  3.70e-36  1.10e-02  9.78e-01 
[1] "PP abf for shared variant: 97.8%"

Variables in credible sets:

 variable variable_prob cs
        4    0.16849008  1
       23    0.16849008  1
        6    0.08816020  1
       22    0.07593351  1
       12    0.07047492  1
        3    0.06410897  1
        1    0.05952960  1
        2    0.05527908  1
       11    0.05527908  1
        5    0.05133367  1
        7    0.05133367  1
       20    0.02639908  1
       19    0.02278022  1

Credible sets summary:

 cs cs_log10bf cs_avg_r2 cs_min_r2                        variable
  1   36.72749 0.9821708 0.9533355 1,2,3,4,5,6,7,11,12,19,20,22,23

Variables in credible sets:

 variable variable_prob cs
        4    0.38430247  1
        2    0.09164471  1
       11    0.05870488  1
       19    0.05127712  1
        9    0.04944451  1
       20    0.04944451  1
       21    0.04944451  1
       22    0.03244852  1
       23    0.03145199  1
        3    0.02736527  1
        5    0.02736527  1
       12    0.02736527  1
        6    0.02612032  1
        1    0.02457632  1
        7    0.02457632  1

Credible sets summary:

 cs cs_log10bf cs_avg_r2 cs_min_r2                             variable
  1   2.965148 0.9829581 0.9533355 1,2,3,4,5,6,7,9,11,12,19,20,21,22,23
PP.H0.abf PP.H1.abf PP.H2.abf PP.H3.abf PP.H4.abf 
 7.87e-37  9.66e-03  1.67e-36  1.86e-02  9.72e-01 
[1] "PP abf for shared variant: 97.2%"
   nsnps       hit1       hit2    PP.H0.abf   PP.H1.abf    PP.H2.abf  PP.H3.abf
1:    23 rs10838702 rs10838702 7.865056e-37 0.009658733 1.669465e-36 0.01855841
   PP.H4.abf idx1 idx2
1: 0.9717829    1    1
[1] "ENSG00000110514.19"
[1] "MADD"
[1] "Esophagus_Mucosa"
[1] "running liftOver"
[1] "Grabbing the all pairs data"
[1] "reading the all pairs data into R"
[1] 12250    14
[1] "Filtering on the geneID"
[1] "adding rs numbers to the QTL data"
[1] "merging the trait and eqtl data on unique ID"
[1] "Running coloc"
PP.H0.abf PP.H1.abf PP.H2.abf PP.H3.abf PP.H4.abf 
 1.76e-34  5.72e-01  4.50e-36  1.42e-02  4.14e-01 
[1] "PP abf for shared variant: 41.4%"

Variables in credible sets:

 variable variable_prob cs
        4    0.16849008  1
       23    0.16849008  1
        6    0.08816020  1
       22    0.07593351  1
       12    0.07047492  1
        3    0.06410897  1
        1    0.05952960  1
        2    0.05527908  1
       11    0.05527908  1
        5    0.05133367  1
        7    0.05133367  1
       20    0.02639908  1
       19    0.02278022  1

Credible sets summary:

 cs cs_log10bf cs_avg_r2 cs_min_r2                        variable
  1   36.72749 0.9821708 0.9533355 1,2,3,4,5,6,7,11,12,19,20,22,23

Variables in credible sets:

 variable variable_prob cs
       18    0.08266246  1
       13    0.07672213  1
       17    0.07672213  1
       16    0.07355761  1
        8    0.06536385  1
       10    0.06337855  1
       14    0.05350290  1
       15    0.04822310  1
       19    0.04266691  1
        9    0.03934494  1
       20    0.03934494  1
       21    0.03934494  1
       23    0.03589357  1
        3    0.03242607  1
        5    0.03242607  1
       12    0.03242607  1
       11    0.03133523  1
        2    0.02545830  1
        6    0.02471007  1
        1    0.02466745  1
        7    0.02466745  1

Credible sets summary:

 cs cs_log10bf cs_avg_r2 cs_min_r2
  1   1.067618 0.9281014 0.8109093
                                               variable
 1,2,3,5,6,7,8,9,10,11,12,13,14,15,16,17,18,19,20,21,23
PP.H0.abf PP.H1.abf PP.H2.abf PP.H3.abf PP.H4.abf 
 5.80e-35  7.13e-01  1.56e-36  1.86e-02  2.69e-01 
[1] "PP abf for shared variant: 26.9%"
   nsnps       hit1      hit2    PP.H0.abf PP.H1.abf    PP.H2.abf  PP.H3.abf
1:    23 rs10838702 rs3824869 5.803468e-35 0.7126987 1.559671e-36 0.01861628
   PP.H4.abf idx1 idx2
1: 0.2686851    1    1
[1] "ENSG00000165912.15"
[1] "PACSIN3"
[1] "Esophagus_Mucosa"
[1] "running liftOver"
[1] "Grabbing the all pairs data"
[1] "reading the all pairs data into R"
[1] 12250    14
[1] "Filtering on the geneID"
[1] "adding rs numbers to the QTL data"
[1] "merging the trait and eqtl data on unique ID"
[1] "Running coloc"
PP.H0.abf PP.H1.abf PP.H2.abf PP.H3.abf PP.H4.abf 
 3.69e-35  1.20e-01  6.23e-36  1.94e-02  8.60e-01 
[1] "PP abf for shared variant: 86%"

Variables in credible sets:

 variable variable_prob cs
        4    0.16849008  1
       23    0.16849008  1
        6    0.08816020  1
       22    0.07593351  1
       12    0.07047492  1
        3    0.06410897  1
        1    0.05952960  1
        2    0.05527908  1
       11    0.05527908  1
        5    0.05133367  1
        7    0.05133367  1
       20    0.02639908  1
       19    0.02278022  1

Credible sets summary:

 cs cs_log10bf cs_avg_r2 cs_min_r2                        variable
  1   36.72749 0.9821708 0.9533355 1,2,3,4,5,6,7,11,12,19,20,22,23

Variables in credible sets:

 variable variable_prob cs
       14    0.12873209  1
        9    0.08397862  1
       20    0.08397862  1
       21    0.08397862  1
       19    0.08328838  1
        4    0.05545594  1
        2    0.04584499  1
       11    0.04357652  1
       22    0.03576337  1
        1    0.03421529  1
        7    0.03421529  1
        3    0.03242940  1
        5    0.03242940  1
       12    0.03242940  1
       23    0.03151999  1
        6    0.03104041  1
        8    0.02823972  1
       13    0.02042672  1
       17    0.02042672  1
       16    0.02025086  1

Credible sets summary:

 cs cs_log10bf cs_avg_r2 cs_min_r2
  1   1.987016 0.9496829 0.8714129
                                           variable
 1,2,3,4,5,6,7,8,9,11,12,13,14,16,17,19,20,21,22,23
PP.H0.abf PP.H1.abf PP.H2.abf PP.H3.abf PP.H4.abf 
 1.38e-35  1.69e-01  3.07e-36  3.61e-02  7.95e-01 
[1] "PP abf for shared variant: 79.5%"
   nsnps       hit1      hit2    PP.H0.abf PP.H1.abf    PP.H2.abf  PP.H3.abf
1:    23 rs10838702 rs2293579 1.376203e-35 0.1690055 3.072037e-36 0.03613663
   PP.H4.abf idx1 idx2
1: 0.7948579    1    1
[1] "ENSG00000110514.19"
[1] "MADD"
[1] "Esophagus_Muscularis"
[1] "running liftOver"
[1] "Grabbing the all pairs data"
[1] "reading the all pairs data into R"
[1] 12250    14
[1] "Filtering on the geneID"
[1] "adding rs numbers to the QTL data"
[1] "merging the trait and eqtl data on unique ID"
[1] "Running coloc"
PP.H0.abf PP.H1.abf PP.H2.abf PP.H3.abf PP.H4.abf 
 2.58e-35  8.36e-02  5.26e-35  1.69e-01  7.47e-01 
[1] "PP abf for shared variant: 74.7%"

Variables in credible sets:

 variable variable_prob cs
        4    0.16849008  1
       23    0.16849008  1
        6    0.08816020  1
       22    0.07593351  1
       12    0.07047492  1
        3    0.06410897  1
        1    0.05952960  1
        2    0.05527908  1
       11    0.05527908  1
        5    0.05133367  1
        7    0.05133367  1
       20    0.02639908  1
       19    0.02278022  1

Credible sets summary:

 cs cs_log10bf cs_avg_r2 cs_min_r2                        variable
  1   36.72749 0.9821708 0.9533355 1,2,3,4,5,6,7,11,12,19,20,22,23

Variables in credible sets:

 variable variable_prob cs
        8    0.21092193  1
       13    0.16261915  1
       17    0.16261915  1
       16    0.16067549  1
       18    0.13908246  1
       10    0.10460000  1
       15    0.03413234  1

Credible sets summary:

 cs cs_log10bf cs_avg_r2 cs_min_r2            variable
  1   3.433727 0.9708696 0.9161266 8,10,13,15,16,17,18
PP.H0.abf PP.H1.abf PP.H2.abf PP.H3.abf PP.H4.abf 
 4.83e-36  5.93e-02  3.01e-35  3.69e-01  5.72e-01 
[1] "PP abf for shared variant: 57.2%"
   nsnps       hit1       hit2    PP.H0.abf PP.H1.abf    PP.H2.abf PP.H3.abf
1:    23 rs10838702 rs11606287 4.828459e-36 0.0592962 3.014836e-35 0.3690957
   PP.H4.abf idx1 idx2
1: 0.5716081    1    1
[1] "ENSG00000110514.19"
[1] "MADD"
[1] "Artery_Aorta"
[1] "running liftOver"
[1] "Grabbing the all pairs data"
[1] "reading the all pairs data into R"
[1] 12250    14
[1] "Filtering on the geneID"
[1] "adding rs numbers to the QTL data"
[1] "merging the trait and eqtl data on unique ID"
[1] "Running coloc"
PP.H0.abf PP.H1.abf PP.H2.abf PP.H3.abf PP.H4.abf 
 9.94e-35  3.21e-01  5.67e-36  1.76e-02  6.62e-01 
[1] "PP abf for shared variant: 66.2%"

Variables in credible sets:

 variable variable_prob cs
        4    0.16849008  1
       23    0.16849008  1
        6    0.08816020  1
       22    0.07593351  1
       12    0.07047492  1
        3    0.06410897  1
        1    0.05952960  1
        2    0.05527908  1
       11    0.05527908  1
        5    0.05133367  1
        7    0.05133367  1
       20    0.02639908  1
       19    0.02278022  1

Credible sets summary:

 cs cs_log10bf cs_avg_r2 cs_min_r2                        variable
  1   36.72749 0.9821708 0.9533355 1,2,3,4,5,6,7,11,12,19,20,22,23

Variables in credible sets:

 variable variable_prob cs
       18    0.14732537  1
       13    0.05693701  1
       17    0.05693701  1
       10    0.05350110  1
        8    0.04856793  1
        6    0.04773934  1
       22    0.04625519  1
        1    0.04511314  1
        7    0.04511314  1
       15    0.04003994  1
        3    0.03914801  1
        5    0.03914801  1
       12    0.03914801  1
        9    0.03399672  1
       20    0.03399672  1
       21    0.03399672  1
       23    0.03360518  1
       19    0.03320191  1
       16    0.03154813  1
        2    0.02968091  1
       11    0.02968091  1

Credible sets summary:

 cs cs_log10bf cs_avg_r2 cs_min_r2
  1   1.499507 0.9287343  0.812677
                                               variable
 1,2,3,5,6,7,8,9,10,11,12,13,15,16,17,18,19,20,21,22,23
PP.H0.abf PP.H1.abf PP.H2.abf PP.H3.abf PP.H4.abf 
 3.42e-35  4.20e-01  2.49e-36  2.94e-02  5.50e-01 
[1] "PP abf for shared variant: 55%"
   nsnps       hit1      hit2    PP.H0.abf PP.H1.abf    PP.H2.abf  PP.H3.abf
1:    23 rs10838702 rs3824869 3.423716e-35 0.4204517 2.487324e-36 0.02944553
   PP.H4.abf idx1 idx2
1: 0.5501028    1    1
[1] "ENSG00000110514.19"
[1] "MADD"
[1] "Stomach"
[1] "running liftOver"
[1] "Grabbing the all pairs data"
[1] "reading the all pairs data into R"
[1] 12250    14
[1] "Filtering on the geneID"
[1] "adding rs numbers to the QTL data"
[1] "merging the trait and eqtl data on unique ID"
[1] "Running coloc"
PP.H0.abf PP.H1.abf PP.H2.abf PP.H3.abf PP.H4.abf 
 3.41e-35  1.12e-01  7.55e-36  2.39e-02  8.64e-01 
[1] "PP abf for shared variant: 86.4%"

Variables in credible sets:

 variable variable_prob cs
        4    0.16849008  1
       23    0.16849008  1
        6    0.08816020  1
       22    0.07593351  1
       12    0.07047492  1
        3    0.06410897  1
        1    0.05952960  1
        2    0.05527908  1
       11    0.05527908  1
        5    0.05133367  1
        7    0.05133367  1
       20    0.02639908  1
       19    0.02278022  1

Credible sets summary:

 cs cs_log10bf cs_avg_r2 cs_min_r2                        variable
  1   36.72749 0.9821708 0.9533355 1,2,3,4,5,6,7,11,12,19,20,22,23

Variables in credible sets:

 variable variable_prob cs
       10    0.08013237  1
       13    0.07860555  1
       17    0.07860555  1
       15    0.07293764  1
       18    0.05414925  1
        8    0.04717986  1
       16    0.04717986  1
        1    0.03994205  1
        3    0.03994205  1
        5    0.03994205  1
        7    0.03994205  1
       12    0.03994205  1
        6    0.03810655  1
       23    0.03801300  1
        9    0.03479601  1
       19    0.03479601  1
       20    0.03479601  1
       21    0.03479601  1
       22    0.03357946  1
       14    0.03065180  1
       11    0.02360696  1

Credible sets summary:

 cs cs_log10bf cs_avg_r2 cs_min_r2
  1   2.309133  0.927805 0.8109093
                                                variable
 1,3,5,6,7,8,9,10,11,12,13,14,15,16,17,18,19,20,21,22,23
PP.H0.abf PP.H1.abf PP.H2.abf PP.H3.abf PP.H4.abf 
 8.72e-36  1.07e-01  4.09e-36  4.85e-02  8.44e-01 
[1] "PP abf for shared variant: 84.4%"
   nsnps       hit1       hit2    PP.H0.abf PP.H1.abf    PP.H2.abf  PP.H3.abf
1:    23 rs10838702 rs12801188 8.717793e-36 0.1070594 4.085705e-36 0.04848586
   PP.H4.abf idx1 idx2
1: 0.8444547    1    1
[1] "ENSG00000109919.9"
[1] "MTCH2"
[1] "Testis"
[1] "running liftOver"
[1] "Grabbing the all pairs data"
[1] "reading the all pairs data into R"
[1] 0 0
[1] "Did not find gene in all pairs data"
