[1] "trait"
[1] "SBP"
[1] "trait_file_header_info"
[1] "/gpfs/projects/bsc83/Projects/Breast/ANALYSIS/Hypertension/analysis/06_colocalization/SBP_Evangelou_parsed.txt"
[1] "Tested_Allele"
[1] "Other_Allele"
[1] "SNP"
[1] "CHR"
[1] "POS"
[1] "P"
[1] "N"
[1] "Freq_Tested_Allele"
[1] "traitType:"
[1] "quant"
[1] 5
[1] "Locus Info:"
[1] 5
[1] 127803816
[1] 127868199
[1] "rs6595838"
[1] "QTL type:"
[1] "eqtl"
[1] TRUE
[1] "trait input file successfully loaded"
   CHR       POS        SNP Tested_Allele Other_Allele Freq_Tested_Allele
1:   5 127803816  rs6595827             A            G             0.7040
2:   5 127805142 rs34171917             T            G             0.7025
3:   5 127811561  rs6882394             T            C             0.7039
4:   5 127814937  rs1004965             T            C             0.6788
5:   5 127815127  rs1561007             T            C             0.2871
6:   5 127816069  rs1529866             A            G             0.3212
     BETA     SE         P      N Ref_Allele Alt_Allele
1: 0.2991 0.0330 1.242e-19 733178          A          G
2: 0.2969 0.0330 2.316e-19 730797          T          G
3: 0.2987 0.0330 1.380e-19 733147          T          C
4: 0.3141 0.0323 2.185e-22 732737          T          C
5: 0.2866 0.0333 7.657e-18 732535          C          T
6: 0.3145 0.0322 1.801e-22 733562          G          A
[1] "rs6595827"  "rs34171917" "rs6882394" 
[1] "/gpfs/projects/bsc83/Projects/Breast/ANALYSIS/Hypertension/data/Coloq/chr_5_snp151_hash_table.json"
$rs385
[1] "chr5_9617268"

$rs387
[1] "chr5_9604894"

$rs388
[1] "chr5_9604859"

[1] "hash table loaded"
[1] "/gpfs/projects/bsc83/Projects/Breast/ANALYSIS/Hypertension/analysis/06_colocalization/ColocQuiaL-main/GTEx_v8_Tissue_Summary_with_filenames_all.csv"
                          Tissue NumberRNASeqandGTSamples NumberRNASeqSamples
1              Muscle - Skeletal                      706                 803
2                    Whole Blood                      670                 755
3 Skin - Sun Exposed (Lower leg)                      605                 701
4                Artery - Tibial                      584                 663
5         Adipose - Subcutaneous                      581                 663
6                        Thyroid                      574                 653
  Number_of_eGenes                      allPairsTabixFilename
1            13532            Muscle_Skeletal.allpairs.tab.gz
2            12360                Whole_Blood.allpairs.tab.gz
3            16967 Skin_Sun_Exposed_Lower_leg.allpairs.tab.gz
4            15008              Artery_Tibial.allpairs.tab.gz
5            15607       Adipose_Subcutaneous.allpairs.tab.gz
6            17684                    Thyroid.allpairs.tab.gz
                                              sigPairsTabixFilename
1            Muscle_Skeletal.v8.v8.signif_variant_gene_pairs.tab.gz
2                Whole_Blood.v8.v8.signif_variant_gene_pairs.tab.gz
3 Skin_Sun_Exposed_Lower_leg.v8.v8.signif_variant_gene_pairs.tab.gz
4              Artery_Tibial.v8.v8.signif_variant_gene_pairs.tab.gz
5       Adipose_Subcutaneous.v8.v8.signif_variant_gene_pairs.tab.gz
6                    Thyroid.v8.v8.signif_variant_gene_pairs.tab.gz
[1] "chr5_128532506"
[1] "ENSG00000113396.12"
[1] "SLC27A6"
[1] "Thyroid"
[1] "running liftOver"
[1] "Grabbing the all pairs data"
[1] "reading the all pairs data into R"
[1] 1856   14
[1] "Filtering on the geneID"
[1] "adding rs numbers to the QTL data"
[1] "merging the trait and eqtl data on unique ID"
[1] "Running coloc"
PP.H0.abf PP.H1.abf PP.H2.abf PP.H3.abf PP.H4.abf 
 4.33e-18  6.83e-02  3.79e-19  5.04e-03  9.27e-01 
[1] "PP abf for shared variant: 92.7%"

Variables in credible sets:

 variable variable_prob cs
       12    0.44808476  1
        5    0.29272673  1
       10    0.05280613  1
        2    0.04726729  1
        3    0.04317830  1
       11    0.03852800  1
        9    0.03526898  1

Credible sets summary:

 cs cs_log10bf cs_avg_r2 cs_min_r2         variable
  1   19.72653 0.9616798 0.9314335 2,3,5,9,10,11,12

Variables in credible sets:

 variable variable_prob cs
       12    0.20734855  1
        5    0.18918299  1
        9    0.16377888  1
       11    0.08861065  1
       14    0.06794474  1
        8    0.05963085  1
        4    0.05695468  1
       10    0.04165633  1
        2    0.03328480  1
        1    0.03165444  1
        7    0.03133840  1

Credible sets summary:

 cs cs_log10bf cs_avg_r2 cs_min_r2                  variable
  1   1.906613 0.9374847 0.8151688 1,2,4,5,7,8,9,10,11,12,14
PP.H0.abf PP.H1.abf PP.H2.abf PP.H3.abf PP.H4.abf 
 1.30e-18  9.67e-02  1.46e-19  9.13e-03  8.94e-01 
[1] "PP abf for shared variant: 89.4%"
   nsnps      hit1      hit2    PP.H0.abf  PP.H1.abf   PP.H2.abf   PP.H3.abf
1:    14 rs6864831 rs6864831 1.296327e-18 0.09668769 1.46371e-19 0.009128847
   PP.H4.abf idx1 idx2
1: 0.8941835    1    1
[1] "ENSG00000138829.11"
[1] "FBN2"
[1] "Thyroid"
[1] "running liftOver"
[1] "Grabbing the all pairs data"
[1] "reading the all pairs data into R"
[1] 1856   14
[1] "Filtering on the geneID"
[1] "adding rs numbers to the QTL data"
[1] "merging the trait and eqtl data on unique ID"
[1] "Running coloc"
PP.H0.abf PP.H1.abf PP.H2.abf PP.H3.abf PP.H4.abf 
 8.19e-18  1.29e-01  1.97e-18  3.02e-02  8.41e-01 
[1] "PP abf for shared variant: 84.1%"

Variables in credible sets:

 variable variable_prob cs
       12    0.44808476  1
        5    0.29272673  1
       10    0.05280613  1
        2    0.04726729  1
        3    0.04317830  1
       11    0.03852800  1
        9    0.03526898  1

Credible sets summary:

 cs cs_log10bf cs_avg_r2 cs_min_r2         variable
  1   19.72653 0.9616798 0.9314335 2,3,5,9,10,11,12

Variables in credible sets:

 variable variable_prob cs
        7    0.33278845  1
       14    0.22246503  1
       11    0.11634122  1
       10    0.11613617  1
        8    0.06225267  1
        2    0.03892935  1
        4    0.03059687  1
        1    0.02580137  1
        3    0.01393057  1

Credible sets summary:

 cs cs_log10bf cs_avg_r2 cs_min_r2             variable
  1   2.421556 0.9334241 0.8151688 1,2,3,4,7,8,10,11,14
PP.H0.abf PP.H1.abf PP.H2.abf PP.H3.abf PP.H4.abf 
 2.28e-18  1.70e-01  8.43e-19  6.14e-02  7.68e-01 
[1] "PP abf for shared variant: 76.8%"
   nsnps      hit1       hit2    PP.H0.abf PP.H1.abf    PP.H2.abf  PP.H3.abf
1:    14 rs6864831 rs34790038 2.281567e-18 0.1701727 8.431743e-19 0.06135197
   PP.H4.abf idx1 idx2
1: 0.7684753    1    1
[1] "ENSG00000138829.11"
[1] "FBN2"
[1] "Esophagus_Muscularis"
[1] "running liftOver"
[1] "Grabbing the all pairs data"
[1] "reading the all pairs data into R"
[1] 2510   14
[1] "Filtering on the geneID"
[1] "adding rs numbers to the QTL data"
[1] "merging the trait and eqtl data on unique ID"
[1] "Running coloc"
PP.H0.abf PP.H1.abf PP.H2.abf PP.H3.abf PP.H4.abf 
 1.71e-18  2.70e-02  1.34e-18  2.02e-02  9.53e-01 
[1] "PP abf for shared variant: 95.3%"

Variables in credible sets:

 variable variable_prob cs
       12    0.44808476  1
        5    0.29272673  1
       10    0.05280613  1
        2    0.04726729  1
        3    0.04317830  1
       11    0.03852800  1
        9    0.03526898  1

Credible sets summary:

 cs cs_log10bf cs_avg_r2 cs_min_r2         variable
  1   19.72653 0.9616798 0.9314335 2,3,5,9,10,11,12

Variables in credible sets:

 variable variable_prob cs
        1    0.32810456  1
        3    0.17528759  1
        6    0.10474825  1
       14    0.05563878  1
        2    0.05480147  1
        4    0.04174057  1
        9    0.03566415  1
        5    0.03357301  1
       13    0.03334201  1
        8    0.03182462  1
        7    0.03137816  1
       10    0.02805158  1

Credible sets summary:

 cs cs_log10bf cs_avg_r2 cs_min_r2                   variable
  1   3.113821 0.9128574 0.7770987 1,2,3,4,5,6,7,8,9,10,13,14
PP.H0.abf PP.H1.abf PP.H2.abf PP.H3.abf PP.H4.abf 
 3.20e-19  2.38e-02  5.82e-19  4.15e-02  9.35e-01 
[1] "PP abf for shared variant: 93.5%"
   nsnps      hit1      hit2    PP.H0.abf  PP.H1.abf    PP.H2.abf  PP.H3.abf
1:    14 rs6864831 rs1004965 3.197023e-19 0.02384528 5.816946e-19 0.04151694
   PP.H4.abf idx1 idx2
1: 0.9346378    1    1
[1] "ENSG00000138829.11"
[1] "FBN2"
[1] "Heart_Left_Ventricle"
[1] "running liftOver"
[1] "Grabbing the all pairs data"
[1] "reading the all pairs data into R"
[1] 1856   14
[1] "Filtering on the geneID"
[1] "adding rs numbers to the QTL data"
[1] "merging the trait and eqtl data on unique ID"
[1] "Running coloc"
PP.H0.abf PP.H1.abf PP.H2.abf PP.H3.abf PP.H4.abf 
 1.31e-21  2.05e-05  2.92e-19  3.59e-03  9.96e-01 
[1] "PP abf for shared variant: 99.6%"

Variables in credible sets:

 variable variable_prob cs
       12    0.44808476  1
        5    0.29272673  1
       10    0.05280613  1
        2    0.04726729  1
        3    0.04317830  1
       11    0.03852800  1
        9    0.03526898  1

Credible sets summary:

 cs cs_log10bf cs_avg_r2 cs_min_r2         variable
  1   19.72653 0.9616798 0.9314335 2,3,5,9,10,11,12

Variables in credible sets:

 variable variable_prob cs
       12    0.41983987  1
        5    0.24603378  1
        2    0.14983823  1
        8    0.06074016  1
       10    0.03980346  1
        9    0.02433794  1
       11    0.01791407  1

Credible sets summary:

 cs cs_log10bf cs_avg_r2 cs_min_r2         variable
  1   6.697037 0.9606981  0.926695 2,5,8,9,10,11,12
PP.H0.abf PP.H1.abf PP.H2.abf PP.H3.abf PP.H4.abf 
 1.41e-23  1.05e-06  9.81e-20  5.32e-03  9.95e-01 
[1] "PP abf for shared variant: 99.5%"
   nsnps      hit1      hit2    PP.H0.abf    PP.H1.abf    PP.H2.abf   PP.H3.abf
1:    14 rs6864831 rs6864831 1.406988e-23 1.049414e-06 9.805185e-20 0.005323936
   PP.H4.abf idx1 idx2
1:  0.994675    1    1
[1] "ENSG00000066583.11"
[1] "ISOC1"
[1] "Heart_Atrial_Appendage"
[1] "running liftOver"
[1] "Grabbing the all pairs data"
[1] "reading the all pairs data into R"
[1] 2074   14
[1] "Filtering on the geneID"
[1] "adding rs numbers to the QTL data"
[1] "merging the trait and eqtl data on unique ID"
[1] "Running coloc"
PP.H0.abf PP.H1.abf PP.H2.abf PP.H3.abf PP.H4.abf 
 5.01e-18  7.86e-02  1.08e-18  1.61e-02  9.05e-01 
[1] "PP abf for shared variant: 90.5%"

Variables in credible sets:

 variable variable_prob cs
       12    0.44808476  1
        5    0.29272673  1
       10    0.05280613  1
        2    0.04726729  1
        3    0.04317830  1
       11    0.03852800  1
        9    0.03526898  1

Credible sets summary:

 cs cs_log10bf cs_avg_r2 cs_min_r2         variable
  1   19.72653 0.9616798 0.9314335 2,3,5,9,10,11,12

Variables in credible sets:

 variable variable_prob cs
        4    0.20951874  1
       11    0.14245275  1
        1    0.10254079  1
        9    0.09028784  1
        3    0.08704758  1
        7    0.06620774  1
       14    0.06080352  1
        8    0.05858467  1
        2    0.05555373  1
        5    0.04443480  1
       10    0.03485075  1

Credible sets summary:

 cs cs_log10bf cs_avg_r2 cs_min_r2                 variable
  1   2.537046 0.9369244 0.8151688 1,2,3,4,5,7,8,9,10,11,14
PP.H0.abf PP.H1.abf PP.H2.abf PP.H3.abf PP.H4.abf 
 1.01e-18  7.55e-02  4.88e-19  3.46e-02  8.90e-01 
[1] "PP abf for shared variant: 89%"
   nsnps      hit1      hit2    PP.H0.abf  PP.H1.abf    PP.H2.abf  PP.H3.abf
1:    14 rs6864831 rs1561007 1.011605e-18 0.07545149 4.877359e-19 0.03459832
   PP.H4.abf idx1 idx2
1: 0.8899502    1    1
[1] "ENSG00000113396.12"
[1] "SLC27A6"
[1] "Heart_Atrial_Appendage"
[1] "running liftOver"
[1] "Grabbing the all pairs data"
[1] "reading the all pairs data into R"
[1] 2074   14
[1] "Filtering on the geneID"
[1] "adding rs numbers to the QTL data"
[1] "merging the trait and eqtl data on unique ID"
[1] "Running coloc"
PP.H0.abf PP.H1.abf PP.H2.abf PP.H3.abf PP.H4.abf 
 1.20e-18  1.89e-02  1.31e-18  1.96e-02  9.61e-01 
[1] "PP abf for shared variant: 96.1%"

Variables in credible sets:

 variable variable_prob cs
       12    0.44808476  1
        5    0.29272673  1
       10    0.05280613  1
        2    0.04726729  1
        3    0.04317830  1
       11    0.03852800  1
        9    0.03526898  1

Credible sets summary:

 cs cs_log10bf cs_avg_r2 cs_min_r2         variable
  1   19.72653 0.9616798 0.9314335 2,3,5,9,10,11,12

Variables in credible sets:

 variable variable_prob cs
       11    0.35523044  1
       14    0.21068809  1
        1    0.09853833  1
        6    0.06272877  1
        9    0.05993873  1
       13    0.04722996  1
        3    0.03434329  1
       12    0.02689321  1
       10    0.02455442  1
        5    0.01989687  1
        2    0.01870049  1

Credible sets summary:

 cs cs_log10bf cs_avg_r2 cs_min_r2                   variable
  1   3.479327  0.934985 0.8434218 1,2,3,5,6,9,10,11,12,13,14
PP.H0.abf PP.H1.abf PP.H2.abf PP.H3.abf PP.H4.abf 
 1.46e-19  1.09e-02  6.14e-19  4.39e-02  9.45e-01 
[1] "PP abf for shared variant: 94.5%"
   nsnps      hit1      hit2    PP.H0.abf PP.H1.abf    PP.H2.abf  PP.H3.abf
1:    14 rs6864831 rs6595838 1.455623e-19 0.0108569 6.144744e-19 0.04394073
   PP.H4.abf idx1 idx2
1: 0.9452024    1    1
[1] "ENSG00000138829.11"
[1] "FBN2"
[1] "Heart_Atrial_Appendage"
[1] "running liftOver"
[1] "Grabbing the all pairs data"
[1] "reading the all pairs data into R"
[1] 2074   14
[1] "Filtering on the geneID"
[1] "adding rs numbers to the QTL data"
[1] "merging the trait and eqtl data on unique ID"
[1] "Running coloc"
PP.H0.abf PP.H1.abf PP.H2.abf PP.H3.abf PP.H4.abf 
 1.18e-24  1.85e-08  1.80e-18  2.72e-02  9.73e-01 
[1] "PP abf for shared variant: 97.3%"

Variables in credible sets:

 variable variable_prob cs
       12    0.44808476  1
        5    0.29272673  1
       10    0.05280613  1
        2    0.04726729  1
        3    0.04317830  1
       11    0.03852800  1
        9    0.03526898  1

Credible sets summary:

 cs cs_log10bf cs_avg_r2 cs_min_r2         variable
  1   19.72653 0.9616798 0.9314335 2,3,5,9,10,11,12

Variables in credible sets:

 variable variable_prob cs
       11    0.42827334  1
        9    0.15883379  1
        1    0.15596263  1
        8    0.05962672  1
       14    0.05919113  1
        2    0.05183226  1
        3    0.04886760  1

Credible sets summary:

 cs cs_log10bf cs_avg_r2 cs_min_r2        variable
  1   12.60406 0.9564618  0.926695 1,2,3,8,9,11,14
PP.H0.abf PP.H1.abf PP.H2.abf PP.H3.abf PP.H4.abf 
 1.33e-28  9.95e-12  7.51e-19  5.41e-02  9.46e-01 
[1] "PP abf for shared variant: 94.6%"
   nsnps      hit1      hit2    PP.H0.abf    PP.H1.abf    PP.H2.abf  PP.H3.abf
1:    14 rs6864831 rs6595838 1.334052e-28 9.950146e-12 7.505165e-19 0.05408613
   PP.H4.abf idx1 idx2
1: 0.9459139    1    1
[1] "ENSG00000138829.11"
[1] "FBN2"
[1] "Colon_Transverse"
[1] "running liftOver"
[1] "Grabbing the all pairs data"
[1] "reading the all pairs data into R"
[1] 2074   14
[1] "Filtering on the geneID"
[1] "adding rs numbers to the QTL data"
[1] "merging the trait and eqtl data on unique ID"
[1] "Running coloc"
PP.H0.abf PP.H1.abf PP.H2.abf PP.H3.abf PP.H4.abf 
 5.79e-18  9.16e-02  6.23e-19  8.97e-03  8.99e-01 
[1] "PP abf for shared variant: 89.9%"

Variables in credible sets:

 variable variable_prob cs
       12    0.44808476  1
        5    0.29272673  1
       10    0.05280613  1
        2    0.04726729  1
        3    0.04317830  1
       11    0.03852800  1
        9    0.03526898  1

Credible sets summary:

 cs cs_log10bf cs_avg_r2 cs_min_r2         variable
  1   19.72653 0.9616798 0.9314335 2,3,5,9,10,11,12

Variables in credible sets:

 variable variable_prob cs
       13    0.21276527  1
        4    0.18999220  1
       12    0.11702106  1
        6    0.10859342  1
        5    0.10035943  1
        1    0.07572488  1
        3    0.07183345  1
        9    0.04970928  1
       14    0.01709420  1
        7    0.01680292  1

Credible sets summary:

 cs cs_log10bf cs_avg_r2 cs_min_r2               variable
  1   2.188387 0.9148785 0.7770987 1,3,4,5,6,7,9,12,13,14
PP.H0.abf PP.H1.abf PP.H2.abf PP.H3.abf PP.H4.abf 
 1.22e-18  9.12e-02  2.64e-19  1.79e-02  8.91e-01 
[1] "PP abf for shared variant: 89.1%"
   nsnps      hit1      hit2    PP.H0.abf  PP.H1.abf    PP.H2.abf  PP.H3.abf
1:    14 rs6864831 rs6882394 1.222727e-18 0.09119823 2.641463e-19 0.01791983
   PP.H4.abf idx1 idx2
1: 0.8908819    1    1
[1] "ENSG00000138829.11"
[1] "FBN2"
[1] "Colon_Sigmoid"
[1] "running liftOver"
[1] "Grabbing the all pairs data"
[1] "reading the all pairs data into R"
[1] 2074   14
[1] "Filtering on the geneID"
[1] "adding rs numbers to the QTL data"
[1] "merging the trait and eqtl data on unique ID"
[1] "Running coloc"
PP.H0.abf PP.H1.abf PP.H2.abf PP.H3.abf PP.H4.abf 
 2.44e-20  3.84e-04  3.07e-19  3.83e-03  9.96e-01 
[1] "PP abf for shared variant: 99.6%"

Variables in credible sets:

 variable variable_prob cs
       12    0.44808476  1
        5    0.29272673  1
       10    0.05280613  1
        2    0.04726729  1
        3    0.04317830  1
       11    0.03852800  1
        9    0.03526898  1

Credible sets summary:

 cs cs_log10bf cs_avg_r2 cs_min_r2         variable
  1   19.72653 0.9616798 0.9314335 2,3,5,9,10,11,12

Variables in credible sets:

 variable variable_prob cs
        5    0.32977227  1
       12    0.31305579  1
        3    0.13870648  1
        1    0.11458591  1
        9    0.07596479  1

Credible sets summary:

 cs cs_log10bf cs_avg_r2 cs_min_r2   variable
  1   5.338499 0.9916595 0.9861185 1,3,5,9,12
PP.H0.abf PP.H1.abf PP.H2.abf PP.H3.abf PP.H4.abf 
 3.50e-22  2.61e-05  1.07e-19  5.99e-03  9.94e-01 
[1] "PP abf for shared variant: 99.4%"
   nsnps      hit1       hit2    PP.H0.abf    PP.H1.abf    PP.H2.abf
1:    14 rs6864831 rs17164089 3.503598e-22 2.613191e-05 1.069403e-19
     PP.H3.abf PP.H4.abf idx1 idx2
1: 0.005988265 0.9939856    1    1
[1] "ENSG00000138829.11"
[1] "FBN2"
[1] "Adrenal_Gland"
[1] "running liftOver"
[1] "Grabbing the all pairs data"
[1] "reading the all pairs data into R"
[1] 1856   14
[1] "Filtering on the geneID"
[1] "adding rs numbers to the QTL data"
[1] "merging the trait and eqtl data on unique ID"
[1] "Running coloc"
PP.H0.abf PP.H1.abf PP.H2.abf PP.H3.abf PP.H4.abf 
 3.00e-28  4.75e-12  1.95e-18  3.00e-02  9.70e-01 
[1] "PP abf for shared variant: 97%"

Variables in credible sets:

 variable variable_prob cs
       12    0.44808476  1
        5    0.29272673  1
       10    0.05280613  1
        2    0.04726729  1
        3    0.04317830  1
       11    0.03852800  1
        9    0.03526898  1

Credible sets summary:

 cs cs_log10bf cs_avg_r2 cs_min_r2         variable
  1   19.72653 0.9616798 0.9314335 2,3,5,9,10,11,12

Variables in credible sets:

 variable variable_prob cs
       11     0.3389284  1
        1     0.3299347  1
        3     0.3299347  1

Credible sets summary:

 cs cs_log10bf cs_avg_r2 cs_min_r2 variable
  1   25.23176 0.9600825 0.9404286   1,3,11
PP.H0.abf PP.H1.abf PP.H2.abf PP.H3.abf PP.H4.abf 
 2.90e-41  2.16e-24  6.93e-19  4.98e-02  9.50e-01 
[1] "PP abf for shared variant: 95%"
   nsnps      hit1      hit2    PP.H0.abf    PP.H1.abf    PP.H2.abf  PP.H3.abf
1:    14 rs6864831 rs6595838 2.902052e-41 2.164522e-24 6.927836e-19 0.04977143
   PP.H4.abf idx1 idx2
1: 0.9502286    1    1
