[1] "trait"
[1] "DBP"
[1] "trait_file_header_info"
[1] "/gpfs/projects/bsc83/Projects/Breast/ANALYSIS/Hypertension/analysis/06_colocalization/DBP_Evangelou_parsed.txt"
[1] "Tested_Allele"
[1] "Other_Allele"
[1] "SNP"
[1] "CHR"
[1] "POS"
[1] "P"
[1] "N"
[1] "Freq_Tested_Allele"
[1] "traitType:"
[1] "quant"
[1] 20
[1] "Locus Info:"
[1] 20
[1] 10965998
[1] 10974785
[1] "rs1887320"
[1] "QTL type:"
[1] "eqtl"
[1] TRUE
[1] "trait input file successfully loaded"
   CHR      POS       SNP Tested_Allele Other_Allele Freq_Tested_Allele   BETA
1:  20 10965998 rs1887320             A            G             0.4712 0.3013
2:  20 10967214 rs6108787             T            G             0.5287 0.3010
3:  20 10969030 rs1327235             A            G             0.5286 0.3018
4:  20 10974785 rs6108789             C            G             0.4869 0.2854
       SE         P      N Ref_Allele Alt_Allele
1: 0.0174 3.444e-67 748142          G          A
2: 0.0173 1.752e-67 754346          T          G
3: 0.0173 4.764e-68 757275          A          G
4: 0.0173 5.156e-61 752165          C          G
[1] "rs1887320" "rs6108787" "rs1327235"
[1] "/gpfs/projects/bsc83/Projects/Breast/ANALYSIS/Hypertension/data/Coloq/chr_20_snp151_hash_table.json"
$rs754
[1] "chr20_60094049"

$rs760
[1] "chr20_55827010"

$rs804
[1] "chr20_60094053"

[1] "hash table loaded"
[1] "/gpfs/projects/bsc83/Projects/Breast/ANALYSIS/Hypertension/analysis/06_colocalization/ColocQuiaL-main/GTEx_v8_Tissue_Summary_with_filenames_all.csv"
                          Tissue NumberRNASeqandGTSamples NumberRNASeqSamples
1              Muscle - Skeletal                      706                 803
2                    Whole Blood                      670                 755
3 Skin - Sun Exposed (Lower leg)                      605                 701
4                Artery - Tibial                      584                 663
5         Adipose - Subcutaneous                      581                 663
6                        Thyroid                      574                 653
  Number_of_eGenes                      allPairsTabixFilename
1            13532            Muscle_Skeletal.allpairs.tab.gz
2            12360                Whole_Blood.allpairs.tab.gz
3            16967 Skin_Sun_Exposed_Lower_leg.allpairs.tab.gz
4            15008              Artery_Tibial.allpairs.tab.gz
5            15607       Adipose_Subcutaneous.allpairs.tab.gz
6            17684                    Thyroid.allpairs.tab.gz
                                              sigPairsTabixFilename
1            Muscle_Skeletal.v8.v8.signif_variant_gene_pairs.tab.gz
2                Whole_Blood.v8.v8.signif_variant_gene_pairs.tab.gz
3 Skin_Sun_Exposed_Lower_leg.v8.v8.signif_variant_gene_pairs.tab.gz
4              Artery_Tibial.v8.v8.signif_variant_gene_pairs.tab.gz
5       Adipose_Subcutaneous.v8.v8.signif_variant_gene_pairs.tab.gz
6                    Thyroid.v8.v8.signif_variant_gene_pairs.tab.gz
[1] "chr20_10985350"
[1] "ENSEMBL ID could not be converted to HGNC Symbol"
[1] "geneSymbol will be set to the ENSEMBL ID ENSG00000270777"
[1] "ENSG00000270777.1"
[1] "ENSG00000270777"
[1] "Adipose_Subcutaneous"
[1] "running liftOver"
[1] "Grabbing the all pairs data"
[1] "reading the all pairs data into R"
[1] 521  14
[1] "Filtering on the geneID"
[1] "adding rs numbers to the QTL data"
[1] "merging the trait and eqtl data on unique ID"
[1] "Running coloc"
PP.H0.abf PP.H1.abf PP.H2.abf PP.H3.abf PP.H4.abf 
 4.59e-62  5.97e-02  1.91e-63  1.55e-03  9.39e-01 
[1] "PP abf for shared variant: 93.9%"

Variables in credible sets:

 variable variable_prob cs
        1     0.6906133  1
        2     0.3093866  1

Credible sets summary:

 cs cs_log10bf cs_avg_r2 cs_min_r2 variable
  1   64.30947  0.996026  0.996026      1,2

Variables in credible sets:

 variable variable_prob cs
        2     0.4974994  1
        1     0.3475417  1
        3     0.1549589  1

Credible sets summary:

 cs cs_log10bf cs_avg_r2 cs_min_r2 variable
  1   2.260401 0.9046375 0.8586357    1,2,3
PP.H0.abf PP.H1.abf PP.H2.abf PP.H3.abf PP.H4.abf 
 1.39e-62  8.48e-02  7.57e-64  2.81e-03  9.12e-01 
[1] "PP abf for shared variant: 91.2%"
   nsnps      hit1      hit2    PP.H0.abf  PP.H1.abf    PP.H2.abf   PP.H3.abf
1:     3 rs1327235 rs6108787 1.385743e-62 0.08477637 7.571891e-64 0.002807467
   PP.H4.abf idx1 idx2
1: 0.9124162    1    1
[1] "ENSEMBL ID could not be converted to HGNC Symbol"
[1] "geneSymbol will be set to the ENSEMBL ID ENSG00000270792"
[1] "ENSG00000270792.5"
[1] "ENSG00000270792"
[1] "Colon_Transverse"
[1] "running liftOver"
[1] "Grabbing the all pairs data"
[1] "reading the all pairs data into R"
[1] 611  14
[1] "Filtering on the geneID"
[1] "adding rs numbers to the QTL data"
[1] "merging the trait and eqtl data on unique ID"
[1] "Running coloc"
PP.H0.abf PP.H1.abf PP.H2.abf PP.H3.abf PP.H4.abf 
 9.89e-63  1.28e-02  1.32e-63  7.22e-04  9.86e-01 
[1] "PP abf for shared variant: 98.6%"

Variables in credible sets:

 variable variable_prob cs
        1     0.6906133  1
        2     0.3093866  1

Credible sets summary:

 cs cs_log10bf cs_avg_r2 cs_min_r2 variable
  1   64.30947  0.996026  0.996026      1,2

Variables in credible sets:

 variable variable_prob cs
        1     0.7305516  1
        2     0.2263247  1

Credible sets summary:

 cs cs_log10bf cs_avg_r2 cs_min_r2 variable
  1   3.093174  0.996026  0.996026      1,2
PP.H0.abf PP.H1.abf PP.H2.abf PP.H3.abf PP.H4.abf 
 1.51e-63  9.26e-03  5.63e-64  1.47e-03  9.89e-01 
[1] "PP abf for shared variant: 98.9%"
   nsnps      hit1      hit2    PP.H0.abf   PP.H1.abf    PP.H2.abf   PP.H3.abf
1:     3 rs1327235 rs1327235 1.514014e-63 0.009262374 5.628925e-64 0.001465095
   PP.H4.abf idx1 idx2
1: 0.9892725    1    1
[1] "ENSEMBL ID could not be converted to HGNC Symbol"
[1] "geneSymbol will be set to the ENSEMBL ID ENSG00000125899"
[1] "ENSG00000125899.7"
[1] "ENSG00000125899"
[1] "Testis"
[1] "running liftOver"
[1] "Grabbing the all pairs data"
[1] "reading the all pairs data into R"
[1] 0 0
[1] "Did not find gene in all pairs data"
