[1] "trait"
[1] "DBP"
[1] "trait_file_header_info"
[1] "/gpfs/projects/bsc83/Projects/Breast/ANALYSIS/Hypertension/analysis/06_colocalization/DBP_Evangelou_parsed.txt"
[1] "Tested_Allele"
[1] "Other_Allele"
[1] "SNP"
[1] "CHR"
[1] "POS"
[1] "P"
[1] "N"
[1] "Freq_Tested_Allele"
[1] "traitType:"
[1] "quant"
[1] 2
[1] "Locus Info:"
[1] 2
[1] 191287683
[1] 191471395
[1] "rs7592578"
[1] "QTL type:"
[1] "eqtl"
[1] TRUE
[1] "trait input file successfully loaded"
   CHR       POS        SNP Tested_Allele Other_Allele Freq_Tested_Allele
1:   2 191287683 rs59109438             A            G             0.8042
2:   2 191287685 rs61709084             A            C             0.8041
3:   2 191293055 rs13417431             A            G             0.8024
4:   2 191323295 rs62181018             T            C             0.1966
5:   2 191325414 rs62181019             A            G             0.8030
6:   2 191325601 rs62181020             A            C             0.8034
      BETA     SE         P      N Ref_Allele Alt_Allele
1: -0.1677 0.0218 1.620e-14 749303          A          G
2: -0.1677 0.0218 1.661e-14 749389          A          C
3: -0.1669 0.0217 1.588e-14 753398          A          G
4: -0.1709 0.0218 4.111e-15 754257          C          T
5: -0.1716 0.0218 3.074e-15 753937          A          G
6: -0.1721 0.0218 2.604e-15 752876          A          C
[1] "rs59109438" "rs61709084" "rs13417431"
[1] "/gpfs/projects/bsc83/Projects/Breast/ANALYSIS/Hypertension/data/Coloq/chr_2_snp151_hash_table.json"
$rs222
[1] "chr2_98531409"

$rs223
[1] "chr2_132615083"

$rs525
[1] "chr2_171558018"

[1] "hash table loaded"
[1] "/gpfs/projects/bsc83/Projects/Breast/ANALYSIS/Hypertension/analysis/06_colocalization/ColocQuiaL-main/GTEx_v8_Tissue_Summary_with_filenames_all.csv"
                          Tissue NumberRNASeqandGTSamples NumberRNASeqSamples
1              Muscle - Skeletal                      706                 803
2                    Whole Blood                      670                 755
3 Skin - Sun Exposed (Lower leg)                      605                 701
4                Artery - Tibial                      584                 663
5         Adipose - Subcutaneous                      581                 663
6                        Thyroid                      574                 653
  Number_of_eGenes                      allPairsTabixFilename
1            13532            Muscle_Skeletal.allpairs.tab.gz
2            12360                Whole_Blood.allpairs.tab.gz
3            16967 Skin_Sun_Exposed_Lower_leg.allpairs.tab.gz
4            15008              Artery_Tibial.allpairs.tab.gz
5            15607       Adipose_Subcutaneous.allpairs.tab.gz
6            17684                    Thyroid.allpairs.tab.gz
                                              sigPairsTabixFilename
1            Muscle_Skeletal.v8.v8.signif_variant_gene_pairs.tab.gz
2                Whole_Blood.v8.v8.signif_variant_gene_pairs.tab.gz
3 Skin_Sun_Exposed_Lower_leg.v8.v8.signif_variant_gene_pairs.tab.gz
4              Artery_Tibial.v8.v8.signif_variant_gene_pairs.tab.gz
5       Adipose_Subcutaneous.v8.v8.signif_variant_gene_pairs.tab.gz
6                    Thyroid.v8.v8.signif_variant_gene_pairs.tab.gz
[1] "chr2_190574865"
[1] "rs7592578 is not a significant eqtl in any tissue in the eqtl dataset."
