[1] "trait"
[1] "DBP"
[1] "trait_file_header_info"
[1] "/gpfs/projects/bsc83/Projects/Breast/ANALYSIS/Hypertension/analysis/06_colocalization/DBP_Evangelou_parsed.txt"
[1] "Tested_Allele"
[1] "Other_Allele"
[1] "SNP"
[1] "CHR"
[1] "POS"
[1] "P"
[1] "N"
[1] "Freq_Tested_Allele"
[1] "traitType:"
[1] "quant"
[1] 4
[1] "Locus Info:"
[1] 4
[1] 103146888
[1] 103198082
[1] "rs13107325"
[1] "QTL type:"
[1] "eqtl"
[1] TRUE
[1] "trait input file successfully loaded"
   CHR       POS        SNP Tested_Allele Other_Allele Freq_Tested_Allele
1:   4 103146888 rs35225200             A            C             0.9180
2:   4 103146890 rs35518360             A            T             0.9181
3:   4 103188709 rs13107325             T            C             0.0742
4:   4 103198082 rs13135092             A            G             0.9183
      BETA     SE         P      N Ref_Allele Alt_Allele
1: -0.5717 0.0332 1.481e-66 700108          A          C
2: -0.5744 0.0332 3.925e-67 700846          A          T
3: -0.6747 0.0339 3.721e-88 741624          C          T
4: -0.6075 0.0326 2.280e-77 727969          A          G
[1] "rs35225200" "rs35518360" "rs13107325"
[1] "/gpfs/projects/bsc83/Projects/Breast/ANALYSIS/Hypertension/data/Coloq/chr_4_snp151_hash_table.json"
$rs230
[1] "chr4_171975322"

$rs231
[1] "chr4_10204224"

$rs232
[1] "chr4_184363211"

[1] "hash table loaded"
[1] "/gpfs/projects/bsc83/Projects/Breast/ANALYSIS/Hypertension/analysis/06_colocalization/ColocQuiaL-main/GTEx_v8_Tissue_Summary_with_filenames_all.csv"
                          Tissue NumberRNASeqandGTSamples NumberRNASeqSamples
1              Muscle - Skeletal                      706                 803
2                    Whole Blood                      670                 755
3 Skin - Sun Exposed (Lower leg)                      605                 701
4                Artery - Tibial                      584                 663
5         Adipose - Subcutaneous                      581                 663
6                        Thyroid                      574                 653
  Number_of_eGenes                      allPairsTabixFilename
1            13532            Muscle_Skeletal.allpairs.tab.gz
2            12360                Whole_Blood.allpairs.tab.gz
3            16967 Skin_Sun_Exposed_Lower_leg.allpairs.tab.gz
4            15008              Artery_Tibial.allpairs.tab.gz
5            15607       Adipose_Subcutaneous.allpairs.tab.gz
6            17684                    Thyroid.allpairs.tab.gz
                                              sigPairsTabixFilename
1            Muscle_Skeletal.v8.v8.signif_variant_gene_pairs.tab.gz
2                Whole_Blood.v8.v8.signif_variant_gene_pairs.tab.gz
3 Skin_Sun_Exposed_Lower_leg.v8.v8.signif_variant_gene_pairs.tab.gz
4              Artery_Tibial.v8.v8.signif_variant_gene_pairs.tab.gz
5       Adipose_Subcutaneous.v8.v8.signif_variant_gene_pairs.tab.gz
6                    Thyroid.v8.v8.signif_variant_gene_pairs.tab.gz
[1] "chr4_102267552"
[1] "ENSG00000109332.19"
[1] "UBE2D3"
[1] "Artery_Aorta"
[1] "running liftOver"
[1] "Grabbing the all pairs data"
[1] "reading the all pairs data into R"
[1] 6138   14
[1] "Filtering on the geneID"
[1] "adding rs numbers to the QTL data"
[1] "merging the trait and eqtl data on unique ID"
[1] "Running coloc"
PP.H0.abf PP.H1.abf PP.H2.abf PP.H3.abf PP.H4.abf 
 1.85e-81  3.62e-01  1.50e-83  2.30e-03  6.36e-01 
[1] "PP abf for shared variant: 63.6%"

Variables in credible sets:

 variable variable_prob cs
        1             1  1

Credible sets summary:

 cs cs_log10bf cs_avg_r2 cs_min_r2 variable
  1   84.02225         1         1        1

Variables in credible sets:

 variable variable_prob cs
        2     0.4436930  1
        3     0.3723201  1
        1     0.1839869  1

Credible sets summary:

 cs cs_log10bf cs_avg_r2 cs_min_r2 variable
  1   2.070414 0.9050345 0.8633346    1,2,3
PP.H0.abf PP.H1.abf PP.H2.abf PP.H3.abf PP.H4.abf 
 7.41e-82  2.34e-01  2.61e-83  6.74e-03  7.59e-01 
[1] "PP abf for shared variant: 75.9%"
   nsnps       hit1       hit2    PP.H0.abf PP.H1.abf    PP.H2.abf   PP.H3.abf
1:     3 rs13107325 rs13135092 7.409031e-82 0.2339527 2.613945e-83 0.006735352
   PP.H4.abf idx1 idx2
1: 0.7593119    1    1
