[1] "trait"
[1] "PP"
[1] "trait_file_header_info"
[1] "/gpfs/projects/bsc83/Projects/Breast/ANALYSIS/Hypertension/analysis/06_colocalization/PP_Evangelou_parsed.txt"
[1] "Tested_Allele"
[1] "Other_Allele"
[1] "SNP"
[1] "CHR"
[1] "POS"
[1] "P"
[1] "N"
[1] "Freq_Tested_Allele"
[1] "traitType:"
[1] "quant"
[1] 7
[1] "Locus Info:"
[1] 7
[1] 92243672
[1] 92283098
[1] "rs42377"
[1] "QTL type:"
[1] "eqtl"
[1] TRUE
[1] "trait input file successfully loaded"
   CHR      POS        SNP Tested_Allele Other_Allele Freq_Tested_Allele
1:   7 92243672    rs42377             A            G             0.3044
2:   7 92243719    rs42038             T            C             0.3035
3:   7 92248076    rs42235             T            C             0.3044
4:   7 92253972 rs10269774             A            G             0.3331
5:   7 92264410  rs2282978             T            C             0.6677
6:   7 92283098  rs6954290             T            G             0.3311
      BETA     SE         P      N Ref_Allele Alt_Allele
1: -0.3175 0.0225 2.417e-45 717709          G          A
2: -0.3105 0.0223 6.777e-44 727686          C          T
3: -0.3092 0.0223 8.406e-44 731298          C          T
4: -0.2864 0.0217 8.379e-40 734323          G          A
5: -0.2928 0.0218 3.458e-41 729405          T          C
6: -0.2861 0.0218 1.876e-39 730983          G          T
[1] "rs42377" "rs42038" "rs42235"
[1] "/gpfs/projects/bsc83/Projects/Breast/ANALYSIS/Hypertension/data/Coloq/chr_7_snp151_hash_table.json"
$rs5
[1] "chr7_92209796"

$rs6
[1] "chr7_92117817"

$rs7
[1] "chr7_92150243"

[1] "hash table loaded"
[1] "/gpfs/projects/bsc83/Projects/Breast/ANALYSIS/Hypertension/analysis/06_colocalization/ColocQuiaL-main/GTEx_v8_Tissue_Summary_with_filenames_all.csv"
                          Tissue NumberRNASeqandGTSamples NumberRNASeqSamples
1              Muscle - Skeletal                      706                 803
2                    Whole Blood                      670                 755
3 Skin - Sun Exposed (Lower leg)                      605                 701
4                Artery - Tibial                      584                 663
5         Adipose - Subcutaneous                      581                 663
6                        Thyroid                      574                 653
  Number_of_eGenes                      allPairsTabixFilename
1            13532            Muscle_Skeletal.allpairs.tab.gz
2            12360                Whole_Blood.allpairs.tab.gz
3            16967 Skin_Sun_Exposed_Lower_leg.allpairs.tab.gz
4            15008              Artery_Tibial.allpairs.tab.gz
5            15607       Adipose_Subcutaneous.allpairs.tab.gz
6            17684                    Thyroid.allpairs.tab.gz
                                              sigPairsTabixFilename
1            Muscle_Skeletal.v8.v8.signif_variant_gene_pairs.tab.gz
2                Whole_Blood.v8.v8.signif_variant_gene_pairs.tab.gz
3 Skin_Sun_Exposed_Lower_leg.v8.v8.signif_variant_gene_pairs.tab.gz
4              Artery_Tibial.v8.v8.signif_variant_gene_pairs.tab.gz
5       Adipose_Subcutaneous.v8.v8.signif_variant_gene_pairs.tab.gz
6                    Thyroid.v8.v8.signif_variant_gene_pairs.tab.gz
[1] "chr7_92614358"
[1] "ENSG00000127980.15"
[1] "PEX1"
[1] "Muscle_Skeletal"
[1] "running liftOver"
[1] "Grabbing the all pairs data"
[1] "reading the all pairs data into R"
[1] 1445   14
[1] "Filtering on the geneID"
[1] "adding rs numbers to the QTL data"
[1] "merging the trait and eqtl data on unique ID"
[1] "Running coloc"
PP.H0.abf PP.H1.abf PP.H2.abf PP.H3.abf PP.H4.abf 
 8.57e-38  1.53e-01  1.80e-39  2.36e-03  8.45e-01 
[1] "PP abf for shared variant: 84.5%"

Variables in credible sets:

 variable variable_prob cs
        3     0.6905931  1
        4     0.3085055  1

Credible sets summary:

 cs cs_log10bf cs_avg_r2 cs_min_r2 variable
  1   40.19952 0.9954153 0.9954153      3,4

Variables in credible sets:

 variable variable_prob cs
        4    0.35598554  1
        3    0.19904887  1
        5    0.17842277  1
        1    0.17064104  1
        2    0.09590179  1

Credible sets summary:

 cs cs_log10bf cs_avg_r2 cs_min_r2  variable
  1   1.667719 0.8859085 0.8189526 1,2,3,4,5
PP.H0.abf PP.H1.abf PP.H2.abf PP.H3.abf PP.H4.abf 
 3.24e-38  2.57e-01  7.55e-40  4.50e-03  7.39e-01 
[1] "PP abf for shared variant: 73.9%"
   nsnps    hit1    hit2    PP.H0.abf PP.H1.abf    PP.H2.abf   PP.H3.abf
1:     5 rs42038 rs42235 3.243425e-38 0.2567385 7.545581e-40 0.004495293
   PP.H4.abf idx1 idx2
1: 0.7387663    1    1
[1] "ENSG00000157259.6"
[1] "GATAD1"
[1] "Skin_Sun_Exposed_Lower_leg"
[1] "running liftOver"
[1] "Grabbing the all pairs data"
[1] "reading the all pairs data into R"
[1] 1700   14
[1] "Filtering on the geneID"
[1] "adding rs numbers to the QTL data"
[1] "merging the trait and eqtl data on unique ID"
[1] "Running coloc"
PP.H0.abf PP.H1.abf PP.H2.abf PP.H3.abf PP.H4.abf 
 2.43e-37  4.31e-01  2.29e-39  3.50e-03  5.66e-01 
[1] "PP abf for shared variant: 56.6%"

Variables in credible sets:

 variable variable_prob cs
        3     0.6905931  1
        4     0.3085055  1

Credible sets summary:

 cs cs_log10bf cs_avg_r2 cs_min_r2 variable
  1   40.19952 0.9954153 0.9954153      3,4

Variables in credible sets:

 variable variable_prob cs
        1     0.3444051  1
        5     0.2364150  1
        4     0.1787160  1
        2     0.1388885  1
        3     0.1015753  1

Credible sets summary:

 cs cs_log10bf cs_avg_r2 cs_min_r2  variable
  1   1.310906 0.8859085 0.8189526 1,2,3,4,5
PP.H0.abf PP.H1.abf PP.H2.abf PP.H3.abf PP.H4.abf 
 7.65e-38  6.06e-01  7.83e-40  5.42e-03  3.89e-01 
[1] "PP abf for shared variant: 38.9%"
   nsnps    hit1       hit2    PP.H0.abf PP.H1.abf    PP.H2.abf   PP.H3.abf
1:     5 rs42038 rs10269774 7.654373e-38 0.6058941 7.830424e-40 0.005420927
   PP.H4.abf idx1 idx2
1:  0.388685    1    1
[1] "ENSG00000157259.6"
[1] "GATAD1"
[1] "Adipose_Subcutaneous"
[1] "running liftOver"
[1] "Grabbing the all pairs data"
[1] "reading the all pairs data into R"
[1] 1700   14
[1] "Filtering on the geneID"
[1] "adding rs numbers to the QTL data"
[1] "merging the trait and eqtl data on unique ID"
[1] "Running coloc"
PP.H0.abf PP.H1.abf PP.H2.abf PP.H3.abf PP.H4.abf 
 3.30e-37  5.85e-01  9.94e-40  1.35e-03  4.14e-01 
[1] "PP abf for shared variant: 41.4%"

Variables in credible sets:

 variable variable_prob cs
        3     0.6905931  1
        4     0.3085055  1

Credible sets summary:

 cs cs_log10bf cs_avg_r2 cs_min_r2 variable
  1   40.19952 0.9954153 0.9954153      3,4

Variables in credible sets:

 variable variable_prob cs
        4     0.2527498  1
        1     0.2491832  1
        3     0.2202894  1
        2     0.1479896  1
        5     0.1297880  1

Credible sets summary:

 cs cs_log10bf cs_avg_r2 cs_min_r2  variable
  1  0.7955228 0.8859085 0.8189526 1,2,3,4,5
PP.H0.abf PP.H1.abf PP.H2.abf PP.H3.abf PP.H4.abf 
 9.28e-38  7.34e-01  2.90e-40  1.76e-03  2.64e-01 
[1] "PP abf for shared variant: 26.4%"
   nsnps    hit1    hit2    PP.H0.abf PP.H1.abf    PP.H2.abf   PP.H3.abf
1:     5 rs42038 rs42235 9.276414e-38 0.7342893 2.896496e-40 0.001764876
   PP.H4.abf idx1 idx2
1: 0.2639458    1    1
[1] "ENSG00000157259.6"
[1] "GATAD1"
[1] "Nerve_Tibial"
[1] "running liftOver"
[1] "Grabbing the all pairs data"
[1] "reading the all pairs data into R"
[1] 1785   14
[1] "Filtering on the geneID"
[1] "adding rs numbers to the QTL data"
[1] "merging the trait and eqtl data on unique ID"
[1] "Running coloc"
PP.H0.abf PP.H1.abf PP.H2.abf PP.H3.abf PP.H4.abf 
 1.33e-37  2.36e-01  1.63e-39  2.11e-03  7.62e-01 
[1] "PP abf for shared variant: 76.2%"

Variables in credible sets:

 variable variable_prob cs
        3     0.6905931  1
        4     0.3085055  1

Credible sets summary:

 cs cs_log10bf cs_avg_r2 cs_min_r2 variable
  1   40.19952 0.9954153 0.9954153      3,4

Variables in credible sets:

 variable variable_prob cs
        4    0.38815375  1
        1    0.23937325  1
        3    0.17979833  1
        5    0.14051781  1
        2    0.05215686  1

Credible sets summary:

 cs cs_log10bf cs_avg_r2 cs_min_r2  variable
  1   1.452361 0.8859085 0.8189526 1,2,3,4,5
PP.H0.abf PP.H1.abf PP.H2.abf PP.H3.abf PP.H4.abf 
 4.61e-38  3.65e-01  6.53e-40  3.91e-03  6.31e-01 
[1] "PP abf for shared variant: 63.1%"
   nsnps    hit1    hit2    PP.H0.abf PP.H1.abf    PP.H2.abf   PP.H3.abf
1:     5 rs42038 rs42235 4.612183e-38 0.3650847 6.534884e-40 0.003910783
   PP.H4.abf idx1 idx2
1: 0.6310045    1    1
[1] "ENSG00000157259.6"
[1] "GATAD1"
[1] "Skin_Not_Sun_Exposed_Suprapubic"
[1] "running liftOver"
[1] "Grabbing the all pairs data"
[1] "reading the all pairs data into R"
[1] 1700   14
[1] "Filtering on the geneID"
[1] "adding rs numbers to the QTL data"
[1] "merging the trait and eqtl data on unique ID"
[1] "Running coloc"
PP.H0.abf PP.H1.abf PP.H2.abf PP.H3.abf PP.H4.abf 
 5.20e-39  9.28e-03  1.54e-39  1.77e-03  9.89e-01 
[1] "PP abf for shared variant: 98.9%"

Variables in credible sets:

 variable variable_prob cs
        3     0.6905931  1
        4     0.3085055  1

Credible sets summary:

 cs cs_log10bf cs_avg_r2 cs_min_r2 variable
  1   40.19952 0.9954153 0.9954153      3,4

Variables in credible sets:

 variable variable_prob cs
        4    0.43395531  1
        3    0.34995642  1
        1    0.11923577  1
        5    0.05051276  1

Credible sets summary:

 cs cs_log10bf cs_avg_r2 cs_min_r2 variable
  1   3.094485 0.8726216 0.8189526  1,3,4,5
PP.H0.abf PP.H1.abf PP.H2.abf PP.H3.abf PP.H4.abf 
 1.07e-39  8.47e-03  6.65e-40  3.29e-03  9.88e-01 
[1] "PP abf for shared variant: 98.8%"
   nsnps    hit1    hit2    PP.H0.abf   PP.H1.abf    PP.H2.abf   PP.H3.abf
1:     5 rs42038 rs42235 1.069617e-39 0.008466727 6.647883e-40 0.003285743
   PP.H4.abf idx1 idx2
1: 0.9882475    1    1
[1] "ENSG00000157259.6"
[1] "GATAD1"
[1] "Lung"
[1] "running liftOver"
[1] "Grabbing the all pairs data"
[1] "reading the all pairs data into R"
[1] 1700   14
[1] "Filtering on the geneID"
[1] "adding rs numbers to the QTL data"
[1] "merging the trait and eqtl data on unique ID"
[1] "Running coloc"
PP.H0.abf PP.H1.abf PP.H2.abf PP.H3.abf PP.H4.abf 
 6.77e-38  1.21e-01  1.24e-39  1.35e-03  8.77e-01 
[1] "PP abf for shared variant: 87.7%"

Variables in credible sets:

 variable variable_prob cs
        3     0.6905931  1
        4     0.3085055  1

Credible sets summary:

 cs cs_log10bf cs_avg_r2 cs_min_r2 variable
  1   40.19952 0.9954153 0.9954153      3,4

Variables in credible sets:

 variable variable_prob cs
        3    0.46965793  1
        4    0.33944231  1
        1    0.13945820  1
        2    0.03161744  1

Credible sets summary:

 cs cs_log10bf cs_avg_r2 cs_min_r2 variable
  1   1.675914  0.880046 0.8198343  1,2,3,4
PP.H0.abf PP.H1.abf PP.H2.abf PP.H3.abf PP.H4.abf 
 2.07e-38  1.64e-01  4.91e-40  2.22e-03  8.34e-01 
[1] "PP abf for shared variant: 83.4%"
   nsnps    hit1    hit2    PP.H0.abf PP.H1.abf   PP.H2.abf   PP.H3.abf
1:     5 rs42038 rs42038 2.071048e-38 0.1639371 4.90992e-40 0.002218837
   PP.H4.abf idx1 idx2
1:  0.833844    1    1
[1] "ENSG00000157259.6"
[1] "GATAD1"
[1] "Esophagus_Mucosa"
[1] "running liftOver"
[1] "Grabbing the all pairs data"
[1] "reading the all pairs data into R"
[1] 1530   14
[1] "Filtering on the geneID"
[1] "adding rs numbers to the QTL data"
[1] "merging the trait and eqtl data on unique ID"
[1] "Running coloc"
PP.H0.abf PP.H1.abf PP.H2.abf PP.H3.abf PP.H4.abf 
 2.23e-39  4.01e-03  1.22e-39  1.20e-03  9.95e-01 
[1] "PP abf for shared variant: 99.5%"

Variables in credible sets:

 variable variable_prob cs
        3     0.6905931  1
        4     0.3085055  1

Credible sets summary:

 cs cs_log10bf cs_avg_r2 cs_min_r2 variable
  1   40.19952 0.9954153 0.9954153      3,4

Variables in credible sets:

 variable variable_prob cs
        4     0.7571875  1
        3     0.2239550  1

Credible sets summary:

 cs cs_log10bf cs_avg_r2 cs_min_r2 variable
  1   3.505892 0.9954153 0.9954153      3,4
PP.H0.abf PP.H1.abf PP.H2.abf PP.H3.abf PP.H4.abf 
 4.03e-40  3.19e-03  6.47e-40  3.13e-03  9.94e-01 
[1] "PP abf for shared variant: 99.4%"
   nsnps    hit1    hit2    PP.H0.abf   PP.H1.abf    PP.H2.abf   PP.H3.abf
1:     5 rs42038 rs42235 4.034607e-40 0.003193658 6.466405e-40 0.003131236
   PP.H4.abf idx1 idx2
1: 0.9936751    1    1
[1] "ENSG00000157259.6"
[1] "GATAD1"
[1] "Esophagus_Muscularis"
[1] "running liftOver"
[1] "Grabbing the all pairs data"
[1] "reading the all pairs data into R"
[1] 1530   14
[1] "Filtering on the geneID"
[1] "adding rs numbers to the QTL data"
[1] "merging the trait and eqtl data on unique ID"
[1] "Running coloc"
PP.H0.abf PP.H1.abf PP.H2.abf PP.H3.abf PP.H4.abf 
 4.57e-37  8.26e-01  3.45e-40  4.50e-04  1.74e-01 
[1] "PP abf for shared variant: 17.4%"

Variables in credible sets:

 variable variable_prob cs
        3     0.6905931  1
        4     0.3085055  1

Credible sets summary:

 cs cs_log10bf cs_avg_r2 cs_min_r2 variable
  1   40.19952 0.9954153 0.9954153      3,4

Variables in credible sets:

 variable variable_prob cs
        3     0.2794517  1
        4     0.2484633  1
        1     0.1618563  1
        5     0.1563876  1
        2     0.1538411  1

Credible sets summary:

 cs cs_log10bf cs_avg_r2 cs_min_r2  variable
  1  0.2109923 0.8859085 0.8189526 1,2,3,4,5
PP.H0.abf PP.H1.abf PP.H2.abf PP.H3.abf PP.H4.abf 
 1.14e-37  9.01e-01  9.25e-41  5.35e-04  9.87e-02 
[1] "PP abf for shared variant: 9.87%"
   nsnps    hit1    hit2    PP.H0.abf PP.H1.abf    PP.H2.abf    PP.H3.abf
1:     5 rs42038 rs42038 1.137893e-37 0.9007174 9.248339e-41 0.0005345709
    PP.H4.abf idx1 idx2
1: 0.09874806    1    1
[1] "ENSG00000157259.6"
[1] "GATAD1"
[1] "Breast_Mammary_Tissue"
[1] "running liftOver"
[1] "Grabbing the all pairs data"
[1] "reading the all pairs data into R"
[1] 1785   14
[1] "Filtering on the geneID"
[1] "adding rs numbers to the QTL data"
[1] "merging the trait and eqtl data on unique ID"
[1] "Running coloc"
PP.H0.abf PP.H1.abf PP.H2.abf PP.H3.abf PP.H4.abf 
 4.95e-37  9.02e-01  2.08e-40  2.81e-04  9.77e-02 
[1] "PP abf for shared variant: 9.77%"

Variables in credible sets:

 variable variable_prob cs
        3     0.6905931  1
        4     0.3085055  1

Credible sets summary:

 cs cs_log10bf cs_avg_r2 cs_min_r2 variable
  1   40.19952 0.9954153 0.9954153      3,4

Variables in credible sets:

 variable variable_prob cs
        3     0.2523814  1
        5     0.1897757  1
        1     0.1866003  1
        4     0.1858876  1
        2     0.1853550  1

Credible sets summary:

 cs cs_log10bf cs_avg_r2 cs_min_r2  variable
  1 0.02121138 0.8859085 0.8189526 1,2,3,4,5
PP.H0.abf PP.H1.abf PP.H2.abf PP.H3.abf PP.H4.abf 
 1.19e-37  9.42e-01  6.25e-41  3.80e-04  5.73e-02 
[1] "PP abf for shared variant: 5.73%"
   nsnps    hit1    hit2  PP.H0.abf PP.H1.abf    PP.H2.abf    PP.H3.abf
1:     5 rs42038 rs42038 1.1904e-37 0.9422798 6.249916e-41 0.0003800419
    PP.H4.abf idx1 idx2
1: 0.05734011    1    1
[1] "ENSG00000157259.6"
[1] "GATAD1"
[1] "Colon_Transverse"
[1] "running liftOver"
[1] "Grabbing the all pairs data"
[1] "reading the all pairs data into R"
[1] 1530   14
[1] "Filtering on the geneID"
[1] "adding rs numbers to the QTL data"
[1] "merging the trait and eqtl data on unique ID"
[1] "Running coloc"
PP.H0.abf PP.H1.abf PP.H2.abf PP.H3.abf PP.H4.abf 
 3.01e-37  5.46e-01  6.81e-40  7.83e-04  4.54e-01 
[1] "PP abf for shared variant: 45.4%"

Variables in credible sets:

 variable variable_prob cs
        3     0.6905931  1
        4     0.3085055  1

Credible sets summary:

 cs cs_log10bf cs_avg_r2 cs_min_r2 variable
  1   40.19952 0.9954153 0.9954153      3,4

Variables in credible sets:

 variable variable_prob cs
        3    0.64438041  1
        2    0.11451268  1
        1    0.09477394  1
        4    0.07844233  1
        5    0.06789064  1

Credible sets summary:

 cs cs_log10bf cs_avg_r2 cs_min_r2  variable
  1  0.7084412 0.8859085 0.8189526 1,2,3,4,5
PP.H0.abf PP.H1.abf PP.H2.abf PP.H3.abf PP.H4.abf 
 7.89e-38  6.25e-01  2.02e-40  8.47e-04  3.75e-01 
[1] "PP abf for shared variant: 37.5%"
   nsnps    hit1    hit2   PP.H0.abf PP.H1.abf    PP.H2.abf    PP.H3.abf
1:     5 rs42038 rs42038 7.89119e-38 0.6246397 2.016293e-40 0.0008470026
   PP.H4.abf idx1 idx2
1: 0.3745133    1    1
[1] "ENSG00000157259.6"
[1] "GATAD1"
[1] "Stomach"
[1] "running liftOver"
[1] "Grabbing the all pairs data"
[1] "reading the all pairs data into R"
[1] 1530   14
[1] "Filtering on the geneID"
[1] "adding rs numbers to the QTL data"
[1] "merging the trait and eqtl data on unique ID"
[1] "Running coloc"
PP.H0.abf PP.H1.abf PP.H2.abf PP.H3.abf PP.H4.abf 
 4.63e-37  8.31e-01  3.62e-40  4.82e-04  1.68e-01 
[1] "PP abf for shared variant: 16.8%"

Variables in credible sets:

 variable variable_prob cs
        3     0.6905931  1
        4     0.3085055  1

Credible sets summary:

 cs cs_log10bf cs_avg_r2 cs_min_r2 variable
  1   40.19952 0.9954153 0.9954153      3,4

Variables in credible sets:

 variable variable_prob cs
        3     0.2979238  1
        1     0.2277675  1
        4     0.1974821  1
        2     0.1507243  1
        5     0.1261023  1

Credible sets summary:

 cs cs_log10bf cs_avg_r2 cs_min_r2  variable
  1  0.2084952 0.8859085 0.8189526 1,2,3,4,5
PP.H0.abf PP.H1.abf PP.H2.abf PP.H3.abf PP.H4.abf 
 1.14e-37  9.02e-01  9.21e-41  5.35e-04  9.73e-02 
[1] "PP abf for shared variant: 9.73%"
   nsnps    hit1    hit2    PP.H0.abf PP.H1.abf  PP.H2.abf    PP.H3.abf
1:     5 rs42038 rs42038 1.139772e-37 0.9022047 9.2105e-41 0.0005345504
    PP.H4.abf idx1 idx2
1: 0.09726071    1    1
[1] "ENSG00000105810.9"
[1] "CDK6"
[1] "Testis"
[1] "running liftOver"
[1] "Grabbing the all pairs data"
[1] "reading the all pairs data into R"
[1] 0 0
[1] "Did not find gene in all pairs data"
