[1] "trait"
[1] "PP"
[1] "trait_file_header_info"
[1] "/gpfs/projects/bsc83/Projects/Breast/ANALYSIS/Hypertension/analysis/06_colocalization/PP_Evangelou_parsed.txt"
[1] "Tested_Allele"
[1] "Other_Allele"
[1] "SNP"
[1] "CHR"
[1] "POS"
[1] "P"
[1] "N"
[1] "Freq_Tested_Allele"
[1] "traitType:"
[1] "quant"
[1] 6
[1] "Locus Info:"
[1] 6
[1] 159668662
[1] 159734491
[1] "rs449789"
[1] "QTL type:"
[1] "eqtl"
[1] TRUE
[1] "trait input file successfully loaded"
   CHR       POS      SNP Tested_Allele Other_Allele Freq_Tested_Allele    BETA
1:   6 159668662 rs294909             T            G             0.8627 -0.3685
2:   6 159671636 rs294902             T            C             0.1375 -0.3659
3:   6 159673246 rs294896             A            G             0.1375 -0.3662
4:   6 159684584 rs633880             T            C             0.1377 -0.3776
5:   6 159684911 rs824140             T            C             0.1347 -0.3778
6:   6 159691657 rs389546             T            C             0.1327 -0.3742
       SE         P      N Ref_Allele Alt_Allele
1: 0.0302 2.448e-34 717762          G          T
2: 0.0301 4.426e-34 721351          T          C
3: 0.0301 3.913e-34 721322          A          G
4: 0.0303 1.114e-35 709385          T          C
5: 0.0303 1.044e-35 722328          T          C
6: 0.0305 1.054e-34 724330          T          C
[1] "rs294909" "rs294902" "rs294896"
[1] "/gpfs/projects/bsc83/Projects/Breast/ANALYSIS/Hypertension/data/Coloq/chr_6_snp151_hash_table.json"
$rs233
[1] "chr6_163282976"

$rs553
[1] "chr6_131890900"

$rs577
[1] "chr6_157944003"

[1] "hash table loaded"
[1] "/gpfs/projects/bsc83/Projects/Breast/ANALYSIS/Hypertension/analysis/06_colocalization/ColocQuiaL-main/GTEx_v8_Tissue_Summary_with_filenames_all.csv"
                          Tissue NumberRNASeqandGTSamples NumberRNASeqSamples
1              Muscle - Skeletal                      706                 803
2                    Whole Blood                      670                 755
3 Skin - Sun Exposed (Lower leg)                      605                 701
4                Artery - Tibial                      584                 663
5         Adipose - Subcutaneous                      581                 663
6                        Thyroid                      574                 653
  Number_of_eGenes                      allPairsTabixFilename
1            13532            Muscle_Skeletal.allpairs.tab.gz
2            12360                Whole_Blood.allpairs.tab.gz
3            16967 Skin_Sun_Exposed_Lower_leg.allpairs.tab.gz
4            15008              Artery_Tibial.allpairs.tab.gz
5            15607       Adipose_Subcutaneous.allpairs.tab.gz
6            17684                    Thyroid.allpairs.tab.gz
                                              sigPairsTabixFilename
1            Muscle_Skeletal.v8.v8.signif_variant_gene_pairs.tab.gz
2                Whole_Blood.v8.v8.signif_variant_gene_pairs.tab.gz
3 Skin_Sun_Exposed_Lower_leg.v8.v8.signif_variant_gene_pairs.tab.gz
4              Artery_Tibial.v8.v8.signif_variant_gene_pairs.tab.gz
5       Adipose_Subcutaneous.v8.v8.signif_variant_gene_pairs.tab.gz
6                    Thyroid.v8.v8.signif_variant_gene_pairs.tab.gz
[1] "chr6_159278093"
[1] "ENSG00000164694.16"
[1] "FNDC1"
[1] "Artery_Tibial"
[1] "running liftOver"
[1] "Grabbing the all pairs data"
[1] "reading the all pairs data into R"
[1] 8427   14
[1] "Filtering on the geneID"
[1] "adding rs numbers to the QTL data"
[1] "merging the trait and eqtl data on unique ID"
[1] "Running coloc"
PP.H0.abf PP.H1.abf PP.H2.abf PP.H3.abf PP.H4.abf 
 1.59e-32  3.59e-02  2.60e-32  5.80e-02  9.06e-01 
[1] "PP abf for shared variant: 90.6%"

Variables in credible sets:

 variable variable_prob cs
       25    0.11090235  1
        6    0.10308525  1
       24    0.10187832  1
        2    0.09764716  1
        8    0.09764716  1
       23    0.07258391  1
       21    0.06957561  1
       28    0.05709115  1
        9    0.04559227  1
       27    0.04559227  1
       20    0.04370804  1
       22    0.04017133  1
       13    0.03594153  1
       12    0.02569223  1
        5    0.01192858  1

Credible sets summary:

 cs cs_log10bf cs_avg_r2 cs_min_r2                                variable
  1   33.30731         1         1 2,5,6,8,9,12,13,20,21,22,23,24,25,27,28

Variables in credible sets:

 variable variable_prob cs
       15   0.140312461  1
        3   0.101683970  1
       19   0.084038536  1
       29   0.084038536  1
       30   0.084038536  1
       32   0.062460016  1
        4   0.060997932  1
        5   0.039153025  1
        1   0.036129715  1
       12   0.034124979  1
       26   0.028796571  1
       31   0.028796571  1
       28   0.025794587  1
        7   0.019982650  1
       18   0.019084943  1
        6   0.015010591  1
       13   0.014786730  1
       16   0.011472018  1
       22   0.010724894  1
       10   0.009513642  1
       11   0.009513642  1
        9   0.008286980  1
       20   0.008248390  1
       21   0.008248390  1
       14   0.007447640  1

Credible sets summary:

 cs cs_log10bf cs_avg_r2 cs_min_r2
  1   3.413573 0.9158923 0.7779346
                                                            variable
 1,3,4,5,6,7,9,10,11,12,13,14,15,16,18,19,20,21,22,26,28,29,30,31,32
PP.H0.abf PP.H1.abf PP.H2.abf PP.H3.abf PP.H4.abf 
 2.72e-33  1.77e-02  2.26e-32  1.45e-01  8.37e-01 
[1] "PP abf for shared variant: 83.7%"
   nsnps     hit1      hit2    PP.H0.abf  PP.H1.abf   PP.H2.abf PP.H3.abf
1:    32 rs594613 rs4077944 2.724916e-33 0.01769361 2.25983e-32 0.1450623
   PP.H4.abf idx1 idx2
1: 0.8372441    1    1
[1] "ENSEMBL ID could not be converted to HGNC Symbol"
[1] "geneSymbol will be set to the ENSEMBL ID ENSG00000233682"
[1] "ENSG00000233682.3"
[1] "ENSG00000233682"
[1] "Artery_Tibial"
[1] "running liftOver"
[1] "Grabbing the all pairs data"
[1] "reading the all pairs data into R"
[1] 8427   14
[1] "Filtering on the geneID"
[1] "adding rs numbers to the QTL data"
[1] "merging the trait and eqtl data on unique ID"
[1] "Running coloc"
PP.H0.abf PP.H1.abf PP.H2.abf PP.H3.abf PP.H4.abf 
 9.82e-32  2.22e-01  1.38e-32  3.04e-02  7.47e-01 
[1] "PP abf for shared variant: 74.7%"

Variables in credible sets:

 variable variable_prob cs
       25    0.11090235  1
        6    0.10308525  1
       24    0.10187832  1
        2    0.09764716  1
        8    0.09764716  1
       23    0.07258391  1
       21    0.06957561  1
       28    0.05709115  1
        9    0.04559227  1
       27    0.04559227  1
       20    0.04370804  1
       22    0.04017133  1
       13    0.03594153  1
       12    0.02569223  1
        5    0.01192858  1

Credible sets summary:

 cs cs_log10bf cs_avg_r2 cs_min_r2                                variable
  1   33.30731         1         1 2,5,6,8,9,12,13,20,21,22,23,24,25,27,28

Variables in credible sets:

 variable variable_prob cs
       19    0.10007493  1
       29    0.10007493  1
       30    0.10007493  1
       15    0.08823607  1
        3    0.07327445  1
        4    0.04952653  1
       32    0.04934174  1
        6    0.03724244  1
       27    0.03356926  1
       13    0.03090504  1
        5    0.02951106  1
       12    0.02303959  1
        1    0.02092853  1
       22    0.02041124  1
        2    0.01837640  1
        8    0.01837640  1
       23    0.01837640  1
       24    0.01837640  1
       25    0.01837640  1
       28    0.01819278  1
       26    0.01814067  1
       31    0.01814067  1
       20    0.01682537  1
       21    0.01682537  1
        7    0.01652405  1

Credible sets summary:

 cs cs_log10bf cs_avg_r2 cs_min_r2
  1   1.958194 0.9325566 0.8336932
                                                           variable
 1,2,3,4,5,6,7,8,12,13,15,19,20,21,22,23,24,25,26,27,28,29,30,31,32
PP.H0.abf PP.H1.abf PP.H2.abf PP.H3.abf PP.H4.abf 
 3.50e-32  2.27e-01  1.02e-32  6.46e-02  7.08e-01 
[1] "PP abf for shared variant: 70.8%"
   nsnps     hit1      hit2    PP.H0.abf PP.H1.abf    PP.H2.abf  PP.H3.abf
1:    32 rs594613 rs4709297 3.500017e-32 0.2272655 1.017219e-32 0.06463457
   PP.H4.abf idx1 idx2
1:    0.7081    1    1
[1] "ENSG00000146457.14"
[1] "WTAP"
[1] "Adipose_Subcutaneous"
[1] "running liftOver"
[1] "Grabbing the all pairs data"
[1] "reading the all pairs data into R"
[1] 8560   14
[1] "Filtering on the geneID"
[1] "adding rs numbers to the QTL data"
[1] "merging the trait and eqtl data on unique ID"
[1] "Running coloc"
PP.H0.abf PP.H1.abf PP.H2.abf PP.H3.abf PP.H4.abf 
 4.12e-31  8.99e-01  1.62e-33  3.45e-03  9.77e-02 
[1] "PP abf for shared variant: 9.77%"

Variables in credible sets:

 variable variable_prob cs
       25    0.11090235  1
        6    0.10308525  1
       24    0.10187832  1
        2    0.09764716  1
        8    0.09764716  1
       23    0.07258391  1
       21    0.06957561  1
       28    0.05709115  1
        9    0.04559227  1
       27    0.04559227  1
       20    0.04370804  1
       22    0.04017133  1
       13    0.03594153  1
       12    0.02569223  1
        5    0.01192858  1

Credible sets summary:

 cs cs_log10bf cs_avg_r2 cs_min_r2                                variable
  1   33.30731         1         1 2,5,6,8,9,12,13,20,21,22,23,24,25,27,28

Variables in credible sets:

 variable variable_prob cs
       17    0.04443561  1
       18    0.04442683  1
        5    0.04101373  1
        7    0.04101373  1
        1    0.04024555  1
       10    0.03690215  1
       11    0.03690215  1
       13    0.03255009  1
       28    0.03164563  1
       32    0.03143137  1
       16    0.03098299  1
       26    0.03081304  1
       31    0.03081304  1
       27    0.03056755  1
       14    0.03047890  1
        9    0.02937185  1
        4    0.02881375  1
        2    0.02821999  1
        6    0.02821999  1
        8    0.02821999  1
       23    0.02821999  1
       24    0.02821999  1
       25    0.02821999  1
       22    0.02717386  1
       19    0.02716327  1
       29    0.02716327  1
       30    0.02716327  1
       15    0.02716299  1
       20    0.02578784  1
       21    0.02578784  1
       12    0.02566552  1

Credible sets summary:

 cs cs_log10bf cs_avg_r2 cs_min_r2
  1  0.0958624 0.9324794 0.7779346
                                                                             variable
 1,2,4,5,6,7,8,9,10,11,12,13,14,15,16,17,18,19,20,21,22,23,24,25,26,27,28,29,30,31,32
PP.H0.abf PP.H1.abf PP.H2.abf PP.H3.abf PP.H4.abf 
 1.45e-31  9.42e-01  5.79e-34  3.65e-03  5.44e-02 
[1] "PP abf for shared variant: 5.44%"
   nsnps     hit1     hit2    PP.H0.abf PP.H1.abf    PP.H2.abf   PP.H3.abf
1:    32 rs594613 rs434578 1.450694e-31 0.9419745 5.788797e-34 0.003650069
    PP.H4.abf idx1 idx2
1: 0.05437539    1    1
[1] "ENSG00000164694.16"
[1] "FNDC1"
[1] "Lung"
[1] "running liftOver"
[1] "Grabbing the all pairs data"
[1] "reading the all pairs data into R"
[1] 9610   14
[1] "Filtering on the geneID"
[1] "adding rs numbers to the QTL data"
[1] "merging the trait and eqtl data on unique ID"
[1] "Running coloc"
PP.H0.abf PP.H1.abf PP.H2.abf PP.H3.abf PP.H4.abf 
 2.90e-31  6.24e-01  8.33e-33  1.75e-02  3.58e-01 
[1] "PP abf for shared variant: 35.8%"

Variables in credible sets:

 variable variable_prob cs
       25    0.11090235  1
        6    0.10308525  1
       24    0.10187832  1
        2    0.09764716  1
        8    0.09764716  1
       23    0.07258391  1
       21    0.06957561  1
       28    0.05709115  1
        9    0.04559227  1
       27    0.04559227  1
       20    0.04370804  1
       22    0.04017133  1
       13    0.03594153  1
       12    0.02569223  1
        5    0.01192858  1

Credible sets summary:

 cs cs_log10bf cs_avg_r2 cs_min_r2                                variable
  1   33.30731         1         1 2,5,6,8,9,12,13,20,21,22,23,24,25,27,28

Variables in credible sets:

 variable variable_prob cs
       32    0.07647548  1
        4    0.07101018  1
       15    0.06934644  1
        5    0.05691463  1
        7    0.05691463  1
        1    0.05366675  1
       19    0.05358708  1
       29    0.05358708  1
       30    0.05358708  1
        3    0.04943514  1
       14    0.03220099  1
       16    0.03220099  1
       27    0.02980053  1
       18    0.02920207  1
       17    0.02278954  1
       12    0.01926764  1
        2    0.01832664  1
        6    0.01832664  1
       23    0.01832664  1
       24    0.01832664  1
       25    0.01832664  1
       13    0.01595005  1
       28    0.01484191  1
       10    0.01468878  1
       11    0.01468878  1
       26    0.01452598  1
       31    0.01452598  1
       20    0.01313967  1

Credible sets summary:

 cs cs_log10bf cs_avg_r2 cs_min_r2
  1   1.065186 0.9215652 0.7779346
                                                                     variable
 1,2,3,4,5,6,7,10,11,12,13,14,15,16,17,18,19,20,23,24,25,26,27,28,29,30,31,32
PP.H0.abf PP.H1.abf PP.H2.abf PP.H3.abf PP.H4.abf 
 1.12e-31  7.29e-01  4.18e-33  2.66e-02  2.44e-01 
[1] "PP abf for shared variant: 24.4%"
   nsnps     hit1     hit2  PP.H0.abf PP.H1.abf    PP.H2.abf  PP.H3.abf
1:    32 rs594613 rs905684 1.1232e-31  0.729324 4.176319e-33 0.02662986
   PP.H4.abf idx1 idx2
1: 0.2440462    1    1
[1] "ENSG00000164694.16"
[1] "FNDC1"
[1] "Esophagus_Muscularis"
[1] "running liftOver"
[1] "Grabbing the all pairs data"
[1] "reading the all pairs data into R"
[1] 8777   14
[1] "Filtering on the geneID"
[1] "adding rs numbers to the QTL data"
[1] "merging the trait and eqtl data on unique ID"
[1] "Running coloc"
PP.H0.abf PP.H1.abf PP.H2.abf PP.H3.abf PP.H4.abf 
 3.06e-35  6.45e-05  4.72e-32  9.86e-02  9.01e-01 
[1] "PP abf for shared variant: 90.1%"

Variables in credible sets:

 variable variable_prob cs
       25    0.11090235  1
        6    0.10308525  1
       24    0.10187832  1
        2    0.09764716  1
        8    0.09764716  1
       23    0.07258391  1
       21    0.06957561  1
       28    0.05709115  1
        9    0.04559227  1
       27    0.04559227  1
       20    0.04370804  1
       22    0.04017133  1
       13    0.03594153  1
       12    0.02569223  1
        5    0.01192858  1

Credible sets summary:

 cs cs_log10bf cs_avg_r2 cs_min_r2                                variable
  1   33.30731         1         1 2,5,6,8,9,12,13,20,21,22,23,24,25,27,28

Variables in credible sets:

 variable variable_prob cs
       10    0.45462996  1
       11    0.45462996  1
       26    0.02423262  1
       31    0.02423262  1

Credible sets summary:

 cs cs_log10bf cs_avg_r2 cs_min_r2    variable
  1   8.390137 0.9696393 0.9546345 10,11,26,31
PP.H0.abf PP.H1.abf PP.H2.abf PP.H3.abf PP.H4.abf 
 1.02e-37  6.60e-07  7.98e-32  5.17e-01  4.83e-01 
[1] "PP abf for shared variant: 48.3%"
   nsnps     hit1     hit2   PP.H0.abf    PP.H1.abf    PP.H2.abf PP.H3.abf
1:    32 rs594613 rs294896 1.01614e-37 6.598065e-07 7.984368e-32 0.5174813
   PP.H4.abf idx1 idx2
1: 0.4825181    1    1
[1] "ENSEMBL ID could not be converted to HGNC Symbol"
[1] "geneSymbol will be set to the ENSEMBL ID ENSG00000233682"
[1] "ENSG00000233682.3"
[1] "ENSG00000233682"
[1] "Esophagus_Muscularis"
[1] "running liftOver"
[1] "Grabbing the all pairs data"
[1] "reading the all pairs data into R"
[1] 8777   14
[1] "Filtering on the geneID"
[1] "adding rs numbers to the QTL data"
[1] "merging the trait and eqtl data on unique ID"
[1] "Running coloc"
PP.H0.abf PP.H1.abf PP.H2.abf PP.H3.abf PP.H4.abf 
 2.89e-33  6.09e-03  2.12e-32  4.38e-02  9.50e-01 
[1] "PP abf for shared variant: 95%"

Variables in credible sets:

 variable variable_prob cs
       25    0.11090235  1
        6    0.10308525  1
       24    0.10187832  1
        2    0.09764716  1
        8    0.09764716  1
       23    0.07258391  1
       21    0.06957561  1
       28    0.05709115  1
        9    0.04559227  1
       27    0.04559227  1
       20    0.04370804  1
       22    0.04017133  1
       13    0.03594153  1
       12    0.02569223  1
        5    0.01192858  1

Credible sets summary:

 cs cs_log10bf cs_avg_r2 cs_min_r2                                variable
  1   33.30731         1         1 2,5,6,8,9,12,13,20,21,22,23,24,25,27,28

Variables in credible sets:

 variable variable_prob cs
       10    0.11766104  1
       11    0.11766104  1
        7    0.09163330  1
       18    0.09160712  1
       12    0.08913723  1
       26    0.07515593  1
       31    0.07515593  1
        5    0.06288493  1
        1    0.05387091  1
       17    0.02013867  1
        9    0.01782917  1
       27    0.01652110  1
       22    0.01380671  1
       20    0.01361762  1
       21    0.01361762  1
       13    0.01312216  1
        2    0.01228367  1
       23    0.01228367  1
       24    0.01228367  1
       25    0.01228367  1
       14    0.01056577  1
       16    0.01056577  1

Credible sets summary:

 cs cs_log10bf cs_avg_r2 cs_min_r2
  1   4.419144 0.9715765 0.9030796
                                                     variable
 1,2,5,7,9,10,11,12,13,14,16,17,18,20,21,22,23,24,25,26,27,31
PP.H0.abf PP.H1.abf PP.H2.abf PP.H3.abf PP.H4.abf 
 1.91e-34  1.24e-03  1.60e-32  1.02e-01  8.96e-01 
[1] "PP abf for shared variant: 89.6%"
   nsnps     hit1     hit2    PP.H0.abf  PP.H1.abf    PP.H2.abf PP.H3.abf
1:    32 rs594613 rs294896 1.908223e-34 0.00123906 1.602961e-32 0.1022916
   PP.H4.abf idx1 idx2
1: 0.8964694    1    1
[1] "ENSG00000164694.16"
[1] "FNDC1"
[1] "Artery_Aorta"
[1] "running liftOver"
[1] "Grabbing the all pairs data"
[1] "reading the all pairs data into R"
[1] 8777   14
[1] "Filtering on the geneID"
[1] "adding rs numbers to the QTL data"
[1] "merging the trait and eqtl data on unique ID"
[1] "Running coloc"
PP.H0.abf PP.H1.abf PP.H2.abf PP.H3.abf PP.H4.abf 
 3.33e-31  7.34e-01  4.53e-33  9.70e-03  2.57e-01 
[1] "PP abf for shared variant: 25.7%"

Variables in credible sets:

 variable variable_prob cs
       25    0.11090235  1
        6    0.10308525  1
       24    0.10187832  1
        2    0.09764716  1
        8    0.09764716  1
       23    0.07258391  1
       21    0.06957561  1
       28    0.05709115  1
        9    0.04559227  1
       27    0.04559227  1
       20    0.04370804  1
       22    0.04017133  1
       13    0.03594153  1
       12    0.02569223  1
        5    0.01192858  1

Credible sets summary:

 cs cs_log10bf cs_avg_r2 cs_min_r2                                variable
  1   33.30731         1         1 2,5,6,8,9,12,13,20,21,22,23,24,25,27,28

Variables in credible sets:

 variable variable_prob cs
        4    0.05838209  1
       19    0.05309433  1
       29    0.05309433  1
       30    0.05309433  1
        3    0.05169713  1
        1    0.05079050  1
       15    0.04856775  1
        7    0.04703943  1
        5    0.04495858  1
       12    0.04130565  1
       18    0.03911950  1
       32    0.03513544  1
       21    0.02720229  1
       22    0.02720229  1
        9    0.02551897  1
       27    0.02539302  1
       14    0.02536982  1
       16    0.02536982  1
        6    0.02293530  1
        2    0.02282261  1
        8    0.02282261  1
       20    0.02282261  1
       23    0.02282261  1
       24    0.02282261  1
       25    0.02282261  1
       13    0.02154109  1
       28    0.02154109  1
       26    0.01651014  1

Credible sets summary:

 cs cs_log10bf cs_avg_r2 cs_min_r2
  1  0.7192008 0.9341135 0.8261919
                                                                   variable
 1,2,3,4,5,6,7,8,9,12,13,14,15,16,18,19,20,21,22,23,24,25,26,27,28,29,30,32
PP.H0.abf PP.H1.abf PP.H2.abf PP.H3.abf PP.H4.abf 
 1.26e-31  8.17e-01  2.11e-33  1.34e-02  1.70e-01 
[1] "PP abf for shared variant: 17%"
   nsnps     hit1      hit2    PP.H0.abf PP.H1.abf    PP.H2.abf  PP.H3.abf
1:    32 rs594613 rs1504255 1.258294e-31 0.8170438 2.109273e-33 0.01335688
   PP.H4.abf idx1 idx2
1: 0.1695993    1    1
[1] "ENSG00000164694.16"
[1] "FNDC1"
[1] "Esophagus_Gastroesophageal_Junction"
[1] "running liftOver"
[1] "Grabbing the all pairs data"
[1] "reading the all pairs data into R"
[1] 9127   14
[1] "Filtering on the geneID"
[1] "adding rs numbers to the QTL data"
[1] "merging the trait and eqtl data on unique ID"
[1] "Running coloc"
PP.H0.abf PP.H1.abf PP.H2.abf PP.H3.abf PP.H4.abf 
 7.33e-32  1.65e-01  1.12e-32  2.43e-02  8.11e-01 
[1] "PP abf for shared variant: 81.1%"

Variables in credible sets:

 variable variable_prob cs
       25    0.11090235  1
        6    0.10308525  1
       24    0.10187832  1
        2    0.09764716  1
        8    0.09764716  1
       23    0.07258391  1
       21    0.06957561  1
       28    0.05709115  1
        9    0.04559227  1
       27    0.04559227  1
       20    0.04370804  1
       22    0.04017133  1
       13    0.03594153  1
       12    0.02569223  1
        5    0.01192858  1

Credible sets summary:

 cs cs_log10bf cs_avg_r2 cs_min_r2                                variable
  1   33.30731         1         1 2,5,6,8,9,12,13,20,21,22,23,24,25,27,28

Variables in credible sets:

 variable variable_prob cs
       10    0.11953236  1
       11    0.11953236  1
       13    0.08234086  1
        6    0.07002162  1
       27    0.04482901  1
        5    0.03867902  1
       28    0.03572796  1
       26    0.03265002  1
       31    0.03265002  1
        9    0.02997265  1
       12    0.02742669  1
        2    0.02596286  1
       20    0.02596286  1
       21    0.02596286  1
       22    0.02596286  1
       23    0.02596286  1
       24    0.02596286  1
       25    0.02596286  1
        8    0.02502925  1
        7    0.01876492  1
       14    0.01776207  1
       16    0.01776207  1
        4    0.01750620  1
       18    0.01254213  1
        3    0.01215168  1
       19    0.01215168  1
       29    0.01215168  1

Credible sets summary:

 cs cs_log10bf cs_avg_r2 cs_min_r2
  1   2.462529 0.9390603 0.7779346
                                                                 variable
 2,3,4,5,6,7,8,9,10,11,12,13,14,16,18,19,20,21,22,23,24,25,26,27,28,29,31
PP.H0.abf PP.H1.abf PP.H2.abf PP.H3.abf PP.H4.abf 
 8.74e-33  5.67e-02  8.11e-33  5.09e-02  8.92e-01 
[1] "PP abf for shared variant: 89.2%"
   nsnps     hit1     hit2    PP.H0.abf  PP.H1.abf    PP.H2.abf  PP.H3.abf
1:    32 rs594613 rs294896 8.736963e-33 0.05673143 8.110345e-33 0.05087786
   PP.H4.abf idx1 idx2
1: 0.8923907    1    1
[1] "ENSEMBL ID could not be converted to HGNC Symbol"
[1] "geneSymbol will be set to the ENSEMBL ID ENSG00000233682"
[1] "ENSG00000233682.3"
[1] "ENSG00000233682"
[1] "Esophagus_Gastroesophageal_Junction"
[1] "running liftOver"
[1] "Grabbing the all pairs data"
[1] "reading the all pairs data into R"
[1] 9127   14
[1] "Filtering on the geneID"
[1] "adding rs numbers to the QTL data"
[1] "merging the trait and eqtl data on unique ID"
[1] "Running coloc"
PP.H0.abf PP.H1.abf PP.H2.abf PP.H3.abf PP.H4.abf 
 5.59e-32  1.26e-01  1.36e-32  2.96e-02  8.45e-01 
[1] "PP abf for shared variant: 84.5%"

Variables in credible sets:

 variable variable_prob cs
       25    0.11090235  1
        6    0.10308525  1
       24    0.10187832  1
        2    0.09764716  1
        8    0.09764716  1
       23    0.07258391  1
       21    0.06957561  1
       28    0.05709115  1
        9    0.04559227  1
       27    0.04559227  1
       20    0.04370804  1
       22    0.04017133  1
       13    0.03594153  1
       12    0.02569223  1
        5    0.01192858  1

Credible sets summary:

 cs cs_log10bf cs_avg_r2 cs_min_r2                                variable
  1   33.30731         1         1 2,5,6,8,9,12,13,20,21,22,23,24,25,27,28

Variables in credible sets:

 variable variable_prob cs
        5    0.08038469  1
       13    0.06303344  1
       10    0.05530485  1
       11    0.05530485  1
       18    0.05502422  1
        7    0.05089148  1
        6    0.05006146  1
        9    0.03217507  1
        4    0.03211917  1
        3    0.03166709  1
       19    0.03166709  1
       29    0.03166709  1
       30    0.03166709  1
       32    0.02787295  1
       27    0.02769316  1
        1    0.02762773  1
        2    0.02596494  1
       20    0.02596494  1
       21    0.02596494  1
       22    0.02596494  1
       23    0.02596494  1
       24    0.02596494  1
       25    0.02596494  1
       26    0.02550853  1
       31    0.02550853  1
       12    0.01710313  1
       15    0.01707307  1

Credible sets summary:

 cs cs_log10bf cs_avg_r2 cs_min_r2
  1   2.754321 0.9246823 0.7779346
                                                                 variable
 1,2,3,4,5,6,7,9,10,11,12,13,15,18,19,20,21,22,23,24,25,26,27,29,30,31,32
PP.H0.abf PP.H1.abf PP.H2.abf PP.H3.abf PP.H4.abf 
 5.30e-33  3.44e-02  9.64e-33  6.08e-02  9.05e-01 
[1] "PP abf for shared variant: 90.5%"
   nsnps     hit1      hit2    PP.H0.abf  PP.H1.abf    PP.H2.abf  PP.H3.abf
1:    32 rs594613 rs1875817 5.303323e-33 0.03443589 9.638715e-33 0.06077718
   PP.H4.abf idx1 idx2
1: 0.9047869    1    1
[1] "ENSG00000164694.16"
[1] "FNDC1"
[1] "Brain_Cerebellum"
[1] "running liftOver"
[1] "Grabbing the all pairs data"
[1] "reading the all pairs data into R"
[1] 9610   14
[1] "Filtering on the geneID"
[1] "adding rs numbers to the QTL data"
[1] "merging the trait and eqtl data on unique ID"
[1] "Running coloc"
PP.H0.abf PP.H1.abf PP.H2.abf PP.H3.abf PP.H4.abf 
 7.99e-32  1.77e-01  8.08e-33  1.71e-02  8.06e-01 
[1] "PP abf for shared variant: 80.6%"

Variables in credible sets:

 variable variable_prob cs
       25    0.11090235  1
        6    0.10308525  1
       24    0.10187832  1
        2    0.09764716  1
        8    0.09764716  1
       23    0.07258391  1
       21    0.06957561  1
       28    0.05709115  1
        9    0.04559227  1
       27    0.04559227  1
       20    0.04370804  1
       22    0.04017133  1
       13    0.03594153  1
       12    0.02569223  1
        5    0.01192858  1

Credible sets summary:

 cs cs_log10bf cs_avg_r2 cs_min_r2                                variable
  1   33.30731         1         1 2,5,6,8,9,12,13,20,21,22,23,24,25,27,28

Variables in credible sets:

 variable variable_prob cs
       20    0.15083520  1
        2    0.06613832  1
        6    0.06613832  1
        8    0.06613832  1
       23    0.06613832  1
       24    0.06613832  1
       25    0.06613832  1
       27    0.06613832  1
       22    0.05950534  1
       21    0.04396129  1
       13    0.03281424  1
        1    0.03117226  1
        5    0.03117226  1
        7    0.03117226  1
       28    0.02282885  1
        9    0.02243185  1
       12    0.02243185  1
       18    0.01633179  1
       26    0.01260200  1
       31    0.01260200  1

Credible sets summary:

 cs cs_log10bf cs_avg_r2 cs_min_r2
  1   2.855029  0.991573 0.9559266
                                             variable
 1,2,5,6,7,8,9,12,13,18,20,21,22,23,24,25,26,27,28,31
PP.H0.abf PP.H1.abf PP.H2.abf PP.H3.abf PP.H4.abf 
 2.18e-33  1.41e-02  4.99e-33  3.05e-02  9.55e-01 
[1] "PP abf for shared variant: 95.5%"
   nsnps     hit1     hit2    PP.H0.abf  PP.H1.abf    PP.H2.abf  PP.H3.abf
1:    32 rs594613 rs498223 2.177812e-33 0.01414112 4.991136e-33 0.03049806
   PP.H4.abf idx1 idx2
1: 0.9553608    1    1
