[1] "trait"
[1] "PP"
[1] "trait_file_header_info"
[1] "/gpfs/projects/bsc83/Projects/Breast/ANALYSIS/Hypertension/analysis/06_colocalization/PP_Evangelou_parsed.txt"
[1] "Tested_Allele"
[1] "Other_Allele"
[1] "SNP"
[1] "CHR"
[1] "POS"
[1] "P"
[1] "N"
[1] "Freq_Tested_Allele"
[1] "traitType:"
[1] "quant"
[1] 11
[1] "Locus Info:"
[1] 11
[1] 117256384
[1] 117283676
[1] "rs8258"
[1] "QTL type:"
[1] "eqtl"
[1] TRUE
[1] "trait input file successfully loaded"
   CHR       POS      SNP Tested_Allele Other_Allele Freq_Tested_Allele    BETA
1:  11 117256384 rs560355             C            G             0.3749 -0.2309
2:  11 117266754 rs693147             A            C             0.3752 -0.2348
3:  11 117283676   rs8258             T            C             0.3742 -0.2225
       SE         P      N Ref_Allele Alt_Allele
1: 0.0211 9.448e-28 733345          C          G
2: 0.0213 2.717e-28 724036          A          C
3: 0.0212 9.416e-26 732288          T          C
[1] "rs560355" "rs693147" "rs8258"  
[1] "/gpfs/projects/bsc83/Projects/Breast/ANALYSIS/Hypertension/data/Coloq/chr_11_snp151_hash_table.json"
$rs245
[1] "chr11_31975788"

$rs246
[1] "chr11_133075651"

$rs334
[1] "chr11_5227002"

[1] "hash table loaded"
[1] "/gpfs/projects/bsc83/Projects/Breast/ANALYSIS/Hypertension/analysis/06_colocalization/ColocQuiaL-main/GTEx_v8_Tissue_Summary_with_filenames_all.csv"
                          Tissue NumberRNASeqandGTSamples NumberRNASeqSamples
1              Muscle - Skeletal                      706                 803
2                    Whole Blood                      670                 755
3 Skin - Sun Exposed (Lower leg)                      605                 701
4                Artery - Tibial                      584                 663
5         Adipose - Subcutaneous                      581                 663
6                        Thyroid                      574                 653
  Number_of_eGenes                      allPairsTabixFilename
1            13532            Muscle_Skeletal.allpairs.tab.gz
2            12360                Whole_Blood.allpairs.tab.gz
3            16967 Skin_Sun_Exposed_Lower_leg.allpairs.tab.gz
4            15008              Artery_Tibial.allpairs.tab.gz
5            15607       Adipose_Subcutaneous.allpairs.tab.gz
6            17684                    Thyroid.allpairs.tab.gz
                                              sigPairsTabixFilename
1            Muscle_Skeletal.v8.v8.signif_variant_gene_pairs.tab.gz
2                Whole_Blood.v8.v8.signif_variant_gene_pairs.tab.gz
3 Skin_Sun_Exposed_Lower_leg.v8.v8.signif_variant_gene_pairs.tab.gz
4              Artery_Tibial.v8.v8.signif_variant_gene_pairs.tab.gz
5       Adipose_Subcutaneous.v8.v8.signif_variant_gene_pairs.tab.gz
6                    Thyroid.v8.v8.signif_variant_gene_pairs.tab.gz
[1] "chr11_117412960"
[1] "ENSG00000110274.15"
[1] "CEP164"
[1] "Thyroid"
[1] "running liftOver"
[1] "Grabbing the all pairs data"
[1] "reading the all pairs data into R"
[1] 2093   14
[1] "Filtering on the geneID"
[1] "adding rs numbers to the QTL data"
[1] "merging the trait and eqtl data on unique ID"
[1] "Running coloc"
PP.H0.abf PP.H1.abf PP.H2.abf PP.H3.abf PP.H4.abf 
 2.87e-22  8.84e-02  5.20e-24  6.88e-04  9.11e-01 
[1] "PP abf for shared variant: 91.1%"

Variables in credible sets:

 variable variable_prob cs
        1     0.9964464  1

Credible sets summary:

 cs cs_log10bf cs_avg_r2 cs_min_r2 variable
  1   24.82813         1         1        1

Variables in credible sets:

 variable variable_prob cs
        1     0.5781524  1
        2     0.4218476  1

Credible sets summary:

 cs cs_log10bf cs_avg_r2 cs_min_r2 variable
  1   2.067394 0.9040872 0.9040872      1,2
PP.H0.abf PP.H1.abf PP.H2.abf PP.H3.abf PP.H4.abf 
 9.58e-23  1.29e-01  2.24e-24  1.27e-03  8.70e-01 
[1] "PP abf for shared variant: 87%"
   nsnps     hit1     hit2    PP.H0.abf PP.H1.abf    PP.H2.abf   PP.H3.abf
1:     2 rs693147 rs693147 9.577141e-23 0.1289418 2.236967e-24 0.001272168
   PP.H4.abf idx1 idx2
1:  0.869786    1    1
[1] "ENSG00000110274.15"
[1] "CEP164"
[1] "Artery_Aorta"
[1] "running liftOver"
[1] "Grabbing the all pairs data"
[1] "reading the all pairs data into R"
[1] 1925   14
[1] "Filtering on the geneID"
[1] "adding rs numbers to the QTL data"
[1] "merging the trait and eqtl data on unique ID"
[1] "Running coloc"
PP.H0.abf PP.H1.abf PP.H2.abf PP.H3.abf PP.H4.abf 
 3.03e-23  9.24e-03  4.86e-24  4.92e-04  9.90e-01 
[1] "PP abf for shared variant: 99%"

Variables in credible sets:

 variable variable_prob cs
        1     0.9964464  1

Credible sets summary:

 cs cs_log10bf cs_avg_r2 cs_min_r2 variable
  1   24.82813         1         1        1

Variables in credible sets:

 variable variable_prob cs
        1     0.7139953  1
        2     0.2860047  1

Credible sets summary:

 cs cs_log10bf cs_avg_r2 cs_min_r2 variable
  1   3.412559 0.9040872 0.9040872      1,2
PP.H0.abf PP.H1.abf PP.H2.abf PP.H3.abf PP.H4.abf 
 4.01e-24  5.39e-03  2.07e-24  8.02e-04  9.94e-01 
[1] "PP abf for shared variant: 99.4%"
   nsnps     hit1     hit2   PP.H0.abf   PP.H1.abf    PP.H2.abf    PP.H3.abf
1:     2 rs693147 rs693147 4.00695e-24 0.005394756 2.072064e-24 0.0008021169
   PP.H4.abf idx1 idx2
1: 0.9938031    1    1
[1] "ENSG00000110274.15"
[1] "CEP164"
[1] "Heart_Atrial_Appendage"
[1] "running liftOver"
[1] "Grabbing the all pairs data"
[1] "reading the all pairs data into R"
[1] 1813   14
[1] "Filtering on the geneID"
[1] "adding rs numbers to the QTL data"
[1] "merging the trait and eqtl data on unique ID"
[1] "Running coloc"
PP.H0.abf PP.H1.abf PP.H2.abf PP.H3.abf PP.H4.abf 
 2.31e-21  7.45e-01  3.98e-24  1.03e-03  2.54e-01 
[1] "PP abf for shared variant: 25.4%"

Variables in credible sets:

 variable variable_prob cs
        1     0.9964464  1

Credible sets summary:

 cs cs_log10bf cs_avg_r2 cs_min_r2 variable
  1   24.82813         1         1        1

Variables in credible sets:

 variable variable_prob cs
        2     0.8394469  1
        1     0.1605531  1

Credible sets summary:

 cs cs_log10bf cs_avg_r2 cs_min_r2 variable
  1    1.01687 0.9040872 0.9040872      1,2
PP.H0.abf PP.H1.abf PP.H2.abf PP.H3.abf PP.H4.abf 
 6.34e-22  8.54e-01  1.32e-24  1.49e-03  1.45e-01 
[1] "PP abf for shared variant: 14.5%"
   nsnps     hit1   hit2    PP.H0.abf PP.H1.abf    PP.H2.abf   PP.H3.abf
1:     2 rs693147 rs8258 6.341989e-22 0.8538535 1.318639e-24 0.001486028
   PP.H4.abf idx1 idx2
1: 0.1446604    1    1
[1] "ENSG00000110274.15"
[1] "CEP164"
[1] "Esophagus_Gastroesophageal_Junction"
[1] "running liftOver"
[1] "Grabbing the all pairs data"
[1] "reading the all pairs data into R"
[1] 2037   14
[1] "Filtering on the geneID"
[1] "adding rs numbers to the QTL data"
[1] "merging the trait and eqtl data on unique ID"
[1] "Running coloc"
PP.H0.abf PP.H1.abf PP.H2.abf PP.H3.abf PP.H4.abf 
 1.95e-22  5.98e-02  6.24e-24  9.76e-04  9.39e-01 
[1] "PP abf for shared variant: 93.9%"

Variables in credible sets:

 variable variable_prob cs
        1     0.9964464  1

Credible sets summary:

 cs cs_log10bf cs_avg_r2 cs_min_r2 variable
  1   24.82813         1         1        1

Variables in credible sets:

 variable variable_prob cs
        2     0.5140161  1
        1     0.4859839  1

Credible sets summary:

 cs cs_log10bf cs_avg_r2 cs_min_r2 variable
  1   2.619155 0.9040872 0.9040872      1,2
PP.H0.abf PP.H1.abf PP.H2.abf PP.H3.abf PP.H4.abf 
 3.49e-23  4.70e-02  2.91e-24  2.01e-03  9.51e-01 
[1] "PP abf for shared variant: 95.1%"
   nsnps     hit1   hit2    PP.H0.abf  PP.H1.abf    PP.H2.abf   PP.H3.abf
1:     2 rs693147 rs8258 3.492541e-23 0.04702182 2.906209e-24 0.002010839
   PP.H4.abf idx1 idx2
1: 0.9509673    1    1
[1] "ENSG00000110274.15"
[1] "CEP164"
[1] "Colon_Sigmoid"
[1] "running liftOver"
[1] "Grabbing the all pairs data"
[1] "reading the all pairs data into R"
[1] 2037   14
[1] "Filtering on the geneID"
[1] "adding rs numbers to the QTL data"
[1] "merging the trait and eqtl data on unique ID"
[1] "Running coloc"
PP.H0.abf PP.H1.abf PP.H2.abf PP.H3.abf PP.H4.abf 
 1.55e-21  4.86e-01  3.58e-24  6.04e-04  5.14e-01 
[1] "PP abf for shared variant: 51.4%"

Variables in credible sets:

 variable variable_prob cs
        1     0.9964464  1

Credible sets summary:

 cs cs_log10bf cs_avg_r2 cs_min_r2 variable
  1   24.82813         1         1        1

Variables in credible sets:

 variable variable_prob cs
        2     0.5509603  1
        1     0.4490397  1

Credible sets summary:

 cs cs_log10bf cs_avg_r2 cs_min_r2 variable
  1   1.177612 0.9040872 0.9040872      1,2
PP.H0.abf PP.H1.abf PP.H2.abf PP.H3.abf PP.H4.abf 
 4.43e-22  5.96e-01  1.33e-24  9.88e-04  4.03e-01 
[1] "PP abf for shared variant: 40.3%"
   nsnps     hit1   hit2    PP.H0.abf PP.H1.abf    PP.H2.abf    PP.H3.abf
1:     2 rs693147 rs8258 4.426065e-22 0.5959032 1.332477e-24 0.0009877619
   PP.H4.abf idx1 idx2
1:  0.403109    1    1
[1] "ENSG00000186318.16"
[1] "BACE1"
[1] "Adrenal_Gland"
[1] "running liftOver"
[1] "Grabbing the all pairs data"
[1] "reading the all pairs data into R"
[1] 1869   14
[1] "Filtering on the geneID"
[1] "adding rs numbers to the QTL data"
[1] "merging the trait and eqtl data on unique ID"
[1] "Running coloc"
PP.H0.abf PP.H1.abf PP.H2.abf PP.H3.abf PP.H4.abf 
 1.45e-24  4.40e-04  4.63e-24  4.08e-04  9.99e-01 
[1] "PP abf for shared variant: 99.9%"

Variables in credible sets:

 variable variable_prob cs
        1     0.9964464  1

Credible sets summary:

 cs cs_log10bf cs_avg_r2 cs_min_r2 variable
  1   24.82813         1         1        1

Variables in credible sets:

 variable variable_prob cs
        1     0.8246506  1
        2     0.1753494  1

Credible sets summary:

 cs cs_log10bf cs_avg_r2 cs_min_r2 variable
  1   6.143246 0.9040872 0.9040872      1,2
PP.H0.abf PP.H1.abf PP.H2.abf PP.H3.abf PP.H4.abf 
 6.49e-27  8.74e-06  1.81e-24  4.32e-04  1.00e+00 
[1] "PP abf for shared variant: 100%"
   nsnps     hit1     hit2    PP.H0.abf   PP.H1.abf    PP.H2.abf    PP.H3.abf
1:     2 rs693147 rs693147 6.491604e-27 8.73997e-06 1.805625e-24 0.0004318841
   PP.H4.abf idx1 idx2
1: 0.9995594    1    1
[1] "ENSG00000110274.15"
[1] "CEP164"
[1] "Brain_Cerebellum"
[1] "running liftOver"
[1] "Grabbing the all pairs data"
[1] "reading the all pairs data into R"
[1] 1869   14
[1] "Filtering on the geneID"
[1] "adding rs numbers to the QTL data"
[1] "merging the trait and eqtl data on unique ID"
[1] "Running coloc"
PP.H0.abf PP.H1.abf PP.H2.abf PP.H3.abf PP.H4.abf 
 2.47e-23  7.61e-03  5.27e-24  6.29e-04  9.92e-01 
[1] "PP abf for shared variant: 99.2%"

Variables in credible sets:

 variable variable_prob cs
        1     0.9964464  1

Credible sets summary:

 cs cs_log10bf cs_avg_r2 cs_min_r2 variable
  1   24.82813         1         1        1

Variables in credible sets:

 variable variable_prob cs
        1     0.6942867  1
        2     0.3057133  1

Credible sets summary:

 cs cs_log10bf cs_avg_r2 cs_min_r2 variable
  1   4.440814 0.9040872 0.9040872      1,2
PP.H0.abf PP.H1.abf PP.H2.abf PP.H3.abf PP.H4.abf 
 3.88e-25  5.22e-04  2.14e-24  8.85e-04  9.99e-01 
[1] "PP abf for shared variant: 99.9%"
   nsnps     hit1     hit2    PP.H0.abf    PP.H1.abf   PP.H2.abf    PP.H3.abf
1:     2 rs693147 rs693147 3.879199e-25 0.0005222759 2.14085e-24 0.0008851475
   PP.H4.abf idx1 idx2
1: 0.9985926    1    1
[1] "ENSG00000110274.15"
[1] "CEP164"
[1] "Brain_Nucleus_accumbens_basal_ganglia"
[1] "running liftOver"
[1] "Grabbing the all pairs data"
[1] "reading the all pairs data into R"
[1] 1757   14
[1] "Filtering on the geneID"
[1] "adding rs numbers to the QTL data"
[1] "merging the trait and eqtl data on unique ID"
[1] "Running coloc"
PP.H0.abf PP.H1.abf PP.H2.abf PP.H3.abf PP.H4.abf 
 2.66e-21  8.25e-01  1.17e-24  1.87e-04  1.75e-01 
[1] "PP abf for shared variant: 17.5%"

Variables in credible sets:

 variable variable_prob cs
        1     0.9964464  1

Credible sets summary:

 cs cs_log10bf cs_avg_r2 cs_min_r2 variable
  1   24.82813         1         1        1

Variables in credible sets:

 variable variable_prob cs
        2     0.5190882  1
        1     0.4809118  1

Credible sets summary:

 cs cs_log10bf cs_avg_r2 cs_min_r2 variable
  1  0.3655636 0.9040872 0.9040872      1,2
PP.H0.abf PP.H1.abf PP.H2.abf PP.H3.abf PP.H4.abf 
 6.68e-22  8.99e-01  3.10e-25  2.17e-04  1.00e-01 
[1] "PP abf for shared variant: 10%"
   nsnps     hit1   hit2    PP.H0.abf PP.H1.abf    PP.H2.abf    PP.H3.abf
1:     2 rs693147 rs8258 6.680219e-22 0.8993912 3.100161e-25 0.0002166057
   PP.H4.abf idx1 idx2
1: 0.1003922    1    1
