[1] "trait"
[1] "PP"
[1] "trait_file_header_info"
[1] "/gpfs/projects/bsc83/Projects/Breast/ANALYSIS/Hypertension/analysis/06_colocalization/PP_Evangelou_parsed.txt"
[1] "Tested_Allele"
[1] "Other_Allele"
[1] "SNP"
[1] "CHR"
[1] "POS"
[1] "P"
[1] "N"
[1] "Freq_Tested_Allele"
[1] "traitType:"
[1] "quant"
[1] 6
[1] "Locus Info:"
[1] 6
[1] 121771621
[1] 121786153
[1] "rs11154027"
[1] "QTL type:"
[1] "eqtl"
[1] TRUE
[1] "trait input file successfully loaded"
   CHR       POS         SNP Tested_Allele Other_Allele Freq_Tested_Allele
1:   6 121771621   rs7759673             A            T             0.4567
2:   6 121777942 rs112387830             A            G             0.4639
3:   6 121778862   rs9490267             T            G             0.5382
4:   6 121780762   rs9482167             T            C             0.4616
5:   6 121781390  rs11154027             T            C             0.4610
6:   6 121782903   rs2078014             A            T             0.5555
      BETA     SE         P      N Ref_Allele Alt_Allele
1: -0.1501 0.0207 4.672e-13 719131          A          T
2: -0.1493 0.0207 6.118e-13 717829          A          G
3: -0.1479 0.0207 9.351e-13 720851          G          T
4: -0.1464 0.0208 1.729e-12 719661          T          C
5: -0.1439 0.0208 4.474e-12 715274          T          C
6:  0.1291 0.0208 5.608e-10 716251          A          T
[1] "rs7759673"   "rs112387830" "rs9490267"  
[1] "/gpfs/projects/bsc83/Projects/Breast/ANALYSIS/Hypertension/data/Coloq/chr_6_snp151_hash_table.json"
$rs233
[1] "chr6_163282976"

$rs553
[1] "chr6_131890900"

$rs577
[1] "chr6_157944003"

[1] "hash table loaded"
[1] "/gpfs/projects/bsc83/Projects/Breast/ANALYSIS/Hypertension/analysis/06_colocalization/ColocQuiaL-main/GTEx_v8_Tissue_Summary_with_filenames_all.csv"
                          Tissue NumberRNASeqandGTSamples NumberRNASeqSamples
1              Muscle - Skeletal                      706                 803
2                    Whole Blood                      670                 755
3 Skin - Sun Exposed (Lower leg)                      605                 701
4                Artery - Tibial                      584                 663
5         Adipose - Subcutaneous                      581                 663
6                        Thyroid                      574                 653
  Number_of_eGenes                      allPairsTabixFilename
1            13532            Muscle_Skeletal.allpairs.tab.gz
2            12360                Whole_Blood.allpairs.tab.gz
3            16967 Skin_Sun_Exposed_Lower_leg.allpairs.tab.gz
4            15008              Artery_Tibial.allpairs.tab.gz
5            15607       Adipose_Subcutaneous.allpairs.tab.gz
6            17684                    Thyroid.allpairs.tab.gz
                                              sigPairsTabixFilename
1            Muscle_Skeletal.v8.v8.signif_variant_gene_pairs.tab.gz
2                Whole_Blood.v8.v8.signif_variant_gene_pairs.tab.gz
3 Skin_Sun_Exposed_Lower_leg.v8.v8.signif_variant_gene_pairs.tab.gz
4              Artery_Tibial.v8.v8.signif_variant_gene_pairs.tab.gz
5       Adipose_Subcutaneous.v8.v8.signif_variant_gene_pairs.tab.gz
6                    Thyroid.v8.v8.signif_variant_gene_pairs.tab.gz
[1] "chr6_121460244"
[1] "rs11154027 is not a significant eqtl in any tissue in the eqtl dataset."
