[1] "trait"
[1] "SBP"
[1] "trait_file_header_info"
[1] "/gpfs/projects/bsc83/Projects/Breast/ANALYSIS/Hypertension/analysis/06_colocalization/SBP_Evangelou_parsed.txt"
[1] "Tested_Allele"
[1] "Other_Allele"
[1] "SNP"
[1] "CHR"
[1] "POS"
[1] "P"
[1] "N"
[1] "Freq_Tested_Allele"
[1] "traitType:"
[1] "quant"
[1] 4
[1] "Locus Info:"
[1] 4
[1] 81164723
[1] 81184341
[1] "rs10857147"
[1] "QTL type:"
[1] "eqtl"
[1] TRUE
[1] "trait input file successfully loaded"
   CHR      POS        SNP Tested_Allele Other_Allele Freq_Tested_Allele   BETA
1:   4 81164723  rs1458038             T            C             0.2940 0.8233
2:   4 81167309 rs11099097             T            C             0.2917 0.8308
3:   4 81169912 rs11099098             T            G             0.2938 0.8295
4:   4 81174592 rs13125101             A            G             0.2939 0.8299
5:   4 81181072 rs10857147             A            T             0.7170 0.8509
6:   4 81182554 rs12509595             T            C             0.7077 0.8367
       SE         P      N Ref_Allele Alt_Allele
1: 0.0333 3.82e-135 726322          C          T
2: 0.0336 2.54e-135 717293          C          T
3: 0.0334 1.82e-136 722352          G          T
4: 0.0334 1.22e-136 723381          G          A
5: 0.0342 9.60e-137 705293          A          T
6: 0.0334 2.55e-138 723737          T          C
[1] "rs1458038"  "rs11099097" "rs11099098"
[1] "/gpfs/projects/bsc83/Projects/Breast/ANALYSIS/Hypertension/data/Coloq/chr_4_snp151_hash_table.json"
$rs230
[1] "chr4_171975322"

$rs231
[1] "chr4_10204224"

$rs232
[1] "chr4_184363211"

[1] "hash table loaded"
[1] "/gpfs/projects/bsc83/Projects/Breast/ANALYSIS/Hypertension/analysis/06_colocalization/ColocQuiaL-main/GTEx_v8_Tissue_Summary_with_filenames_all.csv"
                          Tissue NumberRNASeqandGTSamples NumberRNASeqSamples
1              Muscle - Skeletal                      706                 803
2                    Whole Blood                      670                 755
3 Skin - Sun Exposed (Lower leg)                      605                 701
4                Artery - Tibial                      584                 663
5         Adipose - Subcutaneous                      581                 663
6                        Thyroid                      574                 653
  Number_of_eGenes                      allPairsTabixFilename
1            13532            Muscle_Skeletal.allpairs.tab.gz
2            12360                Whole_Blood.allpairs.tab.gz
3            16967 Skin_Sun_Exposed_Lower_leg.allpairs.tab.gz
4            15008              Artery_Tibial.allpairs.tab.gz
5            15607       Adipose_Subcutaneous.allpairs.tab.gz
6            17684                    Thyroid.allpairs.tab.gz
                                              sigPairsTabixFilename
1            Muscle_Skeletal.v8.v8.signif_variant_gene_pairs.tab.gz
2                Whole_Blood.v8.v8.signif_variant_gene_pairs.tab.gz
3 Skin_Sun_Exposed_Lower_leg.v8.v8.signif_variant_gene_pairs.tab.gz
4              Artery_Tibial.v8.v8.signif_variant_gene_pairs.tab.gz
5       Adipose_Subcutaneous.v8.v8.signif_variant_gene_pairs.tab.gz
6                    Thyroid.v8.v8.signif_variant_gene_pairs.tab.gz
[1] "chr4_80259918"
[1] "rs10857147 is not a significant eqtl in any tissue in the eqtl dataset."
