[1] "trait"
[1] "PP"
[1] "trait_file_header_info"
[1] "/gpfs/projects/bsc83/Projects/Breast/ANALYSIS/Hypertension/analysis/06_colocalization/PP_Evangelou_parsed.txt"
[1] "Tested_Allele"
[1] "Other_Allele"
[1] "SNP"
[1] "CHR"
[1] "POS"
[1] "P"
[1] "N"
[1] "Freq_Tested_Allele"
[1] "traitType:"
[1] "quant"
[1] 5
[1] "Locus Info:"
[1] 5
[1] 77821975
[1] 77913661
[1] "rs10057188"
[1] "QTL type:"
[1] "eqtl"
[1] TRUE
[1] "trait input file successfully loaded"
   CHR      POS        SNP Tested_Allele Other_Allele Freq_Tested_Allele
1:   5 77821975 rs62378909             A            C             0.5625
2:   5 77822474 rs10061226             T            C             0.5695
3:   5 77822690  rs6884208             A            G             0.5689
4:   5 77825167  rs7719483             A            C             0.4515
5:   5 77826346 rs17215893             A            G             0.4501
6:   5 77828027  rs7705980             A            G             0.4502
      BETA     SE         P      N Ref_Allele Alt_Allele
1: -0.1590 0.0208 2.304e-14 713274          A          C
2: -0.1640 0.0208 3.486e-15 717332          T          C
3: -0.1640 0.0208 3.248e-15 717556          A          G
4: -0.1748 0.0207 2.700e-17 722126          C          A
5: -0.1768 0.0207 1.202e-17 722193          G          A
6: -0.1759 0.0207 1.736e-17 722178          G          A
[1] "rs62378909" "rs10061226" "rs6884208" 
[1] "/gpfs/projects/bsc83/Projects/Breast/ANALYSIS/Hypertension/data/Coloq/chr_5_snp151_hash_table.json"
$rs385
[1] "chr5_9617268"

$rs387
[1] "chr5_9604894"

$rs388
[1] "chr5_9604859"

[1] "hash table loaded"
[1] "/gpfs/projects/bsc83/Projects/Breast/ANALYSIS/Hypertension/analysis/06_colocalization/ColocQuiaL-main/GTEx_v8_Tissue_Summary_with_filenames_all.csv"
                          Tissue NumberRNASeqandGTSamples NumberRNASeqSamples
1              Muscle - Skeletal                      706                 803
2                    Whole Blood                      670                 755
3 Skin - Sun Exposed (Lower leg)                      605                 701
4                Artery - Tibial                      584                 663
5         Adipose - Subcutaneous                      581                 663
6                        Thyroid                      574                 653
  Number_of_eGenes                      allPairsTabixFilename
1            13532            Muscle_Skeletal.allpairs.tab.gz
2            12360                Whole_Blood.allpairs.tab.gz
3            16967 Skin_Sun_Exposed_Lower_leg.allpairs.tab.gz
4            15008              Artery_Tibial.allpairs.tab.gz
5            15607       Adipose_Subcutaneous.allpairs.tab.gz
6            17684                    Thyroid.allpairs.tab.gz
                                              sigPairsTabixFilename
1            Muscle_Skeletal.v8.v8.signif_variant_gene_pairs.tab.gz
2                Whole_Blood.v8.v8.signif_variant_gene_pairs.tab.gz
3 Skin_Sun_Exposed_Lower_leg.v8.v8.signif_variant_gene_pairs.tab.gz
4              Artery_Tibial.v8.v8.signif_variant_gene_pairs.tab.gz
5       Adipose_Subcutaneous.v8.v8.signif_variant_gene_pairs.tab.gz
6                    Thyroid.v8.v8.signif_variant_gene_pairs.tab.gz
[1] "chr5_78541966"
[1] "ENSG00000085365.17"
[1] "SCAMP1"
[1] "Whole_Blood"
[1] "running liftOver"
[1] "Grabbing the all pairs data"
[1] "reading the all pairs data into R"
[1] 2742   14
[1] "Filtering on the geneID"
[1] "adding rs numbers to the QTL data"
[1] "merging the trait and eqtl data on unique ID"
[1] "Running coloc"
PP.H0.abf PP.H1.abf PP.H2.abf PP.H3.abf PP.H4.abf 
 1.48e-13  6.93e-02  1.80e-13  8.35e-02  8.47e-01 
[1] "PP abf for shared variant: 84.7%"

Variables in credible sets:

 variable variable_prob cs
       17   0.079368433  1
        6   0.037585426  1
       42   0.028006428  1
       69   0.025783490  1
       29   0.025165252  1
       94   0.025165252  1
       93   0.024739959  1
       32   0.022247565  1
       12   0.020863910  1
       68   0.020495275  1
       28   0.019672272  1
       90   0.019672272  1
       92   0.018882757  1
       75   0.017398724  1
       48   0.017017960  1
       10   0.016701618  1
       49   0.016701618  1
       30   0.016032815  1
       89   0.016032815  1
       46   0.015391152  1
       81   0.014775512  1
       36   0.013908201  1
        2   0.013618074  1
       24   0.013618074  1
       13   0.013074268  1
       96   0.012552470  1
       85   0.011810233  1
       25   0.011571324  1
        7   0.010243292  1
       71   0.010243292  1
       38   0.010046336  1
       66   0.010046336  1
       70   0.010046336  1
       86   0.010046336  1
       18   0.009627848  1
       19   0.009627848  1
       59   0.009627848  1
       73   0.009627848  1
       87   0.009267066  1
        3   0.009069574  1
       37   0.009069574  1
       72   0.009069574  1
       50   0.008874485  1
        4   0.008709426  1
       54   0.008709426  1
       67   0.008709426  1
       79   0.008709426  1
       16   0.008520507  1
       56   0.008520507  1
       57   0.008520507  1
       62   0.008520507  1
        9   0.008180840  1
       14   0.008180840  1
       74   0.008180840  1
       88   0.007576239  1
       47   0.007241965  1
       15   0.006157585  1
       23   0.006157585  1
       63   0.006094364  1
       77   0.005913225  1
       78   0.005913225  1
       53   0.005719913  1
       55   0.005678696  1
       82   0.005678696  1
       91   0.005678696  1
        1   0.005585791  1
       35   0.005453596  1
       44   0.005453596  1
       45   0.005453596  1
       95   0.005453596  1
       22   0.005448348  1
       80   0.005237542  1
       31   0.004831113  1
       41   0.004640047  1
       61   0.004568824  1
       33   0.004216605  1

Credible sets summary:

 cs cs_log10bf cs_avg_r2 cs_min_r2
  1     14.479 0.9387825 0.8207164
                                                                                                                                                                                                                     variable
 1,2,3,4,6,7,9,10,12,13,14,15,16,17,18,19,22,23,24,25,28,29,30,31,32,33,35,36,37,38,41,42,44,45,46,47,48,49,50,53,54,55,56,57,59,61,62,63,66,67,68,69,70,71,72,73,74,75,77,78,79,80,81,82,85,86,87,88,89,90,91,92,93,94,95,96

Variables in credible sets:

 variable variable_prob cs
       40   0.046875648  1
       76   0.038991095  1
       67   0.030421588  1
       49   0.029483633  1
        1   0.024412551  1
       89   0.024412551  1
       16   0.022458302  1
       35   0.022458302  1
       43   0.022458302  1
       86   0.021716521  1
       10   0.021447503  1
       26   0.020819792  1
       38   0.020306163  1
       48   0.020306163  1
       85   0.020306163  1
       11   0.020274057  1
        4   0.020203766  1
       75   0.018098433  1
       31   0.017921084  1
       79   0.017777977  1
       44   0.017368537  1
       78   0.017197555  1
       50   0.016775614  1
       15   0.015986193  1
       56   0.015889142  1
       13   0.015766687  1
       37   0.014995583  1
       47   0.014552058  1
       54   0.014169971  1
        7   0.014128960  1
       30   0.013952172  1
       25   0.013799100  1
        3   0.013482126  1
       81   0.013482126  1
       96   0.013482126  1
       87   0.013295919  1
       93   0.012954201  1
       71   0.011427111  1
       88   0.010724089  1
       66   0.010112350  1
       63   0.009556322  1
       90   0.007612202  1
       73   0.007572751  1
       62   0.006968857  1
       57   0.006774884  1
       19   0.006685184  1
       28   0.006149962  1
       24   0.006020713  1
       72   0.006020013  1
       29   0.005957390  1
       32   0.005957390  1
       46   0.005957390  1
       68   0.005957390  1
       92   0.005957390  1
       41   0.005600060  1
       45   0.005600060  1
       36   0.005542343  1
       53   0.005410335  1
        6   0.005344068  1
       61   0.005285884  1
        2   0.004443203  1
       69   0.004430143  1
       23   0.004337324  1
       91   0.004337324  1
       80   0.004327971  1
       55   0.004222529  1
       34   0.004088347  1
       17   0.004070034  1
       58   0.004018575  1
       12   0.003996635  1
       59   0.003952247  1
       18   0.003867611  1
       33   0.003855447  1
       82   0.003606410  1
       14   0.003517851  1

Credible sets summary:

 cs cs_log10bf cs_avg_r2 cs_min_r2
  1   2.210434  0.936162 0.7390102
                                                                                                                                                                                                                   variable
 1,2,3,4,6,7,10,11,12,13,14,15,16,17,18,19,23,24,25,26,28,29,30,31,32,33,34,35,36,37,38,40,41,43,44,45,46,47,48,49,50,53,54,55,56,57,58,59,61,62,63,66,67,68,69,71,72,73,75,76,78,79,80,81,82,85,86,87,88,89,90,91,92,93,96
PP.H0.abf PP.H1.abf PP.H2.abf PP.H3.abf PP.H4.abf 
 3.40e-14  9.83e-02  5.29e-14  1.52e-01  7.50e-01 
[1] "PP abf for shared variant: 75%"
   nsnps       hit1       hit2    PP.H0.abf PP.H1.abf    PP.H2.abf PP.H3.abf
1:    96 rs10076149 rs13181597 3.397445e-14   0.09827 5.294902e-14 0.1516532
   PP.H4.abf idx1 idx2
1: 0.7500768    1    1
