[1] "trait"
[1] "SBP"
[1] "trait_file_header_info"
[1] "/gpfs/projects/bsc83/Projects/Breast/ANALYSIS/Hypertension/analysis/06_colocalization/SBP_Evangelou_parsed.txt"
[1] "Tested_Allele"
[1] "Other_Allele"
[1] "SNP"
[1] "CHR"
[1] "POS"
[1] "P"
[1] "N"
[1] "Freq_Tested_Allele"
[1] "traitType:"
[1] "quant"
[1] 7
[1] "Locus Info:"
[1] 7
[1] 131015852
[1] 131192213
[1] "rs13238550"
[1] "QTL type:"
[1] "eqtl"
[1] TRUE
[1] "trait input file successfully loaded"
   CHR       POS        SNP Tested_Allele Other_Allele Freq_Tested_Allele
1:   7 131015852 rs17165564             A            G             0.5952
2:   7 131024681 rs12706973             A            G             0.6019
3:   7 131029996 rs12539822             T            C             0.3974
4:   7 131059056 rs13238550             A            G             0.3964
5:   7 131060277  rs3823557             A            G             0.3969
6:   7 131080296 rs34639962             T            G             0.6022
     BETA     SE         P      N Ref_Allele Alt_Allele
1: 0.2449 0.0311 3.253e-15 716558          A          G
2: 0.2576 0.0310 1.047e-16 721548          A          G
3: 0.2623 0.0310 2.754e-17 723189          C          T
4: 0.2572 0.0309 7.801e-17 730941          G          A
5: 0.2561 0.0309 1.045e-16 731440          G          A
6: 0.2585 0.0309 5.835e-17 728637          T          G
[1] "rs17165564" "rs12706973" "rs12539822"
[1] "/gpfs/projects/bsc83/Projects/Breast/ANALYSIS/Hypertension/data/Coloq/chr_7_snp151_hash_table.json"
$rs5
[1] "chr7_92209796"

$rs6
[1] "chr7_92117817"

$rs7
[1] "chr7_92150243"

[1] "hash table loaded"
[1] "/gpfs/projects/bsc83/Projects/Breast/ANALYSIS/Hypertension/analysis/06_colocalization/ColocQuiaL-main/GTEx_v8_Tissue_Summary_with_filenames_all.csv"
                          Tissue NumberRNASeqandGTSamples NumberRNASeqSamples
1              Muscle - Skeletal                      706                 803
2                    Whole Blood                      670                 755
3 Skin - Sun Exposed (Lower leg)                      605                 701
4                Artery - Tibial                      584                 663
5         Adipose - Subcutaneous                      581                 663
6                        Thyroid                      574                 653
  Number_of_eGenes                      allPairsTabixFilename
1            13532            Muscle_Skeletal.allpairs.tab.gz
2            12360                Whole_Blood.allpairs.tab.gz
3            16967 Skin_Sun_Exposed_Lower_leg.allpairs.tab.gz
4            15008              Artery_Tibial.allpairs.tab.gz
5            15607       Adipose_Subcutaneous.allpairs.tab.gz
6            17684                    Thyroid.allpairs.tab.gz
                                              sigPairsTabixFilename
1            Muscle_Skeletal.v8.v8.signif_variant_gene_pairs.tab.gz
2                Whole_Blood.v8.v8.signif_variant_gene_pairs.tab.gz
3 Skin_Sun_Exposed_Lower_leg.v8.v8.signif_variant_gene_pairs.tab.gz
4              Artery_Tibial.v8.v8.signif_variant_gene_pairs.tab.gz
5       Adipose_Subcutaneous.v8.v8.signif_variant_gene_pairs.tab.gz
6                    Thyroid.v8.v8.signif_variant_gene_pairs.tab.gz
[1] "chr7_131374297"
[1] "ENSG00000236753.5"
[1] "MKLN1-AS"
[1] "Thyroid"
[1] "running liftOver"
[1] "Grabbing the all pairs data"
[1] "reading the all pairs data into R"
[1] 3248   14
[1] "Filtering on the geneID"
[1] "adding rs numbers to the QTL data"
[1] "merging the trait and eqtl data on unique ID"
[1] "Running coloc"
PP.H0.abf PP.H1.abf PP.H2.abf PP.H3.abf PP.H4.abf 
 9.30e-15  2.98e-04  5.29e-13  1.60e-02  9.84e-01 
[1] "PP abf for shared variant: 98.4%"

Variables in credible sets:

 variable variable_prob cs
        7    0.16787904  1
        3    0.12146331  1
       17    0.12120891  1
       15    0.10304983  1
       18    0.07907537  1
       11    0.05496653  1
       20    0.04727693  1
       21    0.04363744  1
        5    0.04028189  1
        6    0.03888580  1
        8    0.03626371  1
       14    0.03621099  1
        4    0.03468401  1
       13    0.02905359  1

Credible sets summary:

 cs cs_log10bf cs_avg_r2 cs_min_r2                            variable
  1   13.99505 0.9791879 0.9356519 3,4,5,6,7,8,11,13,14,15,17,18,20,21

Variables in credible sets:

 variable variable_prob cs
       18    0.18622182  1
       20    0.10890802  1
        4    0.10358056  1
        5    0.08370993  1
        7    0.08370993  1
        9    0.07310396  1
        6    0.06957718  1
       14    0.05912519  1
       17    0.05101379  1
       16    0.04825250  1
        8    0.02902921  1
       11    0.02706547  1
        3    0.02266213  1
        1    0.01579469  1

Credible sets summary:

 cs cs_log10bf cs_avg_r2 cs_min_r2                          variable
  1   5.001977 0.9791937 0.9356422 1,3,4,5,6,7,8,9,11,14,16,17,18,20
PP.H0.abf PP.H1.abf PP.H2.abf PP.H3.abf PP.H4.abf 
 7.40e-16  1.54e-04  1.56e-13  3.05e-02  9.69e-01 
[1] "PP abf for shared variant: 96.9%"
   nsnps       hit1       hit2    PP.H0.abf    PP.H1.abf    PP.H2.abf
1:    21 rs13244567 rs71548781 7.396085e-16 0.0001535562 1.560264e-13
    PP.H3.abf PP.H4.abf idx1 idx2
1: 0.03045512 0.9693913    1    1
[1] "ENSG00000236753.5"
[1] "MKLN1-AS"
[1] "Nerve_Tibial"
[1] "running liftOver"
[1] "Grabbing the all pairs data"
[1] "reading the all pairs data into R"
[1] 3720   14
[1] "Filtering on the geneID"
[1] "adding rs numbers to the QTL data"
[1] "merging the trait and eqtl data on unique ID"
[1] "Running coloc"
PP.H0.abf PP.H1.abf PP.H2.abf PP.H3.abf PP.H4.abf 
 1.17e-12  3.72e-02  5.93e-13  1.79e-02  9.45e-01 
[1] "PP abf for shared variant: 94.5%"

Variables in credible sets:

 variable variable_prob cs
        7    0.16787904  1
        3    0.12146331  1
       17    0.12120891  1
       15    0.10304983  1
       18    0.07907537  1
       11    0.05496653  1
       20    0.04727693  1
       21    0.04363744  1
        5    0.04028189  1
        6    0.03888580  1
        8    0.03626371  1
       14    0.03621099  1
        4    0.03468401  1
       13    0.02905359  1

Credible sets summary:

 cs cs_log10bf cs_avg_r2 cs_min_r2                            variable
  1   13.99505 0.9791879 0.9356519 3,4,5,6,7,8,11,13,14,15,17,18,20,21

Variables in credible sets:

 variable variable_prob cs
        1    0.14744170  1
       11    0.09246841  1
       16    0.08713760  1
        8    0.08169366  1
       13    0.05567062  1
        7    0.05474189  1
        3    0.05261076  1
        4    0.05180889  1
        6    0.05120876  1
       17    0.04555880  1
        5    0.04431049  1
       14    0.04401733  1
       20    0.04191971  1
        9    0.02826841  1
       21    0.02620447  1
       18    0.02483271  1
        2    0.02008767  1
       15    0.01935237  1

Credible sets summary:

 cs cs_log10bf cs_avg_r2 cs_min_r2                                     variable
  1   2.576663 0.9613942 0.8128465 1,2,3,4,5,6,7,8,9,11,13,14,15,16,17,18,20,21
PP.H0.abf PP.H1.abf PP.H2.abf PP.H3.abf PP.H4.abf 
 2.27e-13  4.70e-02  1.80e-13  3.54e-02  9.18e-01 
[1] "PP abf for shared variant: 91.8%"
   nsnps       hit1      hit2    PP.H0.abf  PP.H1.abf    PP.H2.abf  PP.H3.abf
1:    21 rs13244567 rs1045046 2.265653e-13 0.04703906 1.795046e-13 0.03543337
   PP.H4.abf idx1 idx2
1: 0.9175276    1    1
[1] "ENSG00000236753.5"
[1] "MKLN1-AS"
[1] "Adipose_Visceral_Omentum"
[1] "running liftOver"
[1] "Grabbing the all pairs data"
[1] "reading the all pairs data into R"
[1] 3484   14
[1] "Filtering on the geneID"
[1] "adding rs numbers to the QTL data"
[1] "merging the trait and eqtl data on unique ID"
[1] "Running coloc"
PP.H0.abf PP.H1.abf PP.H2.abf PP.H3.abf PP.H4.abf 
 6.59e-12  2.11e-01  5.65e-13  1.73e-02  7.72e-01 
[1] "PP abf for shared variant: 77.2%"

Variables in credible sets:

 variable variable_prob cs
        7    0.16787904  1
        3    0.12146331  1
       17    0.12120891  1
       15    0.10304983  1
       18    0.07907537  1
       11    0.05496653  1
       20    0.04727693  1
       21    0.04363744  1
        5    0.04028189  1
        6    0.03888580  1
        8    0.03626371  1
       14    0.03621099  1
        4    0.03468401  1
       13    0.02905359  1

Credible sets summary:

 cs cs_log10bf cs_avg_r2 cs_min_r2                            variable
  1   13.99505 0.9791879 0.9356519 3,4,5,6,7,8,11,13,14,15,17,18,20,21

Variables in credible sets:

 variable variable_prob cs
        1    0.11569424  1
        2    0.09530954  1
        3    0.09461710  1
        8    0.06491716  1
       16    0.06380410  1
       12    0.06357670  1
       19    0.05933585  1
       10    0.04989118  1
       21    0.04836525  1
       13    0.04386604  1
        6    0.04216619  1
       14    0.04105935  1
       15    0.03790255  1
       17    0.03582839  1
        4    0.03041828  1
        5    0.02945823  1
        7    0.02945823  1
       18    0.01524292  1

Credible sets summary:

 cs cs_log10bf cs_avg_r2 cs_min_r2
  1   1.721907 0.9275306 0.8251524
                                      variable
 1,2,3,4,5,6,7,8,10,12,13,14,15,16,17,18,19,21
PP.H0.abf PP.H1.abf PP.H2.abf PP.H3.abf PP.H4.abf 
 1.41e-12  2.92e-01  1.56e-13  3.09e-02  6.77e-01 
[1] "PP abf for shared variant: 67.7%"
   nsnps       hit1      hit2    PP.H0.abf PP.H1.abf    PP.H2.abf  PP.H3.abf
1:    21 rs13244567 rs1045046 1.405452e-12 0.2917974 1.555761e-13 0.03094591
   PP.H4.abf idx1 idx2
1: 0.6772567    1    1
[1] "ENSG00000236753.5"
[1] "MKLN1-AS"
[1] "Esophagus_Muscularis"
[1] "running liftOver"
[1] "Grabbing the all pairs data"
[1] "reading the all pairs data into R"
[1] 2973   14
[1] "Filtering on the geneID"
[1] "adding rs numbers to the QTL data"
[1] "merging the trait and eqtl data on unique ID"
[1] "Running coloc"
PP.H0.abf PP.H1.abf PP.H2.abf PP.H3.abf PP.H4.abf 
 2.87e-14  9.21e-04  6.45e-13  1.98e-02  9.79e-01 
[1] "PP abf for shared variant: 97.9%"

Variables in credible sets:

 variable variable_prob cs
        7    0.16787904  1
        3    0.12146331  1
       17    0.12120891  1
       15    0.10304983  1
       18    0.07907537  1
       11    0.05496653  1
       20    0.04727693  1
       21    0.04363744  1
        5    0.04028189  1
        6    0.03888580  1
        8    0.03626371  1
       14    0.03621099  1
        4    0.03468401  1
       13    0.02905359  1

Credible sets summary:

 cs cs_log10bf cs_avg_r2 cs_min_r2                            variable
  1   13.99505 0.9791879 0.9356519 3,4,5,6,7,8,11,13,14,15,17,18,20,21

Variables in credible sets:

 variable variable_prob cs
       16    0.13725045  1
       18    0.11172356  1
       14    0.08068181  1
       11    0.07241708  1
        2    0.06308064  1
        3    0.05769681  1
        9    0.04817409  1
        8    0.04393200  1
        6    0.04382137  1
       13    0.04365724  1
        4    0.03965445  1
        5    0.03798564  1
        7    0.03798564  1
       15    0.03354992  1
       10    0.02641492  1
        1    0.02588220  1
       12    0.02241585  1
       17    0.02192189  1
       20    0.02131614  1

Credible sets summary:

 cs cs_log10bf cs_avg_r2 cs_min_r2
  1   4.660904 0.9368531 0.8128465
                                        variable
 1,2,3,4,5,6,7,8,9,10,11,12,13,14,15,16,17,18,20
PP.H0.abf PP.H1.abf PP.H2.abf PP.H3.abf PP.H4.abf 
 2.02e-15  4.20e-04  1.95e-13  3.85e-02  9.61e-01 
[1] "PP abf for shared variant: 96.1%"
   nsnps       hit1     hit2    PP.H0.abf    PP.H1.abf    PP.H2.abf  PP.H3.abf
1:    21 rs13244567 rs458908 2.024777e-15 0.0004203804 1.947605e-13 0.03851368
   PP.H4.abf idx1 idx2
1: 0.9610659    1    1
[1] "ENSG00000236753.5"
[1] "MKLN1-AS"
[1] "Artery_Aorta"
[1] "running liftOver"
[1] "Grabbing the all pairs data"
[1] "reading the all pairs data into R"
[1] 3179   14
[1] "Filtering on the geneID"
[1] "adding rs numbers to the QTL data"
[1] "merging the trait and eqtl data on unique ID"
[1] "Running coloc"
PP.H0.abf PP.H1.abf PP.H2.abf PP.H3.abf PP.H4.abf 
 7.44e-13  2.37e-02  5.96e-13  1.80e-02  9.58e-01 
[1] "PP abf for shared variant: 95.8%"

Variables in credible sets:

 variable variable_prob cs
        7    0.16787904  1
        3    0.12146331  1
       17    0.12120891  1
       15    0.10304983  1
       18    0.07907537  1
       11    0.05496653  1
       20    0.04727693  1
       21    0.04363744  1
        5    0.04028189  1
        6    0.03888580  1
        8    0.03626371  1
       14    0.03621099  1
        4    0.03468401  1
       13    0.02905359  1

Credible sets summary:

 cs cs_log10bf cs_avg_r2 cs_min_r2                            variable
  1   13.99505 0.9791879 0.9356519 3,4,5,6,7,8,11,13,14,15,17,18,20,21

Variables in credible sets:

 variable variable_prob cs
        8    0.15464201  1
        1    0.10256964  1
        4    0.08000740  1
       16    0.07733614  1
        3    0.07355399  1
       11    0.07142649  1
       13    0.06393563  1
       14    0.05767280  1
       15    0.04932585  1
        5    0.03754295  1
        6    0.03754295  1
       17    0.03754295  1
       21    0.03172759  1
       18    0.03061812  1
        9    0.02752172  1
       20    0.02659316  1

Credible sets summary:

 cs cs_log10bf cs_avg_r2 cs_min_r2                                 variable
  1   2.989979  0.975499 0.9225795 1,3,4,5,6,8,9,11,13,14,15,16,17,18,20,21
PP.H0.abf PP.H1.abf PP.H2.abf PP.H3.abf PP.H4.abf 
 8.99e-14  1.87e-02  1.85e-13  3.64e-02  9.45e-01 
[1] "PP abf for shared variant: 94.5%"
   nsnps       hit1      hit2    PP.H0.abf  PP.H1.abf    PP.H2.abf  PP.H3.abf
1:    21 rs13244567 rs1733860 8.994307e-14 0.01867381 1.845722e-13 0.03643075
   PP.H4.abf idx1 idx2
1: 0.9448954    1    1
[1] "ENSG00000231721.6"
[1] "LINC-PINT"
[1] "Heart_Atrial_Appendage"
[1] "running liftOver"
[1] "Grabbing the all pairs data"
[1] "reading the all pairs data into R"
[1] 3209   14
[1] "Filtering on the geneID"
[1] "adding rs numbers to the QTL data"
[1] "merging the trait and eqtl data on unique ID"
[1] "Running coloc"
PP.H0.abf PP.H1.abf PP.H2.abf PP.H3.abf PP.H4.abf 
 2.87e-11  9.17e-01  5.59e-14  1.71e-03  8.10e-02 
[1] "PP abf for shared variant: 8.1%"

Variables in credible sets:

 variable variable_prob cs
        7    0.16787904  1
        3    0.12146331  1
       17    0.12120891  1
       15    0.10304983  1
       18    0.07907537  1
       11    0.05496653  1
       20    0.04727693  1
       21    0.04363744  1
        5    0.04028189  1
        6    0.03888580  1
        8    0.03626371  1
       14    0.03621099  1
        4    0.03468401  1
       13    0.02905359  1

Credible sets summary:

 cs cs_log10bf cs_avg_r2 cs_min_r2                            variable
  1   13.99505 0.9791879 0.9356519 3,4,5,6,7,8,11,13,14,15,17,18,20,21

Variables in credible sets:

 variable variable_prob cs
        2    0.06701088  1
       10    0.06575788  1
       20    0.05619592  1
       18    0.05181768  1
       15    0.05061858  1
       19    0.05006569  1
        5    0.04716701  1
        6    0.04716701  1
        7    0.04716701  1
       11    0.04684485  1
        1    0.04574352  1
       17    0.04567384  1
        4    0.04538145  1
       12    0.04440958  1
        8    0.04255750  1
       14    0.04247083  1
       16    0.04204242  1
        3    0.04178432  1
       13    0.04092167  1
       21    0.04089946  1

Credible sets summary:

 cs cs_log10bf cs_avg_r2 cs_min_r2
  1 0.04541409 0.9320027 0.8251524
                                            variable
 1,2,3,4,5,6,7,8,10,11,12,13,14,15,16,17,18,19,20,21
PP.H0.abf PP.H1.abf PP.H2.abf PP.H3.abf PP.H4.abf 
 4.56e-12  9.47e-01  1.06e-14  2.10e-03  5.14e-02 
[1] "PP abf for shared variant: 5.14%"
   nsnps       hit1       hit2    PP.H0.abf PP.H1.abf    PP.H2.abf   PP.H3.abf
1:    21 rs13244567 rs11770771 4.558899e-12 0.9465102 1.062902e-14 0.002104007
    PP.H4.abf idx1 idx2
1: 0.05138575    1    1
[1] "ENSG00000236753.5"
[1] "MKLN1-AS"
[1] "Esophagus_Gastroesophageal_Junction"
[1] "running liftOver"
[1] "Grabbing the all pairs data"
[1] "reading the all pairs data into R"
[1] 2973   14
[1] "Filtering on the geneID"
[1] "adding rs numbers to the QTL data"
[1] "merging the trait and eqtl data on unique ID"
[1] "Running coloc"
PP.H0.abf PP.H1.abf PP.H2.abf PP.H3.abf PP.H4.abf 
 1.32e-12  4.26e-02  5.53e-13  1.69e-02  9.41e-01 
[1] "PP abf for shared variant: 94.1%"

Variables in credible sets:

 variable variable_prob cs
        7    0.16787904  1
        3    0.12146331  1
       17    0.12120891  1
       15    0.10304983  1
       18    0.07907537  1
       11    0.05496653  1
       20    0.04727693  1
       21    0.04363744  1
        5    0.04028189  1
        6    0.03888580  1
        8    0.03626371  1
       14    0.03621099  1
        4    0.03468401  1
       13    0.02905359  1

Credible sets summary:

 cs cs_log10bf cs_avg_r2 cs_min_r2                            variable
  1   13.99505 0.9791879 0.9356519 3,4,5,6,7,8,11,13,14,15,17,18,20,21

Variables in credible sets:

 variable variable_prob cs
       12    0.16966936  1
       11    0.13944324  1
        6    0.13140396  1
       18    0.06251195  1
       17    0.05679163  1
        3    0.05498567  1
       13    0.05434792  1
        5    0.05086474  1
        7    0.05086474  1
       20    0.04449685  1
        9    0.02724426  1
       21    0.02445115  1
       15    0.02240951  1
       19    0.01880404  1
       14    0.01804833  1
       16    0.01714231  1
        8    0.01469246  1

Credible sets summary:

 cs cs_log10bf cs_avg_r2 cs_min_r2                                     variable
  1   2.771869 0.9456377 0.8131549 3,5,6,7,8,9,11,12,13,14,15,16,17,18,19,20,21
PP.H0.abf PP.H1.abf PP.H2.abf PP.H3.abf PP.H4.abf 
 1.42e-13  2.94e-02  1.76e-13  3.47e-02  9.36e-01 
[1] "PP abf for shared variant: 93.6%"
   nsnps       hit1      hit2   PP.H0.abf  PP.H1.abf    PP.H2.abf  PP.H3.abf
1:    21 rs13244567 rs3800684 1.41716e-13 0.02942282 1.759977e-13 0.03466849
   PP.H4.abf idx1 idx2
1: 0.9359087    1    1
[1] "ENSG00000236753.5"
[1] "MKLN1-AS"
[1] "Testis"
[1] "running liftOver"
[1] "Grabbing the all pairs data"
[1] "reading the all pairs data into R"
[1] 0 0
[1] "Did not find gene in all pairs data"
