[1] "trait"
[1] "PP"
[1] "trait_file_header_info"
[1] "/gpfs/projects/bsc83/Projects/Breast/ANALYSIS/Hypertension/analysis/06_colocalization/PP_Evangelou_parsed.txt"
[1] "Tested_Allele"
[1] "Other_Allele"
[1] "SNP"
[1] "CHR"
[1] "POS"
[1] "P"
[1] "N"
[1] "Freq_Tested_Allele"
[1] "traitType:"
[1] "quant"
[1] 14
[1] "Locus Info:"
[1] 14
[1] 23861811
[1] 23865885
[1] "rs365990"
[1] "QTL type:"
[1] "eqtl"
[1] TRUE
[1] "trait input file successfully loaded"
   CHR      POS      SNP Tested_Allele Other_Allele Freq_Tested_Allele    BETA
1:  14 23861811 rs365990             A            G             0.6337 -0.3079
2:  14 23864804 rs422068             T            C             0.6446 -0.3060
3:  14 23865885 rs452036             A            G             0.3550 -0.3040
       SE         P      N Ref_Allele Alt_Allele
1: 0.0213 1.751e-47 736335          A          G
2: 0.0215 4.619e-46 732177          T          C
3: 0.0215 1.958e-45 734275          G          A
[1] "rs365990" "rs422068" "rs452036"
[1] "/gpfs/projects/bsc83/Projects/Breast/ANALYSIS/Hypertension/data/Coloq/chr_14_snp151_hash_table.json"
$rs532
[1] "chr14_39181989"

$rs661
[1] "chr14_73217225"

$rs696
[1] "chr14_35401887"

[1] "hash table loaded"
[1] "/gpfs/projects/bsc83/Projects/Breast/ANALYSIS/Hypertension/analysis/06_colocalization/ColocQuiaL-main/GTEx_v8_Tissue_Summary_with_filenames_all.csv"
                          Tissue NumberRNASeqandGTSamples NumberRNASeqSamples
1              Muscle - Skeletal                      706                 803
2                    Whole Blood                      670                 755
3 Skin - Sun Exposed (Lower leg)                      605                 701
4                Artery - Tibial                      584                 663
5         Adipose - Subcutaneous                      581                 663
6                        Thyroid                      574                 653
  Number_of_eGenes                      allPairsTabixFilename
1            13532            Muscle_Skeletal.allpairs.tab.gz
2            12360                Whole_Blood.allpairs.tab.gz
3            16967 Skin_Sun_Exposed_Lower_leg.allpairs.tab.gz
4            15008              Artery_Tibial.allpairs.tab.gz
5            15607       Adipose_Subcutaneous.allpairs.tab.gz
6            17684                    Thyroid.allpairs.tab.gz
                                              sigPairsTabixFilename
1            Muscle_Skeletal.v8.v8.signif_variant_gene_pairs.tab.gz
2                Whole_Blood.v8.v8.signif_variant_gene_pairs.tab.gz
3 Skin_Sun_Exposed_Lower_leg.v8.v8.signif_variant_gene_pairs.tab.gz
4              Artery_Tibial.v8.v8.signif_variant_gene_pairs.tab.gz
5       Adipose_Subcutaneous.v8.v8.signif_variant_gene_pairs.tab.gz
6                    Thyroid.v8.v8.signif_variant_gene_pairs.tab.gz
[1] "chr14_23392602"
[1] "ENSG00000166091.19"
[1] "CMTM5"
[1] "Heart_Atrial_Appendage"
[1] "running liftOver"
[1] "Grabbing the all pairs data"
[1] "reading the all pairs data into R"
[1] 738  14
[1] "Filtering on the geneID"
[1] "adding rs numbers to the QTL data"
[1] "merging the trait and eqtl data on unique ID"
[1] "Running coloc"
PP.H0.abf PP.H1.abf PP.H2.abf PP.H3.abf PP.H4.abf 
 1.11e-39  1.87e-01  9.63e-42  8.12e-04  8.12e-01 
[1] "PP abf for shared variant: 81.2%"

Variables in credible sets:

 variable variable_prob cs
        1     0.7880314  1
        2     0.2119686  1

Credible sets summary:

 cs cs_log10bf cs_avg_r2 cs_min_r2 variable
  1   42.41858 0.9907017 0.9907017      1,2

Variables in credible sets:

 variable variable_prob cs
        1           0.5  1
        2           0.5  1

Credible sets summary:

 cs cs_log10bf cs_avg_r2 cs_min_r2 variable
  1   1.813502 0.9907017 0.9907017      1,2
PP.H0.abf PP.H1.abf PP.H2.abf PP.H3.abf PP.H4.abf 
 4.48e-40  2.35e-01  5.83e-42  1.53e-03  7.64e-01 
[1] "PP abf for shared variant: 76.4%"
   nsnps     hit1     hit2    PP.H0.abf PP.H1.abf    PP.H2.abf   PP.H3.abf
1:     2 rs422068 rs422068 4.475957e-40 0.2346911 5.826641e-42 0.001527563
   PP.H4.abf idx1 idx2
1: 0.7637813    1    1
