[1] "trait"
[1] "SBP"
[1] "trait_file_header_info"
[1] "/gpfs/projects/bsc83/Projects/Breast/ANALYSIS/Hypertension/analysis/06_colocalization/SBP_Evangelou_parsed.txt"
[1] "Tested_Allele"
[1] "Other_Allele"
[1] "SNP"
[1] "CHR"
[1] "POS"
[1] "P"
[1] "N"
[1] "Freq_Tested_Allele"
[1] "traitType:"
[1] "quant"
[1] 1
[1] "Locus Info:"
[1] 1
[1] 89151598
[1] 89440896
[1] "rs10922502"
[1] "QTL type:"
[1] "eqtl"
[1] TRUE
[1] "trait input file successfully loaded"
   CHR      POS        SNP Tested_Allele Other_Allele Freq_Tested_Allele
1:   1 89151598   rs950037             T            G             0.5969
2:   1 89153855 rs35492837             A            G             0.5970
3:   1 89198985   rs305221             A            G             0.5971
4:   1 89281529   rs786919             A            G             0.4025
5:   1 89306655  rs6658204             T            C             0.5975
6:   1 89307986  rs6670565             A            G             0.4057
      BETA     SE         P      N Ref_Allele Alt_Allele
1:  0.2944 0.0307 8.442e-22 730961          T          G
2:  0.2931 0.0307 1.320e-21 731670          A          G
3: -0.2977 0.0306 2.428e-22 734204          G          A
4: -0.2959 0.0306 3.610e-22 736962          A          G
5:  0.2955 0.0306 4.854e-22 734604          T          C
6:  0.2952 0.0307 6.567e-22 729538          G          A
[1] "rs950037"   "rs35492837" "rs305221"  
[1] "/gpfs/projects/bsc83/Projects/Breast/ANALYSIS/Hypertension/data/Coloq/chr_1_snp151_hash_table.json"
$rs171
[1] "chr1_175292543"

$rs242
[1] "chr1_20542968"

$rs538
[1] "chr1_6100898"

[1] "hash table loaded"
[1] "/gpfs/projects/bsc83/Projects/Breast/ANALYSIS/Hypertension/analysis/06_colocalization/ColocQuiaL-main/GTEx_v8_Tissue_Summary_with_filenames_all.csv"
                          Tissue NumberRNASeqandGTSamples NumberRNASeqSamples
1              Muscle - Skeletal                      706                 803
2                    Whole Blood                      670                 755
3 Skin - Sun Exposed (Lower leg)                      605                 701
4                Artery - Tibial                      584                 663
5         Adipose - Subcutaneous                      581                 663
6                        Thyroid                      574                 653
  Number_of_eGenes                      allPairsTabixFilename
1            13532            Muscle_Skeletal.allpairs.tab.gz
2            12360                Whole_Blood.allpairs.tab.gz
3            16967 Skin_Sun_Exposed_Lower_leg.allpairs.tab.gz
4            15008              Artery_Tibial.allpairs.tab.gz
5            15607       Adipose_Subcutaneous.allpairs.tab.gz
6            17684                    Thyroid.allpairs.tab.gz
                                              sigPairsTabixFilename
1            Muscle_Skeletal.v8.v8.signif_variant_gene_pairs.tab.gz
2                Whole_Blood.v8.v8.signif_variant_gene_pairs.tab.gz
3 Skin_Sun_Exposed_Lower_leg.v8.v8.signif_variant_gene_pairs.tab.gz
4              Artery_Tibial.v8.v8.signif_variant_gene_pairs.tab.gz
5       Adipose_Subcutaneous.v8.v8.signif_variant_gene_pairs.tab.gz
6                    Thyroid.v8.v8.signif_variant_gene_pairs.tab.gz
[1] "chr1_88894475"
[1] "ENSG00000137944.17"
[1] "KYAT3"
[1] "Muscle_Skeletal"
[1] "running liftOver"
[1] "Grabbing the all pairs data"
[1] "reading the all pairs data into R"
[1] 19085    14
[1] "Filtering on the geneID"
[1] "adding rs numbers to the QTL data"
[1] "merging the trait and eqtl data on unique ID"
[1] "Running coloc"
PP.H0.abf PP.H1.abf PP.H2.abf PP.H3.abf PP.H4.abf 
 1.90e-30  2.35e-15  6.60e-16  8.17e-01  1.83e-01 
[1] "PP abf for shared variant: 18.3%"

Variables in credible sets:

 variable variable_prob cs
       15    0.31611406  1
       31    0.17976767  1
       28    0.16035307  1
       25    0.15864984  1
       27    0.10709071  1
       18    0.05599653  1

Credible sets summary:

 cs cs_log10bf cs_avg_r2 cs_min_r2          variable
  1   18.34249 0.9902291 0.9785048 15,18,25,27,28,31

Variables in credible sets:

 variable variable_prob cs
       24    0.36854812  1
       10    0.11768961  1
       12    0.10009853  1
       26    0.09312165  1
        9    0.07003473  1
       30    0.05247603  1
       19    0.04850447  1
       13    0.03892178  1
        7    0.03348044  1
        6    0.02983477  1

Credible sets summary:

 cs cs_log10bf cs_avg_r2 cs_min_r2                   variable
  1   21.16948 0.9852882 0.9330092 6,7,9,10,12,13,19,24,26,30
PP.H0.abf PP.H1.abf PP.H2.abf PP.H3.abf PP.H4.abf 
 2.78e-35  1.96e-19  1.31e-16  9.26e-01  7.45e-02 
[1] "PP abf for shared variant: 7.45%"
   nsnps     hit1      hit2    PP.H0.abf    PP.H1.abf    PP.H2.abf PP.H3.abf
1:    32 rs305221 rs4656069 2.780834e-35 1.958022e-19 1.314649e-16 0.9255126
    PP.H4.abf idx1 idx2
1: 0.07448744    1    1
[1] "ENSG00000117226.11"
[1] "GBP3"
[1] "Whole_Blood"
[1] "running liftOver"
[1] "Grabbing the all pairs data"
[1] "reading the all pairs data into R"
[1] 20162    14
[1] "Filtering on the geneID"
[1] "adding rs numbers to the QTL data"
[1] "merging the trait and eqtl data on unique ID"
[1] "Running coloc"
PP.H0.abf PP.H1.abf PP.H2.abf PP.H3.abf PP.H4.abf 
 1.36e-17  1.68e-02  6.43e-16  7.94e-01  1.89e-01 
[1] "PP abf for shared variant: 18.9%"

Variables in credible sets:

 variable variable_prob cs
       15    0.31611406  1
       31    0.17976767  1
       28    0.16035307  1
       25    0.15864984  1
       27    0.10709071  1
       18    0.05599653  1

Credible sets summary:

 cs cs_log10bf cs_avg_r2 cs_min_r2          variable
  1   18.34249 0.9902291 0.9785048 15,18,25,27,28,31

Variables in credible sets:

 variable variable_prob cs
       24    0.12572612  1
       32    0.12506436  1
        8    0.08273795  1
       30    0.07841518  1
        6    0.07391193  1
        9    0.07283299  1
       13    0.07283299  1
       26    0.07283299  1
       12    0.07102804  1
       10    0.06039070  1
        7    0.05563799  1
       14    0.05185567  1
       19    0.04322245  1

Credible sets summary:

 cs cs_log10bf cs_avg_r2 cs_min_r2                           variable
  1   4.665506 0.9734229  0.920316 6,7,8,9,10,12,13,14,19,24,26,30,32
PP.H0.abf PP.H1.abf PP.H2.abf PP.H3.abf PP.H4.abf 
 8.79e-19  6.19e-03  1.30e-16  9.17e-01  7.68e-02 
[1] "PP abf for shared variant: 7.68%"
   nsnps     hit1      hit2   PP.H0.abf   PP.H1.abf    PP.H2.abf PP.H3.abf
1:    32 rs305221 rs4656069 8.79353e-19 0.006191641 1.302626e-16 0.9170426
    PP.H4.abf idx1 idx2
1: 0.07676577    1    1
[1] "ENSG00000137944.17"
[1] "KYAT3"
[1] "Whole_Blood"
[1] "running liftOver"
[1] "Grabbing the all pairs data"
[1] "reading the all pairs data into R"
[1] 20162    14
[1] "Filtering on the geneID"
[1] "adding rs numbers to the QTL data"
[1] "merging the trait and eqtl data on unique ID"
[1] "Running coloc"
PP.H0.abf PP.H1.abf PP.H2.abf PP.H3.abf PP.H4.abf 
 1.25e-20  1.54e-05  6.99e-16  8.63e-01  1.37e-01 
[1] "PP abf for shared variant: 13.7%"

Variables in credible sets:

 variable variable_prob cs
       15    0.31611406  1
       31    0.17976767  1
       28    0.16035307  1
       25    0.15864984  1
       27    0.10709071  1
       18    0.05599653  1

Credible sets summary:

 cs cs_log10bf cs_avg_r2 cs_min_r2          variable
  1   18.34249 0.9902291 0.9785048 15,18,25,27,28,31

Variables in credible sets:

 variable variable_prob cs
       10    0.18662807  1
        7    0.12450628  1
       12    0.10629815  1
        6    0.09328038  1
       19    0.08968309  1
        9    0.08317912  1
       13    0.08317912  1
       26    0.08317912  1
       30    0.06094815  1
       32    0.03501187  1
        8    0.01722792  1

Credible sets summary:

 cs cs_log10bf cs_avg_r2 cs_min_r2                     variable
  1   8.521162 0.9776317 0.9440435 6,7,8,9,10,12,13,19,26,30,32
PP.H0.abf PP.H1.abf PP.H2.abf PP.H3.abf PP.H4.abf 
 1.26e-22  8.85e-07  1.34e-16  9.40e-01  5.97e-02 
[1] "PP abf for shared variant: 5.97%"
   nsnps     hit1       hit2    PP.H0.abf    PP.H1.abf    PP.H2.abf PP.H3.abf
1:    32 rs305221 rs12141262 1.257055e-22 8.851087e-07 1.335568e-16 0.9402717
    PP.H4.abf idx1 idx2
1: 0.05972743    1    1
[1] "ENSG00000117226.11"
[1] "GBP3"
[1] "Skin_Sun_Exposed_Lower_leg"
[1] "running liftOver"
[1] "Grabbing the all pairs data"
[1] "reading the all pairs data into R"
[1] 20162    14
[1] "Filtering on the geneID"
[1] "adding rs numbers to the QTL data"
[1] "merging the trait and eqtl data on unique ID"
[1] "Running coloc"
PP.H0.abf PP.H1.abf PP.H2.abf PP.H3.abf PP.H4.abf 
 1.23e-16  1.52e-01  2.33e-16  2.87e-01  5.61e-01 
[1] "PP abf for shared variant: 56.1%"

Variables in credible sets:

 variable variable_prob cs
       15    0.31611406  1
       31    0.17976767  1
       28    0.16035307  1
       25    0.15864984  1
       27    0.10709071  1
       18    0.05599653  1

Credible sets summary:

 cs cs_log10bf cs_avg_r2 cs_min_r2          variable
  1   18.34249 0.9902291 0.9785048 15,18,25,27,28,31

Variables in credible sets:

 variable variable_prob cs
       29    0.15041977  1
       16    0.09967450  1
       20    0.07719581  1
       17    0.06253046  1
       21    0.05438294  1
        4    0.04693996  1
        1    0.04609082  1
        3    0.04609082  1
        5    0.04609082  1
       11    0.03859315  1
        2    0.03832745  1
       19    0.02788476  1
       30    0.02653171  1
       32    0.02537175  1
       10    0.02201726  1
       12    0.02167825  1
        7    0.02153385  1
        9    0.02025405  1
       13    0.02014104  1
       26    0.02014104  1
        8    0.01963560  1
       23    0.01902262  1

Credible sets summary:

 cs cs_log10bf cs_avg_r2 cs_min_r2
  1   2.994327 0.8892369   0.72407
                                                  variable
 1,2,3,4,5,7,8,9,10,11,12,13,16,17,19,20,21,23,26,29,30,32
PP.H0.abf PP.H1.abf PP.H2.abf PP.H3.abf PP.H4.abf 
 1.97e-17  1.39e-01  6.22e-17  4.37e-01  4.24e-01 
[1] "PP abf for shared variant: 42.4%"
   nsnps     hit1      hit2    PP.H0.abf PP.H1.abf    PP.H2.abf PP.H3.abf
1:    32 rs305221 rs6679817 1.969237e-17 0.1386566 6.219781e-17 0.4370945
   PP.H4.abf idx1 idx2
1:  0.424249    1    1
[1] "ENSG00000137944.17"
[1] "KYAT3"
[1] "Skin_Sun_Exposed_Lower_leg"
[1] "running liftOver"
[1] "Grabbing the all pairs data"
[1] "reading the all pairs data into R"
[1] 20162    14
[1] "Filtering on the geneID"
[1] "adding rs numbers to the QTL data"
[1] "merging the trait and eqtl data on unique ID"
[1] "Running coloc"
PP.H0.abf PP.H1.abf PP.H2.abf PP.H3.abf PP.H4.abf 
 1.97e-25  2.43e-10  5.73e-16  7.07e-01  2.93e-01 
[1] "PP abf for shared variant: 29.3%"

Variables in credible sets:

 variable variable_prob cs
       15    0.31611406  1
       31    0.17976767  1
       28    0.16035307  1
       25    0.15864984  1
       27    0.10709071  1
       18    0.05599653  1

Credible sets summary:

 cs cs_log10bf cs_avg_r2 cs_min_r2          variable
  1   18.34249 0.9902291 0.9785048 15,18,25,27,28,31

Variables in credible sets:

 variable variable_prob cs
       24   0.928056197  1
        4   0.006143658  1
       30   0.006005939  1
        7   0.005818926  1
       19   0.005657888  1

Credible sets summary:

 cs cs_log10bf cs_avg_r2 cs_min_r2     variable
  1   15.07864 0.9048172 0.8028017 4,7,19,24,30
PP.H0.abf PP.H1.abf PP.H2.abf PP.H3.abf PP.H4.abf 
 3.46e-29  2.43e-13  1.33e-16  9.33e-01  6.69e-02 
[1] "PP abf for shared variant: 6.69%"
   nsnps     hit1      hit2    PP.H0.abf    PP.H1.abf    PP.H2.abf PP.H3.abf
1:    32 rs305221 rs4656069 3.455687e-29 2.433195e-13 1.325346e-16 0.9330599
    PP.H4.abf idx1 idx2
1: 0.06694014    1    1
[1] "ENSG00000213516.9"
[1] "RBMXL1"
[1] "Skin_Sun_Exposed_Lower_leg"
[1] "running liftOver"
[1] "Grabbing the all pairs data"
[1] "reading the all pairs data into R"
[1] 20162    14
[1] "Filtering on the geneID"
[1] "adding rs numbers to the QTL data"
[1] "merging the trait and eqtl data on unique ID"
[1] "Running coloc"
PP.H0.abf PP.H1.abf PP.H2.abf PP.H3.abf PP.H4.abf 
 6.29e-16  7.77e-01  8.20e-17  1.01e-01  1.22e-01 
[1] "PP abf for shared variant: 12.2%"

Variables in credible sets:

 variable variable_prob cs
       15    0.31611406  1
       31    0.17976767  1
       28    0.16035307  1
       25    0.15864984  1
       27    0.10709071  1
       18    0.05599653  1

Credible sets summary:

 cs cs_log10bf cs_avg_r2 cs_min_r2          variable
  1   18.34249 0.9902291 0.9785048 15,18,25,27,28,31

Variables in credible sets:

 variable variable_prob cs
       24   0.172301924  1
       12   0.070697949  1
        6   0.070567513  1
        9   0.067748599  1
       13   0.067629916  1
       26   0.067629916  1
       30   0.066174767  1
       10   0.065840723  1
       14   0.059051415  1
       19   0.057910342  1
        7   0.056021407  1
       17   0.021838742  1
       32   0.021210787  1
        8   0.021026642  1
       29   0.016520449  1
       16   0.012435248  1
       20   0.011284423  1
       23   0.008900515  1
        1   0.008210853  1
        3   0.008210853  1

Credible sets summary:

 cs cs_log10bf cs_avg_r2 cs_min_r2
  1   1.690157 0.8972614 0.6970046
                                              variable
 1,3,6,7,8,9,10,12,13,14,16,17,19,20,23,24,26,29,30,32
PP.H0.abf PP.H1.abf PP.H2.abf PP.H3.abf PP.H4.abf 
 1.15e-16  8.13e-01  1.81e-17  1.27e-01  5.99e-02 
[1] "PP abf for shared variant: 5.99%"
   nsnps     hit1      hit2   PP.H0.abf PP.H1.abf    PP.H2.abf PP.H3.abf
1:    32 rs305221 rs4656069 1.15437e-16 0.8128073 1.809891e-17 0.1273171
   PP.H4.abf idx1 idx2
1: 0.0598757    1    1
[1] "ENSG00000117226.11"
[1] "GBP3"
[1] "Artery_Tibial"
[1] "running liftOver"
[1] "Grabbing the all pairs data"
[1] "reading the all pairs data into R"
[1] 19417    14
[1] "Filtering on the geneID"
[1] "adding rs numbers to the QTL data"
[1] "merging the trait and eqtl data on unique ID"
[1] "Running coloc"
PP.H0.abf PP.H1.abf PP.H2.abf PP.H3.abf PP.H4.abf 
 5.31e-17  6.56e-02  3.86e-17  4.68e-02  8.88e-01 
[1] "PP abf for shared variant: 88.8%"

Variables in credible sets:

 variable variable_prob cs
       15    0.31611406  1
       31    0.17976767  1
       28    0.16035307  1
       25    0.15864984  1
       27    0.10709071  1
       18    0.05599653  1

Credible sets summary:

 cs cs_log10bf cs_avg_r2 cs_min_r2          variable
  1   18.34249 0.9902291 0.9785048 15,18,25,27,28,31

Variables in credible sets:

 variable variable_prob cs
       24    0.13487864  1
       12    0.05606271  1
       10    0.05461909  1
       13    0.04804566  1
       26    0.04804566  1
        6    0.04783634  1
        9    0.04782752  1
       17    0.04034270  1
       30    0.03979271  1
       19    0.03950597  1
       32    0.03798955  1
        7    0.03249519  1
       29    0.03064904  1
        8    0.02678070  1
        1    0.02500558  1
        3    0.02500558  1
        5    0.02500558  1
        4    0.02455991  1
        2    0.02395763  1
       16    0.02385648  1
       18    0.02256235  1
       15    0.02172601  1
       11    0.02130812  1
       28    0.02074300  1
       14    0.01462075  1
       31    0.01385186  1
       25    0.01146076  1

Credible sets summary:

 cs cs_log10bf cs_avg_r2 cs_min_r2
  1   2.521127 0.8399546 0.6394865
                                                                variable
 1,2,3,4,5,6,7,8,9,10,11,12,13,14,15,16,17,18,19,24,25,26,28,29,30,31,32
PP.H0.abf PP.H1.abf PP.H2.abf PP.H3.abf PP.H4.abf 
 1.29e-17  9.09e-02  1.37e-17  9.49e-02  8.14e-01 
[1] "PP abf for shared variant: 81.4%"
   nsnps     hit1      hit2    PP.H0.abf  PP.H1.abf    PP.H2.abf  PP.H3.abf
1:    32 rs305221 rs4656069 1.291014e-17 0.09090197 1.371539e-17 0.09494355
   PP.H4.abf idx1 idx2
1: 0.8141545    1    1
[1] "ENSG00000137944.17"
[1] "KYAT3"
[1] "Artery_Tibial"
[1] "running liftOver"
[1] "Grabbing the all pairs data"
[1] "reading the all pairs data into R"
[1] 19417    14
[1] "Filtering on the geneID"
[1] "adding rs numbers to the QTL data"
[1] "merging the trait and eqtl data on unique ID"
[1] "Running coloc"
PP.H0.abf PP.H1.abf PP.H2.abf PP.H3.abf PP.H4.abf 
 2.58e-34  3.19e-19  3.95e-16  4.88e-01  5.12e-01 
[1] "PP abf for shared variant: 51.2%"

Variables in credible sets:

 variable variable_prob cs
       15    0.31611406  1
       31    0.17976767  1
       28    0.16035307  1
       25    0.15864984  1
       27    0.10709071  1
       18    0.05599653  1

Credible sets summary:

 cs cs_log10bf cs_avg_r2 cs_min_r2          variable
  1   18.34249 0.9902291 0.9785048 15,18,25,27,28,31

Variables in credible sets:

 variable variable_prob cs
       17     0.2420326  1
        1     0.1517018  1
        3     0.1517018  1
        5     0.1517018  1
       24     0.1416593  1
        4     0.1224141  1

Credible sets summary:

 cs cs_log10bf cs_avg_r2 cs_min_r2      variable
  1   28.53543 0.9100691   0.79932 1,3,4,5,17,24
PP.H0.abf PP.H1.abf PP.H2.abf PP.H3.abf PP.H4.abf 
 8.59e-43  6.05e-27  9.43e-17  6.63e-01  3.37e-01 
[1] "PP abf for shared variant: 33.7%"
   nsnps     hit1       hit2    PP.H0.abf    PP.H1.abf    PP.H2.abf PP.H3.abf
1:    32 rs305221 rs34726720 8.587673e-43 6.046694e-27 9.428704e-17 0.6632139
   PP.H4.abf idx1 idx2
1: 0.3367861    1    1
[1] "ENSG00000117226.11"
[1] "GBP3"
[1] "Adipose_Subcutaneous"
[1] "running liftOver"
[1] "Grabbing the all pairs data"
[1] "reading the all pairs data into R"
[1] 22298    14
[1] "Filtering on the geneID"
[1] "adding rs numbers to the QTL data"
[1] "merging the trait and eqtl data on unique ID"
[1] "Running coloc"
PP.H0.abf PP.H1.abf PP.H2.abf PP.H3.abf PP.H4.abf 
 1.04e-16  1.28e-01  3.18e-16  3.92e-01  4.80e-01 
[1] "PP abf for shared variant: 48%"

Variables in credible sets:

 variable variable_prob cs
       15    0.31611406  1
       31    0.17976767  1
       28    0.16035307  1
       25    0.15864984  1
       27    0.10709071  1
       18    0.05599653  1

Credible sets summary:

 cs cs_log10bf cs_avg_r2 cs_min_r2          variable
  1   18.34249 0.9902291 0.9785048 15,18,25,27,28,31

Variables in credible sets:

 variable variable_prob cs
       24   0.094363001  1
       32   0.087196166  1
       19   0.075153345  1
       12   0.066815266  1
       30   0.066815266  1
       13   0.063296051  1
       26   0.063296051  1
       10   0.062379792  1
        9   0.058842377  1
        6   0.057769895  1
        7   0.056306160  1
       29   0.047608454  1
        8   0.046869028  1
       17   0.032253539  1
       14   0.025750777  1
       16   0.018170385  1
       23   0.012213044  1
        1   0.009129777  1
        3   0.009129777  1

Credible sets summary:

 cs cs_log10bf cs_avg_r2 cs_min_r2
  1   3.269807 0.9008761 0.6970046
                                           variable
 1,3,6,7,8,9,10,12,13,14,16,17,19,23,24,26,29,30,32
PP.H0.abf PP.H1.abf PP.H2.abf PP.H3.abf PP.H4.abf 
 1.48e-17  1.04e-01  8.83e-17  6.21e-01  2.75e-01 
[1] "PP abf for shared variant: 27.5%"
   nsnps     hit1      hit2    PP.H0.abf PP.H1.abf    PP.H2.abf PP.H3.abf
1:    32 rs305221 rs4656069 1.481704e-17 0.1043287 8.825081e-17 0.6208359
   PP.H4.abf idx1 idx2
1: 0.2748354    1    1
[1] "ENSG00000137944.17"
[1] "KYAT3"
[1] "Adipose_Subcutaneous"
[1] "running liftOver"
[1] "Grabbing the all pairs data"
[1] "reading the all pairs data into R"
[1] 22298    14
[1] "Filtering on the geneID"
[1] "adding rs numbers to the QTL data"
[1] "merging the trait and eqtl data on unique ID"
[1] "Running coloc"
PP.H0.abf PP.H1.abf PP.H2.abf PP.H3.abf PP.H4.abf 
 1.05e-27  1.29e-12  7.12e-16  8.78e-01  1.22e-01 
[1] "PP abf for shared variant: 12.2%"

Variables in credible sets:

 variable variable_prob cs
       15    0.31611406  1
       31    0.17976767  1
       28    0.16035307  1
       25    0.15864984  1
       27    0.10709071  1
       18    0.05599653  1

Credible sets summary:

 cs cs_log10bf cs_avg_r2 cs_min_r2          variable
  1   18.34249 0.9902291 0.9785048 15,18,25,27,28,31

Variables in credible sets:

 variable variable_prob cs
       19    0.14817371  1
       32    0.09086095  1
        6    0.08423123  1
       13    0.08212163  1
       26    0.08212163  1
       10    0.08104226  1
        9    0.07848931  1
       12    0.07426915  1
       30    0.07426915  1
        8    0.05545946  1
        7    0.05273688  1
       24    0.05094123  1

Credible sets summary:

 cs cs_log10bf cs_avg_r2 cs_min_r2                        variable
  1   18.51916 0.9741651  0.920316 6,7,8,9,10,12,13,19,24,26,30,32
PP.H0.abf PP.H1.abf PP.H2.abf PP.H3.abf PP.H4.abf 
 1.27e-32  8.95e-17  1.34e-16  9.46e-01  5.37e-02 
[1] "PP abf for shared variant: 5.37%"
   nsnps     hit1       hit2    PP.H0.abf    PP.H1.abf    PP.H2.abf PP.H3.abf
1:    32 rs305221 rs35594043 1.270907e-32 8.948627e-17 1.344081e-16  0.946278
    PP.H4.abf idx1 idx2
1: 0.05372203    1    1
[1] "ENSG00000117226.11"
[1] "GBP3"
[1] "Thyroid"
[1] "running liftOver"
[1] "Grabbing the all pairs data"
[1] "reading the all pairs data into R"
[1] 22298    14
[1] "Filtering on the geneID"
[1] "adding rs numbers to the QTL data"
[1] "merging the trait and eqtl data on unique ID"
[1] "Running coloc"
PP.H0.abf PP.H1.abf PP.H2.abf PP.H3.abf PP.H4.abf 
 6.45e-16  8.01e-01  2.61e-17  3.22e-02  1.67e-01 
[1] "PP abf for shared variant: 16.7%"

Variables in credible sets:

 variable variable_prob cs
       15    0.31611406  1
       31    0.17976767  1
       28    0.16035307  1
       25    0.15864984  1
       27    0.10709071  1
       18    0.05599653  1

Credible sets summary:

 cs cs_log10bf cs_avg_r2 cs_min_r2          variable
  1   18.34249 0.9902291 0.9785048 15,18,25,27,28,31

Variables in credible sets:

 variable variable_prob cs
       29    0.07521868  1
       32    0.06670606  1
       30    0.06622711  1
        8    0.05240411  1
       19    0.04884193  1
       13    0.04803607  1
       12    0.04769528  1
        6    0.04666056  1
       26    0.04389423  1
        9    0.04267630  1
       10    0.04053989  1
       17    0.03961313  1
       16    0.03922684  1
        7    0.03598511  1
        1    0.03173903  1
        3    0.03173903  1
        5    0.03173903  1
        4    0.03160586  1
       24    0.02525620  1
        2    0.02277998  1
       11    0.02179752  1
       21    0.02007352  1
       20    0.01992472  1
       23    0.01945724  1
       22    0.01595469  1

Credible sets summary:

 cs cs_log10bf cs_avg_r2 cs_min_r2
  1    1.13389 0.8899667 0.6970046
                                                          variable
 1,2,3,4,5,6,7,8,9,10,11,12,13,16,17,19,20,21,22,23,24,26,29,30,32
PP.H0.abf PP.H1.abf PP.H2.abf PP.H3.abf PP.H4.abf 
 1.24e-16  8.72e-01  5.39e-18  3.78e-02  9.03e-02 
[1] "PP abf for shared variant: 9.03%"
   nsnps     hit1      hit2    PP.H0.abf PP.H1.abf    PP.H2.abf  PP.H3.abf
1:    32 rs305221 rs6679817 1.238255e-16 0.8718718 5.393246e-18 0.03779389
    PP.H4.abf idx1 idx2
1: 0.09033432    1    1
[1] "ENSG00000137944.17"
[1] "KYAT3"
[1] "Thyroid"
[1] "running liftOver"
[1] "Grabbing the all pairs data"
[1] "reading the all pairs data into R"
[1] 22298    14
[1] "Filtering on the geneID"
[1] "adding rs numbers to the QTL data"
[1] "merging the trait and eqtl data on unique ID"
[1] "Running coloc"
PP.H0.abf PP.H1.abf PP.H2.abf PP.H3.abf PP.H4.abf 
 1.36e-33  1.69e-18  7.23e-16  8.96e-01  1.04e-01 
[1] "PP abf for shared variant: 10.4%"

Variables in credible sets:

 variable variable_prob cs
       15    0.31611406  1
       31    0.17976767  1
       28    0.16035307  1
       25    0.15864984  1
       27    0.10709071  1
       18    0.05599653  1

Credible sets summary:

 cs cs_log10bf cs_avg_r2 cs_min_r2          variable
  1   18.34249 0.9902291 0.9785048 15,18,25,27,28,31

Variables in credible sets:

 variable variable_prob cs
        6    0.29705619  1
       13    0.29160060  1
       24    0.09559812  1
        7    0.09553995  1
        9    0.07011665  1
       12    0.04687663  1
       30    0.03561673  1
       26    0.03376393  1

Credible sets summary:

 cs cs_log10bf cs_avg_r2 cs_min_r2             variable
  1   27.83111 0.9816389 0.9330092 6,7,9,12,13,24,26,30
PP.H0.abf PP.H1.abf PP.H2.abf PP.H3.abf PP.H4.abf 
 6.17e-42  4.34e-26  1.34e-16  9.42e-01  5.77e-02 
[1] "PP abf for shared variant: 5.77%"
   nsnps     hit1       hit2    PP.H0.abf    PP.H1.abf    PP.H2.abf PP.H3.abf
1:    32 rs305221 rs10922528 6.170464e-42 4.344705e-26 1.338378e-16 0.9422542
    PP.H4.abf idx1 idx2
1: 0.05774578    1    1
[1] "ENSG00000117226.11"
[1] "GBP3"
[1] "Nerve_Tibial"
[1] "running liftOver"
[1] "Grabbing the all pairs data"
[1] "reading the all pairs data into R"
[1] 22298    14
[1] "Filtering on the geneID"
[1] "adding rs numbers to the QTL data"
[1] "merging the trait and eqtl data on unique ID"
[1] "Running coloc"
PP.H0.abf PP.H1.abf PP.H2.abf PP.H3.abf PP.H4.abf 
 2.10e-17  2.60e-02  5.33e-16  6.58e-01  3.16e-01 
[1] "PP abf for shared variant: 31.6%"

Variables in credible sets:

 variable variable_prob cs
       15    0.31611406  1
       31    0.17976767  1
       28    0.16035307  1
       25    0.15864984  1
       27    0.10709071  1
       18    0.05599653  1

Credible sets summary:

 cs cs_log10bf cs_avg_r2 cs_min_r2          variable
  1   18.34249 0.9902291 0.9785048 15,18,25,27,28,31

Variables in credible sets:

 variable variable_prob cs
        7    0.11639069  1
       32    0.11045731  1
       19    0.07471619  1
       12    0.06614363  1
       30    0.06614363  1
        9    0.06258475  1
       17    0.06258438  1
       13    0.06201450  1
       26    0.06201450  1
       10    0.06177197  1
        6    0.05856957  1
        8    0.05531392  1
       24    0.03866290  1
       14    0.03678261  1
       16    0.02459898  1

Credible sets summary:

 cs cs_log10bf cs_avg_r2 cs_min_r2                                 variable
  1   4.460705 0.9550165 0.8627289 6,7,8,9,10,12,13,14,16,17,19,24,26,30,32
PP.H0.abf PP.H1.abf PP.H2.abf PP.H3.abf PP.H4.abf 
 1.32e-18  9.28e-03  1.22e-16  8.57e-01  1.33e-01 
[1] "PP abf for shared variant: 13.3%"
   nsnps     hit1       hit2    PP.H0.abf  PP.H1.abf    PP.H2.abf PP.H3.abf
1:    32 rs305221 rs11585503 1.317453e-18 0.00927636 1.217839e-16 0.8572295
   PP.H4.abf idx1 idx2
1: 0.1334942    1    1
[1] "ENSG00000137944.17"
[1] "KYAT3"
[1] "Nerve_Tibial"
[1] "running liftOver"
[1] "Grabbing the all pairs data"
[1] "reading the all pairs data into R"
[1] 22298    14
[1] "Filtering on the geneID"
[1] "adding rs numbers to the QTL data"
[1] "merging the trait and eqtl data on unique ID"
[1] "Running coloc"
PP.H0.abf PP.H1.abf PP.H2.abf PP.H3.abf PP.H4.abf 
 6.22e-36  7.69e-21  7.36e-16  9.10e-01  9.00e-02 
[1] "PP abf for shared variant: 9%"

Variables in credible sets:

 variable variable_prob cs
       15    0.31611406  1
       31    0.17976767  1
       28    0.16035307  1
       25    0.15864984  1
       27    0.10709071  1
       18    0.05599653  1

Credible sets summary:

 cs cs_log10bf cs_avg_r2 cs_min_r2          variable
  1   18.34249 0.9902291 0.9785048 15,18,25,27,28,31

Variables in credible sets:

 variable variable_prob cs
       16    0.75818491  1
        8    0.04509826  1
       32    0.03706719  1
       17    0.03134210  1
       12    0.01718867  1
       30    0.01718867  1
       13    0.01664005  1
       26    0.01664005  1
       19    0.01643732  1

Credible sets summary:

 cs cs_log10bf cs_avg_r2 cs_min_r2                  variable
  1   33.21546 0.9478555  0.883756 8,12,13,16,17,19,26,30,32
PP.H0.abf PP.H1.abf PP.H2.abf PP.H3.abf PP.H4.abf 
 2.64e-47  1.86e-31  1.39e-16  9.78e-01  2.18e-02 
[1] "PP abf for shared variant: 2.18%"
   nsnps     hit1       hit2    PP.H0.abf    PP.H1.abf    PP.H2.abf PP.H3.abf
1:    32 rs305221 rs34220649 2.643541e-47 1.861352e-31 1.389295e-16 0.9781771
    PP.H4.abf idx1 idx2
1: 0.02182289    1    1
[1] "ENSG00000137944.17"
[1] "KYAT3"
[1] "Skin_Not_Sun_Exposed_Suprapubic"
[1] "running liftOver"
[1] "Grabbing the all pairs data"
[1] "reading the all pairs data into R"
[1] 20162    14
[1] "Filtering on the geneID"
[1] "adding rs numbers to the QTL data"
[1] "merging the trait and eqtl data on unique ID"
[1] "Running coloc"
PP.H0.abf PP.H1.abf PP.H2.abf PP.H3.abf PP.H4.abf 
 2.65e-18  3.28e-03  5.74e-16  7.09e-01  2.87e-01 
[1] "PP abf for shared variant: 28.7%"

Variables in credible sets:

 variable variable_prob cs
       15    0.31611406  1
       31    0.17976767  1
       28    0.16035307  1
       25    0.15864984  1
       27    0.10709071  1
       18    0.05599653  1

Credible sets summary:

 cs cs_log10bf cs_avg_r2 cs_min_r2          variable
  1   18.34249 0.9902291 0.9785048 15,18,25,27,28,31

Variables in credible sets:

 variable variable_prob cs
       24    0.84964777  1
       12    0.02073397  1
       30    0.02073397  1
        9    0.01948257  1
        6    0.01846837  1
       13    0.01819578  1
       10    0.01768019  1

Credible sets summary:

 cs cs_log10bf cs_avg_r2 cs_min_r2           variable
  1   5.870718 0.9913064 0.9697385 6,9,10,12,13,24,30
PP.H0.abf PP.H1.abf PP.H2.abf PP.H3.abf PP.H4.abf 
 5.56e-20  3.91e-04  1.32e-16  9.30e-01  6.95e-02 
[1] "PP abf for shared variant: 6.95%"
   nsnps     hit1      hit2    PP.H0.abf    PP.H1.abf    PP.H2.abf PP.H3.abf
1:    32 rs305221 rs4656069 5.559928e-20 0.0003914819 1.321104e-16 0.9300677
    PP.H4.abf idx1 idx2
1: 0.06954087    1    1
[1] "ENSG00000117226.11"
[1] "GBP3"
[1] "Lung"
[1] "running liftOver"
[1] "Grabbing the all pairs data"
[1] "reading the all pairs data into R"
[1] 22298    14
[1] "Filtering on the geneID"
[1] "adding rs numbers to the QTL data"
[1] "merging the trait and eqtl data on unique ID"
[1] "Running coloc"
PP.H0.abf PP.H1.abf PP.H2.abf PP.H3.abf PP.H4.abf 
 5.40e-18  6.66e-03  2.61e-16  3.21e-01  6.73e-01 
[1] "PP abf for shared variant: 67.3%"

Variables in credible sets:

 variable variable_prob cs
       15    0.31611406  1
       31    0.17976767  1
       28    0.16035307  1
       25    0.15864984  1
       27    0.10709071  1
       18    0.05599653  1

Credible sets summary:

 cs cs_log10bf cs_avg_r2 cs_min_r2          variable
  1   18.34249 0.9902291 0.9785048 15,18,25,27,28,31

Variables in credible sets:

 variable variable_prob cs
       29    0.30321897  1
       32    0.06298930  1
       13    0.06128443  1
        6    0.05947876  1
       23    0.04460759  1
        9    0.04236485  1
       12    0.04073630  1
       26    0.04073630  1
        8    0.03727115  1
       10    0.03657298  1
       24    0.03645346  1
       17    0.03629612  1
       30    0.03575064  1
        7    0.03099028  1
       19    0.03077022  1
       22    0.01735315  1
       16    0.01200112  1
        1    0.01008553  1
        3    0.01008553  1
        4    0.01008553  1

Credible sets summary:

 cs cs_log10bf cs_avg_r2 cs_min_r2
  1   4.812246 0.8951276 0.6970046
                                             variable
 1,3,4,6,7,8,9,10,12,13,16,17,19,22,23,24,26,29,30,32
PP.H0.abf PP.H1.abf PP.H2.abf PP.H3.abf PP.H4.abf 
 3.08e-19  2.17e-03  6.39e-17  4.49e-01  5.49e-01 
[1] "PP abf for shared variant: 54.9%"
   nsnps     hit1      hit2    PP.H0.abf   PP.H1.abf   PP.H2.abf PP.H3.abf
1:    32 rs305221 rs6679817 3.078452e-19 0.002167579 6.39335e-17 0.4490667
   PP.H4.abf idx1 idx2
1: 0.5487657    1    1
[1] "ENSG00000137944.17"
[1] "KYAT3"
[1] "Lung"
[1] "running liftOver"
[1] "Grabbing the all pairs data"
[1] "reading the all pairs data into R"
[1] 22298    14
[1] "Filtering on the geneID"
[1] "adding rs numbers to the QTL data"
[1] "merging the trait and eqtl data on unique ID"
[1] "Running coloc"
PP.H0.abf PP.H1.abf PP.H2.abf PP.H3.abf PP.H4.abf 
 1.16e-23  1.43e-08  6.14e-16  7.57e-01  2.43e-01 
[1] "PP abf for shared variant: 24.3%"

Variables in credible sets:

 variable variable_prob cs
       15    0.31611406  1
       31    0.17976767  1
       28    0.16035307  1
       25    0.15864984  1
       27    0.10709071  1
       18    0.05599653  1

Credible sets summary:

 cs cs_log10bf cs_avg_r2 cs_min_r2          variable
  1   18.34249 0.9902291 0.9785048 15,18,25,27,28,31

Variables in credible sets:

 variable variable_prob cs
        6    0.13219185  1
       13    0.12140248  1
       24    0.11522828  1
        7    0.11209764  1
        8    0.07799348  1
       32    0.07135938  1
        9    0.06728487  1
       10    0.05428985  1
       19    0.04929710  1
       12    0.04689554  1
       26    0.04689554  1
       30    0.04514980  1
       23    0.01290013  1

Credible sets summary:

 cs cs_log10bf cs_avg_r2 cs_min_r2                           variable
  1   12.86458 0.9504462 0.7993451 6,7,8,9,10,12,13,19,23,24,26,30,32
PP.H0.abf PP.H1.abf PP.H2.abf PP.H3.abf PP.H4.abf 
 5.46e-27  3.85e-11  1.28e-16  9.01e-01  9.91e-02 
[1] "PP abf for shared variant: 9.91%"
   nsnps     hit1       hit2    PP.H0.abf    PP.H1.abf    PP.H2.abf PP.H3.abf
1:    32 rs305221 rs10922528 5.462584e-27 3.846277e-11 1.279753e-16 0.9008925
    PP.H4.abf idx1 idx2
1: 0.09910751    1    1
[1] "ENSG00000137944.17"
[1] "KYAT3"
[1] "Esophagus_Mucosa"
[1] "running liftOver"
[1] "Grabbing the all pairs data"
[1] "reading the all pairs data into R"
[1] 21553    14
[1] "Filtering on the geneID"
[1] "adding rs numbers to the QTL data"
[1] "merging the trait and eqtl data on unique ID"
[1] "Running coloc"
PP.H0.abf PP.H1.abf PP.H2.abf PP.H3.abf PP.H4.abf 
 6.71e-27  8.27e-12  7.31e-16  9.01e-01  9.91e-02 
[1] "PP abf for shared variant: 9.91%"

Variables in credible sets:

 variable variable_prob cs
       15    0.31611406  1
       31    0.17976767  1
       28    0.16035307  1
       25    0.15864984  1
       27    0.10709071  1
       18    0.05599653  1

Credible sets summary:

 cs cs_log10bf cs_avg_r2 cs_min_r2          variable
  1   18.34249 0.9902291 0.9785048 15,18,25,27,28,31

Variables in credible sets:

 variable variable_prob cs
       24    0.94191385  1
        7    0.01675052  1

Credible sets summary:

 cs cs_log10bf cs_avg_r2 cs_min_r2 variable
  1   18.38829 0.9330092 0.9330092     7,24
PP.H0.abf PP.H1.abf PP.H2.abf PP.H3.abf PP.H4.abf 
 1.73e-32  1.22e-16  1.35e-16  9.53e-01  4.67e-02 
[1] "PP abf for shared variant: 4.67%"
   nsnps     hit1      hit2    PP.H0.abf    PP.H1.abf    PP.H2.abf PP.H3.abf
1:    32 rs305221 rs4656069 1.730492e-32 1.218463e-16 1.353964e-16 0.9532508
    PP.H4.abf idx1 idx2
1: 0.04674922    1    1
[1] "ENSG00000137944.17"
[1] "KYAT3"
[1] "Adipose_Visceral_Omentum"
[1] "running liftOver"
[1] "Grabbing the all pairs data"
[1] "reading the all pairs data into R"
[1] 22298    14
[1] "Filtering on the geneID"
[1] "adding rs numbers to the QTL data"
[1] "merging the trait and eqtl data on unique ID"
[1] "Running coloc"
PP.H0.abf PP.H1.abf PP.H2.abf PP.H3.abf PP.H4.abf 
 3.56e-29  4.40e-14  7.35e-16  9.07e-01  9.26e-02 
[1] "PP abf for shared variant: 9.26%"

Variables in credible sets:

 variable variable_prob cs
       15    0.31611406  1
       31    0.17976767  1
       28    0.16035307  1
       25    0.15864984  1
       27    0.10709071  1
       18    0.05599653  1

Credible sets summary:

 cs cs_log10bf cs_avg_r2 cs_min_r2          variable
  1   18.34249 0.9902291 0.9785048 15,18,25,27,28,31

Variables in credible sets:

 variable variable_prob cs
       24    0.84739134  1
       10    0.02305833  1
        6    0.02109632  1
       13    0.02109632  1
       26    0.02109632  1
       12    0.02000739  1

Credible sets summary:

 cs cs_log10bf cs_avg_r2 cs_min_r2         variable
  1   22.64458 0.9884037  0.965546 6,10,12,13,24,26
PP.H0.abf PP.H1.abf PP.H2.abf PP.H3.abf PP.H4.abf 
 9.58e-37  6.74e-21  1.35e-16  9.52e-01  4.80e-02 
[1] "PP abf for shared variant: 4.8%"
   nsnps     hit1      hit2    PP.H0.abf    PP.H1.abf    PP.H2.abf PP.H3.abf
1:    32 rs305221 rs4656069 9.578819e-37 6.744573e-21 1.352216e-16 0.9520172
    PP.H4.abf idx1 idx2
1: 0.04798278    1    1
[1] "ENSG00000137944.17"
[1] "KYAT3"
[1] "Esophagus_Muscularis"
[1] "running liftOver"
[1] "Grabbing the all pairs data"
[1] "reading the all pairs data into R"
[1] 21230    14
[1] "Filtering on the geneID"
[1] "adding rs numbers to the QTL data"
[1] "merging the trait and eqtl data on unique ID"
[1] "Running coloc"
PP.H0.abf PP.H1.abf PP.H2.abf PP.H3.abf PP.H4.abf 
 1.60e-32  1.99e-17  7.36e-16  9.14e-01  8.57e-02 
[1] "PP abf for shared variant: 8.57%"

Variables in credible sets:

 variable variable_prob cs
       15    0.31611406  1
       31    0.17976767  1
       28    0.16035307  1
       25    0.15864984  1
       27    0.10709071  1
       18    0.05599653  1

Credible sets summary:

 cs cs_log10bf cs_avg_r2 cs_min_r2          variable
  1   18.34249 0.9902291 0.9785048 15,18,25,27,28,31

Variables in credible sets:

 variable variable_prob cs
       14             1  2
       24             1  1

Credible sets summary:

 cs cs_log10bf cs_avg_r2 cs_min_r2 variable
  1        Inf         1         1       24
  2        Inf         1         1       14
PP.H0.abf PP.H1.abf PP.H2.abf PP.H3.abf PP.H4.abf 
 0.00e+00  0.00e+00  1.35e-16  9.54e-01  4.64e-02 
[1] "PP abf for shared variant: 4.64%"
PP.H0.abf PP.H1.abf PP.H2.abf PP.H3.abf PP.H4.abf 
 0.00e+00  0.00e+00  1.22e-16  8.58e-01  1.42e-01 
[1] "PP abf for shared variant: 14.2%"
   nsnps     hit1      hit2 PP.H0.abf PP.H1.abf    PP.H2.abf PP.H3.abf
1:    32 rs305221 rs4656069         0         0 1.354430e-16 0.9535790
2:    32 rs305221 rs2765524         0         0 1.219648e-16 0.8584869
    PP.H4.abf idx1 idx2
1: 0.04642101    1    1
2: 0.14151307    1    2
[1] "ENSG00000117226.11"
[1] "GBP3"
[1] "Breast_Mammary_Tissue"
[1] "running liftOver"
[1] "Grabbing the all pairs data"
[1] "reading the all pairs data into R"
[1] 22298    14
[1] "Filtering on the geneID"
[1] "adding rs numbers to the QTL data"
[1] "merging the trait and eqtl data on unique ID"
[1] "Running coloc"
PP.H0.abf PP.H1.abf PP.H2.abf PP.H3.abf PP.H4.abf 
 3.40e-16  4.21e-01  8.36e-17  1.03e-01  4.76e-01 
[1] "PP abf for shared variant: 47.6%"

Variables in credible sets:

 variable variable_prob cs
       15    0.31611406  1
       31    0.17976767  1
       28    0.16035307  1
       25    0.15864984  1
       27    0.10709071  1
       18    0.05599653  1

Credible sets summary:

 cs cs_log10bf cs_avg_r2 cs_min_r2          variable
  1   18.34249 0.9902291 0.9785048 15,18,25,27,28,31

Variables in credible sets:

 variable variable_prob cs
       32    0.08915093  1
        8    0.07971970  1
       29    0.06434746  1
       10    0.06355605  1
       30    0.05783427  1
        9    0.05635569  1
        7    0.05455827  1
       12    0.05455827  1
       13    0.05455827  1
       26    0.05455827  1
        6    0.04928474  1
       19    0.04249842  1
       24    0.03765210  1
       20    0.03198976  1
       16    0.03098678  1
       23    0.02809020  1
       17    0.02166063  1
       21    0.02018004  1
       22    0.01388611  1
        1    0.01383477  1
        3    0.01383477  1
        4    0.01383477  1
        5    0.01383477  1

Credible sets summary:

 cs cs_log10bf cs_avg_r2 cs_min_r2
  1   2.135812 0.8910376 0.6970046
                                                     variable
 1,3,4,5,6,7,8,9,10,12,13,16,17,19,20,21,22,23,24,26,29,30,32
PP.H0.abf PP.H1.abf PP.H2.abf PP.H3.abf PP.H4.abf 
 6.74e-17  4.74e-01  2.95e-17  2.07e-01  3.19e-01 
[1] "PP abf for shared variant: 31.9%"
   nsnps     hit1      hit2    PP.H0.abf PP.H1.abf    PP.H2.abf PP.H3.abf
1:    32 rs305221 rs9787246 6.738116e-17 0.4744397 2.947819e-17 0.2069226
   PP.H4.abf idx1 idx2
1: 0.3186378    1    1
[1] "ENSG00000137944.17"
[1] "KYAT3"
[1] "Breast_Mammary_Tissue"
[1] "running liftOver"
[1] "Grabbing the all pairs data"
[1] "reading the all pairs data into R"
[1] 22298    14
[1] "Filtering on the geneID"
[1] "adding rs numbers to the QTL data"
[1] "merging the trait and eqtl data on unique ID"
[1] "Running coloc"
PP.H0.abf PP.H1.abf PP.H2.abf PP.H3.abf PP.H4.abf 
 2.76e-19  3.41e-04  3.56e-16  4.40e-01  5.59e-01 
[1] "PP abf for shared variant: 55.9%"

Variables in credible sets:

 variable variable_prob cs
       15    0.31611406  1
       31    0.17976767  1
       28    0.16035307  1
       25    0.15864984  1
       27    0.10709071  1
       18    0.05599653  1

Credible sets summary:

 cs cs_log10bf cs_avg_r2 cs_min_r2          variable
  1   18.34249 0.9902291 0.9785048 15,18,25,27,28,31

Variables in credible sets:

 variable variable_prob cs
        1    0.13421882  1
        3    0.13421882  1
        4    0.13421882  1
        5    0.13421882  1
       21    0.10601087  1
       24    0.10516424  1
       20    0.03781735  1
        2    0.02788993  1
       11    0.02788993  1
       19    0.02203478  1
       10    0.02168410  1
       30    0.01920680  1
        6    0.01453367  1
        7    0.01251927  1
       12    0.01251927  1
       13    0.01251927  1

Credible sets summary:

 cs cs_log10bf cs_avg_r2 cs_min_r2                                 variable
  1   7.204529 0.8927922 0.7915394 1,2,3,4,5,6,7,10,11,12,13,19,20,21,24,30
PP.H0.abf PP.H1.abf PP.H2.abf PP.H3.abf PP.H4.abf 
 1.76e-21  1.24e-05  9.03e-17  6.35e-01  3.65e-01 
[1] "PP abf for shared variant: 36.5%"
   nsnps     hit1       hit2   PP.H0.abf    PP.H1.abf    PP.H2.abf PP.H3.abf
1:    32 rs305221 rs10922500 1.76248e-21 1.240985e-05 9.032389e-17 0.6352529
   PP.H4.abf idx1 idx2
1: 0.3647346    1    1
[1] "ENSG00000137944.17"
[1] "KYAT3"
[1] "Artery_Aorta"
[1] "running liftOver"
[1] "Grabbing the all pairs data"
[1] "reading the all pairs data into R"
[1] 19417    14
[1] "Filtering on the geneID"
[1] "adding rs numbers to the QTL data"
[1] "merging the trait and eqtl data on unique ID"
[1] "Running coloc"
PP.H0.abf PP.H1.abf PP.H2.abf PP.H3.abf PP.H4.abf 
 1.45e-24  1.80e-09  7.23e-16  8.95e-01  1.05e-01 
[1] "PP abf for shared variant: 10.5%"

Variables in credible sets:

 variable variable_prob cs
       15    0.31611406  1
       31    0.17976767  1
       28    0.16035307  1
       25    0.15864984  1
       27    0.10709071  1
       18    0.05599653  1

Credible sets summary:

 cs cs_log10bf cs_avg_r2 cs_min_r2          variable
  1   18.34249 0.9902291 0.9785048 15,18,25,27,28,31

Variables in credible sets:

 variable variable_prob cs
       32    0.31563894  1
        8    0.18132779  1
       19    0.13990442  1
        7    0.08541826  1
       17    0.07103018  1
       24    0.03235755  1
        9    0.02935672  1
       12    0.02922241  1
        6    0.02466424  1
       10    0.02466424  1
       13    0.02466424  1

Credible sets summary:

 cs cs_log10bf cs_avg_r2 cs_min_r2                     variable
  1    16.0683 0.9596176 0.8739071 6,7,8,9,10,12,13,17,19,24,32
PP.H0.abf PP.H1.abf PP.H2.abf PP.H3.abf PP.H4.abf 
 3.65e-30  2.57e-14  1.37e-16  9.63e-01  3.74e-02 
[1] "PP abf for shared variant: 3.74%"
   nsnps     hit1      hit2   PP.H0.abf    PP.H1.abf    PP.H2.abf PP.H3.abf
1:    32 rs305221 rs9787246 3.65084e-30 2.570604e-14 1.367222e-16  0.962604
    PP.H4.abf idx1 idx2
1: 0.03739601    1    1
[1] "ENSG00000137944.17"
[1] "KYAT3"
[1] "Heart_Left_Ventricle"
[1] "running liftOver"
[1] "Grabbing the all pairs data"
[1] "reading the all pairs data into R"
[1] 19094    14
[1] "Filtering on the geneID"
[1] "adding rs numbers to the QTL data"
[1] "merging the trait and eqtl data on unique ID"
[1] "Running coloc"
PP.H0.abf PP.H1.abf PP.H2.abf PP.H3.abf PP.H4.abf 
 5.13e-17  6.30e-02  3.43e-17  4.12e-02  8.96e-01 
[1] "PP abf for shared variant: 89.6%"

Variables in credible sets:

 variable variable_prob cs
       15    0.31611406  1
       31    0.17976767  1
       28    0.16035307  1
       25    0.15864984  1
       27    0.10709071  1
       18    0.05599653  1

Credible sets summary:

 cs cs_log10bf cs_avg_r2 cs_min_r2          variable
  1   18.34249 0.9902291 0.9785048 15,18,25,27,28,31

Variables in credible sets:

 variable variable_prob cs
        1   0.141734871  1
        3   0.141734871  1
        4   0.141734871  1
        5   0.141734871  1
       24   0.064994335  1
       28   0.063894194  1
        2   0.063671133  1
       11   0.043633718  1
       20   0.017421364  1
       21   0.017421364  1
       29   0.017095365  1
       18   0.009638096  1
       23   0.009137893  1
       17   0.008267034  1
       12   0.008201050  1
       27   0.007909149  1
       15   0.007899929  1
       25   0.007795312  1
       31   0.007795312  1
       30   0.007545374  1
       10   0.007405464  1
        6   0.007310426  1
       13   0.007310426  1

Credible sets summary:

 cs cs_log10bf cs_avg_r2 cs_min_r2
  1   2.696153  0.832263 0.6394865
                                                       variable
 1,2,3,4,5,6,10,11,12,13,15,17,18,20,21,23,24,25,27,28,29,30,31
PP.H0.abf PP.H1.abf PP.H2.abf PP.H3.abf PP.H4.abf 
 8.38e-18  5.90e-02  1.33e-17  9.21e-02  8.49e-01 
[1] "PP abf for shared variant: 84.9%"
   nsnps     hit1       hit2    PP.H0.abf  PP.H1.abf    PP.H2.abf  PP.H3.abf
1:    32 rs305221 rs10922500 8.380716e-18 0.05900973 1.332245e-17 0.09210734
   PP.H4.abf idx1 idx2
1: 0.8488829    1    1
[1] "ENSG00000137944.17"
[1] "KYAT3"
[1] "Heart_Atrial_Appendage"
[1] "running liftOver"
[1] "Grabbing the all pairs data"
[1] "reading the all pairs data into R"
[1] 20485    14
[1] "Filtering on the geneID"
[1] "adding rs numbers to the QTL data"
[1] "merging the trait and eqtl data on unique ID"
[1] "Running coloc"
PP.H0.abf PP.H1.abf PP.H2.abf PP.H3.abf PP.H4.abf 
 2.37e-27  2.94e-12  7.28e-16  8.99e-01  1.01e-01 
[1] "PP abf for shared variant: 10.1%"

Variables in credible sets:

 variable variable_prob cs
       15    0.31611406  1
       31    0.17976767  1
       28    0.16035307  1
       25    0.15864984  1
       27    0.10709071  1
       18    0.05599653  1

Credible sets summary:

 cs cs_log10bf cs_avg_r2 cs_min_r2          variable
  1   18.34249 0.9902291 0.9785048 15,18,25,27,28,31

Variables in credible sets:

 variable variable_prob cs
        6    0.22342765  1
       13    0.22342765  1
       19    0.21253899  1
        9    0.11904625  1
       12    0.07465299  1
       26    0.07465299  1
       24    0.03699298  1

Credible sets summary:

 cs cs_log10bf cs_avg_r2 cs_min_r2           variable
  1   21.41268 0.9900546  0.965546 6,9,12,13,19,24,26
PP.H0.abf PP.H1.abf PP.H2.abf PP.H3.abf PP.H4.abf 
 1.62e-35  1.14e-19  1.34e-16  9.44e-01  5.59e-02 
[1] "PP abf for shared variant: 5.59%"
   nsnps     hit1       hit2  PP.H0.abf    PP.H1.abf    PP.H2.abf PP.H3.abf
1:    32 rs305221 rs10922528 1.6203e-35 1.140875e-19 1.340979e-16 0.9440895
    PP.H4.abf idx1 idx2
1: 0.05591051    1    1
[1] "ENSG00000137944.17"
[1] "KYAT3"
[1] "Colon_Transverse"
[1] "running liftOver"
[1] "Grabbing the all pairs data"
[1] "reading the all pairs data into R"
[1] 21230    14
[1] "Filtering on the geneID"
[1] "adding rs numbers to the QTL data"
[1] "merging the trait and eqtl data on unique ID"
[1] "Running coloc"
PP.H0.abf PP.H1.abf PP.H2.abf PP.H3.abf PP.H4.abf 
 7.10e-26  8.88e-11  7.23e-16  9.04e-01  9.57e-02 
[1] "PP abf for shared variant: 9.57%"

Variables in credible sets:

 variable variable_prob cs
       15    0.31611406  1
       31    0.17976767  1
       28    0.16035307  1
       25    0.15864984  1
       27    0.10709071  1
       18    0.05599653  1

Credible sets summary:

 cs cs_log10bf cs_avg_r2 cs_min_r2          variable
  1   18.34249 0.9902291 0.9785048 15,18,25,27,28,31

Variables in credible sets:

 variable variable_prob cs
       24     0.9892365  1

Credible sets summary:

 cs cs_log10bf cs_avg_r2 cs_min_r2 variable
  1    19.6237         1         1       24
PP.H0.abf PP.H1.abf PP.H2.abf PP.H3.abf PP.H4.abf 
 1.01e-33  7.09e-18  1.35e-16  9.53e-01  4.65e-02 
[1] "PP abf for shared variant: 4.65%"
   nsnps     hit1      hit2    PP.H0.abf    PP.H1.abf    PP.H2.abf PP.H3.abf
1:    32 rs305221 rs4656069 1.006576e-33 7.087436e-18 1.354255e-16  0.953456
    PP.H4.abf idx1 idx2
1: 0.04654396    1    1
[1] "ENSG00000137944.17"
[1] "KYAT3"
[1] "Esophagus_Gastroesophageal_Junction"
[1] "running liftOver"
[1] "Grabbing the all pairs data"
[1] "reading the all pairs data into R"
[1] 21230    14
[1] "Filtering on the geneID"
[1] "adding rs numbers to the QTL data"
[1] "merging the trait and eqtl data on unique ID"
[1] "Running coloc"
PP.H0.abf PP.H1.abf PP.H2.abf PP.H3.abf PP.H4.abf 
 5.79e-20  7.26e-05  7.16e-16  8.98e-01  1.02e-01 
[1] "PP abf for shared variant: 10.2%"

Variables in credible sets:

 variable variable_prob cs
       15    0.31611406  1
       31    0.17976767  1
       28    0.16035307  1
       25    0.15864984  1
       27    0.10709071  1
       18    0.05599653  1

Credible sets summary:

 cs cs_log10bf cs_avg_r2 cs_min_r2          variable
  1   18.34249 0.9902291 0.9785048 15,18,25,27,28,31

Variables in credible sets:

 variable variable_prob cs
       24    0.70637686  1
       27    0.27808282  2
       25    0.14599600  2
       28    0.13952297  2
       20    0.13416538  2
       31    0.10023980  2
       12    0.05706932  1
       30    0.05706932  1
       21    0.05256910  2
       16    0.03686777  2
        6    0.03083283  1
        9    0.03083283  1
       10    0.03083283  1
       13    0.03083283  1
       19    0.03083283  1
       18    0.03072973  2
       17    0.02028688  2
       15    0.01913766  2

Credible sets summary:

 cs cs_log10bf cs_avg_r2 cs_min_r2                      variable
  1   36.80779 0.9923910 0.9697385         6,9,10,12,13,19,24,30
  2   10.08280 0.8529947 0.7128813 15,16,17,18,20,21,25,27,28,31
PP.H0.abf PP.H1.abf PP.H2.abf PP.H3.abf PP.H4.abf 
 6.56e-51  4.62e-35  1.35e-16  9.50e-01  5.04e-02 
[1] "PP abf for shared variant: 5.04%"
PP.H0.abf PP.H1.abf PP.H2.abf PP.H3.abf PP.H4.abf 
 7.11e-26  5.01e-10  2.75e-18  1.74e-02  9.83e-01 
[1] "PP abf for shared variant: 98.3%"
   nsnps     hit1      hit2   PP.H0.abf    PP.H1.abf    PP.H2.abf  PP.H3.abf
1:    32 rs305221 rs4656069 6.56179e-51 4.620243e-35 1.348851e-16 0.94964322
2:    32 rs305221 rs6670565 7.11411e-26 5.009139e-10 2.754689e-18 0.01743099
    PP.H4.abf idx1 idx2
1: 0.05035678    1    1
2: 0.98256901    1    2
[1] "ENSG00000137944.17"
[1] "KYAT3"
[1] "Stomach"
[1] "running liftOver"
[1] "Grabbing the all pairs data"
[1] "reading the all pairs data into R"
[1] 19417    14
[1] "Filtering on the geneID"
[1] "adding rs numbers to the QTL data"
[1] "merging the trait and eqtl data on unique ID"
[1] "Running coloc"
PP.H0.abf PP.H1.abf PP.H2.abf PP.H3.abf PP.H4.abf 
 1.69e-18  2.11e-03  4.79e-16  5.95e-01  4.03e-01 
[1] "PP abf for shared variant: 40.3%"

Variables in credible sets:

 variable variable_prob cs
       15    0.31611406  1
       31    0.17976767  1
       28    0.16035307  1
       25    0.15864984  1
       27    0.10709071  1
       18    0.05599653  1

Credible sets summary:

 cs cs_log10bf cs_avg_r2 cs_min_r2          variable
  1   18.34249 0.9902291 0.9785048 15,18,25,27,28,31

Variables in credible sets:

 variable variable_prob cs
       24   0.629246628  1
        6   0.046334582  1
       13   0.033802138  1
        4   0.025850116  1
        7   0.021758971  1
        8   0.021481185  1
        9   0.021142224  1
       12   0.020957123  1
        1   0.020945875  1
        3   0.020945875  1
        5   0.020945875  1
       26   0.016133173  1
       22   0.014902711  1
       10   0.013356315  1
       17   0.011268206  1
       32   0.010535053  1
        2   0.009460365  1

Credible sets summary:

 cs cs_log10bf cs_avg_r2 cs_min_r2                                  variable
  1    6.70993 0.9019534 0.7984513 1,2,3,4,5,6,7,8,9,10,12,13,17,22,24,26,32
PP.H0.abf PP.H1.abf PP.H2.abf PP.H3.abf PP.H4.abf 
 7.42e-21  5.23e-05  1.22e-16  8.57e-01  1.43e-01 
[1] "PP abf for shared variant: 14.3%"
   nsnps     hit1      hit2    PP.H0.abf    PP.H1.abf    PP.H2.abf PP.H3.abf
1:    32 rs305221 rs4656069 7.422465e-21 5.226256e-05 1.217945e-16 0.8572861
   PP.H4.abf idx1 idx2
1: 0.1426617    1    1
[1] "ENSG00000117226.11"
[1] "GBP3"
[1] "Testis"
[1] "running liftOver"
[1] "Grabbing the all pairs data"
[1] "reading the all pairs data into R"
[1] 0 0
[1] "Did not find gene in all pairs data"
