[1] "trait"
[1] "DBP"
[1] "trait_file_header_info"
[1] "/gpfs/projects/bsc83/Projects/Breast/ANALYSIS/Hypertension/analysis/06_colocalization/DBP_Evangelou_parsed.txt"
[1] "Tested_Allele"
[1] "Other_Allele"
[1] "SNP"
[1] "CHR"
[1] "POS"
[1] "P"
[1] "N"
[1] "Freq_Tested_Allele"
[1] "traitType:"
[1] "quant"
[1] 20
[1] "Locus Info:"
[1] 20
[1] 57701709
[1] 57767727
[1] "rs6026739"
[1] "QTL type:"
[1] "eqtl"
[1] TRUE
[1] "trait input file successfully loaded"
   CHR      POS         SNP Tested_Allele Other_Allele Freq_Tested_Allele
1:  20 57701709   rs6015445             C            G             0.1102
2:  20 57702450  rs75777337             A            T             0.1100
3:  20 57704180  rs76116098             A            T             0.1100
4:  20 57704562 rs112887356             T            C             0.8894
5:  20 57704603 rs111267152             A            G             0.1106
6:  20 57705514   rs6026710             T            C             0.8895
     BETA     SE         P      N Ref_Allele Alt_Allele
1: 0.5171 0.0279 7.090e-77 747261          G          C
2: 0.5206 0.0279 1.076e-77 748069          T          A
3: 0.5220 0.0279 4.586e-78 748086          T          A
4: 0.5176 0.0278 3.335e-77 748008          T          C
5: 0.5171 0.0278 5.004e-77 747260          G          A
6: 0.5173 0.0278 4.436e-77 748680          T          C
[1] "rs6015445"  "rs75777337" "rs76116098"
[1] "/gpfs/projects/bsc83/Projects/Breast/ANALYSIS/Hypertension/data/Coloq/chr_20_snp151_hash_table.json"
$rs754
[1] "chr20_60094049"

$rs760
[1] "chr20_55827010"

$rs804
[1] "chr20_60094053"

[1] "hash table loaded"
[1] "/gpfs/projects/bsc83/Projects/Breast/ANALYSIS/Hypertension/analysis/06_colocalization/ColocQuiaL-main/GTEx_v8_Tissue_Summary_with_filenames_all.csv"
                          Tissue NumberRNASeqandGTSamples NumberRNASeqSamples
1              Muscle - Skeletal                      706                 803
2                    Whole Blood                      670                 755
3 Skin - Sun Exposed (Lower leg)                      605                 701
4                Artery - Tibial                      584                 663
5         Adipose - Subcutaneous                      581                 663
6                        Thyroid                      574                 653
  Number_of_eGenes                      allPairsTabixFilename
1            13532            Muscle_Skeletal.allpairs.tab.gz
2            12360                Whole_Blood.allpairs.tab.gz
3            16967 Skin_Sun_Exposed_Lower_leg.allpairs.tab.gz
4            15008              Artery_Tibial.allpairs.tab.gz
5            15607       Adipose_Subcutaneous.allpairs.tab.gz
6            17684                    Thyroid.allpairs.tab.gz
                                              sigPairsTabixFilename
1            Muscle_Skeletal.v8.v8.signif_variant_gene_pairs.tab.gz
2                Whole_Blood.v8.v8.signif_variant_gene_pairs.tab.gz
3 Skin_Sun_Exposed_Lower_leg.v8.v8.signif_variant_gene_pairs.tab.gz
4              Artery_Tibial.v8.v8.signif_variant_gene_pairs.tab.gz
5       Adipose_Subcutaneous.v8.v8.signif_variant_gene_pairs.tab.gz
6                    Thyroid.v8.v8.signif_variant_gene_pairs.tab.gz
[1] "chr20_59164414"
[1] "rs6026739 is not a significant eqtl in any tissue in the eqtl dataset."
