[1] "trait"
[1] "PP"
[1] "trait_file_header_info"
[1] "/gpfs/projects/bsc83/Projects/Breast/ANALYSIS/Hypertension/analysis/06_colocalization/PP_Evangelou_parsed.txt"
[1] "Tested_Allele"
[1] "Other_Allele"
[1] "SNP"
[1] "CHR"
[1] "POS"
[1] "P"
[1] "N"
[1] "Freq_Tested_Allele"
[1] "traitType:"
[1] "quant"
[1] 7
[1] "Locus Info:"
[1] 7
[1] 45961075
[1] 46010100
[1] "rs10260816"
[1] "QTL type:"
[1] "eqtl"
[1] TRUE
[1] "trait input file successfully loaded"
   CHR      POS         SNP Tested_Allele Other_Allele Freq_Tested_Allele
1:   7 45961075   rs2854744             T            G             0.4549
2:   7 45963114    rs924140             T            C             0.4559
3:   7 45968087   rs2342396             C            G             0.4580
4:   7 45970037   rs1117457             A            G             0.4571
5:   7 45972977   rs2960434             A            G             0.5430
6:   7 45973419 rs139900536             C            G             0.4558
      BETA     SE         P      N Ref_Allele Alt_Allele
1: -0.3926 0.0208 1.240e-79 719300          G          T
2: -0.3851 0.0206 1.023e-77 730698          C          T
3: -0.3811 0.0206 3.564e-76 731195          G          C
4: -0.3848 0.0206 1.376e-77 730215          G          A
5: -0.3845 0.0206 1.700e-77 731313          A          G
6: -0.3852 0.0206 9.320e-78 730259          G          C
[1] "rs2854744" "rs924140"  "rs2342396"
[1] "/gpfs/projects/bsc83/Projects/Breast/ANALYSIS/Hypertension/data/Coloq/chr_7_snp151_hash_table.json"
$rs5
[1] "chr7_92209796"

$rs6
[1] "chr7_92117817"

$rs7
[1] "chr7_92150243"

[1] "hash table loaded"
[1] "/gpfs/projects/bsc83/Projects/Breast/ANALYSIS/Hypertension/analysis/06_colocalization/ColocQuiaL-main/GTEx_v8_Tissue_Summary_with_filenames_all.csv"
                          Tissue NumberRNASeqandGTSamples NumberRNASeqSamples
1              Muscle - Skeletal                      706                 803
2                    Whole Blood                      670                 755
3 Skin - Sun Exposed (Lower leg)                      605                 701
4                Artery - Tibial                      584                 663
5         Adipose - Subcutaneous                      581                 663
6                        Thyroid                      574                 653
  Number_of_eGenes                      allPairsTabixFilename
1            13532            Muscle_Skeletal.allpairs.tab.gz
2            12360                Whole_Blood.allpairs.tab.gz
3            16967 Skin_Sun_Exposed_Lower_leg.allpairs.tab.gz
4            15008              Artery_Tibial.allpairs.tab.gz
5            15607       Adipose_Subcutaneous.allpairs.tab.gz
6            17684                    Thyroid.allpairs.tab.gz
                                              sigPairsTabixFilename
1            Muscle_Skeletal.v8.v8.signif_variant_gene_pairs.tab.gz
2                Whole_Blood.v8.v8.signif_variant_gene_pairs.tab.gz
3 Skin_Sun_Exposed_Lower_leg.v8.v8.signif_variant_gene_pairs.tab.gz
4              Artery_Tibial.v8.v8.signif_variant_gene_pairs.tab.gz
5       Adipose_Subcutaneous.v8.v8.signif_variant_gene_pairs.tab.gz
6                    Thyroid.v8.v8.signif_variant_gene_pairs.tab.gz
[1] "chr7_45970501"
[1] "ENSG00000146674.14"
[1] "IGFBP3"
[1] "Muscle_Skeletal"
[1] "running liftOver"
[1] "Grabbing the all pairs data"
[1] "reading the all pairs data into R"
[1] 1998   14
[1] "Filtering on the geneID"
[1] "adding rs numbers to the QTL data"
[1] "merging the trait and eqtl data on unique ID"
[1] "Running coloc"
PP.H0.abf PP.H1.abf PP.H2.abf PP.H3.abf PP.H4.abf 
 4.74e-87  1.64e-02  9.58e-88  2.32e-03  9.81e-01 
[1] "PP abf for shared variant: 98.1%"

Variables in credible sets:

 variable variable_prob cs
        3    0.99892385  1
        7    0.20920044  2
        9    0.19910000  2
       11    0.10937424  2
        8    0.08359308  2
       17    0.05688079  2
        1    0.05377920  2
        6    0.05265986  2
       18    0.04910267  2
       16    0.03665491  2
        5    0.03136907  2
        4    0.02694422  2
       14    0.02427875  2
       13    0.02358988  2

Credible sets summary:

 cs cs_log10bf cs_avg_r2 cs_min_r2                        variable
  1  47.403539 1.0000000 1.0000000                               3
  2   7.374946 0.9601303 0.8259792 1,4,5,6,7,8,9,11,13,14,16,17,18

Variables in credible sets:

 variable variable_prob cs
        3    0.39729137  1
        1    0.16593486  1
       12    0.03987262  1
       19    0.03921620  1
        6    0.03738323  1
       14    0.03516232  1
       10    0.03505970  1
       15    0.03149330  1
        9    0.03026528  1
        2    0.02987772  1
        4    0.02668524  1
        5    0.02627403  1
       13    0.02627403  1
        7    0.01642617  1
       11    0.01413348  1

Credible sets summary:

 cs cs_log10bf cs_avg_r2 cs_min_r2                             variable
  1   2.114059 0.9297814 0.7019474 1,2,3,4,5,6,7,9,10,11,12,13,14,15,19
PP.H0.abf PP.H1.abf PP.H2.abf PP.H3.abf PP.H4.abf 
 4.14e-47  1.99e-02  1.02e-47  2.97e-03  9.77e-01 
[1] "PP abf for shared variant: 97.7%"
PP.H0.abf PP.H1.abf PP.H2.abf PP.H3.abf PP.H4.abf 
 4.58e-06  2.06e-01  1.13e-06  4.95e-02  7.44e-01 
[1] "PP abf for shared variant: 74.4%"
   nsnps       hit1       hit2    PP.H0.abf  PP.H1.abf    PP.H2.abf   PP.H3.abf
1:    19 rs11977526 rs11977526 4.140293e-47 0.01992159 1.022925e-47 0.002967726
2:    19  rs1543270 rs11977526 4.578163e-06 0.20624874 1.131108e-06 0.049468490
   PP.H4.abf idx1 idx2
1: 0.9771107    1    1
2: 0.7442771    2    1
[1] "ENSG00000214765.8"
[1] "SEPTIN7P2"
[1] "Muscle_Skeletal"
[1] "running liftOver"
[1] "Grabbing the all pairs data"
[1] "reading the all pairs data into R"
[1] 1998   14
[1] "Filtering on the geneID"
[1] "adding rs numbers to the QTL data"
[1] "merging the trait and eqtl data on unique ID"
[1] "Running coloc"
PP.H0.abf PP.H1.abf PP.H2.abf PP.H3.abf PP.H4.abf 
 1.58e-87  5.44e-03  6.89e-87  2.28e-02  9.72e-01 
[1] "PP abf for shared variant: 97.2%"

Variables in credible sets:

 variable variable_prob cs
        3    0.99892385  1
        7    0.20920044  2
        9    0.19910000  2
       11    0.10937424  2
        8    0.08359308  2
       17    0.05688079  2
        1    0.05377920  2
        6    0.05265986  2
       18    0.04910267  2
       16    0.03665491  2
        5    0.03136907  2
        4    0.02694422  2
       14    0.02427875  2
       13    0.02358988  2

Credible sets summary:

 cs cs_log10bf cs_avg_r2 cs_min_r2                        variable
  1  47.403539 1.0000000 1.0000000                               3
  2   7.374946 0.9601303 0.8259792 1,4,5,6,7,8,9,11,13,14,16,17,18

Variables in credible sets:

 variable variable_prob cs
       10    0.19005963  1
        2    0.15969439  1
       15    0.14354621  1
       14    0.05849707  1
        5    0.05565440  1
       13    0.05565440  1
       19    0.05470044  1
        1    0.04374992  1
        4    0.03766689  1
        3    0.03629459  1
        6    0.02942707  1
       12    0.02649730  1
        9    0.02259295  1
        7    0.01618912  1
       11    0.01502609  1
       16    0.01495315  1

Credible sets summary:

 cs cs_log10bf cs_avg_r2 cs_min_r2                                variable
  1   3.576183 0.9326206 0.7019474 1,2,3,4,5,6,7,9,10,11,12,13,14,15,16,19
PP.H0.abf PP.H1.abf PP.H2.abf PP.H3.abf PP.H4.abf 
 1.51e-47  7.25e-03  1.08e-46  5.01e-02  9.43e-01 
[1] "PP abf for shared variant: 94.3%"
PP.H0.abf PP.H1.abf PP.H2.abf PP.H3.abf PP.H4.abf 
 2.15e-07  9.69e-03  1.54e-06  6.75e-02  9.23e-01 
[1] "PP abf for shared variant: 92.3%"
   nsnps       hit1      hit2    PP.H0.abf   PP.H1.abf    PP.H2.abf  PP.H3.abf
1:    19 rs11977526 rs2342396 1.507419e-47 0.007253156 1.079372e-46 0.05005007
2:    19  rs1543270 rs2342396 2.150396e-07 0.009687651 1.539769e-06 0.06752183
   PP.H4.abf idx1 idx2
1: 0.9426968    1    1
2: 0.9227888    2    1
[1] "ENSG00000146674.14"
[1] "IGFBP3"
[1] "Thyroid"
[1] "running liftOver"
[1] "Grabbing the all pairs data"
[1] "reading the all pairs data into R"
[1] 1998   14
[1] "Filtering on the geneID"
[1] "adding rs numbers to the QTL data"
[1] "merging the trait and eqtl data on unique ID"
[1] "Running coloc"
PP.H0.abf PP.H1.abf PP.H2.abf PP.H3.abf PP.H4.abf 
 2.61e-86  8.96e-02  1.87e-87  5.53e-03  9.05e-01 
[1] "PP abf for shared variant: 90.5%"

Variables in credible sets:

 variable variable_prob cs
        3    0.99892385  1
        7    0.20920044  2
        9    0.19910000  2
       11    0.10937424  2
        8    0.08359308  2
       17    0.05688079  2
        1    0.05377920  2
        6    0.05265986  2
       18    0.04910267  2
       16    0.03665491  2
        5    0.03136907  2
        4    0.02694422  2
       14    0.02427875  2
       13    0.02358988  2

Credible sets summary:

 cs cs_log10bf cs_avg_r2 cs_min_r2                        variable
  1  47.403539 1.0000000 1.0000000                               3
  2   7.374946 0.9601303 0.8259792 1,4,5,6,7,8,9,11,13,14,16,17,18

Variables in credible sets:

 variable variable_prob cs
        3    0.16864272  1
        1    0.11327493  1
        4    0.07968299  1
       15    0.06608105  1
        5    0.06128110  1
       13    0.06128110  1
       14    0.05926803  1
       10    0.05426761  1
        6    0.04554303  1
       19    0.04448535  1
       11    0.03212062  1
        8    0.03207173  1
       16    0.03207173  1
       17    0.03147391  1
        9    0.03137797  1
       12    0.02436702  1
        2    0.02387445  1

Credible sets summary:

 cs cs_log10bf cs_avg_r2 cs_min_r2                                   variable
  1   1.639118 0.9364398 0.7019474 1,2,3,4,5,6,8,9,10,11,12,13,14,15,16,17,19
PP.H0.abf PP.H1.abf PP.H2.abf PP.H3.abf PP.H4.abf 
 2.58e-46  1.24e-01  2.14e-47  8.55e-03  8.67e-01 
[1] "PP abf for shared variant: 86.7%"
PP.H0.abf PP.H1.abf PP.H2.abf PP.H3.abf PP.H4.abf 
 8.44e-06  3.80e-01  6.98e-07  3.03e-02  5.90e-01 
[1] "PP abf for shared variant: 59%"
   nsnps       hit1       hit2    PP.H0.abf PP.H1.abf    PP.H2.abf  PP.H3.abf
1:    19 rs11977526 rs11977526 2.583140e-46 0.1242913 2.138060e-47 0.00855326
2:    19  rs1543270 rs11977526 8.438554e-06 0.3801614 6.984576e-07 0.03028681
   PP.H4.abf idx1 idx2
1: 0.8671554    1    1
2: 0.5895426    2    1
[1] "ENSEMBL ID could not be converted to HGNC Symbol"
[1] "geneSymbol will be set to the ENSEMBL ID ENSG00000272556"
[1] "ENSG00000272556.2"
[1] "ENSG00000272556"
[1] "Thyroid"
[1] "running liftOver"
[1] "Grabbing the all pairs data"
[1] "reading the all pairs data into R"
[1] 1998   14
[1] "Filtering on the geneID"
[1] "adding rs numbers to the QTL data"
[1] "merging the trait and eqtl data on unique ID"
[1] "Running coloc"
PP.H0.abf PP.H1.abf PP.H2.abf PP.H3.abf PP.H4.abf 
 2.45e-85  8.44e-01  5.92e-88  1.88e-03  1.54e-01 
[1] "PP abf for shared variant: 15.4%"

Variables in credible sets:

 variable variable_prob cs
        3    0.99892385  1
        7    0.20920044  2
        9    0.19910000  2
       11    0.10937424  2
        8    0.08359308  2
       17    0.05688079  2
        1    0.05377920  2
        6    0.05265986  2
       18    0.04910267  2
       16    0.03665491  2
        5    0.03136907  2
        4    0.02694422  2
       14    0.02427875  2
       13    0.02358988  2

Credible sets summary:

 cs cs_log10bf cs_avg_r2 cs_min_r2                        variable
  1  47.403539 1.0000000 1.0000000                               3
  2   7.374946 0.9601303 0.8259792 1,4,5,6,7,8,9,11,13,14,16,17,18

Variables in credible sets:

 variable variable_prob cs
        3    0.07603144  1
        2    0.07079554  1
       15    0.06285653  1
       10    0.06144584  1
        4    0.05452259  1
        1    0.05324569  1
       19    0.05024803  1
        7    0.05014804  1
        8    0.05014696  1
       16    0.05014696  1
       11    0.05009915  1
        5    0.04807842  1
       13    0.04807842  1
       17    0.04762215  1
       14    0.04704909  1
       18    0.04696933  1
        9    0.04458304  1
       12    0.04429325  1

Credible sets summary:

 cs cs_log10bf cs_avg_r2 cs_min_r2
  1   0.177955 0.9381833 0.7019474
                                      variable
 1,2,3,4,5,7,8,9,10,11,12,13,14,15,16,17,18,19
PP.H0.abf PP.H1.abf PP.H2.abf PP.H3.abf PP.H4.abf 
 1.87e-45  9.00e-01  5.35e-48  2.38e-03  9.79e-02 
[1] "PP abf for shared variant: 9.79%"
PP.H0.abf PP.H1.abf PP.H2.abf PP.H3.abf PP.H4.abf 
 2.07e-05  9.32e-01  5.92e-08  2.54e-03  6.51e-02 
[1] "PP abf for shared variant: 6.51%"
   nsnps       hit1       hit2    PP.H0.abf PP.H1.abf    PP.H2.abf   PP.H3.abf
1:    19 rs11977526 rs11977526 1.869944e-45 0.8997496 5.352261e-48 0.002379572
2:    19  rs1543270 rs11977526 2.069474e-05 0.9323093 5.923366e-08 0.002538245
    PP.H4.abf idx1 idx2
1: 0.09787084    1    1
2: 0.06513171    2    1
[1] "ENSG00000146674.14"
[1] "IGFBP3"
[1] "Lung"
[1] "running liftOver"
[1] "Grabbing the all pairs data"
[1] "reading the all pairs data into R"
[1] 1998   14
[1] "Filtering on the geneID"
[1] "adding rs numbers to the QTL data"
[1] "merging the trait and eqtl data on unique ID"
[1] "Running coloc"
PP.H0.abf PP.H1.abf PP.H2.abf PP.H3.abf PP.H4.abf 
 1.96e-86  6.76e-02  3.01e-87  9.45e-03  9.23e-01 
[1] "PP abf for shared variant: 92.3%"

Variables in credible sets:

 variable variable_prob cs
        3    0.99892385  1
        7    0.20920044  2
        9    0.19910000  2
       11    0.10937424  2
        8    0.08359308  2
       17    0.05688079  2
        1    0.05377920  2
        6    0.05265986  2
       18    0.04910267  2
       16    0.03665491  2
        5    0.03136907  2
        4    0.02694422  2
       14    0.02427875  2
       13    0.02358988  2

Credible sets summary:

 cs cs_log10bf cs_avg_r2 cs_min_r2                        variable
  1  47.403539 1.0000000 1.0000000                               3
  2   7.374946 0.9601303 0.8259792 1,4,5,6,7,8,9,11,13,14,16,17,18

Variables in credible sets:

 variable variable_prob cs
        1    0.21012263  1
        9    0.13544124  1
        6    0.07947020  1
       19    0.07035131  1
       14    0.05446498  1
       10    0.05132511  1
       15    0.05132511  1
        3    0.04968764  1
        2    0.04451944  1
        8    0.03125412  1
       16    0.03125055  1
        5    0.03034995  1
       13    0.03034995  1
        4    0.03013127  1
       17    0.02817440  1
       11    0.02182939  1

Credible sets summary:

 cs cs_log10bf cs_avg_r2 cs_min_r2                                variable
  1   2.027649 0.9331461 0.7019474 1,2,3,4,5,6,8,9,10,11,13,14,15,16,17,19
PP.H0.abf PP.H1.abf PP.H2.abf PP.H3.abf PP.H4.abf 
 3.33e-46  1.60e-01  6.74e-47  3.08e-02  8.09e-01 
[1] "PP abf for shared variant: 80.9%"
PP.H0.abf PP.H1.abf PP.H2.abf PP.H3.abf PP.H4.abf 
 3.06e-06  1.38e-01  6.20e-07  2.63e-02  8.36e-01 
[1] "PP abf for shared variant: 83.6%"
   nsnps       hit1       hit2    PP.H0.abf PP.H1.abf    PP.H2.abf  PP.H3.abf
1:    19 rs11977526 rs10260816 3.330334e-46 0.1602436 6.743585e-47 0.03082984
2:    19  rs1543270 rs10260816 3.062413e-06 0.1379634 6.201072e-07 0.02626463
   PP.H4.abf idx1 idx2
1: 0.8089265    1    1
2: 0.8357683    2    1
[1] "ENSG00000146674.14"
[1] "IGFBP3"
[1] "Artery_Aorta"
[1] "running liftOver"
[1] "Grabbing the all pairs data"
[1] "reading the all pairs data into R"
[1] 1998   14
[1] "Filtering on the geneID"
[1] "adding rs numbers to the QTL data"
[1] "merging the trait and eqtl data on unique ID"
[1] "Running coloc"
PP.H0.abf PP.H1.abf PP.H2.abf PP.H3.abf PP.H4.abf 
 1.86e-86  6.39e-02  3.36e-87  1.06e-02  9.26e-01 
[1] "PP abf for shared variant: 92.6%"

Variables in credible sets:

 variable variable_prob cs
        3    0.99892385  1
        7    0.20920044  2
        9    0.19910000  2
       11    0.10937424  2
        8    0.08359308  2
       17    0.05688079  2
        1    0.05377920  2
        6    0.05265986  2
       18    0.04910267  2
       16    0.03665491  2
        5    0.03136907  2
        4    0.02694422  2
       14    0.02427875  2
       13    0.02358988  2

Credible sets summary:

 cs cs_log10bf cs_avg_r2 cs_min_r2                        variable
  1  47.403539 1.0000000 1.0000000                               3
  2   7.374946 0.9601303 0.8259792 1,4,5,6,7,8,9,11,13,14,16,17,18

Variables in credible sets:

 variable variable_prob cs
       11    0.12020049  1
       19    0.10078716  1
        9    0.09829233  1
        3    0.09616804  1
        1    0.06434342  1
        2    0.05768419  1
       17    0.05232009  1
        8    0.05151263  1
       16    0.05151263  1
        7    0.04389315  1
        5    0.03498592  1
       13    0.03498592  1
       14    0.03498592  1
        6    0.03463389  1
       10    0.03214598  1
       15    0.03214598  1
       18    0.02243754  1

Credible sets summary:

 cs cs_log10bf cs_avg_r2 cs_min_r2                                   variable
  1   2.204739  0.935246 0.7055143 1,2,3,5,6,7,8,9,10,11,13,14,15,16,17,18,19
PP.H0.abf PP.H1.abf PP.H2.abf PP.H3.abf PP.H4.abf 
 1.31e-46  6.29e-02  3.98e-47  1.73e-02  9.20e-01 
[1] "PP abf for shared variant: 92%"
PP.H0.abf PP.H1.abf PP.H2.abf PP.H3.abf PP.H4.abf 
 2.04e-06  9.19e-02  6.21e-07  2.62e-02  8.82e-01 
[1] "PP abf for shared variant: 88.2%"
   nsnps       hit1      hit2    PP.H0.abf  PP.H1.abf    PP.H2.abf  PP.H3.abf
1:    19 rs11977526 rs2949838 1.306419e-46 0.06286015 3.977174e-47 0.01729704
2:    19  rs1543270 rs2949838 2.040227e-06 0.09191333 6.211131e-07 0.02621775
   PP.H4.abf idx1 idx2
1: 0.9198428    1    1
2: 0.8818663    2    1
[1] "ENSG00000146674.14"
[1] "IGFBP3"
[1] "Heart_Left_Ventricle"
[1] "running liftOver"
[1] "Grabbing the all pairs data"
[1] "reading the all pairs data into R"
[1] 1853   14
[1] "Filtering on the geneID"
[1] "adding rs numbers to the QTL data"
[1] "merging the trait and eqtl data on unique ID"
[1] "Running coloc"
PP.H0.abf PP.H1.abf PP.H2.abf PP.H3.abf PP.H4.abf 
 6.69e-89  2.31e-04  3.30e-87  1.04e-02  9.89e-01 
[1] "PP abf for shared variant: 98.9%"

Variables in credible sets:

 variable variable_prob cs
        3    0.99892385  1
        7    0.20920044  2
        9    0.19910000  2
       11    0.10937424  2
        8    0.08359308  2
       17    0.05688079  2
        1    0.05377920  2
        6    0.05265986  2
       18    0.04910267  2
       16    0.03665491  2
        5    0.03136907  2
        4    0.02694422  2
       14    0.02427875  2
       13    0.02358988  2

Credible sets summary:

 cs cs_log10bf cs_avg_r2 cs_min_r2                        variable
  1  47.403539 1.0000000 1.0000000                               3
  2   7.374946 0.9601303 0.8259792 1,4,5,6,7,8,9,11,13,14,16,17,18

Variables in credible sets:

 variable variable_prob cs
        2   0.351758029  1
       10   0.112979971  1
       15   0.112979971  1
        3   0.102692518  1
        9   0.067872017  1
        1   0.057096770  1
        6   0.051450455  1
       14   0.039333800  1
       19   0.029381190  1
       12   0.021883445  1
        5   0.009693843  1

Credible sets summary:

 cs cs_log10bf cs_avg_r2 cs_min_r2                   variable
  1   5.424314 0.9142567 0.7055143 1,2,3,5,6,9,10,12,14,15,19
PP.H0.abf PP.H1.abf PP.H2.abf PP.H3.abf PP.H4.abf 
 7.88e-50  3.79e-05  3.98e-47  1.72e-02  9.83e-01 
[1] "PP abf for shared variant: 98.3%"
PP.H0.abf PP.H1.abf PP.H2.abf PP.H3.abf PP.H4.abf 
 2.85e-09  1.29e-04  1.44e-06  6.30e-02  9.37e-01 
[1] "PP abf for shared variant: 93.7%"
   nsnps       hit1      hit2    PP.H0.abf    PP.H1.abf    PP.H2.abf  PP.H3.abf
1:    19 rs11977526 rs1117457 7.884863e-50 3.793911e-05 3.979801e-47 0.01718381
2:    19  rs1543270 rs1117457 2.852805e-09 1.285204e-04 1.439923e-06 0.06299556
   PP.H4.abf idx1 idx2
1: 0.9827783    1    1
2: 0.9368745    2    1
[1] "ENSEMBL ID could not be converted to HGNC Symbol"
[1] "geneSymbol will be set to the ENSEMBL ID ENSG00000237471"
[1] "ENSG00000237471.1"
[1] "ENSG00000237471"
[1] "Testis"
[1] "running liftOver"
[1] "Grabbing the all pairs data"
[1] "reading the all pairs data into R"
[1] 0 0
[1] "Did not find gene in all pairs data"
