[1] "trait"
[1] "PP"
[1] "trait_file_header_info"
[1] "/gpfs/projects/bsc83/Projects/Breast/ANALYSIS/Hypertension/analysis/06_colocalization/PP_Evangelou_parsed.txt"
[1] "Tested_Allele"
[1] "Other_Allele"
[1] "SNP"
[1] "CHR"
[1] "POS"
[1] "P"
[1] "N"
[1] "Freq_Tested_Allele"
[1] "traitType:"
[1] "quant"
[1] 15
[1] "Locus Info:"
[1] 15
[1] 48699486
[1] 48939888
[1] "rs2118181"
[1] "QTL type:"
[1] "eqtl"
[1] TRUE
[1] "trait input file successfully loaded"
   CHR      POS        SNP Tested_Allele Other_Allele Freq_Tested_Allele
1:  15 48699486 rs16960886             A            G             0.0970
2:  15 48715237 rs11636344             C            G             0.9029
3:  15 48726179 rs35349206             A            C             0.0951
4:  15 48729030   rs363820             T            C             0.9038
5:  15 48755814 rs56286136             T            C             0.9036
6:  15 48758527 rs55999498             T            C             0.9036
      BETA     SE         P      N Ref_Allele Alt_Allele
1: -0.5022 0.0350 1.110e-46 727617          G          A
2: -0.5022 0.0350 1.230e-46 726598          C          G
3: -0.4999 0.0352 9.318e-46 730432          C          A
4: -0.4955 0.0348 5.620e-46 736199          T          C
5: -0.4913 0.0348 2.536e-45 737070          T          C
6: -0.4922 0.0347 1.502e-45 738029          T          C
[1] "rs16960886" "rs11636344" "rs35349206"
[1] "/gpfs/projects/bsc83/Projects/Breast/ANALYSIS/Hypertension/data/Coloq/chr_15_snp151_hash_table.json"
$rs537
[1] "chr15_66493961"

$rs548
[1] "chr15_22999284"

$rs565
[1] "chr15_30938987"

[1] "hash table loaded"
[1] "/gpfs/projects/bsc83/Projects/Breast/ANALYSIS/Hypertension/analysis/06_colocalization/ColocQuiaL-main/GTEx_v8_Tissue_Summary_with_filenames_all.csv"
                          Tissue NumberRNASeqandGTSamples NumberRNASeqSamples
1              Muscle - Skeletal                      706                 803
2                    Whole Blood                      670                 755
3 Skin - Sun Exposed (Lower leg)                      605                 701
4                Artery - Tibial                      584                 663
5         Adipose - Subcutaneous                      581                 663
6                        Thyroid                      574                 653
  Number_of_eGenes                      allPairsTabixFilename
1            13532            Muscle_Skeletal.allpairs.tab.gz
2            12360                Whole_Blood.allpairs.tab.gz
3            16967 Skin_Sun_Exposed_Lower_leg.allpairs.tab.gz
4            15008              Artery_Tibial.allpairs.tab.gz
5            15607       Adipose_Subcutaneous.allpairs.tab.gz
6            17684                    Thyroid.allpairs.tab.gz
                                              sigPairsTabixFilename
1            Muscle_Skeletal.v8.v8.signif_variant_gene_pairs.tab.gz
2                Whole_Blood.v8.v8.signif_variant_gene_pairs.tab.gz
3 Skin_Sun_Exposed_Lower_leg.v8.v8.signif_variant_gene_pairs.tab.gz
4              Artery_Tibial.v8.v8.signif_variant_gene_pairs.tab.gz
5       Adipose_Subcutaneous.v8.v8.signif_variant_gene_pairs.tab.gz
6                    Thyroid.v8.v8.signif_variant_gene_pairs.tab.gz
[1] "chr15_48623687"
[1] "ENSG00000166147.13"
[1] "FBN1"
[1] "Whole_Blood"
[1] "running liftOver"
[1] "Grabbing the all pairs data"
[1] "reading the all pairs data into R"
[1] 6164   14
[1] "Filtering on the geneID"
[1] "adding rs numbers to the QTL data"
[1] "merging the trait and eqtl data on unique ID"
[1] "Running coloc"
PP.H0.abf PP.H1.abf PP.H2.abf PP.H3.abf PP.H4.abf 
 1.25e-44  9.79e-04  5.49e-43  4.21e-02  9.57e-01 
[1] "PP abf for shared variant: 95.7%"

Variables in credible sets:

 variable variable_prob cs
       34   0.099096705  1
       11   0.085622586  1
       32   0.078774226  1
       20   0.077107977  1
       12   0.057563161  1
       40   0.048716827  1
        1   0.046727405  1
       22   0.046727405  1
       23   0.046727405  1
       16   0.044819599  1
       35   0.033484494  1
       17   0.032695833  1
       41   0.032119523  1
        4   0.030810452  1
       38   0.024007571  1
       39   0.022093303  1
       21   0.021194458  1
        8   0.020510741  1
       45   0.020510741  1
       30   0.015850962  1
        2   0.013428895  1
       46   0.011516410  1
       18   0.011378447  1
       10   0.011350053  1
        9   0.010586402  1
       33   0.007124335  1

Credible sets summary:

 cs cs_log10bf cs_avg_r2 cs_min_r2
  1   43.62664 0.9610402 0.8617632
                                                                 variable
 1,2,4,8,9,10,11,12,16,17,18,20,21,22,23,30,32,33,34,35,38,39,40,41,45,46

Variables in credible sets:

 variable variable_prob cs
       17   0.706198639  1
        7   0.032034565  1
       29   0.032034565  1
       48   0.032034565  1
       15   0.028619077  1
       31   0.028619077  1
       47   0.024710383  1
        4   0.014829894  1
       46   0.014687572  1
       40   0.014163976  1
       43   0.012623039  1
       37   0.005984631  1
       27   0.003954737  1

Credible sets summary:

 cs cs_log10bf cs_avg_r2 cs_min_r2                             variable
  1   5.066273 0.9584504 0.9006257 4,7,15,17,27,29,31,37,40,43,46,47,48
PP.H0.abf PP.H1.abf PP.H2.abf PP.H3.abf PP.H4.abf 
 6.31e-46  1.28e-04  3.53e-43  6.98e-02  9.30e-01 
[1] "PP abf for shared variant: 93%"
   nsnps     hit1      hit2    PP.H0.abf    PP.H1.abf    PP.H2.abf  PP.H3.abf
1:    48 rs627634 rs1848050 6.305891e-46 0.0001281222 3.525827e-43 0.06977708
   PP.H4.abf idx1 idx2
1: 0.9300948    1    1
[1] "ENSEMBL ID could not be converted to HGNC Symbol"
[1] "geneSymbol will be set to the ENSEMBL ID ENSG00000259488"
[1] "ENSG00000259488.2"
[1] "ENSG00000259488"
[1] "Artery_Tibial"
[1] "running liftOver"
[1] "Grabbing the all pairs data"
[1] "reading the all pairs data into R"
[1] 8321   14
[1] "Filtering on the geneID"
[1] "adding rs numbers to the QTL data"
[1] "merging the trait and eqtl data on unique ID"
[1] "Running coloc"
PP.H0.abf PP.H1.abf PP.H2.abf PP.H3.abf PP.H4.abf 
 8.47e-42  6.56e-01  1.79e-43  1.35e-02  3.31e-01 
[1] "PP abf for shared variant: 33.1%"

Variables in credible sets:

 variable variable_prob cs
       34   0.099096705  1
       11   0.085622586  1
       32   0.078774226  1
       20   0.077107977  1
       12   0.057563161  1
       40   0.048716827  1
        1   0.046727405  1
       22   0.046727405  1
       23   0.046727405  1
       16   0.044819599  1
       35   0.033484494  1
       17   0.032695833  1
       41   0.032119523  1
        4   0.030810452  1
       38   0.024007571  1
       39   0.022093303  1
       21   0.021194458  1
        8   0.020510741  1
       45   0.020510741  1
       30   0.015850962  1
        2   0.013428895  1
       46   0.011516410  1
       18   0.011378447  1
       10   0.011350053  1
        9   0.010586402  1
       33   0.007124335  1

Credible sets summary:

 cs cs_log10bf cs_avg_r2 cs_min_r2
  1   43.62664 0.9610402 0.8617632
                                                                 variable
 1,2,4,8,9,10,11,12,16,17,18,20,21,22,23,30,32,33,34,35,38,39,40,41,45,46

Variables in credible sets:

 variable variable_prob cs
        6   0.069548123  1
       10   0.046016927  1
       46   0.037704797  1
       36   0.036721586  1
       22   0.034665667  1
       39   0.028793116  1
       26   0.026745839  1
        5   0.026126430  1
        8   0.026126430  1
       11   0.026126430  1
       20   0.026126430  1
       32   0.026126430  1
       34   0.026126430  1
       45   0.026126430  1
        1   0.026113497  1
        2   0.026113497  1
       12   0.026113497  1
       33   0.026113497  1
       35   0.026113497  1
       38   0.025568363  1
       41   0.025568363  1
       23   0.024159483  1
       37   0.022830872  1
       18   0.022163393  1
       16   0.021909847  1
       21   0.021909847  1
       42   0.021909847  1
       13   0.021909450  1
       30   0.021909450  1
       14   0.015826733  1
       47   0.014547084  1
       19   0.012552634  1
        7   0.011721698  1
       29   0.011721698  1
       48   0.011721698  1
        3   0.009895250  1
       15   0.009694641  1
       31   0.009694641  1
       40   0.009012894  1
       17   0.008934728  1
        9   0.007985237  1

Credible sets summary:

 cs cs_log10bf cs_avg_r2 cs_min_r2
  1  0.7052072 0.9396278 0.7985782
                                                                                                           variable
 1,2,3,5,6,7,8,9,10,11,12,13,14,15,16,17,18,19,20,21,22,23,26,29,30,31,32,33,34,35,36,37,38,39,40,41,42,45,46,47,48
PP.H0.abf PP.H1.abf PP.H2.abf PP.H3.abf PP.H4.abf 
 3.74e-42  7.60e-01  9.10e-44  1.80e-02  2.22e-01 
[1] "PP abf for shared variant: 22.2%"
   nsnps     hit1        hit2    PP.H0.abf PP.H1.abf    PP.H2.abf  PP.H3.abf
1:    48 rs627634 rs113741266 3.738286e-42 0.7595397 9.101667e-44 0.01804781
   PP.H4.abf idx1 idx2
1: 0.2224125    1    1
[1] "ENSEMBL ID could not be converted to HGNC Symbol"
[1] "geneSymbol will be set to the ENSEMBL ID ENSG00000259705"
[1] "ENSG00000259705.1"
[1] "ENSG00000259705"
[1] "Adipose_Subcutaneous"
[1] "running liftOver"
[1] "Grabbing the all pairs data"
[1] "reading the all pairs data into R"
[1] 8321   14
[1] "Filtering on the geneID"
[1] "adding rs numbers to the QTL data"
[1] "merging the trait and eqtl data on unique ID"
[1] "Running coloc"
PP.H0.abf PP.H1.abf PP.H2.abf PP.H3.abf PP.H4.abf 
 2.08e-44  1.62e-03  3.74e-43  2.81e-02  9.70e-01 
[1] "PP abf for shared variant: 97%"

Variables in credible sets:

 variable variable_prob cs
       34   0.099096705  1
       11   0.085622586  1
       32   0.078774226  1
       20   0.077107977  1
       12   0.057563161  1
       40   0.048716827  1
        1   0.046727405  1
       22   0.046727405  1
       23   0.046727405  1
       16   0.044819599  1
       35   0.033484494  1
       17   0.032695833  1
       41   0.032119523  1
        4   0.030810452  1
       38   0.024007571  1
       39   0.022093303  1
       21   0.021194458  1
        8   0.020510741  1
       45   0.020510741  1
       30   0.015850962  1
        2   0.013428895  1
       46   0.011516410  1
       18   0.011378447  1
       10   0.011350053  1
        9   0.010586402  1
       33   0.007124335  1

Credible sets summary:

 cs cs_log10bf cs_avg_r2 cs_min_r2
  1   43.62664 0.9610402 0.8617632
                                                                 variable
 1,2,4,8,9,10,11,12,16,17,18,20,21,22,23,30,32,33,34,35,38,39,40,41,45,46

Variables in credible sets:

 variable variable_prob cs
       38    0.05450464  1
       41    0.05450464  1
        1    0.04721208  1
        2    0.04721208  1
       11    0.04721208  1
       12    0.04721208  1
       16    0.04721208  1
       20    0.04721208  1
       22    0.04721208  1
       32    0.04721208  1
       33    0.04721208  1
       34    0.04721208  1
       35    0.04721208  1
        5    0.04534500  1
        8    0.04534500  1
       45    0.04534500  1
       18    0.04197132  1
       39    0.03478904  1
       10    0.02619447  1
       13    0.02157867  1
       30    0.02157867  1
       21    0.01744946  1
       42    0.01744946  1
       23    0.01516882  1

Credible sets summary:

 cs cs_log10bf cs_avg_r2 cs_min_r2
  1   4.850822 0.9695277 0.9095036
                                                            variable
 1,2,5,8,10,11,12,13,16,18,20,21,22,23,30,32,33,34,35,38,39,41,42,45
PP.H0.abf PP.H1.abf PP.H2.abf PP.H3.abf PP.H4.abf 
 7.53e-46  1.53e-04  2.56e-43  5.02e-02  9.50e-01 
[1] "PP abf for shared variant: 95%"
   nsnps     hit1     hit2    PP.H0.abf    PP.H1.abf    PP.H2.abf  PP.H3.abf
1:    48 rs627634 rs655015 7.529911e-46 0.0001529917 2.563619e-43 0.05018793
   PP.H4.abf idx1 idx2
1: 0.9496591    1    1
[1] "ENSEMBL ID could not be converted to HGNC Symbol"
[1] "geneSymbol will be set to the ENSEMBL ID ENSG00000259705"
[1] "ENSG00000259705.1"
[1] "ENSG00000259705"
[1] "Esophagus_Muscularis"
[1] "running liftOver"
[1] "Grabbing the all pairs data"
[1] "reading the all pairs data into R"
[1] 8321   14
[1] "Filtering on the geneID"
[1] "adding rs numbers to the QTL data"
[1] "merging the trait and eqtl data on unique ID"
[1] "Running coloc"
PP.H0.abf PP.H1.abf PP.H2.abf PP.H3.abf PP.H4.abf 
 2.26e-43  1.77e-02  4.38e-43  3.34e-02  9.49e-01 
[1] "PP abf for shared variant: 94.9%"

Variables in credible sets:

 variable variable_prob cs
       34   0.099096705  1
       11   0.085622586  1
       32   0.078774226  1
       20   0.077107977  1
       12   0.057563161  1
       40   0.048716827  1
        1   0.046727405  1
       22   0.046727405  1
       23   0.046727405  1
       16   0.044819599  1
       35   0.033484494  1
       17   0.032695833  1
       41   0.032119523  1
        4   0.030810452  1
       38   0.024007571  1
       39   0.022093303  1
       21   0.021194458  1
        8   0.020510741  1
       45   0.020510741  1
       30   0.015850962  1
        2   0.013428895  1
       46   0.011516410  1
       18   0.011378447  1
       10   0.011350053  1
        9   0.010586402  1
       33   0.007124335  1

Credible sets summary:

 cs cs_log10bf cs_avg_r2 cs_min_r2
  1   43.62664 0.9610402 0.8617632
                                                                 variable
 1,2,4,8,9,10,11,12,16,17,18,20,21,22,23,30,32,33,34,35,38,39,40,41,45,46

Variables in credible sets:

 variable variable_prob cs
       18    0.08168290  1
        1    0.06220394  1
        2    0.06220394  1
       12    0.06220394  1
       33    0.06220394  1
       35    0.06220394  1
       10    0.06118510  1
       39    0.05282914  1
       26    0.04580546  1
       38    0.03899747  1
       41    0.03899747  1
       22    0.03605340  1
       46    0.02783151  1
        5    0.02750336  1
        8    0.02750336  1
       45    0.02750336  1
        6    0.02392973  1
       23    0.02347636  1
       16    0.02055538  1
       21    0.02055538  1
       42    0.02055538  1
       11    0.01814053  1
       20    0.01814053  1
       32    0.01814053  1
       34    0.01814053  1

Credible sets summary:

 cs cs_log10bf cs_avg_r2 cs_min_r2
  1   3.776726 0.9600269 0.8570464
                                                              variable
 1,2,5,6,8,10,11,12,16,18,20,21,22,23,26,32,33,34,35,38,39,41,42,45,46
PP.H0.abf PP.H1.abf PP.H2.abf PP.H3.abf PP.H4.abf 
 1.16e-44  2.36e-03  3.34e-43  6.60e-02  9.32e-01 
[1] "PP abf for shared variant: 93.2%"
   nsnps     hit1      hit2    PP.H0.abf   PP.H1.abf    PP.H2.abf PP.H3.abf
1:    48 rs627634 rs2028109 1.163309e-44 0.002363596 3.339357e-43 0.0659853
   PP.H4.abf idx1 idx2
1: 0.9316511    1    1
[1] "ENSEMBL ID could not be converted to HGNC Symbol"
[1] "geneSymbol will be set to the ENSEMBL ID ENSG00000259705"
[1] "ENSG00000259705.1"
[1] "ENSG00000259705"
[1] "Artery_Aorta"
[1] "running liftOver"
[1] "Grabbing the all pairs data"
[1] "reading the all pairs data into R"
[1] 8873   14
[1] "Filtering on the geneID"
[1] "adding rs numbers to the QTL data"
[1] "merging the trait and eqtl data on unique ID"
[1] "Running coloc"
PP.H0.abf PP.H1.abf PP.H2.abf PP.H3.abf PP.H4.abf 
 1.28e-43  1.00e-02  4.73e-43  3.61e-02  9.54e-01 
[1] "PP abf for shared variant: 95.4%"

Variables in credible sets:

 variable variable_prob cs
       34   0.099096705  1
       11   0.085622586  1
       32   0.078774226  1
       20   0.077107977  1
       12   0.057563161  1
       40   0.048716827  1
        1   0.046727405  1
       22   0.046727405  1
       23   0.046727405  1
       16   0.044819599  1
       35   0.033484494  1
       17   0.032695833  1
       41   0.032119523  1
        4   0.030810452  1
       38   0.024007571  1
       39   0.022093303  1
       21   0.021194458  1
        8   0.020510741  1
       45   0.020510741  1
       30   0.015850962  1
        2   0.013428895  1
       46   0.011516410  1
       18   0.011378447  1
       10   0.011350053  1
        9   0.010586402  1
       33   0.007124335  1

Credible sets summary:

 cs cs_log10bf cs_avg_r2 cs_min_r2
  1   43.62664 0.9610402 0.8617632
                                                                 variable
 1,2,4,8,9,10,11,12,16,17,18,20,21,22,23,30,32,33,34,35,38,39,40,41,45,46

Variables in credible sets:

 variable variable_prob cs
       13    0.11765869  1
       30    0.11765869  1
       38    0.11765869  1
       41    0.11765869  1
       10    0.07210748  1
        6    0.04242301  1
        1    0.02065147  1
        2    0.02065147  1
        5    0.02065147  1
        8    0.02065147  1
       11    0.02065147  1
       12    0.02065147  1
       16    0.02065147  1
       18    0.02065147  1
       20    0.02065147  1
       21    0.02065147  1
       22    0.02065147  1
       32    0.02065147  1
       33    0.02065147  1
       34    0.02065147  1
       35    0.02065147  1
       39    0.02065147  1
       42    0.02065147  1
       45    0.02065147  1

Credible sets summary:

 cs cs_log10bf cs_avg_r2 cs_min_r2
  1    4.60406 0.9668531 0.9095036
                                                           variable
 1,2,5,6,8,10,11,12,13,16,18,20,21,22,30,32,33,34,35,38,39,41,42,45
PP.H0.abf PP.H1.abf PP.H2.abf PP.H3.abf PP.H4.abf 
 1.92e-45  3.90e-04  3.70e-43  7.34e-02  9.26e-01 
[1] "PP abf for shared variant: 92.6%"
   nsnps     hit1      hit2    PP.H0.abf    PP.H1.abf    PP.H2.abf  PP.H3.abf
1:    48 rs627634 rs1678982 1.920405e-45 0.0003901851 3.704196e-43 0.07340893
   PP.H4.abf idx1 idx2
1: 0.9262009    1    1
[1] "ENSEMBL ID could not be converted to HGNC Symbol"
[1] "geneSymbol will be set to the ENSEMBL ID ENSG00000259705"
[1] "ENSG00000259705.1"
[1] "ENSG00000259705"
[1] "Heart_Atrial_Appendage"
[1] "running liftOver"
[1] "Grabbing the all pairs data"
[1] "reading the all pairs data into R"
[1] 7769   14
[1] "Filtering on the geneID"
[1] "adding rs numbers to the QTL data"
[1] "merging the trait and eqtl data on unique ID"
[1] "Running coloc"
PP.H0.abf PP.H1.abf PP.H2.abf PP.H3.abf PP.H4.abf 
 2.37e-43  1.80e-02  4.04e-43  2.98e-02  9.52e-01 
[1] "PP abf for shared variant: 95.2%"

Variables in credible sets:

 variable variable_prob cs
       34   0.099096705  1
       11   0.085622586  1
       32   0.078774226  1
       20   0.077107977  1
       12   0.057563161  1
       40   0.048716827  1
        1   0.046727405  1
       22   0.046727405  1
       23   0.046727405  1
       16   0.044819599  1
       35   0.033484494  1
       17   0.032695833  1
       41   0.032119523  1
        4   0.030810452  1
       38   0.024007571  1
       39   0.022093303  1
       21   0.021194458  1
        8   0.020510741  1
       45   0.020510741  1
       30   0.015850962  1
        2   0.013428895  1
       46   0.011516410  1
       18   0.011378447  1
       10   0.011350053  1
        9   0.010586402  1
       33   0.007124335  1

Credible sets summary:

 cs cs_log10bf cs_avg_r2 cs_min_r2
  1   43.62664 0.9610402 0.8617632
                                                                 variable
 1,2,4,8,9,10,11,12,16,17,18,20,21,22,23,30,32,33,34,35,38,39,40,41,45,46

Variables in credible sets:

 variable variable_prob cs
       23   0.555331721  1
       18   0.026163840  1
       26   0.021673438  1
        1   0.021542805  1
        2   0.021542805  1
       11   0.021542805  1
       12   0.021542805  1
       20   0.021542805  1
       32   0.021542805  1
       33   0.021542805  1
       34   0.021542805  1
       35   0.021542805  1
       22   0.018787220  1
       39   0.018467152  1
       40   0.015694860  1
        4   0.014848284  1
       31   0.012371854  1
       38   0.012016868  1
       41   0.012016868  1
       16   0.009653056  1
       21   0.009653056  1
       42   0.009653056  1
       44   0.008509135  1
       13   0.005987525  1
       30   0.005987525  1

Credible sets summary:

 cs cs_log10bf cs_avg_r2 cs_min_r2
  1   4.071341 0.9694061 0.8174709
                                                                variable
 1,2,4,11,12,13,16,18,20,21,22,23,26,30,31,32,33,34,35,38,39,40,41,42,44
PP.H0.abf PP.H1.abf PP.H2.abf PP.H3.abf PP.H4.abf 
 4.00e-45  8.13e-04  2.26e-43  4.41e-02  9.55e-01 
[1] "PP abf for shared variant: 95.5%"
   nsnps     hit1      hit2    PP.H0.abf    PP.H1.abf    PP.H2.abf PP.H3.abf
1:    48 rs627634 rs2466790 3.999139e-45 0.0008125396 2.262294e-43 0.0440547
   PP.H4.abf idx1 idx2
1: 0.9551328    1    1
[1] "ENSEMBL ID could not be converted to HGNC Symbol"
[1] "geneSymbol will be set to the ENSEMBL ID ENSG00000259705"
[1] "ENSG00000259705.1"
[1] "ENSG00000259705"
[1] "Colon_Sigmoid"
[1] "running liftOver"
[1] "Grabbing the all pairs data"
[1] "reading the all pairs data into R"
[1] 9425   14
[1] "Filtering on the geneID"
[1] "adding rs numbers to the QTL data"
[1] "merging the trait and eqtl data on unique ID"
[1] "Running coloc"
PP.H0.abf PP.H1.abf PP.H2.abf PP.H3.abf PP.H4.abf 
 2.92e-42  2.24e-01  3.65e-43  2.72e-02  7.49e-01 
[1] "PP abf for shared variant: 74.9%"

Variables in credible sets:

 variable variable_prob cs
       34   0.099096705  1
       11   0.085622586  1
       32   0.078774226  1
       20   0.077107977  1
       12   0.057563161  1
       40   0.048716827  1
        1   0.046727405  1
       22   0.046727405  1
       23   0.046727405  1
       16   0.044819599  1
       35   0.033484494  1
       17   0.032695833  1
       41   0.032119523  1
        4   0.030810452  1
       38   0.024007571  1
       39   0.022093303  1
       21   0.021194458  1
        8   0.020510741  1
       45   0.020510741  1
       30   0.015850962  1
        2   0.013428895  1
       46   0.011516410  1
       18   0.011378447  1
       10   0.011350053  1
        9   0.010586402  1
       33   0.007124335  1

Credible sets summary:

 cs cs_log10bf cs_avg_r2 cs_min_r2
  1   43.62664 0.9610402 0.8617632
                                                                 variable
 1,2,4,8,9,10,11,12,16,17,18,20,21,22,23,30,32,33,34,35,38,39,40,41,45,46

Variables in credible sets:

 variable variable_prob cs
       22    0.04871813  1
        5    0.04276950  1
        8    0.04276950  1
       45    0.04276950  1
       46    0.04276950  1
        6    0.04178969  1
       13    0.03870532  1
       30    0.03870532  1
       38    0.03870532  1
       41    0.03870532  1
        1    0.03286823  1
        2    0.03286823  1
       11    0.03286823  1
       12    0.03286823  1
       16    0.03286823  1
       18    0.03286823  1
       20    0.03286823  1
       21    0.03286823  1
       23    0.03286823  1
       32    0.03286823  1
       33    0.03286823  1
       34    0.03286823  1
       35    0.03286823  1
       42    0.03286823  1
       10    0.02749457  1
       39    0.01567060  1
       36    0.01288718  1
       26    0.01031176  1
       27    0.00587824  1
       28    0.00587824  1

Credible sets summary:

 cs cs_log10bf cs_avg_r2 cs_min_r2
  1   2.193148 0.9543701 0.8356026
                                                                             variable
 1,2,5,6,8,10,11,12,13,16,18,20,21,22,23,26,27,28,30,32,33,34,35,36,38,39,41,42,45,46
PP.H0.abf PP.H1.abf PP.H2.abf PP.H3.abf PP.H4.abf 
 3.85e-43  7.83e-02  2.89e-43  5.69e-02  8.65e-01 
[1] "PP abf for shared variant: 86.5%"
   nsnps     hit1      hit2    PP.H0.abf  PP.H1.abf    PP.H2.abf PP.H3.abf
1:    48 rs627634 rs2456475 3.853517e-43 0.07829523 2.885668e-43  0.056901
   PP.H4.abf idx1 idx2
1: 0.8648038    1    1
[1] "ENSEMBL ID could not be converted to HGNC Symbol"
[1] "geneSymbol will be set to the ENSEMBL ID ENSG00000259705"
[1] "ENSG00000259705.1"
[1] "ENSG00000259705"
[1] "Artery_Coronary"
[1] "running liftOver"
[1] "Grabbing the all pairs data"
[1] "reading the all pairs data into R"
[1] 8873   14
[1] "Filtering on the geneID"
[1] "adding rs numbers to the QTL data"
[1] "merging the trait and eqtl data on unique ID"
[1] "Running coloc"
PP.H0.abf PP.H1.abf PP.H2.abf PP.H3.abf PP.H4.abf 
 6.46e-42  5.12e-01  3.12e-43  2.43e-02  4.63e-01 
[1] "PP abf for shared variant: 46.3%"

Variables in credible sets:

 variable variable_prob cs
       34   0.099096705  1
       11   0.085622586  1
       32   0.078774226  1
       20   0.077107977  1
       12   0.057563161  1
       40   0.048716827  1
        1   0.046727405  1
       22   0.046727405  1
       23   0.046727405  1
       16   0.044819599  1
       35   0.033484494  1
       17   0.032695833  1
       41   0.032119523  1
        4   0.030810452  1
       38   0.024007571  1
       39   0.022093303  1
       21   0.021194458  1
        8   0.020510741  1
       45   0.020510741  1
       30   0.015850962  1
        2   0.013428895  1
       46   0.011516410  1
       18   0.011378447  1
       10   0.011350053  1
        9   0.010586402  1
       33   0.007124335  1

Credible sets summary:

 cs cs_log10bf cs_avg_r2 cs_min_r2
  1   43.62664 0.9610402 0.8617632
                                                                 variable
 1,2,4,8,9,10,11,12,16,17,18,20,21,22,23,30,32,33,34,35,38,39,40,41,45,46

Variables in credible sets:

 variable variable_prob cs
        3   0.228212914  1
       19   0.228212914  1
       18   0.034818962  1
       13   0.025183675  1
       30   0.025183675  1
       38   0.025183675  1
       41   0.025183675  1
       14   0.021543047  1
        6   0.017917442  1
        1   0.017468727  1
        2   0.017468727  1
        5   0.017468727  1
        8   0.017468727  1
       10   0.017468727  1
       11   0.017468727  1
       12   0.017468727  1
       20   0.017468727  1
       21   0.017468727  1
       22   0.017468727  1
       32   0.017468727  1
       33   0.017468727  1
       34   0.017468727  1
       35   0.017468727  1
       39   0.017468727  1
       42   0.017468727  1
       45   0.017468727  1
       16   0.016178870  1
       46   0.009020883  1

Credible sets summary:

 cs cs_log10bf cs_avg_r2 cs_min_r2
  1   1.911595 0.9480196 0.8087998
                                                                      variable
 1,2,3,5,6,8,10,11,12,13,14,16,18,19,20,21,22,30,32,33,34,35,38,39,41,42,45,46
PP.H0.abf PP.H1.abf PP.H2.abf PP.H3.abf PP.H4.abf 
 1.11e-42  2.26e-01  4.35e-43  8.71e-02  6.87e-01 
[1] "PP abf for shared variant: 68.7%"
   nsnps     hit1      hit2    PP.H0.abf PP.H1.abf    PP.H2.abf  PP.H3.abf
1:    48 rs627634 rs1036477 1.111441e-42  0.225821 4.352336e-43 0.08705592
   PP.H4.abf idx1 idx2
1: 0.6871231    1    1
