[1] "trait"
[1] "DBP"
[1] "trait_file_header_info"
[1] "/gpfs/projects/bsc83/Projects/Breast/ANALYSIS/Hypertension/analysis/06_colocalization/DBP_Evangelou_parsed.txt"
[1] "Tested_Allele"
[1] "Other_Allele"
[1] "SNP"
[1] "CHR"
[1] "POS"
[1] "P"
[1] "N"
[1] "Freq_Tested_Allele"
[1] "traitType:"
[1] "quant"
[1] 2
[1] "Locus Info:"
[1] 2
[1] 183210447
[1] 183213987
[1] "rs12693302"
[1] "QTL type:"
[1] "eqtl"
[1] TRUE
[1] "trait input file successfully loaded"
   CHR       POS        SNP Tested_Allele Other_Allele Freq_Tested_Allele
1:   2 183210447   rs864417             A            T             0.3282
2:   2 183210991   rs833168             A            T             0.3065
3:   2 183211443 rs12693302             A            G             0.6518
4:   2 183212028 rs12996836             T            C             0.3293
5:   2 183213980  rs6730984             T            C             0.6933
6:   2 183213987  rs2623431             T            C             0.6940
      BETA     SE         P      N Ref_Allele Alt_Allele
1:  0.2271 0.0184 3.940e-35 751898          T          A
2:  0.2237 0.0188 8.177e-33 748617          T          A
3: -0.2378 0.0181 2.155e-39 753825          G          A
4: -0.2265 0.0184 5.501e-35 752949          T          C
5: -0.2237 0.0188 1.248e-32 743498          C          T
6:  0.2227 0.0188 2.491e-32 743375          T          C
[1] "rs864417"   "rs833168"   "rs12693302"
[1] "/gpfs/projects/bsc83/Projects/Breast/ANALYSIS/Hypertension/data/Coloq/chr_2_snp151_hash_table.json"
$rs222
[1] "chr2_98531409"

$rs223
[1] "chr2_132615083"

$rs525
[1] "chr2_171558018"

[1] "hash table loaded"
[1] "/gpfs/projects/bsc83/Projects/Breast/ANALYSIS/Hypertension/analysis/06_colocalization/ColocQuiaL-main/GTEx_v8_Tissue_Summary_with_filenames_all.csv"
                          Tissue NumberRNASeqandGTSamples NumberRNASeqSamples
1              Muscle - Skeletal                      706                 803
2                    Whole Blood                      670                 755
3 Skin - Sun Exposed (Lower leg)                      605                 701
4                Artery - Tibial                      584                 663
5         Adipose - Subcutaneous                      581                 663
6                        Thyroid                      574                 653
  Number_of_eGenes                      allPairsTabixFilename
1            13532            Muscle_Skeletal.allpairs.tab.gz
2            12360                Whole_Blood.allpairs.tab.gz
3            16967 Skin_Sun_Exposed_Lower_leg.allpairs.tab.gz
4            15008              Artery_Tibial.allpairs.tab.gz
5            15607       Adipose_Subcutaneous.allpairs.tab.gz
6            17684                    Thyroid.allpairs.tab.gz
                                              sigPairsTabixFilename
1            Muscle_Skeletal.v8.v8.signif_variant_gene_pairs.tab.gz
2                Whole_Blood.v8.v8.signif_variant_gene_pairs.tab.gz
3 Skin_Sun_Exposed_Lower_leg.v8.v8.signif_variant_gene_pairs.tab.gz
4              Artery_Tibial.v8.v8.signif_variant_gene_pairs.tab.gz
5       Adipose_Subcutaneous.v8.v8.signif_variant_gene_pairs.tab.gz
6                    Thyroid.v8.v8.signif_variant_gene_pairs.tab.gz
[1] "chr2_182346716"
[1] "ENSG00000115252.18"
[1] "PDE1A"
[1] "Breast_Mammary_Tissue"
[1] "running liftOver"
[1] "Grabbing the all pairs data"
[1] "reading the all pairs data into R"
[1] 180  14
[1] "Filtering on the geneID"
[1] "adding rs numbers to the QTL data"
[1] "merging the trait and eqtl data on unique ID"
[1] "Running coloc"
PP.H0.abf PP.H1.abf PP.H2.abf PP.H3.abf PP.H4.abf 
 5.92e-33  1.81e-01  6.32e-35  1.12e-03  8.18e-01 
[1] "PP abf for shared variant: 81.8%"

Variables in credible sets:

 variable variable_prob cs
        1     0.9999995  1

Credible sets summary:

 cs cs_log10bf cs_avg_r2 cs_min_r2 variable
  1    35.5441         1         1        1

Variables in credible sets:

 variable variable_prob cs
        1    0.58501170  1
        2    0.16958953  1
        4    0.14937488  1
        3    0.09602388  1

Credible sets summary:

 cs cs_log10bf cs_avg_r2 cs_min_r2 variable
  1   1.440041 0.9002692 0.8102286  1,2,3,4
PP.H0.abf PP.H1.abf PP.H2.abf PP.H3.abf PP.H4.abf 
 1.69e-33  2.37e-01  1.86e-35  1.08e-03  7.62e-01 
[1] "PP abf for shared variant: 76.2%"
   nsnps       hit1       hit2    PP.H0.abf PP.H1.abf   PP.H2.abf   PP.H3.abf
1:     4 rs12693302 rs12693302 1.689552e-33 0.2365529 1.86154e-35 0.001081596
   PP.H4.abf idx1 idx2
1: 0.7623655    1    1
