[1] "trait"
[1] "DBP"
[1] "trait_file_header_info"
[1] "/gpfs/projects/bsc83/Projects/Breast/ANALYSIS/Hypertension/analysis/06_colocalization/DBP_Evangelou_parsed.txt"
[1] "Tested_Allele"
[1] "Other_Allele"
[1] "SNP"
[1] "CHR"
[1] "POS"
[1] "P"
[1] "N"
[1] "Freq_Tested_Allele"
[1] "traitType:"
[1] "quant"
[1] 11
[1] "Locus Info:"
[1] 11
[1] 61272565
[1] 61278918
[1] "rs7125196"
[1] "QTL type:"
[1] "eqtl"
[1] TRUE
[1] "trait input file successfully loaded"
   CHR      POS        SNP Tested_Allele Other_Allele Freq_Tested_Allele
1:  11 61272565  rs7125196             T            C             0.8821
2:  11 61277698 rs11230728             A            G             0.8901
3:  11 61277775 rs10897164             A            G             0.8898
4:  11 61277885 rs10897165             A            G             0.1084
5:  11 61278246   rs751984             T            C             0.8826
6:  11 61278590   rs751985             T            C             0.1093
      BETA     SE         P      N Ref_Allele Alt_Allele
1: -0.3882 0.0271 1.491e-46 745373          T          C
2: -0.3791 0.0281 1.585e-41 737276          A          G
3: -0.3791 0.0281 1.351e-41 737554          A          G
4: -0.3809 0.0283 3.388e-41 732093          G          A
5: -0.3937 0.0275 1.378e-46 725682          T          C
6: -0.3809 0.0282 1.455e-41 735337          C          T
[1] "rs7125196"  "rs11230728" "rs10897164"
[1] "/gpfs/projects/bsc83/Projects/Breast/ANALYSIS/Hypertension/data/Coloq/chr_11_snp151_hash_table.json"
$rs245
[1] "chr11_31975788"

$rs246
[1] "chr11_133075651"

$rs334
[1] "chr11_5227002"

[1] "hash table loaded"
[1] "/gpfs/projects/bsc83/Projects/Breast/ANALYSIS/Hypertension/analysis/06_colocalization/ColocQuiaL-main/GTEx_v8_Tissue_Summary_with_filenames_all.csv"
                          Tissue NumberRNASeqandGTSamples NumberRNASeqSamples
1              Muscle - Skeletal                      706                 803
2                    Whole Blood                      670                 755
3 Skin - Sun Exposed (Lower leg)                      605                 701
4                Artery - Tibial                      584                 663
5         Adipose - Subcutaneous                      581                 663
6                        Thyroid                      574                 653
  Number_of_eGenes                      allPairsTabixFilename
1            13532            Muscle_Skeletal.allpairs.tab.gz
2            12360                Whole_Blood.allpairs.tab.gz
3            16967 Skin_Sun_Exposed_Lower_leg.allpairs.tab.gz
4            15008              Artery_Tibial.allpairs.tab.gz
5            15607       Adipose_Subcutaneous.allpairs.tab.gz
6            17684                    Thyroid.allpairs.tab.gz
                                              sigPairsTabixFilename
1            Muscle_Skeletal.v8.v8.signif_variant_gene_pairs.tab.gz
2                Whole_Blood.v8.v8.signif_variant_gene_pairs.tab.gz
3 Skin_Sun_Exposed_Lower_leg.v8.v8.signif_variant_gene_pairs.tab.gz
4              Artery_Tibial.v8.v8.signif_variant_gene_pairs.tab.gz
5       Adipose_Subcutaneous.v8.v8.signif_variant_gene_pairs.tab.gz
6                    Thyroid.v8.v8.signif_variant_gene_pairs.tab.gz
[1] "chr11_61505093"
[1] "ENSG00000204950.3"
[1] "LRRC10B"
[1] "Artery_Tibial"
[1] "running liftOver"
[1] "Grabbing the all pairs data"
[1] "reading the all pairs data into R"
[1] 975  14
[1] "Filtering on the geneID"
[1] "adding rs numbers to the QTL data"
[1] "merging the trait and eqtl data on unique ID"
[1] "Running coloc"
PP.H0.abf PP.H1.abf PP.H2.abf PP.H3.abf PP.H4.abf 
 1.02e-41  6.22e-03  2.67e-42  6.37e-04  9.93e-01 
[1] "PP abf for shared variant: 99.3%"

Variables in credible sets:

 variable variable_prob cs
        5     0.9999439  1

Credible sets summary:

 cs cs_log10bf cs_avg_r2 cs_min_r2 variable
  1   42.35502         1         1        5

Variables in credible sets:

 variable variable_prob cs
        5    0.70361398  1
        6    0.09145448  1
        1    0.06549911  1
        2    0.05109641  1
        4    0.05109641  1

Credible sets summary:

 cs cs_log10bf cs_avg_r2 cs_min_r2  variable
  1   3.231017 0.9503076 0.8926036 1,2,4,5,6
PP.H0.abf PP.H1.abf PP.H2.abf PP.H3.abf PP.H4.abf 
 2.04e-42  2.77e-03  2.08e-42  8.40e-04  9.96e-01 
[1] "PP abf for shared variant: 99.6%"
   nsnps     hit1     hit2   PP.H0.abf   PP.H1.abf    PP.H2.abf    PP.H3.abf
1:     6 rs751984 rs751984 2.04085e-42 0.002773179 2.084391e-42 0.0008395692
   PP.H4.abf idx1 idx2
1: 0.9963873    1    1
[1] "ENSG00000204950.3"
[1] "LRRC10B"
[1] "Colon_Sigmoid"
[1] "running liftOver"
[1] "Grabbing the all pairs data"
[1] "reading the all pairs data into R"
[1] 1100   14
[1] "Filtering on the geneID"
[1] "adding rs numbers to the QTL data"
[1] "merging the trait and eqtl data on unique ID"
[1] "Running coloc"
PP.H0.abf PP.H1.abf PP.H2.abf PP.H3.abf PP.H4.abf 
 5.62e-40  3.31e-01  4.35e-42  1.89e-03  6.67e-01 
[1] "PP abf for shared variant: 66.7%"

Variables in credible sets:

 variable variable_prob cs
        5     0.9999439  1

Credible sets summary:

 cs cs_log10bf cs_avg_r2 cs_min_r2 variable
  1   42.35502         1         1        5

Variables in credible sets:

 variable variable_prob cs
        5    0.27982184  1
        2    0.17793778  1
        4    0.17793778  1
        6    0.17793778  1
        1    0.09318241  1
        3    0.09318241  1

Credible sets summary:

 cs cs_log10bf cs_avg_r2 cs_min_r2    variable
  1   1.447217 0.9574908 0.8926036 1,2,3,4,5,6
PP.H0.abf PP.H1.abf PP.H2.abf PP.H3.abf PP.H4.abf 
 2.19e-40  2.97e-01  3.68e-42  3.60e-03  6.99e-01 
[1] "PP abf for shared variant: 69.9%"
   nsnps     hit1     hit2   PP.H0.abf PP.H1.abf    PP.H2.abf   PP.H3.abf
1:     6 rs751984 rs751984 2.18839e-40 0.2973662 3.676991e-42 0.003598354
   PP.H4.abf idx1 idx2
1: 0.6990355    1    1
