[1] "trait"
[1] "PP"
[1] "trait_file_header_info"
[1] "/gpfs/projects/bsc83/Projects/Breast/ANALYSIS/Hypertension/analysis/06_colocalization/PP_Evangelou_parsed.txt"
[1] "Tested_Allele"
[1] "Other_Allele"
[1] "SNP"
[1] "CHR"
[1] "POS"
[1] "P"
[1] "N"
[1] "Freq_Tested_Allele"
[1] "traitType:"
[1] "quant"
[1] 6
[1] "Locus Info:"
[1] 6
[1] 169586887
[1] 169587148
[1] "rs1322639"
[1] "QTL type:"
[1] "eqtl"
[1] TRUE
[1] "trait input file successfully loaded"
   CHR       POS       SNP Tested_Allele Other_Allele Freq_Tested_Allele   BETA
1:   6 169586887 rs1322640             T            C             0.2233 0.2969
2:   6 169587103 rs1322639             A            G             0.7762 0.2978
3:   6 169587148 rs9689079             A            G             0.2269 0.2933
       SE         P      N Ref_Allele Alt_Allele
1: 0.0248 4.455e-33 719415          T          C
2: 0.0247 2.407e-33 720376          G          A
3: 0.0247 1.754e-32 716779          A          G
[1] "rs1322640" "rs1322639" "rs9689079"
[1] "/gpfs/projects/bsc83/Projects/Breast/ANALYSIS/Hypertension/data/Coloq/chr_6_snp151_hash_table.json"
$rs233
[1] "chr6_163282976"

$rs553
[1] "chr6_131890900"

$rs577
[1] "chr6_157944003"

[1] "hash table loaded"
[1] "/gpfs/projects/bsc83/Projects/Breast/ANALYSIS/Hypertension/analysis/06_colocalization/ColocQuiaL-main/GTEx_v8_Tissue_Summary_with_filenames_all.csv"
                          Tissue NumberRNASeqandGTSamples NumberRNASeqSamples
1              Muscle - Skeletal                      706                 803
2                    Whole Blood                      670                 755
3 Skin - Sun Exposed (Lower leg)                      605                 701
4                Artery - Tibial                      584                 663
5         Adipose - Subcutaneous                      581                 663
6                        Thyroid                      574                 653
  Number_of_eGenes                      allPairsTabixFilename
1            13532            Muscle_Skeletal.allpairs.tab.gz
2            12360                Whole_Blood.allpairs.tab.gz
3            16967 Skin_Sun_Exposed_Lower_leg.allpairs.tab.gz
4            15008              Artery_Tibial.allpairs.tab.gz
5            15607       Adipose_Subcutaneous.allpairs.tab.gz
6            17684                    Thyroid.allpairs.tab.gz
                                              sigPairsTabixFilename
1            Muscle_Skeletal.v8.v8.signif_variant_gene_pairs.tab.gz
2                Whole_Blood.v8.v8.signif_variant_gene_pairs.tab.gz
3 Skin_Sun_Exposed_Lower_leg.v8.v8.signif_variant_gene_pairs.tab.gz
4              Artery_Tibial.v8.v8.signif_variant_gene_pairs.tab.gz
5       Adipose_Subcutaneous.v8.v8.signif_variant_gene_pairs.tab.gz
6                    Thyroid.v8.v8.signif_variant_gene_pairs.tab.gz
[1] "chr6_169187008"
[1] "ENSG00000223485.2"
[1] "LINC01615"
[1] "Skin_Sun_Exposed_Lower_leg"
[1] "running liftOver"
[1] "Grabbing the all pairs data"
[1] "reading the all pairs data into R"
[1] 40 14
[1] "Filtering on the geneID"
[1] "adding rs numbers to the QTL data"
[1] "merging the trait and eqtl data on unique ID"
[1] "Running coloc"
PP.H0.abf PP.H1.abf PP.H2.abf PP.H3.abf PP.H4.abf 
 1.54e-27  6.34e-02  5.63e-29  1.38e-03  9.35e-01 
[1] "PP abf for shared variant: 93.5%"

Variables in credible sets:

 variable variable_prob cs
        1      0.897055  1
        2      0.102945  1

Credible sets summary:

 cs cs_log10bf cs_avg_r2 cs_min_r2 variable
  1   30.01307         1         1      1,2

Variables in credible sets:

 variable variable_prob cs
        2     0.6521248  1
        1     0.3478752  1

Credible sets summary:

 cs cs_log10bf cs_avg_r2 cs_min_r2 variable
  1   2.474736         1         1      1,2
PP.H0.abf PP.H1.abf PP.H2.abf PP.H3.abf PP.H4.abf 
 3.93e-28  8.10e-02  2.34e-29  3.00e-03  9.16e-01 
[1] "PP abf for shared variant: 91.6%"
   nsnps      hit1      hit2    PP.H0.abf  PP.H1.abf    PP.H2.abf  PP.H3.abf
1:     2 rs1322639 rs9689079 3.928398e-28 0.08096759 2.344128e-29 0.00299938
   PP.H4.abf idx1 idx2
1:  0.916033    1    1
[1] "ENSG00000261039.2"
[1] "LINC02544"
[1] "Skin_Sun_Exposed_Lower_leg"
[1] "running liftOver"
[1] "Grabbing the all pairs data"
[1] "reading the all pairs data into R"
[1] 40 14
[1] "Filtering on the geneID"
[1] "adding rs numbers to the QTL data"
[1] "merging the trait and eqtl data on unique ID"
[1] "Running coloc"
PP.H0.abf PP.H1.abf PP.H2.abf PP.H3.abf PP.H4.abf 
 8.85e-30  3.64e-04  4.39e-29  8.08e-04  9.99e-01 
[1] "PP abf for shared variant: 99.9%"

Variables in credible sets:

 variable variable_prob cs
        1      0.897055  1
        2      0.102945  1

Credible sets summary:

 cs cs_log10bf cs_avg_r2 cs_min_r2 variable
  1   30.01307         1         1      1,2

Variables in credible sets:

 variable variable_prob cs
        1     0.5829874  1
        2     0.4170126  1

Credible sets summary:

 cs cs_log10bf cs_avg_r2 cs_min_r2 variable
  1    5.09082         1         1      1,2
PP.H0.abf PP.H1.abf PP.H2.abf PP.H3.abf PP.H4.abf 
 6.94e-31  1.43e-04  1.71e-29  1.53e-03  9.98e-01 
[1] "PP abf for shared variant: 99.8%"
   nsnps      hit1      hit2    PP.H0.abf    PP.H1.abf   PP.H2.abf   PP.H3.abf
1:     2 rs1322639 rs1322639 6.944089e-31 0.0001431235 1.71185e-29 0.001531617
   PP.H4.abf idx1 idx2
1: 0.9983253    1    1
[1] "ENSG00000186340.14"
[1] "THBS2"
[1] "Artery_Tibial"
[1] "running liftOver"
[1] "Grabbing the all pairs data"
[1] "reading the all pairs data into R"
[1] 42 14
[1] "Filtering on the geneID"
[1] "adding rs numbers to the QTL data"
[1] "merging the trait and eqtl data on unique ID"
[1] "Running coloc"
PP.H0.abf PP.H1.abf PP.H2.abf PP.H3.abf PP.H4.abf 
 3.95e-30  1.64e-04  3.70e-29  5.38e-04  9.99e-01 
[1] "PP abf for shared variant: 99.9%"

Variables in credible sets:

 variable variable_prob cs
        1      0.897055  1
        2      0.102945  1

Credible sets summary:

 cs cs_log10bf cs_avg_r2 cs_min_r2 variable
  1   30.01307         1         1      1,2

Variables in credible sets:

 variable variable_prob cs
        1     0.7448438  1
        2     0.2551562  1

Credible sets summary:

 cs cs_log10bf cs_avg_r2 cs_min_r2 variable
  1    5.52327         1         1      1,2
PP.H0.abf PP.H1.abf PP.H2.abf PP.H3.abf PP.H4.abf 
 2.09e-31  4.31e-05  1.40e-29  8.79e-04  9.99e-01 
[1] "PP abf for shared variant: 99.9%"
   nsnps      hit1      hit2    PP.H0.abf    PP.H1.abf    PP.H2.abf
1:     2 rs1322639 rs1322639 2.092198e-31 4.312198e-05 1.396057e-29
      PP.H3.abf PP.H4.abf idx1 idx2
1: 0.0008792362 0.9990776    1    1
[1] "ENSG00000223485.2"
[1] "LINC01615"
[1] "Artery_Tibial"
[1] "running liftOver"
[1] "Grabbing the all pairs data"
[1] "reading the all pairs data into R"
[1] 42 14
[1] "Filtering on the geneID"
[1] "adding rs numbers to the QTL data"
[1] "merging the trait and eqtl data on unique ID"
[1] "Running coloc"
PP.H0.abf PP.H1.abf PP.H2.abf PP.H3.abf PP.H4.abf 
 3.72e-30  1.54e-04  3.00e-29  2.45e-04  1.00e+00 
[1] "PP abf for shared variant: 100%"

Variables in credible sets:

 variable variable_prob cs
        1      0.897055  1
        2      0.102945  1

Credible sets summary:

 cs cs_log10bf cs_avg_r2 cs_min_r2 variable
  1   30.01307         1         1      1,2

Variables in credible sets:

 variable variable_prob cs
        1     0.9450438  1
        2     0.0549562  1

Credible sets summary:

 cs cs_log10bf cs_avg_r2 cs_min_r2 variable
  1   5.479043         1         1      1,2
PP.H0.abf PP.H1.abf PP.H2.abf PP.H3.abf PP.H4.abf 
 1.89e-31  3.89e-05  1.14e-29  3.43e-04  1.00e+00 
[1] "PP abf for shared variant: 100%"
   nsnps      hit1      hit2    PP.H0.abf    PP.H1.abf    PP.H2.abf
1:     2 rs1322639 rs1322639 1.885975e-31 3.887153e-05 1.136602e-29
      PP.H3.abf PP.H4.abf idx1 idx2
1: 0.0003433979 0.9996177    1    1
[1] "ENSG00000261039.2"
[1] "LINC02544"
[1] "Artery_Tibial"
[1] "running liftOver"
[1] "Grabbing the all pairs data"
[1] "reading the all pairs data into R"
[1] 42 14
[1] "Filtering on the geneID"
[1] "adding rs numbers to the QTL data"
[1] "merging the trait and eqtl data on unique ID"
[1] "Running coloc"
PP.H0.abf PP.H1.abf PP.H2.abf PP.H3.abf PP.H4.abf 
 1.85e-35  7.69e-10  4.50e-29  8.67e-04  9.99e-01 
[1] "PP abf for shared variant: 99.9%"

Variables in credible sets:

 variable variable_prob cs
        1      0.897055  1
        2      0.102945  1

Credible sets summary:

 cs cs_log10bf cs_avg_r2 cs_min_r2 variable
  1   30.01307         1         1      1,2

Variables in credible sets:

 variable variable_prob cs
        1     0.5553424  1
        2     0.4446576  1

Credible sets summary:

 cs cs_log10bf cs_avg_r2 cs_min_r2 variable
  1   12.95871         1         1      1,2
PP.H0.abf PP.H1.abf PP.H2.abf PP.H3.abf PP.H4.abf 
 9.79e-39  2.02e-12  1.78e-29  1.67e-03  9.98e-01 
[1] "PP abf for shared variant: 99.8%"
   nsnps      hit1      hit2    PP.H0.abf    PP.H1.abf   PP.H2.abf   PP.H3.abf
1:     2 rs1322639 rs1322639 9.792915e-39 2.018403e-12 1.78094e-29 0.001674015
   PP.H4.abf idx1 idx2
1:  0.998326    1    1
[1] "ENSG00000223485.2"
[1] "LINC01615"
[1] "Adipose_Subcutaneous"
[1] "running liftOver"
[1] "Grabbing the all pairs data"
[1] "reading the all pairs data into R"
[1] 44 14
[1] "Filtering on the geneID"
[1] "adding rs numbers to the QTL data"
[1] "merging the trait and eqtl data on unique ID"
[1] "Running coloc"
PP.H0.abf PP.H1.abf PP.H2.abf PP.H3.abf PP.H4.abf 
 9.94e-28  4.20e-02  4.94e-29  1.13e-03  9.57e-01 
[1] "PP abf for shared variant: 95.7%"

Variables in credible sets:

 variable variable_prob cs
        1      0.897055  1
        2      0.102945  1

Credible sets summary:

 cs cs_log10bf cs_avg_r2 cs_min_r2 variable
  1   30.01307         1         1      1,2

Variables in credible sets:

 variable variable_prob cs
        2     0.5727578  1
        1     0.4272422  1

Credible sets summary:

 cs cs_log10bf cs_avg_r2 cs_min_r2 variable
  1   2.677104         1         1      1,2
PP.H0.abf PP.H1.abf PP.H2.abf PP.H3.abf PP.H4.abf 
 2.20e-28  4.53e-02  2.09e-29  2.40e-03  9.52e-01 
[1] "PP abf for shared variant: 95.2%"
   nsnps      hit1      hit2    PP.H0.abf PP.H1.abf   PP.H2.abf   PP.H3.abf
1:     2 rs1322639 rs9689079 2.197533e-28  0.045293 2.08963e-29 0.002402296
   PP.H4.abf idx1 idx2
1: 0.9523047    1    1
[1] "ENSG00000261039.2"
[1] "LINC02544"
[1] "Adipose_Subcutaneous"
[1] "running liftOver"
[1] "Grabbing the all pairs data"
[1] "reading the all pairs data into R"
[1] 44 14
[1] "Filtering on the geneID"
[1] "adding rs numbers to the QTL data"
[1] "merging the trait and eqtl data on unique ID"
[1] "Running coloc"
PP.H0.abf PP.H1.abf PP.H2.abf PP.H3.abf PP.H4.abf 
 4.86e-27  2.05e-01  5.28e-29  1.44e-03  7.93e-01 
[1] "PP abf for shared variant: 79.3%"

Variables in credible sets:

 variable variable_prob cs
        1      0.897055  1
        2      0.102945  1

Credible sets summary:

 cs cs_log10bf cs_avg_r2 cs_min_r2 variable
  1   30.01307         1         1      1,2

Variables in credible sets:

 variable variable_prob cs
        2     0.7250233  1
        1     0.2749767  1

Credible sets summary:

 cs cs_log10bf cs_avg_r2 cs_min_r2 variable
  1   1.891882         1         1      1,2
PP.H0.abf PP.H1.abf PP.H2.abf PP.H3.abf PP.H4.abf 
 1.38e-27  2.84e-01  2.15e-29  3.01e-03  7.13e-01 
[1] "PP abf for shared variant: 71.3%"
   nsnps      hit1      hit2    PP.H0.abf PP.H1.abf    PP.H2.abf   PP.H3.abf
1:     2 rs1322639 rs9689079 1.380103e-27 0.2844508 2.151904e-29 0.003010179
   PP.H4.abf idx1 idx2
1:  0.712539    1    1
[1] "ENSG00000261039.2"
[1] "LINC02544"
[1] "Thyroid"
[1] "running liftOver"
[1] "Grabbing the all pairs data"
[1] "reading the all pairs data into R"
[1] 40 14
[1] "Filtering on the geneID"
[1] "adding rs numbers to the QTL data"
[1] "merging the trait and eqtl data on unique ID"
[1] "Running coloc"
PP.H0.abf PP.H1.abf PP.H2.abf PP.H3.abf PP.H4.abf 
 2.90e-33  1.18e-07  4.34e-29  7.72e-04  9.99e-01 
[1] "PP abf for shared variant: 99.9%"

Variables in credible sets:

 variable variable_prob cs
        1      0.897055  1
        2      0.102945  1

Credible sets summary:

 cs cs_log10bf cs_avg_r2 cs_min_r2 variable
  1   30.01307         1         1      1,2

Variables in credible sets:

 variable variable_prob cs
        1     0.6048855  1
        2     0.3951145  1

Credible sets summary:

 cs cs_log10bf cs_avg_r2 cs_min_r2 variable
  1   9.759157         1         1      1,2
PP.H0.abf PP.H1.abf PP.H2.abf PP.H3.abf PP.H4.abf 
 1.45e-35  2.98e-09  1.66e-29  1.43e-03  9.99e-01 
[1] "PP abf for shared variant: 99.9%"
   nsnps      hit1      hit2    PP.H0.abf    PP.H1.abf    PP.H2.abf   PP.H3.abf
1:     2 rs1322639 rs1322639 1.446245e-35 2.980834e-09 1.661227e-29 0.001426784
   PP.H4.abf idx1 idx2
1: 0.9985732    1    1
[1] "ENSG00000223485.2"
[1] "LINC01615"
[1] "Skin_Not_Sun_Exposed_Suprapubic"
[1] "running liftOver"
[1] "Grabbing the all pairs data"
[1] "reading the all pairs data into R"
[1] 38 14
[1] "Filtering on the geneID"
[1] "adding rs numbers to the QTL data"
[1] "merging the trait and eqtl data on unique ID"
[1] "Running coloc"
PP.H0.abf PP.H1.abf PP.H2.abf PP.H3.abf PP.H4.abf 
 3.60e-28  1.45e-02  4.19e-29  7.04e-04  9.85e-01 
[1] "PP abf for shared variant: 98.5%"

Variables in credible sets:

 variable variable_prob cs
        1      0.897055  1
        2      0.102945  1

Credible sets summary:

 cs cs_log10bf cs_avg_r2 cs_min_r2 variable
  1   30.01307         1         1      1,2

Variables in credible sets:

 variable variable_prob cs
        1     0.6343139  1
        2     0.3656861  1

Credible sets summary:

 cs cs_log10bf cs_avg_r2 cs_min_r2 variable
  1   3.154086         1         1      1,2
PP.H0.abf PP.H1.abf PP.H2.abf PP.H3.abf PP.H4.abf 
 5.54e-29  1.14e-02  1.58e-29  1.28e-03  9.87e-01 
[1] "PP abf for shared variant: 98.7%"
   nsnps      hit1      hit2    PP.H0.abf  PP.H1.abf    PP.H2.abf   PP.H3.abf
1:     2 rs1322639 rs1322639 5.537633e-29 0.01141353 1.579213e-29 0.001280279
   PP.H4.abf idx1 idx2
1: 0.9873062    1    1
[1] "ENSG00000261039.2"
[1] "LINC02544"
[1] "Skin_Not_Sun_Exposed_Suprapubic"
[1] "running liftOver"
[1] "Grabbing the all pairs data"
[1] "reading the all pairs data into R"
[1] 38 14
[1] "Filtering on the geneID"
[1] "adding rs numbers to the QTL data"
[1] "merging the trait and eqtl data on unique ID"
[1] "Running coloc"
PP.H0.abf PP.H1.abf PP.H2.abf PP.H3.abf PP.H4.abf 
 1.34e-28  5.39e-03  3.53e-29  4.28e-04  9.94e-01 
[1] "PP abf for shared variant: 99.4%"

Variables in credible sets:

 variable variable_prob cs
        1      0.897055  1
        2      0.102945  1

Credible sets summary:

 cs cs_log10bf cs_avg_r2 cs_min_r2 variable
  1   30.01307         1         1      1,2

Variables in credible sets:

 variable variable_prob cs
        1     0.8141113  1
        2     0.1858887  1

Credible sets summary:

 cs cs_log10bf cs_avg_r2 cs_min_r2 variable
  1   3.618051         1         1      1,2
PP.H0.abf PP.H1.abf PP.H2.abf PP.H3.abf PP.H4.abf 
 1.55e-29  3.20e-03  1.29e-29  6.66e-04  9.96e-01 
[1] "PP abf for shared variant: 99.6%"
   nsnps      hit1      hit2    PP.H0.abf   PP.H1.abf    PP.H2.abf    PP.H3.abf
1:     2 rs1322639 rs1322639 1.553938e-29 0.003202798 1.289776e-29 0.0006660761
   PP.H4.abf idx1 idx2
1: 0.9961311    1    1
[1] "ENSG00000186340.14"
[1] "THBS2"
[1] "Lung"
[1] "running liftOver"
[1] "Grabbing the all pairs data"
[1] "reading the all pairs data into R"
[1] 42 14
[1] "Filtering on the geneID"
[1] "adding rs numbers to the QTL data"
[1] "merging the trait and eqtl data on unique ID"
[1] "Running coloc"
PP.H0.abf PP.H1.abf PP.H2.abf PP.H3.abf PP.H4.abf 
 6.74e-27  2.70e-01  3.20e-29  5.51e-04  7.29e-01 
[1] "PP abf for shared variant: 72.9%"

Variables in credible sets:

 variable variable_prob cs
        1      0.897055  1
        2      0.102945  1

Credible sets summary:

 cs cs_log10bf cs_avg_r2 cs_min_r2 variable
  1   30.01307         1         1      1,2

Variables in credible sets:

 variable variable_prob cs
        1     0.6048926  1
        2     0.3951074  1

Credible sets summary:

 cs cs_log10bf cs_avg_r2 cs_min_r2 variable
  1   1.465509         1         1      1,2
PP.H0.abf PP.H1.abf PP.H2.abf PP.H3.abf PP.H4.abf 
 1.79e-27  3.70e-01  1.05e-29  9.00e-04  6.30e-01 
[1] "PP abf for shared variant: 63%"
   nsnps      hit1      hit2    PP.H0.abf PP.H1.abf    PP.H2.abf    PP.H3.abf
1:     2 rs1322639 rs1322639 1.792883e-27 0.3695283 1.047347e-29 0.0008995259
   PP.H4.abf idx1 idx2
1: 0.6295722    1    1
[1] "ENSG00000261039.2"
[1] "LINC02544"
[1] "Lung"
[1] "running liftOver"
[1] "Grabbing the all pairs data"
[1] "reading the all pairs data into R"
[1] 42 14
[1] "Filtering on the geneID"
[1] "adding rs numbers to the QTL data"
[1] "merging the trait and eqtl data on unique ID"
[1] "Running coloc"
PP.H0.abf PP.H1.abf PP.H2.abf PP.H3.abf PP.H4.abf 
 2.60e-28  1.04e-02  4.20e-29  6.94e-04  9.89e-01 
[1] "PP abf for shared variant: 98.9%"

Variables in credible sets:

 variable variable_prob cs
        1      0.897055  1
        2      0.102945  1

Credible sets summary:

 cs cs_log10bf cs_avg_r2 cs_min_r2 variable
  1   30.01307         1         1      1,2

Variables in credible sets:

 variable variable_prob cs
        1     0.6400978  1
        2     0.3599022  1

Credible sets summary:

 cs cs_log10bf cs_avg_r2 cs_min_r2 variable
  1   3.314025         1         1      1,2
PP.H0.abf PP.H1.abf PP.H2.abf PP.H3.abf PP.H4.abf 
 3.82e-29  7.87e-03  1.57e-29  1.26e-03  9.91e-01 
[1] "PP abf for shared variant: 99.1%"
   nsnps      hit1      hit2    PP.H0.abf   PP.H1.abf    PP.H2.abf   PP.H3.abf
1:     2 rs1322639 rs1322639 3.816593e-29 0.007866321 1.573009e-29 0.001260358
   PP.H4.abf idx1 idx2
1: 0.9908733    1    1
[1] "ENSG00000223485.2"
[1] "LINC01615"
[1] "Esophagus_Mucosa"
[1] "running liftOver"
[1] "Grabbing the all pairs data"
[1] "reading the all pairs data into R"
[1] 36 14
[1] "Filtering on the geneID"
[1] "adding rs numbers to the QTL data"
[1] "merging the trait and eqtl data on unique ID"
[1] "Running coloc"
PP.H0.abf PP.H1.abf PP.H2.abf PP.H3.abf PP.H4.abf 
 1.29e-27  5.29e-02  3.97e-29  6.79e-04  9.46e-01 
[1] "PP abf for shared variant: 94.6%"

Variables in credible sets:

 variable variable_prob cs
        1      0.897055  1
        2      0.102945  1

Credible sets summary:

 cs cs_log10bf cs_avg_r2 cs_min_r2 variable
  1   30.01307         1         1      1,2

Variables in credible sets:

 variable variable_prob cs
        1     0.6310932  1
        2     0.3689068  1

Credible sets summary:

 cs cs_log10bf cs_avg_r2 cs_min_r2 variable
  1   2.465876         1         1      1,2
PP.H0.abf PP.H1.abf PP.H2.abf PP.H3.abf PP.H4.abf 
 2.60e-28  5.35e-02  1.52e-29  1.24e-03  9.45e-01 
[1] "PP abf for shared variant: 94.5%"
   nsnps      hit1      hit2    PP.H0.abf PP.H1.abf    PP.H2.abf   PP.H3.abf
1:     2 rs1322639 rs1322639 2.596914e-28 0.0535246 1.518323e-29 0.001238918
   PP.H4.abf idx1 idx2
1: 0.9452365    1    1
[1] "ENSG00000261039.2"
[1] "LINC02544"
[1] "Adipose_Visceral_Omentum"
[1] "running liftOver"
[1] "Grabbing the all pairs data"
[1] "reading the all pairs data into R"
[1] 42 14
[1] "Filtering on the geneID"
[1] "adding rs numbers to the QTL data"
[1] "merging the trait and eqtl data on unique ID"
[1] "Running coloc"
PP.H0.abf PP.H1.abf PP.H2.abf PP.H3.abf PP.H4.abf 
 1.95e-28  8.01e-03  7.21e-29  1.96e-03  9.90e-01 
[1] "PP abf for shared variant: 99%"

Variables in credible sets:

 variable variable_prob cs
        1      0.897055  1
        2      0.102945  1

Credible sets summary:

 cs cs_log10bf cs_avg_r2 cs_min_r2 variable
  1   30.01307         1         1      1,2

Variables in credible sets:

 variable variable_prob cs
        2     0.7778984  1
        1     0.2221016  1

Credible sets summary:

 cs cs_log10bf cs_avg_r2 cs_min_r2 variable
  1   3.914206         1         1      1,2
PP.H0.abf PP.H1.abf PP.H2.abf PP.H3.abf PP.H4.abf 
 2.10e-29  4.32e-03  3.44e-29  5.11e-03  9.91e-01 
[1] "PP abf for shared variant: 99.1%"
   nsnps      hit1      hit2    PP.H0.abf  PP.H1.abf    PP.H2.abf  PP.H3.abf
1:     2 rs1322639 rs9689079 2.096445e-29 0.00432095 3.441273e-29 0.00511162
   PP.H4.abf idx1 idx2
1: 0.9905674    1    1
[1] "ENSG00000261039.2"
[1] "LINC02544"
[1] "Breast_Mammary_Tissue"
[1] "running liftOver"
[1] "Grabbing the all pairs data"
[1] "reading the all pairs data into R"
[1] 42 14
[1] "Filtering on the geneID"
[1] "adding rs numbers to the QTL data"
[1] "merging the trait and eqtl data on unique ID"
[1] "Running coloc"
PP.H0.abf PP.H1.abf PP.H2.abf PP.H3.abf PP.H4.abf 
 4.38e-28  1.76e-02  3.94e-29  6.03e-04  9.82e-01 
[1] "PP abf for shared variant: 98.2%"

Variables in credible sets:

 variable variable_prob cs
        1      0.897055  1
        2      0.102945  1

Credible sets summary:

 cs cs_log10bf cs_avg_r2 cs_min_r2 variable
  1   30.01307         1         1      1,2

Variables in credible sets:

 variable variable_prob cs
        1     0.7042744  1
        2     0.2957256  1

Credible sets summary:

 cs cs_log10bf cs_avg_r2 cs_min_r2 variable
  1   3.237007         1         1      1,2
PP.H0.abf PP.H1.abf PP.H2.abf PP.H3.abf PP.H4.abf 
 4.20e-29  8.67e-03  1.45e-29  1.01e-03  9.90e-01 
[1] "PP abf for shared variant: 99%"
   nsnps      hit1      hit2    PP.H0.abf  PP.H1.abf    PP.H2.abf   PP.H3.abf
1:     2 rs1322639 rs1322639 4.204117e-29 0.00866504 1.451149e-29 0.001010291
   PP.H4.abf idx1 idx2
1: 0.9903247    1    1
[1] "ENSG00000186340.14"
[1] "THBS2"
[1] "Artery_Aorta"
[1] "running liftOver"
[1] "Grabbing the all pairs data"
[1] "reading the all pairs data into R"
[1] 44 14
[1] "Filtering on the geneID"
[1] "adding rs numbers to the QTL data"
[1] "merging the trait and eqtl data on unique ID"
[1] "Running coloc"
PP.H0.abf PP.H1.abf PP.H2.abf PP.H3.abf PP.H4.abf 
 1.06e-27  4.42e-02  3.86e-29  6.63e-04  9.55e-01 
[1] "PP abf for shared variant: 95.5%"

Variables in credible sets:

 variable variable_prob cs
        1      0.897055  1
        2      0.102945  1

Credible sets summary:

 cs cs_log10bf cs_avg_r2 cs_min_r2 variable
  1   30.01307         1         1      1,2

Variables in credible sets:

 variable variable_prob cs
        1     0.6542028  1
        2     0.3457972  1

Credible sets summary:

 cs cs_log10bf cs_avg_r2 cs_min_r2 variable
  1    2.76202         1         1      1,2
PP.H0.abf PP.H1.abf PP.H2.abf PP.H3.abf PP.H4.abf 
 1.31e-28  2.70e-02  1.51e-29  1.18e-03  9.72e-01 
[1] "PP abf for shared variant: 97.2%"
   nsnps      hit1      hit2    PP.H0.abf  PP.H1.abf    PP.H2.abf   PP.H3.abf
1:     2 rs1322639 rs1322639 1.310269e-28 0.02700574 1.514993e-29 0.001178898
   PP.H4.abf idx1 idx2
1: 0.9718154    1    1
[1] "ENSG00000223485.2"
[1] "LINC01615"
[1] "Artery_Aorta"
[1] "running liftOver"
[1] "Grabbing the all pairs data"
[1] "reading the all pairs data into R"
[1] 44 14
[1] "Filtering on the geneID"
[1] "adding rs numbers to the QTL data"
[1] "merging the trait and eqtl data on unique ID"
[1] "Running coloc"
PP.H0.abf PP.H1.abf PP.H2.abf PP.H3.abf PP.H4.abf 
 7.08e-28  2.96e-02  3.96e-29  6.90e-04  9.70e-01 
[1] "PP abf for shared variant: 97%"

Variables in credible sets:

 variable variable_prob cs
        1      0.897055  1
        2      0.102945  1

Credible sets summary:

 cs cs_log10bf cs_avg_r2 cs_min_r2 variable
  1   30.01307         1         1      1,2

Variables in credible sets:

 variable variable_prob cs
        1     0.6442805  1
        2     0.3557195  1

Credible sets summary:

 cs cs_log10bf cs_avg_r2 cs_min_r2 variable
  1   3.015455         1         1      1,2
PP.H0.abf PP.H1.abf PP.H2.abf PP.H3.abf PP.H4.abf 
 7.49e-29  1.54e-02  1.55e-29  1.23e-03  9.83e-01 
[1] "PP abf for shared variant: 98.3%"
   nsnps      hit1      hit2    PP.H0.abf  PP.H1.abf    PP.H2.abf   PP.H3.abf
1:     2 rs1322639 rs1322639 7.491553e-29 0.01544072 1.552591e-29 0.001233369
   PP.H4.abf idx1 idx2
1: 0.9833259    1    1
[1] "ENSG00000261039.2"
[1] "LINC02544"
[1] "Artery_Aorta"
[1] "running liftOver"
[1] "Grabbing the all pairs data"
[1] "reading the all pairs data into R"
[1] 44 14
[1] "Filtering on the geneID"
[1] "adding rs numbers to the QTL data"
[1] "merging the trait and eqtl data on unique ID"
[1] "Running coloc"
PP.H0.abf PP.H1.abf PP.H2.abf PP.H3.abf PP.H4.abf 
 4.78e-32  2.00e-06  3.63e-29  5.20e-04  9.99e-01 
[1] "PP abf for shared variant: 99.9%"

Variables in credible sets:

 variable variable_prob cs
        1      0.897055  1
        2      0.102945  1

Credible sets summary:

 cs cs_log10bf cs_avg_r2 cs_min_r2 variable
  1   30.01307         1         1      1,2

Variables in credible sets:

 variable variable_prob cs
        1     0.7896136  1
        2     0.2103864  1

Credible sets summary:

 cs cs_log10bf cs_avg_r2 cs_min_r2 variable
  1   9.237112         1         1      1,2
PP.H0.abf PP.H1.abf PP.H2.abf PP.H3.abf PP.H4.abf 
 3.85e-35  7.93e-09  1.33e-29  7.39e-04  9.99e-01 
[1] "PP abf for shared variant: 99.9%"
   nsnps      hit1      hit2    PP.H0.abf    PP.H1.abf    PP.H2.abf
1:     2 rs1322639 rs1322639 3.847306e-35 7.929623e-09 1.328309e-29
      PP.H3.abf PP.H4.abf idx1 idx2
1: 0.0007392352 0.9992608    1    1
[1] "ENSG00000261039.2"
[1] "LINC02544"
[1] "Heart_Atrial_Appendage"
[1] "running liftOver"
[1] "Grabbing the all pairs data"
[1] "reading the all pairs data into R"
[1] 42 14
[1] "Filtering on the geneID"
[1] "adding rs numbers to the QTL data"
[1] "merging the trait and eqtl data on unique ID"
[1] "Running coloc"
PP.H0.abf PP.H1.abf PP.H2.abf PP.H3.abf PP.H4.abf 
 5.47e-30  2.28e-04  3.24e-29  3.53e-04  9.99e-01 
[1] "PP abf for shared variant: 99.9%"

Variables in credible sets:

 variable variable_prob cs
        1      0.897055  1
        2      0.102945  1

Credible sets summary:

 cs cs_log10bf cs_avg_r2 cs_min_r2 variable
  1   30.01307         1         1      1,2

Variables in credible sets:

 variable variable_prob cs
        1    0.90340228  1
        2    0.09659772  1

Credible sets summary:

 cs cs_log10bf cs_avg_r2 cs_min_r2 variable
  1   6.043188         1         1      1,2
PP.H0.abf PP.H1.abf PP.H2.abf PP.H3.abf PP.H4.abf 
 5.35e-32  1.10e-05  1.18e-29  4.38e-04  1.00e+00 
[1] "PP abf for shared variant: 100%"
   nsnps      hit1      hit2    PP.H0.abf    PP.H1.abf   PP.H2.abf    PP.H3.abf
1:     2 rs1322639 rs1322639 5.352099e-32 1.103113e-05 1.18234e-29 0.0004377998
   PP.H4.abf idx1 idx2
1: 0.9995512    1    1
[1] "ENSG00000261039.2"
[1] "LINC02544"
[1] "Artery_Coronary"
[1] "running liftOver"
[1] "Grabbing the all pairs data"
[1] "reading the all pairs data into R"
[1] 44 14
[1] "Filtering on the geneID"
[1] "adding rs numbers to the QTL data"
[1] "merging the trait and eqtl data on unique ID"
[1] "Running coloc"
PP.H0.abf PP.H1.abf PP.H2.abf PP.H3.abf PP.H4.abf 
 8.64e-27  3.53e-01  2.81e-29  5.02e-04  6.46e-01 
[1] "PP abf for shared variant: 64.6%"

Variables in credible sets:

 variable variable_prob cs
        1      0.897055  1
        2      0.102945  1

Credible sets summary:

 cs cs_log10bf cs_avg_r2 cs_min_r2 variable
  1   30.01307         1         1      1,2

Variables in credible sets:

 variable variable_prob cs
        1     0.6242707  1
        2     0.3757293  1

Credible sets summary:

 cs cs_log10bf cs_avg_r2 cs_min_r2 variable
  1   1.663188         1         1      1,2
PP.H0.abf PP.H1.abf PP.H2.abf PP.H3.abf PP.H4.abf 
 1.29e-27  2.66e-01  1.19e-29  9.83e-04  7.33e-01 
[1] "PP abf for shared variant: 73.3%"
   nsnps      hit1      hit2    PP.H0.abf PP.H1.abf    PP.H2.abf   PP.H3.abf
1:     2 rs1322639 rs1322639 1.290248e-27 0.2659311 1.188204e-29 0.000982817
   PP.H4.abf idx1 idx2
1: 0.7330861    1    1
